[2023-12-20T17:52:47.565+0600] {processor.py:161} INFO - Started process (PID=66280) to work on /home/robin/Documents/Tanjim/Miscellaneous Projects/airflow_docker/airflow_in_python_env/env/lib/python3.10/site-packages/airflow/example_dags/plugins/event_listener.py
[2023-12-20T17:52:47.567+0600] {processor.py:830} INFO - Processing file /home/robin/Documents/Tanjim/Miscellaneous Projects/airflow_docker/airflow_in_python_env/env/lib/python3.10/site-packages/airflow/example_dags/plugins/event_listener.py for tasks to queue
[2023-12-20T17:52:47.568+0600] {logging_mixin.py:188} INFO - [2023-12-20T17:52:47.568+0600] {dagbag.py:538} INFO - Filling up the DagBag from /home/robin/Documents/Tanjim/Miscellaneous Projects/airflow_docker/airflow_in_python_env/env/lib/python3.10/site-packages/airflow/example_dags/plugins/event_listener.py
[2023-12-20T17:52:47.573+0600] {processor.py:842} WARNING - No viable dags retrieved from /home/robin/Documents/Tanjim/Miscellaneous Projects/airflow_docker/airflow_in_python_env/env/lib/python3.10/site-packages/airflow/example_dags/plugins/event_listener.py
[2023-12-20T17:52:47.587+0600] {processor.py:183} INFO - Processing /home/robin/Documents/Tanjim/Miscellaneous Projects/airflow_docker/airflow_in_python_env/env/lib/python3.10/site-packages/airflow/example_dags/plugins/event_listener.py took 0.028 seconds
[2023-12-20T17:58:02.780+0600] {processor.py:161} INFO - Started process (PID=66879) to work on /home/robin/Documents/Tanjim/Miscellaneous Projects/airflow_docker/airflow_in_python_env/env/lib/python3.10/site-packages/airflow/example_dags/plugins/event_listener.py
[2023-12-20T17:58:02.788+0600] {processor.py:830} INFO - Processing file /home/robin/Documents/Tanjim/Miscellaneous Projects/airflow_docker/airflow_in_python_env/env/lib/python3.10/site-packages/airflow/example_dags/plugins/event_listener.py for tasks to queue
[2023-12-20T17:58:02.789+0600] {logging_mixin.py:188} INFO - [2023-12-20T17:58:02.788+0600] {dagbag.py:538} INFO - Filling up the DagBag from /home/robin/Documents/Tanjim/Miscellaneous Projects/airflow_docker/airflow_in_python_env/env/lib/python3.10/site-packages/airflow/example_dags/plugins/event_listener.py
[2023-12-20T17:58:02.791+0600] {processor.py:842} WARNING - No viable dags retrieved from /home/robin/Documents/Tanjim/Miscellaneous Projects/airflow_docker/airflow_in_python_env/env/lib/python3.10/site-packages/airflow/example_dags/plugins/event_listener.py
[2023-12-20T17:58:02.801+0600] {processor.py:183} INFO - Processing /home/robin/Documents/Tanjim/Miscellaneous Projects/airflow_docker/airflow_in_python_env/env/lib/python3.10/site-packages/airflow/example_dags/plugins/event_listener.py took 0.025 seconds
[2023-12-20T17:59:01.425+0600] {processor.py:161} INFO - Started process (PID=67193) to work on /home/robin/Documents/Tanjim/Miscellaneous Projects/airflow_docker/airflow_in_python_env/env/lib/python3.10/site-packages/airflow/example_dags/plugins/event_listener.py
[2023-12-20T17:59:01.437+0600] {processor.py:830} INFO - Processing file /home/robin/Documents/Tanjim/Miscellaneous Projects/airflow_docker/airflow_in_python_env/env/lib/python3.10/site-packages/airflow/example_dags/plugins/event_listener.py for tasks to queue
[2023-12-20T17:59:01.453+0600] {logging_mixin.py:188} INFO - [2023-12-20T17:59:01.447+0600] {dagbag.py:538} INFO - Filling up the DagBag from /home/robin/Documents/Tanjim/Miscellaneous Projects/airflow_docker/airflow_in_python_env/env/lib/python3.10/site-packages/airflow/example_dags/plugins/event_listener.py
[2023-12-20T17:59:01.470+0600] {processor.py:842} WARNING - No viable dags retrieved from /home/robin/Documents/Tanjim/Miscellaneous Projects/airflow_docker/airflow_in_python_env/env/lib/python3.10/site-packages/airflow/example_dags/plugins/event_listener.py
[2023-12-20T17:59:01.494+0600] {processor.py:183} INFO - Processing /home/robin/Documents/Tanjim/Miscellaneous Projects/airflow_docker/airflow_in_python_env/env/lib/python3.10/site-packages/airflow/example_dags/plugins/event_listener.py took 0.074 seconds
[2023-12-20T17:59:51.109+0600] {processor.py:161} INFO - Started process (PID=67424) to work on /home/robin/Documents/Tanjim/Miscellaneous Projects/airflow_docker/airflow_in_python_env/env/lib/python3.10/site-packages/airflow/example_dags/plugins/event_listener.py
[2023-12-20T17:59:51.111+0600] {processor.py:830} INFO - Processing file /home/robin/Documents/Tanjim/Miscellaneous Projects/airflow_docker/airflow_in_python_env/env/lib/python3.10/site-packages/airflow/example_dags/plugins/event_listener.py for tasks to queue
[2023-12-20T17:59:51.112+0600] {logging_mixin.py:188} INFO - [2023-12-20T17:59:51.111+0600] {dagbag.py:538} INFO - Filling up the DagBag from /home/robin/Documents/Tanjim/Miscellaneous Projects/airflow_docker/airflow_in_python_env/env/lib/python3.10/site-packages/airflow/example_dags/plugins/event_listener.py
[2023-12-20T17:59:51.117+0600] {processor.py:842} WARNING - No viable dags retrieved from /home/robin/Documents/Tanjim/Miscellaneous Projects/airflow_docker/airflow_in_python_env/env/lib/python3.10/site-packages/airflow/example_dags/plugins/event_listener.py
[2023-12-20T17:59:51.138+0600] {processor.py:183} INFO - Processing /home/robin/Documents/Tanjim/Miscellaneous Projects/airflow_docker/airflow_in_python_env/env/lib/python3.10/site-packages/airflow/example_dags/plugins/event_listener.py took 0.035 seconds
[2023-12-20T18:00:41.799+0600] {processor.py:161} INFO - Started process (PID=67552) to work on /home/robin/Documents/Tanjim/Miscellaneous Projects/airflow_docker/airflow_in_python_env/env/lib/python3.10/site-packages/airflow/example_dags/plugins/event_listener.py
[2023-12-20T18:00:41.808+0600] {processor.py:830} INFO - Processing file /home/robin/Documents/Tanjim/Miscellaneous Projects/airflow_docker/airflow_in_python_env/env/lib/python3.10/site-packages/airflow/example_dags/plugins/event_listener.py for tasks to queue
[2023-12-20T18:00:41.810+0600] {logging_mixin.py:188} INFO - [2023-12-20T18:00:41.809+0600] {dagbag.py:538} INFO - Filling up the DagBag from /home/robin/Documents/Tanjim/Miscellaneous Projects/airflow_docker/airflow_in_python_env/env/lib/python3.10/site-packages/airflow/example_dags/plugins/event_listener.py
[2023-12-20T18:00:41.816+0600] {processor.py:842} WARNING - No viable dags retrieved from /home/robin/Documents/Tanjim/Miscellaneous Projects/airflow_docker/airflow_in_python_env/env/lib/python3.10/site-packages/airflow/example_dags/plugins/event_listener.py
[2023-12-20T18:00:41.838+0600] {processor.py:183} INFO - Processing /home/robin/Documents/Tanjim/Miscellaneous Projects/airflow_docker/airflow_in_python_env/env/lib/python3.10/site-packages/airflow/example_dags/plugins/event_listener.py took 0.048 seconds
[2023-12-20T18:01:33.224+0600] {processor.py:161} INFO - Started process (PID=68168) to work on /home/robin/Documents/Tanjim/Miscellaneous Projects/airflow_docker/airflow_in_python_env/env/lib/python3.10/site-packages/airflow/example_dags/plugins/event_listener.py
[2023-12-20T18:01:33.232+0600] {processor.py:830} INFO - Processing file /home/robin/Documents/Tanjim/Miscellaneous Projects/airflow_docker/airflow_in_python_env/env/lib/python3.10/site-packages/airflow/example_dags/plugins/event_listener.py for tasks to queue
[2023-12-20T18:01:33.233+0600] {logging_mixin.py:188} INFO - [2023-12-20T18:01:33.233+0600] {dagbag.py:538} INFO - Filling up the DagBag from /home/robin/Documents/Tanjim/Miscellaneous Projects/airflow_docker/airflow_in_python_env/env/lib/python3.10/site-packages/airflow/example_dags/plugins/event_listener.py
[2023-12-20T18:01:33.237+0600] {processor.py:842} WARNING - No viable dags retrieved from /home/robin/Documents/Tanjim/Miscellaneous Projects/airflow_docker/airflow_in_python_env/env/lib/python3.10/site-packages/airflow/example_dags/plugins/event_listener.py
[2023-12-20T18:01:33.254+0600] {processor.py:183} INFO - Processing /home/robin/Documents/Tanjim/Miscellaneous Projects/airflow_docker/airflow_in_python_env/env/lib/python3.10/site-packages/airflow/example_dags/plugins/event_listener.py took 0.035 seconds
[2023-12-20T18:02:22.133+0600] {processor.py:161} INFO - Started process (PID=68700) to work on /home/robin/Documents/Tanjim/Miscellaneous Projects/airflow_docker/airflow_in_python_env/env/lib/python3.10/site-packages/airflow/example_dags/plugins/event_listener.py
[2023-12-20T18:02:22.145+0600] {processor.py:830} INFO - Processing file /home/robin/Documents/Tanjim/Miscellaneous Projects/airflow_docker/airflow_in_python_env/env/lib/python3.10/site-packages/airflow/example_dags/plugins/event_listener.py for tasks to queue
[2023-12-20T18:02:22.147+0600] {logging_mixin.py:188} INFO - [2023-12-20T18:02:22.146+0600] {dagbag.py:538} INFO - Filling up the DagBag from /home/robin/Documents/Tanjim/Miscellaneous Projects/airflow_docker/airflow_in_python_env/env/lib/python3.10/site-packages/airflow/example_dags/plugins/event_listener.py
[2023-12-20T18:02:22.152+0600] {processor.py:842} WARNING - No viable dags retrieved from /home/robin/Documents/Tanjim/Miscellaneous Projects/airflow_docker/airflow_in_python_env/env/lib/python3.10/site-packages/airflow/example_dags/plugins/event_listener.py
[2023-12-20T18:02:22.171+0600] {processor.py:183} INFO - Processing /home/robin/Documents/Tanjim/Miscellaneous Projects/airflow_docker/airflow_in_python_env/env/lib/python3.10/site-packages/airflow/example_dags/plugins/event_listener.py took 0.050 seconds
[2023-12-20T18:03:01.697+0600] {processor.py:161} INFO - Started process (PID=69072) to work on /home/robin/Documents/Tanjim/Miscellaneous Projects/airflow_docker/airflow_in_python_env/env/lib/python3.10/site-packages/airflow/example_dags/plugins/event_listener.py
[2023-12-20T18:03:01.707+0600] {processor.py:830} INFO - Processing file /home/robin/Documents/Tanjim/Miscellaneous Projects/airflow_docker/airflow_in_python_env/env/lib/python3.10/site-packages/airflow/example_dags/plugins/event_listener.py for tasks to queue
[2023-12-20T18:03:01.710+0600] {logging_mixin.py:188} INFO - [2023-12-20T18:03:01.709+0600] {dagbag.py:538} INFO - Filling up the DagBag from /home/robin/Documents/Tanjim/Miscellaneous Projects/airflow_docker/airflow_in_python_env/env/lib/python3.10/site-packages/airflow/example_dags/plugins/event_listener.py
[2023-12-20T18:03:01.718+0600] {processor.py:842} WARNING - No viable dags retrieved from /home/robin/Documents/Tanjim/Miscellaneous Projects/airflow_docker/airflow_in_python_env/env/lib/python3.10/site-packages/airflow/example_dags/plugins/event_listener.py
[2023-12-20T18:03:01.747+0600] {processor.py:183} INFO - Processing /home/robin/Documents/Tanjim/Miscellaneous Projects/airflow_docker/airflow_in_python_env/env/lib/python3.10/site-packages/airflow/example_dags/plugins/event_listener.py took 0.059 seconds
[2023-12-20T18:03:48.329+0600] {processor.py:161} INFO - Started process (PID=69289) to work on /home/robin/Documents/Tanjim/Miscellaneous Projects/airflow_docker/airflow_in_python_env/env/lib/python3.10/site-packages/airflow/example_dags/plugins/event_listener.py
[2023-12-20T18:03:48.338+0600] {processor.py:830} INFO - Processing file /home/robin/Documents/Tanjim/Miscellaneous Projects/airflow_docker/airflow_in_python_env/env/lib/python3.10/site-packages/airflow/example_dags/plugins/event_listener.py for tasks to queue
[2023-12-20T18:03:48.340+0600] {logging_mixin.py:188} INFO - [2023-12-20T18:03:48.339+0600] {dagbag.py:538} INFO - Filling up the DagBag from /home/robin/Documents/Tanjim/Miscellaneous Projects/airflow_docker/airflow_in_python_env/env/lib/python3.10/site-packages/airflow/example_dags/plugins/event_listener.py
[2023-12-20T18:03:48.344+0600] {processor.py:842} WARNING - No viable dags retrieved from /home/robin/Documents/Tanjim/Miscellaneous Projects/airflow_docker/airflow_in_python_env/env/lib/python3.10/site-packages/airflow/example_dags/plugins/event_listener.py
[2023-12-20T18:03:48.359+0600] {processor.py:183} INFO - Processing /home/robin/Documents/Tanjim/Miscellaneous Projects/airflow_docker/airflow_in_python_env/env/lib/python3.10/site-packages/airflow/example_dags/plugins/event_listener.py took 0.039 seconds
[2023-12-20T18:04:35.520+0600] {processor.py:161} INFO - Started process (PID=69550) to work on /home/robin/Documents/Tanjim/Miscellaneous Projects/airflow_docker/airflow_in_python_env/env/lib/python3.10/site-packages/airflow/example_dags/plugins/event_listener.py
[2023-12-20T18:04:35.524+0600] {processor.py:830} INFO - Processing file /home/robin/Documents/Tanjim/Miscellaneous Projects/airflow_docker/airflow_in_python_env/env/lib/python3.10/site-packages/airflow/example_dags/plugins/event_listener.py for tasks to queue
[2023-12-20T18:04:35.526+0600] {logging_mixin.py:188} INFO - [2023-12-20T18:04:35.525+0600] {dagbag.py:538} INFO - Filling up the DagBag from /home/robin/Documents/Tanjim/Miscellaneous Projects/airflow_docker/airflow_in_python_env/env/lib/python3.10/site-packages/airflow/example_dags/plugins/event_listener.py
[2023-12-20T18:04:35.535+0600] {processor.py:842} WARNING - No viable dags retrieved from /home/robin/Documents/Tanjim/Miscellaneous Projects/airflow_docker/airflow_in_python_env/env/lib/python3.10/site-packages/airflow/example_dags/plugins/event_listener.py
[2023-12-20T18:04:35.555+0600] {processor.py:183} INFO - Processing /home/robin/Documents/Tanjim/Miscellaneous Projects/airflow_docker/airflow_in_python_env/env/lib/python3.10/site-packages/airflow/example_dags/plugins/event_listener.py took 0.044 seconds
[2023-12-20T18:05:49.213+0600] {processor.py:161} INFO - Started process (PID=70059) to work on /home/robin/Documents/Tanjim/Miscellaneous Projects/airflow_docker/airflow_in_python_env/env/lib/python3.10/site-packages/airflow/example_dags/plugins/event_listener.py
[2023-12-20T18:05:49.221+0600] {processor.py:830} INFO - Processing file /home/robin/Documents/Tanjim/Miscellaneous Projects/airflow_docker/airflow_in_python_env/env/lib/python3.10/site-packages/airflow/example_dags/plugins/event_listener.py for tasks to queue
[2023-12-20T18:05:49.223+0600] {logging_mixin.py:188} INFO - [2023-12-20T18:05:49.222+0600] {dagbag.py:538} INFO - Filling up the DagBag from /home/robin/Documents/Tanjim/Miscellaneous Projects/airflow_docker/airflow_in_python_env/env/lib/python3.10/site-packages/airflow/example_dags/plugins/event_listener.py
[2023-12-20T18:05:49.227+0600] {processor.py:842} WARNING - No viable dags retrieved from /home/robin/Documents/Tanjim/Miscellaneous Projects/airflow_docker/airflow_in_python_env/env/lib/python3.10/site-packages/airflow/example_dags/plugins/event_listener.py
[2023-12-20T18:05:49.238+0600] {processor.py:183} INFO - Processing /home/robin/Documents/Tanjim/Miscellaneous Projects/airflow_docker/airflow_in_python_env/env/lib/python3.10/site-packages/airflow/example_dags/plugins/event_listener.py took 0.029 seconds
[2023-12-20T18:10:07.593+0600] {processor.py:161} INFO - Started process (PID=70754) to work on /home/robin/Documents/Tanjim/Miscellaneous Projects/airflow_docker/airflow_in_python_env/env/lib/python3.10/site-packages/airflow/example_dags/plugins/event_listener.py
[2023-12-20T18:10:07.602+0600] {processor.py:830} INFO - Processing file /home/robin/Documents/Tanjim/Miscellaneous Projects/airflow_docker/airflow_in_python_env/env/lib/python3.10/site-packages/airflow/example_dags/plugins/event_listener.py for tasks to queue
[2023-12-20T18:10:07.604+0600] {logging_mixin.py:188} INFO - [2023-12-20T18:10:07.603+0600] {dagbag.py:538} INFO - Filling up the DagBag from /home/robin/Documents/Tanjim/Miscellaneous Projects/airflow_docker/airflow_in_python_env/env/lib/python3.10/site-packages/airflow/example_dags/plugins/event_listener.py
[2023-12-20T18:10:07.608+0600] {processor.py:842} WARNING - No viable dags retrieved from /home/robin/Documents/Tanjim/Miscellaneous Projects/airflow_docker/airflow_in_python_env/env/lib/python3.10/site-packages/airflow/example_dags/plugins/event_listener.py
[2023-12-20T18:10:07.625+0600] {processor.py:183} INFO - Processing /home/robin/Documents/Tanjim/Miscellaneous Projects/airflow_docker/airflow_in_python_env/env/lib/python3.10/site-packages/airflow/example_dags/plugins/event_listener.py took 0.037 seconds
[2023-12-20T18:18:00.309+0600] {processor.py:161} INFO - Started process (PID=71996) to work on /home/robin/Documents/Tanjim/Miscellaneous Projects/airflow_docker/airflow_in_python_env/env/lib/python3.10/site-packages/airflow/example_dags/plugins/event_listener.py
[2023-12-20T18:18:00.319+0600] {processor.py:830} INFO - Processing file /home/robin/Documents/Tanjim/Miscellaneous Projects/airflow_docker/airflow_in_python_env/env/lib/python3.10/site-packages/airflow/example_dags/plugins/event_listener.py for tasks to queue
[2023-12-20T18:18:00.320+0600] {logging_mixin.py:188} INFO - [2023-12-20T18:18:00.320+0600] {dagbag.py:538} INFO - Filling up the DagBag from /home/robin/Documents/Tanjim/Miscellaneous Projects/airflow_docker/airflow_in_python_env/env/lib/python3.10/site-packages/airflow/example_dags/plugins/event_listener.py
[2023-12-20T18:18:00.325+0600] {processor.py:842} WARNING - No viable dags retrieved from /home/robin/Documents/Tanjim/Miscellaneous Projects/airflow_docker/airflow_in_python_env/env/lib/python3.10/site-packages/airflow/example_dags/plugins/event_listener.py
[2023-12-20T18:18:00.341+0600] {processor.py:183} INFO - Processing /home/robin/Documents/Tanjim/Miscellaneous Projects/airflow_docker/airflow_in_python_env/env/lib/python3.10/site-packages/airflow/example_dags/plugins/event_listener.py took 0.038 seconds
[2023-12-20T18:18:56.052+0600] {processor.py:161} INFO - Started process (PID=72210) to work on /home/robin/Documents/Tanjim/Miscellaneous Projects/airflow_docker/airflow_in_python_env/env/lib/python3.10/site-packages/airflow/example_dags/plugins/event_listener.py
[2023-12-20T18:18:56.063+0600] {processor.py:830} INFO - Processing file /home/robin/Documents/Tanjim/Miscellaneous Projects/airflow_docker/airflow_in_python_env/env/lib/python3.10/site-packages/airflow/example_dags/plugins/event_listener.py for tasks to queue
[2023-12-20T18:18:56.070+0600] {logging_mixin.py:188} INFO - [2023-12-20T18:18:56.067+0600] {dagbag.py:538} INFO - Filling up the DagBag from /home/robin/Documents/Tanjim/Miscellaneous Projects/airflow_docker/airflow_in_python_env/env/lib/python3.10/site-packages/airflow/example_dags/plugins/event_listener.py
[2023-12-20T18:18:56.087+0600] {processor.py:842} WARNING - No viable dags retrieved from /home/robin/Documents/Tanjim/Miscellaneous Projects/airflow_docker/airflow_in_python_env/env/lib/python3.10/site-packages/airflow/example_dags/plugins/event_listener.py
[2023-12-20T18:18:56.128+0600] {processor.py:183} INFO - Processing /home/robin/Documents/Tanjim/Miscellaneous Projects/airflow_docker/airflow_in_python_env/env/lib/python3.10/site-packages/airflow/example_dags/plugins/event_listener.py took 0.081 seconds
[2023-12-20T18:19:49.514+0600] {processor.py:161} INFO - Started process (PID=72347) to work on /home/robin/Documents/Tanjim/Miscellaneous Projects/airflow_docker/airflow_in_python_env/env/lib/python3.10/site-packages/airflow/example_dags/plugins/event_listener.py
[2023-12-20T18:19:49.523+0600] {processor.py:830} INFO - Processing file /home/robin/Documents/Tanjim/Miscellaneous Projects/airflow_docker/airflow_in_python_env/env/lib/python3.10/site-packages/airflow/example_dags/plugins/event_listener.py for tasks to queue
[2023-12-20T18:19:49.524+0600] {logging_mixin.py:188} INFO - [2023-12-20T18:19:49.524+0600] {dagbag.py:538} INFO - Filling up the DagBag from /home/robin/Documents/Tanjim/Miscellaneous Projects/airflow_docker/airflow_in_python_env/env/lib/python3.10/site-packages/airflow/example_dags/plugins/event_listener.py
[2023-12-20T18:19:49.528+0600] {processor.py:842} WARNING - No viable dags retrieved from /home/robin/Documents/Tanjim/Miscellaneous Projects/airflow_docker/airflow_in_python_env/env/lib/python3.10/site-packages/airflow/example_dags/plugins/event_listener.py
[2023-12-20T18:19:49.548+0600] {processor.py:183} INFO - Processing /home/robin/Documents/Tanjim/Miscellaneous Projects/airflow_docker/airflow_in_python_env/env/lib/python3.10/site-packages/airflow/example_dags/plugins/event_listener.py took 0.041 seconds
[2023-12-20T18:20:38.993+0600] {processor.py:161} INFO - Started process (PID=72503) to work on /home/robin/Documents/Tanjim/Miscellaneous Projects/airflow_docker/airflow_in_python_env/env/lib/python3.10/site-packages/airflow/example_dags/plugins/event_listener.py
[2023-12-20T18:20:39.001+0600] {processor.py:830} INFO - Processing file /home/robin/Documents/Tanjim/Miscellaneous Projects/airflow_docker/airflow_in_python_env/env/lib/python3.10/site-packages/airflow/example_dags/plugins/event_listener.py for tasks to queue
[2023-12-20T18:20:39.002+0600] {logging_mixin.py:188} INFO - [2023-12-20T18:20:39.002+0600] {dagbag.py:538} INFO - Filling up the DagBag from /home/robin/Documents/Tanjim/Miscellaneous Projects/airflow_docker/airflow_in_python_env/env/lib/python3.10/site-packages/airflow/example_dags/plugins/event_listener.py
[2023-12-20T18:20:39.005+0600] {processor.py:842} WARNING - No viable dags retrieved from /home/robin/Documents/Tanjim/Miscellaneous Projects/airflow_docker/airflow_in_python_env/env/lib/python3.10/site-packages/airflow/example_dags/plugins/event_listener.py
[2023-12-20T18:20:39.018+0600] {processor.py:183} INFO - Processing /home/robin/Documents/Tanjim/Miscellaneous Projects/airflow_docker/airflow_in_python_env/env/lib/python3.10/site-packages/airflow/example_dags/plugins/event_listener.py took 0.029 seconds
[2023-12-20T18:21:57.524+0600] {processor.py:161} INFO - Started process (PID=72786) to work on /home/robin/Documents/Tanjim/Miscellaneous Projects/airflow_docker/airflow_in_python_env/env/lib/python3.10/site-packages/airflow/example_dags/plugins/event_listener.py
[2023-12-20T18:21:57.533+0600] {processor.py:830} INFO - Processing file /home/robin/Documents/Tanjim/Miscellaneous Projects/airflow_docker/airflow_in_python_env/env/lib/python3.10/site-packages/airflow/example_dags/plugins/event_listener.py for tasks to queue
[2023-12-20T18:21:57.534+0600] {logging_mixin.py:188} INFO - [2023-12-20T18:21:57.533+0600] {dagbag.py:538} INFO - Filling up the DagBag from /home/robin/Documents/Tanjim/Miscellaneous Projects/airflow_docker/airflow_in_python_env/env/lib/python3.10/site-packages/airflow/example_dags/plugins/event_listener.py
[2023-12-20T18:21:57.537+0600] {processor.py:842} WARNING - No viable dags retrieved from /home/robin/Documents/Tanjim/Miscellaneous Projects/airflow_docker/airflow_in_python_env/env/lib/python3.10/site-packages/airflow/example_dags/plugins/event_listener.py
[2023-12-20T18:21:57.550+0600] {processor.py:183} INFO - Processing /home/robin/Documents/Tanjim/Miscellaneous Projects/airflow_docker/airflow_in_python_env/env/lib/python3.10/site-packages/airflow/example_dags/plugins/event_listener.py took 0.029 seconds
[2023-12-20T18:23:49.604+0600] {processor.py:161} INFO - Started process (PID=73322) to work on /home/robin/Documents/Tanjim/Miscellaneous Projects/airflow_docker/airflow_in_python_env/env/lib/python3.10/site-packages/airflow/example_dags/plugins/event_listener.py
[2023-12-20T18:23:49.613+0600] {processor.py:830} INFO - Processing file /home/robin/Documents/Tanjim/Miscellaneous Projects/airflow_docker/airflow_in_python_env/env/lib/python3.10/site-packages/airflow/example_dags/plugins/event_listener.py for tasks to queue
[2023-12-20T18:23:49.615+0600] {logging_mixin.py:188} INFO - [2023-12-20T18:23:49.614+0600] {dagbag.py:538} INFO - Filling up the DagBag from /home/robin/Documents/Tanjim/Miscellaneous Projects/airflow_docker/airflow_in_python_env/env/lib/python3.10/site-packages/airflow/example_dags/plugins/event_listener.py
[2023-12-20T18:23:49.618+0600] {processor.py:842} WARNING - No viable dags retrieved from /home/robin/Documents/Tanjim/Miscellaneous Projects/airflow_docker/airflow_in_python_env/env/lib/python3.10/site-packages/airflow/example_dags/plugins/event_listener.py
[2023-12-20T18:23:49.631+0600] {processor.py:183} INFO - Processing /home/robin/Documents/Tanjim/Miscellaneous Projects/airflow_docker/airflow_in_python_env/env/lib/python3.10/site-packages/airflow/example_dags/plugins/event_listener.py took 0.030 seconds
[2023-12-20T18:26:53.037+0600] {processor.py:161} INFO - Started process (PID=74136) to work on /home/robin/Documents/Tanjim/Miscellaneous Projects/airflow_docker/airflow_in_python_env/env/lib/python3.10/site-packages/airflow/example_dags/plugins/event_listener.py
[2023-12-20T18:26:53.045+0600] {processor.py:830} INFO - Processing file /home/robin/Documents/Tanjim/Miscellaneous Projects/airflow_docker/airflow_in_python_env/env/lib/python3.10/site-packages/airflow/example_dags/plugins/event_listener.py for tasks to queue
[2023-12-20T18:26:53.046+0600] {logging_mixin.py:188} INFO - [2023-12-20T18:26:53.046+0600] {dagbag.py:538} INFO - Filling up the DagBag from /home/robin/Documents/Tanjim/Miscellaneous Projects/airflow_docker/airflow_in_python_env/env/lib/python3.10/site-packages/airflow/example_dags/plugins/event_listener.py
[2023-12-20T18:26:53.049+0600] {processor.py:842} WARNING - No viable dags retrieved from /home/robin/Documents/Tanjim/Miscellaneous Projects/airflow_docker/airflow_in_python_env/env/lib/python3.10/site-packages/airflow/example_dags/plugins/event_listener.py
[2023-12-20T18:26:53.061+0600] {processor.py:183} INFO - Processing /home/robin/Documents/Tanjim/Miscellaneous Projects/airflow_docker/airflow_in_python_env/env/lib/python3.10/site-packages/airflow/example_dags/plugins/event_listener.py took 0.027 seconds
[2023-12-20T18:28:28.992+0600] {processor.py:161} INFO - Started process (PID=74679) to work on /home/robin/Documents/Tanjim/Miscellaneous Projects/airflow_docker/airflow_in_python_env/env/lib/python3.10/site-packages/airflow/example_dags/plugins/event_listener.py
[2023-12-20T18:28:29.001+0600] {processor.py:830} INFO - Processing file /home/robin/Documents/Tanjim/Miscellaneous Projects/airflow_docker/airflow_in_python_env/env/lib/python3.10/site-packages/airflow/example_dags/plugins/event_listener.py for tasks to queue
[2023-12-20T18:28:29.002+0600] {logging_mixin.py:188} INFO - [2023-12-20T18:28:29.001+0600] {dagbag.py:538} INFO - Filling up the DagBag from /home/robin/Documents/Tanjim/Miscellaneous Projects/airflow_docker/airflow_in_python_env/env/lib/python3.10/site-packages/airflow/example_dags/plugins/event_listener.py
[2023-12-20T18:28:29.005+0600] {processor.py:842} WARNING - No viable dags retrieved from /home/robin/Documents/Tanjim/Miscellaneous Projects/airflow_docker/airflow_in_python_env/env/lib/python3.10/site-packages/airflow/example_dags/plugins/event_listener.py
[2023-12-20T18:28:29.018+0600] {processor.py:183} INFO - Processing /home/robin/Documents/Tanjim/Miscellaneous Projects/airflow_docker/airflow_in_python_env/env/lib/python3.10/site-packages/airflow/example_dags/plugins/event_listener.py took 0.030 seconds
[2023-12-20T18:29:49.257+0600] {processor.py:161} INFO - Started process (PID=75520) to work on /home/robin/Documents/Tanjim/Miscellaneous Projects/airflow_docker/airflow_in_python_env/env/lib/python3.10/site-packages/airflow/example_dags/plugins/event_listener.py
[2023-12-20T18:29:49.259+0600] {processor.py:830} INFO - Processing file /home/robin/Documents/Tanjim/Miscellaneous Projects/airflow_docker/airflow_in_python_env/env/lib/python3.10/site-packages/airflow/example_dags/plugins/event_listener.py for tasks to queue
[2023-12-20T18:29:49.261+0600] {logging_mixin.py:188} INFO - [2023-12-20T18:29:49.260+0600] {dagbag.py:538} INFO - Filling up the DagBag from /home/robin/Documents/Tanjim/Miscellaneous Projects/airflow_docker/airflow_in_python_env/env/lib/python3.10/site-packages/airflow/example_dags/plugins/event_listener.py
[2023-12-20T18:29:49.266+0600] {processor.py:842} WARNING - No viable dags retrieved from /home/robin/Documents/Tanjim/Miscellaneous Projects/airflow_docker/airflow_in_python_env/env/lib/python3.10/site-packages/airflow/example_dags/plugins/event_listener.py
[2023-12-20T18:29:49.287+0600] {processor.py:183} INFO - Processing /home/robin/Documents/Tanjim/Miscellaneous Projects/airflow_docker/airflow_in_python_env/env/lib/python3.10/site-packages/airflow/example_dags/plugins/event_listener.py took 0.037 seconds
