[2023-12-20T17:52:46.353+0600] {processor.py:161} INFO - Started process (PID=66279) to work on /home/robin/Documents/Tanjim/Miscellaneous Projects/airflow_docker/airflow_in_python_env/env/lib/python3.10/site-packages/airflow/example_dags/plugins/workday.py
[2023-12-20T17:52:46.354+0600] {processor.py:830} INFO - Processing file /home/robin/Documents/Tanjim/Miscellaneous Projects/airflow_docker/airflow_in_python_env/env/lib/python3.10/site-packages/airflow/example_dags/plugins/workday.py for tasks to queue
[2023-12-20T17:52:46.355+0600] {logging_mixin.py:188} INFO - [2023-12-20T17:52:46.355+0600] {dagbag.py:538} INFO - Filling up the DagBag from /home/robin/Documents/Tanjim/Miscellaneous Projects/airflow_docker/airflow_in_python_env/env/lib/python3.10/site-packages/airflow/example_dags/plugins/workday.py
[2023-12-20T17:52:46.358+0600] {logging_mixin.py:188} INFO - [2023-12-20T17:52:46.358+0600] {workday.py:40} WARNING - Could not import pandas. Holidays will not be considered.
[2023-12-20T17:52:46.359+0600] {processor.py:842} WARNING - No viable dags retrieved from /home/robin/Documents/Tanjim/Miscellaneous Projects/airflow_docker/airflow_in_python_env/env/lib/python3.10/site-packages/airflow/example_dags/plugins/workday.py
[2023-12-20T17:52:46.370+0600] {processor.py:183} INFO - Processing /home/robin/Documents/Tanjim/Miscellaneous Projects/airflow_docker/airflow_in_python_env/env/lib/python3.10/site-packages/airflow/example_dags/plugins/workday.py took 0.021 seconds
[2023-12-20T17:58:01.639+0600] {processor.py:161} INFO - Started process (PID=66877) to work on /home/robin/Documents/Tanjim/Miscellaneous Projects/airflow_docker/airflow_in_python_env/env/lib/python3.10/site-packages/airflow/example_dags/plugins/workday.py
[2023-12-20T17:58:01.647+0600] {processor.py:830} INFO - Processing file /home/robin/Documents/Tanjim/Miscellaneous Projects/airflow_docker/airflow_in_python_env/env/lib/python3.10/site-packages/airflow/example_dags/plugins/workday.py for tasks to queue
[2023-12-20T17:58:01.648+0600] {logging_mixin.py:188} INFO - [2023-12-20T17:58:01.648+0600] {dagbag.py:538} INFO - Filling up the DagBag from /home/robin/Documents/Tanjim/Miscellaneous Projects/airflow_docker/airflow_in_python_env/env/lib/python3.10/site-packages/airflow/example_dags/plugins/workday.py
[2023-12-20T17:58:01.652+0600] {logging_mixin.py:188} INFO - [2023-12-20T17:58:01.652+0600] {workday.py:40} WARNING - Could not import pandas. Holidays will not be considered.
[2023-12-20T17:58:01.653+0600] {processor.py:842} WARNING - No viable dags retrieved from /home/robin/Documents/Tanjim/Miscellaneous Projects/airflow_docker/airflow_in_python_env/env/lib/python3.10/site-packages/airflow/example_dags/plugins/workday.py
[2023-12-20T17:58:01.667+0600] {processor.py:183} INFO - Processing /home/robin/Documents/Tanjim/Miscellaneous Projects/airflow_docker/airflow_in_python_env/env/lib/python3.10/site-packages/airflow/example_dags/plugins/workday.py took 0.033 seconds
[2023-12-20T17:59:00.306+0600] {processor.py:161} INFO - Started process (PID=67192) to work on /home/robin/Documents/Tanjim/Miscellaneous Projects/airflow_docker/airflow_in_python_env/env/lib/python3.10/site-packages/airflow/example_dags/plugins/workday.py
[2023-12-20T17:59:00.317+0600] {processor.py:830} INFO - Processing file /home/robin/Documents/Tanjim/Miscellaneous Projects/airflow_docker/airflow_in_python_env/env/lib/python3.10/site-packages/airflow/example_dags/plugins/workday.py for tasks to queue
[2023-12-20T17:59:00.319+0600] {logging_mixin.py:188} INFO - [2023-12-20T17:59:00.318+0600] {dagbag.py:538} INFO - Filling up the DagBag from /home/robin/Documents/Tanjim/Miscellaneous Projects/airflow_docker/airflow_in_python_env/env/lib/python3.10/site-packages/airflow/example_dags/plugins/workday.py
[2023-12-20T17:59:00.323+0600] {logging_mixin.py:188} INFO - [2023-12-20T17:59:00.323+0600] {workday.py:40} WARNING - Could not import pandas. Holidays will not be considered.
[2023-12-20T17:59:00.324+0600] {processor.py:842} WARNING - No viable dags retrieved from /home/robin/Documents/Tanjim/Miscellaneous Projects/airflow_docker/airflow_in_python_env/env/lib/python3.10/site-packages/airflow/example_dags/plugins/workday.py
[2023-12-20T17:59:00.339+0600] {processor.py:183} INFO - Processing /home/robin/Documents/Tanjim/Miscellaneous Projects/airflow_docker/airflow_in_python_env/env/lib/python3.10/site-packages/airflow/example_dags/plugins/workday.py took 0.037 seconds
[2023-12-20T17:59:50.808+0600] {processor.py:161} INFO - Started process (PID=67423) to work on /home/robin/Documents/Tanjim/Miscellaneous Projects/airflow_docker/airflow_in_python_env/env/lib/python3.10/site-packages/airflow/example_dags/plugins/workday.py
[2023-12-20T17:59:50.817+0600] {processor.py:830} INFO - Processing file /home/robin/Documents/Tanjim/Miscellaneous Projects/airflow_docker/airflow_in_python_env/env/lib/python3.10/site-packages/airflow/example_dags/plugins/workday.py for tasks to queue
[2023-12-20T17:59:50.819+0600] {logging_mixin.py:188} INFO - [2023-12-20T17:59:50.818+0600] {dagbag.py:538} INFO - Filling up the DagBag from /home/robin/Documents/Tanjim/Miscellaneous Projects/airflow_docker/airflow_in_python_env/env/lib/python3.10/site-packages/airflow/example_dags/plugins/workday.py
[2023-12-20T17:59:50.824+0600] {logging_mixin.py:188} INFO - [2023-12-20T17:59:50.823+0600] {workday.py:40} WARNING - Could not import pandas. Holidays will not be considered.
[2023-12-20T17:59:50.824+0600] {processor.py:842} WARNING - No viable dags retrieved from /home/robin/Documents/Tanjim/Miscellaneous Projects/airflow_docker/airflow_in_python_env/env/lib/python3.10/site-packages/airflow/example_dags/plugins/workday.py
[2023-12-20T17:59:50.843+0600] {processor.py:183} INFO - Processing /home/robin/Documents/Tanjim/Miscellaneous Projects/airflow_docker/airflow_in_python_env/env/lib/python3.10/site-packages/airflow/example_dags/plugins/workday.py took 0.040 seconds
[2023-12-20T18:00:40.491+0600] {processor.py:161} INFO - Started process (PID=67530) to work on /home/robin/Documents/Tanjim/Miscellaneous Projects/airflow_docker/airflow_in_python_env/env/lib/python3.10/site-packages/airflow/example_dags/plugins/workday.py
[2023-12-20T18:00:40.506+0600] {processor.py:830} INFO - Processing file /home/robin/Documents/Tanjim/Miscellaneous Projects/airflow_docker/airflow_in_python_env/env/lib/python3.10/site-packages/airflow/example_dags/plugins/workday.py for tasks to queue
[2023-12-20T18:00:40.507+0600] {logging_mixin.py:188} INFO - [2023-12-20T18:00:40.507+0600] {dagbag.py:538} INFO - Filling up the DagBag from /home/robin/Documents/Tanjim/Miscellaneous Projects/airflow_docker/airflow_in_python_env/env/lib/python3.10/site-packages/airflow/example_dags/plugins/workday.py
[2023-12-20T18:00:40.527+0600] {logging_mixin.py:188} INFO - [2023-12-20T18:00:40.524+0600] {workday.py:40} WARNING - Could not import pandas. Holidays will not be considered.
[2023-12-20T18:00:40.530+0600] {processor.py:842} WARNING - No viable dags retrieved from /home/robin/Documents/Tanjim/Miscellaneous Projects/airflow_docker/airflow_in_python_env/env/lib/python3.10/site-packages/airflow/example_dags/plugins/workday.py
[2023-12-20T18:00:40.636+0600] {processor.py:183} INFO - Processing /home/robin/Documents/Tanjim/Miscellaneous Projects/airflow_docker/airflow_in_python_env/env/lib/python3.10/site-packages/airflow/example_dags/plugins/workday.py took 0.165 seconds
[2023-12-20T18:01:32.002+0600] {processor.py:161} INFO - Started process (PID=68142) to work on /home/robin/Documents/Tanjim/Miscellaneous Projects/airflow_docker/airflow_in_python_env/env/lib/python3.10/site-packages/airflow/example_dags/plugins/workday.py
[2023-12-20T18:01:32.012+0600] {processor.py:830} INFO - Processing file /home/robin/Documents/Tanjim/Miscellaneous Projects/airflow_docker/airflow_in_python_env/env/lib/python3.10/site-packages/airflow/example_dags/plugins/workday.py for tasks to queue
[2023-12-20T18:01:32.014+0600] {logging_mixin.py:188} INFO - [2023-12-20T18:01:32.013+0600] {dagbag.py:538} INFO - Filling up the DagBag from /home/robin/Documents/Tanjim/Miscellaneous Projects/airflow_docker/airflow_in_python_env/env/lib/python3.10/site-packages/airflow/example_dags/plugins/workday.py
[2023-12-20T18:01:32.019+0600] {logging_mixin.py:188} INFO - [2023-12-20T18:01:32.019+0600] {workday.py:40} WARNING - Could not import pandas. Holidays will not be considered.
[2023-12-20T18:01:32.020+0600] {processor.py:842} WARNING - No viable dags retrieved from /home/robin/Documents/Tanjim/Miscellaneous Projects/airflow_docker/airflow_in_python_env/env/lib/python3.10/site-packages/airflow/example_dags/plugins/workday.py
[2023-12-20T18:01:32.035+0600] {processor.py:183} INFO - Processing /home/robin/Documents/Tanjim/Miscellaneous Projects/airflow_docker/airflow_in_python_env/env/lib/python3.10/site-packages/airflow/example_dags/plugins/workday.py took 0.039 seconds
[2023-12-20T18:02:20.770+0600] {processor.py:161} INFO - Started process (PID=68697) to work on /home/robin/Documents/Tanjim/Miscellaneous Projects/airflow_docker/airflow_in_python_env/env/lib/python3.10/site-packages/airflow/example_dags/plugins/workday.py
[2023-12-20T18:02:20.780+0600] {processor.py:830} INFO - Processing file /home/robin/Documents/Tanjim/Miscellaneous Projects/airflow_docker/airflow_in_python_env/env/lib/python3.10/site-packages/airflow/example_dags/plugins/workday.py for tasks to queue
[2023-12-20T18:02:20.785+0600] {logging_mixin.py:188} INFO - [2023-12-20T18:02:20.784+0600] {dagbag.py:538} INFO - Filling up the DagBag from /home/robin/Documents/Tanjim/Miscellaneous Projects/airflow_docker/airflow_in_python_env/env/lib/python3.10/site-packages/airflow/example_dags/plugins/workday.py
[2023-12-20T18:02:20.796+0600] {logging_mixin.py:188} INFO - [2023-12-20T18:02:20.795+0600] {workday.py:40} WARNING - Could not import pandas. Holidays will not be considered.
[2023-12-20T18:02:20.797+0600] {processor.py:842} WARNING - No viable dags retrieved from /home/robin/Documents/Tanjim/Miscellaneous Projects/airflow_docker/airflow_in_python_env/env/lib/python3.10/site-packages/airflow/example_dags/plugins/workday.py
[2023-12-20T18:02:20.863+0600] {processor.py:183} INFO - Processing /home/robin/Documents/Tanjim/Miscellaneous Projects/airflow_docker/airflow_in_python_env/env/lib/python3.10/site-packages/airflow/example_dags/plugins/workday.py took 0.098 seconds
[2023-12-20T18:03:00.481+0600] {processor.py:161} INFO - Started process (PID=69071) to work on /home/robin/Documents/Tanjim/Miscellaneous Projects/airflow_docker/airflow_in_python_env/env/lib/python3.10/site-packages/airflow/example_dags/plugins/workday.py
[2023-12-20T18:03:00.483+0600] {processor.py:830} INFO - Processing file /home/robin/Documents/Tanjim/Miscellaneous Projects/airflow_docker/airflow_in_python_env/env/lib/python3.10/site-packages/airflow/example_dags/plugins/workday.py for tasks to queue
[2023-12-20T18:03:00.484+0600] {logging_mixin.py:188} INFO - [2023-12-20T18:03:00.484+0600] {dagbag.py:538} INFO - Filling up the DagBag from /home/robin/Documents/Tanjim/Miscellaneous Projects/airflow_docker/airflow_in_python_env/env/lib/python3.10/site-packages/airflow/example_dags/plugins/workday.py
[2023-12-20T18:03:00.488+0600] {logging_mixin.py:188} INFO - [2023-12-20T18:03:00.488+0600] {workday.py:40} WARNING - Could not import pandas. Holidays will not be considered.
[2023-12-20T18:03:00.489+0600] {processor.py:842} WARNING - No viable dags retrieved from /home/robin/Documents/Tanjim/Miscellaneous Projects/airflow_docker/airflow_in_python_env/env/lib/python3.10/site-packages/airflow/example_dags/plugins/workday.py
[2023-12-20T18:03:00.503+0600] {processor.py:183} INFO - Processing /home/robin/Documents/Tanjim/Miscellaneous Projects/airflow_docker/airflow_in_python_env/env/lib/python3.10/site-packages/airflow/example_dags/plugins/workday.py took 0.026 seconds
[2023-12-20T18:03:47.934+0600] {processor.py:161} INFO - Started process (PID=69288) to work on /home/robin/Documents/Tanjim/Miscellaneous Projects/airflow_docker/airflow_in_python_env/env/lib/python3.10/site-packages/airflow/example_dags/plugins/workday.py
[2023-12-20T18:03:47.943+0600] {processor.py:830} INFO - Processing file /home/robin/Documents/Tanjim/Miscellaneous Projects/airflow_docker/airflow_in_python_env/env/lib/python3.10/site-packages/airflow/example_dags/plugins/workday.py for tasks to queue
[2023-12-20T18:03:47.944+0600] {logging_mixin.py:188} INFO - [2023-12-20T18:03:47.944+0600] {dagbag.py:538} INFO - Filling up the DagBag from /home/robin/Documents/Tanjim/Miscellaneous Projects/airflow_docker/airflow_in_python_env/env/lib/python3.10/site-packages/airflow/example_dags/plugins/workday.py
[2023-12-20T18:03:47.949+0600] {logging_mixin.py:188} INFO - [2023-12-20T18:03:47.949+0600] {workday.py:40} WARNING - Could not import pandas. Holidays will not be considered.
[2023-12-20T18:03:47.950+0600] {processor.py:842} WARNING - No viable dags retrieved from /home/robin/Documents/Tanjim/Miscellaneous Projects/airflow_docker/airflow_in_python_env/env/lib/python3.10/site-packages/airflow/example_dags/plugins/workday.py
[2023-12-20T18:03:47.966+0600] {processor.py:183} INFO - Processing /home/robin/Documents/Tanjim/Miscellaneous Projects/airflow_docker/airflow_in_python_env/env/lib/python3.10/site-packages/airflow/example_dags/plugins/workday.py took 0.038 seconds
[2023-12-20T18:04:35.101+0600] {processor.py:161} INFO - Started process (PID=69549) to work on /home/robin/Documents/Tanjim/Miscellaneous Projects/airflow_docker/airflow_in_python_env/env/lib/python3.10/site-packages/airflow/example_dags/plugins/workday.py
[2023-12-20T18:04:35.110+0600] {processor.py:830} INFO - Processing file /home/robin/Documents/Tanjim/Miscellaneous Projects/airflow_docker/airflow_in_python_env/env/lib/python3.10/site-packages/airflow/example_dags/plugins/workday.py for tasks to queue
[2023-12-20T18:04:35.111+0600] {logging_mixin.py:188} INFO - [2023-12-20T18:04:35.110+0600] {dagbag.py:538} INFO - Filling up the DagBag from /home/robin/Documents/Tanjim/Miscellaneous Projects/airflow_docker/airflow_in_python_env/env/lib/python3.10/site-packages/airflow/example_dags/plugins/workday.py
[2023-12-20T18:04:35.115+0600] {logging_mixin.py:188} INFO - [2023-12-20T18:04:35.115+0600] {workday.py:40} WARNING - Could not import pandas. Holidays will not be considered.
[2023-12-20T18:04:35.116+0600] {processor.py:842} WARNING - No viable dags retrieved from /home/robin/Documents/Tanjim/Miscellaneous Projects/airflow_docker/airflow_in_python_env/env/lib/python3.10/site-packages/airflow/example_dags/plugins/workday.py
[2023-12-20T18:04:35.128+0600] {processor.py:183} INFO - Processing /home/robin/Documents/Tanjim/Miscellaneous Projects/airflow_docker/airflow_in_python_env/env/lib/python3.10/site-packages/airflow/example_dags/plugins/workday.py took 0.031 seconds
[2023-12-20T18:05:48.059+0600] {processor.py:161} INFO - Started process (PID=70036) to work on /home/robin/Documents/Tanjim/Miscellaneous Projects/airflow_docker/airflow_in_python_env/env/lib/python3.10/site-packages/airflow/example_dags/plugins/workday.py
[2023-12-20T18:05:48.067+0600] {processor.py:830} INFO - Processing file /home/robin/Documents/Tanjim/Miscellaneous Projects/airflow_docker/airflow_in_python_env/env/lib/python3.10/site-packages/airflow/example_dags/plugins/workday.py for tasks to queue
[2023-12-20T18:05:48.068+0600] {logging_mixin.py:188} INFO - [2023-12-20T18:05:48.067+0600] {dagbag.py:538} INFO - Filling up the DagBag from /home/robin/Documents/Tanjim/Miscellaneous Projects/airflow_docker/airflow_in_python_env/env/lib/python3.10/site-packages/airflow/example_dags/plugins/workday.py
[2023-12-20T18:05:48.072+0600] {logging_mixin.py:188} INFO - [2023-12-20T18:05:48.072+0600] {workday.py:40} WARNING - Could not import pandas. Holidays will not be considered.
[2023-12-20T18:05:48.073+0600] {processor.py:842} WARNING - No viable dags retrieved from /home/robin/Documents/Tanjim/Miscellaneous Projects/airflow_docker/airflow_in_python_env/env/lib/python3.10/site-packages/airflow/example_dags/plugins/workday.py
[2023-12-20T18:05:48.088+0600] {processor.py:183} INFO - Processing /home/robin/Documents/Tanjim/Miscellaneous Projects/airflow_docker/airflow_in_python_env/env/lib/python3.10/site-packages/airflow/example_dags/plugins/workday.py took 0.033 seconds
[2023-12-20T18:10:06.445+0600] {processor.py:161} INFO - Started process (PID=70752) to work on /home/robin/Documents/Tanjim/Miscellaneous Projects/airflow_docker/airflow_in_python_env/env/lib/python3.10/site-packages/airflow/example_dags/plugins/workday.py
[2023-12-20T18:10:06.454+0600] {processor.py:830} INFO - Processing file /home/robin/Documents/Tanjim/Miscellaneous Projects/airflow_docker/airflow_in_python_env/env/lib/python3.10/site-packages/airflow/example_dags/plugins/workday.py for tasks to queue
[2023-12-20T18:10:06.455+0600] {logging_mixin.py:188} INFO - [2023-12-20T18:10:06.455+0600] {dagbag.py:538} INFO - Filling up the DagBag from /home/robin/Documents/Tanjim/Miscellaneous Projects/airflow_docker/airflow_in_python_env/env/lib/python3.10/site-packages/airflow/example_dags/plugins/workday.py
[2023-12-20T18:10:06.459+0600] {logging_mixin.py:188} INFO - [2023-12-20T18:10:06.459+0600] {workday.py:40} WARNING - Could not import pandas. Holidays will not be considered.
[2023-12-20T18:10:06.460+0600] {processor.py:842} WARNING - No viable dags retrieved from /home/robin/Documents/Tanjim/Miscellaneous Projects/airflow_docker/airflow_in_python_env/env/lib/python3.10/site-packages/airflow/example_dags/plugins/workday.py
[2023-12-20T18:10:06.477+0600] {processor.py:183} INFO - Processing /home/robin/Documents/Tanjim/Miscellaneous Projects/airflow_docker/airflow_in_python_env/env/lib/python3.10/site-packages/airflow/example_dags/plugins/workday.py took 0.036 seconds
[2023-12-20T18:17:59.136+0600] {processor.py:161} INFO - Started process (PID=71995) to work on /home/robin/Documents/Tanjim/Miscellaneous Projects/airflow_docker/airflow_in_python_env/env/lib/python3.10/site-packages/airflow/example_dags/plugins/workday.py
[2023-12-20T18:17:59.147+0600] {processor.py:830} INFO - Processing file /home/robin/Documents/Tanjim/Miscellaneous Projects/airflow_docker/airflow_in_python_env/env/lib/python3.10/site-packages/airflow/example_dags/plugins/workday.py for tasks to queue
[2023-12-20T18:17:59.150+0600] {logging_mixin.py:188} INFO - [2023-12-20T18:17:59.149+0600] {dagbag.py:538} INFO - Filling up the DagBag from /home/robin/Documents/Tanjim/Miscellaneous Projects/airflow_docker/airflow_in_python_env/env/lib/python3.10/site-packages/airflow/example_dags/plugins/workday.py
[2023-12-20T18:17:59.157+0600] {logging_mixin.py:188} INFO - [2023-12-20T18:17:59.156+0600] {workday.py:40} WARNING - Could not import pandas. Holidays will not be considered.
[2023-12-20T18:17:59.158+0600] {processor.py:842} WARNING - No viable dags retrieved from /home/robin/Documents/Tanjim/Miscellaneous Projects/airflow_docker/airflow_in_python_env/env/lib/python3.10/site-packages/airflow/example_dags/plugins/workday.py
[2023-12-20T18:17:59.172+0600] {processor.py:183} INFO - Processing /home/robin/Documents/Tanjim/Miscellaneous Projects/airflow_docker/airflow_in_python_env/env/lib/python3.10/site-packages/airflow/example_dags/plugins/workday.py took 0.052 seconds
[2023-12-20T18:18:54.857+0600] {processor.py:161} INFO - Started process (PID=72209) to work on /home/robin/Documents/Tanjim/Miscellaneous Projects/airflow_docker/airflow_in_python_env/env/lib/python3.10/site-packages/airflow/example_dags/plugins/workday.py
[2023-12-20T18:18:54.866+0600] {processor.py:830} INFO - Processing file /home/robin/Documents/Tanjim/Miscellaneous Projects/airflow_docker/airflow_in_python_env/env/lib/python3.10/site-packages/airflow/example_dags/plugins/workday.py for tasks to queue
[2023-12-20T18:18:54.868+0600] {logging_mixin.py:188} INFO - [2023-12-20T18:18:54.867+0600] {dagbag.py:538} INFO - Filling up the DagBag from /home/robin/Documents/Tanjim/Miscellaneous Projects/airflow_docker/airflow_in_python_env/env/lib/python3.10/site-packages/airflow/example_dags/plugins/workday.py
[2023-12-20T18:18:54.873+0600] {logging_mixin.py:188} INFO - [2023-12-20T18:18:54.873+0600] {workday.py:40} WARNING - Could not import pandas. Holidays will not be considered.
[2023-12-20T18:18:54.874+0600] {processor.py:842} WARNING - No viable dags retrieved from /home/robin/Documents/Tanjim/Miscellaneous Projects/airflow_docker/airflow_in_python_env/env/lib/python3.10/site-packages/airflow/example_dags/plugins/workday.py
[2023-12-20T18:18:54.897+0600] {processor.py:183} INFO - Processing /home/robin/Documents/Tanjim/Miscellaneous Projects/airflow_docker/airflow_in_python_env/env/lib/python3.10/site-packages/airflow/example_dags/plugins/workday.py took 0.048 seconds
[2023-12-20T18:19:48.342+0600] {processor.py:161} INFO - Started process (PID=72341) to work on /home/robin/Documents/Tanjim/Miscellaneous Projects/airflow_docker/airflow_in_python_env/env/lib/python3.10/site-packages/airflow/example_dags/plugins/workday.py
[2023-12-20T18:19:48.350+0600] {processor.py:830} INFO - Processing file /home/robin/Documents/Tanjim/Miscellaneous Projects/airflow_docker/airflow_in_python_env/env/lib/python3.10/site-packages/airflow/example_dags/plugins/workday.py for tasks to queue
[2023-12-20T18:19:48.353+0600] {logging_mixin.py:188} INFO - [2023-12-20T18:19:48.352+0600] {dagbag.py:538} INFO - Filling up the DagBag from /home/robin/Documents/Tanjim/Miscellaneous Projects/airflow_docker/airflow_in_python_env/env/lib/python3.10/site-packages/airflow/example_dags/plugins/workday.py
[2023-12-20T18:19:48.358+0600] {logging_mixin.py:188} INFO - [2023-12-20T18:19:48.358+0600] {workday.py:40} WARNING - Could not import pandas. Holidays will not be considered.
[2023-12-20T18:19:48.359+0600] {processor.py:842} WARNING - No viable dags retrieved from /home/robin/Documents/Tanjim/Miscellaneous Projects/airflow_docker/airflow_in_python_env/env/lib/python3.10/site-packages/airflow/example_dags/plugins/workday.py
[2023-12-20T18:19:48.377+0600] {processor.py:183} INFO - Processing /home/robin/Documents/Tanjim/Miscellaneous Projects/airflow_docker/airflow_in_python_env/env/lib/python3.10/site-packages/airflow/example_dags/plugins/workday.py took 0.040 seconds
[2023-12-20T18:20:37.821+0600] {processor.py:161} INFO - Started process (PID=72501) to work on /home/robin/Documents/Tanjim/Miscellaneous Projects/airflow_docker/airflow_in_python_env/env/lib/python3.10/site-packages/airflow/example_dags/plugins/workday.py
[2023-12-20T18:20:37.831+0600] {processor.py:830} INFO - Processing file /home/robin/Documents/Tanjim/Miscellaneous Projects/airflow_docker/airflow_in_python_env/env/lib/python3.10/site-packages/airflow/example_dags/plugins/workday.py for tasks to queue
[2023-12-20T18:20:37.836+0600] {logging_mixin.py:188} INFO - [2023-12-20T18:20:37.834+0600] {dagbag.py:538} INFO - Filling up the DagBag from /home/robin/Documents/Tanjim/Miscellaneous Projects/airflow_docker/airflow_in_python_env/env/lib/python3.10/site-packages/airflow/example_dags/plugins/workday.py
[2023-12-20T18:20:37.845+0600] {logging_mixin.py:188} INFO - [2023-12-20T18:20:37.845+0600] {workday.py:40} WARNING - Could not import pandas. Holidays will not be considered.
[2023-12-20T18:20:37.846+0600] {processor.py:842} WARNING - No viable dags retrieved from /home/robin/Documents/Tanjim/Miscellaneous Projects/airflow_docker/airflow_in_python_env/env/lib/python3.10/site-packages/airflow/example_dags/plugins/workday.py
[2023-12-20T18:20:37.864+0600] {processor.py:183} INFO - Processing /home/robin/Documents/Tanjim/Miscellaneous Projects/airflow_docker/airflow_in_python_env/env/lib/python3.10/site-packages/airflow/example_dags/plugins/workday.py took 0.048 seconds
[2023-12-20T18:21:31.990+0600] {processor.py:161} INFO - Started process (PID=72673) to work on /home/robin/Documents/Tanjim/Miscellaneous Projects/airflow_docker/airflow_in_python_env/env/lib/python3.10/site-packages/airflow/example_dags/plugins/workday.py
[2023-12-20T18:21:31.998+0600] {processor.py:830} INFO - Processing file /home/robin/Documents/Tanjim/Miscellaneous Projects/airflow_docker/airflow_in_python_env/env/lib/python3.10/site-packages/airflow/example_dags/plugins/workday.py for tasks to queue
[2023-12-20T18:21:31.999+0600] {logging_mixin.py:188} INFO - [2023-12-20T18:21:31.999+0600] {dagbag.py:538} INFO - Filling up the DagBag from /home/robin/Documents/Tanjim/Miscellaneous Projects/airflow_docker/airflow_in_python_env/env/lib/python3.10/site-packages/airflow/example_dags/plugins/workday.py
[2023-12-20T18:21:32.002+0600] {logging_mixin.py:188} INFO - [2023-12-20T18:21:32.002+0600] {workday.py:40} WARNING - Could not import pandas. Holidays will not be considered.
[2023-12-20T18:21:32.003+0600] {processor.py:842} WARNING - No viable dags retrieved from /home/robin/Documents/Tanjim/Miscellaneous Projects/airflow_docker/airflow_in_python_env/env/lib/python3.10/site-packages/airflow/example_dags/plugins/workday.py
[2023-12-20T18:21:32.014+0600] {processor.py:183} INFO - Processing /home/robin/Documents/Tanjim/Miscellaneous Projects/airflow_docker/airflow_in_python_env/env/lib/python3.10/site-packages/airflow/example_dags/plugins/workday.py took 0.028 seconds
[2023-12-20T18:21:56.376+0600] {processor.py:161} INFO - Started process (PID=72784) to work on /home/robin/Documents/Tanjim/Miscellaneous Projects/airflow_docker/airflow_in_python_env/env/lib/python3.10/site-packages/airflow/example_dags/plugins/workday.py
[2023-12-20T18:21:56.384+0600] {processor.py:830} INFO - Processing file /home/robin/Documents/Tanjim/Miscellaneous Projects/airflow_docker/airflow_in_python_env/env/lib/python3.10/site-packages/airflow/example_dags/plugins/workday.py for tasks to queue
[2023-12-20T18:21:56.385+0600] {logging_mixin.py:188} INFO - [2023-12-20T18:21:56.385+0600] {dagbag.py:538} INFO - Filling up the DagBag from /home/robin/Documents/Tanjim/Miscellaneous Projects/airflow_docker/airflow_in_python_env/env/lib/python3.10/site-packages/airflow/example_dags/plugins/workday.py
[2023-12-20T18:21:56.388+0600] {logging_mixin.py:188} INFO - [2023-12-20T18:21:56.388+0600] {workday.py:40} WARNING - Could not import pandas. Holidays will not be considered.
[2023-12-20T18:21:56.389+0600] {processor.py:842} WARNING - No viable dags retrieved from /home/robin/Documents/Tanjim/Miscellaneous Projects/airflow_docker/airflow_in_python_env/env/lib/python3.10/site-packages/airflow/example_dags/plugins/workday.py
[2023-12-20T18:21:56.401+0600] {processor.py:183} INFO - Processing /home/robin/Documents/Tanjim/Miscellaneous Projects/airflow_docker/airflow_in_python_env/env/lib/python3.10/site-packages/airflow/example_dags/plugins/workday.py took 0.028 seconds
[2023-12-20T18:23:48.452+0600] {processor.py:161} INFO - Started process (PID=73320) to work on /home/robin/Documents/Tanjim/Miscellaneous Projects/airflow_docker/airflow_in_python_env/env/lib/python3.10/site-packages/airflow/example_dags/plugins/workday.py
[2023-12-20T18:23:48.460+0600] {processor.py:830} INFO - Processing file /home/robin/Documents/Tanjim/Miscellaneous Projects/airflow_docker/airflow_in_python_env/env/lib/python3.10/site-packages/airflow/example_dags/plugins/workday.py for tasks to queue
[2023-12-20T18:23:48.461+0600] {logging_mixin.py:188} INFO - [2023-12-20T18:23:48.461+0600] {dagbag.py:538} INFO - Filling up the DagBag from /home/robin/Documents/Tanjim/Miscellaneous Projects/airflow_docker/airflow_in_python_env/env/lib/python3.10/site-packages/airflow/example_dags/plugins/workday.py
[2023-12-20T18:23:48.465+0600] {logging_mixin.py:188} INFO - [2023-12-20T18:23:48.465+0600] {workday.py:40} WARNING - Could not import pandas. Holidays will not be considered.
[2023-12-20T18:23:48.466+0600] {processor.py:842} WARNING - No viable dags retrieved from /home/robin/Documents/Tanjim/Miscellaneous Projects/airflow_docker/airflow_in_python_env/env/lib/python3.10/site-packages/airflow/example_dags/plugins/workday.py
[2023-12-20T18:23:48.479+0600] {processor.py:183} INFO - Processing /home/robin/Documents/Tanjim/Miscellaneous Projects/airflow_docker/airflow_in_python_env/env/lib/python3.10/site-packages/airflow/example_dags/plugins/workday.py took 0.031 seconds
[2023-12-20T18:26:51.894+0600] {processor.py:161} INFO - Started process (PID=74116) to work on /home/robin/Documents/Tanjim/Miscellaneous Projects/airflow_docker/airflow_in_python_env/env/lib/python3.10/site-packages/airflow/example_dags/plugins/workday.py
[2023-12-20T18:26:51.902+0600] {processor.py:830} INFO - Processing file /home/robin/Documents/Tanjim/Miscellaneous Projects/airflow_docker/airflow_in_python_env/env/lib/python3.10/site-packages/airflow/example_dags/plugins/workday.py for tasks to queue
[2023-12-20T18:26:51.904+0600] {logging_mixin.py:188} INFO - [2023-12-20T18:26:51.903+0600] {dagbag.py:538} INFO - Filling up the DagBag from /home/robin/Documents/Tanjim/Miscellaneous Projects/airflow_docker/airflow_in_python_env/env/lib/python3.10/site-packages/airflow/example_dags/plugins/workday.py
[2023-12-20T18:26:51.907+0600] {logging_mixin.py:188} INFO - [2023-12-20T18:26:51.907+0600] {workday.py:40} WARNING - Could not import pandas. Holidays will not be considered.
[2023-12-20T18:26:51.908+0600] {processor.py:842} WARNING - No viable dags retrieved from /home/robin/Documents/Tanjim/Miscellaneous Projects/airflow_docker/airflow_in_python_env/env/lib/python3.10/site-packages/airflow/example_dags/plugins/workday.py
[2023-12-20T18:26:51.922+0600] {processor.py:183} INFO - Processing /home/robin/Documents/Tanjim/Miscellaneous Projects/airflow_docker/airflow_in_python_env/env/lib/python3.10/site-packages/airflow/example_dags/plugins/workday.py took 0.030 seconds
[2023-12-20T18:28:27.826+0600] {processor.py:161} INFO - Started process (PID=74660) to work on /home/robin/Documents/Tanjim/Miscellaneous Projects/airflow_docker/airflow_in_python_env/env/lib/python3.10/site-packages/airflow/example_dags/plugins/workday.py
[2023-12-20T18:28:27.829+0600] {processor.py:830} INFO - Processing file /home/robin/Documents/Tanjim/Miscellaneous Projects/airflow_docker/airflow_in_python_env/env/lib/python3.10/site-packages/airflow/example_dags/plugins/workday.py for tasks to queue
[2023-12-20T18:28:27.830+0600] {logging_mixin.py:188} INFO - [2023-12-20T18:28:27.830+0600] {dagbag.py:538} INFO - Filling up the DagBag from /home/robin/Documents/Tanjim/Miscellaneous Projects/airflow_docker/airflow_in_python_env/env/lib/python3.10/site-packages/airflow/example_dags/plugins/workday.py
[2023-12-20T18:28:27.834+0600] {logging_mixin.py:188} INFO - [2023-12-20T18:28:27.834+0600] {workday.py:40} WARNING - Could not import pandas. Holidays will not be considered.
[2023-12-20T18:28:27.835+0600] {processor.py:842} WARNING - No viable dags retrieved from /home/robin/Documents/Tanjim/Miscellaneous Projects/airflow_docker/airflow_in_python_env/env/lib/python3.10/site-packages/airflow/example_dags/plugins/workday.py
[2023-12-20T18:28:27.848+0600] {processor.py:183} INFO - Processing /home/robin/Documents/Tanjim/Miscellaneous Projects/airflow_docker/airflow_in_python_env/env/lib/python3.10/site-packages/airflow/example_dags/plugins/workday.py took 0.027 seconds
[2023-12-20T18:29:47.998+0600] {processor.py:161} INFO - Started process (PID=75491) to work on /home/robin/Documents/Tanjim/Miscellaneous Projects/airflow_docker/airflow_in_python_env/env/lib/python3.10/site-packages/airflow/example_dags/plugins/workday.py
[2023-12-20T18:29:48.002+0600] {processor.py:830} INFO - Processing file /home/robin/Documents/Tanjim/Miscellaneous Projects/airflow_docker/airflow_in_python_env/env/lib/python3.10/site-packages/airflow/example_dags/plugins/workday.py for tasks to queue
[2023-12-20T18:29:48.004+0600] {logging_mixin.py:188} INFO - [2023-12-20T18:29:48.003+0600] {dagbag.py:538} INFO - Filling up the DagBag from /home/robin/Documents/Tanjim/Miscellaneous Projects/airflow_docker/airflow_in_python_env/env/lib/python3.10/site-packages/airflow/example_dags/plugins/workday.py
[2023-12-20T18:29:48.014+0600] {logging_mixin.py:188} INFO - [2023-12-20T18:29:48.014+0600] {workday.py:40} WARNING - Could not import pandas. Holidays will not be considered.
[2023-12-20T18:29:48.015+0600] {processor.py:842} WARNING - No viable dags retrieved from /home/robin/Documents/Tanjim/Miscellaneous Projects/airflow_docker/airflow_in_python_env/env/lib/python3.10/site-packages/airflow/example_dags/plugins/workday.py
[2023-12-20T18:29:48.039+0600] {processor.py:183} INFO - Processing /home/robin/Documents/Tanjim/Miscellaneous Projects/airflow_docker/airflow_in_python_env/env/lib/python3.10/site-packages/airflow/example_dags/plugins/workday.py took 0.046 seconds
