[2023-12-21T19:12:02.019+0000] {processor.py:161} INFO - Started process (PID=63) to work on /home/airflow/.local/lib/python3.8/site-packages/airflow/example_dags/example_latest_only_with_trigger.py
[2023-12-21T19:12:02.020+0000] {processor.py:830} INFO - Processing file /home/airflow/.local/lib/python3.8/site-packages/airflow/example_dags/example_latest_only_with_trigger.py for tasks to queue
[2023-12-21T19:12:02.026+0000] {logging_mixin.py:188} INFO - [2023-12-21T19:12:02.024+0000] {dagbag.py:538} INFO - Filling up the DagBag from /home/airflow/.local/lib/python3.8/site-packages/airflow/example_dags/example_latest_only_with_trigger.py
[2023-12-21T19:12:02.037+0000] {processor.py:840} INFO - DAG(s) 'latest_only_with_trigger' retrieved from /home/airflow/.local/lib/python3.8/site-packages/airflow/example_dags/example_latest_only_with_trigger.py
[2023-12-21T19:12:02.520+0000] {logging_mixin.py:188} INFO - [2023-12-21T19:12:02.520+0000] {dag.py:3033} INFO - Sync 1 DAGs
[2023-12-21T19:12:02.625+0000] {logging_mixin.py:188} INFO - [2023-12-21T19:12:02.624+0000] {dag.py:3820} INFO - Setting next_dagrun for latest_only_with_trigger to 2023-12-21T12:00:00+00:00, run_after=2023-12-21T16:00:00+00:00
[2023-12-21T19:12:02.769+0000] {processor.py:183} INFO - Processing /home/airflow/.local/lib/python3.8/site-packages/airflow/example_dags/example_latest_only_with_trigger.py took 0.757 seconds
[2023-12-21T19:12:33.087+0000] {processor.py:161} INFO - Started process (PID=117) to work on /home/airflow/.local/lib/python3.8/site-packages/airflow/example_dags/example_latest_only_with_trigger.py
[2023-12-21T19:12:33.089+0000] {processor.py:830} INFO - Processing file /home/airflow/.local/lib/python3.8/site-packages/airflow/example_dags/example_latest_only_with_trigger.py for tasks to queue
[2023-12-21T19:12:33.094+0000] {logging_mixin.py:188} INFO - [2023-12-21T19:12:33.093+0000] {dagbag.py:538} INFO - Filling up the DagBag from /home/airflow/.local/lib/python3.8/site-packages/airflow/example_dags/example_latest_only_with_trigger.py
[2023-12-21T19:12:33.108+0000] {processor.py:840} INFO - DAG(s) 'latest_only_with_trigger' retrieved from /home/airflow/.local/lib/python3.8/site-packages/airflow/example_dags/example_latest_only_with_trigger.py
[2023-12-21T19:12:33.155+0000] {logging_mixin.py:188} INFO - [2023-12-21T19:12:33.154+0000] {dag.py:3033} INFO - Sync 1 DAGs
[2023-12-21T19:12:33.187+0000] {logging_mixin.py:188} INFO - [2023-12-21T19:12:33.186+0000] {dag.py:3820} INFO - Setting next_dagrun for latest_only_with_trigger to 2023-12-21T12:00:00+00:00, run_after=2023-12-21T16:00:00+00:00
[2023-12-21T19:12:33.210+0000] {processor.py:183} INFO - Processing /home/airflow/.local/lib/python3.8/site-packages/airflow/example_dags/example_latest_only_with_trigger.py took 0.132 seconds
[2023-12-21T19:13:03.866+0000] {processor.py:161} INFO - Started process (PID=172) to work on /home/airflow/.local/lib/python3.8/site-packages/airflow/example_dags/example_latest_only_with_trigger.py
[2023-12-21T19:13:03.867+0000] {processor.py:830} INFO - Processing file /home/airflow/.local/lib/python3.8/site-packages/airflow/example_dags/example_latest_only_with_trigger.py for tasks to queue
[2023-12-21T19:13:03.870+0000] {logging_mixin.py:188} INFO - [2023-12-21T19:13:03.870+0000] {dagbag.py:538} INFO - Filling up the DagBag from /home/airflow/.local/lib/python3.8/site-packages/airflow/example_dags/example_latest_only_with_trigger.py
[2023-12-21T19:13:03.877+0000] {processor.py:840} INFO - DAG(s) 'latest_only_with_trigger' retrieved from /home/airflow/.local/lib/python3.8/site-packages/airflow/example_dags/example_latest_only_with_trigger.py
[2023-12-21T19:13:03.901+0000] {logging_mixin.py:188} INFO - [2023-12-21T19:13:03.901+0000] {dag.py:3033} INFO - Sync 1 DAGs
[2023-12-21T19:13:03.931+0000] {logging_mixin.py:188} INFO - [2023-12-21T19:13:03.930+0000] {dag.py:3820} INFO - Setting next_dagrun for latest_only_with_trigger to 2023-12-21T12:00:00+00:00, run_after=2023-12-21T16:00:00+00:00
[2023-12-21T19:13:03.959+0000] {processor.py:183} INFO - Processing /home/airflow/.local/lib/python3.8/site-packages/airflow/example_dags/example_latest_only_with_trigger.py took 0.098 seconds
[2023-12-21T19:13:34.246+0000] {processor.py:161} INFO - Started process (PID=227) to work on /home/airflow/.local/lib/python3.8/site-packages/airflow/example_dags/example_latest_only_with_trigger.py
[2023-12-21T19:13:34.248+0000] {processor.py:830} INFO - Processing file /home/airflow/.local/lib/python3.8/site-packages/airflow/example_dags/example_latest_only_with_trigger.py for tasks to queue
[2023-12-21T19:13:34.251+0000] {logging_mixin.py:188} INFO - [2023-12-21T19:13:34.251+0000] {dagbag.py:538} INFO - Filling up the DagBag from /home/airflow/.local/lib/python3.8/site-packages/airflow/example_dags/example_latest_only_with_trigger.py
[2023-12-21T19:13:34.261+0000] {processor.py:840} INFO - DAG(s) 'latest_only_with_trigger' retrieved from /home/airflow/.local/lib/python3.8/site-packages/airflow/example_dags/example_latest_only_with_trigger.py
[2023-12-21T19:13:34.316+0000] {logging_mixin.py:188} INFO - [2023-12-21T19:13:34.316+0000] {dag.py:3033} INFO - Sync 1 DAGs
[2023-12-21T19:13:34.364+0000] {logging_mixin.py:188} INFO - [2023-12-21T19:13:34.364+0000] {dag.py:3820} INFO - Setting next_dagrun for latest_only_with_trigger to 2023-12-21T12:00:00+00:00, run_after=2023-12-21T16:00:00+00:00
[2023-12-21T19:13:34.402+0000] {processor.py:183} INFO - Processing /home/airflow/.local/lib/python3.8/site-packages/airflow/example_dags/example_latest_only_with_trigger.py took 0.162 seconds
[2023-12-21T19:14:04.517+0000] {processor.py:161} INFO - Started process (PID=282) to work on /home/airflow/.local/lib/python3.8/site-packages/airflow/example_dags/example_latest_only_with_trigger.py
[2023-12-21T19:14:04.518+0000] {processor.py:830} INFO - Processing file /home/airflow/.local/lib/python3.8/site-packages/airflow/example_dags/example_latest_only_with_trigger.py for tasks to queue
[2023-12-21T19:14:04.520+0000] {logging_mixin.py:188} INFO - [2023-12-21T19:14:04.520+0000] {dagbag.py:538} INFO - Filling up the DagBag from /home/airflow/.local/lib/python3.8/site-packages/airflow/example_dags/example_latest_only_with_trigger.py
[2023-12-21T19:14:04.527+0000] {processor.py:840} INFO - DAG(s) 'latest_only_with_trigger' retrieved from /home/airflow/.local/lib/python3.8/site-packages/airflow/example_dags/example_latest_only_with_trigger.py
[2023-12-21T19:14:04.552+0000] {logging_mixin.py:188} INFO - [2023-12-21T19:14:04.552+0000] {dag.py:3033} INFO - Sync 1 DAGs
[2023-12-21T19:14:04.588+0000] {logging_mixin.py:188} INFO - [2023-12-21T19:14:04.587+0000] {dag.py:3820} INFO - Setting next_dagrun for latest_only_with_trigger to 2023-12-21T12:00:00+00:00, run_after=2023-12-21T16:00:00+00:00
[2023-12-21T19:14:04.618+0000] {processor.py:183} INFO - Processing /home/airflow/.local/lib/python3.8/site-packages/airflow/example_dags/example_latest_only_with_trigger.py took 0.105 seconds
[2023-12-21T19:18:15.855+0000] {processor.py:161} INFO - Started process (PID=63) to work on /home/airflow/.local/lib/python3.8/site-packages/airflow/example_dags/example_latest_only_with_trigger.py
[2023-12-21T19:18:15.869+0000] {processor.py:830} INFO - Processing file /home/airflow/.local/lib/python3.8/site-packages/airflow/example_dags/example_latest_only_with_trigger.py for tasks to queue
[2023-12-21T19:18:15.875+0000] {logging_mixin.py:188} INFO - [2023-12-21T19:18:15.874+0000] {dagbag.py:538} INFO - Filling up the DagBag from /home/airflow/.local/lib/python3.8/site-packages/airflow/example_dags/example_latest_only_with_trigger.py
[2023-12-21T19:18:15.909+0000] {processor.py:840} INFO - DAG(s) 'latest_only_with_trigger' retrieved from /home/airflow/.local/lib/python3.8/site-packages/airflow/example_dags/example_latest_only_with_trigger.py
[2023-12-21T19:18:16.402+0000] {logging_mixin.py:188} INFO - [2023-12-21T19:18:16.402+0000] {dag.py:3033} INFO - Sync 1 DAGs
[2023-12-21T19:18:16.507+0000] {logging_mixin.py:188} INFO - [2023-12-21T19:18:16.507+0000] {dag.py:3820} INFO - Setting next_dagrun for latest_only_with_trigger to 2023-12-21T12:00:00+00:00, run_after=2023-12-21T16:00:00+00:00
[2023-12-21T19:18:16.592+0000] {processor.py:183} INFO - Processing /home/airflow/.local/lib/python3.8/site-packages/airflow/example_dags/example_latest_only_with_trigger.py took 0.743 seconds
[2023-12-21T19:18:46.801+0000] {processor.py:161} INFO - Started process (PID=119) to work on /home/airflow/.local/lib/python3.8/site-packages/airflow/example_dags/example_latest_only_with_trigger.py
[2023-12-21T19:18:46.802+0000] {processor.py:830} INFO - Processing file /home/airflow/.local/lib/python3.8/site-packages/airflow/example_dags/example_latest_only_with_trigger.py for tasks to queue
[2023-12-21T19:18:46.806+0000] {logging_mixin.py:188} INFO - [2023-12-21T19:18:46.806+0000] {dagbag.py:538} INFO - Filling up the DagBag from /home/airflow/.local/lib/python3.8/site-packages/airflow/example_dags/example_latest_only_with_trigger.py
[2023-12-21T19:18:46.818+0000] {processor.py:840} INFO - DAG(s) 'latest_only_with_trigger' retrieved from /home/airflow/.local/lib/python3.8/site-packages/airflow/example_dags/example_latest_only_with_trigger.py
[2023-12-21T19:18:46.871+0000] {logging_mixin.py:188} INFO - [2023-12-21T19:18:46.870+0000] {dag.py:3033} INFO - Sync 1 DAGs
[2023-12-21T19:18:46.924+0000] {logging_mixin.py:188} INFO - [2023-12-21T19:18:46.923+0000] {dag.py:3820} INFO - Setting next_dagrun for latest_only_with_trigger to 2023-12-21T12:00:00+00:00, run_after=2023-12-21T16:00:00+00:00
[2023-12-21T19:18:46.969+0000] {processor.py:183} INFO - Processing /home/airflow/.local/lib/python3.8/site-packages/airflow/example_dags/example_latest_only_with_trigger.py took 0.172 seconds
[2023-12-21T19:19:17.846+0000] {processor.py:161} INFO - Started process (PID=175) to work on /home/airflow/.local/lib/python3.8/site-packages/airflow/example_dags/example_latest_only_with_trigger.py
[2023-12-21T19:19:17.855+0000] {processor.py:830} INFO - Processing file /home/airflow/.local/lib/python3.8/site-packages/airflow/example_dags/example_latest_only_with_trigger.py for tasks to queue
[2023-12-21T19:19:17.860+0000] {logging_mixin.py:188} INFO - [2023-12-21T19:19:17.859+0000] {dagbag.py:538} INFO - Filling up the DagBag from /home/airflow/.local/lib/python3.8/site-packages/airflow/example_dags/example_latest_only_with_trigger.py
[2023-12-21T19:19:17.870+0000] {processor.py:840} INFO - DAG(s) 'latest_only_with_trigger' retrieved from /home/airflow/.local/lib/python3.8/site-packages/airflow/example_dags/example_latest_only_with_trigger.py
[2023-12-21T19:19:17.898+0000] {logging_mixin.py:188} INFO - [2023-12-21T19:19:17.897+0000] {dag.py:3033} INFO - Sync 1 DAGs
[2023-12-21T19:19:17.924+0000] {logging_mixin.py:188} INFO - [2023-12-21T19:19:17.924+0000] {dag.py:3820} INFO - Setting next_dagrun for latest_only_with_trigger to 2023-12-21T12:00:00+00:00, run_after=2023-12-21T16:00:00+00:00
[2023-12-21T19:19:17.951+0000] {processor.py:183} INFO - Processing /home/airflow/.local/lib/python3.8/site-packages/airflow/example_dags/example_latest_only_with_trigger.py took 0.111 seconds
[2023-12-21T19:19:48.192+0000] {processor.py:161} INFO - Started process (PID=230) to work on /home/airflow/.local/lib/python3.8/site-packages/airflow/example_dags/example_latest_only_with_trigger.py
[2023-12-21T19:19:48.194+0000] {processor.py:830} INFO - Processing file /home/airflow/.local/lib/python3.8/site-packages/airflow/example_dags/example_latest_only_with_trigger.py for tasks to queue
[2023-12-21T19:19:48.199+0000] {logging_mixin.py:188} INFO - [2023-12-21T19:19:48.198+0000] {dagbag.py:538} INFO - Filling up the DagBag from /home/airflow/.local/lib/python3.8/site-packages/airflow/example_dags/example_latest_only_with_trigger.py
[2023-12-21T19:19:48.208+0000] {processor.py:840} INFO - DAG(s) 'latest_only_with_trigger' retrieved from /home/airflow/.local/lib/python3.8/site-packages/airflow/example_dags/example_latest_only_with_trigger.py
[2023-12-21T19:19:48.232+0000] {logging_mixin.py:188} INFO - [2023-12-21T19:19:48.232+0000] {dag.py:3033} INFO - Sync 1 DAGs
[2023-12-21T19:19:48.259+0000] {logging_mixin.py:188} INFO - [2023-12-21T19:19:48.259+0000] {dag.py:3820} INFO - Setting next_dagrun for latest_only_with_trigger to 2023-12-21T12:00:00+00:00, run_after=2023-12-21T16:00:00+00:00
[2023-12-21T19:19:48.286+0000] {processor.py:183} INFO - Processing /home/airflow/.local/lib/python3.8/site-packages/airflow/example_dags/example_latest_only_with_trigger.py took 0.103 seconds
[2023-12-21T19:20:18.838+0000] {processor.py:161} INFO - Started process (PID=285) to work on /home/airflow/.local/lib/python3.8/site-packages/airflow/example_dags/example_latest_only_with_trigger.py
[2023-12-21T19:20:18.846+0000] {processor.py:830} INFO - Processing file /home/airflow/.local/lib/python3.8/site-packages/airflow/example_dags/example_latest_only_with_trigger.py for tasks to queue
[2023-12-21T19:20:18.848+0000] {logging_mixin.py:188} INFO - [2023-12-21T19:20:18.848+0000] {dagbag.py:538} INFO - Filling up the DagBag from /home/airflow/.local/lib/python3.8/site-packages/airflow/example_dags/example_latest_only_with_trigger.py
[2023-12-21T19:20:18.855+0000] {processor.py:840} INFO - DAG(s) 'latest_only_with_trigger' retrieved from /home/airflow/.local/lib/python3.8/site-packages/airflow/example_dags/example_latest_only_with_trigger.py
[2023-12-21T19:20:18.885+0000] {logging_mixin.py:188} INFO - [2023-12-21T19:20:18.885+0000] {dag.py:3033} INFO - Sync 1 DAGs
[2023-12-21T19:20:18.910+0000] {logging_mixin.py:188} INFO - [2023-12-21T19:20:18.910+0000] {dag.py:3820} INFO - Setting next_dagrun for latest_only_with_trigger to 2023-12-21T12:00:00+00:00, run_after=2023-12-21T16:00:00+00:00
[2023-12-21T19:20:18.930+0000] {processor.py:183} INFO - Processing /home/airflow/.local/lib/python3.8/site-packages/airflow/example_dags/example_latest_only_with_trigger.py took 0.098 seconds
[2023-12-21T19:20:49.104+0000] {processor.py:161} INFO - Started process (PID=340) to work on /home/airflow/.local/lib/python3.8/site-packages/airflow/example_dags/example_latest_only_with_trigger.py
[2023-12-21T19:20:49.105+0000] {processor.py:830} INFO - Processing file /home/airflow/.local/lib/python3.8/site-packages/airflow/example_dags/example_latest_only_with_trigger.py for tasks to queue
[2023-12-21T19:20:49.115+0000] {logging_mixin.py:188} INFO - [2023-12-21T19:20:49.114+0000] {dagbag.py:538} INFO - Filling up the DagBag from /home/airflow/.local/lib/python3.8/site-packages/airflow/example_dags/example_latest_only_with_trigger.py
[2023-12-21T19:20:49.130+0000] {processor.py:840} INFO - DAG(s) 'latest_only_with_trigger' retrieved from /home/airflow/.local/lib/python3.8/site-packages/airflow/example_dags/example_latest_only_with_trigger.py
[2023-12-21T19:20:49.210+0000] {logging_mixin.py:188} INFO - [2023-12-21T19:20:49.210+0000] {dag.py:3033} INFO - Sync 1 DAGs
[2023-12-21T19:20:49.256+0000] {logging_mixin.py:188} INFO - [2023-12-21T19:20:49.256+0000] {dag.py:3820} INFO - Setting next_dagrun for latest_only_with_trigger to 2023-12-21T12:00:00+00:00, run_after=2023-12-21T16:00:00+00:00
[2023-12-21T19:20:49.307+0000] {processor.py:183} INFO - Processing /home/airflow/.local/lib/python3.8/site-packages/airflow/example_dags/example_latest_only_with_trigger.py took 0.221 seconds
[2023-12-21T19:21:19.490+0000] {processor.py:161} INFO - Started process (PID=395) to work on /home/airflow/.local/lib/python3.8/site-packages/airflow/example_dags/example_latest_only_with_trigger.py
[2023-12-21T19:21:19.491+0000] {processor.py:830} INFO - Processing file /home/airflow/.local/lib/python3.8/site-packages/airflow/example_dags/example_latest_only_with_trigger.py for tasks to queue
[2023-12-21T19:21:19.494+0000] {logging_mixin.py:188} INFO - [2023-12-21T19:21:19.493+0000] {dagbag.py:538} INFO - Filling up the DagBag from /home/airflow/.local/lib/python3.8/site-packages/airflow/example_dags/example_latest_only_with_trigger.py
[2023-12-21T19:21:19.503+0000] {processor.py:840} INFO - DAG(s) 'latest_only_with_trigger' retrieved from /home/airflow/.local/lib/python3.8/site-packages/airflow/example_dags/example_latest_only_with_trigger.py
[2023-12-21T19:21:19.538+0000] {logging_mixin.py:188} INFO - [2023-12-21T19:21:19.538+0000] {dag.py:3033} INFO - Sync 1 DAGs
[2023-12-21T19:21:19.581+0000] {logging_mixin.py:188} INFO - [2023-12-21T19:21:19.581+0000] {dag.py:3820} INFO - Setting next_dagrun for latest_only_with_trigger to 2023-12-21T12:00:00+00:00, run_after=2023-12-21T16:00:00+00:00
[2023-12-21T19:21:19.615+0000] {processor.py:183} INFO - Processing /home/airflow/.local/lib/python3.8/site-packages/airflow/example_dags/example_latest_only_with_trigger.py took 0.133 seconds
[2023-12-21T19:21:49.690+0000] {processor.py:161} INFO - Started process (PID=450) to work on /home/airflow/.local/lib/python3.8/site-packages/airflow/example_dags/example_latest_only_with_trigger.py
[2023-12-21T19:21:49.691+0000] {processor.py:830} INFO - Processing file /home/airflow/.local/lib/python3.8/site-packages/airflow/example_dags/example_latest_only_with_trigger.py for tasks to queue
[2023-12-21T19:21:49.693+0000] {logging_mixin.py:188} INFO - [2023-12-21T19:21:49.693+0000] {dagbag.py:538} INFO - Filling up the DagBag from /home/airflow/.local/lib/python3.8/site-packages/airflow/example_dags/example_latest_only_with_trigger.py
[2023-12-21T19:21:49.703+0000] {processor.py:840} INFO - DAG(s) 'latest_only_with_trigger' retrieved from /home/airflow/.local/lib/python3.8/site-packages/airflow/example_dags/example_latest_only_with_trigger.py
[2023-12-21T19:21:49.740+0000] {logging_mixin.py:188} INFO - [2023-12-21T19:21:49.740+0000] {dag.py:3033} INFO - Sync 1 DAGs
[2023-12-21T19:21:49.783+0000] {logging_mixin.py:188} INFO - [2023-12-21T19:21:49.783+0000] {dag.py:3820} INFO - Setting next_dagrun for latest_only_with_trigger to 2023-12-21T12:00:00+00:00, run_after=2023-12-21T16:00:00+00:00
[2023-12-21T19:21:49.812+0000] {processor.py:183} INFO - Processing /home/airflow/.local/lib/python3.8/site-packages/airflow/example_dags/example_latest_only_with_trigger.py took 0.126 seconds
[2023-12-21T19:22:20.391+0000] {processor.py:161} INFO - Started process (PID=505) to work on /home/airflow/.local/lib/python3.8/site-packages/airflow/example_dags/example_latest_only_with_trigger.py
[2023-12-21T19:22:20.392+0000] {processor.py:830} INFO - Processing file /home/airflow/.local/lib/python3.8/site-packages/airflow/example_dags/example_latest_only_with_trigger.py for tasks to queue
[2023-12-21T19:22:20.397+0000] {logging_mixin.py:188} INFO - [2023-12-21T19:22:20.396+0000] {dagbag.py:538} INFO - Filling up the DagBag from /home/airflow/.local/lib/python3.8/site-packages/airflow/example_dags/example_latest_only_with_trigger.py
[2023-12-21T19:22:20.409+0000] {processor.py:840} INFO - DAG(s) 'latest_only_with_trigger' retrieved from /home/airflow/.local/lib/python3.8/site-packages/airflow/example_dags/example_latest_only_with_trigger.py
[2023-12-21T19:22:20.448+0000] {logging_mixin.py:188} INFO - [2023-12-21T19:22:20.448+0000] {dag.py:3033} INFO - Sync 1 DAGs
[2023-12-21T19:22:20.517+0000] {logging_mixin.py:188} INFO - [2023-12-21T19:22:20.516+0000] {dag.py:3820} INFO - Setting next_dagrun for latest_only_with_trigger to 2023-12-21T12:00:00+00:00, run_after=2023-12-21T16:00:00+00:00
[2023-12-21T19:22:20.558+0000] {processor.py:183} INFO - Processing /home/airflow/.local/lib/python3.8/site-packages/airflow/example_dags/example_latest_only_with_trigger.py took 0.172 seconds
[2023-12-21T19:22:50.858+0000] {processor.py:161} INFO - Started process (PID=559) to work on /home/airflow/.local/lib/python3.8/site-packages/airflow/example_dags/example_latest_only_with_trigger.py
[2023-12-21T19:22:50.860+0000] {processor.py:830} INFO - Processing file /home/airflow/.local/lib/python3.8/site-packages/airflow/example_dags/example_latest_only_with_trigger.py for tasks to queue
[2023-12-21T19:22:50.864+0000] {logging_mixin.py:188} INFO - [2023-12-21T19:22:50.864+0000] {dagbag.py:538} INFO - Filling up the DagBag from /home/airflow/.local/lib/python3.8/site-packages/airflow/example_dags/example_latest_only_with_trigger.py
[2023-12-21T19:22:50.878+0000] {processor.py:840} INFO - DAG(s) 'latest_only_with_trigger' retrieved from /home/airflow/.local/lib/python3.8/site-packages/airflow/example_dags/example_latest_only_with_trigger.py
[2023-12-21T19:22:50.923+0000] {logging_mixin.py:188} INFO - [2023-12-21T19:22:50.922+0000] {dag.py:3033} INFO - Sync 1 DAGs
[2023-12-21T19:22:50.971+0000] {logging_mixin.py:188} INFO - [2023-12-21T19:22:50.970+0000] {dag.py:3820} INFO - Setting next_dagrun for latest_only_with_trigger to 2023-12-21T12:00:00+00:00, run_after=2023-12-21T16:00:00+00:00
[2023-12-21T19:22:51.008+0000] {processor.py:183} INFO - Processing /home/airflow/.local/lib/python3.8/site-packages/airflow/example_dags/example_latest_only_with_trigger.py took 0.159 seconds
[2023-12-21T19:23:21.766+0000] {processor.py:161} INFO - Started process (PID=619) to work on /home/airflow/.local/lib/python3.8/site-packages/airflow/example_dags/example_latest_only_with_trigger.py
[2023-12-21T19:23:21.768+0000] {processor.py:830} INFO - Processing file /home/airflow/.local/lib/python3.8/site-packages/airflow/example_dags/example_latest_only_with_trigger.py for tasks to queue
[2023-12-21T19:23:21.773+0000] {logging_mixin.py:188} INFO - [2023-12-21T19:23:21.773+0000] {dagbag.py:538} INFO - Filling up the DagBag from /home/airflow/.local/lib/python3.8/site-packages/airflow/example_dags/example_latest_only_with_trigger.py
[2023-12-21T19:23:21.784+0000] {processor.py:840} INFO - DAG(s) 'latest_only_with_trigger' retrieved from /home/airflow/.local/lib/python3.8/site-packages/airflow/example_dags/example_latest_only_with_trigger.py
[2023-12-21T19:23:21.825+0000] {logging_mixin.py:188} INFO - [2023-12-21T19:23:21.825+0000] {dag.py:3033} INFO - Sync 1 DAGs
[2023-12-21T19:23:21.875+0000] {logging_mixin.py:188} INFO - [2023-12-21T19:23:21.875+0000] {dag.py:3820} INFO - Setting next_dagrun for latest_only_with_trigger to 2023-12-21T12:00:00+00:00, run_after=2023-12-21T16:00:00+00:00
[2023-12-21T19:23:21.910+0000] {processor.py:183} INFO - Processing /home/airflow/.local/lib/python3.8/site-packages/airflow/example_dags/example_latest_only_with_trigger.py took 0.150 seconds
[2023-12-21T19:23:52.787+0000] {processor.py:161} INFO - Started process (PID=673) to work on /home/airflow/.local/lib/python3.8/site-packages/airflow/example_dags/example_latest_only_with_trigger.py
[2023-12-21T19:23:52.789+0000] {processor.py:830} INFO - Processing file /home/airflow/.local/lib/python3.8/site-packages/airflow/example_dags/example_latest_only_with_trigger.py for tasks to queue
[2023-12-21T19:23:52.794+0000] {logging_mixin.py:188} INFO - [2023-12-21T19:23:52.793+0000] {dagbag.py:538} INFO - Filling up the DagBag from /home/airflow/.local/lib/python3.8/site-packages/airflow/example_dags/example_latest_only_with_trigger.py
[2023-12-21T19:23:52.805+0000] {processor.py:840} INFO - DAG(s) 'latest_only_with_trigger' retrieved from /home/airflow/.local/lib/python3.8/site-packages/airflow/example_dags/example_latest_only_with_trigger.py
[2023-12-21T19:23:52.852+0000] {logging_mixin.py:188} INFO - [2023-12-21T19:23:52.851+0000] {dag.py:3033} INFO - Sync 1 DAGs
[2023-12-21T19:23:52.903+0000] {logging_mixin.py:188} INFO - [2023-12-21T19:23:52.903+0000] {dag.py:3820} INFO - Setting next_dagrun for latest_only_with_trigger to 2023-12-21T12:00:00+00:00, run_after=2023-12-21T16:00:00+00:00
[2023-12-21T19:23:52.942+0000] {processor.py:183} INFO - Processing /home/airflow/.local/lib/python3.8/site-packages/airflow/example_dags/example_latest_only_with_trigger.py took 0.172 seconds
[2023-12-21T19:24:23.770+0000] {processor.py:161} INFO - Started process (PID=728) to work on /home/airflow/.local/lib/python3.8/site-packages/airflow/example_dags/example_latest_only_with_trigger.py
[2023-12-21T19:24:23.771+0000] {processor.py:830} INFO - Processing file /home/airflow/.local/lib/python3.8/site-packages/airflow/example_dags/example_latest_only_with_trigger.py for tasks to queue
[2023-12-21T19:24:23.774+0000] {logging_mixin.py:188} INFO - [2023-12-21T19:24:23.774+0000] {dagbag.py:538} INFO - Filling up the DagBag from /home/airflow/.local/lib/python3.8/site-packages/airflow/example_dags/example_latest_only_with_trigger.py
[2023-12-21T19:24:23.784+0000] {processor.py:840} INFO - DAG(s) 'latest_only_with_trigger' retrieved from /home/airflow/.local/lib/python3.8/site-packages/airflow/example_dags/example_latest_only_with_trigger.py
[2023-12-21T19:24:23.834+0000] {logging_mixin.py:188} INFO - [2023-12-21T19:24:23.833+0000] {dag.py:3033} INFO - Sync 1 DAGs
[2023-12-21T19:24:23.894+0000] {logging_mixin.py:188} INFO - [2023-12-21T19:24:23.893+0000] {dag.py:3820} INFO - Setting next_dagrun for latest_only_with_trigger to 2023-12-21T12:00:00+00:00, run_after=2023-12-21T16:00:00+00:00
[2023-12-21T19:24:23.933+0000] {processor.py:183} INFO - Processing /home/airflow/.local/lib/python3.8/site-packages/airflow/example_dags/example_latest_only_with_trigger.py took 0.171 seconds
[2023-12-21T19:24:54.115+0000] {processor.py:161} INFO - Started process (PID=783) to work on /home/airflow/.local/lib/python3.8/site-packages/airflow/example_dags/example_latest_only_with_trigger.py
[2023-12-21T19:24:54.117+0000] {processor.py:830} INFO - Processing file /home/airflow/.local/lib/python3.8/site-packages/airflow/example_dags/example_latest_only_with_trigger.py for tasks to queue
[2023-12-21T19:24:54.121+0000] {logging_mixin.py:188} INFO - [2023-12-21T19:24:54.120+0000] {dagbag.py:538} INFO - Filling up the DagBag from /home/airflow/.local/lib/python3.8/site-packages/airflow/example_dags/example_latest_only_with_trigger.py
[2023-12-21T19:24:54.132+0000] {processor.py:840} INFO - DAG(s) 'latest_only_with_trigger' retrieved from /home/airflow/.local/lib/python3.8/site-packages/airflow/example_dags/example_latest_only_with_trigger.py
[2023-12-21T19:24:54.186+0000] {logging_mixin.py:188} INFO - [2023-12-21T19:24:54.186+0000] {dag.py:3033} INFO - Sync 1 DAGs
[2023-12-21T19:24:54.232+0000] {logging_mixin.py:188} INFO - [2023-12-21T19:24:54.231+0000] {dag.py:3820} INFO - Setting next_dagrun for latest_only_with_trigger to 2023-12-21T12:00:00+00:00, run_after=2023-12-21T16:00:00+00:00
[2023-12-21T19:24:54.275+0000] {processor.py:183} INFO - Processing /home/airflow/.local/lib/python3.8/site-packages/airflow/example_dags/example_latest_only_with_trigger.py took 0.166 seconds
[2023-12-21T19:25:24.795+0000] {processor.py:161} INFO - Started process (PID=838) to work on /home/airflow/.local/lib/python3.8/site-packages/airflow/example_dags/example_latest_only_with_trigger.py
[2023-12-21T19:25:24.797+0000] {processor.py:830} INFO - Processing file /home/airflow/.local/lib/python3.8/site-packages/airflow/example_dags/example_latest_only_with_trigger.py for tasks to queue
[2023-12-21T19:25:24.802+0000] {logging_mixin.py:188} INFO - [2023-12-21T19:25:24.801+0000] {dagbag.py:538} INFO - Filling up the DagBag from /home/airflow/.local/lib/python3.8/site-packages/airflow/example_dags/example_latest_only_with_trigger.py
[2023-12-21T19:25:24.810+0000] {processor.py:840} INFO - DAG(s) 'latest_only_with_trigger' retrieved from /home/airflow/.local/lib/python3.8/site-packages/airflow/example_dags/example_latest_only_with_trigger.py
[2023-12-21T19:25:24.853+0000] {logging_mixin.py:188} INFO - [2023-12-21T19:25:24.852+0000] {dag.py:3033} INFO - Sync 1 DAGs
[2023-12-21T19:25:24.897+0000] {logging_mixin.py:188} INFO - [2023-12-21T19:25:24.897+0000] {dag.py:3820} INFO - Setting next_dagrun for latest_only_with_trigger to 2023-12-21T12:00:00+00:00, run_after=2023-12-21T16:00:00+00:00
[2023-12-21T19:25:24.935+0000] {processor.py:183} INFO - Processing /home/airflow/.local/lib/python3.8/site-packages/airflow/example_dags/example_latest_only_with_trigger.py took 0.145 seconds
[2023-12-21T19:25:55.541+0000] {processor.py:161} INFO - Started process (PID=892) to work on /home/airflow/.local/lib/python3.8/site-packages/airflow/example_dags/example_latest_only_with_trigger.py
[2023-12-21T19:25:55.542+0000] {processor.py:830} INFO - Processing file /home/airflow/.local/lib/python3.8/site-packages/airflow/example_dags/example_latest_only_with_trigger.py for tasks to queue
[2023-12-21T19:25:55.545+0000] {logging_mixin.py:188} INFO - [2023-12-21T19:25:55.544+0000] {dagbag.py:538} INFO - Filling up the DagBag from /home/airflow/.local/lib/python3.8/site-packages/airflow/example_dags/example_latest_only_with_trigger.py
[2023-12-21T19:25:55.554+0000] {processor.py:840} INFO - DAG(s) 'latest_only_with_trigger' retrieved from /home/airflow/.local/lib/python3.8/site-packages/airflow/example_dags/example_latest_only_with_trigger.py
[2023-12-21T19:25:55.594+0000] {logging_mixin.py:188} INFO - [2023-12-21T19:25:55.594+0000] {dag.py:3033} INFO - Sync 1 DAGs
[2023-12-21T19:25:55.643+0000] {logging_mixin.py:188} INFO - [2023-12-21T19:25:55.643+0000] {dag.py:3820} INFO - Setting next_dagrun for latest_only_with_trigger to 2023-12-21T12:00:00+00:00, run_after=2023-12-21T16:00:00+00:00
[2023-12-21T19:25:55.681+0000] {processor.py:183} INFO - Processing /home/airflow/.local/lib/python3.8/site-packages/airflow/example_dags/example_latest_only_with_trigger.py took 0.148 seconds
[2023-12-21T19:26:26.154+0000] {processor.py:161} INFO - Started process (PID=947) to work on /home/airflow/.local/lib/python3.8/site-packages/airflow/example_dags/example_latest_only_with_trigger.py
[2023-12-21T19:26:26.155+0000] {processor.py:830} INFO - Processing file /home/airflow/.local/lib/python3.8/site-packages/airflow/example_dags/example_latest_only_with_trigger.py for tasks to queue
[2023-12-21T19:26:26.158+0000] {logging_mixin.py:188} INFO - [2023-12-21T19:26:26.158+0000] {dagbag.py:538} INFO - Filling up the DagBag from /home/airflow/.local/lib/python3.8/site-packages/airflow/example_dags/example_latest_only_with_trigger.py
[2023-12-21T19:26:26.169+0000] {processor.py:840} INFO - DAG(s) 'latest_only_with_trigger' retrieved from /home/airflow/.local/lib/python3.8/site-packages/airflow/example_dags/example_latest_only_with_trigger.py
[2023-12-21T19:26:26.204+0000] {logging_mixin.py:188} INFO - [2023-12-21T19:26:26.204+0000] {dag.py:3033} INFO - Sync 1 DAGs
[2023-12-21T19:26:26.251+0000] {logging_mixin.py:188} INFO - [2023-12-21T19:26:26.251+0000] {dag.py:3820} INFO - Setting next_dagrun for latest_only_with_trigger to 2023-12-21T12:00:00+00:00, run_after=2023-12-21T16:00:00+00:00
[2023-12-21T19:26:26.293+0000] {processor.py:183} INFO - Processing /home/airflow/.local/lib/python3.8/site-packages/airflow/example_dags/example_latest_only_with_trigger.py took 0.148 seconds
[2023-12-21T19:26:56.518+0000] {processor.py:161} INFO - Started process (PID=1002) to work on /home/airflow/.local/lib/python3.8/site-packages/airflow/example_dags/example_latest_only_with_trigger.py
[2023-12-21T19:26:56.521+0000] {processor.py:830} INFO - Processing file /home/airflow/.local/lib/python3.8/site-packages/airflow/example_dags/example_latest_only_with_trigger.py for tasks to queue
[2023-12-21T19:26:56.524+0000] {logging_mixin.py:188} INFO - [2023-12-21T19:26:56.524+0000] {dagbag.py:538} INFO - Filling up the DagBag from /home/airflow/.local/lib/python3.8/site-packages/airflow/example_dags/example_latest_only_with_trigger.py
[2023-12-21T19:26:56.532+0000] {processor.py:840} INFO - DAG(s) 'latest_only_with_trigger' retrieved from /home/airflow/.local/lib/python3.8/site-packages/airflow/example_dags/example_latest_only_with_trigger.py
[2023-12-21T19:26:56.581+0000] {logging_mixin.py:188} INFO - [2023-12-21T19:26:56.580+0000] {dag.py:3033} INFO - Sync 1 DAGs
[2023-12-21T19:26:56.632+0000] {logging_mixin.py:188} INFO - [2023-12-21T19:26:56.632+0000] {dag.py:3820} INFO - Setting next_dagrun for latest_only_with_trigger to 2023-12-21T12:00:00+00:00, run_after=2023-12-21T16:00:00+00:00
[2023-12-21T19:26:56.672+0000] {processor.py:183} INFO - Processing /home/airflow/.local/lib/python3.8/site-packages/airflow/example_dags/example_latest_only_with_trigger.py took 0.161 seconds
[2023-12-21T19:27:26.851+0000] {processor.py:161} INFO - Started process (PID=1056) to work on /home/airflow/.local/lib/python3.8/site-packages/airflow/example_dags/example_latest_only_with_trigger.py
[2023-12-21T19:27:26.852+0000] {processor.py:830} INFO - Processing file /home/airflow/.local/lib/python3.8/site-packages/airflow/example_dags/example_latest_only_with_trigger.py for tasks to queue
[2023-12-21T19:27:26.855+0000] {logging_mixin.py:188} INFO - [2023-12-21T19:27:26.855+0000] {dagbag.py:538} INFO - Filling up the DagBag from /home/airflow/.local/lib/python3.8/site-packages/airflow/example_dags/example_latest_only_with_trigger.py
[2023-12-21T19:27:26.865+0000] {processor.py:840} INFO - DAG(s) 'latest_only_with_trigger' retrieved from /home/airflow/.local/lib/python3.8/site-packages/airflow/example_dags/example_latest_only_with_trigger.py
[2023-12-21T19:27:26.904+0000] {logging_mixin.py:188} INFO - [2023-12-21T19:27:26.904+0000] {dag.py:3033} INFO - Sync 1 DAGs
[2023-12-21T19:27:26.943+0000] {logging_mixin.py:188} INFO - [2023-12-21T19:27:26.943+0000] {dag.py:3820} INFO - Setting next_dagrun for latest_only_with_trigger to 2023-12-21T12:00:00+00:00, run_after=2023-12-21T16:00:00+00:00
[2023-12-21T19:27:26.982+0000] {processor.py:183} INFO - Processing /home/airflow/.local/lib/python3.8/site-packages/airflow/example_dags/example_latest_only_with_trigger.py took 0.139 seconds
[2023-12-21T19:27:57.627+0000] {processor.py:161} INFO - Started process (PID=1112) to work on /home/airflow/.local/lib/python3.8/site-packages/airflow/example_dags/example_latest_only_with_trigger.py
[2023-12-21T19:27:57.629+0000] {processor.py:830} INFO - Processing file /home/airflow/.local/lib/python3.8/site-packages/airflow/example_dags/example_latest_only_with_trigger.py for tasks to queue
[2023-12-21T19:27:57.633+0000] {logging_mixin.py:188} INFO - [2023-12-21T19:27:57.632+0000] {dagbag.py:538} INFO - Filling up the DagBag from /home/airflow/.local/lib/python3.8/site-packages/airflow/example_dags/example_latest_only_with_trigger.py
[2023-12-21T19:27:57.645+0000] {processor.py:840} INFO - DAG(s) 'latest_only_with_trigger' retrieved from /home/airflow/.local/lib/python3.8/site-packages/airflow/example_dags/example_latest_only_with_trigger.py
[2023-12-21T19:27:57.697+0000] {logging_mixin.py:188} INFO - [2023-12-21T19:27:57.696+0000] {dag.py:3033} INFO - Sync 1 DAGs
[2023-12-21T19:27:57.737+0000] {logging_mixin.py:188} INFO - [2023-12-21T19:27:57.737+0000] {dag.py:3820} INFO - Setting next_dagrun for latest_only_with_trigger to 2023-12-21T12:00:00+00:00, run_after=2023-12-21T16:00:00+00:00
[2023-12-21T19:27:57.776+0000] {processor.py:183} INFO - Processing /home/airflow/.local/lib/python3.8/site-packages/airflow/example_dags/example_latest_only_with_trigger.py took 0.155 seconds
[2023-12-21T19:28:28.011+0000] {processor.py:161} INFO - Started process (PID=1166) to work on /home/airflow/.local/lib/python3.8/site-packages/airflow/example_dags/example_latest_only_with_trigger.py
[2023-12-21T19:28:28.013+0000] {processor.py:830} INFO - Processing file /home/airflow/.local/lib/python3.8/site-packages/airflow/example_dags/example_latest_only_with_trigger.py for tasks to queue
[2023-12-21T19:28:28.016+0000] {logging_mixin.py:188} INFO - [2023-12-21T19:28:28.015+0000] {dagbag.py:538} INFO - Filling up the DagBag from /home/airflow/.local/lib/python3.8/site-packages/airflow/example_dags/example_latest_only_with_trigger.py
[2023-12-21T19:28:28.027+0000] {processor.py:840} INFO - DAG(s) 'latest_only_with_trigger' retrieved from /home/airflow/.local/lib/python3.8/site-packages/airflow/example_dags/example_latest_only_with_trigger.py
[2023-12-21T19:28:28.081+0000] {logging_mixin.py:188} INFO - [2023-12-21T19:28:28.081+0000] {dag.py:3033} INFO - Sync 1 DAGs
[2023-12-21T19:28:28.131+0000] {logging_mixin.py:188} INFO - [2023-12-21T19:28:28.131+0000] {dag.py:3820} INFO - Setting next_dagrun for latest_only_with_trigger to 2023-12-21T12:00:00+00:00, run_after=2023-12-21T16:00:00+00:00
[2023-12-21T19:28:28.167+0000] {processor.py:183} INFO - Processing /home/airflow/.local/lib/python3.8/site-packages/airflow/example_dags/example_latest_only_with_trigger.py took 0.162 seconds
[2023-12-21T19:28:58.627+0000] {processor.py:161} INFO - Started process (PID=1221) to work on /home/airflow/.local/lib/python3.8/site-packages/airflow/example_dags/example_latest_only_with_trigger.py
[2023-12-21T19:28:58.628+0000] {processor.py:830} INFO - Processing file /home/airflow/.local/lib/python3.8/site-packages/airflow/example_dags/example_latest_only_with_trigger.py for tasks to queue
[2023-12-21T19:28:58.632+0000] {logging_mixin.py:188} INFO - [2023-12-21T19:28:58.632+0000] {dagbag.py:538} INFO - Filling up the DagBag from /home/airflow/.local/lib/python3.8/site-packages/airflow/example_dags/example_latest_only_with_trigger.py
[2023-12-21T19:28:58.644+0000] {processor.py:840} INFO - DAG(s) 'latest_only_with_trigger' retrieved from /home/airflow/.local/lib/python3.8/site-packages/airflow/example_dags/example_latest_only_with_trigger.py
[2023-12-21T19:28:58.682+0000] {logging_mixin.py:188} INFO - [2023-12-21T19:28:58.681+0000] {dag.py:3033} INFO - Sync 1 DAGs
[2023-12-21T19:28:58.719+0000] {logging_mixin.py:188} INFO - [2023-12-21T19:28:58.719+0000] {dag.py:3820} INFO - Setting next_dagrun for latest_only_with_trigger to 2023-12-21T12:00:00+00:00, run_after=2023-12-21T16:00:00+00:00
[2023-12-21T19:28:58.756+0000] {processor.py:183} INFO - Processing /home/airflow/.local/lib/python3.8/site-packages/airflow/example_dags/example_latest_only_with_trigger.py took 0.135 seconds
[2023-12-21T19:29:28.979+0000] {processor.py:161} INFO - Started process (PID=1276) to work on /home/airflow/.local/lib/python3.8/site-packages/airflow/example_dags/example_latest_only_with_trigger.py
[2023-12-21T19:29:28.981+0000] {processor.py:830} INFO - Processing file /home/airflow/.local/lib/python3.8/site-packages/airflow/example_dags/example_latest_only_with_trigger.py for tasks to queue
[2023-12-21T19:29:28.984+0000] {logging_mixin.py:188} INFO - [2023-12-21T19:29:28.984+0000] {dagbag.py:538} INFO - Filling up the DagBag from /home/airflow/.local/lib/python3.8/site-packages/airflow/example_dags/example_latest_only_with_trigger.py
[2023-12-21T19:29:28.995+0000] {processor.py:840} INFO - DAG(s) 'latest_only_with_trigger' retrieved from /home/airflow/.local/lib/python3.8/site-packages/airflow/example_dags/example_latest_only_with_trigger.py
[2023-12-21T19:29:29.045+0000] {logging_mixin.py:188} INFO - [2023-12-21T19:29:29.045+0000] {dag.py:3033} INFO - Sync 1 DAGs
[2023-12-21T19:29:29.098+0000] {logging_mixin.py:188} INFO - [2023-12-21T19:29:29.097+0000] {dag.py:3820} INFO - Setting next_dagrun for latest_only_with_trigger to 2023-12-21T12:00:00+00:00, run_after=2023-12-21T16:00:00+00:00
[2023-12-21T19:29:29.134+0000] {processor.py:183} INFO - Processing /home/airflow/.local/lib/python3.8/site-packages/airflow/example_dags/example_latest_only_with_trigger.py took 0.162 seconds
[2023-12-21T19:29:59.261+0000] {processor.py:161} INFO - Started process (PID=1331) to work on /home/airflow/.local/lib/python3.8/site-packages/airflow/example_dags/example_latest_only_with_trigger.py
[2023-12-21T19:29:59.265+0000] {processor.py:830} INFO - Processing file /home/airflow/.local/lib/python3.8/site-packages/airflow/example_dags/example_latest_only_with_trigger.py for tasks to queue
[2023-12-21T19:29:59.269+0000] {logging_mixin.py:188} INFO - [2023-12-21T19:29:59.268+0000] {dagbag.py:538} INFO - Filling up the DagBag from /home/airflow/.local/lib/python3.8/site-packages/airflow/example_dags/example_latest_only_with_trigger.py
[2023-12-21T19:29:59.280+0000] {processor.py:840} INFO - DAG(s) 'latest_only_with_trigger' retrieved from /home/airflow/.local/lib/python3.8/site-packages/airflow/example_dags/example_latest_only_with_trigger.py
[2023-12-21T19:29:59.321+0000] {logging_mixin.py:188} INFO - [2023-12-21T19:29:59.321+0000] {dag.py:3033} INFO - Sync 1 DAGs
[2023-12-21T19:29:59.363+0000] {logging_mixin.py:188} INFO - [2023-12-21T19:29:59.363+0000] {dag.py:3820} INFO - Setting next_dagrun for latest_only_with_trigger to 2023-12-21T12:00:00+00:00, run_after=2023-12-21T16:00:00+00:00
[2023-12-21T19:29:59.394+0000] {processor.py:183} INFO - Processing /home/airflow/.local/lib/python3.8/site-packages/airflow/example_dags/example_latest_only_with_trigger.py took 0.140 seconds
[2023-12-21T19:30:30.053+0000] {processor.py:161} INFO - Started process (PID=1385) to work on /home/airflow/.local/lib/python3.8/site-packages/airflow/example_dags/example_latest_only_with_trigger.py
[2023-12-21T19:30:30.055+0000] {processor.py:830} INFO - Processing file /home/airflow/.local/lib/python3.8/site-packages/airflow/example_dags/example_latest_only_with_trigger.py for tasks to queue
[2023-12-21T19:30:30.059+0000] {logging_mixin.py:188} INFO - [2023-12-21T19:30:30.058+0000] {dagbag.py:538} INFO - Filling up the DagBag from /home/airflow/.local/lib/python3.8/site-packages/airflow/example_dags/example_latest_only_with_trigger.py
[2023-12-21T19:30:30.070+0000] {processor.py:840} INFO - DAG(s) 'latest_only_with_trigger' retrieved from /home/airflow/.local/lib/python3.8/site-packages/airflow/example_dags/example_latest_only_with_trigger.py
[2023-12-21T19:30:30.113+0000] {logging_mixin.py:188} INFO - [2023-12-21T19:30:30.113+0000] {dag.py:3033} INFO - Sync 1 DAGs
[2023-12-21T19:30:30.163+0000] {logging_mixin.py:188} INFO - [2023-12-21T19:30:30.163+0000] {dag.py:3820} INFO - Setting next_dagrun for latest_only_with_trigger to 2023-12-21T12:00:00+00:00, run_after=2023-12-21T16:00:00+00:00
[2023-12-21T19:30:30.206+0000] {processor.py:183} INFO - Processing /home/airflow/.local/lib/python3.8/site-packages/airflow/example_dags/example_latest_only_with_trigger.py took 0.159 seconds
[2023-12-21T19:31:00.377+0000] {processor.py:161} INFO - Started process (PID=1439) to work on /home/airflow/.local/lib/python3.8/site-packages/airflow/example_dags/example_latest_only_with_trigger.py
[2023-12-21T19:31:00.378+0000] {processor.py:830} INFO - Processing file /home/airflow/.local/lib/python3.8/site-packages/airflow/example_dags/example_latest_only_with_trigger.py for tasks to queue
[2023-12-21T19:31:00.382+0000] {logging_mixin.py:188} INFO - [2023-12-21T19:31:00.381+0000] {dagbag.py:538} INFO - Filling up the DagBag from /home/airflow/.local/lib/python3.8/site-packages/airflow/example_dags/example_latest_only_with_trigger.py
[2023-12-21T19:31:00.392+0000] {processor.py:840} INFO - DAG(s) 'latest_only_with_trigger' retrieved from /home/airflow/.local/lib/python3.8/site-packages/airflow/example_dags/example_latest_only_with_trigger.py
[2023-12-21T19:31:00.424+0000] {logging_mixin.py:188} INFO - [2023-12-21T19:31:00.424+0000] {dag.py:3033} INFO - Sync 1 DAGs
[2023-12-21T19:31:00.463+0000] {logging_mixin.py:188} INFO - [2023-12-21T19:31:00.463+0000] {dag.py:3820} INFO - Setting next_dagrun for latest_only_with_trigger to 2023-12-21T12:00:00+00:00, run_after=2023-12-21T16:00:00+00:00
[2023-12-21T19:31:00.493+0000] {processor.py:183} INFO - Processing /home/airflow/.local/lib/python3.8/site-packages/airflow/example_dags/example_latest_only_with_trigger.py took 0.121 seconds
[2023-12-21T19:31:30.599+0000] {processor.py:161} INFO - Started process (PID=1494) to work on /home/airflow/.local/lib/python3.8/site-packages/airflow/example_dags/example_latest_only_with_trigger.py
[2023-12-21T19:31:30.600+0000] {processor.py:830} INFO - Processing file /home/airflow/.local/lib/python3.8/site-packages/airflow/example_dags/example_latest_only_with_trigger.py for tasks to queue
[2023-12-21T19:31:30.604+0000] {logging_mixin.py:188} INFO - [2023-12-21T19:31:30.603+0000] {dagbag.py:538} INFO - Filling up the DagBag from /home/airflow/.local/lib/python3.8/site-packages/airflow/example_dags/example_latest_only_with_trigger.py
[2023-12-21T19:31:30.611+0000] {processor.py:840} INFO - DAG(s) 'latest_only_with_trigger' retrieved from /home/airflow/.local/lib/python3.8/site-packages/airflow/example_dags/example_latest_only_with_trigger.py
[2023-12-21T19:31:30.646+0000] {logging_mixin.py:188} INFO - [2023-12-21T19:31:30.646+0000] {dag.py:3033} INFO - Sync 1 DAGs
[2023-12-21T19:31:30.684+0000] {logging_mixin.py:188} INFO - [2023-12-21T19:31:30.684+0000] {dag.py:3820} INFO - Setting next_dagrun for latest_only_with_trigger to 2023-12-21T12:00:00+00:00, run_after=2023-12-21T16:00:00+00:00
[2023-12-21T19:31:30.716+0000] {processor.py:183} INFO - Processing /home/airflow/.local/lib/python3.8/site-packages/airflow/example_dags/example_latest_only_with_trigger.py took 0.121 seconds
[2023-12-21T19:34:31.116+0000] {processor.py:161} INFO - Started process (PID=63) to work on /home/airflow/.local/lib/python3.8/site-packages/airflow/example_dags/example_latest_only_with_trigger.py
[2023-12-21T19:34:31.119+0000] {processor.py:830} INFO - Processing file /home/airflow/.local/lib/python3.8/site-packages/airflow/example_dags/example_latest_only_with_trigger.py for tasks to queue
[2023-12-21T19:34:31.135+0000] {logging_mixin.py:188} INFO - [2023-12-21T19:34:31.122+0000] {dagbag.py:538} INFO - Filling up the DagBag from /home/airflow/.local/lib/python3.8/site-packages/airflow/example_dags/example_latest_only_with_trigger.py
[2023-12-21T19:34:31.151+0000] {processor.py:840} INFO - DAG(s) 'latest_only_with_trigger' retrieved from /home/airflow/.local/lib/python3.8/site-packages/airflow/example_dags/example_latest_only_with_trigger.py
[2023-12-21T19:34:31.360+0000] {logging_mixin.py:188} INFO - [2023-12-21T19:34:31.359+0000] {dag.py:3033} INFO - Sync 1 DAGs
[2023-12-21T19:34:31.398+0000] {logging_mixin.py:188} INFO - [2023-12-21T19:34:31.397+0000] {dag.py:3820} INFO - Setting next_dagrun for latest_only_with_trigger to 2023-12-21T12:00:00+00:00, run_after=2023-12-21T16:00:00+00:00
[2023-12-21T19:34:31.432+0000] {processor.py:183} INFO - Processing /home/airflow/.local/lib/python3.8/site-packages/airflow/example_dags/example_latest_only_with_trigger.py took 0.325 seconds
