[2023-12-21T19:11:54.672+0000] {processor.py:161} INFO - Started process (PID=39) to work on /home/airflow/.local/lib/python3.8/site-packages/airflow/example_dags/example_branch_day_of_week_operator.py
[2023-12-21T19:11:54.674+0000] {processor.py:830} INFO - Processing file /home/airflow/.local/lib/python3.8/site-packages/airflow/example_dags/example_branch_day_of_week_operator.py for tasks to queue
[2023-12-21T19:11:54.677+0000] {logging_mixin.py:188} INFO - [2023-12-21T19:11:54.677+0000] {dagbag.py:538} INFO - Filling up the DagBag from /home/airflow/.local/lib/python3.8/site-packages/airflow/example_dags/example_branch_day_of_week_operator.py
[2023-12-21T19:11:54.694+0000] {processor.py:840} INFO - DAG(s) 'example_weekday_branch_operator' retrieved from /home/airflow/.local/lib/python3.8/site-packages/airflow/example_dags/example_branch_day_of_week_operator.py
[2023-12-21T19:11:54.912+0000] {logging_mixin.py:188} INFO - [2023-12-21T19:11:54.912+0000] {dag.py:3033} INFO - Sync 1 DAGs
[2023-12-21T19:11:54.952+0000] {logging_mixin.py:188} INFO - [2023-12-21T19:11:54.951+0000] {dag.py:3820} INFO - Setting next_dagrun for example_weekday_branch_operator to 2023-12-20T00:00:00+00:00, run_after=2023-12-21T00:00:00+00:00
[2023-12-21T19:11:54.985+0000] {processor.py:183} INFO - Processing /home/airflow/.local/lib/python3.8/site-packages/airflow/example_dags/example_branch_day_of_week_operator.py took 0.318 seconds
[2023-12-21T19:12:25.331+0000] {processor.py:161} INFO - Started process (PID=93) to work on /home/airflow/.local/lib/python3.8/site-packages/airflow/example_dags/example_branch_day_of_week_operator.py
[2023-12-21T19:12:25.341+0000] {processor.py:830} INFO - Processing file /home/airflow/.local/lib/python3.8/site-packages/airflow/example_dags/example_branch_day_of_week_operator.py for tasks to queue
[2023-12-21T19:12:25.344+0000] {logging_mixin.py:188} INFO - [2023-12-21T19:12:25.343+0000] {dagbag.py:538} INFO - Filling up the DagBag from /home/airflow/.local/lib/python3.8/site-packages/airflow/example_dags/example_branch_day_of_week_operator.py
[2023-12-21T19:12:25.359+0000] {processor.py:840} INFO - DAG(s) 'example_weekday_branch_operator' retrieved from /home/airflow/.local/lib/python3.8/site-packages/airflow/example_dags/example_branch_day_of_week_operator.py
[2023-12-21T19:12:25.390+0000] {logging_mixin.py:188} INFO - [2023-12-21T19:12:25.389+0000] {dag.py:3033} INFO - Sync 1 DAGs
[2023-12-21T19:12:25.421+0000] {logging_mixin.py:188} INFO - [2023-12-21T19:12:25.421+0000] {dag.py:3820} INFO - Setting next_dagrun for example_weekday_branch_operator to 2023-12-20T00:00:00+00:00, run_after=2023-12-21T00:00:00+00:00
[2023-12-21T19:12:25.448+0000] {processor.py:183} INFO - Processing /home/airflow/.local/lib/python3.8/site-packages/airflow/example_dags/example_branch_day_of_week_operator.py took 0.122 seconds
[2023-12-21T19:12:55.593+0000] {processor.py:161} INFO - Started process (PID=148) to work on /home/airflow/.local/lib/python3.8/site-packages/airflow/example_dags/example_branch_day_of_week_operator.py
[2023-12-21T19:12:55.594+0000] {processor.py:830} INFO - Processing file /home/airflow/.local/lib/python3.8/site-packages/airflow/example_dags/example_branch_day_of_week_operator.py for tasks to queue
[2023-12-21T19:12:55.598+0000] {logging_mixin.py:188} INFO - [2023-12-21T19:12:55.598+0000] {dagbag.py:538} INFO - Filling up the DagBag from /home/airflow/.local/lib/python3.8/site-packages/airflow/example_dags/example_branch_day_of_week_operator.py
[2023-12-21T19:12:55.614+0000] {processor.py:840} INFO - DAG(s) 'example_weekday_branch_operator' retrieved from /home/airflow/.local/lib/python3.8/site-packages/airflow/example_dags/example_branch_day_of_week_operator.py
[2023-12-21T19:12:55.675+0000] {logging_mixin.py:188} INFO - [2023-12-21T19:12:55.674+0000] {dag.py:3033} INFO - Sync 1 DAGs
[2023-12-21T19:12:55.732+0000] {logging_mixin.py:188} INFO - [2023-12-21T19:12:55.731+0000] {dag.py:3820} INFO - Setting next_dagrun for example_weekday_branch_operator to 2023-12-20T00:00:00+00:00, run_after=2023-12-21T00:00:00+00:00
[2023-12-21T19:12:55.777+0000] {processor.py:183} INFO - Processing /home/airflow/.local/lib/python3.8/site-packages/airflow/example_dags/example_branch_day_of_week_operator.py took 0.196 seconds
[2023-12-21T19:13:26.264+0000] {processor.py:161} INFO - Started process (PID=203) to work on /home/airflow/.local/lib/python3.8/site-packages/airflow/example_dags/example_branch_day_of_week_operator.py
[2023-12-21T19:13:26.265+0000] {processor.py:830} INFO - Processing file /home/airflow/.local/lib/python3.8/site-packages/airflow/example_dags/example_branch_day_of_week_operator.py for tasks to queue
[2023-12-21T19:13:26.267+0000] {logging_mixin.py:188} INFO - [2023-12-21T19:13:26.267+0000] {dagbag.py:538} INFO - Filling up the DagBag from /home/airflow/.local/lib/python3.8/site-packages/airflow/example_dags/example_branch_day_of_week_operator.py
[2023-12-21T19:13:26.275+0000] {processor.py:840} INFO - DAG(s) 'example_weekday_branch_operator' retrieved from /home/airflow/.local/lib/python3.8/site-packages/airflow/example_dags/example_branch_day_of_week_operator.py
[2023-12-21T19:13:26.299+0000] {logging_mixin.py:188} INFO - [2023-12-21T19:13:26.298+0000] {dag.py:3033} INFO - Sync 1 DAGs
[2023-12-21T19:13:26.329+0000] {logging_mixin.py:188} INFO - [2023-12-21T19:13:26.329+0000] {dag.py:3820} INFO - Setting next_dagrun for example_weekday_branch_operator to 2023-12-20T00:00:00+00:00, run_after=2023-12-21T00:00:00+00:00
[2023-12-21T19:13:26.360+0000] {processor.py:183} INFO - Processing /home/airflow/.local/lib/python3.8/site-packages/airflow/example_dags/example_branch_day_of_week_operator.py took 0.100 seconds
[2023-12-21T19:13:56.746+0000] {processor.py:161} INFO - Started process (PID=258) to work on /home/airflow/.local/lib/python3.8/site-packages/airflow/example_dags/example_branch_day_of_week_operator.py
[2023-12-21T19:13:56.747+0000] {processor.py:830} INFO - Processing file /home/airflow/.local/lib/python3.8/site-packages/airflow/example_dags/example_branch_day_of_week_operator.py for tasks to queue
[2023-12-21T19:13:56.750+0000] {logging_mixin.py:188} INFO - [2023-12-21T19:13:56.749+0000] {dagbag.py:538} INFO - Filling up the DagBag from /home/airflow/.local/lib/python3.8/site-packages/airflow/example_dags/example_branch_day_of_week_operator.py
[2023-12-21T19:13:56.761+0000] {processor.py:840} INFO - DAG(s) 'example_weekday_branch_operator' retrieved from /home/airflow/.local/lib/python3.8/site-packages/airflow/example_dags/example_branch_day_of_week_operator.py
[2023-12-21T19:13:56.785+0000] {logging_mixin.py:188} INFO - [2023-12-21T19:13:56.785+0000] {dag.py:3033} INFO - Sync 1 DAGs
[2023-12-21T19:13:56.811+0000] {logging_mixin.py:188} INFO - [2023-12-21T19:13:56.811+0000] {dag.py:3820} INFO - Setting next_dagrun for example_weekday_branch_operator to 2023-12-20T00:00:00+00:00, run_after=2023-12-21T00:00:00+00:00
[2023-12-21T19:13:56.846+0000] {processor.py:183} INFO - Processing /home/airflow/.local/lib/python3.8/site-packages/airflow/example_dags/example_branch_day_of_week_operator.py took 0.106 seconds
[2023-12-21T19:18:04.460+0000] {processor.py:161} INFO - Started process (PID=39) to work on /home/airflow/.local/lib/python3.8/site-packages/airflow/example_dags/example_branch_day_of_week_operator.py
[2023-12-21T19:18:04.470+0000] {processor.py:830} INFO - Processing file /home/airflow/.local/lib/python3.8/site-packages/airflow/example_dags/example_branch_day_of_week_operator.py for tasks to queue
[2023-12-21T19:18:04.481+0000] {logging_mixin.py:188} INFO - [2023-12-21T19:18:04.481+0000] {dagbag.py:538} INFO - Filling up the DagBag from /home/airflow/.local/lib/python3.8/site-packages/airflow/example_dags/example_branch_day_of_week_operator.py
[2023-12-21T19:18:04.529+0000] {processor.py:840} INFO - DAG(s) 'example_weekday_branch_operator' retrieved from /home/airflow/.local/lib/python3.8/site-packages/airflow/example_dags/example_branch_day_of_week_operator.py
[2023-12-21T19:18:05.124+0000] {logging_mixin.py:188} INFO - [2023-12-21T19:18:05.124+0000] {dag.py:3033} INFO - Sync 1 DAGs
[2023-12-21T19:18:05.337+0000] {logging_mixin.py:188} INFO - [2023-12-21T19:18:05.336+0000] {dag.py:3820} INFO - Setting next_dagrun for example_weekday_branch_operator to 2023-12-20T00:00:00+00:00, run_after=2023-12-21T00:00:00+00:00
[2023-12-21T19:18:05.538+0000] {processor.py:183} INFO - Processing /home/airflow/.local/lib/python3.8/site-packages/airflow/example_dags/example_branch_day_of_week_operator.py took 1.110 seconds
[2023-12-21T19:18:36.029+0000] {processor.py:161} INFO - Started process (PID=94) to work on /home/airflow/.local/lib/python3.8/site-packages/airflow/example_dags/example_branch_day_of_week_operator.py
[2023-12-21T19:18:36.039+0000] {processor.py:830} INFO - Processing file /home/airflow/.local/lib/python3.8/site-packages/airflow/example_dags/example_branch_day_of_week_operator.py for tasks to queue
[2023-12-21T19:18:36.043+0000] {logging_mixin.py:188} INFO - [2023-12-21T19:18:36.042+0000] {dagbag.py:538} INFO - Filling up the DagBag from /home/airflow/.local/lib/python3.8/site-packages/airflow/example_dags/example_branch_day_of_week_operator.py
[2023-12-21T19:18:36.058+0000] {processor.py:840} INFO - DAG(s) 'example_weekday_branch_operator' retrieved from /home/airflow/.local/lib/python3.8/site-packages/airflow/example_dags/example_branch_day_of_week_operator.py
[2023-12-21T19:18:36.098+0000] {logging_mixin.py:188} INFO - [2023-12-21T19:18:36.097+0000] {dag.py:3033} INFO - Sync 1 DAGs
[2023-12-21T19:18:36.142+0000] {logging_mixin.py:188} INFO - [2023-12-21T19:18:36.141+0000] {dag.py:3820} INFO - Setting next_dagrun for example_weekday_branch_operator to 2023-12-20T00:00:00+00:00, run_after=2023-12-21T00:00:00+00:00
[2023-12-21T19:18:36.181+0000] {processor.py:183} INFO - Processing /home/airflow/.local/lib/python3.8/site-packages/airflow/example_dags/example_branch_day_of_week_operator.py took 0.166 seconds
[2023-12-21T19:19:06.625+0000] {processor.py:161} INFO - Started process (PID=150) to work on /home/airflow/.local/lib/python3.8/site-packages/airflow/example_dags/example_branch_day_of_week_operator.py
[2023-12-21T19:19:06.626+0000] {processor.py:830} INFO - Processing file /home/airflow/.local/lib/python3.8/site-packages/airflow/example_dags/example_branch_day_of_week_operator.py for tasks to queue
[2023-12-21T19:19:06.630+0000] {logging_mixin.py:188} INFO - [2023-12-21T19:19:06.630+0000] {dagbag.py:538} INFO - Filling up the DagBag from /home/airflow/.local/lib/python3.8/site-packages/airflow/example_dags/example_branch_day_of_week_operator.py
[2023-12-21T19:19:06.662+0000] {processor.py:840} INFO - DAG(s) 'example_weekday_branch_operator' retrieved from /home/airflow/.local/lib/python3.8/site-packages/airflow/example_dags/example_branch_day_of_week_operator.py
[2023-12-21T19:19:06.723+0000] {logging_mixin.py:188} INFO - [2023-12-21T19:19:06.723+0000] {dag.py:3033} INFO - Sync 1 DAGs
[2023-12-21T19:19:06.817+0000] {logging_mixin.py:188} INFO - [2023-12-21T19:19:06.817+0000] {dag.py:3820} INFO - Setting next_dagrun for example_weekday_branch_operator to 2023-12-20T00:00:00+00:00, run_after=2023-12-21T00:00:00+00:00
[2023-12-21T19:19:06.904+0000] {processor.py:183} INFO - Processing /home/airflow/.local/lib/python3.8/site-packages/airflow/example_dags/example_branch_day_of_week_operator.py took 0.288 seconds
[2023-12-21T19:19:37.352+0000] {processor.py:161} INFO - Started process (PID=205) to work on /home/airflow/.local/lib/python3.8/site-packages/airflow/example_dags/example_branch_day_of_week_operator.py
[2023-12-21T19:19:37.360+0000] {processor.py:830} INFO - Processing file /home/airflow/.local/lib/python3.8/site-packages/airflow/example_dags/example_branch_day_of_week_operator.py for tasks to queue
[2023-12-21T19:19:37.364+0000] {logging_mixin.py:188} INFO - [2023-12-21T19:19:37.363+0000] {dagbag.py:538} INFO - Filling up the DagBag from /home/airflow/.local/lib/python3.8/site-packages/airflow/example_dags/example_branch_day_of_week_operator.py
[2023-12-21T19:19:37.376+0000] {processor.py:840} INFO - DAG(s) 'example_weekday_branch_operator' retrieved from /home/airflow/.local/lib/python3.8/site-packages/airflow/example_dags/example_branch_day_of_week_operator.py
[2023-12-21T19:19:37.405+0000] {logging_mixin.py:188} INFO - [2023-12-21T19:19:37.405+0000] {dag.py:3033} INFO - Sync 1 DAGs
[2023-12-21T19:19:37.432+0000] {logging_mixin.py:188} INFO - [2023-12-21T19:19:37.432+0000] {dag.py:3820} INFO - Setting next_dagrun for example_weekday_branch_operator to 2023-12-20T00:00:00+00:00, run_after=2023-12-21T00:00:00+00:00
[2023-12-21T19:19:37.462+0000] {processor.py:183} INFO - Processing /home/airflow/.local/lib/python3.8/site-packages/airflow/example_dags/example_branch_day_of_week_operator.py took 0.114 seconds
[2023-12-21T19:20:08.101+0000] {processor.py:161} INFO - Started process (PID=260) to work on /home/airflow/.local/lib/python3.8/site-packages/airflow/example_dags/example_branch_day_of_week_operator.py
[2023-12-21T19:20:08.102+0000] {processor.py:830} INFO - Processing file /home/airflow/.local/lib/python3.8/site-packages/airflow/example_dags/example_branch_day_of_week_operator.py for tasks to queue
[2023-12-21T19:20:08.106+0000] {logging_mixin.py:188} INFO - [2023-12-21T19:20:08.106+0000] {dagbag.py:538} INFO - Filling up the DagBag from /home/airflow/.local/lib/python3.8/site-packages/airflow/example_dags/example_branch_day_of_week_operator.py
[2023-12-21T19:20:08.117+0000] {processor.py:840} INFO - DAG(s) 'example_weekday_branch_operator' retrieved from /home/airflow/.local/lib/python3.8/site-packages/airflow/example_dags/example_branch_day_of_week_operator.py
[2023-12-21T19:20:08.148+0000] {logging_mixin.py:188} INFO - [2023-12-21T19:20:08.148+0000] {dag.py:3033} INFO - Sync 1 DAGs
[2023-12-21T19:20:08.184+0000] {logging_mixin.py:188} INFO - [2023-12-21T19:20:08.184+0000] {dag.py:3820} INFO - Setting next_dagrun for example_weekday_branch_operator to 2023-12-20T00:00:00+00:00, run_after=2023-12-21T00:00:00+00:00
[2023-12-21T19:20:08.215+0000] {processor.py:183} INFO - Processing /home/airflow/.local/lib/python3.8/site-packages/airflow/example_dags/example_branch_day_of_week_operator.py took 0.120 seconds
[2023-12-21T19:20:38.729+0000] {processor.py:161} INFO - Started process (PID=315) to work on /home/airflow/.local/lib/python3.8/site-packages/airflow/example_dags/example_branch_day_of_week_operator.py
[2023-12-21T19:20:38.738+0000] {processor.py:830} INFO - Processing file /home/airflow/.local/lib/python3.8/site-packages/airflow/example_dags/example_branch_day_of_week_operator.py for tasks to queue
[2023-12-21T19:20:38.743+0000] {logging_mixin.py:188} INFO - [2023-12-21T19:20:38.742+0000] {dagbag.py:538} INFO - Filling up the DagBag from /home/airflow/.local/lib/python3.8/site-packages/airflow/example_dags/example_branch_day_of_week_operator.py
[2023-12-21T19:20:38.771+0000] {processor.py:840} INFO - DAG(s) 'example_weekday_branch_operator' retrieved from /home/airflow/.local/lib/python3.8/site-packages/airflow/example_dags/example_branch_day_of_week_operator.py
[2023-12-21T19:20:38.836+0000] {logging_mixin.py:188} INFO - [2023-12-21T19:20:38.835+0000] {dag.py:3033} INFO - Sync 1 DAGs
[2023-12-21T19:20:38.888+0000] {logging_mixin.py:188} INFO - [2023-12-21T19:20:38.888+0000] {dag.py:3820} INFO - Setting next_dagrun for example_weekday_branch_operator to 2023-12-20T00:00:00+00:00, run_after=2023-12-21T00:00:00+00:00
[2023-12-21T19:20:38.926+0000] {processor.py:183} INFO - Processing /home/airflow/.local/lib/python3.8/site-packages/airflow/example_dags/example_branch_day_of_week_operator.py took 0.204 seconds
[2023-12-21T19:21:09.080+0000] {processor.py:161} INFO - Started process (PID=370) to work on /home/airflow/.local/lib/python3.8/site-packages/airflow/example_dags/example_branch_day_of_week_operator.py
[2023-12-21T19:21:09.090+0000] {processor.py:830} INFO - Processing file /home/airflow/.local/lib/python3.8/site-packages/airflow/example_dags/example_branch_day_of_week_operator.py for tasks to queue
[2023-12-21T19:21:09.094+0000] {logging_mixin.py:188} INFO - [2023-12-21T19:21:09.094+0000] {dagbag.py:538} INFO - Filling up the DagBag from /home/airflow/.local/lib/python3.8/site-packages/airflow/example_dags/example_branch_day_of_week_operator.py
[2023-12-21T19:21:09.114+0000] {processor.py:840} INFO - DAG(s) 'example_weekday_branch_operator' retrieved from /home/airflow/.local/lib/python3.8/site-packages/airflow/example_dags/example_branch_day_of_week_operator.py
[2023-12-21T19:21:09.161+0000] {logging_mixin.py:188} INFO - [2023-12-21T19:21:09.161+0000] {dag.py:3033} INFO - Sync 1 DAGs
[2023-12-21T19:21:09.201+0000] {logging_mixin.py:188} INFO - [2023-12-21T19:21:09.201+0000] {dag.py:3820} INFO - Setting next_dagrun for example_weekday_branch_operator to 2023-12-20T00:00:00+00:00, run_after=2023-12-21T00:00:00+00:00
[2023-12-21T19:21:09.246+0000] {processor.py:183} INFO - Processing /home/airflow/.local/lib/python3.8/site-packages/airflow/example_dags/example_branch_day_of_week_operator.py took 0.172 seconds
[2023-12-21T19:21:40.013+0000] {processor.py:161} INFO - Started process (PID=425) to work on /home/airflow/.local/lib/python3.8/site-packages/airflow/example_dags/example_branch_day_of_week_operator.py
[2023-12-21T19:21:40.018+0000] {processor.py:830} INFO - Processing file /home/airflow/.local/lib/python3.8/site-packages/airflow/example_dags/example_branch_day_of_week_operator.py for tasks to queue
[2023-12-21T19:21:40.023+0000] {logging_mixin.py:188} INFO - [2023-12-21T19:21:40.022+0000] {dagbag.py:538} INFO - Filling up the DagBag from /home/airflow/.local/lib/python3.8/site-packages/airflow/example_dags/example_branch_day_of_week_operator.py
[2023-12-21T19:21:40.041+0000] {processor.py:840} INFO - DAG(s) 'example_weekday_branch_operator' retrieved from /home/airflow/.local/lib/python3.8/site-packages/airflow/example_dags/example_branch_day_of_week_operator.py
[2023-12-21T19:21:40.088+0000] {logging_mixin.py:188} INFO - [2023-12-21T19:21:40.088+0000] {dag.py:3033} INFO - Sync 1 DAGs
[2023-12-21T19:21:40.127+0000] {logging_mixin.py:188} INFO - [2023-12-21T19:21:40.127+0000] {dag.py:3820} INFO - Setting next_dagrun for example_weekday_branch_operator to 2023-12-20T00:00:00+00:00, run_after=2023-12-21T00:00:00+00:00
[2023-12-21T19:21:40.173+0000] {processor.py:183} INFO - Processing /home/airflow/.local/lib/python3.8/site-packages/airflow/example_dags/example_branch_day_of_week_operator.py took 0.169 seconds
[2023-12-21T19:22:10.808+0000] {processor.py:161} INFO - Started process (PID=480) to work on /home/airflow/.local/lib/python3.8/site-packages/airflow/example_dags/example_branch_day_of_week_operator.py
[2023-12-21T19:22:10.814+0000] {processor.py:830} INFO - Processing file /home/airflow/.local/lib/python3.8/site-packages/airflow/example_dags/example_branch_day_of_week_operator.py for tasks to queue
[2023-12-21T19:22:10.822+0000] {logging_mixin.py:188} INFO - [2023-12-21T19:22:10.821+0000] {dagbag.py:538} INFO - Filling up the DagBag from /home/airflow/.local/lib/python3.8/site-packages/airflow/example_dags/example_branch_day_of_week_operator.py
[2023-12-21T19:22:10.860+0000] {processor.py:840} INFO - DAG(s) 'example_weekday_branch_operator' retrieved from /home/airflow/.local/lib/python3.8/site-packages/airflow/example_dags/example_branch_day_of_week_operator.py
[2023-12-21T19:22:10.931+0000] {logging_mixin.py:188} INFO - [2023-12-21T19:22:10.931+0000] {dag.py:3033} INFO - Sync 1 DAGs
[2023-12-21T19:22:10.995+0000] {logging_mixin.py:188} INFO - [2023-12-21T19:22:10.995+0000] {dag.py:3820} INFO - Setting next_dagrun for example_weekday_branch_operator to 2023-12-20T00:00:00+00:00, run_after=2023-12-21T00:00:00+00:00
[2023-12-21T19:22:11.030+0000] {processor.py:183} INFO - Processing /home/airflow/.local/lib/python3.8/site-packages/airflow/example_dags/example_branch_day_of_week_operator.py took 0.238 seconds
[2023-12-21T19:22:41.355+0000] {processor.py:161} INFO - Started process (PID=535) to work on /home/airflow/.local/lib/python3.8/site-packages/airflow/example_dags/example_branch_day_of_week_operator.py
[2023-12-21T19:22:41.357+0000] {processor.py:830} INFO - Processing file /home/airflow/.local/lib/python3.8/site-packages/airflow/example_dags/example_branch_day_of_week_operator.py for tasks to queue
[2023-12-21T19:22:41.361+0000] {logging_mixin.py:188} INFO - [2023-12-21T19:22:41.361+0000] {dagbag.py:538} INFO - Filling up the DagBag from /home/airflow/.local/lib/python3.8/site-packages/airflow/example_dags/example_branch_day_of_week_operator.py
[2023-12-21T19:22:41.381+0000] {processor.py:840} INFO - DAG(s) 'example_weekday_branch_operator' retrieved from /home/airflow/.local/lib/python3.8/site-packages/airflow/example_dags/example_branch_day_of_week_operator.py
[2023-12-21T19:22:41.455+0000] {logging_mixin.py:188} INFO - [2023-12-21T19:22:41.455+0000] {dag.py:3033} INFO - Sync 1 DAGs
[2023-12-21T19:22:41.518+0000] {logging_mixin.py:188} INFO - [2023-12-21T19:22:41.518+0000] {dag.py:3820} INFO - Setting next_dagrun for example_weekday_branch_operator to 2023-12-20T00:00:00+00:00, run_after=2023-12-21T00:00:00+00:00
[2023-12-21T19:22:41.559+0000] {processor.py:183} INFO - Processing /home/airflow/.local/lib/python3.8/site-packages/airflow/example_dags/example_branch_day_of_week_operator.py took 0.212 seconds
[2023-12-21T19:23:12.101+0000] {processor.py:161} INFO - Started process (PID=590) to work on /home/airflow/.local/lib/python3.8/site-packages/airflow/example_dags/example_branch_day_of_week_operator.py
[2023-12-21T19:23:12.110+0000] {processor.py:830} INFO - Processing file /home/airflow/.local/lib/python3.8/site-packages/airflow/example_dags/example_branch_day_of_week_operator.py for tasks to queue
[2023-12-21T19:23:12.118+0000] {logging_mixin.py:188} INFO - [2023-12-21T19:23:12.117+0000] {dagbag.py:538} INFO - Filling up the DagBag from /home/airflow/.local/lib/python3.8/site-packages/airflow/example_dags/example_branch_day_of_week_operator.py
[2023-12-21T19:23:12.131+0000] {processor.py:840} INFO - DAG(s) 'example_weekday_branch_operator' retrieved from /home/airflow/.local/lib/python3.8/site-packages/airflow/example_dags/example_branch_day_of_week_operator.py
[2023-12-21T19:23:12.164+0000] {logging_mixin.py:188} INFO - [2023-12-21T19:23:12.163+0000] {dag.py:3033} INFO - Sync 1 DAGs
[2023-12-21T19:23:12.205+0000] {logging_mixin.py:188} INFO - [2023-12-21T19:23:12.205+0000] {dag.py:3820} INFO - Setting next_dagrun for example_weekday_branch_operator to 2023-12-20T00:00:00+00:00, run_after=2023-12-21T00:00:00+00:00
[2023-12-21T19:23:12.245+0000] {processor.py:183} INFO - Processing /home/airflow/.local/lib/python3.8/site-packages/airflow/example_dags/example_branch_day_of_week_operator.py took 0.149 seconds
[2023-12-21T19:23:43.224+0000] {processor.py:161} INFO - Started process (PID=644) to work on /home/airflow/.local/lib/python3.8/site-packages/airflow/example_dags/example_branch_day_of_week_operator.py
[2023-12-21T19:23:43.232+0000] {processor.py:830} INFO - Processing file /home/airflow/.local/lib/python3.8/site-packages/airflow/example_dags/example_branch_day_of_week_operator.py for tasks to queue
[2023-12-21T19:23:43.238+0000] {logging_mixin.py:188} INFO - [2023-12-21T19:23:43.237+0000] {dagbag.py:538} INFO - Filling up the DagBag from /home/airflow/.local/lib/python3.8/site-packages/airflow/example_dags/example_branch_day_of_week_operator.py
[2023-12-21T19:23:43.259+0000] {processor.py:840} INFO - DAG(s) 'example_weekday_branch_operator' retrieved from /home/airflow/.local/lib/python3.8/site-packages/airflow/example_dags/example_branch_day_of_week_operator.py
[2023-12-21T19:23:43.302+0000] {logging_mixin.py:188} INFO - [2023-12-21T19:23:43.302+0000] {dag.py:3033} INFO - Sync 1 DAGs
[2023-12-21T19:23:43.350+0000] {logging_mixin.py:188} INFO - [2023-12-21T19:23:43.350+0000] {dag.py:3820} INFO - Setting next_dagrun for example_weekday_branch_operator to 2023-12-20T00:00:00+00:00, run_after=2023-12-21T00:00:00+00:00
[2023-12-21T19:23:43.392+0000] {processor.py:183} INFO - Processing /home/airflow/.local/lib/python3.8/site-packages/airflow/example_dags/example_branch_day_of_week_operator.py took 0.175 seconds
[2023-12-21T19:24:14.105+0000] {processor.py:161} INFO - Started process (PID=698) to work on /home/airflow/.local/lib/python3.8/site-packages/airflow/example_dags/example_branch_day_of_week_operator.py
[2023-12-21T19:24:14.113+0000] {processor.py:830} INFO - Processing file /home/airflow/.local/lib/python3.8/site-packages/airflow/example_dags/example_branch_day_of_week_operator.py for tasks to queue
[2023-12-21T19:24:14.117+0000] {logging_mixin.py:188} INFO - [2023-12-21T19:24:14.117+0000] {dagbag.py:538} INFO - Filling up the DagBag from /home/airflow/.local/lib/python3.8/site-packages/airflow/example_dags/example_branch_day_of_week_operator.py
[2023-12-21T19:24:14.132+0000] {processor.py:840} INFO - DAG(s) 'example_weekday_branch_operator' retrieved from /home/airflow/.local/lib/python3.8/site-packages/airflow/example_dags/example_branch_day_of_week_operator.py
[2023-12-21T19:24:14.172+0000] {logging_mixin.py:188} INFO - [2023-12-21T19:24:14.172+0000] {dag.py:3033} INFO - Sync 1 DAGs
[2023-12-21T19:24:14.220+0000] {logging_mixin.py:188} INFO - [2023-12-21T19:24:14.219+0000] {dag.py:3820} INFO - Setting next_dagrun for example_weekday_branch_operator to 2023-12-20T00:00:00+00:00, run_after=2023-12-21T00:00:00+00:00
[2023-12-21T19:24:14.266+0000] {processor.py:183} INFO - Processing /home/airflow/.local/lib/python3.8/site-packages/airflow/example_dags/example_branch_day_of_week_operator.py took 0.166 seconds
[2023-12-21T19:24:44.569+0000] {processor.py:161} INFO - Started process (PID=753) to work on /home/airflow/.local/lib/python3.8/site-packages/airflow/example_dags/example_branch_day_of_week_operator.py
[2023-12-21T19:24:44.571+0000] {processor.py:830} INFO - Processing file /home/airflow/.local/lib/python3.8/site-packages/airflow/example_dags/example_branch_day_of_week_operator.py for tasks to queue
[2023-12-21T19:24:44.577+0000] {logging_mixin.py:188} INFO - [2023-12-21T19:24:44.576+0000] {dagbag.py:538} INFO - Filling up the DagBag from /home/airflow/.local/lib/python3.8/site-packages/airflow/example_dags/example_branch_day_of_week_operator.py
[2023-12-21T19:24:44.593+0000] {processor.py:840} INFO - DAG(s) 'example_weekday_branch_operator' retrieved from /home/airflow/.local/lib/python3.8/site-packages/airflow/example_dags/example_branch_day_of_week_operator.py
[2023-12-21T19:24:44.634+0000] {logging_mixin.py:188} INFO - [2023-12-21T19:24:44.633+0000] {dag.py:3033} INFO - Sync 1 DAGs
[2023-12-21T19:24:44.674+0000] {logging_mixin.py:188} INFO - [2023-12-21T19:24:44.674+0000] {dag.py:3820} INFO - Setting next_dagrun for example_weekday_branch_operator to 2023-12-20T00:00:00+00:00, run_after=2023-12-21T00:00:00+00:00
[2023-12-21T19:24:44.713+0000] {processor.py:183} INFO - Processing /home/airflow/.local/lib/python3.8/site-packages/airflow/example_dags/example_branch_day_of_week_operator.py took 0.156 seconds
[2023-12-21T19:25:14.905+0000] {processor.py:161} INFO - Started process (PID=808) to work on /home/airflow/.local/lib/python3.8/site-packages/airflow/example_dags/example_branch_day_of_week_operator.py
[2023-12-21T19:25:14.910+0000] {processor.py:830} INFO - Processing file /home/airflow/.local/lib/python3.8/site-packages/airflow/example_dags/example_branch_day_of_week_operator.py for tasks to queue
[2023-12-21T19:25:14.915+0000] {logging_mixin.py:188} INFO - [2023-12-21T19:25:14.914+0000] {dagbag.py:538} INFO - Filling up the DagBag from /home/airflow/.local/lib/python3.8/site-packages/airflow/example_dags/example_branch_day_of_week_operator.py
[2023-12-21T19:25:14.938+0000] {processor.py:840} INFO - DAG(s) 'example_weekday_branch_operator' retrieved from /home/airflow/.local/lib/python3.8/site-packages/airflow/example_dags/example_branch_day_of_week_operator.py
[2023-12-21T19:25:14.980+0000] {logging_mixin.py:188} INFO - [2023-12-21T19:25:14.980+0000] {dag.py:3033} INFO - Sync 1 DAGs
[2023-12-21T19:25:15.026+0000] {logging_mixin.py:188} INFO - [2023-12-21T19:25:15.025+0000] {dag.py:3820} INFO - Setting next_dagrun for example_weekday_branch_operator to 2023-12-20T00:00:00+00:00, run_after=2023-12-21T00:00:00+00:00
[2023-12-21T19:25:15.065+0000] {processor.py:183} INFO - Processing /home/airflow/.local/lib/python3.8/site-packages/airflow/example_dags/example_branch_day_of_week_operator.py took 0.170 seconds
[2023-12-21T19:25:45.156+0000] {processor.py:161} INFO - Started process (PID=863) to work on /home/airflow/.local/lib/python3.8/site-packages/airflow/example_dags/example_branch_day_of_week_operator.py
[2023-12-21T19:25:45.159+0000] {processor.py:830} INFO - Processing file /home/airflow/.local/lib/python3.8/site-packages/airflow/example_dags/example_branch_day_of_week_operator.py for tasks to queue
[2023-12-21T19:25:45.163+0000] {logging_mixin.py:188} INFO - [2023-12-21T19:25:45.162+0000] {dagbag.py:538} INFO - Filling up the DagBag from /home/airflow/.local/lib/python3.8/site-packages/airflow/example_dags/example_branch_day_of_week_operator.py
[2023-12-21T19:25:45.180+0000] {processor.py:840} INFO - DAG(s) 'example_weekday_branch_operator' retrieved from /home/airflow/.local/lib/python3.8/site-packages/airflow/example_dags/example_branch_day_of_week_operator.py
[2023-12-21T19:25:45.218+0000] {logging_mixin.py:188} INFO - [2023-12-21T19:25:45.218+0000] {dag.py:3033} INFO - Sync 1 DAGs
[2023-12-21T19:25:45.264+0000] {logging_mixin.py:188} INFO - [2023-12-21T19:25:45.264+0000] {dag.py:3820} INFO - Setting next_dagrun for example_weekday_branch_operator to 2023-12-20T00:00:00+00:00, run_after=2023-12-21T00:00:00+00:00
[2023-12-21T19:25:45.300+0000] {processor.py:183} INFO - Processing /home/airflow/.local/lib/python3.8/site-packages/airflow/example_dags/example_branch_day_of_week_operator.py took 0.151 seconds
[2023-12-21T19:26:15.348+0000] {processor.py:161} INFO - Started process (PID=917) to work on /home/airflow/.local/lib/python3.8/site-packages/airflow/example_dags/example_branch_day_of_week_operator.py
[2023-12-21T19:26:15.358+0000] {processor.py:830} INFO - Processing file /home/airflow/.local/lib/python3.8/site-packages/airflow/example_dags/example_branch_day_of_week_operator.py for tasks to queue
[2023-12-21T19:26:15.361+0000] {logging_mixin.py:188} INFO - [2023-12-21T19:26:15.361+0000] {dagbag.py:538} INFO - Filling up the DagBag from /home/airflow/.local/lib/python3.8/site-packages/airflow/example_dags/example_branch_day_of_week_operator.py
[2023-12-21T19:26:15.376+0000] {processor.py:840} INFO - DAG(s) 'example_weekday_branch_operator' retrieved from /home/airflow/.local/lib/python3.8/site-packages/airflow/example_dags/example_branch_day_of_week_operator.py
[2023-12-21T19:26:15.422+0000] {logging_mixin.py:188} INFO - [2023-12-21T19:26:15.421+0000] {dag.py:3033} INFO - Sync 1 DAGs
[2023-12-21T19:26:15.467+0000] {logging_mixin.py:188} INFO - [2023-12-21T19:26:15.467+0000] {dag.py:3820} INFO - Setting next_dagrun for example_weekday_branch_operator to 2023-12-20T00:00:00+00:00, run_after=2023-12-21T00:00:00+00:00
[2023-12-21T19:26:15.509+0000] {processor.py:183} INFO - Processing /home/airflow/.local/lib/python3.8/site-packages/airflow/example_dags/example_branch_day_of_week_operator.py took 0.167 seconds
[2023-12-21T19:26:45.720+0000] {processor.py:161} INFO - Started process (PID=972) to work on /home/airflow/.local/lib/python3.8/site-packages/airflow/example_dags/example_branch_day_of_week_operator.py
[2023-12-21T19:26:45.729+0000] {processor.py:830} INFO - Processing file /home/airflow/.local/lib/python3.8/site-packages/airflow/example_dags/example_branch_day_of_week_operator.py for tasks to queue
[2023-12-21T19:26:45.731+0000] {logging_mixin.py:188} INFO - [2023-12-21T19:26:45.731+0000] {dagbag.py:538} INFO - Filling up the DagBag from /home/airflow/.local/lib/python3.8/site-packages/airflow/example_dags/example_branch_day_of_week_operator.py
[2023-12-21T19:26:45.747+0000] {processor.py:840} INFO - DAG(s) 'example_weekday_branch_operator' retrieved from /home/airflow/.local/lib/python3.8/site-packages/airflow/example_dags/example_branch_day_of_week_operator.py
[2023-12-21T19:26:45.789+0000] {logging_mixin.py:188} INFO - [2023-12-21T19:26:45.789+0000] {dag.py:3033} INFO - Sync 1 DAGs
[2023-12-21T19:26:45.836+0000] {logging_mixin.py:188} INFO - [2023-12-21T19:26:45.836+0000] {dag.py:3820} INFO - Setting next_dagrun for example_weekday_branch_operator to 2023-12-20T00:00:00+00:00, run_after=2023-12-21T00:00:00+00:00
[2023-12-21T19:26:45.880+0000] {processor.py:183} INFO - Processing /home/airflow/.local/lib/python3.8/site-packages/airflow/example_dags/example_branch_day_of_week_operator.py took 0.166 seconds
[2023-12-21T19:27:16.484+0000] {processor.py:161} INFO - Started process (PID=1027) to work on /home/airflow/.local/lib/python3.8/site-packages/airflow/example_dags/example_branch_day_of_week_operator.py
[2023-12-21T19:27:16.486+0000] {processor.py:830} INFO - Processing file /home/airflow/.local/lib/python3.8/site-packages/airflow/example_dags/example_branch_day_of_week_operator.py for tasks to queue
[2023-12-21T19:27:16.488+0000] {logging_mixin.py:188} INFO - [2023-12-21T19:27:16.488+0000] {dagbag.py:538} INFO - Filling up the DagBag from /home/airflow/.local/lib/python3.8/site-packages/airflow/example_dags/example_branch_day_of_week_operator.py
[2023-12-21T19:27:16.497+0000] {processor.py:840} INFO - DAG(s) 'example_weekday_branch_operator' retrieved from /home/airflow/.local/lib/python3.8/site-packages/airflow/example_dags/example_branch_day_of_week_operator.py
[2023-12-21T19:27:16.525+0000] {logging_mixin.py:188} INFO - [2023-12-21T19:27:16.524+0000] {dag.py:3033} INFO - Sync 1 DAGs
[2023-12-21T19:27:16.581+0000] {logging_mixin.py:188} INFO - [2023-12-21T19:27:16.580+0000] {dag.py:3820} INFO - Setting next_dagrun for example_weekday_branch_operator to 2023-12-20T00:00:00+00:00, run_after=2023-12-21T00:00:00+00:00
[2023-12-21T19:27:16.621+0000] {processor.py:183} INFO - Processing /home/airflow/.local/lib/python3.8/site-packages/airflow/example_dags/example_branch_day_of_week_operator.py took 0.142 seconds
[2023-12-21T19:27:46.789+0000] {processor.py:161} INFO - Started process (PID=1081) to work on /home/airflow/.local/lib/python3.8/site-packages/airflow/example_dags/example_branch_day_of_week_operator.py
[2023-12-21T19:27:46.793+0000] {processor.py:830} INFO - Processing file /home/airflow/.local/lib/python3.8/site-packages/airflow/example_dags/example_branch_day_of_week_operator.py for tasks to queue
[2023-12-21T19:27:46.801+0000] {logging_mixin.py:188} INFO - [2023-12-21T19:27:46.801+0000] {dagbag.py:538} INFO - Filling up the DagBag from /home/airflow/.local/lib/python3.8/site-packages/airflow/example_dags/example_branch_day_of_week_operator.py
[2023-12-21T19:27:46.818+0000] {processor.py:840} INFO - DAG(s) 'example_weekday_branch_operator' retrieved from /home/airflow/.local/lib/python3.8/site-packages/airflow/example_dags/example_branch_day_of_week_operator.py
[2023-12-21T19:27:46.859+0000] {logging_mixin.py:188} INFO - [2023-12-21T19:27:46.859+0000] {dag.py:3033} INFO - Sync 1 DAGs
[2023-12-21T19:27:46.906+0000] {logging_mixin.py:188} INFO - [2023-12-21T19:27:46.905+0000] {dag.py:3820} INFO - Setting next_dagrun for example_weekday_branch_operator to 2023-12-20T00:00:00+00:00, run_after=2023-12-21T00:00:00+00:00
[2023-12-21T19:27:46.947+0000] {processor.py:183} INFO - Processing /home/airflow/.local/lib/python3.8/site-packages/airflow/example_dags/example_branch_day_of_week_operator.py took 0.167 seconds
[2023-12-21T19:28:17.600+0000] {processor.py:161} INFO - Started process (PID=1137) to work on /home/airflow/.local/lib/python3.8/site-packages/airflow/example_dags/example_branch_day_of_week_operator.py
[2023-12-21T19:28:17.603+0000] {processor.py:830} INFO - Processing file /home/airflow/.local/lib/python3.8/site-packages/airflow/example_dags/example_branch_day_of_week_operator.py for tasks to queue
[2023-12-21T19:28:17.609+0000] {logging_mixin.py:188} INFO - [2023-12-21T19:28:17.608+0000] {dagbag.py:538} INFO - Filling up the DagBag from /home/airflow/.local/lib/python3.8/site-packages/airflow/example_dags/example_branch_day_of_week_operator.py
[2023-12-21T19:28:17.631+0000] {processor.py:840} INFO - DAG(s) 'example_weekday_branch_operator' retrieved from /home/airflow/.local/lib/python3.8/site-packages/airflow/example_dags/example_branch_day_of_week_operator.py
[2023-12-21T19:28:17.696+0000] {logging_mixin.py:188} INFO - [2023-12-21T19:28:17.695+0000] {dag.py:3033} INFO - Sync 1 DAGs
[2023-12-21T19:28:17.754+0000] {logging_mixin.py:188} INFO - [2023-12-21T19:28:17.754+0000] {dag.py:3820} INFO - Setting next_dagrun for example_weekday_branch_operator to 2023-12-20T00:00:00+00:00, run_after=2023-12-21T00:00:00+00:00
[2023-12-21T19:28:17.813+0000] {processor.py:183} INFO - Processing /home/airflow/.local/lib/python3.8/site-packages/airflow/example_dags/example_branch_day_of_week_operator.py took 0.225 seconds
[2023-12-21T19:28:48.180+0000] {processor.py:161} INFO - Started process (PID=1191) to work on /home/airflow/.local/lib/python3.8/site-packages/airflow/example_dags/example_branch_day_of_week_operator.py
[2023-12-21T19:28:48.182+0000] {processor.py:830} INFO - Processing file /home/airflow/.local/lib/python3.8/site-packages/airflow/example_dags/example_branch_day_of_week_operator.py for tasks to queue
[2023-12-21T19:28:48.193+0000] {logging_mixin.py:188} INFO - [2023-12-21T19:28:48.192+0000] {dagbag.py:538} INFO - Filling up the DagBag from /home/airflow/.local/lib/python3.8/site-packages/airflow/example_dags/example_branch_day_of_week_operator.py
[2023-12-21T19:28:48.215+0000] {processor.py:840} INFO - DAG(s) 'example_weekday_branch_operator' retrieved from /home/airflow/.local/lib/python3.8/site-packages/airflow/example_dags/example_branch_day_of_week_operator.py
[2023-12-21T19:28:48.287+0000] {logging_mixin.py:188} INFO - [2023-12-21T19:28:48.286+0000] {dag.py:3033} INFO - Sync 1 DAGs
[2023-12-21T19:28:48.419+0000] {logging_mixin.py:188} INFO - [2023-12-21T19:28:48.419+0000] {dag.py:3820} INFO - Setting next_dagrun for example_weekday_branch_operator to 2023-12-20T00:00:00+00:00, run_after=2023-12-21T00:00:00+00:00
[2023-12-21T19:28:48.489+0000] {processor.py:183} INFO - Processing /home/airflow/.local/lib/python3.8/site-packages/airflow/example_dags/example_branch_day_of_week_operator.py took 0.315 seconds
[2023-12-21T19:29:18.613+0000] {processor.py:161} INFO - Started process (PID=1245) to work on /home/airflow/.local/lib/python3.8/site-packages/airflow/example_dags/example_branch_day_of_week_operator.py
[2023-12-21T19:29:18.622+0000] {processor.py:830} INFO - Processing file /home/airflow/.local/lib/python3.8/site-packages/airflow/example_dags/example_branch_day_of_week_operator.py for tasks to queue
[2023-12-21T19:29:18.625+0000] {logging_mixin.py:188} INFO - [2023-12-21T19:29:18.625+0000] {dagbag.py:538} INFO - Filling up the DagBag from /home/airflow/.local/lib/python3.8/site-packages/airflow/example_dags/example_branch_day_of_week_operator.py
[2023-12-21T19:29:18.640+0000] {processor.py:840} INFO - DAG(s) 'example_weekday_branch_operator' retrieved from /home/airflow/.local/lib/python3.8/site-packages/airflow/example_dags/example_branch_day_of_week_operator.py
[2023-12-21T19:29:18.676+0000] {logging_mixin.py:188} INFO - [2023-12-21T19:29:18.676+0000] {dag.py:3033} INFO - Sync 1 DAGs
[2023-12-21T19:29:18.718+0000] {logging_mixin.py:188} INFO - [2023-12-21T19:29:18.718+0000] {dag.py:3820} INFO - Setting next_dagrun for example_weekday_branch_operator to 2023-12-20T00:00:00+00:00, run_after=2023-12-21T00:00:00+00:00
[2023-12-21T19:29:18.757+0000] {processor.py:183} INFO - Processing /home/airflow/.local/lib/python3.8/site-packages/airflow/example_dags/example_branch_day_of_week_operator.py took 0.150 seconds
[2023-12-21T19:29:48.891+0000] {processor.py:161} INFO - Started process (PID=1300) to work on /home/airflow/.local/lib/python3.8/site-packages/airflow/example_dags/example_branch_day_of_week_operator.py
[2023-12-21T19:29:48.899+0000] {processor.py:830} INFO - Processing file /home/airflow/.local/lib/python3.8/site-packages/airflow/example_dags/example_branch_day_of_week_operator.py for tasks to queue
[2023-12-21T19:29:48.906+0000] {logging_mixin.py:188} INFO - [2023-12-21T19:29:48.905+0000] {dagbag.py:538} INFO - Filling up the DagBag from /home/airflow/.local/lib/python3.8/site-packages/airflow/example_dags/example_branch_day_of_week_operator.py
[2023-12-21T19:29:48.922+0000] {processor.py:840} INFO - DAG(s) 'example_weekday_branch_operator' retrieved from /home/airflow/.local/lib/python3.8/site-packages/airflow/example_dags/example_branch_day_of_week_operator.py
[2023-12-21T19:29:48.954+0000] {logging_mixin.py:188} INFO - [2023-12-21T19:29:48.954+0000] {dag.py:3033} INFO - Sync 1 DAGs
[2023-12-21T19:29:48.985+0000] {logging_mixin.py:188} INFO - [2023-12-21T19:29:48.985+0000] {dag.py:3820} INFO - Setting next_dagrun for example_weekday_branch_operator to 2023-12-20T00:00:00+00:00, run_after=2023-12-21T00:00:00+00:00
[2023-12-21T19:29:49.006+0000] {processor.py:183} INFO - Processing /home/airflow/.local/lib/python3.8/site-packages/airflow/example_dags/example_branch_day_of_week_operator.py took 0.122 seconds
[2023-12-21T19:30:19.382+0000] {processor.py:161} INFO - Started process (PID=1353) to work on /home/airflow/.local/lib/python3.8/site-packages/airflow/example_dags/example_branch_day_of_week_operator.py
[2023-12-21T19:30:19.383+0000] {processor.py:830} INFO - Processing file /home/airflow/.local/lib/python3.8/site-packages/airflow/example_dags/example_branch_day_of_week_operator.py for tasks to queue
[2023-12-21T19:30:19.387+0000] {logging_mixin.py:188} INFO - [2023-12-21T19:30:19.386+0000] {dagbag.py:538} INFO - Filling up the DagBag from /home/airflow/.local/lib/python3.8/site-packages/airflow/example_dags/example_branch_day_of_week_operator.py
[2023-12-21T19:30:19.400+0000] {processor.py:840} INFO - DAG(s) 'example_weekday_branch_operator' retrieved from /home/airflow/.local/lib/python3.8/site-packages/airflow/example_dags/example_branch_day_of_week_operator.py
[2023-12-21T19:30:19.440+0000] {logging_mixin.py:188} INFO - [2023-12-21T19:30:19.440+0000] {dag.py:3033} INFO - Sync 1 DAGs
[2023-12-21T19:30:19.479+0000] {logging_mixin.py:188} INFO - [2023-12-21T19:30:19.479+0000] {dag.py:3820} INFO - Setting next_dagrun for example_weekday_branch_operator to 2023-12-20T00:00:00+00:00, run_after=2023-12-21T00:00:00+00:00
[2023-12-21T19:30:19.509+0000] {processor.py:183} INFO - Processing /home/airflow/.local/lib/python3.8/site-packages/airflow/example_dags/example_branch_day_of_week_operator.py took 0.132 seconds
[2023-12-21T19:30:50.438+0000] {processor.py:161} INFO - Started process (PID=1407) to work on /home/airflow/.local/lib/python3.8/site-packages/airflow/example_dags/example_branch_day_of_week_operator.py
[2023-12-21T19:30:50.444+0000] {processor.py:830} INFO - Processing file /home/airflow/.local/lib/python3.8/site-packages/airflow/example_dags/example_branch_day_of_week_operator.py for tasks to queue
[2023-12-21T19:30:50.449+0000] {logging_mixin.py:188} INFO - [2023-12-21T19:30:50.448+0000] {dagbag.py:538} INFO - Filling up the DagBag from /home/airflow/.local/lib/python3.8/site-packages/airflow/example_dags/example_branch_day_of_week_operator.py
[2023-12-21T19:30:50.465+0000] {processor.py:840} INFO - DAG(s) 'example_weekday_branch_operator' retrieved from /home/airflow/.local/lib/python3.8/site-packages/airflow/example_dags/example_branch_day_of_week_operator.py
[2023-12-21T19:30:50.501+0000] {logging_mixin.py:188} INFO - [2023-12-21T19:30:50.501+0000] {dag.py:3033} INFO - Sync 1 DAGs
[2023-12-21T19:30:50.546+0000] {logging_mixin.py:188} INFO - [2023-12-21T19:30:50.545+0000] {dag.py:3820} INFO - Setting next_dagrun for example_weekday_branch_operator to 2023-12-20T00:00:00+00:00, run_after=2023-12-21T00:00:00+00:00
[2023-12-21T19:30:50.587+0000] {processor.py:183} INFO - Processing /home/airflow/.local/lib/python3.8/site-packages/airflow/example_dags/example_branch_day_of_week_operator.py took 0.161 seconds
[2023-12-21T19:31:21.225+0000] {processor.py:161} INFO - Started process (PID=1461) to work on /home/airflow/.local/lib/python3.8/site-packages/airflow/example_dags/example_branch_day_of_week_operator.py
[2023-12-21T19:31:21.227+0000] {processor.py:830} INFO - Processing file /home/airflow/.local/lib/python3.8/site-packages/airflow/example_dags/example_branch_day_of_week_operator.py for tasks to queue
[2023-12-21T19:31:21.230+0000] {logging_mixin.py:188} INFO - [2023-12-21T19:31:21.230+0000] {dagbag.py:538} INFO - Filling up the DagBag from /home/airflow/.local/lib/python3.8/site-packages/airflow/example_dags/example_branch_day_of_week_operator.py
[2023-12-21T19:31:21.242+0000] {processor.py:840} INFO - DAG(s) 'example_weekday_branch_operator' retrieved from /home/airflow/.local/lib/python3.8/site-packages/airflow/example_dags/example_branch_day_of_week_operator.py
[2023-12-21T19:31:21.269+0000] {logging_mixin.py:188} INFO - [2023-12-21T19:31:21.268+0000] {dag.py:3033} INFO - Sync 1 DAGs
[2023-12-21T19:31:21.296+0000] {logging_mixin.py:188} INFO - [2023-12-21T19:31:21.296+0000] {dag.py:3820} INFO - Setting next_dagrun for example_weekday_branch_operator to 2023-12-20T00:00:00+00:00, run_after=2023-12-21T00:00:00+00:00
[2023-12-21T19:31:21.328+0000] {processor.py:183} INFO - Processing /home/airflow/.local/lib/python3.8/site-packages/airflow/example_dags/example_branch_day_of_week_operator.py took 0.114 seconds
[2023-12-21T19:34:22.612+0000] {processor.py:161} INFO - Started process (PID=34) to work on /home/airflow/.local/lib/python3.8/site-packages/airflow/example_dags/example_branch_day_of_week_operator.py
[2023-12-21T19:34:22.613+0000] {processor.py:830} INFO - Processing file /home/airflow/.local/lib/python3.8/site-packages/airflow/example_dags/example_branch_day_of_week_operator.py for tasks to queue
[2023-12-21T19:34:22.617+0000] {logging_mixin.py:188} INFO - [2023-12-21T19:34:22.616+0000] {dagbag.py:538} INFO - Filling up the DagBag from /home/airflow/.local/lib/python3.8/site-packages/airflow/example_dags/example_branch_day_of_week_operator.py
[2023-12-21T19:34:22.633+0000] {processor.py:840} INFO - DAG(s) 'example_weekday_branch_operator' retrieved from /home/airflow/.local/lib/python3.8/site-packages/airflow/example_dags/example_branch_day_of_week_operator.py
[2023-12-21T19:34:22.832+0000] {logging_mixin.py:188} INFO - [2023-12-21T19:34:22.831+0000] {dag.py:3033} INFO - Sync 1 DAGs
[2023-12-21T19:34:22.870+0000] {logging_mixin.py:188} INFO - [2023-12-21T19:34:22.870+0000] {dag.py:3820} INFO - Setting next_dagrun for example_weekday_branch_operator to 2023-12-20T00:00:00+00:00, run_after=2023-12-21T00:00:00+00:00
[2023-12-21T19:34:22.897+0000] {processor.py:183} INFO - Processing /home/airflow/.local/lib/python3.8/site-packages/airflow/example_dags/example_branch_day_of_week_operator.py took 0.290 seconds
