[2023-12-21T19:12:04.801+0000] {processor.py:161} INFO - Started process (PID=75) to work on /home/airflow/.local/lib/python3.8/site-packages/airflow/example_dags/example_sensor_decorator.py
[2023-12-21T19:12:04.802+0000] {processor.py:830} INFO - Processing file /home/airflow/.local/lib/python3.8/site-packages/airflow/example_dags/example_sensor_decorator.py for tasks to queue
[2023-12-21T19:12:04.805+0000] {logging_mixin.py:188} INFO - [2023-12-21T19:12:04.805+0000] {dagbag.py:538} INFO - Filling up the DagBag from /home/airflow/.local/lib/python3.8/site-packages/airflow/example_dags/example_sensor_decorator.py
[2023-12-21T19:12:04.816+0000] {processor.py:840} INFO - DAG(s) 'example_sensor_decorator' retrieved from /home/airflow/.local/lib/python3.8/site-packages/airflow/example_dags/example_sensor_decorator.py
[2023-12-21T19:12:04.992+0000] {logging_mixin.py:188} INFO - [2023-12-21T19:12:04.992+0000] {dag.py:3033} INFO - Sync 1 DAGs
[2023-12-21T19:12:05.011+0000] {logging_mixin.py:188} INFO - [2023-12-21T19:12:05.011+0000] {dag.py:3820} INFO - Setting next_dagrun for example_sensor_decorator to None, run_after=None
[2023-12-21T19:12:05.039+0000] {processor.py:183} INFO - Processing /home/airflow/.local/lib/python3.8/site-packages/airflow/example_dags/example_sensor_decorator.py took 0.243 seconds
[2023-12-21T19:12:35.180+0000] {processor.py:161} INFO - Started process (PID=129) to work on /home/airflow/.local/lib/python3.8/site-packages/airflow/example_dags/example_sensor_decorator.py
[2023-12-21T19:12:35.182+0000] {processor.py:830} INFO - Processing file /home/airflow/.local/lib/python3.8/site-packages/airflow/example_dags/example_sensor_decorator.py for tasks to queue
[2023-12-21T19:12:35.185+0000] {logging_mixin.py:188} INFO - [2023-12-21T19:12:35.185+0000] {dagbag.py:538} INFO - Filling up the DagBag from /home/airflow/.local/lib/python3.8/site-packages/airflow/example_dags/example_sensor_decorator.py
[2023-12-21T19:12:35.196+0000] {processor.py:840} INFO - DAG(s) 'example_sensor_decorator' retrieved from /home/airflow/.local/lib/python3.8/site-packages/airflow/example_dags/example_sensor_decorator.py
[2023-12-21T19:12:35.228+0000] {logging_mixin.py:188} INFO - [2023-12-21T19:12:35.228+0000] {dag.py:3033} INFO - Sync 1 DAGs
[2023-12-21T19:12:35.246+0000] {logging_mixin.py:188} INFO - [2023-12-21T19:12:35.246+0000] {dag.py:3820} INFO - Setting next_dagrun for example_sensor_decorator to None, run_after=None
[2023-12-21T19:12:35.268+0000] {processor.py:183} INFO - Processing /home/airflow/.local/lib/python3.8/site-packages/airflow/example_dags/example_sensor_decorator.py took 0.093 seconds
[2023-12-21T19:13:05.945+0000] {processor.py:161} INFO - Started process (PID=184) to work on /home/airflow/.local/lib/python3.8/site-packages/airflow/example_dags/example_sensor_decorator.py
[2023-12-21T19:13:05.950+0000] {processor.py:830} INFO - Processing file /home/airflow/.local/lib/python3.8/site-packages/airflow/example_dags/example_sensor_decorator.py for tasks to queue
[2023-12-21T19:13:05.954+0000] {logging_mixin.py:188} INFO - [2023-12-21T19:13:05.953+0000] {dagbag.py:538} INFO - Filling up the DagBag from /home/airflow/.local/lib/python3.8/site-packages/airflow/example_dags/example_sensor_decorator.py
[2023-12-21T19:13:05.965+0000] {processor.py:840} INFO - DAG(s) 'example_sensor_decorator' retrieved from /home/airflow/.local/lib/python3.8/site-packages/airflow/example_dags/example_sensor_decorator.py
[2023-12-21T19:13:06.004+0000] {logging_mixin.py:188} INFO - [2023-12-21T19:13:06.003+0000] {dag.py:3033} INFO - Sync 1 DAGs
[2023-12-21T19:13:06.037+0000] {logging_mixin.py:188} INFO - [2023-12-21T19:13:06.037+0000] {dag.py:3820} INFO - Setting next_dagrun for example_sensor_decorator to None, run_after=None
[2023-12-21T19:13:06.091+0000] {processor.py:183} INFO - Processing /home/airflow/.local/lib/python3.8/site-packages/airflow/example_dags/example_sensor_decorator.py took 0.152 seconds
[2023-12-21T19:13:36.545+0000] {processor.py:161} INFO - Started process (PID=239) to work on /home/airflow/.local/lib/python3.8/site-packages/airflow/example_dags/example_sensor_decorator.py
[2023-12-21T19:13:36.546+0000] {processor.py:830} INFO - Processing file /home/airflow/.local/lib/python3.8/site-packages/airflow/example_dags/example_sensor_decorator.py for tasks to queue
[2023-12-21T19:13:36.550+0000] {logging_mixin.py:188} INFO - [2023-12-21T19:13:36.550+0000] {dagbag.py:538} INFO - Filling up the DagBag from /home/airflow/.local/lib/python3.8/site-packages/airflow/example_dags/example_sensor_decorator.py
[2023-12-21T19:13:36.562+0000] {processor.py:840} INFO - DAG(s) 'example_sensor_decorator' retrieved from /home/airflow/.local/lib/python3.8/site-packages/airflow/example_dags/example_sensor_decorator.py
[2023-12-21T19:13:36.591+0000] {logging_mixin.py:188} INFO - [2023-12-21T19:13:36.591+0000] {dag.py:3033} INFO - Sync 1 DAGs
[2023-12-21T19:13:36.609+0000] {logging_mixin.py:188} INFO - [2023-12-21T19:13:36.609+0000] {dag.py:3820} INFO - Setting next_dagrun for example_sensor_decorator to None, run_after=None
[2023-12-21T19:13:36.629+0000] {processor.py:183} INFO - Processing /home/airflow/.local/lib/python3.8/site-packages/airflow/example_dags/example_sensor_decorator.py took 0.091 seconds
[2023-12-21T19:14:06.974+0000] {processor.py:161} INFO - Started process (PID=294) to work on /home/airflow/.local/lib/python3.8/site-packages/airflow/example_dags/example_sensor_decorator.py
[2023-12-21T19:14:06.976+0000] {processor.py:830} INFO - Processing file /home/airflow/.local/lib/python3.8/site-packages/airflow/example_dags/example_sensor_decorator.py for tasks to queue
[2023-12-21T19:14:06.994+0000] {logging_mixin.py:188} INFO - [2023-12-21T19:14:06.978+0000] {dagbag.py:538} INFO - Filling up the DagBag from /home/airflow/.local/lib/python3.8/site-packages/airflow/example_dags/example_sensor_decorator.py
[2023-12-21T19:14:07.007+0000] {processor.py:840} INFO - DAG(s) 'example_sensor_decorator' retrieved from /home/airflow/.local/lib/python3.8/site-packages/airflow/example_dags/example_sensor_decorator.py
[2023-12-21T19:14:07.040+0000] {logging_mixin.py:188} INFO - [2023-12-21T19:14:07.040+0000] {dag.py:3033} INFO - Sync 1 DAGs
[2023-12-21T19:14:07.062+0000] {logging_mixin.py:188} INFO - [2023-12-21T19:14:07.062+0000] {dag.py:3820} INFO - Setting next_dagrun for example_sensor_decorator to None, run_after=None
[2023-12-21T19:14:07.093+0000] {processor.py:183} INFO - Processing /home/airflow/.local/lib/python3.8/site-packages/airflow/example_dags/example_sensor_decorator.py took 0.126 seconds
[2023-12-21T19:18:19.806+0000] {processor.py:161} INFO - Started process (PID=81) to work on /home/airflow/.local/lib/python3.8/site-packages/airflow/example_dags/example_sensor_decorator.py
[2023-12-21T19:18:19.815+0000] {processor.py:830} INFO - Processing file /home/airflow/.local/lib/python3.8/site-packages/airflow/example_dags/example_sensor_decorator.py for tasks to queue
[2023-12-21T19:18:19.818+0000] {logging_mixin.py:188} INFO - [2023-12-21T19:18:19.817+0000] {dagbag.py:538} INFO - Filling up the DagBag from /home/airflow/.local/lib/python3.8/site-packages/airflow/example_dags/example_sensor_decorator.py
[2023-12-21T19:18:19.831+0000] {processor.py:840} INFO - DAG(s) 'example_sensor_decorator' retrieved from /home/airflow/.local/lib/python3.8/site-packages/airflow/example_dags/example_sensor_decorator.py
[2023-12-21T19:18:20.093+0000] {logging_mixin.py:188} INFO - [2023-12-21T19:18:20.092+0000] {dag.py:3033} INFO - Sync 1 DAGs
[2023-12-21T19:18:20.119+0000] {logging_mixin.py:188} INFO - [2023-12-21T19:18:20.119+0000] {dag.py:3820} INFO - Setting next_dagrun for example_sensor_decorator to None, run_after=None
[2023-12-21T19:18:20.173+0000] {processor.py:183} INFO - Processing /home/airflow/.local/lib/python3.8/site-packages/airflow/example_dags/example_sensor_decorator.py took 0.374 seconds
[2023-12-21T19:18:51.146+0000] {processor.py:161} INFO - Started process (PID=137) to work on /home/airflow/.local/lib/python3.8/site-packages/airflow/example_dags/example_sensor_decorator.py
[2023-12-21T19:18:51.148+0000] {processor.py:830} INFO - Processing file /home/airflow/.local/lib/python3.8/site-packages/airflow/example_dags/example_sensor_decorator.py for tasks to queue
[2023-12-21T19:18:51.159+0000] {logging_mixin.py:188} INFO - [2023-12-21T19:18:51.158+0000] {dagbag.py:538} INFO - Filling up the DagBag from /home/airflow/.local/lib/python3.8/site-packages/airflow/example_dags/example_sensor_decorator.py
[2023-12-21T19:18:51.171+0000] {processor.py:840} INFO - DAG(s) 'example_sensor_decorator' retrieved from /home/airflow/.local/lib/python3.8/site-packages/airflow/example_dags/example_sensor_decorator.py
[2023-12-21T19:18:51.215+0000] {logging_mixin.py:188} INFO - [2023-12-21T19:18:51.215+0000] {dag.py:3033} INFO - Sync 1 DAGs
[2023-12-21T19:18:51.243+0000] {logging_mixin.py:188} INFO - [2023-12-21T19:18:51.243+0000] {dag.py:3820} INFO - Setting next_dagrun for example_sensor_decorator to None, run_after=None
[2023-12-21T19:18:51.332+0000] {processor.py:183} INFO - Processing /home/airflow/.local/lib/python3.8/site-packages/airflow/example_dags/example_sensor_decorator.py took 0.195 seconds
[2023-12-21T19:19:21.663+0000] {processor.py:161} INFO - Started process (PID=192) to work on /home/airflow/.local/lib/python3.8/site-packages/airflow/example_dags/example_sensor_decorator.py
[2023-12-21T19:19:21.664+0000] {processor.py:830} INFO - Processing file /home/airflow/.local/lib/python3.8/site-packages/airflow/example_dags/example_sensor_decorator.py for tasks to queue
[2023-12-21T19:19:21.669+0000] {logging_mixin.py:188} INFO - [2023-12-21T19:19:21.668+0000] {dagbag.py:538} INFO - Filling up the DagBag from /home/airflow/.local/lib/python3.8/site-packages/airflow/example_dags/example_sensor_decorator.py
[2023-12-21T19:19:21.680+0000] {processor.py:840} INFO - DAG(s) 'example_sensor_decorator' retrieved from /home/airflow/.local/lib/python3.8/site-packages/airflow/example_dags/example_sensor_decorator.py
[2023-12-21T19:19:21.722+0000] {logging_mixin.py:188} INFO - [2023-12-21T19:19:21.721+0000] {dag.py:3033} INFO - Sync 1 DAGs
[2023-12-21T19:19:21.743+0000] {logging_mixin.py:188} INFO - [2023-12-21T19:19:21.743+0000] {dag.py:3820} INFO - Setting next_dagrun for example_sensor_decorator to None, run_after=None
[2023-12-21T19:19:21.776+0000] {processor.py:183} INFO - Processing /home/airflow/.local/lib/python3.8/site-packages/airflow/example_dags/example_sensor_decorator.py took 0.120 seconds
[2023-12-21T19:19:51.990+0000] {processor.py:161} INFO - Started process (PID=247) to work on /home/airflow/.local/lib/python3.8/site-packages/airflow/example_dags/example_sensor_decorator.py
[2023-12-21T19:19:51.991+0000] {processor.py:830} INFO - Processing file /home/airflow/.local/lib/python3.8/site-packages/airflow/example_dags/example_sensor_decorator.py for tasks to queue
[2023-12-21T19:19:51.995+0000] {logging_mixin.py:188} INFO - [2023-12-21T19:19:51.994+0000] {dagbag.py:538} INFO - Filling up the DagBag from /home/airflow/.local/lib/python3.8/site-packages/airflow/example_dags/example_sensor_decorator.py
[2023-12-21T19:19:52.002+0000] {processor.py:840} INFO - DAG(s) 'example_sensor_decorator' retrieved from /home/airflow/.local/lib/python3.8/site-packages/airflow/example_dags/example_sensor_decorator.py
[2023-12-21T19:19:52.027+0000] {logging_mixin.py:188} INFO - [2023-12-21T19:19:52.026+0000] {dag.py:3033} INFO - Sync 1 DAGs
[2023-12-21T19:19:52.044+0000] {logging_mixin.py:188} INFO - [2023-12-21T19:19:52.044+0000] {dag.py:3820} INFO - Setting next_dagrun for example_sensor_decorator to None, run_after=None
[2023-12-21T19:19:52.066+0000] {processor.py:183} INFO - Processing /home/airflow/.local/lib/python3.8/site-packages/airflow/example_dags/example_sensor_decorator.py took 0.082 seconds
[2023-12-21T19:20:22.633+0000] {processor.py:161} INFO - Started process (PID=302) to work on /home/airflow/.local/lib/python3.8/site-packages/airflow/example_dags/example_sensor_decorator.py
[2023-12-21T19:20:22.641+0000] {processor.py:830} INFO - Processing file /home/airflow/.local/lib/python3.8/site-packages/airflow/example_dags/example_sensor_decorator.py for tasks to queue
[2023-12-21T19:20:22.646+0000] {logging_mixin.py:188} INFO - [2023-12-21T19:20:22.645+0000] {dagbag.py:538} INFO - Filling up the DagBag from /home/airflow/.local/lib/python3.8/site-packages/airflow/example_dags/example_sensor_decorator.py
[2023-12-21T19:20:22.655+0000] {processor.py:840} INFO - DAG(s) 'example_sensor_decorator' retrieved from /home/airflow/.local/lib/python3.8/site-packages/airflow/example_dags/example_sensor_decorator.py
[2023-12-21T19:20:22.681+0000] {logging_mixin.py:188} INFO - [2023-12-21T19:20:22.681+0000] {dag.py:3033} INFO - Sync 1 DAGs
[2023-12-21T19:20:22.696+0000] {logging_mixin.py:188} INFO - [2023-12-21T19:20:22.696+0000] {dag.py:3820} INFO - Setting next_dagrun for example_sensor_decorator to None, run_after=None
[2023-12-21T19:20:22.717+0000] {processor.py:183} INFO - Processing /home/airflow/.local/lib/python3.8/site-packages/airflow/example_dags/example_sensor_decorator.py took 0.090 seconds
[2023-12-21T19:20:53.519+0000] {processor.py:161} INFO - Started process (PID=357) to work on /home/airflow/.local/lib/python3.8/site-packages/airflow/example_dags/example_sensor_decorator.py
[2023-12-21T19:20:53.528+0000] {processor.py:830} INFO - Processing file /home/airflow/.local/lib/python3.8/site-packages/airflow/example_dags/example_sensor_decorator.py for tasks to queue
[2023-12-21T19:20:53.533+0000] {logging_mixin.py:188} INFO - [2023-12-21T19:20:53.532+0000] {dagbag.py:538} INFO - Filling up the DagBag from /home/airflow/.local/lib/python3.8/site-packages/airflow/example_dags/example_sensor_decorator.py
[2023-12-21T19:20:53.543+0000] {processor.py:840} INFO - DAG(s) 'example_sensor_decorator' retrieved from /home/airflow/.local/lib/python3.8/site-packages/airflow/example_dags/example_sensor_decorator.py
[2023-12-21T19:20:53.581+0000] {logging_mixin.py:188} INFO - [2023-12-21T19:20:53.580+0000] {dag.py:3033} INFO - Sync 1 DAGs
[2023-12-21T19:20:53.602+0000] {logging_mixin.py:188} INFO - [2023-12-21T19:20:53.602+0000] {dag.py:3820} INFO - Setting next_dagrun for example_sensor_decorator to None, run_after=None
[2023-12-21T19:20:53.650+0000] {processor.py:183} INFO - Processing /home/airflow/.local/lib/python3.8/site-packages/airflow/example_dags/example_sensor_decorator.py took 0.141 seconds
[2023-12-21T19:21:24.179+0000] {processor.py:161} INFO - Started process (PID=412) to work on /home/airflow/.local/lib/python3.8/site-packages/airflow/example_dags/example_sensor_decorator.py
[2023-12-21T19:21:24.188+0000] {processor.py:830} INFO - Processing file /home/airflow/.local/lib/python3.8/site-packages/airflow/example_dags/example_sensor_decorator.py for tasks to queue
[2023-12-21T19:21:24.195+0000] {logging_mixin.py:188} INFO - [2023-12-21T19:21:24.195+0000] {dagbag.py:538} INFO - Filling up the DagBag from /home/airflow/.local/lib/python3.8/site-packages/airflow/example_dags/example_sensor_decorator.py
[2023-12-21T19:21:24.213+0000] {processor.py:840} INFO - DAG(s) 'example_sensor_decorator' retrieved from /home/airflow/.local/lib/python3.8/site-packages/airflow/example_dags/example_sensor_decorator.py
[2023-12-21T19:21:24.255+0000] {logging_mixin.py:188} INFO - [2023-12-21T19:21:24.255+0000] {dag.py:3033} INFO - Sync 1 DAGs
[2023-12-21T19:21:24.313+0000] {logging_mixin.py:188} INFO - [2023-12-21T19:21:24.313+0000] {dag.py:3820} INFO - Setting next_dagrun for example_sensor_decorator to None, run_after=None
[2023-12-21T19:21:24.366+0000] {processor.py:183} INFO - Processing /home/airflow/.local/lib/python3.8/site-packages/airflow/example_dags/example_sensor_decorator.py took 0.203 seconds
[2023-12-21T19:21:55.063+0000] {processor.py:161} INFO - Started process (PID=467) to work on /home/airflow/.local/lib/python3.8/site-packages/airflow/example_dags/example_sensor_decorator.py
[2023-12-21T19:21:55.065+0000] {processor.py:830} INFO - Processing file /home/airflow/.local/lib/python3.8/site-packages/airflow/example_dags/example_sensor_decorator.py for tasks to queue
[2023-12-21T19:21:55.069+0000] {logging_mixin.py:188} INFO - [2023-12-21T19:21:55.068+0000] {dagbag.py:538} INFO - Filling up the DagBag from /home/airflow/.local/lib/python3.8/site-packages/airflow/example_dags/example_sensor_decorator.py
[2023-12-21T19:21:55.082+0000] {processor.py:840} INFO - DAG(s) 'example_sensor_decorator' retrieved from /home/airflow/.local/lib/python3.8/site-packages/airflow/example_dags/example_sensor_decorator.py
[2023-12-21T19:21:55.129+0000] {logging_mixin.py:188} INFO - [2023-12-21T19:21:55.128+0000] {dag.py:3033} INFO - Sync 1 DAGs
[2023-12-21T19:21:55.153+0000] {logging_mixin.py:188} INFO - [2023-12-21T19:21:55.153+0000] {dag.py:3820} INFO - Setting next_dagrun for example_sensor_decorator to None, run_after=None
[2023-12-21T19:21:55.188+0000] {processor.py:183} INFO - Processing /home/airflow/.local/lib/python3.8/site-packages/airflow/example_dags/example_sensor_decorator.py took 0.133 seconds
[2023-12-21T19:22:25.501+0000] {processor.py:161} INFO - Started process (PID=522) to work on /home/airflow/.local/lib/python3.8/site-packages/airflow/example_dags/example_sensor_decorator.py
[2023-12-21T19:22:25.503+0000] {processor.py:830} INFO - Processing file /home/airflow/.local/lib/python3.8/site-packages/airflow/example_dags/example_sensor_decorator.py for tasks to queue
[2023-12-21T19:22:25.508+0000] {logging_mixin.py:188} INFO - [2023-12-21T19:22:25.508+0000] {dagbag.py:538} INFO - Filling up the DagBag from /home/airflow/.local/lib/python3.8/site-packages/airflow/example_dags/example_sensor_decorator.py
[2023-12-21T19:22:25.520+0000] {processor.py:840} INFO - DAG(s) 'example_sensor_decorator' retrieved from /home/airflow/.local/lib/python3.8/site-packages/airflow/example_dags/example_sensor_decorator.py
[2023-12-21T19:22:25.569+0000] {logging_mixin.py:188} INFO - [2023-12-21T19:22:25.568+0000] {dag.py:3033} INFO - Sync 1 DAGs
[2023-12-21T19:22:25.598+0000] {logging_mixin.py:188} INFO - [2023-12-21T19:22:25.598+0000] {dag.py:3820} INFO - Setting next_dagrun for example_sensor_decorator to None, run_after=None
[2023-12-21T19:22:25.646+0000] {processor.py:183} INFO - Processing /home/airflow/.local/lib/python3.8/site-packages/airflow/example_dags/example_sensor_decorator.py took 0.157 seconds
[2023-12-21T19:22:55.996+0000] {processor.py:161} INFO - Started process (PID=577) to work on /home/airflow/.local/lib/python3.8/site-packages/airflow/example_dags/example_sensor_decorator.py
[2023-12-21T19:22:56.007+0000] {processor.py:830} INFO - Processing file /home/airflow/.local/lib/python3.8/site-packages/airflow/example_dags/example_sensor_decorator.py for tasks to queue
[2023-12-21T19:22:56.018+0000] {logging_mixin.py:188} INFO - [2023-12-21T19:22:56.018+0000] {dagbag.py:538} INFO - Filling up the DagBag from /home/airflow/.local/lib/python3.8/site-packages/airflow/example_dags/example_sensor_decorator.py
[2023-12-21T19:22:56.037+0000] {processor.py:840} INFO - DAG(s) 'example_sensor_decorator' retrieved from /home/airflow/.local/lib/python3.8/site-packages/airflow/example_dags/example_sensor_decorator.py
[2023-12-21T19:22:56.074+0000] {logging_mixin.py:188} INFO - [2023-12-21T19:22:56.074+0000] {dag.py:3033} INFO - Sync 1 DAGs
[2023-12-21T19:22:56.099+0000] {logging_mixin.py:188} INFO - [2023-12-21T19:22:56.098+0000] {dag.py:3820} INFO - Setting next_dagrun for example_sensor_decorator to None, run_after=None
[2023-12-21T19:22:56.145+0000] {processor.py:183} INFO - Processing /home/airflow/.local/lib/python3.8/site-packages/airflow/example_dags/example_sensor_decorator.py took 0.159 seconds
[2023-12-21T19:23:26.227+0000] {processor.py:161} INFO - Started process (PID=631) to work on /home/airflow/.local/lib/python3.8/site-packages/airflow/example_dags/example_sensor_decorator.py
[2023-12-21T19:23:26.230+0000] {processor.py:830} INFO - Processing file /home/airflow/.local/lib/python3.8/site-packages/airflow/example_dags/example_sensor_decorator.py for tasks to queue
[2023-12-21T19:23:26.234+0000] {logging_mixin.py:188} INFO - [2023-12-21T19:23:26.233+0000] {dagbag.py:538} INFO - Filling up the DagBag from /home/airflow/.local/lib/python3.8/site-packages/airflow/example_dags/example_sensor_decorator.py
[2023-12-21T19:23:26.241+0000] {processor.py:840} INFO - DAG(s) 'example_sensor_decorator' retrieved from /home/airflow/.local/lib/python3.8/site-packages/airflow/example_dags/example_sensor_decorator.py
[2023-12-21T19:23:26.274+0000] {logging_mixin.py:188} INFO - [2023-12-21T19:23:26.274+0000] {dag.py:3033} INFO - Sync 1 DAGs
[2023-12-21T19:23:26.300+0000] {logging_mixin.py:188} INFO - [2023-12-21T19:23:26.299+0000] {dag.py:3820} INFO - Setting next_dagrun for example_sensor_decorator to None, run_after=None
[2023-12-21T19:23:26.332+0000] {processor.py:183} INFO - Processing /home/airflow/.local/lib/python3.8/site-packages/airflow/example_dags/example_sensor_decorator.py took 0.110 seconds
[2023-12-21T19:23:57.037+0000] {processor.py:161} INFO - Started process (PID=685) to work on /home/airflow/.local/lib/python3.8/site-packages/airflow/example_dags/example_sensor_decorator.py
[2023-12-21T19:23:57.038+0000] {processor.py:830} INFO - Processing file /home/airflow/.local/lib/python3.8/site-packages/airflow/example_dags/example_sensor_decorator.py for tasks to queue
[2023-12-21T19:23:57.041+0000] {logging_mixin.py:188} INFO - [2023-12-21T19:23:57.040+0000] {dagbag.py:538} INFO - Filling up the DagBag from /home/airflow/.local/lib/python3.8/site-packages/airflow/example_dags/example_sensor_decorator.py
[2023-12-21T19:23:57.053+0000] {processor.py:840} INFO - DAG(s) 'example_sensor_decorator' retrieved from /home/airflow/.local/lib/python3.8/site-packages/airflow/example_dags/example_sensor_decorator.py
[2023-12-21T19:23:57.095+0000] {logging_mixin.py:188} INFO - [2023-12-21T19:23:57.094+0000] {dag.py:3033} INFO - Sync 1 DAGs
[2023-12-21T19:23:57.123+0000] {logging_mixin.py:188} INFO - [2023-12-21T19:23:57.122+0000] {dag.py:3820} INFO - Setting next_dagrun for example_sensor_decorator to None, run_after=None
[2023-12-21T19:23:57.161+0000] {processor.py:183} INFO - Processing /home/airflow/.local/lib/python3.8/site-packages/airflow/example_dags/example_sensor_decorator.py took 0.135 seconds
[2023-12-21T19:24:27.938+0000] {processor.py:161} INFO - Started process (PID=740) to work on /home/airflow/.local/lib/python3.8/site-packages/airflow/example_dags/example_sensor_decorator.py
[2023-12-21T19:24:27.939+0000] {processor.py:830} INFO - Processing file /home/airflow/.local/lib/python3.8/site-packages/airflow/example_dags/example_sensor_decorator.py for tasks to queue
[2023-12-21T19:24:27.942+0000] {logging_mixin.py:188} INFO - [2023-12-21T19:24:27.942+0000] {dagbag.py:538} INFO - Filling up the DagBag from /home/airflow/.local/lib/python3.8/site-packages/airflow/example_dags/example_sensor_decorator.py
[2023-12-21T19:24:27.954+0000] {processor.py:840} INFO - DAG(s) 'example_sensor_decorator' retrieved from /home/airflow/.local/lib/python3.8/site-packages/airflow/example_dags/example_sensor_decorator.py
[2023-12-21T19:24:27.990+0000] {logging_mixin.py:188} INFO - [2023-12-21T19:24:27.989+0000] {dag.py:3033} INFO - Sync 1 DAGs
[2023-12-21T19:24:28.017+0000] {logging_mixin.py:188} INFO - [2023-12-21T19:24:28.017+0000] {dag.py:3820} INFO - Setting next_dagrun for example_sensor_decorator to None, run_after=None
[2023-12-21T19:24:28.054+0000] {processor.py:183} INFO - Processing /home/airflow/.local/lib/python3.8/site-packages/airflow/example_dags/example_sensor_decorator.py took 0.120 seconds
[2023-12-21T19:24:58.711+0000] {processor.py:161} INFO - Started process (PID=795) to work on /home/airflow/.local/lib/python3.8/site-packages/airflow/example_dags/example_sensor_decorator.py
[2023-12-21T19:24:58.714+0000] {processor.py:830} INFO - Processing file /home/airflow/.local/lib/python3.8/site-packages/airflow/example_dags/example_sensor_decorator.py for tasks to queue
[2023-12-21T19:24:58.718+0000] {logging_mixin.py:188} INFO - [2023-12-21T19:24:58.718+0000] {dagbag.py:538} INFO - Filling up the DagBag from /home/airflow/.local/lib/python3.8/site-packages/airflow/example_dags/example_sensor_decorator.py
[2023-12-21T19:24:58.731+0000] {processor.py:840} INFO - DAG(s) 'example_sensor_decorator' retrieved from /home/airflow/.local/lib/python3.8/site-packages/airflow/example_dags/example_sensor_decorator.py
[2023-12-21T19:24:58.769+0000] {logging_mixin.py:188} INFO - [2023-12-21T19:24:58.769+0000] {dag.py:3033} INFO - Sync 1 DAGs
[2023-12-21T19:24:58.789+0000] {logging_mixin.py:188} INFO - [2023-12-21T19:24:58.789+0000] {dag.py:3820} INFO - Setting next_dagrun for example_sensor_decorator to None, run_after=None
[2023-12-21T19:24:58.826+0000] {processor.py:183} INFO - Processing /home/airflow/.local/lib/python3.8/site-packages/airflow/example_dags/example_sensor_decorator.py took 0.121 seconds
[2023-12-21T19:25:29.208+0000] {processor.py:161} INFO - Started process (PID=850) to work on /home/airflow/.local/lib/python3.8/site-packages/airflow/example_dags/example_sensor_decorator.py
[2023-12-21T19:25:29.213+0000] {processor.py:830} INFO - Processing file /home/airflow/.local/lib/python3.8/site-packages/airflow/example_dags/example_sensor_decorator.py for tasks to queue
[2023-12-21T19:25:29.216+0000] {logging_mixin.py:188} INFO - [2023-12-21T19:25:29.216+0000] {dagbag.py:538} INFO - Filling up the DagBag from /home/airflow/.local/lib/python3.8/site-packages/airflow/example_dags/example_sensor_decorator.py
[2023-12-21T19:25:29.228+0000] {processor.py:840} INFO - DAG(s) 'example_sensor_decorator' retrieved from /home/airflow/.local/lib/python3.8/site-packages/airflow/example_dags/example_sensor_decorator.py
[2023-12-21T19:25:29.267+0000] {logging_mixin.py:188} INFO - [2023-12-21T19:25:29.266+0000] {dag.py:3033} INFO - Sync 1 DAGs
[2023-12-21T19:25:29.292+0000] {logging_mixin.py:188} INFO - [2023-12-21T19:25:29.292+0000] {dag.py:3820} INFO - Setting next_dagrun for example_sensor_decorator to None, run_after=None
[2023-12-21T19:25:29.333+0000] {processor.py:183} INFO - Processing /home/airflow/.local/lib/python3.8/site-packages/airflow/example_dags/example_sensor_decorator.py took 0.138 seconds
[2023-12-21T19:25:59.762+0000] {processor.py:161} INFO - Started process (PID=904) to work on /home/airflow/.local/lib/python3.8/site-packages/airflow/example_dags/example_sensor_decorator.py
[2023-12-21T19:25:59.764+0000] {processor.py:830} INFO - Processing file /home/airflow/.local/lib/python3.8/site-packages/airflow/example_dags/example_sensor_decorator.py for tasks to queue
[2023-12-21T19:25:59.777+0000] {logging_mixin.py:188} INFO - [2023-12-21T19:25:59.777+0000] {dagbag.py:538} INFO - Filling up the DagBag from /home/airflow/.local/lib/python3.8/site-packages/airflow/example_dags/example_sensor_decorator.py
[2023-12-21T19:25:59.796+0000] {processor.py:840} INFO - DAG(s) 'example_sensor_decorator' retrieved from /home/airflow/.local/lib/python3.8/site-packages/airflow/example_dags/example_sensor_decorator.py
[2023-12-21T19:25:59.843+0000] {logging_mixin.py:188} INFO - [2023-12-21T19:25:59.842+0000] {dag.py:3033} INFO - Sync 1 DAGs
[2023-12-21T19:25:59.870+0000] {logging_mixin.py:188} INFO - [2023-12-21T19:25:59.870+0000] {dag.py:3820} INFO - Setting next_dagrun for example_sensor_decorator to None, run_after=None
[2023-12-21T19:25:59.917+0000] {processor.py:183} INFO - Processing /home/airflow/.local/lib/python3.8/site-packages/airflow/example_dags/example_sensor_decorator.py took 0.164 seconds
[2023-12-21T19:26:30.051+0000] {processor.py:161} INFO - Started process (PID=959) to work on /home/airflow/.local/lib/python3.8/site-packages/airflow/example_dags/example_sensor_decorator.py
[2023-12-21T19:26:30.053+0000] {processor.py:830} INFO - Processing file /home/airflow/.local/lib/python3.8/site-packages/airflow/example_dags/example_sensor_decorator.py for tasks to queue
[2023-12-21T19:26:30.057+0000] {logging_mixin.py:188} INFO - [2023-12-21T19:26:30.056+0000] {dagbag.py:538} INFO - Filling up the DagBag from /home/airflow/.local/lib/python3.8/site-packages/airflow/example_dags/example_sensor_decorator.py
[2023-12-21T19:26:30.068+0000] {processor.py:840} INFO - DAG(s) 'example_sensor_decorator' retrieved from /home/airflow/.local/lib/python3.8/site-packages/airflow/example_dags/example_sensor_decorator.py
[2023-12-21T19:26:30.108+0000] {logging_mixin.py:188} INFO - [2023-12-21T19:26:30.107+0000] {dag.py:3033} INFO - Sync 1 DAGs
[2023-12-21T19:26:30.131+0000] {logging_mixin.py:188} INFO - [2023-12-21T19:26:30.131+0000] {dag.py:3820} INFO - Setting next_dagrun for example_sensor_decorator to None, run_after=None
[2023-12-21T19:26:30.168+0000] {processor.py:183} INFO - Processing /home/airflow/.local/lib/python3.8/site-packages/airflow/example_dags/example_sensor_decorator.py took 0.126 seconds
[2023-12-21T19:27:00.639+0000] {processor.py:161} INFO - Started process (PID=1014) to work on /home/airflow/.local/lib/python3.8/site-packages/airflow/example_dags/example_sensor_decorator.py
[2023-12-21T19:27:00.641+0000] {processor.py:830} INFO - Processing file /home/airflow/.local/lib/python3.8/site-packages/airflow/example_dags/example_sensor_decorator.py for tasks to queue
[2023-12-21T19:27:00.645+0000] {logging_mixin.py:188} INFO - [2023-12-21T19:27:00.644+0000] {dagbag.py:538} INFO - Filling up the DagBag from /home/airflow/.local/lib/python3.8/site-packages/airflow/example_dags/example_sensor_decorator.py
[2023-12-21T19:27:00.657+0000] {processor.py:840} INFO - DAG(s) 'example_sensor_decorator' retrieved from /home/airflow/.local/lib/python3.8/site-packages/airflow/example_dags/example_sensor_decorator.py
[2023-12-21T19:27:00.696+0000] {logging_mixin.py:188} INFO - [2023-12-21T19:27:00.696+0000] {dag.py:3033} INFO - Sync 1 DAGs
[2023-12-21T19:27:00.722+0000] {logging_mixin.py:188} INFO - [2023-12-21T19:27:00.721+0000] {dag.py:3820} INFO - Setting next_dagrun for example_sensor_decorator to None, run_after=None
[2023-12-21T19:27:00.763+0000] {processor.py:183} INFO - Processing /home/airflow/.local/lib/python3.8/site-packages/airflow/example_dags/example_sensor_decorator.py took 0.132 seconds
[2023-12-21T19:27:31.023+0000] {processor.py:161} INFO - Started process (PID=1068) to work on /home/airflow/.local/lib/python3.8/site-packages/airflow/example_dags/example_sensor_decorator.py
[2023-12-21T19:27:31.024+0000] {processor.py:830} INFO - Processing file /home/airflow/.local/lib/python3.8/site-packages/airflow/example_dags/example_sensor_decorator.py for tasks to queue
[2023-12-21T19:27:31.028+0000] {logging_mixin.py:188} INFO - [2023-12-21T19:27:31.028+0000] {dagbag.py:538} INFO - Filling up the DagBag from /home/airflow/.local/lib/python3.8/site-packages/airflow/example_dags/example_sensor_decorator.py
[2023-12-21T19:27:31.044+0000] {processor.py:840} INFO - DAG(s) 'example_sensor_decorator' retrieved from /home/airflow/.local/lib/python3.8/site-packages/airflow/example_dags/example_sensor_decorator.py
[2023-12-21T19:27:31.083+0000] {logging_mixin.py:188} INFO - [2023-12-21T19:27:31.083+0000] {dag.py:3033} INFO - Sync 1 DAGs
[2023-12-21T19:27:31.111+0000] {logging_mixin.py:188} INFO - [2023-12-21T19:27:31.111+0000] {dag.py:3820} INFO - Setting next_dagrun for example_sensor_decorator to None, run_after=None
[2023-12-21T19:27:31.172+0000] {processor.py:183} INFO - Processing /home/airflow/.local/lib/python3.8/site-packages/airflow/example_dags/example_sensor_decorator.py took 0.158 seconds
[2023-12-21T19:28:01.568+0000] {processor.py:161} INFO - Started process (PID=1124) to work on /home/airflow/.local/lib/python3.8/site-packages/airflow/example_dags/example_sensor_decorator.py
[2023-12-21T19:28:01.571+0000] {processor.py:830} INFO - Processing file /home/airflow/.local/lib/python3.8/site-packages/airflow/example_dags/example_sensor_decorator.py for tasks to queue
[2023-12-21T19:28:01.575+0000] {logging_mixin.py:188} INFO - [2023-12-21T19:28:01.574+0000] {dagbag.py:538} INFO - Filling up the DagBag from /home/airflow/.local/lib/python3.8/site-packages/airflow/example_dags/example_sensor_decorator.py
[2023-12-21T19:28:01.586+0000] {processor.py:840} INFO - DAG(s) 'example_sensor_decorator' retrieved from /home/airflow/.local/lib/python3.8/site-packages/airflow/example_dags/example_sensor_decorator.py
[2023-12-21T19:28:01.634+0000] {logging_mixin.py:188} INFO - [2023-12-21T19:28:01.633+0000] {dag.py:3033} INFO - Sync 1 DAGs
[2023-12-21T19:28:01.656+0000] {logging_mixin.py:188} INFO - [2023-12-21T19:28:01.656+0000] {dag.py:3820} INFO - Setting next_dagrun for example_sensor_decorator to None, run_after=None
[2023-12-21T19:28:01.697+0000] {processor.py:183} INFO - Processing /home/airflow/.local/lib/python3.8/site-packages/airflow/example_dags/example_sensor_decorator.py took 0.136 seconds
[2023-12-21T19:28:32.330+0000] {processor.py:161} INFO - Started process (PID=1178) to work on /home/airflow/.local/lib/python3.8/site-packages/airflow/example_dags/example_sensor_decorator.py
[2023-12-21T19:28:32.331+0000] {processor.py:830} INFO - Processing file /home/airflow/.local/lib/python3.8/site-packages/airflow/example_dags/example_sensor_decorator.py for tasks to queue
[2023-12-21T19:28:32.335+0000] {logging_mixin.py:188} INFO - [2023-12-21T19:28:32.334+0000] {dagbag.py:538} INFO - Filling up the DagBag from /home/airflow/.local/lib/python3.8/site-packages/airflow/example_dags/example_sensor_decorator.py
[2023-12-21T19:28:32.344+0000] {processor.py:840} INFO - DAG(s) 'example_sensor_decorator' retrieved from /home/airflow/.local/lib/python3.8/site-packages/airflow/example_dags/example_sensor_decorator.py
[2023-12-21T19:28:32.378+0000] {logging_mixin.py:188} INFO - [2023-12-21T19:28:32.378+0000] {dag.py:3033} INFO - Sync 1 DAGs
[2023-12-21T19:28:32.406+0000] {logging_mixin.py:188} INFO - [2023-12-21T19:28:32.406+0000] {dag.py:3820} INFO - Setting next_dagrun for example_sensor_decorator to None, run_after=None
[2023-12-21T19:28:32.441+0000] {processor.py:183} INFO - Processing /home/airflow/.local/lib/python3.8/site-packages/airflow/example_dags/example_sensor_decorator.py took 0.116 seconds
[2023-12-21T19:29:02.767+0000] {processor.py:161} INFO - Started process (PID=1233) to work on /home/airflow/.local/lib/python3.8/site-packages/airflow/example_dags/example_sensor_decorator.py
[2023-12-21T19:29:02.769+0000] {processor.py:830} INFO - Processing file /home/airflow/.local/lib/python3.8/site-packages/airflow/example_dags/example_sensor_decorator.py for tasks to queue
[2023-12-21T19:29:02.772+0000] {logging_mixin.py:188} INFO - [2023-12-21T19:29:02.772+0000] {dagbag.py:538} INFO - Filling up the DagBag from /home/airflow/.local/lib/python3.8/site-packages/airflow/example_dags/example_sensor_decorator.py
[2023-12-21T19:29:02.784+0000] {processor.py:840} INFO - DAG(s) 'example_sensor_decorator' retrieved from /home/airflow/.local/lib/python3.8/site-packages/airflow/example_dags/example_sensor_decorator.py
[2023-12-21T19:29:02.831+0000] {logging_mixin.py:188} INFO - [2023-12-21T19:29:02.828+0000] {dag.py:3033} INFO - Sync 1 DAGs
[2023-12-21T19:29:02.856+0000] {logging_mixin.py:188} INFO - [2023-12-21T19:29:02.856+0000] {dag.py:3820} INFO - Setting next_dagrun for example_sensor_decorator to None, run_after=None
[2023-12-21T19:29:02.898+0000] {processor.py:183} INFO - Processing /home/airflow/.local/lib/python3.8/site-packages/airflow/example_dags/example_sensor_decorator.py took 0.139 seconds
[2023-12-21T19:29:33.167+0000] {processor.py:161} INFO - Started process (PID=1288) to work on /home/airflow/.local/lib/python3.8/site-packages/airflow/example_dags/example_sensor_decorator.py
[2023-12-21T19:29:33.168+0000] {processor.py:830} INFO - Processing file /home/airflow/.local/lib/python3.8/site-packages/airflow/example_dags/example_sensor_decorator.py for tasks to queue
[2023-12-21T19:29:33.171+0000] {logging_mixin.py:188} INFO - [2023-12-21T19:29:33.171+0000] {dagbag.py:538} INFO - Filling up the DagBag from /home/airflow/.local/lib/python3.8/site-packages/airflow/example_dags/example_sensor_decorator.py
[2023-12-21T19:29:33.181+0000] {processor.py:840} INFO - DAG(s) 'example_sensor_decorator' retrieved from /home/airflow/.local/lib/python3.8/site-packages/airflow/example_dags/example_sensor_decorator.py
[2023-12-21T19:29:33.216+0000] {logging_mixin.py:188} INFO - [2023-12-21T19:29:33.215+0000] {dag.py:3033} INFO - Sync 1 DAGs
[2023-12-21T19:29:33.244+0000] {logging_mixin.py:188} INFO - [2023-12-21T19:29:33.243+0000] {dag.py:3820} INFO - Setting next_dagrun for example_sensor_decorator to None, run_after=None
[2023-12-21T19:29:33.276+0000] {processor.py:183} INFO - Processing /home/airflow/.local/lib/python3.8/site-packages/airflow/example_dags/example_sensor_decorator.py took 0.115 seconds
[2023-12-21T19:30:03.583+0000] {processor.py:161} INFO - Started process (PID=1343) to work on /home/airflow/.local/lib/python3.8/site-packages/airflow/example_dags/example_sensor_decorator.py
[2023-12-21T19:30:03.585+0000] {processor.py:830} INFO - Processing file /home/airflow/.local/lib/python3.8/site-packages/airflow/example_dags/example_sensor_decorator.py for tasks to queue
[2023-12-21T19:30:03.589+0000] {logging_mixin.py:188} INFO - [2023-12-21T19:30:03.588+0000] {dagbag.py:538} INFO - Filling up the DagBag from /home/airflow/.local/lib/python3.8/site-packages/airflow/example_dags/example_sensor_decorator.py
[2023-12-21T19:30:03.602+0000] {processor.py:840} INFO - DAG(s) 'example_sensor_decorator' retrieved from /home/airflow/.local/lib/python3.8/site-packages/airflow/example_dags/example_sensor_decorator.py
[2023-12-21T19:30:03.641+0000] {logging_mixin.py:188} INFO - [2023-12-21T19:30:03.641+0000] {dag.py:3033} INFO - Sync 1 DAGs
[2023-12-21T19:30:03.675+0000] {logging_mixin.py:188} INFO - [2023-12-21T19:30:03.675+0000] {dag.py:3820} INFO - Setting next_dagrun for example_sensor_decorator to None, run_after=None
[2023-12-21T19:30:03.743+0000] {processor.py:183} INFO - Processing /home/airflow/.local/lib/python3.8/site-packages/airflow/example_dags/example_sensor_decorator.py took 0.167 seconds
[2023-12-21T19:30:34.333+0000] {processor.py:161} INFO - Started process (PID=1397) to work on /home/airflow/.local/lib/python3.8/site-packages/airflow/example_dags/example_sensor_decorator.py
[2023-12-21T19:30:34.335+0000] {processor.py:830} INFO - Processing file /home/airflow/.local/lib/python3.8/site-packages/airflow/example_dags/example_sensor_decorator.py for tasks to queue
[2023-12-21T19:30:34.351+0000] {logging_mixin.py:188} INFO - [2023-12-21T19:30:34.338+0000] {dagbag.py:538} INFO - Filling up the DagBag from /home/airflow/.local/lib/python3.8/site-packages/airflow/example_dags/example_sensor_decorator.py
[2023-12-21T19:30:34.369+0000] {processor.py:840} INFO - DAG(s) 'example_sensor_decorator' retrieved from /home/airflow/.local/lib/python3.8/site-packages/airflow/example_dags/example_sensor_decorator.py
[2023-12-21T19:30:34.512+0000] {logging_mixin.py:188} INFO - [2023-12-21T19:30:34.512+0000] {dag.py:3033} INFO - Sync 1 DAGs
[2023-12-21T19:30:34.593+0000] {logging_mixin.py:188} INFO - [2023-12-21T19:30:34.593+0000] {dag.py:3820} INFO - Setting next_dagrun for example_sensor_decorator to None, run_after=None
[2023-12-21T19:30:34.641+0000] {processor.py:183} INFO - Processing /home/airflow/.local/lib/python3.8/site-packages/airflow/example_dags/example_sensor_decorator.py took 0.319 seconds
[2023-12-21T19:31:05.493+0000] {processor.py:161} INFO - Started process (PID=1451) to work on /home/airflow/.local/lib/python3.8/site-packages/airflow/example_dags/example_sensor_decorator.py
[2023-12-21T19:31:05.504+0000] {processor.py:830} INFO - Processing file /home/airflow/.local/lib/python3.8/site-packages/airflow/example_dags/example_sensor_decorator.py for tasks to queue
[2023-12-21T19:31:05.507+0000] {logging_mixin.py:188} INFO - [2023-12-21T19:31:05.507+0000] {dagbag.py:538} INFO - Filling up the DagBag from /home/airflow/.local/lib/python3.8/site-packages/airflow/example_dags/example_sensor_decorator.py
[2023-12-21T19:31:05.517+0000] {processor.py:840} INFO - DAG(s) 'example_sensor_decorator' retrieved from /home/airflow/.local/lib/python3.8/site-packages/airflow/example_dags/example_sensor_decorator.py
[2023-12-21T19:31:05.562+0000] {logging_mixin.py:188} INFO - [2023-12-21T19:31:05.561+0000] {dag.py:3033} INFO - Sync 1 DAGs
[2023-12-21T19:31:05.585+0000] {logging_mixin.py:188} INFO - [2023-12-21T19:31:05.584+0000] {dag.py:3820} INFO - Setting next_dagrun for example_sensor_decorator to None, run_after=None
[2023-12-21T19:31:05.614+0000] {processor.py:183} INFO - Processing /home/airflow/.local/lib/python3.8/site-packages/airflow/example_dags/example_sensor_decorator.py took 0.131 seconds
[2023-12-21T19:34:33.599+0000] {processor.py:161} INFO - Started process (PID=75) to work on /home/airflow/.local/lib/python3.8/site-packages/airflow/example_dags/example_sensor_decorator.py
[2023-12-21T19:34:33.601+0000] {processor.py:830} INFO - Processing file /home/airflow/.local/lib/python3.8/site-packages/airflow/example_dags/example_sensor_decorator.py for tasks to queue
[2023-12-21T19:34:33.605+0000] {logging_mixin.py:188} INFO - [2023-12-21T19:34:33.604+0000] {dagbag.py:538} INFO - Filling up the DagBag from /home/airflow/.local/lib/python3.8/site-packages/airflow/example_dags/example_sensor_decorator.py
[2023-12-21T19:34:33.615+0000] {processor.py:840} INFO - DAG(s) 'example_sensor_decorator' retrieved from /home/airflow/.local/lib/python3.8/site-packages/airflow/example_dags/example_sensor_decorator.py
[2023-12-21T19:34:33.799+0000] {logging_mixin.py:188} INFO - [2023-12-21T19:34:33.799+0000] {dag.py:3033} INFO - Sync 1 DAGs
[2023-12-21T19:34:33.818+0000] {logging_mixin.py:188} INFO - [2023-12-21T19:34:33.818+0000] {dag.py:3820} INFO - Setting next_dagrun for example_sensor_decorator to None, run_after=None
[2023-12-21T19:34:33.845+0000] {processor.py:183} INFO - Processing /home/airflow/.local/lib/python3.8/site-packages/airflow/example_dags/example_sensor_decorator.py took 0.252 seconds
