[2023-12-21T19:11:57.654+0000] {processor.py:161} INFO - Started process (PID=49) to work on /home/airflow/.local/lib/python3.8/site-packages/airflow/example_dags/example_short_circuit_operator.py
[2023-12-21T19:11:57.656+0000] {processor.py:830} INFO - Processing file /home/airflow/.local/lib/python3.8/site-packages/airflow/example_dags/example_short_circuit_operator.py for tasks to queue
[2023-12-21T19:11:57.659+0000] {logging_mixin.py:188} INFO - [2023-12-21T19:11:57.658+0000] {dagbag.py:538} INFO - Filling up the DagBag from /home/airflow/.local/lib/python3.8/site-packages/airflow/example_dags/example_short_circuit_operator.py
[2023-12-21T19:11:57.682+0000] {processor.py:840} INFO - DAG(s) 'example_short_circuit_operator' retrieved from /home/airflow/.local/lib/python3.8/site-packages/airflow/example_dags/example_short_circuit_operator.py
[2023-12-21T19:11:58.004+0000] {logging_mixin.py:188} INFO - [2023-12-21T19:11:58.003+0000] {dag.py:3033} INFO - Sync 1 DAGs
[2023-12-21T19:11:58.047+0000] {logging_mixin.py:188} INFO - [2023-12-21T19:11:58.047+0000] {dag.py:3820} INFO - Setting next_dagrun for example_short_circuit_operator to 2023-12-20T00:00:00+00:00, run_after=2023-12-21T00:00:00+00:00
[2023-12-21T19:11:58.118+0000] {processor.py:183} INFO - Processing /home/airflow/.local/lib/python3.8/site-packages/airflow/example_dags/example_short_circuit_operator.py took 0.469 seconds
[2023-12-21T19:12:28.370+0000] {processor.py:161} INFO - Started process (PID=103) to work on /home/airflow/.local/lib/python3.8/site-packages/airflow/example_dags/example_short_circuit_operator.py
[2023-12-21T19:12:28.372+0000] {processor.py:830} INFO - Processing file /home/airflow/.local/lib/python3.8/site-packages/airflow/example_dags/example_short_circuit_operator.py for tasks to queue
[2023-12-21T19:12:28.376+0000] {logging_mixin.py:188} INFO - [2023-12-21T19:12:28.375+0000] {dagbag.py:538} INFO - Filling up the DagBag from /home/airflow/.local/lib/python3.8/site-packages/airflow/example_dags/example_short_circuit_operator.py
[2023-12-21T19:12:28.403+0000] {processor.py:840} INFO - DAG(s) 'example_short_circuit_operator' retrieved from /home/airflow/.local/lib/python3.8/site-packages/airflow/example_dags/example_short_circuit_operator.py
[2023-12-21T19:12:28.445+0000] {logging_mixin.py:188} INFO - [2023-12-21T19:12:28.445+0000] {dag.py:3033} INFO - Sync 1 DAGs
[2023-12-21T19:12:28.491+0000] {logging_mixin.py:188} INFO - [2023-12-21T19:12:28.491+0000] {dag.py:3820} INFO - Setting next_dagrun for example_short_circuit_operator to 2023-12-20T00:00:00+00:00, run_after=2023-12-21T00:00:00+00:00
[2023-12-21T19:12:28.535+0000] {processor.py:183} INFO - Processing /home/airflow/.local/lib/python3.8/site-packages/airflow/example_dags/example_short_circuit_operator.py took 0.178 seconds
[2023-12-21T19:12:58.911+0000] {processor.py:161} INFO - Started process (PID=158) to work on /home/airflow/.local/lib/python3.8/site-packages/airflow/example_dags/example_short_circuit_operator.py
[2023-12-21T19:12:58.912+0000] {processor.py:830} INFO - Processing file /home/airflow/.local/lib/python3.8/site-packages/airflow/example_dags/example_short_circuit_operator.py for tasks to queue
[2023-12-21T19:12:58.928+0000] {logging_mixin.py:188} INFO - [2023-12-21T19:12:58.928+0000] {dagbag.py:538} INFO - Filling up the DagBag from /home/airflow/.local/lib/python3.8/site-packages/airflow/example_dags/example_short_circuit_operator.py
[2023-12-21T19:12:58.973+0000] {processor.py:840} INFO - DAG(s) 'example_short_circuit_operator' retrieved from /home/airflow/.local/lib/python3.8/site-packages/airflow/example_dags/example_short_circuit_operator.py
[2023-12-21T19:12:59.148+0000] {logging_mixin.py:188} INFO - [2023-12-21T19:12:59.148+0000] {dag.py:3033} INFO - Sync 1 DAGs
[2023-12-21T19:12:59.288+0000] {logging_mixin.py:188} INFO - [2023-12-21T19:12:59.288+0000] {dag.py:3820} INFO - Setting next_dagrun for example_short_circuit_operator to 2023-12-20T00:00:00+00:00, run_after=2023-12-21T00:00:00+00:00
[2023-12-21T19:12:59.401+0000] {processor.py:183} INFO - Processing /home/airflow/.local/lib/python3.8/site-packages/airflow/example_dags/example_short_circuit_operator.py took 0.520 seconds
[2023-12-21T19:13:30.024+0000] {processor.py:161} INFO - Started process (PID=213) to work on /home/airflow/.local/lib/python3.8/site-packages/airflow/example_dags/example_short_circuit_operator.py
[2023-12-21T19:13:30.025+0000] {processor.py:830} INFO - Processing file /home/airflow/.local/lib/python3.8/site-packages/airflow/example_dags/example_short_circuit_operator.py for tasks to queue
[2023-12-21T19:13:30.028+0000] {logging_mixin.py:188} INFO - [2023-12-21T19:13:30.028+0000] {dagbag.py:538} INFO - Filling up the DagBag from /home/airflow/.local/lib/python3.8/site-packages/airflow/example_dags/example_short_circuit_operator.py
[2023-12-21T19:13:30.037+0000] {processor.py:840} INFO - DAG(s) 'example_short_circuit_operator' retrieved from /home/airflow/.local/lib/python3.8/site-packages/airflow/example_dags/example_short_circuit_operator.py
[2023-12-21T19:13:30.062+0000] {logging_mixin.py:188} INFO - [2023-12-21T19:13:30.062+0000] {dag.py:3033} INFO - Sync 1 DAGs
[2023-12-21T19:13:30.087+0000] {logging_mixin.py:188} INFO - [2023-12-21T19:13:30.086+0000] {dag.py:3820} INFO - Setting next_dagrun for example_short_circuit_operator to 2023-12-20T00:00:00+00:00, run_after=2023-12-21T00:00:00+00:00
[2023-12-21T19:13:30.124+0000] {processor.py:183} INFO - Processing /home/airflow/.local/lib/python3.8/site-packages/airflow/example_dags/example_short_circuit_operator.py took 0.106 seconds
[2023-12-21T19:14:00.434+0000] {processor.py:161} INFO - Started process (PID=268) to work on /home/airflow/.local/lib/python3.8/site-packages/airflow/example_dags/example_short_circuit_operator.py
[2023-12-21T19:14:00.435+0000] {processor.py:830} INFO - Processing file /home/airflow/.local/lib/python3.8/site-packages/airflow/example_dags/example_short_circuit_operator.py for tasks to queue
[2023-12-21T19:14:00.439+0000] {logging_mixin.py:188} INFO - [2023-12-21T19:14:00.438+0000] {dagbag.py:538} INFO - Filling up the DagBag from /home/airflow/.local/lib/python3.8/site-packages/airflow/example_dags/example_short_circuit_operator.py
[2023-12-21T19:14:00.449+0000] {processor.py:840} INFO - DAG(s) 'example_short_circuit_operator' retrieved from /home/airflow/.local/lib/python3.8/site-packages/airflow/example_dags/example_short_circuit_operator.py
[2023-12-21T19:14:00.483+0000] {logging_mixin.py:188} INFO - [2023-12-21T19:14:00.483+0000] {dag.py:3033} INFO - Sync 1 DAGs
[2023-12-21T19:14:00.517+0000] {logging_mixin.py:188} INFO - [2023-12-21T19:14:00.517+0000] {dag.py:3820} INFO - Setting next_dagrun for example_short_circuit_operator to 2023-12-20T00:00:00+00:00, run_after=2023-12-21T00:00:00+00:00
[2023-12-21T19:14:00.546+0000] {processor.py:183} INFO - Processing /home/airflow/.local/lib/python3.8/site-packages/airflow/example_dags/example_short_circuit_operator.py took 0.119 seconds
[2023-12-21T19:18:10.243+0000] {processor.py:161} INFO - Started process (PID=49) to work on /home/airflow/.local/lib/python3.8/site-packages/airflow/example_dags/example_short_circuit_operator.py
[2023-12-21T19:18:10.262+0000] {processor.py:830} INFO - Processing file /home/airflow/.local/lib/python3.8/site-packages/airflow/example_dags/example_short_circuit_operator.py for tasks to queue
[2023-12-21T19:18:10.270+0000] {logging_mixin.py:188} INFO - [2023-12-21T19:18:10.266+0000] {dagbag.py:538} INFO - Filling up the DagBag from /home/airflow/.local/lib/python3.8/site-packages/airflow/example_dags/example_short_circuit_operator.py
[2023-12-21T19:18:10.373+0000] {processor.py:840} INFO - DAG(s) 'example_short_circuit_operator' retrieved from /home/airflow/.local/lib/python3.8/site-packages/airflow/example_dags/example_short_circuit_operator.py
[2023-12-21T19:18:10.853+0000] {logging_mixin.py:188} INFO - [2023-12-21T19:18:10.853+0000] {dag.py:3033} INFO - Sync 1 DAGs
[2023-12-21T19:18:10.948+0000] {logging_mixin.py:188} INFO - [2023-12-21T19:18:10.948+0000] {dag.py:3820} INFO - Setting next_dagrun for example_short_circuit_operator to 2023-12-20T00:00:00+00:00, run_after=2023-12-21T00:00:00+00:00
[2023-12-21T19:18:11.030+0000] {processor.py:183} INFO - Processing /home/airflow/.local/lib/python3.8/site-packages/airflow/example_dags/example_short_circuit_operator.py took 0.794 seconds
[2023-12-21T19:18:41.232+0000] {processor.py:161} INFO - Started process (PID=104) to work on /home/airflow/.local/lib/python3.8/site-packages/airflow/example_dags/example_short_circuit_operator.py
[2023-12-21T19:18:41.233+0000] {processor.py:830} INFO - Processing file /home/airflow/.local/lib/python3.8/site-packages/airflow/example_dags/example_short_circuit_operator.py for tasks to queue
[2023-12-21T19:18:41.237+0000] {logging_mixin.py:188} INFO - [2023-12-21T19:18:41.236+0000] {dagbag.py:538} INFO - Filling up the DagBag from /home/airflow/.local/lib/python3.8/site-packages/airflow/example_dags/example_short_circuit_operator.py
[2023-12-21T19:18:41.249+0000] {processor.py:840} INFO - DAG(s) 'example_short_circuit_operator' retrieved from /home/airflow/.local/lib/python3.8/site-packages/airflow/example_dags/example_short_circuit_operator.py
[2023-12-21T19:18:41.286+0000] {logging_mixin.py:188} INFO - [2023-12-21T19:18:41.286+0000] {dag.py:3033} INFO - Sync 1 DAGs
[2023-12-21T19:18:41.336+0000] {logging_mixin.py:188} INFO - [2023-12-21T19:18:41.335+0000] {dag.py:3820} INFO - Setting next_dagrun for example_short_circuit_operator to 2023-12-20T00:00:00+00:00, run_after=2023-12-21T00:00:00+00:00
[2023-12-21T19:18:41.371+0000] {processor.py:183} INFO - Processing /home/airflow/.local/lib/python3.8/site-packages/airflow/example_dags/example_short_circuit_operator.py took 0.147 seconds
[2023-12-21T19:19:11.606+0000] {processor.py:161} INFO - Started process (PID=160) to work on /home/airflow/.local/lib/python3.8/site-packages/airflow/example_dags/example_short_circuit_operator.py
[2023-12-21T19:19:11.607+0000] {processor.py:830} INFO - Processing file /home/airflow/.local/lib/python3.8/site-packages/airflow/example_dags/example_short_circuit_operator.py for tasks to queue
[2023-12-21T19:19:11.610+0000] {logging_mixin.py:188} INFO - [2023-12-21T19:19:11.609+0000] {dagbag.py:538} INFO - Filling up the DagBag from /home/airflow/.local/lib/python3.8/site-packages/airflow/example_dags/example_short_circuit_operator.py
[2023-12-21T19:19:11.621+0000] {processor.py:840} INFO - DAG(s) 'example_short_circuit_operator' retrieved from /home/airflow/.local/lib/python3.8/site-packages/airflow/example_dags/example_short_circuit_operator.py
[2023-12-21T19:19:11.650+0000] {logging_mixin.py:188} INFO - [2023-12-21T19:19:11.650+0000] {dag.py:3033} INFO - Sync 1 DAGs
[2023-12-21T19:19:11.674+0000] {logging_mixin.py:188} INFO - [2023-12-21T19:19:11.674+0000] {dag.py:3820} INFO - Setting next_dagrun for example_short_circuit_operator to 2023-12-20T00:00:00+00:00, run_after=2023-12-21T00:00:00+00:00
[2023-12-21T19:19:11.722+0000] {processor.py:183} INFO - Processing /home/airflow/.local/lib/python3.8/site-packages/airflow/example_dags/example_short_circuit_operator.py took 0.120 seconds
[2023-12-21T19:19:42.243+0000] {processor.py:161} INFO - Started process (PID=215) to work on /home/airflow/.local/lib/python3.8/site-packages/airflow/example_dags/example_short_circuit_operator.py
[2023-12-21T19:19:42.244+0000] {processor.py:830} INFO - Processing file /home/airflow/.local/lib/python3.8/site-packages/airflow/example_dags/example_short_circuit_operator.py for tasks to queue
[2023-12-21T19:19:42.247+0000] {logging_mixin.py:188} INFO - [2023-12-21T19:19:42.247+0000] {dagbag.py:538} INFO - Filling up the DagBag from /home/airflow/.local/lib/python3.8/site-packages/airflow/example_dags/example_short_circuit_operator.py
[2023-12-21T19:19:42.262+0000] {processor.py:840} INFO - DAG(s) 'example_short_circuit_operator' retrieved from /home/airflow/.local/lib/python3.8/site-packages/airflow/example_dags/example_short_circuit_operator.py
[2023-12-21T19:19:42.294+0000] {logging_mixin.py:188} INFO - [2023-12-21T19:19:42.294+0000] {dag.py:3033} INFO - Sync 1 DAGs
[2023-12-21T19:19:42.328+0000] {logging_mixin.py:188} INFO - [2023-12-21T19:19:42.328+0000] {dag.py:3820} INFO - Setting next_dagrun for example_short_circuit_operator to 2023-12-20T00:00:00+00:00, run_after=2023-12-21T00:00:00+00:00
[2023-12-21T19:19:42.357+0000] {processor.py:183} INFO - Processing /home/airflow/.local/lib/python3.8/site-packages/airflow/example_dags/example_short_circuit_operator.py took 0.119 seconds
[2023-12-21T19:20:12.884+0000] {processor.py:161} INFO - Started process (PID=270) to work on /home/airflow/.local/lib/python3.8/site-packages/airflow/example_dags/example_short_circuit_operator.py
[2023-12-21T19:20:12.886+0000] {processor.py:830} INFO - Processing file /home/airflow/.local/lib/python3.8/site-packages/airflow/example_dags/example_short_circuit_operator.py for tasks to queue
[2023-12-21T19:20:12.889+0000] {logging_mixin.py:188} INFO - [2023-12-21T19:20:12.889+0000] {dagbag.py:538} INFO - Filling up the DagBag from /home/airflow/.local/lib/python3.8/site-packages/airflow/example_dags/example_short_circuit_operator.py
[2023-12-21T19:20:12.907+0000] {processor.py:840} INFO - DAG(s) 'example_short_circuit_operator' retrieved from /home/airflow/.local/lib/python3.8/site-packages/airflow/example_dags/example_short_circuit_operator.py
[2023-12-21T19:20:12.949+0000] {logging_mixin.py:188} INFO - [2023-12-21T19:20:12.948+0000] {dag.py:3033} INFO - Sync 1 DAGs
[2023-12-21T19:20:12.993+0000] {logging_mixin.py:188} INFO - [2023-12-21T19:20:12.993+0000] {dag.py:3820} INFO - Setting next_dagrun for example_short_circuit_operator to 2023-12-20T00:00:00+00:00, run_after=2023-12-21T00:00:00+00:00
[2023-12-21T19:20:13.074+0000] {processor.py:183} INFO - Processing /home/airflow/.local/lib/python3.8/site-packages/airflow/example_dags/example_short_circuit_operator.py took 0.195 seconds
[2023-12-21T19:20:43.960+0000] {processor.py:161} INFO - Started process (PID=325) to work on /home/airflow/.local/lib/python3.8/site-packages/airflow/example_dags/example_short_circuit_operator.py
[2023-12-21T19:20:43.962+0000] {processor.py:830} INFO - Processing file /home/airflow/.local/lib/python3.8/site-packages/airflow/example_dags/example_short_circuit_operator.py for tasks to queue
[2023-12-21T19:20:43.968+0000] {logging_mixin.py:188} INFO - [2023-12-21T19:20:43.967+0000] {dagbag.py:538} INFO - Filling up the DagBag from /home/airflow/.local/lib/python3.8/site-packages/airflow/example_dags/example_short_circuit_operator.py
[2023-12-21T19:20:43.979+0000] {processor.py:840} INFO - DAG(s) 'example_short_circuit_operator' retrieved from /home/airflow/.local/lib/python3.8/site-packages/airflow/example_dags/example_short_circuit_operator.py
[2023-12-21T19:20:44.020+0000] {logging_mixin.py:188} INFO - [2023-12-21T19:20:44.020+0000] {dag.py:3033} INFO - Sync 1 DAGs
[2023-12-21T19:20:44.066+0000] {logging_mixin.py:188} INFO - [2023-12-21T19:20:44.066+0000] {dag.py:3820} INFO - Setting next_dagrun for example_short_circuit_operator to 2023-12-20T00:00:00+00:00, run_after=2023-12-21T00:00:00+00:00
[2023-12-21T19:20:44.106+0000] {processor.py:183} INFO - Processing /home/airflow/.local/lib/python3.8/site-packages/airflow/example_dags/example_short_circuit_operator.py took 0.154 seconds
[2023-12-21T19:21:14.333+0000] {processor.py:161} INFO - Started process (PID=380) to work on /home/airflow/.local/lib/python3.8/site-packages/airflow/example_dags/example_short_circuit_operator.py
[2023-12-21T19:21:14.335+0000] {processor.py:830} INFO - Processing file /home/airflow/.local/lib/python3.8/site-packages/airflow/example_dags/example_short_circuit_operator.py for tasks to queue
[2023-12-21T19:21:14.340+0000] {logging_mixin.py:188} INFO - [2023-12-21T19:21:14.339+0000] {dagbag.py:538} INFO - Filling up the DagBag from /home/airflow/.local/lib/python3.8/site-packages/airflow/example_dags/example_short_circuit_operator.py
[2023-12-21T19:21:14.357+0000] {processor.py:840} INFO - DAG(s) 'example_short_circuit_operator' retrieved from /home/airflow/.local/lib/python3.8/site-packages/airflow/example_dags/example_short_circuit_operator.py
[2023-12-21T19:21:14.400+0000] {logging_mixin.py:188} INFO - [2023-12-21T19:21:14.400+0000] {dag.py:3033} INFO - Sync 1 DAGs
[2023-12-21T19:21:14.448+0000] {logging_mixin.py:188} INFO - [2023-12-21T19:21:14.448+0000] {dag.py:3820} INFO - Setting next_dagrun for example_short_circuit_operator to 2023-12-20T00:00:00+00:00, run_after=2023-12-21T00:00:00+00:00
[2023-12-21T19:21:14.481+0000] {processor.py:183} INFO - Processing /home/airflow/.local/lib/python3.8/site-packages/airflow/example_dags/example_short_circuit_operator.py took 0.153 seconds
[2023-12-21T19:21:45.060+0000] {processor.py:161} INFO - Started process (PID=435) to work on /home/airflow/.local/lib/python3.8/site-packages/airflow/example_dags/example_short_circuit_operator.py
[2023-12-21T19:21:45.061+0000] {processor.py:830} INFO - Processing file /home/airflow/.local/lib/python3.8/site-packages/airflow/example_dags/example_short_circuit_operator.py for tasks to queue
[2023-12-21T19:21:45.064+0000] {logging_mixin.py:188} INFO - [2023-12-21T19:21:45.063+0000] {dagbag.py:538} INFO - Filling up the DagBag from /home/airflow/.local/lib/python3.8/site-packages/airflow/example_dags/example_short_circuit_operator.py
[2023-12-21T19:21:45.077+0000] {processor.py:840} INFO - DAG(s) 'example_short_circuit_operator' retrieved from /home/airflow/.local/lib/python3.8/site-packages/airflow/example_dags/example_short_circuit_operator.py
[2023-12-21T19:21:45.118+0000] {logging_mixin.py:188} INFO - [2023-12-21T19:21:45.118+0000] {dag.py:3033} INFO - Sync 1 DAGs
[2023-12-21T19:21:45.158+0000] {logging_mixin.py:188} INFO - [2023-12-21T19:21:45.158+0000] {dag.py:3820} INFO - Setting next_dagrun for example_short_circuit_operator to 2023-12-20T00:00:00+00:00, run_after=2023-12-21T00:00:00+00:00
[2023-12-21T19:21:45.195+0000] {processor.py:183} INFO - Processing /home/airflow/.local/lib/python3.8/site-packages/airflow/example_dags/example_short_circuit_operator.py took 0.140 seconds
[2023-12-21T19:22:15.896+0000] {processor.py:161} INFO - Started process (PID=490) to work on /home/airflow/.local/lib/python3.8/site-packages/airflow/example_dags/example_short_circuit_operator.py
[2023-12-21T19:22:15.898+0000] {processor.py:830} INFO - Processing file /home/airflow/.local/lib/python3.8/site-packages/airflow/example_dags/example_short_circuit_operator.py for tasks to queue
[2023-12-21T19:22:15.900+0000] {logging_mixin.py:188} INFO - [2023-12-21T19:22:15.900+0000] {dagbag.py:538} INFO - Filling up the DagBag from /home/airflow/.local/lib/python3.8/site-packages/airflow/example_dags/example_short_circuit_operator.py
[2023-12-21T19:22:15.910+0000] {processor.py:840} INFO - DAG(s) 'example_short_circuit_operator' retrieved from /home/airflow/.local/lib/python3.8/site-packages/airflow/example_dags/example_short_circuit_operator.py
[2023-12-21T19:22:15.945+0000] {logging_mixin.py:188} INFO - [2023-12-21T19:22:15.945+0000] {dag.py:3033} INFO - Sync 1 DAGs
[2023-12-21T19:22:15.980+0000] {logging_mixin.py:188} INFO - [2023-12-21T19:22:15.979+0000] {dag.py:3820} INFO - Setting next_dagrun for example_short_circuit_operator to 2023-12-20T00:00:00+00:00, run_after=2023-12-21T00:00:00+00:00
[2023-12-21T19:22:16.010+0000] {processor.py:183} INFO - Processing /home/airflow/.local/lib/python3.8/site-packages/airflow/example_dags/example_short_circuit_operator.py took 0.120 seconds
[2023-12-21T19:22:46.336+0000] {processor.py:161} INFO - Started process (PID=545) to work on /home/airflow/.local/lib/python3.8/site-packages/airflow/example_dags/example_short_circuit_operator.py
[2023-12-21T19:22:46.337+0000] {processor.py:830} INFO - Processing file /home/airflow/.local/lib/python3.8/site-packages/airflow/example_dags/example_short_circuit_operator.py for tasks to queue
[2023-12-21T19:22:46.340+0000] {logging_mixin.py:188} INFO - [2023-12-21T19:22:46.340+0000] {dagbag.py:538} INFO - Filling up the DagBag from /home/airflow/.local/lib/python3.8/site-packages/airflow/example_dags/example_short_circuit_operator.py
[2023-12-21T19:22:46.355+0000] {processor.py:840} INFO - DAG(s) 'example_short_circuit_operator' retrieved from /home/airflow/.local/lib/python3.8/site-packages/airflow/example_dags/example_short_circuit_operator.py
[2023-12-21T19:22:46.403+0000] {logging_mixin.py:188} INFO - [2023-12-21T19:22:46.402+0000] {dag.py:3033} INFO - Sync 1 DAGs
[2023-12-21T19:22:46.456+0000] {logging_mixin.py:188} INFO - [2023-12-21T19:22:46.455+0000] {dag.py:3820} INFO - Setting next_dagrun for example_short_circuit_operator to 2023-12-20T00:00:00+00:00, run_after=2023-12-21T00:00:00+00:00
[2023-12-21T19:22:46.487+0000] {processor.py:183} INFO - Processing /home/airflow/.local/lib/python3.8/site-packages/airflow/example_dags/example_short_circuit_operator.py took 0.159 seconds
[2023-12-21T19:23:17.011+0000] {processor.py:161} INFO - Started process (PID=600) to work on /home/airflow/.local/lib/python3.8/site-packages/airflow/example_dags/example_short_circuit_operator.py
[2023-12-21T19:23:17.012+0000] {processor.py:830} INFO - Processing file /home/airflow/.local/lib/python3.8/site-packages/airflow/example_dags/example_short_circuit_operator.py for tasks to queue
[2023-12-21T19:23:17.016+0000] {logging_mixin.py:188} INFO - [2023-12-21T19:23:17.015+0000] {dagbag.py:538} INFO - Filling up the DagBag from /home/airflow/.local/lib/python3.8/site-packages/airflow/example_dags/example_short_circuit_operator.py
[2023-12-21T19:23:17.027+0000] {processor.py:840} INFO - DAG(s) 'example_short_circuit_operator' retrieved from /home/airflow/.local/lib/python3.8/site-packages/airflow/example_dags/example_short_circuit_operator.py
[2023-12-21T19:23:17.063+0000] {logging_mixin.py:188} INFO - [2023-12-21T19:23:17.063+0000] {dag.py:3033} INFO - Sync 1 DAGs
[2023-12-21T19:23:17.102+0000] {logging_mixin.py:188} INFO - [2023-12-21T19:23:17.102+0000] {dag.py:3820} INFO - Setting next_dagrun for example_short_circuit_operator to 2023-12-20T00:00:00+00:00, run_after=2023-12-21T00:00:00+00:00
[2023-12-21T19:23:17.132+0000] {processor.py:183} INFO - Processing /home/airflow/.local/lib/python3.8/site-packages/airflow/example_dags/example_short_circuit_operator.py took 0.125 seconds
[2023-12-21T19:23:47.377+0000] {processor.py:161} INFO - Started process (PID=654) to work on /home/airflow/.local/lib/python3.8/site-packages/airflow/example_dags/example_short_circuit_operator.py
[2023-12-21T19:23:47.378+0000] {processor.py:830} INFO - Processing file /home/airflow/.local/lib/python3.8/site-packages/airflow/example_dags/example_short_circuit_operator.py for tasks to queue
[2023-12-21T19:23:47.381+0000] {logging_mixin.py:188} INFO - [2023-12-21T19:23:47.380+0000] {dagbag.py:538} INFO - Filling up the DagBag from /home/airflow/.local/lib/python3.8/site-packages/airflow/example_dags/example_short_circuit_operator.py
[2023-12-21T19:23:47.392+0000] {processor.py:840} INFO - DAG(s) 'example_short_circuit_operator' retrieved from /home/airflow/.local/lib/python3.8/site-packages/airflow/example_dags/example_short_circuit_operator.py
[2023-12-21T19:23:47.426+0000] {logging_mixin.py:188} INFO - [2023-12-21T19:23:47.425+0000] {dag.py:3033} INFO - Sync 1 DAGs
[2023-12-21T19:23:47.461+0000] {logging_mixin.py:188} INFO - [2023-12-21T19:23:47.461+0000] {dag.py:3820} INFO - Setting next_dagrun for example_short_circuit_operator to 2023-12-20T00:00:00+00:00, run_after=2023-12-21T00:00:00+00:00
[2023-12-21T19:23:47.492+0000] {processor.py:183} INFO - Processing /home/airflow/.local/lib/python3.8/site-packages/airflow/example_dags/example_short_circuit_operator.py took 0.122 seconds
[2023-12-21T19:24:18.173+0000] {processor.py:161} INFO - Started process (PID=708) to work on /home/airflow/.local/lib/python3.8/site-packages/airflow/example_dags/example_short_circuit_operator.py
[2023-12-21T19:24:18.175+0000] {processor.py:830} INFO - Processing file /home/airflow/.local/lib/python3.8/site-packages/airflow/example_dags/example_short_circuit_operator.py for tasks to queue
[2023-12-21T19:24:18.179+0000] {logging_mixin.py:188} INFO - [2023-12-21T19:24:18.178+0000] {dagbag.py:538} INFO - Filling up the DagBag from /home/airflow/.local/lib/python3.8/site-packages/airflow/example_dags/example_short_circuit_operator.py
[2023-12-21T19:24:18.198+0000] {processor.py:840} INFO - DAG(s) 'example_short_circuit_operator' retrieved from /home/airflow/.local/lib/python3.8/site-packages/airflow/example_dags/example_short_circuit_operator.py
[2023-12-21T19:24:18.257+0000] {logging_mixin.py:188} INFO - [2023-12-21T19:24:18.257+0000] {dag.py:3033} INFO - Sync 1 DAGs
[2023-12-21T19:24:18.299+0000] {logging_mixin.py:188} INFO - [2023-12-21T19:24:18.299+0000] {dag.py:3820} INFO - Setting next_dagrun for example_short_circuit_operator to 2023-12-20T00:00:00+00:00, run_after=2023-12-21T00:00:00+00:00
[2023-12-21T19:24:18.327+0000] {processor.py:183} INFO - Processing /home/airflow/.local/lib/python3.8/site-packages/airflow/example_dags/example_short_circuit_operator.py took 0.160 seconds
[2023-12-21T19:24:48.504+0000] {processor.py:161} INFO - Started process (PID=763) to work on /home/airflow/.local/lib/python3.8/site-packages/airflow/example_dags/example_short_circuit_operator.py
[2023-12-21T19:24:48.506+0000] {processor.py:830} INFO - Processing file /home/airflow/.local/lib/python3.8/site-packages/airflow/example_dags/example_short_circuit_operator.py for tasks to queue
[2023-12-21T19:24:48.512+0000] {logging_mixin.py:188} INFO - [2023-12-21T19:24:48.510+0000] {dagbag.py:538} INFO - Filling up the DagBag from /home/airflow/.local/lib/python3.8/site-packages/airflow/example_dags/example_short_circuit_operator.py
[2023-12-21T19:24:48.529+0000] {processor.py:840} INFO - DAG(s) 'example_short_circuit_operator' retrieved from /home/airflow/.local/lib/python3.8/site-packages/airflow/example_dags/example_short_circuit_operator.py
[2023-12-21T19:24:48.591+0000] {logging_mixin.py:188} INFO - [2023-12-21T19:24:48.591+0000] {dag.py:3033} INFO - Sync 1 DAGs
[2023-12-21T19:24:48.632+0000] {logging_mixin.py:188} INFO - [2023-12-21T19:24:48.631+0000] {dag.py:3820} INFO - Setting next_dagrun for example_short_circuit_operator to 2023-12-20T00:00:00+00:00, run_after=2023-12-21T00:00:00+00:00
[2023-12-21T19:24:48.669+0000] {processor.py:183} INFO - Processing /home/airflow/.local/lib/python3.8/site-packages/airflow/example_dags/example_short_circuit_operator.py took 0.172 seconds
[2023-12-21T19:25:19.057+0000] {processor.py:161} INFO - Started process (PID=818) to work on /home/airflow/.local/lib/python3.8/site-packages/airflow/example_dags/example_short_circuit_operator.py
[2023-12-21T19:25:19.058+0000] {processor.py:830} INFO - Processing file /home/airflow/.local/lib/python3.8/site-packages/airflow/example_dags/example_short_circuit_operator.py for tasks to queue
[2023-12-21T19:25:19.062+0000] {logging_mixin.py:188} INFO - [2023-12-21T19:25:19.062+0000] {dagbag.py:538} INFO - Filling up the DagBag from /home/airflow/.local/lib/python3.8/site-packages/airflow/example_dags/example_short_circuit_operator.py
[2023-12-21T19:25:19.076+0000] {processor.py:840} INFO - DAG(s) 'example_short_circuit_operator' retrieved from /home/airflow/.local/lib/python3.8/site-packages/airflow/example_dags/example_short_circuit_operator.py
[2023-12-21T19:25:19.129+0000] {logging_mixin.py:188} INFO - [2023-12-21T19:25:19.128+0000] {dag.py:3033} INFO - Sync 1 DAGs
[2023-12-21T19:25:19.210+0000] {logging_mixin.py:188} INFO - [2023-12-21T19:25:19.209+0000] {dag.py:3820} INFO - Setting next_dagrun for example_short_circuit_operator to 2023-12-20T00:00:00+00:00, run_after=2023-12-21T00:00:00+00:00
[2023-12-21T19:25:19.268+0000] {processor.py:183} INFO - Processing /home/airflow/.local/lib/python3.8/site-packages/airflow/example_dags/example_short_circuit_operator.py took 0.218 seconds
[2023-12-21T19:25:50.113+0000] {processor.py:161} INFO - Started process (PID=873) to work on /home/airflow/.local/lib/python3.8/site-packages/airflow/example_dags/example_short_circuit_operator.py
[2023-12-21T19:25:50.114+0000] {processor.py:830} INFO - Processing file /home/airflow/.local/lib/python3.8/site-packages/airflow/example_dags/example_short_circuit_operator.py for tasks to queue
[2023-12-21T19:25:50.118+0000] {logging_mixin.py:188} INFO - [2023-12-21T19:25:50.118+0000] {dagbag.py:538} INFO - Filling up the DagBag from /home/airflow/.local/lib/python3.8/site-packages/airflow/example_dags/example_short_circuit_operator.py
[2023-12-21T19:25:50.139+0000] {processor.py:840} INFO - DAG(s) 'example_short_circuit_operator' retrieved from /home/airflow/.local/lib/python3.8/site-packages/airflow/example_dags/example_short_circuit_operator.py
[2023-12-21T19:25:50.192+0000] {logging_mixin.py:188} INFO - [2023-12-21T19:25:50.191+0000] {dag.py:3033} INFO - Sync 1 DAGs
[2023-12-21T19:25:50.239+0000] {logging_mixin.py:188} INFO - [2023-12-21T19:25:50.239+0000] {dag.py:3820} INFO - Setting next_dagrun for example_short_circuit_operator to 2023-12-20T00:00:00+00:00, run_after=2023-12-21T00:00:00+00:00
[2023-12-21T19:25:50.277+0000] {processor.py:183} INFO - Processing /home/airflow/.local/lib/python3.8/site-packages/airflow/example_dags/example_short_circuit_operator.py took 0.170 seconds
[2023-12-21T19:26:20.601+0000] {processor.py:161} INFO - Started process (PID=927) to work on /home/airflow/.local/lib/python3.8/site-packages/airflow/example_dags/example_short_circuit_operator.py
[2023-12-21T19:26:20.603+0000] {processor.py:830} INFO - Processing file /home/airflow/.local/lib/python3.8/site-packages/airflow/example_dags/example_short_circuit_operator.py for tasks to queue
[2023-12-21T19:26:20.607+0000] {logging_mixin.py:188} INFO - [2023-12-21T19:26:20.606+0000] {dagbag.py:538} INFO - Filling up the DagBag from /home/airflow/.local/lib/python3.8/site-packages/airflow/example_dags/example_short_circuit_operator.py
[2023-12-21T19:26:20.625+0000] {processor.py:840} INFO - DAG(s) 'example_short_circuit_operator' retrieved from /home/airflow/.local/lib/python3.8/site-packages/airflow/example_dags/example_short_circuit_operator.py
[2023-12-21T19:26:20.685+0000] {logging_mixin.py:188} INFO - [2023-12-21T19:26:20.684+0000] {dag.py:3033} INFO - Sync 1 DAGs
[2023-12-21T19:26:20.731+0000] {logging_mixin.py:188} INFO - [2023-12-21T19:26:20.731+0000] {dag.py:3820} INFO - Setting next_dagrun for example_short_circuit_operator to 2023-12-20T00:00:00+00:00, run_after=2023-12-21T00:00:00+00:00
[2023-12-21T19:26:20.773+0000] {processor.py:183} INFO - Processing /home/airflow/.local/lib/python3.8/site-packages/airflow/example_dags/example_short_circuit_operator.py took 0.181 seconds
[2023-12-21T19:26:50.820+0000] {processor.py:161} INFO - Started process (PID=982) to work on /home/airflow/.local/lib/python3.8/site-packages/airflow/example_dags/example_short_circuit_operator.py
[2023-12-21T19:26:50.822+0000] {processor.py:830} INFO - Processing file /home/airflow/.local/lib/python3.8/site-packages/airflow/example_dags/example_short_circuit_operator.py for tasks to queue
[2023-12-21T19:26:50.826+0000] {logging_mixin.py:188} INFO - [2023-12-21T19:26:50.826+0000] {dagbag.py:538} INFO - Filling up the DagBag from /home/airflow/.local/lib/python3.8/site-packages/airflow/example_dags/example_short_circuit_operator.py
[2023-12-21T19:26:50.840+0000] {processor.py:840} INFO - DAG(s) 'example_short_circuit_operator' retrieved from /home/airflow/.local/lib/python3.8/site-packages/airflow/example_dags/example_short_circuit_operator.py
[2023-12-21T19:26:50.883+0000] {logging_mixin.py:188} INFO - [2023-12-21T19:26:50.882+0000] {dag.py:3033} INFO - Sync 1 DAGs
[2023-12-21T19:26:50.922+0000] {logging_mixin.py:188} INFO - [2023-12-21T19:26:50.922+0000] {dag.py:3820} INFO - Setting next_dagrun for example_short_circuit_operator to 2023-12-20T00:00:00+00:00, run_after=2023-12-21T00:00:00+00:00
[2023-12-21T19:26:50.952+0000] {processor.py:183} INFO - Processing /home/airflow/.local/lib/python3.8/site-packages/airflow/example_dags/example_short_circuit_operator.py took 0.137 seconds
[2023-12-21T19:27:21.559+0000] {processor.py:161} INFO - Started process (PID=1037) to work on /home/airflow/.local/lib/python3.8/site-packages/airflow/example_dags/example_short_circuit_operator.py
[2023-12-21T19:27:21.562+0000] {processor.py:830} INFO - Processing file /home/airflow/.local/lib/python3.8/site-packages/airflow/example_dags/example_short_circuit_operator.py for tasks to queue
[2023-12-21T19:27:21.566+0000] {logging_mixin.py:188} INFO - [2023-12-21T19:27:21.565+0000] {dagbag.py:538} INFO - Filling up the DagBag from /home/airflow/.local/lib/python3.8/site-packages/airflow/example_dags/example_short_circuit_operator.py
[2023-12-21T19:27:21.584+0000] {processor.py:840} INFO - DAG(s) 'example_short_circuit_operator' retrieved from /home/airflow/.local/lib/python3.8/site-packages/airflow/example_dags/example_short_circuit_operator.py
[2023-12-21T19:27:21.627+0000] {logging_mixin.py:188} INFO - [2023-12-21T19:27:21.627+0000] {dag.py:3033} INFO - Sync 1 DAGs
[2023-12-21T19:27:21.673+0000] {logging_mixin.py:188} INFO - [2023-12-21T19:27:21.672+0000] {dag.py:3820} INFO - Setting next_dagrun for example_short_circuit_operator to 2023-12-20T00:00:00+00:00, run_after=2023-12-21T00:00:00+00:00
[2023-12-21T19:27:21.705+0000] {processor.py:183} INFO - Processing /home/airflow/.local/lib/python3.8/site-packages/airflow/example_dags/example_short_circuit_operator.py took 0.153 seconds
[2023-12-21T19:27:52.189+0000] {processor.py:161} INFO - Started process (PID=1091) to work on /home/airflow/.local/lib/python3.8/site-packages/airflow/example_dags/example_short_circuit_operator.py
[2023-12-21T19:27:52.193+0000] {processor.py:830} INFO - Processing file /home/airflow/.local/lib/python3.8/site-packages/airflow/example_dags/example_short_circuit_operator.py for tasks to queue
[2023-12-21T19:27:52.197+0000] {logging_mixin.py:188} INFO - [2023-12-21T19:27:52.197+0000] {dagbag.py:538} INFO - Filling up the DagBag from /home/airflow/.local/lib/python3.8/site-packages/airflow/example_dags/example_short_circuit_operator.py
[2023-12-21T19:27:52.211+0000] {processor.py:840} INFO - DAG(s) 'example_short_circuit_operator' retrieved from /home/airflow/.local/lib/python3.8/site-packages/airflow/example_dags/example_short_circuit_operator.py
[2023-12-21T19:27:52.263+0000] {logging_mixin.py:188} INFO - [2023-12-21T19:27:52.263+0000] {dag.py:3033} INFO - Sync 1 DAGs
[2023-12-21T19:27:52.307+0000] {logging_mixin.py:188} INFO - [2023-12-21T19:27:52.307+0000] {dag.py:3820} INFO - Setting next_dagrun for example_short_circuit_operator to 2023-12-20T00:00:00+00:00, run_after=2023-12-21T00:00:00+00:00
[2023-12-21T19:27:52.353+0000] {processor.py:183} INFO - Processing /home/airflow/.local/lib/python3.8/site-packages/airflow/example_dags/example_short_circuit_operator.py took 0.169 seconds
[2023-12-21T19:28:23.046+0000] {processor.py:161} INFO - Started process (PID=1147) to work on /home/airflow/.local/lib/python3.8/site-packages/airflow/example_dags/example_short_circuit_operator.py
[2023-12-21T19:28:23.055+0000] {processor.py:830} INFO - Processing file /home/airflow/.local/lib/python3.8/site-packages/airflow/example_dags/example_short_circuit_operator.py for tasks to queue
[2023-12-21T19:28:23.078+0000] {logging_mixin.py:188} INFO - [2023-12-21T19:28:23.077+0000] {dagbag.py:538} INFO - Filling up the DagBag from /home/airflow/.local/lib/python3.8/site-packages/airflow/example_dags/example_short_circuit_operator.py
[2023-12-21T19:28:23.108+0000] {processor.py:840} INFO - DAG(s) 'example_short_circuit_operator' retrieved from /home/airflow/.local/lib/python3.8/site-packages/airflow/example_dags/example_short_circuit_operator.py
[2023-12-21T19:28:23.186+0000] {logging_mixin.py:188} INFO - [2023-12-21T19:28:23.186+0000] {dag.py:3033} INFO - Sync 1 DAGs
[2023-12-21T19:28:23.315+0000] {logging_mixin.py:188} INFO - [2023-12-21T19:28:23.308+0000] {dag.py:3820} INFO - Setting next_dagrun for example_short_circuit_operator to 2023-12-20T00:00:00+00:00, run_after=2023-12-21T00:00:00+00:00
[2023-12-21T19:28:23.397+0000] {processor.py:183} INFO - Processing /home/airflow/.local/lib/python3.8/site-packages/airflow/example_dags/example_short_circuit_operator.py took 0.367 seconds
[2023-12-21T19:28:53.750+0000] {processor.py:161} INFO - Started process (PID=1207) to work on /home/airflow/.local/lib/python3.8/site-packages/airflow/example_dags/example_short_circuit_operator.py
[2023-12-21T19:28:53.751+0000] {processor.py:830} INFO - Processing file /home/airflow/.local/lib/python3.8/site-packages/airflow/example_dags/example_short_circuit_operator.py for tasks to queue
[2023-12-21T19:28:53.754+0000] {logging_mixin.py:188} INFO - [2023-12-21T19:28:53.754+0000] {dagbag.py:538} INFO - Filling up the DagBag from /home/airflow/.local/lib/python3.8/site-packages/airflow/example_dags/example_short_circuit_operator.py
[2023-12-21T19:28:53.769+0000] {processor.py:840} INFO - DAG(s) 'example_short_circuit_operator' retrieved from /home/airflow/.local/lib/python3.8/site-packages/airflow/example_dags/example_short_circuit_operator.py
[2023-12-21T19:28:53.804+0000] {logging_mixin.py:188} INFO - [2023-12-21T19:28:53.804+0000] {dag.py:3033} INFO - Sync 1 DAGs
[2023-12-21T19:28:53.855+0000] {logging_mixin.py:188} INFO - [2023-12-21T19:28:53.855+0000] {dag.py:3820} INFO - Setting next_dagrun for example_short_circuit_operator to 2023-12-20T00:00:00+00:00, run_after=2023-12-21T00:00:00+00:00
[2023-12-21T19:28:53.899+0000] {processor.py:183} INFO - Processing /home/airflow/.local/lib/python3.8/site-packages/airflow/example_dags/example_short_circuit_operator.py took 0.156 seconds
[2023-12-21T19:29:24.180+0000] {processor.py:161} INFO - Started process (PID=1262) to work on /home/airflow/.local/lib/python3.8/site-packages/airflow/example_dags/example_short_circuit_operator.py
[2023-12-21T19:29:24.182+0000] {processor.py:830} INFO - Processing file /home/airflow/.local/lib/python3.8/site-packages/airflow/example_dags/example_short_circuit_operator.py for tasks to queue
[2023-12-21T19:29:24.185+0000] {logging_mixin.py:188} INFO - [2023-12-21T19:29:24.185+0000] {dagbag.py:538} INFO - Filling up the DagBag from /home/airflow/.local/lib/python3.8/site-packages/airflow/example_dags/example_short_circuit_operator.py
[2023-12-21T19:29:24.201+0000] {processor.py:840} INFO - DAG(s) 'example_short_circuit_operator' retrieved from /home/airflow/.local/lib/python3.8/site-packages/airflow/example_dags/example_short_circuit_operator.py
[2023-12-21T19:29:24.249+0000] {logging_mixin.py:188} INFO - [2023-12-21T19:29:24.248+0000] {dag.py:3033} INFO - Sync 1 DAGs
[2023-12-21T19:29:24.294+0000] {logging_mixin.py:188} INFO - [2023-12-21T19:29:24.294+0000] {dag.py:3820} INFO - Setting next_dagrun for example_short_circuit_operator to 2023-12-20T00:00:00+00:00, run_after=2023-12-21T00:00:00+00:00
[2023-12-21T19:29:24.346+0000] {processor.py:183} INFO - Processing /home/airflow/.local/lib/python3.8/site-packages/airflow/example_dags/example_short_circuit_operator.py took 0.174 seconds
[2023-12-21T19:29:55.010+0000] {processor.py:161} INFO - Started process (PID=1317) to work on /home/airflow/.local/lib/python3.8/site-packages/airflow/example_dags/example_short_circuit_operator.py
[2023-12-21T19:29:55.011+0000] {processor.py:830} INFO - Processing file /home/airflow/.local/lib/python3.8/site-packages/airflow/example_dags/example_short_circuit_operator.py for tasks to queue
[2023-12-21T19:29:55.013+0000] {logging_mixin.py:188} INFO - [2023-12-21T19:29:55.012+0000] {dagbag.py:538} INFO - Filling up the DagBag from /home/airflow/.local/lib/python3.8/site-packages/airflow/example_dags/example_short_circuit_operator.py
[2023-12-21T19:29:55.021+0000] {processor.py:840} INFO - DAG(s) 'example_short_circuit_operator' retrieved from /home/airflow/.local/lib/python3.8/site-packages/airflow/example_dags/example_short_circuit_operator.py
[2023-12-21T19:29:55.047+0000] {logging_mixin.py:188} INFO - [2023-12-21T19:29:55.047+0000] {dag.py:3033} INFO - Sync 1 DAGs
[2023-12-21T19:29:55.071+0000] {logging_mixin.py:188} INFO - [2023-12-21T19:29:55.071+0000] {dag.py:3820} INFO - Setting next_dagrun for example_short_circuit_operator to 2023-12-20T00:00:00+00:00, run_after=2023-12-21T00:00:00+00:00
[2023-12-21T19:29:55.094+0000] {processor.py:183} INFO - Processing /home/airflow/.local/lib/python3.8/site-packages/airflow/example_dags/example_short_circuit_operator.py took 0.088 seconds
[2023-12-21T19:30:25.600+0000] {processor.py:161} INFO - Started process (PID=1371) to work on /home/airflow/.local/lib/python3.8/site-packages/airflow/example_dags/example_short_circuit_operator.py
[2023-12-21T19:30:25.601+0000] {processor.py:830} INFO - Processing file /home/airflow/.local/lib/python3.8/site-packages/airflow/example_dags/example_short_circuit_operator.py for tasks to queue
[2023-12-21T19:30:25.605+0000] {logging_mixin.py:188} INFO - [2023-12-21T19:30:25.605+0000] {dagbag.py:538} INFO - Filling up the DagBag from /home/airflow/.local/lib/python3.8/site-packages/airflow/example_dags/example_short_circuit_operator.py
[2023-12-21T19:30:25.615+0000] {processor.py:840} INFO - DAG(s) 'example_short_circuit_operator' retrieved from /home/airflow/.local/lib/python3.8/site-packages/airflow/example_dags/example_short_circuit_operator.py
[2023-12-21T19:30:25.656+0000] {logging_mixin.py:188} INFO - [2023-12-21T19:30:25.655+0000] {dag.py:3033} INFO - Sync 1 DAGs
[2023-12-21T19:30:25.695+0000] {logging_mixin.py:188} INFO - [2023-12-21T19:30:25.695+0000] {dag.py:3820} INFO - Setting next_dagrun for example_short_circuit_operator to 2023-12-20T00:00:00+00:00, run_after=2023-12-21T00:00:00+00:00
[2023-12-21T19:30:25.726+0000] {processor.py:183} INFO - Processing /home/airflow/.local/lib/python3.8/site-packages/airflow/example_dags/example_short_circuit_operator.py took 0.131 seconds
[2023-12-21T19:30:55.950+0000] {processor.py:161} INFO - Started process (PID=1425) to work on /home/airflow/.local/lib/python3.8/site-packages/airflow/example_dags/example_short_circuit_operator.py
[2023-12-21T19:30:55.951+0000] {processor.py:830} INFO - Processing file /home/airflow/.local/lib/python3.8/site-packages/airflow/example_dags/example_short_circuit_operator.py for tasks to queue
[2023-12-21T19:30:55.955+0000] {logging_mixin.py:188} INFO - [2023-12-21T19:30:55.955+0000] {dagbag.py:538} INFO - Filling up the DagBag from /home/airflow/.local/lib/python3.8/site-packages/airflow/example_dags/example_short_circuit_operator.py
[2023-12-21T19:30:55.971+0000] {processor.py:840} INFO - DAG(s) 'example_short_circuit_operator' retrieved from /home/airflow/.local/lib/python3.8/site-packages/airflow/example_dags/example_short_circuit_operator.py
[2023-12-21T19:30:56.023+0000] {logging_mixin.py:188} INFO - [2023-12-21T19:30:56.023+0000] {dag.py:3033} INFO - Sync 1 DAGs
[2023-12-21T19:30:56.070+0000] {logging_mixin.py:188} INFO - [2023-12-21T19:30:56.070+0000] {dag.py:3820} INFO - Setting next_dagrun for example_short_circuit_operator to 2023-12-20T00:00:00+00:00, run_after=2023-12-21T00:00:00+00:00
[2023-12-21T19:30:56.100+0000] {processor.py:183} INFO - Processing /home/airflow/.local/lib/python3.8/site-packages/airflow/example_dags/example_short_circuit_operator.py took 0.156 seconds
[2023-12-21T19:31:26.348+0000] {processor.py:161} INFO - Started process (PID=1480) to work on /home/airflow/.local/lib/python3.8/site-packages/airflow/example_dags/example_short_circuit_operator.py
[2023-12-21T19:31:26.350+0000] {processor.py:830} INFO - Processing file /home/airflow/.local/lib/python3.8/site-packages/airflow/example_dags/example_short_circuit_operator.py for tasks to queue
[2023-12-21T19:31:26.353+0000] {logging_mixin.py:188} INFO - [2023-12-21T19:31:26.353+0000] {dagbag.py:538} INFO - Filling up the DagBag from /home/airflow/.local/lib/python3.8/site-packages/airflow/example_dags/example_short_circuit_operator.py
[2023-12-21T19:31:26.364+0000] {processor.py:840} INFO - DAG(s) 'example_short_circuit_operator' retrieved from /home/airflow/.local/lib/python3.8/site-packages/airflow/example_dags/example_short_circuit_operator.py
[2023-12-21T19:31:26.391+0000] {logging_mixin.py:188} INFO - [2023-12-21T19:31:26.391+0000] {dag.py:3033} INFO - Sync 1 DAGs
[2023-12-21T19:31:26.427+0000] {logging_mixin.py:188} INFO - [2023-12-21T19:31:26.427+0000] {dag.py:3820} INFO - Setting next_dagrun for example_short_circuit_operator to 2023-12-20T00:00:00+00:00, run_after=2023-12-21T00:00:00+00:00
[2023-12-21T19:31:26.456+0000] {processor.py:183} INFO - Processing /home/airflow/.local/lib/python3.8/site-packages/airflow/example_dags/example_short_circuit_operator.py took 0.113 seconds
[2023-12-21T19:34:26.210+0000] {processor.py:161} INFO - Started process (PID=49) to work on /home/airflow/.local/lib/python3.8/site-packages/airflow/example_dags/example_short_circuit_operator.py
[2023-12-21T19:34:26.219+0000] {processor.py:830} INFO - Processing file /home/airflow/.local/lib/python3.8/site-packages/airflow/example_dags/example_short_circuit_operator.py for tasks to queue
[2023-12-21T19:34:26.222+0000] {logging_mixin.py:188} INFO - [2023-12-21T19:34:26.222+0000] {dagbag.py:538} INFO - Filling up the DagBag from /home/airflow/.local/lib/python3.8/site-packages/airflow/example_dags/example_short_circuit_operator.py
[2023-12-21T19:34:26.310+0000] {processor.py:840} INFO - DAG(s) 'example_short_circuit_operator' retrieved from /home/airflow/.local/lib/python3.8/site-packages/airflow/example_dags/example_short_circuit_operator.py
[2023-12-21T19:34:26.888+0000] {logging_mixin.py:188} INFO - [2023-12-21T19:34:26.888+0000] {dag.py:3033} INFO - Sync 1 DAGs
[2023-12-21T19:34:26.958+0000] {logging_mixin.py:188} INFO - [2023-12-21T19:34:26.958+0000] {dag.py:3820} INFO - Setting next_dagrun for example_short_circuit_operator to 2023-12-20T00:00:00+00:00, run_after=2023-12-21T00:00:00+00:00
[2023-12-21T19:34:27.024+0000] {processor.py:183} INFO - Processing /home/airflow/.local/lib/python3.8/site-packages/airflow/example_dags/example_short_circuit_operator.py took 0.835 seconds
