[2023-12-21T19:11:55.525+0000] {processor.py:161} INFO - Started process (PID=42) to work on /home/airflow/.local/lib/python3.8/site-packages/airflow/example_dags/example_branch_datetime_operator.py
[2023-12-21T19:11:55.526+0000] {processor.py:830} INFO - Processing file /home/airflow/.local/lib/python3.8/site-packages/airflow/example_dags/example_branch_datetime_operator.py for tasks to queue
[2023-12-21T19:11:55.529+0000] {logging_mixin.py:188} INFO - [2023-12-21T19:11:55.529+0000] {dagbag.py:538} INFO - Filling up the DagBag from /home/airflow/.local/lib/python3.8/site-packages/airflow/example_dags/example_branch_datetime_operator.py
[2023-12-21T19:11:55.581+0000] {processor.py:840} INFO - DAG(s) 'example_branch_datetime_operator', 'example_branch_datetime_operator_3', 'example_branch_datetime_operator_2' retrieved from /home/airflow/.local/lib/python3.8/site-packages/airflow/example_dags/example_branch_datetime_operator.py
[2023-12-21T19:11:55.942+0000] {logging_mixin.py:188} INFO - [2023-12-21T19:11:55.942+0000] {dag.py:3033} INFO - Sync 3 DAGs
[2023-12-21T19:11:55.995+0000] {logging_mixin.py:188} INFO - [2023-12-21T19:11:55.995+0000] {dag.py:3820} INFO - Setting next_dagrun for example_branch_datetime_operator to 2023-12-20T00:00:00+00:00, run_after=2023-12-21T00:00:00+00:00
[2023-12-21T19:11:56.004+0000] {logging_mixin.py:188} INFO - [2023-12-21T19:11:56.003+0000] {dag.py:3820} INFO - Setting next_dagrun for example_branch_datetime_operator_2 to 2023-12-20T00:00:00+00:00, run_after=2023-12-21T00:00:00+00:00
[2023-12-21T19:11:56.009+0000] {logging_mixin.py:188} INFO - [2023-12-21T19:11:56.009+0000] {dag.py:3820} INFO - Setting next_dagrun for example_branch_datetime_operator_3 to 2023-12-20T00:00:00+00:00, run_after=2023-12-21T00:00:00+00:00
[2023-12-21T19:11:56.049+0000] {processor.py:183} INFO - Processing /home/airflow/.local/lib/python3.8/site-packages/airflow/example_dags/example_branch_datetime_operator.py took 0.530 seconds
[2023-12-21T19:12:26.510+0000] {processor.py:161} INFO - Started process (PID=96) to work on /home/airflow/.local/lib/python3.8/site-packages/airflow/example_dags/example_branch_datetime_operator.py
[2023-12-21T19:12:26.511+0000] {processor.py:830} INFO - Processing file /home/airflow/.local/lib/python3.8/site-packages/airflow/example_dags/example_branch_datetime_operator.py for tasks to queue
[2023-12-21T19:12:26.515+0000] {logging_mixin.py:188} INFO - [2023-12-21T19:12:26.514+0000] {dagbag.py:538} INFO - Filling up the DagBag from /home/airflow/.local/lib/python3.8/site-packages/airflow/example_dags/example_branch_datetime_operator.py
[2023-12-21T19:12:26.533+0000] {processor.py:840} INFO - DAG(s) 'example_branch_datetime_operator', 'example_branch_datetime_operator_3', 'example_branch_datetime_operator_2' retrieved from /home/airflow/.local/lib/python3.8/site-packages/airflow/example_dags/example_branch_datetime_operator.py
[2023-12-21T19:12:26.593+0000] {logging_mixin.py:188} INFO - [2023-12-21T19:12:26.592+0000] {dag.py:3033} INFO - Sync 3 DAGs
[2023-12-21T19:12:26.654+0000] {logging_mixin.py:188} INFO - [2023-12-21T19:12:26.654+0000] {dag.py:3820} INFO - Setting next_dagrun for example_branch_datetime_operator to 2023-12-20T00:00:00+00:00, run_after=2023-12-21T00:00:00+00:00
[2023-12-21T19:12:26.666+0000] {logging_mixin.py:188} INFO - [2023-12-21T19:12:26.665+0000] {dag.py:3820} INFO - Setting next_dagrun for example_branch_datetime_operator_2 to 2023-12-20T00:00:00+00:00, run_after=2023-12-21T00:00:00+00:00
[2023-12-21T19:12:26.673+0000] {logging_mixin.py:188} INFO - [2023-12-21T19:12:26.673+0000] {dag.py:3820} INFO - Setting next_dagrun for example_branch_datetime_operator_3 to 2023-12-20T00:00:00+00:00, run_after=2023-12-21T00:00:00+00:00
[2023-12-21T19:12:26.738+0000] {processor.py:183} INFO - Processing /home/airflow/.local/lib/python3.8/site-packages/airflow/example_dags/example_branch_datetime_operator.py took 0.234 seconds
[2023-12-21T19:12:57.014+0000] {processor.py:161} INFO - Started process (PID=151) to work on /home/airflow/.local/lib/python3.8/site-packages/airflow/example_dags/example_branch_datetime_operator.py
[2023-12-21T19:12:57.015+0000] {processor.py:830} INFO - Processing file /home/airflow/.local/lib/python3.8/site-packages/airflow/example_dags/example_branch_datetime_operator.py for tasks to queue
[2023-12-21T19:12:57.019+0000] {logging_mixin.py:188} INFO - [2023-12-21T19:12:57.019+0000] {dagbag.py:538} INFO - Filling up the DagBag from /home/airflow/.local/lib/python3.8/site-packages/airflow/example_dags/example_branch_datetime_operator.py
[2023-12-21T19:12:57.048+0000] {processor.py:840} INFO - DAG(s) 'example_branch_datetime_operator_2', 'example_branch_datetime_operator', 'example_branch_datetime_operator_3' retrieved from /home/airflow/.local/lib/python3.8/site-packages/airflow/example_dags/example_branch_datetime_operator.py
[2023-12-21T19:12:57.127+0000] {logging_mixin.py:188} INFO - [2023-12-21T19:12:57.127+0000] {dag.py:3033} INFO - Sync 3 DAGs
[2023-12-21T19:12:57.195+0000] {logging_mixin.py:188} INFO - [2023-12-21T19:12:57.195+0000] {dag.py:3820} INFO - Setting next_dagrun for example_branch_datetime_operator to 2023-12-20T00:00:00+00:00, run_after=2023-12-21T00:00:00+00:00
[2023-12-21T19:12:57.206+0000] {logging_mixin.py:188} INFO - [2023-12-21T19:12:57.206+0000] {dag.py:3820} INFO - Setting next_dagrun for example_branch_datetime_operator_2 to 2023-12-20T00:00:00+00:00, run_after=2023-12-21T00:00:00+00:00
[2023-12-21T19:12:57.213+0000] {logging_mixin.py:188} INFO - [2023-12-21T19:12:57.213+0000] {dag.py:3820} INFO - Setting next_dagrun for example_branch_datetime_operator_3 to 2023-12-20T00:00:00+00:00, run_after=2023-12-21T00:00:00+00:00
[2023-12-21T19:12:57.262+0000] {processor.py:183} INFO - Processing /home/airflow/.local/lib/python3.8/site-packages/airflow/example_dags/example_branch_datetime_operator.py took 0.256 seconds
[2023-12-21T19:13:27.448+0000] {processor.py:161} INFO - Started process (PID=206) to work on /home/airflow/.local/lib/python3.8/site-packages/airflow/example_dags/example_branch_datetime_operator.py
[2023-12-21T19:13:27.450+0000] {processor.py:830} INFO - Processing file /home/airflow/.local/lib/python3.8/site-packages/airflow/example_dags/example_branch_datetime_operator.py for tasks to queue
[2023-12-21T19:13:27.453+0000] {logging_mixin.py:188} INFO - [2023-12-21T19:13:27.453+0000] {dagbag.py:538} INFO - Filling up the DagBag from /home/airflow/.local/lib/python3.8/site-packages/airflow/example_dags/example_branch_datetime_operator.py
[2023-12-21T19:13:27.473+0000] {processor.py:840} INFO - DAG(s) 'example_branch_datetime_operator', 'example_branch_datetime_operator_2', 'example_branch_datetime_operator_3' retrieved from /home/airflow/.local/lib/python3.8/site-packages/airflow/example_dags/example_branch_datetime_operator.py
[2023-12-21T19:13:27.522+0000] {logging_mixin.py:188} INFO - [2023-12-21T19:13:27.521+0000] {dag.py:3033} INFO - Sync 3 DAGs
[2023-12-21T19:13:27.548+0000] {logging_mixin.py:188} INFO - [2023-12-21T19:13:27.548+0000] {dag.py:3820} INFO - Setting next_dagrun for example_branch_datetime_operator to 2023-12-20T00:00:00+00:00, run_after=2023-12-21T00:00:00+00:00
[2023-12-21T19:13:27.553+0000] {logging_mixin.py:188} INFO - [2023-12-21T19:13:27.553+0000] {dag.py:3820} INFO - Setting next_dagrun for example_branch_datetime_operator_2 to 2023-12-20T00:00:00+00:00, run_after=2023-12-21T00:00:00+00:00
[2023-12-21T19:13:27.557+0000] {logging_mixin.py:188} INFO - [2023-12-21T19:13:27.556+0000] {dag.py:3820} INFO - Setting next_dagrun for example_branch_datetime_operator_3 to 2023-12-20T00:00:00+00:00, run_after=2023-12-21T00:00:00+00:00
[2023-12-21T19:13:27.582+0000] {processor.py:183} INFO - Processing /home/airflow/.local/lib/python3.8/site-packages/airflow/example_dags/example_branch_datetime_operator.py took 0.149 seconds
[2023-12-21T19:13:57.942+0000] {processor.py:161} INFO - Started process (PID=261) to work on /home/airflow/.local/lib/python3.8/site-packages/airflow/example_dags/example_branch_datetime_operator.py
[2023-12-21T19:13:57.943+0000] {processor.py:830} INFO - Processing file /home/airflow/.local/lib/python3.8/site-packages/airflow/example_dags/example_branch_datetime_operator.py for tasks to queue
[2023-12-21T19:13:57.946+0000] {logging_mixin.py:188} INFO - [2023-12-21T19:13:57.946+0000] {dagbag.py:538} INFO - Filling up the DagBag from /home/airflow/.local/lib/python3.8/site-packages/airflow/example_dags/example_branch_datetime_operator.py
[2023-12-21T19:13:57.961+0000] {processor.py:840} INFO - DAG(s) 'example_branch_datetime_operator_3', 'example_branch_datetime_operator_2', 'example_branch_datetime_operator' retrieved from /home/airflow/.local/lib/python3.8/site-packages/airflow/example_dags/example_branch_datetime_operator.py
[2023-12-21T19:13:58.004+0000] {logging_mixin.py:188} INFO - [2023-12-21T19:13:58.004+0000] {dag.py:3033} INFO - Sync 3 DAGs
[2023-12-21T19:13:58.032+0000] {logging_mixin.py:188} INFO - [2023-12-21T19:13:58.031+0000] {dag.py:3820} INFO - Setting next_dagrun for example_branch_datetime_operator to 2023-12-20T00:00:00+00:00, run_after=2023-12-21T00:00:00+00:00
[2023-12-21T19:13:58.037+0000] {logging_mixin.py:188} INFO - [2023-12-21T19:13:58.037+0000] {dag.py:3820} INFO - Setting next_dagrun for example_branch_datetime_operator_2 to 2023-12-20T00:00:00+00:00, run_after=2023-12-21T00:00:00+00:00
[2023-12-21T19:13:58.041+0000] {logging_mixin.py:188} INFO - [2023-12-21T19:13:58.041+0000] {dag.py:3820} INFO - Setting next_dagrun for example_branch_datetime_operator_3 to 2023-12-20T00:00:00+00:00, run_after=2023-12-21T00:00:00+00:00
[2023-12-21T19:13:58.067+0000] {processor.py:183} INFO - Processing /home/airflow/.local/lib/python3.8/site-packages/airflow/example_dags/example_branch_datetime_operator.py took 0.129 seconds
[2023-12-21T19:18:06.075+0000] {processor.py:161} INFO - Started process (PID=42) to work on /home/airflow/.local/lib/python3.8/site-packages/airflow/example_dags/example_branch_datetime_operator.py
[2023-12-21T19:18:06.112+0000] {processor.py:830} INFO - Processing file /home/airflow/.local/lib/python3.8/site-packages/airflow/example_dags/example_branch_datetime_operator.py for tasks to queue
[2023-12-21T19:18:06.116+0000] {logging_mixin.py:188} INFO - [2023-12-21T19:18:06.116+0000] {dagbag.py:538} INFO - Filling up the DagBag from /home/airflow/.local/lib/python3.8/site-packages/airflow/example_dags/example_branch_datetime_operator.py
[2023-12-21T19:18:06.171+0000] {processor.py:840} INFO - DAG(s) 'example_branch_datetime_operator_2', 'example_branch_datetime_operator', 'example_branch_datetime_operator_3' retrieved from /home/airflow/.local/lib/python3.8/site-packages/airflow/example_dags/example_branch_datetime_operator.py
[2023-12-21T19:18:06.896+0000] {logging_mixin.py:188} INFO - [2023-12-21T19:18:06.896+0000] {dag.py:3033} INFO - Sync 3 DAGs
[2023-12-21T19:18:07.052+0000] {logging_mixin.py:188} INFO - [2023-12-21T19:18:07.051+0000] {dag.py:3820} INFO - Setting next_dagrun for example_branch_datetime_operator to 2023-12-20T00:00:00+00:00, run_after=2023-12-21T00:00:00+00:00
[2023-12-21T19:18:07.098+0000] {logging_mixin.py:188} INFO - [2023-12-21T19:18:07.098+0000] {dag.py:3820} INFO - Setting next_dagrun for example_branch_datetime_operator_2 to 2023-12-20T00:00:00+00:00, run_after=2023-12-21T00:00:00+00:00
[2023-12-21T19:18:07.124+0000] {logging_mixin.py:188} INFO - [2023-12-21T19:18:07.124+0000] {dag.py:3820} INFO - Setting next_dagrun for example_branch_datetime_operator_3 to 2023-12-20T00:00:00+00:00, run_after=2023-12-21T00:00:00+00:00
[2023-12-21T19:18:07.224+0000] {processor.py:183} INFO - Processing /home/airflow/.local/lib/python3.8/site-packages/airflow/example_dags/example_branch_datetime_operator.py took 1.157 seconds
[2023-12-21T19:18:38.264+0000] {processor.py:161} INFO - Started process (PID=97) to work on /home/airflow/.local/lib/python3.8/site-packages/airflow/example_dags/example_branch_datetime_operator.py
[2023-12-21T19:18:38.266+0000] {processor.py:830} INFO - Processing file /home/airflow/.local/lib/python3.8/site-packages/airflow/example_dags/example_branch_datetime_operator.py for tasks to queue
[2023-12-21T19:18:38.270+0000] {logging_mixin.py:188} INFO - [2023-12-21T19:18:38.269+0000] {dagbag.py:538} INFO - Filling up the DagBag from /home/airflow/.local/lib/python3.8/site-packages/airflow/example_dags/example_branch_datetime_operator.py
[2023-12-21T19:18:38.294+0000] {processor.py:840} INFO - DAG(s) 'example_branch_datetime_operator_3', 'example_branch_datetime_operator', 'example_branch_datetime_operator_2' retrieved from /home/airflow/.local/lib/python3.8/site-packages/airflow/example_dags/example_branch_datetime_operator.py
[2023-12-21T19:18:38.346+0000] {logging_mixin.py:188} INFO - [2023-12-21T19:18:38.345+0000] {dag.py:3033} INFO - Sync 3 DAGs
[2023-12-21T19:18:38.388+0000] {logging_mixin.py:188} INFO - [2023-12-21T19:18:38.387+0000] {dag.py:3820} INFO - Setting next_dagrun for example_branch_datetime_operator to 2023-12-20T00:00:00+00:00, run_after=2023-12-21T00:00:00+00:00
[2023-12-21T19:18:38.399+0000] {logging_mixin.py:188} INFO - [2023-12-21T19:18:38.399+0000] {dag.py:3820} INFO - Setting next_dagrun for example_branch_datetime_operator_2 to 2023-12-20T00:00:00+00:00, run_after=2023-12-21T00:00:00+00:00
[2023-12-21T19:18:38.408+0000] {logging_mixin.py:188} INFO - [2023-12-21T19:18:38.407+0000] {dag.py:3820} INFO - Setting next_dagrun for example_branch_datetime_operator_3 to 2023-12-20T00:00:00+00:00, run_after=2023-12-21T00:00:00+00:00
[2023-12-21T19:18:38.441+0000] {processor.py:183} INFO - Processing /home/airflow/.local/lib/python3.8/site-packages/airflow/example_dags/example_branch_datetime_operator.py took 0.184 seconds
[2023-12-21T19:19:08.974+0000] {processor.py:161} INFO - Started process (PID=153) to work on /home/airflow/.local/lib/python3.8/site-packages/airflow/example_dags/example_branch_datetime_operator.py
[2023-12-21T19:19:08.975+0000] {processor.py:830} INFO - Processing file /home/airflow/.local/lib/python3.8/site-packages/airflow/example_dags/example_branch_datetime_operator.py for tasks to queue
[2023-12-21T19:19:08.977+0000] {logging_mixin.py:188} INFO - [2023-12-21T19:19:08.977+0000] {dagbag.py:538} INFO - Filling up the DagBag from /home/airflow/.local/lib/python3.8/site-packages/airflow/example_dags/example_branch_datetime_operator.py
[2023-12-21T19:19:08.993+0000] {processor.py:840} INFO - DAG(s) 'example_branch_datetime_operator_3', 'example_branch_datetime_operator_2', 'example_branch_datetime_operator' retrieved from /home/airflow/.local/lib/python3.8/site-packages/airflow/example_dags/example_branch_datetime_operator.py
[2023-12-21T19:19:09.035+0000] {logging_mixin.py:188} INFO - [2023-12-21T19:19:09.035+0000] {dag.py:3033} INFO - Sync 3 DAGs
[2023-12-21T19:19:09.075+0000] {logging_mixin.py:188} INFO - [2023-12-21T19:19:09.075+0000] {dag.py:3820} INFO - Setting next_dagrun for example_branch_datetime_operator to 2023-12-20T00:00:00+00:00, run_after=2023-12-21T00:00:00+00:00
[2023-12-21T19:19:09.083+0000] {logging_mixin.py:188} INFO - [2023-12-21T19:19:09.083+0000] {dag.py:3820} INFO - Setting next_dagrun for example_branch_datetime_operator_2 to 2023-12-20T00:00:00+00:00, run_after=2023-12-21T00:00:00+00:00
[2023-12-21T19:19:09.088+0000] {logging_mixin.py:188} INFO - [2023-12-21T19:19:09.087+0000] {dag.py:3820} INFO - Setting next_dagrun for example_branch_datetime_operator_3 to 2023-12-20T00:00:00+00:00, run_after=2023-12-21T00:00:00+00:00
[2023-12-21T19:19:09.114+0000] {processor.py:183} INFO - Processing /home/airflow/.local/lib/python3.8/site-packages/airflow/example_dags/example_branch_datetime_operator.py took 0.146 seconds
[2023-12-21T19:19:39.406+0000] {processor.py:161} INFO - Started process (PID=208) to work on /home/airflow/.local/lib/python3.8/site-packages/airflow/example_dags/example_branch_datetime_operator.py
[2023-12-21T19:19:39.413+0000] {processor.py:830} INFO - Processing file /home/airflow/.local/lib/python3.8/site-packages/airflow/example_dags/example_branch_datetime_operator.py for tasks to queue
[2023-12-21T19:19:39.416+0000] {logging_mixin.py:188} INFO - [2023-12-21T19:19:39.416+0000] {dagbag.py:538} INFO - Filling up the DagBag from /home/airflow/.local/lib/python3.8/site-packages/airflow/example_dags/example_branch_datetime_operator.py
[2023-12-21T19:19:39.440+0000] {processor.py:840} INFO - DAG(s) 'example_branch_datetime_operator_3', 'example_branch_datetime_operator_2', 'example_branch_datetime_operator' retrieved from /home/airflow/.local/lib/python3.8/site-packages/airflow/example_dags/example_branch_datetime_operator.py
[2023-12-21T19:19:39.489+0000] {logging_mixin.py:188} INFO - [2023-12-21T19:19:39.488+0000] {dag.py:3033} INFO - Sync 3 DAGs
[2023-12-21T19:19:39.530+0000] {logging_mixin.py:188} INFO - [2023-12-21T19:19:39.529+0000] {dag.py:3820} INFO - Setting next_dagrun for example_branch_datetime_operator to 2023-12-20T00:00:00+00:00, run_after=2023-12-21T00:00:00+00:00
[2023-12-21T19:19:39.545+0000] {logging_mixin.py:188} INFO - [2023-12-21T19:19:39.544+0000] {dag.py:3820} INFO - Setting next_dagrun for example_branch_datetime_operator_2 to 2023-12-20T00:00:00+00:00, run_after=2023-12-21T00:00:00+00:00
[2023-12-21T19:19:39.550+0000] {logging_mixin.py:188} INFO - [2023-12-21T19:19:39.549+0000] {dag.py:3820} INFO - Setting next_dagrun for example_branch_datetime_operator_3 to 2023-12-20T00:00:00+00:00, run_after=2023-12-21T00:00:00+00:00
[2023-12-21T19:19:39.582+0000] {processor.py:183} INFO - Processing /home/airflow/.local/lib/python3.8/site-packages/airflow/example_dags/example_branch_datetime_operator.py took 0.181 seconds
[2023-12-21T19:20:10.172+0000] {processor.py:161} INFO - Started process (PID=263) to work on /home/airflow/.local/lib/python3.8/site-packages/airflow/example_dags/example_branch_datetime_operator.py
[2023-12-21T19:20:10.173+0000] {processor.py:830} INFO - Processing file /home/airflow/.local/lib/python3.8/site-packages/airflow/example_dags/example_branch_datetime_operator.py for tasks to queue
[2023-12-21T19:20:10.176+0000] {logging_mixin.py:188} INFO - [2023-12-21T19:20:10.175+0000] {dagbag.py:538} INFO - Filling up the DagBag from /home/airflow/.local/lib/python3.8/site-packages/airflow/example_dags/example_branch_datetime_operator.py
[2023-12-21T19:20:10.188+0000] {processor.py:840} INFO - DAG(s) 'example_branch_datetime_operator', 'example_branch_datetime_operator_3', 'example_branch_datetime_operator_2' retrieved from /home/airflow/.local/lib/python3.8/site-packages/airflow/example_dags/example_branch_datetime_operator.py
[2023-12-21T19:20:10.222+0000] {logging_mixin.py:188} INFO - [2023-12-21T19:20:10.222+0000] {dag.py:3033} INFO - Sync 3 DAGs
[2023-12-21T19:20:10.252+0000] {logging_mixin.py:188} INFO - [2023-12-21T19:20:10.252+0000] {dag.py:3820} INFO - Setting next_dagrun for example_branch_datetime_operator to 2023-12-20T00:00:00+00:00, run_after=2023-12-21T00:00:00+00:00
[2023-12-21T19:20:10.259+0000] {logging_mixin.py:188} INFO - [2023-12-21T19:20:10.259+0000] {dag.py:3820} INFO - Setting next_dagrun for example_branch_datetime_operator_2 to 2023-12-20T00:00:00+00:00, run_after=2023-12-21T00:00:00+00:00
[2023-12-21T19:20:10.264+0000] {logging_mixin.py:188} INFO - [2023-12-21T19:20:10.264+0000] {dag.py:3820} INFO - Setting next_dagrun for example_branch_datetime_operator_3 to 2023-12-20T00:00:00+00:00, run_after=2023-12-21T00:00:00+00:00
[2023-12-21T19:20:10.293+0000] {processor.py:183} INFO - Processing /home/airflow/.local/lib/python3.8/site-packages/airflow/example_dags/example_branch_datetime_operator.py took 0.126 seconds
[2023-12-21T19:20:41.049+0000] {processor.py:161} INFO - Started process (PID=318) to work on /home/airflow/.local/lib/python3.8/site-packages/airflow/example_dags/example_branch_datetime_operator.py
[2023-12-21T19:20:41.050+0000] {processor.py:830} INFO - Processing file /home/airflow/.local/lib/python3.8/site-packages/airflow/example_dags/example_branch_datetime_operator.py for tasks to queue
[2023-12-21T19:20:41.054+0000] {logging_mixin.py:188} INFO - [2023-12-21T19:20:41.054+0000] {dagbag.py:538} INFO - Filling up the DagBag from /home/airflow/.local/lib/python3.8/site-packages/airflow/example_dags/example_branch_datetime_operator.py
[2023-12-21T19:20:41.078+0000] {processor.py:840} INFO - DAG(s) 'example_branch_datetime_operator', 'example_branch_datetime_operator_2', 'example_branch_datetime_operator_3' retrieved from /home/airflow/.local/lib/python3.8/site-packages/airflow/example_dags/example_branch_datetime_operator.py
[2023-12-21T19:20:41.148+0000] {logging_mixin.py:188} INFO - [2023-12-21T19:20:41.147+0000] {dag.py:3033} INFO - Sync 3 DAGs
[2023-12-21T19:20:41.200+0000] {logging_mixin.py:188} INFO - [2023-12-21T19:20:41.200+0000] {dag.py:3820} INFO - Setting next_dagrun for example_branch_datetime_operator to 2023-12-20T00:00:00+00:00, run_after=2023-12-21T00:00:00+00:00
[2023-12-21T19:20:41.211+0000] {logging_mixin.py:188} INFO - [2023-12-21T19:20:41.210+0000] {dag.py:3820} INFO - Setting next_dagrun for example_branch_datetime_operator_2 to 2023-12-20T00:00:00+00:00, run_after=2023-12-21T00:00:00+00:00
[2023-12-21T19:20:41.216+0000] {logging_mixin.py:188} INFO - [2023-12-21T19:20:41.215+0000] {dag.py:3820} INFO - Setting next_dagrun for example_branch_datetime_operator_3 to 2023-12-20T00:00:00+00:00, run_after=2023-12-21T00:00:00+00:00
[2023-12-21T19:20:41.243+0000] {processor.py:183} INFO - Processing /home/airflow/.local/lib/python3.8/site-packages/airflow/example_dags/example_branch_datetime_operator.py took 0.205 seconds
[2023-12-21T19:21:11.325+0000] {processor.py:161} INFO - Started process (PID=372) to work on /home/airflow/.local/lib/python3.8/site-packages/airflow/example_dags/example_branch_datetime_operator.py
[2023-12-21T19:21:11.333+0000] {processor.py:830} INFO - Processing file /home/airflow/.local/lib/python3.8/site-packages/airflow/example_dags/example_branch_datetime_operator.py for tasks to queue
[2023-12-21T19:21:11.337+0000] {logging_mixin.py:188} INFO - [2023-12-21T19:21:11.337+0000] {dagbag.py:538} INFO - Filling up the DagBag from /home/airflow/.local/lib/python3.8/site-packages/airflow/example_dags/example_branch_datetime_operator.py
[2023-12-21T19:21:11.359+0000] {processor.py:840} INFO - DAG(s) 'example_branch_datetime_operator', 'example_branch_datetime_operator_2', 'example_branch_datetime_operator_3' retrieved from /home/airflow/.local/lib/python3.8/site-packages/airflow/example_dags/example_branch_datetime_operator.py
[2023-12-21T19:21:11.403+0000] {logging_mixin.py:188} INFO - [2023-12-21T19:21:11.403+0000] {dag.py:3033} INFO - Sync 3 DAGs
[2023-12-21T19:21:11.443+0000] {logging_mixin.py:188} INFO - [2023-12-21T19:21:11.443+0000] {dag.py:3820} INFO - Setting next_dagrun for example_branch_datetime_operator to 2023-12-20T00:00:00+00:00, run_after=2023-12-21T00:00:00+00:00
[2023-12-21T19:21:11.450+0000] {logging_mixin.py:188} INFO - [2023-12-21T19:21:11.450+0000] {dag.py:3820} INFO - Setting next_dagrun for example_branch_datetime_operator_2 to 2023-12-20T00:00:00+00:00, run_after=2023-12-21T00:00:00+00:00
[2023-12-21T19:21:11.454+0000] {logging_mixin.py:188} INFO - [2023-12-21T19:21:11.453+0000] {dag.py:3820} INFO - Setting next_dagrun for example_branch_datetime_operator_3 to 2023-12-20T00:00:00+00:00, run_after=2023-12-21T00:00:00+00:00
[2023-12-21T19:21:11.487+0000] {processor.py:183} INFO - Processing /home/airflow/.local/lib/python3.8/site-packages/airflow/example_dags/example_branch_datetime_operator.py took 0.168 seconds
[2023-12-21T19:21:42.119+0000] {processor.py:161} INFO - Started process (PID=428) to work on /home/airflow/.local/lib/python3.8/site-packages/airflow/example_dags/example_branch_datetime_operator.py
[2023-12-21T19:21:42.125+0000] {processor.py:830} INFO - Processing file /home/airflow/.local/lib/python3.8/site-packages/airflow/example_dags/example_branch_datetime_operator.py for tasks to queue
[2023-12-21T19:21:42.130+0000] {logging_mixin.py:188} INFO - [2023-12-21T19:21:42.129+0000] {dagbag.py:538} INFO - Filling up the DagBag from /home/airflow/.local/lib/python3.8/site-packages/airflow/example_dags/example_branch_datetime_operator.py
[2023-12-21T19:21:42.149+0000] {processor.py:840} INFO - DAG(s) 'example_branch_datetime_operator_3', 'example_branch_datetime_operator_2', 'example_branch_datetime_operator' retrieved from /home/airflow/.local/lib/python3.8/site-packages/airflow/example_dags/example_branch_datetime_operator.py
[2023-12-21T19:21:42.198+0000] {logging_mixin.py:188} INFO - [2023-12-21T19:21:42.197+0000] {dag.py:3033} INFO - Sync 3 DAGs
[2023-12-21T19:21:42.244+0000] {logging_mixin.py:188} INFO - [2023-12-21T19:21:42.243+0000] {dag.py:3820} INFO - Setting next_dagrun for example_branch_datetime_operator to 2023-12-20T00:00:00+00:00, run_after=2023-12-21T00:00:00+00:00
[2023-12-21T19:21:42.251+0000] {logging_mixin.py:188} INFO - [2023-12-21T19:21:42.251+0000] {dag.py:3820} INFO - Setting next_dagrun for example_branch_datetime_operator_2 to 2023-12-20T00:00:00+00:00, run_after=2023-12-21T00:00:00+00:00
[2023-12-21T19:21:42.259+0000] {logging_mixin.py:188} INFO - [2023-12-21T19:21:42.259+0000] {dag.py:3820} INFO - Setting next_dagrun for example_branch_datetime_operator_3 to 2023-12-20T00:00:00+00:00, run_after=2023-12-21T00:00:00+00:00
[2023-12-21T19:21:42.297+0000] {processor.py:183} INFO - Processing /home/airflow/.local/lib/python3.8/site-packages/airflow/example_dags/example_branch_datetime_operator.py took 0.188 seconds
[2023-12-21T19:22:12.957+0000] {processor.py:161} INFO - Started process (PID=483) to work on /home/airflow/.local/lib/python3.8/site-packages/airflow/example_dags/example_branch_datetime_operator.py
[2023-12-21T19:22:12.958+0000] {processor.py:830} INFO - Processing file /home/airflow/.local/lib/python3.8/site-packages/airflow/example_dags/example_branch_datetime_operator.py for tasks to queue
[2023-12-21T19:22:12.963+0000] {logging_mixin.py:188} INFO - [2023-12-21T19:22:12.962+0000] {dagbag.py:538} INFO - Filling up the DagBag from /home/airflow/.local/lib/python3.8/site-packages/airflow/example_dags/example_branch_datetime_operator.py
[2023-12-21T19:22:12.992+0000] {processor.py:840} INFO - DAG(s) 'example_branch_datetime_operator_2', 'example_branch_datetime_operator', 'example_branch_datetime_operator_3' retrieved from /home/airflow/.local/lib/python3.8/site-packages/airflow/example_dags/example_branch_datetime_operator.py
[2023-12-21T19:22:13.045+0000] {logging_mixin.py:188} INFO - [2023-12-21T19:22:13.045+0000] {dag.py:3033} INFO - Sync 3 DAGs
[2023-12-21T19:22:13.092+0000] {logging_mixin.py:188} INFO - [2023-12-21T19:22:13.092+0000] {dag.py:3820} INFO - Setting next_dagrun for example_branch_datetime_operator to 2023-12-20T00:00:00+00:00, run_after=2023-12-21T00:00:00+00:00
[2023-12-21T19:22:13.104+0000] {logging_mixin.py:188} INFO - [2023-12-21T19:22:13.104+0000] {dag.py:3820} INFO - Setting next_dagrun for example_branch_datetime_operator_2 to 2023-12-20T00:00:00+00:00, run_after=2023-12-21T00:00:00+00:00
[2023-12-21T19:22:13.109+0000] {logging_mixin.py:188} INFO - [2023-12-21T19:22:13.108+0000] {dag.py:3820} INFO - Setting next_dagrun for example_branch_datetime_operator_3 to 2023-12-20T00:00:00+00:00, run_after=2023-12-21T00:00:00+00:00
[2023-12-21T19:22:13.189+0000] {processor.py:183} INFO - Processing /home/airflow/.local/lib/python3.8/site-packages/airflow/example_dags/example_branch_datetime_operator.py took 0.244 seconds
[2023-12-21T19:22:43.444+0000] {processor.py:161} INFO - Started process (PID=538) to work on /home/airflow/.local/lib/python3.8/site-packages/airflow/example_dags/example_branch_datetime_operator.py
[2023-12-21T19:22:43.447+0000] {processor.py:830} INFO - Processing file /home/airflow/.local/lib/python3.8/site-packages/airflow/example_dags/example_branch_datetime_operator.py for tasks to queue
[2023-12-21T19:22:43.451+0000] {logging_mixin.py:188} INFO - [2023-12-21T19:22:43.451+0000] {dagbag.py:538} INFO - Filling up the DagBag from /home/airflow/.local/lib/python3.8/site-packages/airflow/example_dags/example_branch_datetime_operator.py
[2023-12-21T19:22:43.472+0000] {processor.py:840} INFO - DAG(s) 'example_branch_datetime_operator_3', 'example_branch_datetime_operator', 'example_branch_datetime_operator_2' retrieved from /home/airflow/.local/lib/python3.8/site-packages/airflow/example_dags/example_branch_datetime_operator.py
[2023-12-21T19:22:43.521+0000] {logging_mixin.py:188} INFO - [2023-12-21T19:22:43.521+0000] {dag.py:3033} INFO - Sync 3 DAGs
[2023-12-21T19:22:43.568+0000] {logging_mixin.py:188} INFO - [2023-12-21T19:22:43.567+0000] {dag.py:3820} INFO - Setting next_dagrun for example_branch_datetime_operator to 2023-12-20T00:00:00+00:00, run_after=2023-12-21T00:00:00+00:00
[2023-12-21T19:22:43.575+0000] {logging_mixin.py:188} INFO - [2023-12-21T19:22:43.574+0000] {dag.py:3820} INFO - Setting next_dagrun for example_branch_datetime_operator_2 to 2023-12-20T00:00:00+00:00, run_after=2023-12-21T00:00:00+00:00
[2023-12-21T19:22:43.581+0000] {logging_mixin.py:188} INFO - [2023-12-21T19:22:43.580+0000] {dag.py:3820} INFO - Setting next_dagrun for example_branch_datetime_operator_3 to 2023-12-20T00:00:00+00:00, run_after=2023-12-21T00:00:00+00:00
[2023-12-21T19:22:43.619+0000] {processor.py:183} INFO - Processing /home/airflow/.local/lib/python3.8/site-packages/airflow/example_dags/example_branch_datetime_operator.py took 0.182 seconds
[2023-12-21T19:23:14.156+0000] {processor.py:161} INFO - Started process (PID=593) to work on /home/airflow/.local/lib/python3.8/site-packages/airflow/example_dags/example_branch_datetime_operator.py
[2023-12-21T19:23:14.158+0000] {processor.py:830} INFO - Processing file /home/airflow/.local/lib/python3.8/site-packages/airflow/example_dags/example_branch_datetime_operator.py for tasks to queue
[2023-12-21T19:23:14.162+0000] {logging_mixin.py:188} INFO - [2023-12-21T19:23:14.162+0000] {dagbag.py:538} INFO - Filling up the DagBag from /home/airflow/.local/lib/python3.8/site-packages/airflow/example_dags/example_branch_datetime_operator.py
[2023-12-21T19:23:14.190+0000] {processor.py:840} INFO - DAG(s) 'example_branch_datetime_operator', 'example_branch_datetime_operator_2', 'example_branch_datetime_operator_3' retrieved from /home/airflow/.local/lib/python3.8/site-packages/airflow/example_dags/example_branch_datetime_operator.py
[2023-12-21T19:23:14.242+0000] {logging_mixin.py:188} INFO - [2023-12-21T19:23:14.242+0000] {dag.py:3033} INFO - Sync 3 DAGs
[2023-12-21T19:23:14.285+0000] {logging_mixin.py:188} INFO - [2023-12-21T19:23:14.285+0000] {dag.py:3820} INFO - Setting next_dagrun for example_branch_datetime_operator to 2023-12-20T00:00:00+00:00, run_after=2023-12-21T00:00:00+00:00
[2023-12-21T19:23:14.298+0000] {logging_mixin.py:188} INFO - [2023-12-21T19:23:14.297+0000] {dag.py:3820} INFO - Setting next_dagrun for example_branch_datetime_operator_2 to 2023-12-20T00:00:00+00:00, run_after=2023-12-21T00:00:00+00:00
[2023-12-21T19:23:14.302+0000] {logging_mixin.py:188} INFO - [2023-12-21T19:23:14.302+0000] {dag.py:3820} INFO - Setting next_dagrun for example_branch_datetime_operator_3 to 2023-12-20T00:00:00+00:00, run_after=2023-12-21T00:00:00+00:00
[2023-12-21T19:23:14.341+0000] {processor.py:183} INFO - Processing /home/airflow/.local/lib/python3.8/site-packages/airflow/example_dags/example_branch_datetime_operator.py took 0.191 seconds
[2023-12-21T19:23:44.481+0000] {processor.py:161} INFO - Started process (PID=647) to work on /home/airflow/.local/lib/python3.8/site-packages/airflow/example_dags/example_branch_datetime_operator.py
[2023-12-21T19:23:44.485+0000] {processor.py:830} INFO - Processing file /home/airflow/.local/lib/python3.8/site-packages/airflow/example_dags/example_branch_datetime_operator.py for tasks to queue
[2023-12-21T19:23:44.488+0000] {logging_mixin.py:188} INFO - [2023-12-21T19:23:44.488+0000] {dagbag.py:538} INFO - Filling up the DagBag from /home/airflow/.local/lib/python3.8/site-packages/airflow/example_dags/example_branch_datetime_operator.py
[2023-12-21T19:23:44.518+0000] {processor.py:840} INFO - DAG(s) 'example_branch_datetime_operator_3', 'example_branch_datetime_operator', 'example_branch_datetime_operator_2' retrieved from /home/airflow/.local/lib/python3.8/site-packages/airflow/example_dags/example_branch_datetime_operator.py
[2023-12-21T19:23:44.573+0000] {logging_mixin.py:188} INFO - [2023-12-21T19:23:44.573+0000] {dag.py:3033} INFO - Sync 3 DAGs
[2023-12-21T19:23:44.630+0000] {logging_mixin.py:188} INFO - [2023-12-21T19:23:44.629+0000] {dag.py:3820} INFO - Setting next_dagrun for example_branch_datetime_operator to 2023-12-20T00:00:00+00:00, run_after=2023-12-21T00:00:00+00:00
[2023-12-21T19:23:44.642+0000] {logging_mixin.py:188} INFO - [2023-12-21T19:23:44.642+0000] {dag.py:3820} INFO - Setting next_dagrun for example_branch_datetime_operator_2 to 2023-12-20T00:00:00+00:00, run_after=2023-12-21T00:00:00+00:00
[2023-12-21T19:23:44.649+0000] {logging_mixin.py:188} INFO - [2023-12-21T19:23:44.649+0000] {dag.py:3820} INFO - Setting next_dagrun for example_branch_datetime_operator_3 to 2023-12-20T00:00:00+00:00, run_after=2023-12-21T00:00:00+00:00
[2023-12-21T19:23:44.693+0000] {processor.py:183} INFO - Processing /home/airflow/.local/lib/python3.8/site-packages/airflow/example_dags/example_branch_datetime_operator.py took 0.230 seconds
[2023-12-21T19:24:15.333+0000] {processor.py:161} INFO - Started process (PID=701) to work on /home/airflow/.local/lib/python3.8/site-packages/airflow/example_dags/example_branch_datetime_operator.py
[2023-12-21T19:24:15.334+0000] {processor.py:830} INFO - Processing file /home/airflow/.local/lib/python3.8/site-packages/airflow/example_dags/example_branch_datetime_operator.py for tasks to queue
[2023-12-21T19:24:15.340+0000] {logging_mixin.py:188} INFO - [2023-12-21T19:24:15.339+0000] {dagbag.py:538} INFO - Filling up the DagBag from /home/airflow/.local/lib/python3.8/site-packages/airflow/example_dags/example_branch_datetime_operator.py
[2023-12-21T19:24:15.363+0000] {processor.py:840} INFO - DAG(s) 'example_branch_datetime_operator_2', 'example_branch_datetime_operator', 'example_branch_datetime_operator_3' retrieved from /home/airflow/.local/lib/python3.8/site-packages/airflow/example_dags/example_branch_datetime_operator.py
[2023-12-21T19:24:15.419+0000] {logging_mixin.py:188} INFO - [2023-12-21T19:24:15.419+0000] {dag.py:3033} INFO - Sync 3 DAGs
[2023-12-21T19:24:15.479+0000] {logging_mixin.py:188} INFO - [2023-12-21T19:24:15.478+0000] {dag.py:3820} INFO - Setting next_dagrun for example_branch_datetime_operator to 2023-12-20T00:00:00+00:00, run_after=2023-12-21T00:00:00+00:00
[2023-12-21T19:24:15.488+0000] {logging_mixin.py:188} INFO - [2023-12-21T19:24:15.487+0000] {dag.py:3820} INFO - Setting next_dagrun for example_branch_datetime_operator_2 to 2023-12-20T00:00:00+00:00, run_after=2023-12-21T00:00:00+00:00
[2023-12-21T19:24:15.493+0000] {logging_mixin.py:188} INFO - [2023-12-21T19:24:15.493+0000] {dag.py:3820} INFO - Setting next_dagrun for example_branch_datetime_operator_3 to 2023-12-20T00:00:00+00:00, run_after=2023-12-21T00:00:00+00:00
[2023-12-21T19:24:15.523+0000] {processor.py:183} INFO - Processing /home/airflow/.local/lib/python3.8/site-packages/airflow/example_dags/example_branch_datetime_operator.py took 0.197 seconds
[2023-12-21T19:24:45.704+0000] {processor.py:161} INFO - Started process (PID=756) to work on /home/airflow/.local/lib/python3.8/site-packages/airflow/example_dags/example_branch_datetime_operator.py
[2023-12-21T19:24:45.707+0000] {processor.py:830} INFO - Processing file /home/airflow/.local/lib/python3.8/site-packages/airflow/example_dags/example_branch_datetime_operator.py for tasks to queue
[2023-12-21T19:24:45.712+0000] {logging_mixin.py:188} INFO - [2023-12-21T19:24:45.711+0000] {dagbag.py:538} INFO - Filling up the DagBag from /home/airflow/.local/lib/python3.8/site-packages/airflow/example_dags/example_branch_datetime_operator.py
[2023-12-21T19:24:45.734+0000] {processor.py:840} INFO - DAG(s) 'example_branch_datetime_operator_2', 'example_branch_datetime_operator', 'example_branch_datetime_operator_3' retrieved from /home/airflow/.local/lib/python3.8/site-packages/airflow/example_dags/example_branch_datetime_operator.py
[2023-12-21T19:24:45.794+0000] {logging_mixin.py:188} INFO - [2023-12-21T19:24:45.794+0000] {dag.py:3033} INFO - Sync 3 DAGs
[2023-12-21T19:24:45.846+0000] {logging_mixin.py:188} INFO - [2023-12-21T19:24:45.846+0000] {dag.py:3820} INFO - Setting next_dagrun for example_branch_datetime_operator to 2023-12-20T00:00:00+00:00, run_after=2023-12-21T00:00:00+00:00
[2023-12-21T19:24:45.853+0000] {logging_mixin.py:188} INFO - [2023-12-21T19:24:45.852+0000] {dag.py:3820} INFO - Setting next_dagrun for example_branch_datetime_operator_2 to 2023-12-20T00:00:00+00:00, run_after=2023-12-21T00:00:00+00:00
[2023-12-21T19:24:45.860+0000] {logging_mixin.py:188} INFO - [2023-12-21T19:24:45.860+0000] {dag.py:3820} INFO - Setting next_dagrun for example_branch_datetime_operator_3 to 2023-12-20T00:00:00+00:00, run_after=2023-12-21T00:00:00+00:00
[2023-12-21T19:24:45.894+0000] {processor.py:183} INFO - Processing /home/airflow/.local/lib/python3.8/site-packages/airflow/example_dags/example_branch_datetime_operator.py took 0.197 seconds
[2023-12-21T19:25:16.132+0000] {processor.py:161} INFO - Started process (PID=811) to work on /home/airflow/.local/lib/python3.8/site-packages/airflow/example_dags/example_branch_datetime_operator.py
[2023-12-21T19:25:16.134+0000] {processor.py:830} INFO - Processing file /home/airflow/.local/lib/python3.8/site-packages/airflow/example_dags/example_branch_datetime_operator.py for tasks to queue
[2023-12-21T19:25:16.141+0000] {logging_mixin.py:188} INFO - [2023-12-21T19:25:16.140+0000] {dagbag.py:538} INFO - Filling up the DagBag from /home/airflow/.local/lib/python3.8/site-packages/airflow/example_dags/example_branch_datetime_operator.py
[2023-12-21T19:25:16.162+0000] {processor.py:840} INFO - DAG(s) 'example_branch_datetime_operator_3', 'example_branch_datetime_operator_2', 'example_branch_datetime_operator' retrieved from /home/airflow/.local/lib/python3.8/site-packages/airflow/example_dags/example_branch_datetime_operator.py
[2023-12-21T19:25:16.214+0000] {logging_mixin.py:188} INFO - [2023-12-21T19:25:16.214+0000] {dag.py:3033} INFO - Sync 3 DAGs
[2023-12-21T19:25:16.264+0000] {logging_mixin.py:188} INFO - [2023-12-21T19:25:16.264+0000] {dag.py:3820} INFO - Setting next_dagrun for example_branch_datetime_operator to 2023-12-20T00:00:00+00:00, run_after=2023-12-21T00:00:00+00:00
[2023-12-21T19:25:16.276+0000] {logging_mixin.py:188} INFO - [2023-12-21T19:25:16.275+0000] {dag.py:3820} INFO - Setting next_dagrun for example_branch_datetime_operator_2 to 2023-12-20T00:00:00+00:00, run_after=2023-12-21T00:00:00+00:00
[2023-12-21T19:25:16.282+0000] {logging_mixin.py:188} INFO - [2023-12-21T19:25:16.281+0000] {dag.py:3820} INFO - Setting next_dagrun for example_branch_datetime_operator_3 to 2023-12-20T00:00:00+00:00, run_after=2023-12-21T00:00:00+00:00
[2023-12-21T19:25:16.326+0000] {processor.py:183} INFO - Processing /home/airflow/.local/lib/python3.8/site-packages/airflow/example_dags/example_branch_datetime_operator.py took 0.200 seconds
[2023-12-21T19:25:47.209+0000] {processor.py:161} INFO - Started process (PID=866) to work on /home/airflow/.local/lib/python3.8/site-packages/airflow/example_dags/example_branch_datetime_operator.py
[2023-12-21T19:25:47.211+0000] {processor.py:830} INFO - Processing file /home/airflow/.local/lib/python3.8/site-packages/airflow/example_dags/example_branch_datetime_operator.py for tasks to queue
[2023-12-21T19:25:47.214+0000] {logging_mixin.py:188} INFO - [2023-12-21T19:25:47.214+0000] {dagbag.py:538} INFO - Filling up the DagBag from /home/airflow/.local/lib/python3.8/site-packages/airflow/example_dags/example_branch_datetime_operator.py
[2023-12-21T19:25:47.233+0000] {processor.py:840} INFO - DAG(s) 'example_branch_datetime_operator_2', 'example_branch_datetime_operator', 'example_branch_datetime_operator_3' retrieved from /home/airflow/.local/lib/python3.8/site-packages/airflow/example_dags/example_branch_datetime_operator.py
[2023-12-21T19:25:47.286+0000] {logging_mixin.py:188} INFO - [2023-12-21T19:25:47.286+0000] {dag.py:3033} INFO - Sync 3 DAGs
[2023-12-21T19:25:47.331+0000] {logging_mixin.py:188} INFO - [2023-12-21T19:25:47.331+0000] {dag.py:3820} INFO - Setting next_dagrun for example_branch_datetime_operator to 2023-12-20T00:00:00+00:00, run_after=2023-12-21T00:00:00+00:00
[2023-12-21T19:25:47.342+0000] {logging_mixin.py:188} INFO - [2023-12-21T19:25:47.342+0000] {dag.py:3820} INFO - Setting next_dagrun for example_branch_datetime_operator_2 to 2023-12-20T00:00:00+00:00, run_after=2023-12-21T00:00:00+00:00
[2023-12-21T19:25:47.348+0000] {logging_mixin.py:188} INFO - [2023-12-21T19:25:47.348+0000] {dag.py:3820} INFO - Setting next_dagrun for example_branch_datetime_operator_3 to 2023-12-20T00:00:00+00:00, run_after=2023-12-21T00:00:00+00:00
[2023-12-21T19:25:47.387+0000] {processor.py:183} INFO - Processing /home/airflow/.local/lib/python3.8/site-packages/airflow/example_dags/example_branch_datetime_operator.py took 0.188 seconds
[2023-12-21T19:26:17.619+0000] {processor.py:161} INFO - Started process (PID=920) to work on /home/airflow/.local/lib/python3.8/site-packages/airflow/example_dags/example_branch_datetime_operator.py
[2023-12-21T19:26:17.621+0000] {processor.py:830} INFO - Processing file /home/airflow/.local/lib/python3.8/site-packages/airflow/example_dags/example_branch_datetime_operator.py for tasks to queue
[2023-12-21T19:26:17.628+0000] {logging_mixin.py:188} INFO - [2023-12-21T19:26:17.627+0000] {dagbag.py:538} INFO - Filling up the DagBag from /home/airflow/.local/lib/python3.8/site-packages/airflow/example_dags/example_branch_datetime_operator.py
[2023-12-21T19:26:17.657+0000] {processor.py:840} INFO - DAG(s) 'example_branch_datetime_operator', 'example_branch_datetime_operator_3', 'example_branch_datetime_operator_2' retrieved from /home/airflow/.local/lib/python3.8/site-packages/airflow/example_dags/example_branch_datetime_operator.py
[2023-12-21T19:26:17.713+0000] {logging_mixin.py:188} INFO - [2023-12-21T19:26:17.712+0000] {dag.py:3033} INFO - Sync 3 DAGs
[2023-12-21T19:26:17.755+0000] {logging_mixin.py:188} INFO - [2023-12-21T19:26:17.755+0000] {dag.py:3820} INFO - Setting next_dagrun for example_branch_datetime_operator to 2023-12-20T00:00:00+00:00, run_after=2023-12-21T00:00:00+00:00
[2023-12-21T19:26:17.768+0000] {logging_mixin.py:188} INFO - [2023-12-21T19:26:17.768+0000] {dag.py:3820} INFO - Setting next_dagrun for example_branch_datetime_operator_2 to 2023-12-20T00:00:00+00:00, run_after=2023-12-21T00:00:00+00:00
[2023-12-21T19:26:17.773+0000] {logging_mixin.py:188} INFO - [2023-12-21T19:26:17.773+0000] {dag.py:3820} INFO - Setting next_dagrun for example_branch_datetime_operator_3 to 2023-12-20T00:00:00+00:00, run_after=2023-12-21T00:00:00+00:00
[2023-12-21T19:26:17.813+0000] {processor.py:183} INFO - Processing /home/airflow/.local/lib/python3.8/site-packages/airflow/example_dags/example_branch_datetime_operator.py took 0.207 seconds
[2023-12-21T19:26:48.025+0000] {processor.py:161} INFO - Started process (PID=975) to work on /home/airflow/.local/lib/python3.8/site-packages/airflow/example_dags/example_branch_datetime_operator.py
[2023-12-21T19:26:48.027+0000] {processor.py:830} INFO - Processing file /home/airflow/.local/lib/python3.8/site-packages/airflow/example_dags/example_branch_datetime_operator.py for tasks to queue
[2023-12-21T19:26:48.030+0000] {logging_mixin.py:188} INFO - [2023-12-21T19:26:48.030+0000] {dagbag.py:538} INFO - Filling up the DagBag from /home/airflow/.local/lib/python3.8/site-packages/airflow/example_dags/example_branch_datetime_operator.py
[2023-12-21T19:26:48.049+0000] {processor.py:840} INFO - DAG(s) 'example_branch_datetime_operator_3', 'example_branch_datetime_operator', 'example_branch_datetime_operator_2' retrieved from /home/airflow/.local/lib/python3.8/site-packages/airflow/example_dags/example_branch_datetime_operator.py
[2023-12-21T19:26:48.096+0000] {logging_mixin.py:188} INFO - [2023-12-21T19:26:48.095+0000] {dag.py:3033} INFO - Sync 3 DAGs
[2023-12-21T19:26:48.138+0000] {logging_mixin.py:188} INFO - [2023-12-21T19:26:48.138+0000] {dag.py:3820} INFO - Setting next_dagrun for example_branch_datetime_operator to 2023-12-20T00:00:00+00:00, run_after=2023-12-21T00:00:00+00:00
[2023-12-21T19:26:48.148+0000] {logging_mixin.py:188} INFO - [2023-12-21T19:26:48.147+0000] {dag.py:3820} INFO - Setting next_dagrun for example_branch_datetime_operator_2 to 2023-12-20T00:00:00+00:00, run_after=2023-12-21T00:00:00+00:00
[2023-12-21T19:26:48.155+0000] {logging_mixin.py:188} INFO - [2023-12-21T19:26:48.154+0000] {dag.py:3820} INFO - Setting next_dagrun for example_branch_datetime_operator_3 to 2023-12-20T00:00:00+00:00, run_after=2023-12-21T00:00:00+00:00
[2023-12-21T19:26:48.184+0000] {processor.py:183} INFO - Processing /home/airflow/.local/lib/python3.8/site-packages/airflow/example_dags/example_branch_datetime_operator.py took 0.169 seconds
[2023-12-21T19:27:18.727+0000] {processor.py:161} INFO - Started process (PID=1030) to work on /home/airflow/.local/lib/python3.8/site-packages/airflow/example_dags/example_branch_datetime_operator.py
[2023-12-21T19:27:18.728+0000] {processor.py:830} INFO - Processing file /home/airflow/.local/lib/python3.8/site-packages/airflow/example_dags/example_branch_datetime_operator.py for tasks to queue
[2023-12-21T19:27:18.732+0000] {logging_mixin.py:188} INFO - [2023-12-21T19:27:18.731+0000] {dagbag.py:538} INFO - Filling up the DagBag from /home/airflow/.local/lib/python3.8/site-packages/airflow/example_dags/example_branch_datetime_operator.py
[2023-12-21T19:27:18.753+0000] {processor.py:840} INFO - DAG(s) 'example_branch_datetime_operator', 'example_branch_datetime_operator_2', 'example_branch_datetime_operator_3' retrieved from /home/airflow/.local/lib/python3.8/site-packages/airflow/example_dags/example_branch_datetime_operator.py
[2023-12-21T19:27:18.800+0000] {logging_mixin.py:188} INFO - [2023-12-21T19:27:18.800+0000] {dag.py:3033} INFO - Sync 3 DAGs
[2023-12-21T19:27:18.844+0000] {logging_mixin.py:188} INFO - [2023-12-21T19:27:18.843+0000] {dag.py:3820} INFO - Setting next_dagrun for example_branch_datetime_operator to 2023-12-20T00:00:00+00:00, run_after=2023-12-21T00:00:00+00:00
[2023-12-21T19:27:18.853+0000] {logging_mixin.py:188} INFO - [2023-12-21T19:27:18.852+0000] {dag.py:3820} INFO - Setting next_dagrun for example_branch_datetime_operator_2 to 2023-12-20T00:00:00+00:00, run_after=2023-12-21T00:00:00+00:00
[2023-12-21T19:27:18.859+0000] {logging_mixin.py:188} INFO - [2023-12-21T19:27:18.859+0000] {dag.py:3820} INFO - Setting next_dagrun for example_branch_datetime_operator_3 to 2023-12-20T00:00:00+00:00, run_after=2023-12-21T00:00:00+00:00
[2023-12-21T19:27:18.891+0000] {processor.py:183} INFO - Processing /home/airflow/.local/lib/python3.8/site-packages/airflow/example_dags/example_branch_datetime_operator.py took 0.172 seconds
[2023-12-21T19:27:49.189+0000] {processor.py:161} INFO - Started process (PID=1084) to work on /home/airflow/.local/lib/python3.8/site-packages/airflow/example_dags/example_branch_datetime_operator.py
[2023-12-21T19:27:49.191+0000] {processor.py:830} INFO - Processing file /home/airflow/.local/lib/python3.8/site-packages/airflow/example_dags/example_branch_datetime_operator.py for tasks to queue
[2023-12-21T19:27:49.194+0000] {logging_mixin.py:188} INFO - [2023-12-21T19:27:49.193+0000] {dagbag.py:538} INFO - Filling up the DagBag from /home/airflow/.local/lib/python3.8/site-packages/airflow/example_dags/example_branch_datetime_operator.py
[2023-12-21T19:27:49.224+0000] {processor.py:840} INFO - DAG(s) 'example_branch_datetime_operator', 'example_branch_datetime_operator_2', 'example_branch_datetime_operator_3' retrieved from /home/airflow/.local/lib/python3.8/site-packages/airflow/example_dags/example_branch_datetime_operator.py
[2023-12-21T19:27:49.288+0000] {logging_mixin.py:188} INFO - [2023-12-21T19:27:49.287+0000] {dag.py:3033} INFO - Sync 3 DAGs
[2023-12-21T19:27:49.339+0000] {logging_mixin.py:188} INFO - [2023-12-21T19:27:49.339+0000] {dag.py:3820} INFO - Setting next_dagrun for example_branch_datetime_operator to 2023-12-20T00:00:00+00:00, run_after=2023-12-21T00:00:00+00:00
[2023-12-21T19:27:49.352+0000] {logging_mixin.py:188} INFO - [2023-12-21T19:27:49.352+0000] {dag.py:3820} INFO - Setting next_dagrun for example_branch_datetime_operator_2 to 2023-12-20T00:00:00+00:00, run_after=2023-12-21T00:00:00+00:00
[2023-12-21T19:27:49.355+0000] {logging_mixin.py:188} INFO - [2023-12-21T19:27:49.355+0000] {dag.py:3820} INFO - Setting next_dagrun for example_branch_datetime_operator_3 to 2023-12-20T00:00:00+00:00, run_after=2023-12-21T00:00:00+00:00
[2023-12-21T19:27:49.411+0000] {processor.py:183} INFO - Processing /home/airflow/.local/lib/python3.8/site-packages/airflow/example_dags/example_branch_datetime_operator.py took 0.228 seconds
[2023-12-21T19:28:19.990+0000] {processor.py:161} INFO - Started process (PID=1140) to work on /home/airflow/.local/lib/python3.8/site-packages/airflow/example_dags/example_branch_datetime_operator.py
[2023-12-21T19:28:19.995+0000] {processor.py:830} INFO - Processing file /home/airflow/.local/lib/python3.8/site-packages/airflow/example_dags/example_branch_datetime_operator.py for tasks to queue
[2023-12-21T19:28:19.999+0000] {logging_mixin.py:188} INFO - [2023-12-21T19:28:19.999+0000] {dagbag.py:538} INFO - Filling up the DagBag from /home/airflow/.local/lib/python3.8/site-packages/airflow/example_dags/example_branch_datetime_operator.py
[2023-12-21T19:28:20.024+0000] {processor.py:840} INFO - DAG(s) 'example_branch_datetime_operator_2', 'example_branch_datetime_operator', 'example_branch_datetime_operator_3' retrieved from /home/airflow/.local/lib/python3.8/site-packages/airflow/example_dags/example_branch_datetime_operator.py
[2023-12-21T19:28:20.075+0000] {logging_mixin.py:188} INFO - [2023-12-21T19:28:20.074+0000] {dag.py:3033} INFO - Sync 3 DAGs
[2023-12-21T19:28:20.124+0000] {logging_mixin.py:188} INFO - [2023-12-21T19:28:20.123+0000] {dag.py:3820} INFO - Setting next_dagrun for example_branch_datetime_operator to 2023-12-20T00:00:00+00:00, run_after=2023-12-21T00:00:00+00:00
[2023-12-21T19:28:20.134+0000] {logging_mixin.py:188} INFO - [2023-12-21T19:28:20.133+0000] {dag.py:3820} INFO - Setting next_dagrun for example_branch_datetime_operator_2 to 2023-12-20T00:00:00+00:00, run_after=2023-12-21T00:00:00+00:00
[2023-12-21T19:28:20.139+0000] {logging_mixin.py:188} INFO - [2023-12-21T19:28:20.139+0000] {dag.py:3820} INFO - Setting next_dagrun for example_branch_datetime_operator_3 to 2023-12-20T00:00:00+00:00, run_after=2023-12-21T00:00:00+00:00
[2023-12-21T19:28:20.173+0000] {processor.py:183} INFO - Processing /home/airflow/.local/lib/python3.8/site-packages/airflow/example_dags/example_branch_datetime_operator.py took 0.190 seconds
[2023-12-21T19:28:50.687+0000] {processor.py:161} INFO - Started process (PID=1194) to work on /home/airflow/.local/lib/python3.8/site-packages/airflow/example_dags/example_branch_datetime_operator.py
[2023-12-21T19:28:50.689+0000] {processor.py:830} INFO - Processing file /home/airflow/.local/lib/python3.8/site-packages/airflow/example_dags/example_branch_datetime_operator.py for tasks to queue
[2023-12-21T19:28:50.692+0000] {logging_mixin.py:188} INFO - [2023-12-21T19:28:50.692+0000] {dagbag.py:538} INFO - Filling up the DagBag from /home/airflow/.local/lib/python3.8/site-packages/airflow/example_dags/example_branch_datetime_operator.py
[2023-12-21T19:28:50.715+0000] {processor.py:840} INFO - DAG(s) 'example_branch_datetime_operator_3', 'example_branch_datetime_operator_2', 'example_branch_datetime_operator' retrieved from /home/airflow/.local/lib/python3.8/site-packages/airflow/example_dags/example_branch_datetime_operator.py
[2023-12-21T19:28:50.776+0000] {logging_mixin.py:188} INFO - [2023-12-21T19:28:50.775+0000] {dag.py:3033} INFO - Sync 3 DAGs
[2023-12-21T19:28:50.836+0000] {logging_mixin.py:188} INFO - [2023-12-21T19:28:50.836+0000] {dag.py:3820} INFO - Setting next_dagrun for example_branch_datetime_operator to 2023-12-20T00:00:00+00:00, run_after=2023-12-21T00:00:00+00:00
[2023-12-21T19:28:50.846+0000] {logging_mixin.py:188} INFO - [2023-12-21T19:28:50.846+0000] {dag.py:3820} INFO - Setting next_dagrun for example_branch_datetime_operator_2 to 2023-12-20T00:00:00+00:00, run_after=2023-12-21T00:00:00+00:00
[2023-12-21T19:28:50.853+0000] {logging_mixin.py:188} INFO - [2023-12-21T19:28:50.853+0000] {dag.py:3820} INFO - Setting next_dagrun for example_branch_datetime_operator_3 to 2023-12-20T00:00:00+00:00, run_after=2023-12-21T00:00:00+00:00
[2023-12-21T19:28:50.896+0000] {processor.py:183} INFO - Processing /home/airflow/.local/lib/python3.8/site-packages/airflow/example_dags/example_branch_datetime_operator.py took 0.216 seconds
[2023-12-21T19:29:21.048+0000] {processor.py:161} INFO - Started process (PID=1249) to work on /home/airflow/.local/lib/python3.8/site-packages/airflow/example_dags/example_branch_datetime_operator.py
[2023-12-21T19:29:21.050+0000] {processor.py:830} INFO - Processing file /home/airflow/.local/lib/python3.8/site-packages/airflow/example_dags/example_branch_datetime_operator.py for tasks to queue
[2023-12-21T19:29:21.057+0000] {logging_mixin.py:188} INFO - [2023-12-21T19:29:21.057+0000] {dagbag.py:538} INFO - Filling up the DagBag from /home/airflow/.local/lib/python3.8/site-packages/airflow/example_dags/example_branch_datetime_operator.py
[2023-12-21T19:29:21.077+0000] {processor.py:840} INFO - DAG(s) 'example_branch_datetime_operator', 'example_branch_datetime_operator_2', 'example_branch_datetime_operator_3' retrieved from /home/airflow/.local/lib/python3.8/site-packages/airflow/example_dags/example_branch_datetime_operator.py
[2023-12-21T19:29:21.125+0000] {logging_mixin.py:188} INFO - [2023-12-21T19:29:21.125+0000] {dag.py:3033} INFO - Sync 3 DAGs
[2023-12-21T19:29:21.166+0000] {logging_mixin.py:188} INFO - [2023-12-21T19:29:21.166+0000] {dag.py:3820} INFO - Setting next_dagrun for example_branch_datetime_operator to 2023-12-20T00:00:00+00:00, run_after=2023-12-21T00:00:00+00:00
[2023-12-21T19:29:21.177+0000] {logging_mixin.py:188} INFO - [2023-12-21T19:29:21.176+0000] {dag.py:3820} INFO - Setting next_dagrun for example_branch_datetime_operator_2 to 2023-12-20T00:00:00+00:00, run_after=2023-12-21T00:00:00+00:00
[2023-12-21T19:29:21.181+0000] {logging_mixin.py:188} INFO - [2023-12-21T19:29:21.181+0000] {dag.py:3820} INFO - Setting next_dagrun for example_branch_datetime_operator_3 to 2023-12-20T00:00:00+00:00, run_after=2023-12-21T00:00:00+00:00
[2023-12-21T19:29:21.219+0000] {processor.py:183} INFO - Processing /home/airflow/.local/lib/python3.8/site-packages/airflow/example_dags/example_branch_datetime_operator.py took 0.176 seconds
[2023-12-21T19:29:52.291+0000] {processor.py:161} INFO - Started process (PID=1304) to work on /home/airflow/.local/lib/python3.8/site-packages/airflow/example_dags/example_branch_datetime_operator.py
[2023-12-21T19:29:52.293+0000] {processor.py:830} INFO - Processing file /home/airflow/.local/lib/python3.8/site-packages/airflow/example_dags/example_branch_datetime_operator.py for tasks to queue
[2023-12-21T19:29:52.296+0000] {logging_mixin.py:188} INFO - [2023-12-21T19:29:52.296+0000] {dagbag.py:538} INFO - Filling up the DagBag from /home/airflow/.local/lib/python3.8/site-packages/airflow/example_dags/example_branch_datetime_operator.py
[2023-12-21T19:29:52.312+0000] {processor.py:840} INFO - DAG(s) 'example_branch_datetime_operator', 'example_branch_datetime_operator_3', 'example_branch_datetime_operator_2' retrieved from /home/airflow/.local/lib/python3.8/site-packages/airflow/example_dags/example_branch_datetime_operator.py
[2023-12-21T19:29:52.347+0000] {logging_mixin.py:188} INFO - [2023-12-21T19:29:52.347+0000] {dag.py:3033} INFO - Sync 3 DAGs
[2023-12-21T19:29:52.398+0000] {logging_mixin.py:188} INFO - [2023-12-21T19:29:52.398+0000] {dag.py:3820} INFO - Setting next_dagrun for example_branch_datetime_operator to 2023-12-20T00:00:00+00:00, run_after=2023-12-21T00:00:00+00:00
[2023-12-21T19:29:52.412+0000] {logging_mixin.py:188} INFO - [2023-12-21T19:29:52.412+0000] {dag.py:3820} INFO - Setting next_dagrun for example_branch_datetime_operator_2 to 2023-12-20T00:00:00+00:00, run_after=2023-12-21T00:00:00+00:00
[2023-12-21T19:29:52.420+0000] {logging_mixin.py:188} INFO - [2023-12-21T19:29:52.420+0000] {dag.py:3820} INFO - Setting next_dagrun for example_branch_datetime_operator_3 to 2023-12-20T00:00:00+00:00, run_after=2023-12-21T00:00:00+00:00
[2023-12-21T19:29:52.474+0000] {processor.py:183} INFO - Processing /home/airflow/.local/lib/python3.8/site-packages/airflow/example_dags/example_branch_datetime_operator.py took 0.189 seconds
[2023-12-21T19:30:22.565+0000] {processor.py:161} INFO - Started process (PID=1358) to work on /home/airflow/.local/lib/python3.8/site-packages/airflow/example_dags/example_branch_datetime_operator.py
[2023-12-21T19:30:22.573+0000] {processor.py:830} INFO - Processing file /home/airflow/.local/lib/python3.8/site-packages/airflow/example_dags/example_branch_datetime_operator.py for tasks to queue
[2023-12-21T19:30:22.578+0000] {logging_mixin.py:188} INFO - [2023-12-21T19:30:22.577+0000] {dagbag.py:538} INFO - Filling up the DagBag from /home/airflow/.local/lib/python3.8/site-packages/airflow/example_dags/example_branch_datetime_operator.py
[2023-12-21T19:30:22.597+0000] {processor.py:840} INFO - DAG(s) 'example_branch_datetime_operator_3', 'example_branch_datetime_operator', 'example_branch_datetime_operator_2' retrieved from /home/airflow/.local/lib/python3.8/site-packages/airflow/example_dags/example_branch_datetime_operator.py
[2023-12-21T19:30:22.641+0000] {logging_mixin.py:188} INFO - [2023-12-21T19:30:22.640+0000] {dag.py:3033} INFO - Sync 3 DAGs
[2023-12-21T19:30:22.676+0000] {logging_mixin.py:188} INFO - [2023-12-21T19:30:22.676+0000] {dag.py:3820} INFO - Setting next_dagrun for example_branch_datetime_operator to 2023-12-20T00:00:00+00:00, run_after=2023-12-21T00:00:00+00:00
[2023-12-21T19:30:22.683+0000] {logging_mixin.py:188} INFO - [2023-12-21T19:30:22.683+0000] {dag.py:3820} INFO - Setting next_dagrun for example_branch_datetime_operator_2 to 2023-12-20T00:00:00+00:00, run_after=2023-12-21T00:00:00+00:00
[2023-12-21T19:30:22.687+0000] {logging_mixin.py:188} INFO - [2023-12-21T19:30:22.687+0000] {dag.py:3820} INFO - Setting next_dagrun for example_branch_datetime_operator_3 to 2023-12-20T00:00:00+00:00, run_after=2023-12-21T00:00:00+00:00
[2023-12-21T19:30:22.722+0000] {processor.py:183} INFO - Processing /home/airflow/.local/lib/python3.8/site-packages/airflow/example_dags/example_branch_datetime_operator.py took 0.163 seconds
[2023-12-21T19:30:52.839+0000] {processor.py:161} INFO - Started process (PID=1412) to work on /home/airflow/.local/lib/python3.8/site-packages/airflow/example_dags/example_branch_datetime_operator.py
[2023-12-21T19:30:52.840+0000] {processor.py:830} INFO - Processing file /home/airflow/.local/lib/python3.8/site-packages/airflow/example_dags/example_branch_datetime_operator.py for tasks to queue
[2023-12-21T19:30:52.843+0000] {logging_mixin.py:188} INFO - [2023-12-21T19:30:52.843+0000] {dagbag.py:538} INFO - Filling up the DagBag from /home/airflow/.local/lib/python3.8/site-packages/airflow/example_dags/example_branch_datetime_operator.py
[2023-12-21T19:30:52.863+0000] {processor.py:840} INFO - DAG(s) 'example_branch_datetime_operator_3', 'example_branch_datetime_operator', 'example_branch_datetime_operator_2' retrieved from /home/airflow/.local/lib/python3.8/site-packages/airflow/example_dags/example_branch_datetime_operator.py
[2023-12-21T19:30:52.911+0000] {logging_mixin.py:188} INFO - [2023-12-21T19:30:52.911+0000] {dag.py:3033} INFO - Sync 3 DAGs
[2023-12-21T19:30:52.952+0000] {logging_mixin.py:188} INFO - [2023-12-21T19:30:52.952+0000] {dag.py:3820} INFO - Setting next_dagrun for example_branch_datetime_operator to 2023-12-20T00:00:00+00:00, run_after=2023-12-21T00:00:00+00:00
[2023-12-21T19:30:52.961+0000] {logging_mixin.py:188} INFO - [2023-12-21T19:30:52.960+0000] {dag.py:3820} INFO - Setting next_dagrun for example_branch_datetime_operator_2 to 2023-12-20T00:00:00+00:00, run_after=2023-12-21T00:00:00+00:00
[2023-12-21T19:30:52.964+0000] {logging_mixin.py:188} INFO - [2023-12-21T19:30:52.964+0000] {dag.py:3820} INFO - Setting next_dagrun for example_branch_datetime_operator_3 to 2023-12-20T00:00:00+00:00, run_after=2023-12-21T00:00:00+00:00
[2023-12-21T19:30:52.998+0000] {processor.py:183} INFO - Processing /home/airflow/.local/lib/python3.8/site-packages/airflow/example_dags/example_branch_datetime_operator.py took 0.164 seconds
[2023-12-21T19:31:23.704+0000] {processor.py:161} INFO - Started process (PID=1467) to work on /home/airflow/.local/lib/python3.8/site-packages/airflow/example_dags/example_branch_datetime_operator.py
[2023-12-21T19:31:23.705+0000] {processor.py:830} INFO - Processing file /home/airflow/.local/lib/python3.8/site-packages/airflow/example_dags/example_branch_datetime_operator.py for tasks to queue
[2023-12-21T19:31:23.708+0000] {logging_mixin.py:188} INFO - [2023-12-21T19:31:23.708+0000] {dagbag.py:538} INFO - Filling up the DagBag from /home/airflow/.local/lib/python3.8/site-packages/airflow/example_dags/example_branch_datetime_operator.py
[2023-12-21T19:31:23.723+0000] {processor.py:840} INFO - DAG(s) 'example_branch_datetime_operator_2', 'example_branch_datetime_operator_3', 'example_branch_datetime_operator' retrieved from /home/airflow/.local/lib/python3.8/site-packages/airflow/example_dags/example_branch_datetime_operator.py
[2023-12-21T19:31:23.765+0000] {logging_mixin.py:188} INFO - [2023-12-21T19:31:23.764+0000] {dag.py:3033} INFO - Sync 3 DAGs
[2023-12-21T19:31:23.805+0000] {logging_mixin.py:188} INFO - [2023-12-21T19:31:23.805+0000] {dag.py:3820} INFO - Setting next_dagrun for example_branch_datetime_operator to 2023-12-20T00:00:00+00:00, run_after=2023-12-21T00:00:00+00:00
[2023-12-21T19:31:23.810+0000] {logging_mixin.py:188} INFO - [2023-12-21T19:31:23.810+0000] {dag.py:3820} INFO - Setting next_dagrun for example_branch_datetime_operator_2 to 2023-12-20T00:00:00+00:00, run_after=2023-12-21T00:00:00+00:00
[2023-12-21T19:31:23.813+0000] {logging_mixin.py:188} INFO - [2023-12-21T19:31:23.813+0000] {dag.py:3820} INFO - Setting next_dagrun for example_branch_datetime_operator_3 to 2023-12-20T00:00:00+00:00, run_after=2023-12-21T00:00:00+00:00
[2023-12-21T19:31:23.842+0000] {processor.py:183} INFO - Processing /home/airflow/.local/lib/python3.8/site-packages/airflow/example_dags/example_branch_datetime_operator.py took 0.143 seconds
[2023-12-21T19:34:23.418+0000] {processor.py:161} INFO - Started process (PID=37) to work on /home/airflow/.local/lib/python3.8/site-packages/airflow/example_dags/example_branch_datetime_operator.py
[2023-12-21T19:34:23.423+0000] {processor.py:830} INFO - Processing file /home/airflow/.local/lib/python3.8/site-packages/airflow/example_dags/example_branch_datetime_operator.py for tasks to queue
[2023-12-21T19:34:23.436+0000] {logging_mixin.py:188} INFO - [2023-12-21T19:34:23.435+0000] {dagbag.py:538} INFO - Filling up the DagBag from /home/airflow/.local/lib/python3.8/site-packages/airflow/example_dags/example_branch_datetime_operator.py
[2023-12-21T19:34:23.534+0000] {processor.py:840} INFO - DAG(s) 'example_branch_datetime_operator_3', 'example_branch_datetime_operator_2', 'example_branch_datetime_operator' retrieved from /home/airflow/.local/lib/python3.8/site-packages/airflow/example_dags/example_branch_datetime_operator.py
[2023-12-21T19:34:23.918+0000] {logging_mixin.py:188} INFO - [2023-12-21T19:34:23.918+0000] {dag.py:3033} INFO - Sync 3 DAGs
[2023-12-21T19:34:23.964+0000] {logging_mixin.py:188} INFO - [2023-12-21T19:34:23.963+0000] {dag.py:3820} INFO - Setting next_dagrun for example_branch_datetime_operator to 2023-12-20T00:00:00+00:00, run_after=2023-12-21T00:00:00+00:00
[2023-12-21T19:34:23.974+0000] {logging_mixin.py:188} INFO - [2023-12-21T19:34:23.974+0000] {dag.py:3820} INFO - Setting next_dagrun for example_branch_datetime_operator_2 to 2023-12-20T00:00:00+00:00, run_after=2023-12-21T00:00:00+00:00
[2023-12-21T19:34:23.981+0000] {logging_mixin.py:188} INFO - [2023-12-21T19:34:23.980+0000] {dag.py:3820} INFO - Setting next_dagrun for example_branch_datetime_operator_3 to 2023-12-20T00:00:00+00:00, run_after=2023-12-21T00:00:00+00:00
[2023-12-21T19:34:24.032+0000] {processor.py:183} INFO - Processing /home/airflow/.local/lib/python3.8/site-packages/airflow/example_dags/example_branch_datetime_operator.py took 0.631 seconds
