[2023-12-21T19:12:04.094+0000] {processor.py:161} INFO - Started process (PID=72) to work on /home/airflow/.local/lib/python3.8/site-packages/airflow/example_dags/example_sla_dag.py
[2023-12-21T19:12:04.096+0000] {processor.py:830} INFO - Processing file /home/airflow/.local/lib/python3.8/site-packages/airflow/example_dags/example_sla_dag.py for tasks to queue
[2023-12-21T19:12:04.100+0000] {logging_mixin.py:188} INFO - [2023-12-21T19:12:04.100+0000] {dagbag.py:538} INFO - Filling up the DagBag from /home/airflow/.local/lib/python3.8/site-packages/airflow/example_dags/example_sla_dag.py
[2023-12-21T19:12:04.123+0000] {processor.py:840} INFO - DAG(s) 'example_sla_dag' retrieved from /home/airflow/.local/lib/python3.8/site-packages/airflow/example_dags/example_sla_dag.py
[2023-12-21T19:12:04.371+0000] {logging_mixin.py:188} INFO - [2023-12-21T19:12:04.371+0000] {dag.py:3033} INFO - Sync 1 DAGs
[2023-12-21T19:12:04.423+0000] {logging_mixin.py:188} INFO - [2023-12-21T19:12:04.423+0000] {dag.py:3820} INFO - Setting next_dagrun for example_sla_dag to 2023-12-21T19:10:00+00:00, run_after=2023-12-21T19:12:00+00:00
[2023-12-21T19:12:04.454+0000] {processor.py:183} INFO - Processing /home/airflow/.local/lib/python3.8/site-packages/airflow/example_dags/example_sla_dag.py took 0.367 seconds
[2023-12-21T19:12:34.926+0000] {processor.py:161} INFO - Started process (PID=126) to work on /home/airflow/.local/lib/python3.8/site-packages/airflow/example_dags/example_sla_dag.py
[2023-12-21T19:12:34.927+0000] {processor.py:830} INFO - Processing file /home/airflow/.local/lib/python3.8/site-packages/airflow/example_dags/example_sla_dag.py for tasks to queue
[2023-12-21T19:12:34.929+0000] {logging_mixin.py:188} INFO - [2023-12-21T19:12:34.929+0000] {dagbag.py:538} INFO - Filling up the DagBag from /home/airflow/.local/lib/python3.8/site-packages/airflow/example_dags/example_sla_dag.py
[2023-12-21T19:12:34.939+0000] {processor.py:840} INFO - DAG(s) 'example_sla_dag' retrieved from /home/airflow/.local/lib/python3.8/site-packages/airflow/example_dags/example_sla_dag.py
[2023-12-21T19:12:34.962+0000] {logging_mixin.py:188} INFO - [2023-12-21T19:12:34.962+0000] {dag.py:3033} INFO - Sync 1 DAGs
[2023-12-21T19:12:34.997+0000] {logging_mixin.py:188} INFO - [2023-12-21T19:12:34.997+0000] {dag.py:3820} INFO - Setting next_dagrun for example_sla_dag to 2023-12-21T19:10:00+00:00, run_after=2023-12-21T19:12:00+00:00
[2023-12-21T19:12:35.026+0000] {processor.py:183} INFO - Processing /home/airflow/.local/lib/python3.8/site-packages/airflow/example_dags/example_sla_dag.py took 0.104 seconds
[2023-12-21T19:13:05.686+0000] {processor.py:161} INFO - Started process (PID=181) to work on /home/airflow/.local/lib/python3.8/site-packages/airflow/example_dags/example_sla_dag.py
[2023-12-21T19:13:05.687+0000] {processor.py:830} INFO - Processing file /home/airflow/.local/lib/python3.8/site-packages/airflow/example_dags/example_sla_dag.py for tasks to queue
[2023-12-21T19:13:05.691+0000] {logging_mixin.py:188} INFO - [2023-12-21T19:13:05.691+0000] {dagbag.py:538} INFO - Filling up the DagBag from /home/airflow/.local/lib/python3.8/site-packages/airflow/example_dags/example_sla_dag.py
[2023-12-21T19:13:05.703+0000] {processor.py:840} INFO - DAG(s) 'example_sla_dag' retrieved from /home/airflow/.local/lib/python3.8/site-packages/airflow/example_dags/example_sla_dag.py
[2023-12-21T19:13:05.731+0000] {logging_mixin.py:188} INFO - [2023-12-21T19:13:05.731+0000] {dag.py:3033} INFO - Sync 1 DAGs
[2023-12-21T19:13:05.790+0000] {logging_mixin.py:188} INFO - [2023-12-21T19:13:05.790+0000] {dag.py:3820} INFO - Setting next_dagrun for example_sla_dag to 2023-12-21T19:10:00+00:00, run_after=2023-12-21T19:12:00+00:00
[2023-12-21T19:13:05.816+0000] {processor.py:183} INFO - Processing /home/airflow/.local/lib/python3.8/site-packages/airflow/example_dags/example_sla_dag.py took 0.136 seconds
[2023-12-21T19:13:36.214+0000] {processor.py:161} INFO - Started process (PID=236) to work on /home/airflow/.local/lib/python3.8/site-packages/airflow/example_dags/example_sla_dag.py
[2023-12-21T19:13:36.215+0000] {processor.py:830} INFO - Processing file /home/airflow/.local/lib/python3.8/site-packages/airflow/example_dags/example_sla_dag.py for tasks to queue
[2023-12-21T19:13:36.217+0000] {logging_mixin.py:188} INFO - [2023-12-21T19:13:36.217+0000] {dagbag.py:538} INFO - Filling up the DagBag from /home/airflow/.local/lib/python3.8/site-packages/airflow/example_dags/example_sla_dag.py
[2023-12-21T19:13:36.227+0000] {processor.py:840} INFO - DAG(s) 'example_sla_dag' retrieved from /home/airflow/.local/lib/python3.8/site-packages/airflow/example_dags/example_sla_dag.py
[2023-12-21T19:13:36.254+0000] {logging_mixin.py:188} INFO - [2023-12-21T19:13:36.254+0000] {dag.py:3033} INFO - Sync 1 DAGs
[2023-12-21T19:13:36.294+0000] {logging_mixin.py:188} INFO - [2023-12-21T19:13:36.294+0000] {dag.py:3820} INFO - Setting next_dagrun for example_sla_dag to 2023-12-21T19:10:00+00:00, run_after=2023-12-21T19:12:00+00:00
[2023-12-21T19:13:36.327+0000] {processor.py:183} INFO - Processing /home/airflow/.local/lib/python3.8/site-packages/airflow/example_dags/example_sla_dag.py took 0.117 seconds
[2023-12-21T19:14:06.618+0000] {processor.py:161} INFO - Started process (PID=291) to work on /home/airflow/.local/lib/python3.8/site-packages/airflow/example_dags/example_sla_dag.py
[2023-12-21T19:14:06.619+0000] {processor.py:830} INFO - Processing file /home/airflow/.local/lib/python3.8/site-packages/airflow/example_dags/example_sla_dag.py for tasks to queue
[2023-12-21T19:14:06.623+0000] {logging_mixin.py:188} INFO - [2023-12-21T19:14:06.623+0000] {dagbag.py:538} INFO - Filling up the DagBag from /home/airflow/.local/lib/python3.8/site-packages/airflow/example_dags/example_sla_dag.py
[2023-12-21T19:14:06.639+0000] {processor.py:840} INFO - DAG(s) 'example_sla_dag' retrieved from /home/airflow/.local/lib/python3.8/site-packages/airflow/example_dags/example_sla_dag.py
[2023-12-21T19:14:06.735+0000] {logging_mixin.py:188} INFO - [2023-12-21T19:14:06.734+0000] {dag.py:3033} INFO - Sync 1 DAGs
[2023-12-21T19:14:06.787+0000] {logging_mixin.py:188} INFO - [2023-12-21T19:14:06.786+0000] {dag.py:3820} INFO - Setting next_dagrun for example_sla_dag to 2023-12-21T19:12:00+00:00, run_after=2023-12-21T19:14:00+00:00
[2023-12-21T19:14:06.860+0000] {processor.py:183} INFO - Processing /home/airflow/.local/lib/python3.8/site-packages/airflow/example_dags/example_sla_dag.py took 0.248 seconds
[2023-12-21T19:18:18.772+0000] {processor.py:161} INFO - Started process (PID=72) to work on /home/airflow/.local/lib/python3.8/site-packages/airflow/example_dags/example_sla_dag.py
[2023-12-21T19:18:18.774+0000] {processor.py:830} INFO - Processing file /home/airflow/.local/lib/python3.8/site-packages/airflow/example_dags/example_sla_dag.py for tasks to queue
[2023-12-21T19:18:18.777+0000] {logging_mixin.py:188} INFO - [2023-12-21T19:18:18.777+0000] {dagbag.py:538} INFO - Filling up the DagBag from /home/airflow/.local/lib/python3.8/site-packages/airflow/example_dags/example_sla_dag.py
[2023-12-21T19:18:18.796+0000] {processor.py:840} INFO - DAG(s) 'example_sla_dag' retrieved from /home/airflow/.local/lib/python3.8/site-packages/airflow/example_dags/example_sla_dag.py
[2023-12-21T19:18:19.050+0000] {logging_mixin.py:188} INFO - [2023-12-21T19:18:19.050+0000] {dag.py:3033} INFO - Sync 1 DAGs
[2023-12-21T19:18:19.099+0000] {logging_mixin.py:188} INFO - [2023-12-21T19:18:19.099+0000] {dag.py:3820} INFO - Setting next_dagrun for example_sla_dag to 2023-12-21T19:16:00+00:00, run_after=2023-12-21T19:18:00+00:00
[2023-12-21T19:18:19.133+0000] {processor.py:183} INFO - Processing /home/airflow/.local/lib/python3.8/site-packages/airflow/example_dags/example_sla_dag.py took 0.368 seconds
[2023-12-21T19:18:49.641+0000] {processor.py:161} INFO - Started process (PID=127) to work on /home/airflow/.local/lib/python3.8/site-packages/airflow/example_dags/example_sla_dag.py
[2023-12-21T19:18:49.642+0000] {processor.py:830} INFO - Processing file /home/airflow/.local/lib/python3.8/site-packages/airflow/example_dags/example_sla_dag.py for tasks to queue
[2023-12-21T19:18:49.646+0000] {logging_mixin.py:188} INFO - [2023-12-21T19:18:49.646+0000] {dagbag.py:538} INFO - Filling up the DagBag from /home/airflow/.local/lib/python3.8/site-packages/airflow/example_dags/example_sla_dag.py
[2023-12-21T19:18:49.661+0000] {processor.py:840} INFO - DAG(s) 'example_sla_dag' retrieved from /home/airflow/.local/lib/python3.8/site-packages/airflow/example_dags/example_sla_dag.py
[2023-12-21T19:18:49.690+0000] {logging_mixin.py:188} INFO - [2023-12-21T19:18:49.690+0000] {dag.py:3033} INFO - Sync 1 DAGs
[2023-12-21T19:18:49.733+0000] {logging_mixin.py:188} INFO - [2023-12-21T19:18:49.733+0000] {dag.py:3820} INFO - Setting next_dagrun for example_sla_dag to 2023-12-21T19:16:00+00:00, run_after=2023-12-21T19:18:00+00:00
[2023-12-21T19:18:49.777+0000] {processor.py:183} INFO - Processing /home/airflow/.local/lib/python3.8/site-packages/airflow/example_dags/example_sla_dag.py took 0.144 seconds
[2023-12-21T19:19:20.518+0000] {processor.py:161} INFO - Started process (PID=189) to work on /home/airflow/.local/lib/python3.8/site-packages/airflow/example_dags/example_sla_dag.py
[2023-12-21T19:19:20.519+0000] {processor.py:830} INFO - Processing file /home/airflow/.local/lib/python3.8/site-packages/airflow/example_dags/example_sla_dag.py for tasks to queue
[2023-12-21T19:19:20.521+0000] {logging_mixin.py:188} INFO - [2023-12-21T19:19:20.521+0000] {dagbag.py:538} INFO - Filling up the DagBag from /home/airflow/.local/lib/python3.8/site-packages/airflow/example_dags/example_sla_dag.py
[2023-12-21T19:19:20.531+0000] {processor.py:840} INFO - DAG(s) 'example_sla_dag' retrieved from /home/airflow/.local/lib/python3.8/site-packages/airflow/example_dags/example_sla_dag.py
[2023-12-21T19:19:20.553+0000] {logging_mixin.py:188} INFO - [2023-12-21T19:19:20.553+0000] {dag.py:3033} INFO - Sync 1 DAGs
[2023-12-21T19:19:20.583+0000] {logging_mixin.py:188} INFO - [2023-12-21T19:19:20.583+0000] {dag.py:3820} INFO - Setting next_dagrun for example_sla_dag to 2023-12-21T19:16:00+00:00, run_after=2023-12-21T19:18:00+00:00
[2023-12-21T19:19:20.608+0000] {processor.py:183} INFO - Processing /home/airflow/.local/lib/python3.8/site-packages/airflow/example_dags/example_sla_dag.py took 0.094 seconds
[2023-12-21T19:19:50.812+0000] {processor.py:161} INFO - Started process (PID=244) to work on /home/airflow/.local/lib/python3.8/site-packages/airflow/example_dags/example_sla_dag.py
[2023-12-21T19:19:50.814+0000] {processor.py:830} INFO - Processing file /home/airflow/.local/lib/python3.8/site-packages/airflow/example_dags/example_sla_dag.py for tasks to queue
[2023-12-21T19:19:50.817+0000] {logging_mixin.py:188} INFO - [2023-12-21T19:19:50.816+0000] {dagbag.py:538} INFO - Filling up the DagBag from /home/airflow/.local/lib/python3.8/site-packages/airflow/example_dags/example_sla_dag.py
[2023-12-21T19:19:50.833+0000] {processor.py:840} INFO - DAG(s) 'example_sla_dag' retrieved from /home/airflow/.local/lib/python3.8/site-packages/airflow/example_dags/example_sla_dag.py
[2023-12-21T19:19:50.869+0000] {logging_mixin.py:188} INFO - [2023-12-21T19:19:50.869+0000] {dag.py:3033} INFO - Sync 1 DAGs
[2023-12-21T19:19:50.910+0000] {logging_mixin.py:188} INFO - [2023-12-21T19:19:50.910+0000] {dag.py:3820} INFO - Setting next_dagrun for example_sla_dag to 2023-12-21T19:16:00+00:00, run_after=2023-12-21T19:18:00+00:00
[2023-12-21T19:19:50.935+0000] {processor.py:183} INFO - Processing /home/airflow/.local/lib/python3.8/site-packages/airflow/example_dags/example_sla_dag.py took 0.129 seconds
[2023-12-21T19:20:21.426+0000] {processor.py:161} INFO - Started process (PID=299) to work on /home/airflow/.local/lib/python3.8/site-packages/airflow/example_dags/example_sla_dag.py
[2023-12-21T19:20:21.427+0000] {processor.py:830} INFO - Processing file /home/airflow/.local/lib/python3.8/site-packages/airflow/example_dags/example_sla_dag.py for tasks to queue
[2023-12-21T19:20:21.430+0000] {logging_mixin.py:188} INFO - [2023-12-21T19:20:21.430+0000] {dagbag.py:538} INFO - Filling up the DagBag from /home/airflow/.local/lib/python3.8/site-packages/airflow/example_dags/example_sla_dag.py
[2023-12-21T19:20:21.445+0000] {processor.py:840} INFO - DAG(s) 'example_sla_dag' retrieved from /home/airflow/.local/lib/python3.8/site-packages/airflow/example_dags/example_sla_dag.py
[2023-12-21T19:20:21.476+0000] {logging_mixin.py:188} INFO - [2023-12-21T19:20:21.476+0000] {dag.py:3033} INFO - Sync 1 DAGs
[2023-12-21T19:20:21.509+0000] {logging_mixin.py:188} INFO - [2023-12-21T19:20:21.508+0000] {dag.py:3820} INFO - Setting next_dagrun for example_sla_dag to 2023-12-21T19:18:00+00:00, run_after=2023-12-21T19:20:00+00:00
[2023-12-21T19:20:21.530+0000] {processor.py:183} INFO - Processing /home/airflow/.local/lib/python3.8/site-packages/airflow/example_dags/example_sla_dag.py took 0.109 seconds
[2023-12-21T19:20:52.268+0000] {processor.py:161} INFO - Started process (PID=354) to work on /home/airflow/.local/lib/python3.8/site-packages/airflow/example_dags/example_sla_dag.py
[2023-12-21T19:20:52.269+0000] {processor.py:830} INFO - Processing file /home/airflow/.local/lib/python3.8/site-packages/airflow/example_dags/example_sla_dag.py for tasks to queue
[2023-12-21T19:20:52.275+0000] {logging_mixin.py:188} INFO - [2023-12-21T19:20:52.274+0000] {dagbag.py:538} INFO - Filling up the DagBag from /home/airflow/.local/lib/python3.8/site-packages/airflow/example_dags/example_sla_dag.py
[2023-12-21T19:20:52.293+0000] {processor.py:840} INFO - DAG(s) 'example_sla_dag' retrieved from /home/airflow/.local/lib/python3.8/site-packages/airflow/example_dags/example_sla_dag.py
[2023-12-21T19:20:52.318+0000] {logging_mixin.py:188} INFO - [2023-12-21T19:20:52.318+0000] {dag.py:3033} INFO - Sync 1 DAGs
[2023-12-21T19:20:52.370+0000] {logging_mixin.py:188} INFO - [2023-12-21T19:20:52.370+0000] {dag.py:3820} INFO - Setting next_dagrun for example_sla_dag to 2023-12-21T19:18:00+00:00, run_after=2023-12-21T19:20:00+00:00
[2023-12-21T19:20:52.409+0000] {processor.py:183} INFO - Processing /home/airflow/.local/lib/python3.8/site-packages/airflow/example_dags/example_sla_dag.py took 0.145 seconds
[2023-12-21T19:21:22.748+0000] {processor.py:161} INFO - Started process (PID=409) to work on /home/airflow/.local/lib/python3.8/site-packages/airflow/example_dags/example_sla_dag.py
[2023-12-21T19:21:22.749+0000] {processor.py:830} INFO - Processing file /home/airflow/.local/lib/python3.8/site-packages/airflow/example_dags/example_sla_dag.py for tasks to queue
[2023-12-21T19:21:22.759+0000] {logging_mixin.py:188} INFO - [2023-12-21T19:21:22.753+0000] {dagbag.py:538} INFO - Filling up the DagBag from /home/airflow/.local/lib/python3.8/site-packages/airflow/example_dags/example_sla_dag.py
[2023-12-21T19:21:22.789+0000] {processor.py:840} INFO - DAG(s) 'example_sla_dag' retrieved from /home/airflow/.local/lib/python3.8/site-packages/airflow/example_dags/example_sla_dag.py
[2023-12-21T19:21:22.841+0000] {logging_mixin.py:188} INFO - [2023-12-21T19:21:22.841+0000] {dag.py:3033} INFO - Sync 1 DAGs
[2023-12-21T19:21:22.894+0000] {logging_mixin.py:188} INFO - [2023-12-21T19:21:22.893+0000] {dag.py:3820} INFO - Setting next_dagrun for example_sla_dag to 2023-12-21T19:18:00+00:00, run_after=2023-12-21T19:20:00+00:00
[2023-12-21T19:21:22.949+0000] {processor.py:183} INFO - Processing /home/airflow/.local/lib/python3.8/site-packages/airflow/example_dags/example_sla_dag.py took 0.215 seconds
[2023-12-21T19:21:53.714+0000] {processor.py:161} INFO - Started process (PID=464) to work on /home/airflow/.local/lib/python3.8/site-packages/airflow/example_dags/example_sla_dag.py
[2023-12-21T19:21:53.715+0000] {processor.py:830} INFO - Processing file /home/airflow/.local/lib/python3.8/site-packages/airflow/example_dags/example_sla_dag.py for tasks to queue
[2023-12-21T19:21:53.719+0000] {logging_mixin.py:188} INFO - [2023-12-21T19:21:53.719+0000] {dagbag.py:538} INFO - Filling up the DagBag from /home/airflow/.local/lib/python3.8/site-packages/airflow/example_dags/example_sla_dag.py
[2023-12-21T19:21:53.735+0000] {processor.py:840} INFO - DAG(s) 'example_sla_dag' retrieved from /home/airflow/.local/lib/python3.8/site-packages/airflow/example_dags/example_sla_dag.py
[2023-12-21T19:21:53.772+0000] {logging_mixin.py:188} INFO - [2023-12-21T19:21:53.772+0000] {dag.py:3033} INFO - Sync 1 DAGs
[2023-12-21T19:21:53.813+0000] {logging_mixin.py:188} INFO - [2023-12-21T19:21:53.813+0000] {dag.py:3820} INFO - Setting next_dagrun for example_sla_dag to 2023-12-21T19:18:00+00:00, run_after=2023-12-21T19:20:00+00:00
[2023-12-21T19:21:53.845+0000] {processor.py:183} INFO - Processing /home/airflow/.local/lib/python3.8/site-packages/airflow/example_dags/example_sla_dag.py took 0.139 seconds
[2023-12-21T19:22:24.200+0000] {processor.py:161} INFO - Started process (PID=519) to work on /home/airflow/.local/lib/python3.8/site-packages/airflow/example_dags/example_sla_dag.py
[2023-12-21T19:22:24.201+0000] {processor.py:830} INFO - Processing file /home/airflow/.local/lib/python3.8/site-packages/airflow/example_dags/example_sla_dag.py for tasks to queue
[2023-12-21T19:22:24.206+0000] {logging_mixin.py:188} INFO - [2023-12-21T19:22:24.206+0000] {dagbag.py:538} INFO - Filling up the DagBag from /home/airflow/.local/lib/python3.8/site-packages/airflow/example_dags/example_sla_dag.py
[2023-12-21T19:22:24.223+0000] {processor.py:840} INFO - DAG(s) 'example_sla_dag' retrieved from /home/airflow/.local/lib/python3.8/site-packages/airflow/example_dags/example_sla_dag.py
[2023-12-21T19:22:24.254+0000] {logging_mixin.py:188} INFO - [2023-12-21T19:22:24.253+0000] {dag.py:3033} INFO - Sync 1 DAGs
[2023-12-21T19:22:24.303+0000] {logging_mixin.py:188} INFO - [2023-12-21T19:22:24.303+0000] {dag.py:3820} INFO - Setting next_dagrun for example_sla_dag to 2023-12-21T19:20:00+00:00, run_after=2023-12-21T19:22:00+00:00
[2023-12-21T19:22:24.349+0000] {processor.py:183} INFO - Processing /home/airflow/.local/lib/python3.8/site-packages/airflow/example_dags/example_sla_dag.py took 0.153 seconds
[2023-12-21T19:22:54.749+0000] {processor.py:161} INFO - Started process (PID=574) to work on /home/airflow/.local/lib/python3.8/site-packages/airflow/example_dags/example_sla_dag.py
[2023-12-21T19:22:54.751+0000] {processor.py:830} INFO - Processing file /home/airflow/.local/lib/python3.8/site-packages/airflow/example_dags/example_sla_dag.py for tasks to queue
[2023-12-21T19:22:54.755+0000] {logging_mixin.py:188} INFO - [2023-12-21T19:22:54.754+0000] {dagbag.py:538} INFO - Filling up the DagBag from /home/airflow/.local/lib/python3.8/site-packages/airflow/example_dags/example_sla_dag.py
[2023-12-21T19:22:54.773+0000] {processor.py:840} INFO - DAG(s) 'example_sla_dag' retrieved from /home/airflow/.local/lib/python3.8/site-packages/airflow/example_dags/example_sla_dag.py
[2023-12-21T19:22:54.804+0000] {logging_mixin.py:188} INFO - [2023-12-21T19:22:54.803+0000] {dag.py:3033} INFO - Sync 1 DAGs
[2023-12-21T19:22:54.858+0000] {logging_mixin.py:188} INFO - [2023-12-21T19:22:54.858+0000] {dag.py:3820} INFO - Setting next_dagrun for example_sla_dag to 2023-12-21T19:20:00+00:00, run_after=2023-12-21T19:22:00+00:00
[2023-12-21T19:22:54.887+0000] {processor.py:183} INFO - Processing /home/airflow/.local/lib/python3.8/site-packages/airflow/example_dags/example_sla_dag.py took 0.143 seconds
[2023-12-21T19:23:25.729+0000] {processor.py:161} INFO - Started process (PID=628) to work on /home/airflow/.local/lib/python3.8/site-packages/airflow/example_dags/example_sla_dag.py
[2023-12-21T19:23:25.736+0000] {processor.py:830} INFO - Processing file /home/airflow/.local/lib/python3.8/site-packages/airflow/example_dags/example_sla_dag.py for tasks to queue
[2023-12-21T19:23:25.740+0000] {logging_mixin.py:188} INFO - [2023-12-21T19:23:25.740+0000] {dagbag.py:538} INFO - Filling up the DagBag from /home/airflow/.local/lib/python3.8/site-packages/airflow/example_dags/example_sla_dag.py
[2023-12-21T19:23:25.767+0000] {processor.py:840} INFO - DAG(s) 'example_sla_dag' retrieved from /home/airflow/.local/lib/python3.8/site-packages/airflow/example_dags/example_sla_dag.py
[2023-12-21T19:23:25.867+0000] {logging_mixin.py:188} INFO - [2023-12-21T19:23:25.867+0000] {dag.py:3033} INFO - Sync 1 DAGs
[2023-12-21T19:23:25.963+0000] {logging_mixin.py:188} INFO - [2023-12-21T19:23:25.962+0000] {dag.py:3820} INFO - Setting next_dagrun for example_sla_dag to 2023-12-21T19:20:00+00:00, run_after=2023-12-21T19:22:00+00:00
[2023-12-21T19:23:26.029+0000] {processor.py:183} INFO - Processing /home/airflow/.local/lib/python3.8/site-packages/airflow/example_dags/example_sla_dag.py took 0.318 seconds
[2023-12-21T19:23:56.804+0000] {processor.py:161} INFO - Started process (PID=682) to work on /home/airflow/.local/lib/python3.8/site-packages/airflow/example_dags/example_sla_dag.py
[2023-12-21T19:23:56.805+0000] {processor.py:830} INFO - Processing file /home/airflow/.local/lib/python3.8/site-packages/airflow/example_dags/example_sla_dag.py for tasks to queue
[2023-12-21T19:23:56.810+0000] {logging_mixin.py:188} INFO - [2023-12-21T19:23:56.809+0000] {dagbag.py:538} INFO - Filling up the DagBag from /home/airflow/.local/lib/python3.8/site-packages/airflow/example_dags/example_sla_dag.py
[2023-12-21T19:23:56.832+0000] {processor.py:840} INFO - DAG(s) 'example_sla_dag' retrieved from /home/airflow/.local/lib/python3.8/site-packages/airflow/example_dags/example_sla_dag.py
[2023-12-21T19:23:56.865+0000] {logging_mixin.py:188} INFO - [2023-12-21T19:23:56.865+0000] {dag.py:3033} INFO - Sync 1 DAGs
[2023-12-21T19:23:56.909+0000] {logging_mixin.py:188} INFO - [2023-12-21T19:23:56.909+0000] {dag.py:3820} INFO - Setting next_dagrun for example_sla_dag to 2023-12-21T19:20:00+00:00, run_after=2023-12-21T19:22:00+00:00
[2023-12-21T19:23:56.952+0000] {processor.py:183} INFO - Processing /home/airflow/.local/lib/python3.8/site-packages/airflow/example_dags/example_sla_dag.py took 0.153 seconds
[2023-12-21T19:24:27.711+0000] {processor.py:161} INFO - Started process (PID=737) to work on /home/airflow/.local/lib/python3.8/site-packages/airflow/example_dags/example_sla_dag.py
[2023-12-21T19:24:27.713+0000] {processor.py:830} INFO - Processing file /home/airflow/.local/lib/python3.8/site-packages/airflow/example_dags/example_sla_dag.py for tasks to queue
[2023-12-21T19:24:27.717+0000] {logging_mixin.py:188} INFO - [2023-12-21T19:24:27.717+0000] {dagbag.py:538} INFO - Filling up the DagBag from /home/airflow/.local/lib/python3.8/site-packages/airflow/example_dags/example_sla_dag.py
[2023-12-21T19:24:27.738+0000] {processor.py:840} INFO - DAG(s) 'example_sla_dag' retrieved from /home/airflow/.local/lib/python3.8/site-packages/airflow/example_dags/example_sla_dag.py
[2023-12-21T19:24:27.783+0000] {logging_mixin.py:188} INFO - [2023-12-21T19:24:27.783+0000] {dag.py:3033} INFO - Sync 1 DAGs
[2023-12-21T19:24:27.839+0000] {logging_mixin.py:188} INFO - [2023-12-21T19:24:27.839+0000] {dag.py:3820} INFO - Setting next_dagrun for example_sla_dag to 2023-12-21T19:22:00+00:00, run_after=2023-12-21T19:24:00+00:00
[2023-12-21T19:24:27.879+0000] {processor.py:183} INFO - Processing /home/airflow/.local/lib/python3.8/site-packages/airflow/example_dags/example_sla_dag.py took 0.175 seconds
[2023-12-21T19:24:58.332+0000] {processor.py:161} INFO - Started process (PID=792) to work on /home/airflow/.local/lib/python3.8/site-packages/airflow/example_dags/example_sla_dag.py
[2023-12-21T19:24:58.333+0000] {processor.py:830} INFO - Processing file /home/airflow/.local/lib/python3.8/site-packages/airflow/example_dags/example_sla_dag.py for tasks to queue
[2023-12-21T19:24:58.337+0000] {logging_mixin.py:188} INFO - [2023-12-21T19:24:58.336+0000] {dagbag.py:538} INFO - Filling up the DagBag from /home/airflow/.local/lib/python3.8/site-packages/airflow/example_dags/example_sla_dag.py
[2023-12-21T19:24:58.349+0000] {processor.py:840} INFO - DAG(s) 'example_sla_dag' retrieved from /home/airflow/.local/lib/python3.8/site-packages/airflow/example_dags/example_sla_dag.py
[2023-12-21T19:24:58.376+0000] {logging_mixin.py:188} INFO - [2023-12-21T19:24:58.376+0000] {dag.py:3033} INFO - Sync 1 DAGs
[2023-12-21T19:24:58.425+0000] {logging_mixin.py:188} INFO - [2023-12-21T19:24:58.424+0000] {dag.py:3820} INFO - Setting next_dagrun for example_sla_dag to 2023-12-21T19:22:00+00:00, run_after=2023-12-21T19:24:00+00:00
[2023-12-21T19:24:58.460+0000] {processor.py:183} INFO - Processing /home/airflow/.local/lib/python3.8/site-packages/airflow/example_dags/example_sla_dag.py took 0.135 seconds
[2023-12-21T19:25:28.839+0000] {processor.py:161} INFO - Started process (PID=847) to work on /home/airflow/.local/lib/python3.8/site-packages/airflow/example_dags/example_sla_dag.py
[2023-12-21T19:25:28.842+0000] {processor.py:830} INFO - Processing file /home/airflow/.local/lib/python3.8/site-packages/airflow/example_dags/example_sla_dag.py for tasks to queue
[2023-12-21T19:25:28.857+0000] {logging_mixin.py:188} INFO - [2023-12-21T19:25:28.856+0000] {dagbag.py:538} INFO - Filling up the DagBag from /home/airflow/.local/lib/python3.8/site-packages/airflow/example_dags/example_sla_dag.py
[2023-12-21T19:25:28.874+0000] {processor.py:840} INFO - DAG(s) 'example_sla_dag' retrieved from /home/airflow/.local/lib/python3.8/site-packages/airflow/example_dags/example_sla_dag.py
[2023-12-21T19:25:28.917+0000] {logging_mixin.py:188} INFO - [2023-12-21T19:25:28.917+0000] {dag.py:3033} INFO - Sync 1 DAGs
[2023-12-21T19:25:28.969+0000] {logging_mixin.py:188} INFO - [2023-12-21T19:25:28.969+0000] {dag.py:3820} INFO - Setting next_dagrun for example_sla_dag to 2023-12-21T19:22:00+00:00, run_after=2023-12-21T19:24:00+00:00
[2023-12-21T19:25:29.022+0000] {processor.py:183} INFO - Processing /home/airflow/.local/lib/python3.8/site-packages/airflow/example_dags/example_sla_dag.py took 0.199 seconds
[2023-12-21T19:25:59.423+0000] {processor.py:161} INFO - Started process (PID=901) to work on /home/airflow/.local/lib/python3.8/site-packages/airflow/example_dags/example_sla_dag.py
[2023-12-21T19:25:59.426+0000] {processor.py:830} INFO - Processing file /home/airflow/.local/lib/python3.8/site-packages/airflow/example_dags/example_sla_dag.py for tasks to queue
[2023-12-21T19:25:59.432+0000] {logging_mixin.py:188} INFO - [2023-12-21T19:25:59.431+0000] {dagbag.py:538} INFO - Filling up the DagBag from /home/airflow/.local/lib/python3.8/site-packages/airflow/example_dags/example_sla_dag.py
[2023-12-21T19:25:59.452+0000] {processor.py:840} INFO - DAG(s) 'example_sla_dag' retrieved from /home/airflow/.local/lib/python3.8/site-packages/airflow/example_dags/example_sla_dag.py
[2023-12-21T19:25:59.503+0000] {logging_mixin.py:188} INFO - [2023-12-21T19:25:59.503+0000] {dag.py:3033} INFO - Sync 1 DAGs
[2023-12-21T19:25:59.602+0000] {logging_mixin.py:188} INFO - [2023-12-21T19:25:59.602+0000] {dag.py:3820} INFO - Setting next_dagrun for example_sla_dag to 2023-12-21T19:22:00+00:00, run_after=2023-12-21T19:24:00+00:00
[2023-12-21T19:25:59.641+0000] {processor.py:183} INFO - Processing /home/airflow/.local/lib/python3.8/site-packages/airflow/example_dags/example_sla_dag.py took 0.228 seconds
[2023-12-21T19:26:29.794+0000] {processor.py:161} INFO - Started process (PID=956) to work on /home/airflow/.local/lib/python3.8/site-packages/airflow/example_dags/example_sla_dag.py
[2023-12-21T19:26:29.796+0000] {processor.py:830} INFO - Processing file /home/airflow/.local/lib/python3.8/site-packages/airflow/example_dags/example_sla_dag.py for tasks to queue
[2023-12-21T19:26:29.800+0000] {logging_mixin.py:188} INFO - [2023-12-21T19:26:29.799+0000] {dagbag.py:538} INFO - Filling up the DagBag from /home/airflow/.local/lib/python3.8/site-packages/airflow/example_dags/example_sla_dag.py
[2023-12-21T19:26:29.815+0000] {processor.py:840} INFO - DAG(s) 'example_sla_dag' retrieved from /home/airflow/.local/lib/python3.8/site-packages/airflow/example_dags/example_sla_dag.py
[2023-12-21T19:26:29.853+0000] {logging_mixin.py:188} INFO - [2023-12-21T19:26:29.853+0000] {dag.py:3033} INFO - Sync 1 DAGs
[2023-12-21T19:26:29.918+0000] {logging_mixin.py:188} INFO - [2023-12-21T19:26:29.917+0000] {dag.py:3820} INFO - Setting next_dagrun for example_sla_dag to 2023-12-21T19:24:00+00:00, run_after=2023-12-21T19:26:00+00:00
[2023-12-21T19:26:29.959+0000] {processor.py:183} INFO - Processing /home/airflow/.local/lib/python3.8/site-packages/airflow/example_dags/example_sla_dag.py took 0.171 seconds
[2023-12-21T19:27:00.415+0000] {processor.py:161} INFO - Started process (PID=1011) to work on /home/airflow/.local/lib/python3.8/site-packages/airflow/example_dags/example_sla_dag.py
[2023-12-21T19:27:00.416+0000] {processor.py:830} INFO - Processing file /home/airflow/.local/lib/python3.8/site-packages/airflow/example_dags/example_sla_dag.py for tasks to queue
[2023-12-21T19:27:00.419+0000] {logging_mixin.py:188} INFO - [2023-12-21T19:27:00.419+0000] {dagbag.py:538} INFO - Filling up the DagBag from /home/airflow/.local/lib/python3.8/site-packages/airflow/example_dags/example_sla_dag.py
[2023-12-21T19:27:00.434+0000] {processor.py:840} INFO - DAG(s) 'example_sla_dag' retrieved from /home/airflow/.local/lib/python3.8/site-packages/airflow/example_dags/example_sla_dag.py
[2023-12-21T19:27:00.468+0000] {logging_mixin.py:188} INFO - [2023-12-21T19:27:00.467+0000] {dag.py:3033} INFO - Sync 1 DAGs
[2023-12-21T19:27:00.525+0000] {logging_mixin.py:188} INFO - [2023-12-21T19:27:00.525+0000] {dag.py:3820} INFO - Setting next_dagrun for example_sla_dag to 2023-12-21T19:24:00+00:00, run_after=2023-12-21T19:26:00+00:00
[2023-12-21T19:27:00.565+0000] {processor.py:183} INFO - Processing /home/airflow/.local/lib/python3.8/site-packages/airflow/example_dags/example_sla_dag.py took 0.157 seconds
[2023-12-21T19:27:30.724+0000] {processor.py:161} INFO - Started process (PID=1065) to work on /home/airflow/.local/lib/python3.8/site-packages/airflow/example_dags/example_sla_dag.py
[2023-12-21T19:27:30.727+0000] {processor.py:830} INFO - Processing file /home/airflow/.local/lib/python3.8/site-packages/airflow/example_dags/example_sla_dag.py for tasks to queue
[2023-12-21T19:27:30.732+0000] {logging_mixin.py:188} INFO - [2023-12-21T19:27:30.731+0000] {dagbag.py:538} INFO - Filling up the DagBag from /home/airflow/.local/lib/python3.8/site-packages/airflow/example_dags/example_sla_dag.py
[2023-12-21T19:27:30.762+0000] {processor.py:840} INFO - DAG(s) 'example_sla_dag' retrieved from /home/airflow/.local/lib/python3.8/site-packages/airflow/example_dags/example_sla_dag.py
[2023-12-21T19:27:30.815+0000] {logging_mixin.py:188} INFO - [2023-12-21T19:27:30.814+0000] {dag.py:3033} INFO - Sync 1 DAGs
[2023-12-21T19:27:30.885+0000] {logging_mixin.py:188} INFO - [2023-12-21T19:27:30.885+0000] {dag.py:3820} INFO - Setting next_dagrun for example_sla_dag to 2023-12-21T19:24:00+00:00, run_after=2023-12-21T19:26:00+00:00
[2023-12-21T19:27:30.927+0000] {processor.py:183} INFO - Processing /home/airflow/.local/lib/python3.8/site-packages/airflow/example_dags/example_sla_dag.py took 0.210 seconds
[2023-12-21T19:28:01.355+0000] {processor.py:161} INFO - Started process (PID=1121) to work on /home/airflow/.local/lib/python3.8/site-packages/airflow/example_dags/example_sla_dag.py
[2023-12-21T19:28:01.357+0000] {processor.py:830} INFO - Processing file /home/airflow/.local/lib/python3.8/site-packages/airflow/example_dags/example_sla_dag.py for tasks to queue
[2023-12-21T19:28:01.360+0000] {logging_mixin.py:188} INFO - [2023-12-21T19:28:01.360+0000] {dagbag.py:538} INFO - Filling up the DagBag from /home/airflow/.local/lib/python3.8/site-packages/airflow/example_dags/example_sla_dag.py
[2023-12-21T19:28:01.375+0000] {processor.py:840} INFO - DAG(s) 'example_sla_dag' retrieved from /home/airflow/.local/lib/python3.8/site-packages/airflow/example_dags/example_sla_dag.py
[2023-12-21T19:28:01.407+0000] {logging_mixin.py:188} INFO - [2023-12-21T19:28:01.407+0000] {dag.py:3033} INFO - Sync 1 DAGs
[2023-12-21T19:28:01.469+0000] {logging_mixin.py:188} INFO - [2023-12-21T19:28:01.468+0000] {dag.py:3820} INFO - Setting next_dagrun for example_sla_dag to 2023-12-21T19:26:00+00:00, run_after=2023-12-21T19:28:00+00:00
[2023-12-21T19:28:01.506+0000] {processor.py:183} INFO - Processing /home/airflow/.local/lib/python3.8/site-packages/airflow/example_dags/example_sla_dag.py took 0.159 seconds
[2023-12-21T19:28:31.993+0000] {processor.py:161} INFO - Started process (PID=1175) to work on /home/airflow/.local/lib/python3.8/site-packages/airflow/example_dags/example_sla_dag.py
[2023-12-21T19:28:31.995+0000] {processor.py:830} INFO - Processing file /home/airflow/.local/lib/python3.8/site-packages/airflow/example_dags/example_sla_dag.py for tasks to queue
[2023-12-21T19:28:31.998+0000] {logging_mixin.py:188} INFO - [2023-12-21T19:28:31.998+0000] {dagbag.py:538} INFO - Filling up the DagBag from /home/airflow/.local/lib/python3.8/site-packages/airflow/example_dags/example_sla_dag.py
[2023-12-21T19:28:32.014+0000] {processor.py:840} INFO - DAG(s) 'example_sla_dag' retrieved from /home/airflow/.local/lib/python3.8/site-packages/airflow/example_dags/example_sla_dag.py
[2023-12-21T19:28:32.049+0000] {logging_mixin.py:188} INFO - [2023-12-21T19:28:32.048+0000] {dag.py:3033} INFO - Sync 1 DAGs
[2023-12-21T19:28:32.105+0000] {logging_mixin.py:188} INFO - [2023-12-21T19:28:32.104+0000] {dag.py:3820} INFO - Setting next_dagrun for example_sla_dag to 2023-12-21T19:26:00+00:00, run_after=2023-12-21T19:28:00+00:00
[2023-12-21T19:28:32.145+0000] {processor.py:183} INFO - Processing /home/airflow/.local/lib/python3.8/site-packages/airflow/example_dags/example_sla_dag.py took 0.159 seconds
[2023-12-21T19:29:02.523+0000] {processor.py:161} INFO - Started process (PID=1230) to work on /home/airflow/.local/lib/python3.8/site-packages/airflow/example_dags/example_sla_dag.py
[2023-12-21T19:29:02.526+0000] {processor.py:830} INFO - Processing file /home/airflow/.local/lib/python3.8/site-packages/airflow/example_dags/example_sla_dag.py for tasks to queue
[2023-12-21T19:29:02.531+0000] {logging_mixin.py:188} INFO - [2023-12-21T19:29:02.530+0000] {dagbag.py:538} INFO - Filling up the DagBag from /home/airflow/.local/lib/python3.8/site-packages/airflow/example_dags/example_sla_dag.py
[2023-12-21T19:29:02.547+0000] {processor.py:840} INFO - DAG(s) 'example_sla_dag' retrieved from /home/airflow/.local/lib/python3.8/site-packages/airflow/example_dags/example_sla_dag.py
[2023-12-21T19:29:02.581+0000] {logging_mixin.py:188} INFO - [2023-12-21T19:29:02.581+0000] {dag.py:3033} INFO - Sync 1 DAGs
[2023-12-21T19:29:02.645+0000] {logging_mixin.py:188} INFO - [2023-12-21T19:29:02.645+0000] {dag.py:3820} INFO - Setting next_dagrun for example_sla_dag to 2023-12-21T19:26:00+00:00, run_after=2023-12-21T19:28:00+00:00
[2023-12-21T19:29:02.683+0000] {processor.py:183} INFO - Processing /home/airflow/.local/lib/python3.8/site-packages/airflow/example_dags/example_sla_dag.py took 0.166 seconds
[2023-12-21T19:29:32.881+0000] {processor.py:161} INFO - Started process (PID=1285) to work on /home/airflow/.local/lib/python3.8/site-packages/airflow/example_dags/example_sla_dag.py
[2023-12-21T19:29:32.882+0000] {processor.py:830} INFO - Processing file /home/airflow/.local/lib/python3.8/site-packages/airflow/example_dags/example_sla_dag.py for tasks to queue
[2023-12-21T19:29:32.885+0000] {logging_mixin.py:188} INFO - [2023-12-21T19:29:32.885+0000] {dagbag.py:538} INFO - Filling up the DagBag from /home/airflow/.local/lib/python3.8/site-packages/airflow/example_dags/example_sla_dag.py
[2023-12-21T19:29:32.900+0000] {processor.py:840} INFO - DAG(s) 'example_sla_dag' retrieved from /home/airflow/.local/lib/python3.8/site-packages/airflow/example_dags/example_sla_dag.py
[2023-12-21T19:29:32.940+0000] {logging_mixin.py:188} INFO - [2023-12-21T19:29:32.940+0000] {dag.py:3033} INFO - Sync 1 DAGs
[2023-12-21T19:29:32.991+0000] {logging_mixin.py:188} INFO - [2023-12-21T19:29:32.991+0000] {dag.py:3820} INFO - Setting next_dagrun for example_sla_dag to 2023-12-21T19:26:00+00:00, run_after=2023-12-21T19:28:00+00:00
[2023-12-21T19:29:33.023+0000] {processor.py:183} INFO - Processing /home/airflow/.local/lib/python3.8/site-packages/airflow/example_dags/example_sla_dag.py took 0.150 seconds
[2023-12-21T19:30:03.131+0000] {processor.py:161} INFO - Started process (PID=1340) to work on /home/airflow/.local/lib/python3.8/site-packages/airflow/example_dags/example_sla_dag.py
[2023-12-21T19:30:03.133+0000] {processor.py:830} INFO - Processing file /home/airflow/.local/lib/python3.8/site-packages/airflow/example_dags/example_sla_dag.py for tasks to queue
[2023-12-21T19:30:03.137+0000] {logging_mixin.py:188} INFO - [2023-12-21T19:30:03.136+0000] {dagbag.py:538} INFO - Filling up the DagBag from /home/airflow/.local/lib/python3.8/site-packages/airflow/example_dags/example_sla_dag.py
[2023-12-21T19:30:03.153+0000] {processor.py:840} INFO - DAG(s) 'example_sla_dag' retrieved from /home/airflow/.local/lib/python3.8/site-packages/airflow/example_dags/example_sla_dag.py
[2023-12-21T19:30:03.200+0000] {logging_mixin.py:188} INFO - [2023-12-21T19:30:03.200+0000] {dag.py:3033} INFO - Sync 1 DAGs
[2023-12-21T19:30:03.257+0000] {logging_mixin.py:188} INFO - [2023-12-21T19:30:03.257+0000] {dag.py:3820} INFO - Setting next_dagrun for example_sla_dag to 2023-12-21T19:28:00+00:00, run_after=2023-12-21T19:30:00+00:00
[2023-12-21T19:30:03.291+0000] {processor.py:183} INFO - Processing /home/airflow/.local/lib/python3.8/site-packages/airflow/example_dags/example_sla_dag.py took 0.168 seconds
[2023-12-21T19:30:33.888+0000] {processor.py:161} INFO - Started process (PID=1394) to work on /home/airflow/.local/lib/python3.8/site-packages/airflow/example_dags/example_sla_dag.py
[2023-12-21T19:30:33.889+0000] {processor.py:830} INFO - Processing file /home/airflow/.local/lib/python3.8/site-packages/airflow/example_dags/example_sla_dag.py for tasks to queue
[2023-12-21T19:30:33.892+0000] {logging_mixin.py:188} INFO - [2023-12-21T19:30:33.892+0000] {dagbag.py:538} INFO - Filling up the DagBag from /home/airflow/.local/lib/python3.8/site-packages/airflow/example_dags/example_sla_dag.py
[2023-12-21T19:30:33.910+0000] {processor.py:840} INFO - DAG(s) 'example_sla_dag' retrieved from /home/airflow/.local/lib/python3.8/site-packages/airflow/example_dags/example_sla_dag.py
[2023-12-21T19:30:33.961+0000] {logging_mixin.py:188} INFO - [2023-12-21T19:30:33.961+0000] {dag.py:3033} INFO - Sync 1 DAGs
[2023-12-21T19:30:34.022+0000] {logging_mixin.py:188} INFO - [2023-12-21T19:30:34.022+0000] {dag.py:3820} INFO - Setting next_dagrun for example_sla_dag to 2023-12-21T19:28:00+00:00, run_after=2023-12-21T19:30:00+00:00
[2023-12-21T19:30:34.058+0000] {processor.py:183} INFO - Processing /home/airflow/.local/lib/python3.8/site-packages/airflow/example_dags/example_sla_dag.py took 0.177 seconds
[2023-12-21T19:31:04.149+0000] {processor.py:161} INFO - Started process (PID=1448) to work on /home/airflow/.local/lib/python3.8/site-packages/airflow/example_dags/example_sla_dag.py
[2023-12-21T19:31:04.150+0000] {processor.py:830} INFO - Processing file /home/airflow/.local/lib/python3.8/site-packages/airflow/example_dags/example_sla_dag.py for tasks to queue
[2023-12-21T19:31:04.153+0000] {logging_mixin.py:188} INFO - [2023-12-21T19:31:04.152+0000] {dagbag.py:538} INFO - Filling up the DagBag from /home/airflow/.local/lib/python3.8/site-packages/airflow/example_dags/example_sla_dag.py
[2023-12-21T19:31:04.162+0000] {processor.py:840} INFO - DAG(s) 'example_sla_dag' retrieved from /home/airflow/.local/lib/python3.8/site-packages/airflow/example_dags/example_sla_dag.py
[2023-12-21T19:31:04.187+0000] {logging_mixin.py:188} INFO - [2023-12-21T19:31:04.187+0000] {dag.py:3033} INFO - Sync 1 DAGs
[2023-12-21T19:31:04.214+0000] {logging_mixin.py:188} INFO - [2023-12-21T19:31:04.214+0000] {dag.py:3820} INFO - Setting next_dagrun for example_sla_dag to 2023-12-21T19:28:00+00:00, run_after=2023-12-21T19:30:00+00:00
[2023-12-21T19:31:04.244+0000] {processor.py:183} INFO - Processing /home/airflow/.local/lib/python3.8/site-packages/airflow/example_dags/example_sla_dag.py took 0.098 seconds
[2023-12-21T19:34:33.140+0000] {processor.py:161} INFO - Started process (PID=72) to work on /home/airflow/.local/lib/python3.8/site-packages/airflow/example_dags/example_sla_dag.py
[2023-12-21T19:34:33.150+0000] {processor.py:830} INFO - Processing file /home/airflow/.local/lib/python3.8/site-packages/airflow/example_dags/example_sla_dag.py for tasks to queue
[2023-12-21T19:34:33.153+0000] {logging_mixin.py:188} INFO - [2023-12-21T19:34:33.153+0000] {dagbag.py:538} INFO - Filling up the DagBag from /home/airflow/.local/lib/python3.8/site-packages/airflow/example_dags/example_sla_dag.py
[2023-12-21T19:34:33.182+0000] {processor.py:840} INFO - DAG(s) 'example_sla_dag' retrieved from /home/airflow/.local/lib/python3.8/site-packages/airflow/example_dags/example_sla_dag.py
[2023-12-21T19:34:33.383+0000] {logging_mixin.py:188} INFO - [2023-12-21T19:34:33.383+0000] {dag.py:3033} INFO - Sync 1 DAGs
[2023-12-21T19:34:33.424+0000] {logging_mixin.py:188} INFO - [2023-12-21T19:34:33.424+0000] {dag.py:3820} INFO - Setting next_dagrun for example_sla_dag to 2023-12-21T19:32:00+00:00, run_after=2023-12-21T19:34:00+00:00
[2023-12-21T19:34:33.464+0000] {processor.py:183} INFO - Processing /home/airflow/.local/lib/python3.8/site-packages/airflow/example_dags/example_sla_dag.py took 0.350 seconds
