[2023-12-21T19:12:03.646+0000] {processor.py:161} INFO - Started process (PID=69) to work on /home/airflow/.local/lib/python3.8/site-packages/airflow/example_dags/example_branch_operator_decorator.py
[2023-12-21T19:12:03.654+0000] {processor.py:830} INFO - Processing file /home/airflow/.local/lib/python3.8/site-packages/airflow/example_dags/example_branch_operator_decorator.py for tasks to queue
[2023-12-21T19:12:03.658+0000] {logging_mixin.py:188} INFO - [2023-12-21T19:12:03.658+0000] {dagbag.py:538} INFO - Filling up the DagBag from /home/airflow/.local/lib/python3.8/site-packages/airflow/example_dags/example_branch_operator_decorator.py
[2023-12-21T19:12:03.689+0000] {processor.py:840} INFO - DAG(s) 'example_branch_python_operator_decorator' retrieved from /home/airflow/.local/lib/python3.8/site-packages/airflow/example_dags/example_branch_operator_decorator.py
[2023-12-21T19:12:03.916+0000] {logging_mixin.py:188} INFO - [2023-12-21T19:12:03.916+0000] {dag.py:3033} INFO - Sync 1 DAGs
[2023-12-21T19:12:03.956+0000] {logging_mixin.py:188} INFO - [2023-12-21T19:12:03.956+0000] {dag.py:3820} INFO - Setting next_dagrun for example_branch_python_operator_decorator to 2023-12-20T00:00:00+00:00, run_after=2023-12-21T00:00:00+00:00
[2023-12-21T19:12:03.995+0000] {processor.py:183} INFO - Processing /home/airflow/.local/lib/python3.8/site-packages/airflow/example_dags/example_branch_operator_decorator.py took 0.355 seconds
[2023-12-21T19:12:34.715+0000] {processor.py:161} INFO - Started process (PID=123) to work on /home/airflow/.local/lib/python3.8/site-packages/airflow/example_dags/example_branch_operator_decorator.py
[2023-12-21T19:12:34.716+0000] {processor.py:830} INFO - Processing file /home/airflow/.local/lib/python3.8/site-packages/airflow/example_dags/example_branch_operator_decorator.py for tasks to queue
[2023-12-21T19:12:34.718+0000] {logging_mixin.py:188} INFO - [2023-12-21T19:12:34.718+0000] {dagbag.py:538} INFO - Filling up the DagBag from /home/airflow/.local/lib/python3.8/site-packages/airflow/example_dags/example_branch_operator_decorator.py
[2023-12-21T19:12:34.751+0000] {processor.py:840} INFO - DAG(s) 'example_branch_python_operator_decorator' retrieved from /home/airflow/.local/lib/python3.8/site-packages/airflow/example_dags/example_branch_operator_decorator.py
[2023-12-21T19:12:34.795+0000] {logging_mixin.py:188} INFO - [2023-12-21T19:12:34.795+0000] {dag.py:3033} INFO - Sync 1 DAGs
[2023-12-21T19:12:34.825+0000] {logging_mixin.py:188} INFO - [2023-12-21T19:12:34.825+0000] {dag.py:3820} INFO - Setting next_dagrun for example_branch_python_operator_decorator to 2023-12-20T00:00:00+00:00, run_after=2023-12-21T00:00:00+00:00
[2023-12-21T19:12:34.864+0000] {processor.py:183} INFO - Processing /home/airflow/.local/lib/python3.8/site-packages/airflow/example_dags/example_branch_operator_decorator.py took 0.154 seconds
[2023-12-21T19:13:05.412+0000] {processor.py:161} INFO - Started process (PID=178) to work on /home/airflow/.local/lib/python3.8/site-packages/airflow/example_dags/example_branch_operator_decorator.py
[2023-12-21T19:13:05.414+0000] {processor.py:830} INFO - Processing file /home/airflow/.local/lib/python3.8/site-packages/airflow/example_dags/example_branch_operator_decorator.py for tasks to queue
[2023-12-21T19:13:05.416+0000] {logging_mixin.py:188} INFO - [2023-12-21T19:13:05.416+0000] {dagbag.py:538} INFO - Filling up the DagBag from /home/airflow/.local/lib/python3.8/site-packages/airflow/example_dags/example_branch_operator_decorator.py
[2023-12-21T19:13:05.441+0000] {processor.py:840} INFO - DAG(s) 'example_branch_python_operator_decorator' retrieved from /home/airflow/.local/lib/python3.8/site-packages/airflow/example_dags/example_branch_operator_decorator.py
[2023-12-21T19:13:05.487+0000] {logging_mixin.py:188} INFO - [2023-12-21T19:13:05.487+0000] {dag.py:3033} INFO - Sync 1 DAGs
[2023-12-21T19:13:05.555+0000] {logging_mixin.py:188} INFO - [2023-12-21T19:13:05.555+0000] {dag.py:3820} INFO - Setting next_dagrun for example_branch_python_operator_decorator to 2023-12-20T00:00:00+00:00, run_after=2023-12-21T00:00:00+00:00
[2023-12-21T19:13:05.597+0000] {processor.py:183} INFO - Processing /home/airflow/.local/lib/python3.8/site-packages/airflow/example_dags/example_branch_operator_decorator.py took 0.189 seconds
[2023-12-21T19:13:35.900+0000] {processor.py:161} INFO - Started process (PID=233) to work on /home/airflow/.local/lib/python3.8/site-packages/airflow/example_dags/example_branch_operator_decorator.py
[2023-12-21T19:13:35.901+0000] {processor.py:830} INFO - Processing file /home/airflow/.local/lib/python3.8/site-packages/airflow/example_dags/example_branch_operator_decorator.py for tasks to queue
[2023-12-21T19:13:35.904+0000] {logging_mixin.py:188} INFO - [2023-12-21T19:13:35.903+0000] {dagbag.py:538} INFO - Filling up the DagBag from /home/airflow/.local/lib/python3.8/site-packages/airflow/example_dags/example_branch_operator_decorator.py
[2023-12-21T19:13:35.945+0000] {processor.py:840} INFO - DAG(s) 'example_branch_python_operator_decorator' retrieved from /home/airflow/.local/lib/python3.8/site-packages/airflow/example_dags/example_branch_operator_decorator.py
[2023-12-21T19:13:36.002+0000] {logging_mixin.py:188} INFO - [2023-12-21T19:13:36.002+0000] {dag.py:3033} INFO - Sync 1 DAGs
[2023-12-21T19:13:36.047+0000] {logging_mixin.py:188} INFO - [2023-12-21T19:13:36.046+0000] {dag.py:3820} INFO - Setting next_dagrun for example_branch_python_operator_decorator to 2023-12-20T00:00:00+00:00, run_after=2023-12-21T00:00:00+00:00
[2023-12-21T19:13:36.080+0000] {processor.py:183} INFO - Processing /home/airflow/.local/lib/python3.8/site-packages/airflow/example_dags/example_branch_operator_decorator.py took 0.184 seconds
[2023-12-21T19:14:06.153+0000] {processor.py:161} INFO - Started process (PID=288) to work on /home/airflow/.local/lib/python3.8/site-packages/airflow/example_dags/example_branch_operator_decorator.py
[2023-12-21T19:14:06.154+0000] {processor.py:830} INFO - Processing file /home/airflow/.local/lib/python3.8/site-packages/airflow/example_dags/example_branch_operator_decorator.py for tasks to queue
[2023-12-21T19:14:06.177+0000] {logging_mixin.py:188} INFO - [2023-12-21T19:14:06.177+0000] {dagbag.py:538} INFO - Filling up the DagBag from /home/airflow/.local/lib/python3.8/site-packages/airflow/example_dags/example_branch_operator_decorator.py
[2023-12-21T19:14:06.270+0000] {processor.py:840} INFO - DAG(s) 'example_branch_python_operator_decorator' retrieved from /home/airflow/.local/lib/python3.8/site-packages/airflow/example_dags/example_branch_operator_decorator.py
[2023-12-21T19:14:06.353+0000] {logging_mixin.py:188} INFO - [2023-12-21T19:14:06.353+0000] {dag.py:3033} INFO - Sync 1 DAGs
[2023-12-21T19:14:06.413+0000] {logging_mixin.py:188} INFO - [2023-12-21T19:14:06.412+0000] {dag.py:3820} INFO - Setting next_dagrun for example_branch_python_operator_decorator to 2023-12-20T00:00:00+00:00, run_after=2023-12-21T00:00:00+00:00
[2023-12-21T19:14:06.460+0000] {processor.py:183} INFO - Processing /home/airflow/.local/lib/python3.8/site-packages/airflow/example_dags/example_branch_operator_decorator.py took 0.312 seconds
[2023-12-21T19:18:17.687+0000] {processor.py:161} INFO - Started process (PID=69) to work on /home/airflow/.local/lib/python3.8/site-packages/airflow/example_dags/example_branch_operator_decorator.py
[2023-12-21T19:18:17.689+0000] {processor.py:830} INFO - Processing file /home/airflow/.local/lib/python3.8/site-packages/airflow/example_dags/example_branch_operator_decorator.py for tasks to queue
[2023-12-21T19:18:17.699+0000] {logging_mixin.py:188} INFO - [2023-12-21T19:18:17.699+0000] {dagbag.py:538} INFO - Filling up the DagBag from /home/airflow/.local/lib/python3.8/site-packages/airflow/example_dags/example_branch_operator_decorator.py
[2023-12-21T19:18:17.754+0000] {processor.py:840} INFO - DAG(s) 'example_branch_python_operator_decorator' retrieved from /home/airflow/.local/lib/python3.8/site-packages/airflow/example_dags/example_branch_operator_decorator.py
[2023-12-21T19:18:18.090+0000] {logging_mixin.py:188} INFO - [2023-12-21T19:18:18.090+0000] {dag.py:3033} INFO - Sync 1 DAGs
[2023-12-21T19:18:18.178+0000] {logging_mixin.py:188} INFO - [2023-12-21T19:18:18.177+0000] {dag.py:3820} INFO - Setting next_dagrun for example_branch_python_operator_decorator to 2023-12-20T00:00:00+00:00, run_after=2023-12-21T00:00:00+00:00
[2023-12-21T19:18:18.312+0000] {processor.py:183} INFO - Processing /home/airflow/.local/lib/python3.8/site-packages/airflow/example_dags/example_branch_operator_decorator.py took 0.638 seconds
[2023-12-21T19:18:48.443+0000] {processor.py:161} INFO - Started process (PID=124) to work on /home/airflow/.local/lib/python3.8/site-packages/airflow/example_dags/example_branch_operator_decorator.py
[2023-12-21T19:18:48.444+0000] {processor.py:830} INFO - Processing file /home/airflow/.local/lib/python3.8/site-packages/airflow/example_dags/example_branch_operator_decorator.py for tasks to queue
[2023-12-21T19:18:48.446+0000] {logging_mixin.py:188} INFO - [2023-12-21T19:18:48.446+0000] {dagbag.py:538} INFO - Filling up the DagBag from /home/airflow/.local/lib/python3.8/site-packages/airflow/example_dags/example_branch_operator_decorator.py
[2023-12-21T19:18:48.477+0000] {processor.py:840} INFO - DAG(s) 'example_branch_python_operator_decorator' retrieved from /home/airflow/.local/lib/python3.8/site-packages/airflow/example_dags/example_branch_operator_decorator.py
[2023-12-21T19:18:48.529+0000] {logging_mixin.py:188} INFO - [2023-12-21T19:18:48.529+0000] {dag.py:3033} INFO - Sync 1 DAGs
[2023-12-21T19:18:48.582+0000] {logging_mixin.py:188} INFO - [2023-12-21T19:18:48.582+0000] {dag.py:3820} INFO - Setting next_dagrun for example_branch_python_operator_decorator to 2023-12-20T00:00:00+00:00, run_after=2023-12-21T00:00:00+00:00
[2023-12-21T19:18:48.613+0000] {processor.py:183} INFO - Processing /home/airflow/.local/lib/python3.8/site-packages/airflow/example_dags/example_branch_operator_decorator.py took 0.178 seconds
[2023-12-21T19:19:19.214+0000] {processor.py:161} INFO - Started process (PID=180) to work on /home/airflow/.local/lib/python3.8/site-packages/airflow/example_dags/example_branch_operator_decorator.py
[2023-12-21T19:19:19.216+0000] {processor.py:830} INFO - Processing file /home/airflow/.local/lib/python3.8/site-packages/airflow/example_dags/example_branch_operator_decorator.py for tasks to queue
[2023-12-21T19:19:19.220+0000] {logging_mixin.py:188} INFO - [2023-12-21T19:19:19.219+0000] {dagbag.py:538} INFO - Filling up the DagBag from /home/airflow/.local/lib/python3.8/site-packages/airflow/example_dags/example_branch_operator_decorator.py
[2023-12-21T19:19:19.256+0000] {processor.py:840} INFO - DAG(s) 'example_branch_python_operator_decorator' retrieved from /home/airflow/.local/lib/python3.8/site-packages/airflow/example_dags/example_branch_operator_decorator.py
[2023-12-21T19:19:19.311+0000] {logging_mixin.py:188} INFO - [2023-12-21T19:19:19.311+0000] {dag.py:3033} INFO - Sync 1 DAGs
[2023-12-21T19:19:19.351+0000] {logging_mixin.py:188} INFO - [2023-12-21T19:19:19.350+0000] {dag.py:3820} INFO - Setting next_dagrun for example_branch_python_operator_decorator to 2023-12-20T00:00:00+00:00, run_after=2023-12-21T00:00:00+00:00
[2023-12-21T19:19:19.372+0000] {processor.py:183} INFO - Processing /home/airflow/.local/lib/python3.8/site-packages/airflow/example_dags/example_branch_operator_decorator.py took 0.163 seconds
[2023-12-21T19:19:49.608+0000] {processor.py:161} INFO - Started process (PID=235) to work on /home/airflow/.local/lib/python3.8/site-packages/airflow/example_dags/example_branch_operator_decorator.py
[2023-12-21T19:19:49.609+0000] {processor.py:830} INFO - Processing file /home/airflow/.local/lib/python3.8/site-packages/airflow/example_dags/example_branch_operator_decorator.py for tasks to queue
[2023-12-21T19:19:49.611+0000] {logging_mixin.py:188} INFO - [2023-12-21T19:19:49.611+0000] {dagbag.py:538} INFO - Filling up the DagBag from /home/airflow/.local/lib/python3.8/site-packages/airflow/example_dags/example_branch_operator_decorator.py
[2023-12-21T19:19:49.633+0000] {processor.py:840} INFO - DAG(s) 'example_branch_python_operator_decorator' retrieved from /home/airflow/.local/lib/python3.8/site-packages/airflow/example_dags/example_branch_operator_decorator.py
[2023-12-21T19:19:49.673+0000] {logging_mixin.py:188} INFO - [2023-12-21T19:19:49.673+0000] {dag.py:3033} INFO - Sync 1 DAGs
[2023-12-21T19:19:49.705+0000] {logging_mixin.py:188} INFO - [2023-12-21T19:19:49.705+0000] {dag.py:3820} INFO - Setting next_dagrun for example_branch_python_operator_decorator to 2023-12-20T00:00:00+00:00, run_after=2023-12-21T00:00:00+00:00
[2023-12-21T19:19:49.724+0000] {processor.py:183} INFO - Processing /home/airflow/.local/lib/python3.8/site-packages/airflow/example_dags/example_branch_operator_decorator.py took 0.121 seconds
[2023-12-21T19:20:20.212+0000] {processor.py:161} INFO - Started process (PID=290) to work on /home/airflow/.local/lib/python3.8/site-packages/airflow/example_dags/example_branch_operator_decorator.py
[2023-12-21T19:20:20.213+0000] {processor.py:830} INFO - Processing file /home/airflow/.local/lib/python3.8/site-packages/airflow/example_dags/example_branch_operator_decorator.py for tasks to queue
[2023-12-21T19:20:20.215+0000] {logging_mixin.py:188} INFO - [2023-12-21T19:20:20.215+0000] {dagbag.py:538} INFO - Filling up the DagBag from /home/airflow/.local/lib/python3.8/site-packages/airflow/example_dags/example_branch_operator_decorator.py
[2023-12-21T19:20:20.241+0000] {processor.py:840} INFO - DAG(s) 'example_branch_python_operator_decorator' retrieved from /home/airflow/.local/lib/python3.8/site-packages/airflow/example_dags/example_branch_operator_decorator.py
[2023-12-21T19:20:20.297+0000] {logging_mixin.py:188} INFO - [2023-12-21T19:20:20.297+0000] {dag.py:3033} INFO - Sync 1 DAGs
[2023-12-21T19:20:20.331+0000] {logging_mixin.py:188} INFO - [2023-12-21T19:20:20.331+0000] {dag.py:3820} INFO - Setting next_dagrun for example_branch_python_operator_decorator to 2023-12-20T00:00:00+00:00, run_after=2023-12-21T00:00:00+00:00
[2023-12-21T19:20:20.368+0000] {processor.py:183} INFO - Processing /home/airflow/.local/lib/python3.8/site-packages/airflow/example_dags/example_branch_operator_decorator.py took 0.160 seconds
[2023-12-21T19:20:50.790+0000] {processor.py:161} INFO - Started process (PID=351) to work on /home/airflow/.local/lib/python3.8/site-packages/airflow/example_dags/example_branch_operator_decorator.py
[2023-12-21T19:20:50.791+0000] {processor.py:830} INFO - Processing file /home/airflow/.local/lib/python3.8/site-packages/airflow/example_dags/example_branch_operator_decorator.py for tasks to queue
[2023-12-21T19:20:50.795+0000] {logging_mixin.py:188} INFO - [2023-12-21T19:20:50.795+0000] {dagbag.py:538} INFO - Filling up the DagBag from /home/airflow/.local/lib/python3.8/site-packages/airflow/example_dags/example_branch_operator_decorator.py
[2023-12-21T19:20:50.843+0000] {processor.py:840} INFO - DAG(s) 'example_branch_python_operator_decorator' retrieved from /home/airflow/.local/lib/python3.8/site-packages/airflow/example_dags/example_branch_operator_decorator.py
[2023-12-21T19:20:50.916+0000] {logging_mixin.py:188} INFO - [2023-12-21T19:20:50.916+0000] {dag.py:3033} INFO - Sync 1 DAGs
[2023-12-21T19:20:51.018+0000] {logging_mixin.py:188} INFO - [2023-12-21T19:20:51.009+0000] {dag.py:3820} INFO - Setting next_dagrun for example_branch_python_operator_decorator to 2023-12-20T00:00:00+00:00, run_after=2023-12-21T00:00:00+00:00
[2023-12-21T19:20:51.097+0000] {processor.py:183} INFO - Processing /home/airflow/.local/lib/python3.8/site-packages/airflow/example_dags/example_branch_operator_decorator.py took 0.312 seconds
[2023-12-21T19:21:21.469+0000] {processor.py:161} INFO - Started process (PID=406) to work on /home/airflow/.local/lib/python3.8/site-packages/airflow/example_dags/example_branch_operator_decorator.py
[2023-12-21T19:21:21.471+0000] {processor.py:830} INFO - Processing file /home/airflow/.local/lib/python3.8/site-packages/airflow/example_dags/example_branch_operator_decorator.py for tasks to queue
[2023-12-21T19:21:21.478+0000] {logging_mixin.py:188} INFO - [2023-12-21T19:21:21.478+0000] {dagbag.py:538} INFO - Filling up the DagBag from /home/airflow/.local/lib/python3.8/site-packages/airflow/example_dags/example_branch_operator_decorator.py
[2023-12-21T19:21:21.527+0000] {processor.py:840} INFO - DAG(s) 'example_branch_python_operator_decorator' retrieved from /home/airflow/.local/lib/python3.8/site-packages/airflow/example_dags/example_branch_operator_decorator.py
[2023-12-21T19:21:21.584+0000] {logging_mixin.py:188} INFO - [2023-12-21T19:21:21.584+0000] {dag.py:3033} INFO - Sync 1 DAGs
[2023-12-21T19:21:21.635+0000] {logging_mixin.py:188} INFO - [2023-12-21T19:21:21.635+0000] {dag.py:3820} INFO - Setting next_dagrun for example_branch_python_operator_decorator to 2023-12-20T00:00:00+00:00, run_after=2023-12-21T00:00:00+00:00
[2023-12-21T19:21:21.677+0000] {processor.py:183} INFO - Processing /home/airflow/.local/lib/python3.8/site-packages/airflow/example_dags/example_branch_operator_decorator.py took 0.232 seconds
[2023-12-21T19:21:52.199+0000] {processor.py:161} INFO - Started process (PID=461) to work on /home/airflow/.local/lib/python3.8/site-packages/airflow/example_dags/example_branch_operator_decorator.py
[2023-12-21T19:21:52.200+0000] {processor.py:830} INFO - Processing file /home/airflow/.local/lib/python3.8/site-packages/airflow/example_dags/example_branch_operator_decorator.py for tasks to queue
[2023-12-21T19:21:52.204+0000] {logging_mixin.py:188} INFO - [2023-12-21T19:21:52.204+0000] {dagbag.py:538} INFO - Filling up the DagBag from /home/airflow/.local/lib/python3.8/site-packages/airflow/example_dags/example_branch_operator_decorator.py
[2023-12-21T19:21:52.242+0000] {processor.py:840} INFO - DAG(s) 'example_branch_python_operator_decorator' retrieved from /home/airflow/.local/lib/python3.8/site-packages/airflow/example_dags/example_branch_operator_decorator.py
[2023-12-21T19:21:52.296+0000] {logging_mixin.py:188} INFO - [2023-12-21T19:21:52.295+0000] {dag.py:3033} INFO - Sync 1 DAGs
[2023-12-21T19:21:52.342+0000] {logging_mixin.py:188} INFO - [2023-12-21T19:21:52.342+0000] {dag.py:3820} INFO - Setting next_dagrun for example_branch_python_operator_decorator to 2023-12-20T00:00:00+00:00, run_after=2023-12-21T00:00:00+00:00
[2023-12-21T19:21:52.375+0000] {processor.py:183} INFO - Processing /home/airflow/.local/lib/python3.8/site-packages/airflow/example_dags/example_branch_operator_decorator.py took 0.183 seconds
[2023-12-21T19:22:22.737+0000] {processor.py:161} INFO - Started process (PID=516) to work on /home/airflow/.local/lib/python3.8/site-packages/airflow/example_dags/example_branch_operator_decorator.py
[2023-12-21T19:22:22.739+0000] {processor.py:830} INFO - Processing file /home/airflow/.local/lib/python3.8/site-packages/airflow/example_dags/example_branch_operator_decorator.py for tasks to queue
[2023-12-21T19:22:22.743+0000] {logging_mixin.py:188} INFO - [2023-12-21T19:22:22.743+0000] {dagbag.py:538} INFO - Filling up the DagBag from /home/airflow/.local/lib/python3.8/site-packages/airflow/example_dags/example_branch_operator_decorator.py
[2023-12-21T19:22:22.785+0000] {processor.py:840} INFO - DAG(s) 'example_branch_python_operator_decorator' retrieved from /home/airflow/.local/lib/python3.8/site-packages/airflow/example_dags/example_branch_operator_decorator.py
[2023-12-21T19:22:22.837+0000] {logging_mixin.py:188} INFO - [2023-12-21T19:22:22.836+0000] {dag.py:3033} INFO - Sync 1 DAGs
[2023-12-21T19:22:22.879+0000] {logging_mixin.py:188} INFO - [2023-12-21T19:22:22.879+0000] {dag.py:3820} INFO - Setting next_dagrun for example_branch_python_operator_decorator to 2023-12-20T00:00:00+00:00, run_after=2023-12-21T00:00:00+00:00
[2023-12-21T19:22:22.921+0000] {processor.py:183} INFO - Processing /home/airflow/.local/lib/python3.8/site-packages/airflow/example_dags/example_branch_operator_decorator.py took 0.191 seconds
[2023-12-21T19:22:53.392+0000] {processor.py:161} INFO - Started process (PID=571) to work on /home/airflow/.local/lib/python3.8/site-packages/airflow/example_dags/example_branch_operator_decorator.py
[2023-12-21T19:22:53.393+0000] {processor.py:830} INFO - Processing file /home/airflow/.local/lib/python3.8/site-packages/airflow/example_dags/example_branch_operator_decorator.py for tasks to queue
[2023-12-21T19:22:53.396+0000] {logging_mixin.py:188} INFO - [2023-12-21T19:22:53.395+0000] {dagbag.py:538} INFO - Filling up the DagBag from /home/airflow/.local/lib/python3.8/site-packages/airflow/example_dags/example_branch_operator_decorator.py
[2023-12-21T19:22:53.431+0000] {processor.py:840} INFO - DAG(s) 'example_branch_python_operator_decorator' retrieved from /home/airflow/.local/lib/python3.8/site-packages/airflow/example_dags/example_branch_operator_decorator.py
[2023-12-21T19:22:53.482+0000] {logging_mixin.py:188} INFO - [2023-12-21T19:22:53.482+0000] {dag.py:3033} INFO - Sync 1 DAGs
[2023-12-21T19:22:53.525+0000] {logging_mixin.py:188} INFO - [2023-12-21T19:22:53.524+0000] {dag.py:3820} INFO - Setting next_dagrun for example_branch_python_operator_decorator to 2023-12-20T00:00:00+00:00, run_after=2023-12-21T00:00:00+00:00
[2023-12-21T19:22:53.561+0000] {processor.py:183} INFO - Processing /home/airflow/.local/lib/python3.8/site-packages/airflow/example_dags/example_branch_operator_decorator.py took 0.177 seconds
[2023-12-21T19:23:24.225+0000] {processor.py:161} INFO - Started process (PID=625) to work on /home/airflow/.local/lib/python3.8/site-packages/airflow/example_dags/example_branch_operator_decorator.py
[2023-12-21T19:23:24.228+0000] {processor.py:830} INFO - Processing file /home/airflow/.local/lib/python3.8/site-packages/airflow/example_dags/example_branch_operator_decorator.py for tasks to queue
[2023-12-21T19:23:24.233+0000] {logging_mixin.py:188} INFO - [2023-12-21T19:23:24.232+0000] {dagbag.py:538} INFO - Filling up the DagBag from /home/airflow/.local/lib/python3.8/site-packages/airflow/example_dags/example_branch_operator_decorator.py
[2023-12-21T19:23:24.276+0000] {processor.py:840} INFO - DAG(s) 'example_branch_python_operator_decorator' retrieved from /home/airflow/.local/lib/python3.8/site-packages/airflow/example_dags/example_branch_operator_decorator.py
[2023-12-21T19:23:24.330+0000] {logging_mixin.py:188} INFO - [2023-12-21T19:23:24.329+0000] {dag.py:3033} INFO - Sync 1 DAGs
[2023-12-21T19:23:24.375+0000] {logging_mixin.py:188} INFO - [2023-12-21T19:23:24.375+0000] {dag.py:3820} INFO - Setting next_dagrun for example_branch_python_operator_decorator to 2023-12-20T00:00:00+00:00, run_after=2023-12-21T00:00:00+00:00
[2023-12-21T19:23:24.421+0000] {processor.py:183} INFO - Processing /home/airflow/.local/lib/python3.8/site-packages/airflow/example_dags/example_branch_operator_decorator.py took 0.205 seconds
[2023-12-21T19:23:55.296+0000] {processor.py:161} INFO - Started process (PID=679) to work on /home/airflow/.local/lib/python3.8/site-packages/airflow/example_dags/example_branch_operator_decorator.py
[2023-12-21T19:23:55.298+0000] {processor.py:830} INFO - Processing file /home/airflow/.local/lib/python3.8/site-packages/airflow/example_dags/example_branch_operator_decorator.py for tasks to queue
[2023-12-21T19:23:55.304+0000] {logging_mixin.py:188} INFO - [2023-12-21T19:23:55.304+0000] {dagbag.py:538} INFO - Filling up the DagBag from /home/airflow/.local/lib/python3.8/site-packages/airflow/example_dags/example_branch_operator_decorator.py
[2023-12-21T19:23:55.355+0000] {processor.py:840} INFO - DAG(s) 'example_branch_python_operator_decorator' retrieved from /home/airflow/.local/lib/python3.8/site-packages/airflow/example_dags/example_branch_operator_decorator.py
[2023-12-21T19:23:55.454+0000] {logging_mixin.py:188} INFO - [2023-12-21T19:23:55.454+0000] {dag.py:3033} INFO - Sync 1 DAGs
[2023-12-21T19:23:55.506+0000] {logging_mixin.py:188} INFO - [2023-12-21T19:23:55.506+0000] {dag.py:3820} INFO - Setting next_dagrun for example_branch_python_operator_decorator to 2023-12-20T00:00:00+00:00, run_after=2023-12-21T00:00:00+00:00
[2023-12-21T19:23:55.546+0000] {processor.py:183} INFO - Processing /home/airflow/.local/lib/python3.8/site-packages/airflow/example_dags/example_branch_operator_decorator.py took 0.257 seconds
[2023-12-21T19:24:26.242+0000] {processor.py:161} INFO - Started process (PID=734) to work on /home/airflow/.local/lib/python3.8/site-packages/airflow/example_dags/example_branch_operator_decorator.py
[2023-12-21T19:24:26.243+0000] {processor.py:830} INFO - Processing file /home/airflow/.local/lib/python3.8/site-packages/airflow/example_dags/example_branch_operator_decorator.py for tasks to queue
[2023-12-21T19:24:26.247+0000] {logging_mixin.py:188} INFO - [2023-12-21T19:24:26.247+0000] {dagbag.py:538} INFO - Filling up the DagBag from /home/airflow/.local/lib/python3.8/site-packages/airflow/example_dags/example_branch_operator_decorator.py
[2023-12-21T19:24:26.286+0000] {processor.py:840} INFO - DAG(s) 'example_branch_python_operator_decorator' retrieved from /home/airflow/.local/lib/python3.8/site-packages/airflow/example_dags/example_branch_operator_decorator.py
[2023-12-21T19:24:26.344+0000] {logging_mixin.py:188} INFO - [2023-12-21T19:24:26.344+0000] {dag.py:3033} INFO - Sync 1 DAGs
[2023-12-21T19:24:26.397+0000] {logging_mixin.py:188} INFO - [2023-12-21T19:24:26.397+0000] {dag.py:3820} INFO - Setting next_dagrun for example_branch_python_operator_decorator to 2023-12-20T00:00:00+00:00, run_after=2023-12-21T00:00:00+00:00
[2023-12-21T19:24:26.432+0000] {processor.py:183} INFO - Processing /home/airflow/.local/lib/python3.8/site-packages/airflow/example_dags/example_branch_operator_decorator.py took 0.198 seconds
[2023-12-21T19:24:56.778+0000] {processor.py:161} INFO - Started process (PID=789) to work on /home/airflow/.local/lib/python3.8/site-packages/airflow/example_dags/example_branch_operator_decorator.py
[2023-12-21T19:24:56.779+0000] {processor.py:830} INFO - Processing file /home/airflow/.local/lib/python3.8/site-packages/airflow/example_dags/example_branch_operator_decorator.py for tasks to queue
[2023-12-21T19:24:56.783+0000] {logging_mixin.py:188} INFO - [2023-12-21T19:24:56.782+0000] {dagbag.py:538} INFO - Filling up the DagBag from /home/airflow/.local/lib/python3.8/site-packages/airflow/example_dags/example_branch_operator_decorator.py
[2023-12-21T19:24:56.846+0000] {processor.py:840} INFO - DAG(s) 'example_branch_python_operator_decorator' retrieved from /home/airflow/.local/lib/python3.8/site-packages/airflow/example_dags/example_branch_operator_decorator.py
[2023-12-21T19:24:56.959+0000] {logging_mixin.py:188} INFO - [2023-12-21T19:24:56.958+0000] {dag.py:3033} INFO - Sync 1 DAGs
[2023-12-21T19:24:57.028+0000] {logging_mixin.py:188} INFO - [2023-12-21T19:24:57.028+0000] {dag.py:3820} INFO - Setting next_dagrun for example_branch_python_operator_decorator to 2023-12-20T00:00:00+00:00, run_after=2023-12-21T00:00:00+00:00
[2023-12-21T19:24:57.063+0000] {processor.py:183} INFO - Processing /home/airflow/.local/lib/python3.8/site-packages/airflow/example_dags/example_branch_operator_decorator.py took 0.303 seconds
[2023-12-21T19:25:27.263+0000] {processor.py:161} INFO - Started process (PID=844) to work on /home/airflow/.local/lib/python3.8/site-packages/airflow/example_dags/example_branch_operator_decorator.py
[2023-12-21T19:25:27.265+0000] {processor.py:830} INFO - Processing file /home/airflow/.local/lib/python3.8/site-packages/airflow/example_dags/example_branch_operator_decorator.py for tasks to queue
[2023-12-21T19:25:27.268+0000] {logging_mixin.py:188} INFO - [2023-12-21T19:25:27.268+0000] {dagbag.py:538} INFO - Filling up the DagBag from /home/airflow/.local/lib/python3.8/site-packages/airflow/example_dags/example_branch_operator_decorator.py
[2023-12-21T19:25:27.326+0000] {processor.py:840} INFO - DAG(s) 'example_branch_python_operator_decorator' retrieved from /home/airflow/.local/lib/python3.8/site-packages/airflow/example_dags/example_branch_operator_decorator.py
[2023-12-21T19:25:27.397+0000] {logging_mixin.py:188} INFO - [2023-12-21T19:25:27.397+0000] {dag.py:3033} INFO - Sync 1 DAGs
[2023-12-21T19:25:27.478+0000] {logging_mixin.py:188} INFO - [2023-12-21T19:25:27.478+0000] {dag.py:3820} INFO - Setting next_dagrun for example_branch_python_operator_decorator to 2023-12-20T00:00:00+00:00, run_after=2023-12-21T00:00:00+00:00
[2023-12-21T19:25:27.545+0000] {processor.py:183} INFO - Processing /home/airflow/.local/lib/python3.8/site-packages/airflow/example_dags/example_branch_operator_decorator.py took 0.290 seconds
[2023-12-21T19:25:57.893+0000] {processor.py:161} INFO - Started process (PID=898) to work on /home/airflow/.local/lib/python3.8/site-packages/airflow/example_dags/example_branch_operator_decorator.py
[2023-12-21T19:25:57.895+0000] {processor.py:830} INFO - Processing file /home/airflow/.local/lib/python3.8/site-packages/airflow/example_dags/example_branch_operator_decorator.py for tasks to queue
[2023-12-21T19:25:57.899+0000] {logging_mixin.py:188} INFO - [2023-12-21T19:25:57.898+0000] {dagbag.py:538} INFO - Filling up the DagBag from /home/airflow/.local/lib/python3.8/site-packages/airflow/example_dags/example_branch_operator_decorator.py
[2023-12-21T19:25:57.953+0000] {processor.py:840} INFO - DAG(s) 'example_branch_python_operator_decorator' retrieved from /home/airflow/.local/lib/python3.8/site-packages/airflow/example_dags/example_branch_operator_decorator.py
[2023-12-21T19:25:58.020+0000] {logging_mixin.py:188} INFO - [2023-12-21T19:25:58.020+0000] {dag.py:3033} INFO - Sync 1 DAGs
[2023-12-21T19:25:58.083+0000] {logging_mixin.py:188} INFO - [2023-12-21T19:25:58.083+0000] {dag.py:3820} INFO - Setting next_dagrun for example_branch_python_operator_decorator to 2023-12-20T00:00:00+00:00, run_after=2023-12-21T00:00:00+00:00
[2023-12-21T19:25:58.147+0000] {processor.py:183} INFO - Processing /home/airflow/.local/lib/python3.8/site-packages/airflow/example_dags/example_branch_operator_decorator.py took 0.261 seconds
[2023-12-21T19:26:28.506+0000] {processor.py:161} INFO - Started process (PID=953) to work on /home/airflow/.local/lib/python3.8/site-packages/airflow/example_dags/example_branch_operator_decorator.py
[2023-12-21T19:26:28.508+0000] {processor.py:830} INFO - Processing file /home/airflow/.local/lib/python3.8/site-packages/airflow/example_dags/example_branch_operator_decorator.py for tasks to queue
[2023-12-21T19:26:28.515+0000] {logging_mixin.py:188} INFO - [2023-12-21T19:26:28.514+0000] {dagbag.py:538} INFO - Filling up the DagBag from /home/airflow/.local/lib/python3.8/site-packages/airflow/example_dags/example_branch_operator_decorator.py
[2023-12-21T19:26:28.554+0000] {processor.py:840} INFO - DAG(s) 'example_branch_python_operator_decorator' retrieved from /home/airflow/.local/lib/python3.8/site-packages/airflow/example_dags/example_branch_operator_decorator.py
[2023-12-21T19:26:28.618+0000] {logging_mixin.py:188} INFO - [2023-12-21T19:26:28.617+0000] {dag.py:3033} INFO - Sync 1 DAGs
[2023-12-21T19:26:28.653+0000] {logging_mixin.py:188} INFO - [2023-12-21T19:26:28.653+0000] {dag.py:3820} INFO - Setting next_dagrun for example_branch_python_operator_decorator to 2023-12-20T00:00:00+00:00, run_after=2023-12-21T00:00:00+00:00
[2023-12-21T19:26:28.695+0000] {processor.py:183} INFO - Processing /home/airflow/.local/lib/python3.8/site-packages/airflow/example_dags/example_branch_operator_decorator.py took 0.199 seconds
[2023-12-21T19:26:59.030+0000] {processor.py:161} INFO - Started process (PID=1008) to work on /home/airflow/.local/lib/python3.8/site-packages/airflow/example_dags/example_branch_operator_decorator.py
[2023-12-21T19:26:59.033+0000] {processor.py:830} INFO - Processing file /home/airflow/.local/lib/python3.8/site-packages/airflow/example_dags/example_branch_operator_decorator.py for tasks to queue
[2023-12-21T19:26:59.038+0000] {logging_mixin.py:188} INFO - [2023-12-21T19:26:59.037+0000] {dagbag.py:538} INFO - Filling up the DagBag from /home/airflow/.local/lib/python3.8/site-packages/airflow/example_dags/example_branch_operator_decorator.py
[2023-12-21T19:26:59.075+0000] {processor.py:840} INFO - DAG(s) 'example_branch_python_operator_decorator' retrieved from /home/airflow/.local/lib/python3.8/site-packages/airflow/example_dags/example_branch_operator_decorator.py
[2023-12-21T19:26:59.125+0000] {logging_mixin.py:188} INFO - [2023-12-21T19:26:59.125+0000] {dag.py:3033} INFO - Sync 1 DAGs
[2023-12-21T19:26:59.165+0000] {logging_mixin.py:188} INFO - [2023-12-21T19:26:59.165+0000] {dag.py:3820} INFO - Setting next_dagrun for example_branch_python_operator_decorator to 2023-12-20T00:00:00+00:00, run_after=2023-12-21T00:00:00+00:00
[2023-12-21T19:26:59.202+0000] {processor.py:183} INFO - Processing /home/airflow/.local/lib/python3.8/site-packages/airflow/example_dags/example_branch_operator_decorator.py took 0.180 seconds
[2023-12-21T19:27:29.345+0000] {processor.py:161} INFO - Started process (PID=1062) to work on /home/airflow/.local/lib/python3.8/site-packages/airflow/example_dags/example_branch_operator_decorator.py
[2023-12-21T19:27:29.348+0000] {processor.py:830} INFO - Processing file /home/airflow/.local/lib/python3.8/site-packages/airflow/example_dags/example_branch_operator_decorator.py for tasks to queue
[2023-12-21T19:27:29.352+0000] {logging_mixin.py:188} INFO - [2023-12-21T19:27:29.352+0000] {dagbag.py:538} INFO - Filling up the DagBag from /home/airflow/.local/lib/python3.8/site-packages/airflow/example_dags/example_branch_operator_decorator.py
[2023-12-21T19:27:29.384+0000] {processor.py:840} INFO - DAG(s) 'example_branch_python_operator_decorator' retrieved from /home/airflow/.local/lib/python3.8/site-packages/airflow/example_dags/example_branch_operator_decorator.py
[2023-12-21T19:27:29.426+0000] {logging_mixin.py:188} INFO - [2023-12-21T19:27:29.426+0000] {dag.py:3033} INFO - Sync 1 DAGs
[2023-12-21T19:27:29.459+0000] {logging_mixin.py:188} INFO - [2023-12-21T19:27:29.459+0000] {dag.py:3820} INFO - Setting next_dagrun for example_branch_python_operator_decorator to 2023-12-20T00:00:00+00:00, run_after=2023-12-21T00:00:00+00:00
[2023-12-21T19:27:29.483+0000] {processor.py:183} INFO - Processing /home/airflow/.local/lib/python3.8/site-packages/airflow/example_dags/example_branch_operator_decorator.py took 0.151 seconds
[2023-12-21T19:28:00.078+0000] {processor.py:161} INFO - Started process (PID=1118) to work on /home/airflow/.local/lib/python3.8/site-packages/airflow/example_dags/example_branch_operator_decorator.py
[2023-12-21T19:28:00.081+0000] {processor.py:830} INFO - Processing file /home/airflow/.local/lib/python3.8/site-packages/airflow/example_dags/example_branch_operator_decorator.py for tasks to queue
[2023-12-21T19:28:00.085+0000] {logging_mixin.py:188} INFO - [2023-12-21T19:28:00.084+0000] {dagbag.py:538} INFO - Filling up the DagBag from /home/airflow/.local/lib/python3.8/site-packages/airflow/example_dags/example_branch_operator_decorator.py
[2023-12-21T19:28:00.116+0000] {processor.py:840} INFO - DAG(s) 'example_branch_python_operator_decorator' retrieved from /home/airflow/.local/lib/python3.8/site-packages/airflow/example_dags/example_branch_operator_decorator.py
[2023-12-21T19:28:00.164+0000] {logging_mixin.py:188} INFO - [2023-12-21T19:28:00.164+0000] {dag.py:3033} INFO - Sync 1 DAGs
[2023-12-21T19:28:00.208+0000] {logging_mixin.py:188} INFO - [2023-12-21T19:28:00.208+0000] {dag.py:3820} INFO - Setting next_dagrun for example_branch_python_operator_decorator to 2023-12-20T00:00:00+00:00, run_after=2023-12-21T00:00:00+00:00
[2023-12-21T19:28:00.239+0000] {processor.py:183} INFO - Processing /home/airflow/.local/lib/python3.8/site-packages/airflow/example_dags/example_branch_operator_decorator.py took 0.169 seconds
[2023-12-21T19:28:30.578+0000] {processor.py:161} INFO - Started process (PID=1172) to work on /home/airflow/.local/lib/python3.8/site-packages/airflow/example_dags/example_branch_operator_decorator.py
[2023-12-21T19:28:30.581+0000] {processor.py:830} INFO - Processing file /home/airflow/.local/lib/python3.8/site-packages/airflow/example_dags/example_branch_operator_decorator.py for tasks to queue
[2023-12-21T19:28:30.585+0000] {logging_mixin.py:188} INFO - [2023-12-21T19:28:30.584+0000] {dagbag.py:538} INFO - Filling up the DagBag from /home/airflow/.local/lib/python3.8/site-packages/airflow/example_dags/example_branch_operator_decorator.py
[2023-12-21T19:28:30.632+0000] {processor.py:840} INFO - DAG(s) 'example_branch_python_operator_decorator' retrieved from /home/airflow/.local/lib/python3.8/site-packages/airflow/example_dags/example_branch_operator_decorator.py
[2023-12-21T19:28:30.689+0000] {logging_mixin.py:188} INFO - [2023-12-21T19:28:30.688+0000] {dag.py:3033} INFO - Sync 1 DAGs
[2023-12-21T19:28:30.729+0000] {logging_mixin.py:188} INFO - [2023-12-21T19:28:30.729+0000] {dag.py:3820} INFO - Setting next_dagrun for example_branch_python_operator_decorator to 2023-12-20T00:00:00+00:00, run_after=2023-12-21T00:00:00+00:00
[2023-12-21T19:28:30.765+0000] {processor.py:183} INFO - Processing /home/airflow/.local/lib/python3.8/site-packages/airflow/example_dags/example_branch_operator_decorator.py took 0.195 seconds
[2023-12-21T19:29:01.138+0000] {processor.py:161} INFO - Started process (PID=1227) to work on /home/airflow/.local/lib/python3.8/site-packages/airflow/example_dags/example_branch_operator_decorator.py
[2023-12-21T19:29:01.140+0000] {processor.py:830} INFO - Processing file /home/airflow/.local/lib/python3.8/site-packages/airflow/example_dags/example_branch_operator_decorator.py for tasks to queue
[2023-12-21T19:29:01.144+0000] {logging_mixin.py:188} INFO - [2023-12-21T19:29:01.143+0000] {dagbag.py:538} INFO - Filling up the DagBag from /home/airflow/.local/lib/python3.8/site-packages/airflow/example_dags/example_branch_operator_decorator.py
[2023-12-21T19:29:01.186+0000] {processor.py:840} INFO - DAG(s) 'example_branch_python_operator_decorator' retrieved from /home/airflow/.local/lib/python3.8/site-packages/airflow/example_dags/example_branch_operator_decorator.py
[2023-12-21T19:29:01.234+0000] {logging_mixin.py:188} INFO - [2023-12-21T19:29:01.233+0000] {dag.py:3033} INFO - Sync 1 DAGs
[2023-12-21T19:29:01.275+0000] {logging_mixin.py:188} INFO - [2023-12-21T19:29:01.275+0000] {dag.py:3820} INFO - Setting next_dagrun for example_branch_python_operator_decorator to 2023-12-20T00:00:00+00:00, run_after=2023-12-21T00:00:00+00:00
[2023-12-21T19:29:01.310+0000] {processor.py:183} INFO - Processing /home/airflow/.local/lib/python3.8/site-packages/airflow/example_dags/example_branch_operator_decorator.py took 0.179 seconds
[2023-12-21T19:29:31.458+0000] {processor.py:161} INFO - Started process (PID=1282) to work on /home/airflow/.local/lib/python3.8/site-packages/airflow/example_dags/example_branch_operator_decorator.py
[2023-12-21T19:29:31.460+0000] {processor.py:830} INFO - Processing file /home/airflow/.local/lib/python3.8/site-packages/airflow/example_dags/example_branch_operator_decorator.py for tasks to queue
[2023-12-21T19:29:31.464+0000] {logging_mixin.py:188} INFO - [2023-12-21T19:29:31.462+0000] {dagbag.py:538} INFO - Filling up the DagBag from /home/airflow/.local/lib/python3.8/site-packages/airflow/example_dags/example_branch_operator_decorator.py
[2023-12-21T19:29:31.505+0000] {processor.py:840} INFO - DAG(s) 'example_branch_python_operator_decorator' retrieved from /home/airflow/.local/lib/python3.8/site-packages/airflow/example_dags/example_branch_operator_decorator.py
[2023-12-21T19:29:31.550+0000] {logging_mixin.py:188} INFO - [2023-12-21T19:29:31.550+0000] {dag.py:3033} INFO - Sync 1 DAGs
[2023-12-21T19:29:31.594+0000] {logging_mixin.py:188} INFO - [2023-12-21T19:29:31.594+0000] {dag.py:3820} INFO - Setting next_dagrun for example_branch_python_operator_decorator to 2023-12-20T00:00:00+00:00, run_after=2023-12-21T00:00:00+00:00
[2023-12-21T19:29:31.648+0000] {processor.py:183} INFO - Processing /home/airflow/.local/lib/python3.8/site-packages/airflow/example_dags/example_branch_operator_decorator.py took 0.195 seconds
[2023-12-21T19:30:01.773+0000] {processor.py:161} INFO - Started process (PID=1337) to work on /home/airflow/.local/lib/python3.8/site-packages/airflow/example_dags/example_branch_operator_decorator.py
[2023-12-21T19:30:01.774+0000] {processor.py:830} INFO - Processing file /home/airflow/.local/lib/python3.8/site-packages/airflow/example_dags/example_branch_operator_decorator.py for tasks to queue
[2023-12-21T19:30:01.778+0000] {logging_mixin.py:188} INFO - [2023-12-21T19:30:01.778+0000] {dagbag.py:538} INFO - Filling up the DagBag from /home/airflow/.local/lib/python3.8/site-packages/airflow/example_dags/example_branch_operator_decorator.py
[2023-12-21T19:30:01.811+0000] {processor.py:840} INFO - DAG(s) 'example_branch_python_operator_decorator' retrieved from /home/airflow/.local/lib/python3.8/site-packages/airflow/example_dags/example_branch_operator_decorator.py
[2023-12-21T19:30:01.845+0000] {logging_mixin.py:188} INFO - [2023-12-21T19:30:01.845+0000] {dag.py:3033} INFO - Sync 1 DAGs
[2023-12-21T19:30:01.875+0000] {logging_mixin.py:188} INFO - [2023-12-21T19:30:01.875+0000] {dag.py:3820} INFO - Setting next_dagrun for example_branch_python_operator_decorator to 2023-12-20T00:00:00+00:00, run_after=2023-12-21T00:00:00+00:00
[2023-12-21T19:30:01.903+0000] {processor.py:183} INFO - Processing /home/airflow/.local/lib/python3.8/site-packages/airflow/example_dags/example_branch_operator_decorator.py took 0.139 seconds
[2023-12-21T19:30:32.570+0000] {processor.py:161} INFO - Started process (PID=1391) to work on /home/airflow/.local/lib/python3.8/site-packages/airflow/example_dags/example_branch_operator_decorator.py
[2023-12-21T19:30:32.572+0000] {processor.py:830} INFO - Processing file /home/airflow/.local/lib/python3.8/site-packages/airflow/example_dags/example_branch_operator_decorator.py for tasks to queue
[2023-12-21T19:30:32.575+0000] {logging_mixin.py:188} INFO - [2023-12-21T19:30:32.575+0000] {dagbag.py:538} INFO - Filling up the DagBag from /home/airflow/.local/lib/python3.8/site-packages/airflow/example_dags/example_branch_operator_decorator.py
[2023-12-21T19:30:32.626+0000] {processor.py:840} INFO - DAG(s) 'example_branch_python_operator_decorator' retrieved from /home/airflow/.local/lib/python3.8/site-packages/airflow/example_dags/example_branch_operator_decorator.py
[2023-12-21T19:30:32.681+0000] {logging_mixin.py:188} INFO - [2023-12-21T19:30:32.680+0000] {dag.py:3033} INFO - Sync 1 DAGs
[2023-12-21T19:30:32.725+0000] {logging_mixin.py:188} INFO - [2023-12-21T19:30:32.725+0000] {dag.py:3820} INFO - Setting next_dagrun for example_branch_python_operator_decorator to 2023-12-20T00:00:00+00:00, run_after=2023-12-21T00:00:00+00:00
[2023-12-21T19:30:32.768+0000] {processor.py:183} INFO - Processing /home/airflow/.local/lib/python3.8/site-packages/airflow/example_dags/example_branch_operator_decorator.py took 0.209 seconds
[2023-12-21T19:31:03.784+0000] {processor.py:161} INFO - Started process (PID=1445) to work on /home/airflow/.local/lib/python3.8/site-packages/airflow/example_dags/example_branch_operator_decorator.py
[2023-12-21T19:31:03.786+0000] {processor.py:830} INFO - Processing file /home/airflow/.local/lib/python3.8/site-packages/airflow/example_dags/example_branch_operator_decorator.py for tasks to queue
[2023-12-21T19:31:03.792+0000] {logging_mixin.py:188} INFO - [2023-12-21T19:31:03.791+0000] {dagbag.py:538} INFO - Filling up the DagBag from /home/airflow/.local/lib/python3.8/site-packages/airflow/example_dags/example_branch_operator_decorator.py
[2023-12-21T19:31:03.819+0000] {processor.py:840} INFO - DAG(s) 'example_branch_python_operator_decorator' retrieved from /home/airflow/.local/lib/python3.8/site-packages/airflow/example_dags/example_branch_operator_decorator.py
[2023-12-21T19:31:03.854+0000] {logging_mixin.py:188} INFO - [2023-12-21T19:31:03.854+0000] {dag.py:3033} INFO - Sync 1 DAGs
[2023-12-21T19:31:03.882+0000] {logging_mixin.py:188} INFO - [2023-12-21T19:31:03.881+0000] {dag.py:3820} INFO - Setting next_dagrun for example_branch_python_operator_decorator to 2023-12-20T00:00:00+00:00, run_after=2023-12-21T00:00:00+00:00
[2023-12-21T19:31:03.905+0000] {processor.py:183} INFO - Processing /home/airflow/.local/lib/python3.8/site-packages/airflow/example_dags/example_branch_operator_decorator.py took 0.131 seconds
[2023-12-21T19:34:32.427+0000] {processor.py:161} INFO - Started process (PID=69) to work on /home/airflow/.local/lib/python3.8/site-packages/airflow/example_dags/example_branch_operator_decorator.py
[2023-12-21T19:34:32.428+0000] {processor.py:830} INFO - Processing file /home/airflow/.local/lib/python3.8/site-packages/airflow/example_dags/example_branch_operator_decorator.py for tasks to queue
[2023-12-21T19:34:32.433+0000] {logging_mixin.py:188} INFO - [2023-12-21T19:34:32.431+0000] {dagbag.py:538} INFO - Filling up the DagBag from /home/airflow/.local/lib/python3.8/site-packages/airflow/example_dags/example_branch_operator_decorator.py
[2023-12-21T19:34:32.471+0000] {processor.py:840} INFO - DAG(s) 'example_branch_python_operator_decorator' retrieved from /home/airflow/.local/lib/python3.8/site-packages/airflow/example_dags/example_branch_operator_decorator.py
[2023-12-21T19:34:32.643+0000] {logging_mixin.py:188} INFO - [2023-12-21T19:34:32.643+0000] {dag.py:3033} INFO - Sync 1 DAGs
[2023-12-21T19:34:32.669+0000] {logging_mixin.py:188} INFO - [2023-12-21T19:34:32.669+0000] {dag.py:3820} INFO - Setting next_dagrun for example_branch_python_operator_decorator to 2023-12-20T00:00:00+00:00, run_after=2023-12-21T00:00:00+00:00
[2023-12-21T19:34:32.699+0000] {processor.py:183} INFO - Processing /home/airflow/.local/lib/python3.8/site-packages/airflow/example_dags/example_branch_operator_decorator.py took 0.278 seconds
