[2023-12-21T19:11:56.243+0000] {processor.py:161} INFO - Started process (PID=45) to work on /home/airflow/.local/lib/python3.8/site-packages/airflow/example_dags/example_setup_teardown_taskflow.py
[2023-12-21T19:11:56.245+0000] {processor.py:830} INFO - Processing file /home/airflow/.local/lib/python3.8/site-packages/airflow/example_dags/example_setup_teardown_taskflow.py for tasks to queue
[2023-12-21T19:11:56.248+0000] {logging_mixin.py:188} INFO - [2023-12-21T19:11:56.248+0000] {dagbag.py:538} INFO - Filling up the DagBag from /home/airflow/.local/lib/python3.8/site-packages/airflow/example_dags/example_setup_teardown_taskflow.py
[2023-12-21T19:11:56.311+0000] {processor.py:840} INFO - DAG(s) 'example_setup_teardown_taskflow' retrieved from /home/airflow/.local/lib/python3.8/site-packages/airflow/example_dags/example_setup_teardown_taskflow.py
[2023-12-21T19:11:56.712+0000] {logging_mixin.py:188} INFO - [2023-12-21T19:11:56.712+0000] {dag.py:3033} INFO - Sync 1 DAGs
[2023-12-21T19:11:56.774+0000] {logging_mixin.py:188} INFO - [2023-12-21T19:11:56.773+0000] {dag.py:3820} INFO - Setting next_dagrun for example_setup_teardown_taskflow to 2023-12-20T00:00:00+00:00, run_after=2023-12-21T00:00:00+00:00
[2023-12-21T19:11:56.896+0000] {processor.py:183} INFO - Processing /home/airflow/.local/lib/python3.8/site-packages/airflow/example_dags/example_setup_teardown_taskflow.py took 0.658 seconds
[2023-12-21T19:12:27.169+0000] {processor.py:161} INFO - Started process (PID=99) to work on /home/airflow/.local/lib/python3.8/site-packages/airflow/example_dags/example_setup_teardown_taskflow.py
[2023-12-21T19:12:27.179+0000] {processor.py:830} INFO - Processing file /home/airflow/.local/lib/python3.8/site-packages/airflow/example_dags/example_setup_teardown_taskflow.py for tasks to queue
[2023-12-21T19:12:27.184+0000] {logging_mixin.py:188} INFO - [2023-12-21T19:12:27.184+0000] {dagbag.py:538} INFO - Filling up the DagBag from /home/airflow/.local/lib/python3.8/site-packages/airflow/example_dags/example_setup_teardown_taskflow.py
[2023-12-21T19:12:27.215+0000] {processor.py:840} INFO - DAG(s) 'example_setup_teardown_taskflow' retrieved from /home/airflow/.local/lib/python3.8/site-packages/airflow/example_dags/example_setup_teardown_taskflow.py
[2023-12-21T19:12:27.258+0000] {logging_mixin.py:188} INFO - [2023-12-21T19:12:27.257+0000] {dag.py:3033} INFO - Sync 1 DAGs
[2023-12-21T19:12:27.293+0000] {logging_mixin.py:188} INFO - [2023-12-21T19:12:27.293+0000] {dag.py:3820} INFO - Setting next_dagrun for example_setup_teardown_taskflow to 2023-12-20T00:00:00+00:00, run_after=2023-12-21T00:00:00+00:00
[2023-12-21T19:12:27.337+0000] {processor.py:183} INFO - Processing /home/airflow/.local/lib/python3.8/site-packages/airflow/example_dags/example_setup_teardown_taskflow.py took 0.175 seconds
[2023-12-21T19:12:57.941+0000] {processor.py:161} INFO - Started process (PID=154) to work on /home/airflow/.local/lib/python3.8/site-packages/airflow/example_dags/example_setup_teardown_taskflow.py
[2023-12-21T19:12:57.954+0000] {processor.py:830} INFO - Processing file /home/airflow/.local/lib/python3.8/site-packages/airflow/example_dags/example_setup_teardown_taskflow.py for tasks to queue
[2023-12-21T19:12:57.958+0000] {logging_mixin.py:188} INFO - [2023-12-21T19:12:57.957+0000] {dagbag.py:538} INFO - Filling up the DagBag from /home/airflow/.local/lib/python3.8/site-packages/airflow/example_dags/example_setup_teardown_taskflow.py
[2023-12-21T19:12:58.024+0000] {processor.py:840} INFO - DAG(s) 'example_setup_teardown_taskflow' retrieved from /home/airflow/.local/lib/python3.8/site-packages/airflow/example_dags/example_setup_teardown_taskflow.py
[2023-12-21T19:12:58.137+0000] {logging_mixin.py:188} INFO - [2023-12-21T19:12:58.137+0000] {dag.py:3033} INFO - Sync 1 DAGs
[2023-12-21T19:12:58.253+0000] {logging_mixin.py:188} INFO - [2023-12-21T19:12:58.252+0000] {dag.py:3820} INFO - Setting next_dagrun for example_setup_teardown_taskflow to 2023-12-20T00:00:00+00:00, run_after=2023-12-21T00:00:00+00:00
[2023-12-21T19:12:58.323+0000] {processor.py:183} INFO - Processing /home/airflow/.local/lib/python3.8/site-packages/airflow/example_dags/example_setup_teardown_taskflow.py took 0.403 seconds
[2023-12-21T19:13:28.758+0000] {processor.py:161} INFO - Started process (PID=209) to work on /home/airflow/.local/lib/python3.8/site-packages/airflow/example_dags/example_setup_teardown_taskflow.py
[2023-12-21T19:13:28.759+0000] {processor.py:830} INFO - Processing file /home/airflow/.local/lib/python3.8/site-packages/airflow/example_dags/example_setup_teardown_taskflow.py for tasks to queue
[2023-12-21T19:13:28.762+0000] {logging_mixin.py:188} INFO - [2023-12-21T19:13:28.762+0000] {dagbag.py:538} INFO - Filling up the DagBag from /home/airflow/.local/lib/python3.8/site-packages/airflow/example_dags/example_setup_teardown_taskflow.py
[2023-12-21T19:13:28.774+0000] {processor.py:840} INFO - DAG(s) 'example_setup_teardown_taskflow' retrieved from /home/airflow/.local/lib/python3.8/site-packages/airflow/example_dags/example_setup_teardown_taskflow.py
[2023-12-21T19:13:28.809+0000] {logging_mixin.py:188} INFO - [2023-12-21T19:13:28.808+0000] {dag.py:3033} INFO - Sync 1 DAGs
[2023-12-21T19:13:28.844+0000] {logging_mixin.py:188} INFO - [2023-12-21T19:13:28.844+0000] {dag.py:3820} INFO - Setting next_dagrun for example_setup_teardown_taskflow to 2023-12-20T00:00:00+00:00, run_after=2023-12-21T00:00:00+00:00
[2023-12-21T19:13:28.872+0000] {processor.py:183} INFO - Processing /home/airflow/.local/lib/python3.8/site-packages/airflow/example_dags/example_setup_teardown_taskflow.py took 0.118 seconds
[2023-12-21T19:13:59.161+0000] {processor.py:161} INFO - Started process (PID=264) to work on /home/airflow/.local/lib/python3.8/site-packages/airflow/example_dags/example_setup_teardown_taskflow.py
[2023-12-21T19:13:59.162+0000] {processor.py:830} INFO - Processing file /home/airflow/.local/lib/python3.8/site-packages/airflow/example_dags/example_setup_teardown_taskflow.py for tasks to queue
[2023-12-21T19:13:59.165+0000] {logging_mixin.py:188} INFO - [2023-12-21T19:13:59.164+0000] {dagbag.py:538} INFO - Filling up the DagBag from /home/airflow/.local/lib/python3.8/site-packages/airflow/example_dags/example_setup_teardown_taskflow.py
[2023-12-21T19:13:59.183+0000] {processor.py:840} INFO - DAG(s) 'example_setup_teardown_taskflow' retrieved from /home/airflow/.local/lib/python3.8/site-packages/airflow/example_dags/example_setup_teardown_taskflow.py
[2023-12-21T19:13:59.213+0000] {logging_mixin.py:188} INFO - [2023-12-21T19:13:59.213+0000] {dag.py:3033} INFO - Sync 1 DAGs
[2023-12-21T19:13:59.238+0000] {logging_mixin.py:188} INFO - [2023-12-21T19:13:59.237+0000] {dag.py:3820} INFO - Setting next_dagrun for example_setup_teardown_taskflow to 2023-12-20T00:00:00+00:00, run_after=2023-12-21T00:00:00+00:00
[2023-12-21T19:13:59.262+0000] {processor.py:183} INFO - Processing /home/airflow/.local/lib/python3.8/site-packages/airflow/example_dags/example_setup_teardown_taskflow.py took 0.106 seconds
[2023-12-21T19:18:08.456+0000] {processor.py:161} INFO - Started process (PID=45) to work on /home/airflow/.local/lib/python3.8/site-packages/airflow/example_dags/example_setup_teardown_taskflow.py
[2023-12-21T19:18:08.473+0000] {processor.py:830} INFO - Processing file /home/airflow/.local/lib/python3.8/site-packages/airflow/example_dags/example_setup_teardown_taskflow.py for tasks to queue
[2023-12-21T19:18:08.477+0000] {logging_mixin.py:188} INFO - [2023-12-21T19:18:08.476+0000] {dagbag.py:538} INFO - Filling up the DagBag from /home/airflow/.local/lib/python3.8/site-packages/airflow/example_dags/example_setup_teardown_taskflow.py
[2023-12-21T19:18:08.602+0000] {processor.py:840} INFO - DAG(s) 'example_setup_teardown_taskflow' retrieved from /home/airflow/.local/lib/python3.8/site-packages/airflow/example_dags/example_setup_teardown_taskflow.py
[2023-12-21T19:18:09.110+0000] {logging_mixin.py:188} INFO - [2023-12-21T19:18:09.110+0000] {dag.py:3033} INFO - Sync 1 DAGs
[2023-12-21T19:18:09.181+0000] {logging_mixin.py:188} INFO - [2023-12-21T19:18:09.181+0000] {dag.py:3820} INFO - Setting next_dagrun for example_setup_teardown_taskflow to 2023-12-20T00:00:00+00:00, run_after=2023-12-21T00:00:00+00:00
[2023-12-21T19:18:09.267+0000] {processor.py:183} INFO - Processing /home/airflow/.local/lib/python3.8/site-packages/airflow/example_dags/example_setup_teardown_taskflow.py took 0.847 seconds
[2023-12-21T19:18:39.820+0000] {processor.py:161} INFO - Started process (PID=100) to work on /home/airflow/.local/lib/python3.8/site-packages/airflow/example_dags/example_setup_teardown_taskflow.py
[2023-12-21T19:18:39.821+0000] {processor.py:830} INFO - Processing file /home/airflow/.local/lib/python3.8/site-packages/airflow/example_dags/example_setup_teardown_taskflow.py for tasks to queue
[2023-12-21T19:18:39.826+0000] {logging_mixin.py:188} INFO - [2023-12-21T19:18:39.825+0000] {dagbag.py:538} INFO - Filling up the DagBag from /home/airflow/.local/lib/python3.8/site-packages/airflow/example_dags/example_setup_teardown_taskflow.py
[2023-12-21T19:18:39.845+0000] {processor.py:840} INFO - DAG(s) 'example_setup_teardown_taskflow' retrieved from /home/airflow/.local/lib/python3.8/site-packages/airflow/example_dags/example_setup_teardown_taskflow.py
[2023-12-21T19:18:39.901+0000] {logging_mixin.py:188} INFO - [2023-12-21T19:18:39.901+0000] {dag.py:3033} INFO - Sync 1 DAGs
[2023-12-21T19:18:39.941+0000] {logging_mixin.py:188} INFO - [2023-12-21T19:18:39.941+0000] {dag.py:3820} INFO - Setting next_dagrun for example_setup_teardown_taskflow to 2023-12-20T00:00:00+00:00, run_after=2023-12-21T00:00:00+00:00
[2023-12-21T19:18:39.983+0000] {processor.py:183} INFO - Processing /home/airflow/.local/lib/python3.8/site-packages/airflow/example_dags/example_setup_teardown_taskflow.py took 0.174 seconds
[2023-12-21T19:19:10.306+0000] {processor.py:161} INFO - Started process (PID=156) to work on /home/airflow/.local/lib/python3.8/site-packages/airflow/example_dags/example_setup_teardown_taskflow.py
[2023-12-21T19:19:10.314+0000] {processor.py:830} INFO - Processing file /home/airflow/.local/lib/python3.8/site-packages/airflow/example_dags/example_setup_teardown_taskflow.py for tasks to queue
[2023-12-21T19:19:10.317+0000] {logging_mixin.py:188} INFO - [2023-12-21T19:19:10.317+0000] {dagbag.py:538} INFO - Filling up the DagBag from /home/airflow/.local/lib/python3.8/site-packages/airflow/example_dags/example_setup_teardown_taskflow.py
[2023-12-21T19:19:10.329+0000] {processor.py:840} INFO - DAG(s) 'example_setup_teardown_taskflow' retrieved from /home/airflow/.local/lib/python3.8/site-packages/airflow/example_dags/example_setup_teardown_taskflow.py
[2023-12-21T19:19:10.354+0000] {logging_mixin.py:188} INFO - [2023-12-21T19:19:10.354+0000] {dag.py:3033} INFO - Sync 1 DAGs
[2023-12-21T19:19:10.386+0000] {logging_mixin.py:188} INFO - [2023-12-21T19:19:10.386+0000] {dag.py:3820} INFO - Setting next_dagrun for example_setup_teardown_taskflow to 2023-12-20T00:00:00+00:00, run_after=2023-12-21T00:00:00+00:00
[2023-12-21T19:19:10.420+0000] {processor.py:183} INFO - Processing /home/airflow/.local/lib/python3.8/site-packages/airflow/example_dags/example_setup_teardown_taskflow.py took 0.120 seconds
[2023-12-21T19:19:40.914+0000] {processor.py:161} INFO - Started process (PID=211) to work on /home/airflow/.local/lib/python3.8/site-packages/airflow/example_dags/example_setup_teardown_taskflow.py
[2023-12-21T19:19:40.915+0000] {processor.py:830} INFO - Processing file /home/airflow/.local/lib/python3.8/site-packages/airflow/example_dags/example_setup_teardown_taskflow.py for tasks to queue
[2023-12-21T19:19:40.918+0000] {logging_mixin.py:188} INFO - [2023-12-21T19:19:40.918+0000] {dagbag.py:538} INFO - Filling up the DagBag from /home/airflow/.local/lib/python3.8/site-packages/airflow/example_dags/example_setup_teardown_taskflow.py
[2023-12-21T19:19:40.939+0000] {processor.py:840} INFO - DAG(s) 'example_setup_teardown_taskflow' retrieved from /home/airflow/.local/lib/python3.8/site-packages/airflow/example_dags/example_setup_teardown_taskflow.py
[2023-12-21T19:19:40.975+0000] {logging_mixin.py:188} INFO - [2023-12-21T19:19:40.975+0000] {dag.py:3033} INFO - Sync 1 DAGs
[2023-12-21T19:19:41.014+0000] {logging_mixin.py:188} INFO - [2023-12-21T19:19:41.014+0000] {dag.py:3820} INFO - Setting next_dagrun for example_setup_teardown_taskflow to 2023-12-20T00:00:00+00:00, run_after=2023-12-21T00:00:00+00:00
[2023-12-21T19:19:41.045+0000] {processor.py:183} INFO - Processing /home/airflow/.local/lib/python3.8/site-packages/airflow/example_dags/example_setup_teardown_taskflow.py took 0.139 seconds
[2023-12-21T19:20:11.495+0000] {processor.py:161} INFO - Started process (PID=266) to work on /home/airflow/.local/lib/python3.8/site-packages/airflow/example_dags/example_setup_teardown_taskflow.py
[2023-12-21T19:20:11.502+0000] {processor.py:830} INFO - Processing file /home/airflow/.local/lib/python3.8/site-packages/airflow/example_dags/example_setup_teardown_taskflow.py for tasks to queue
[2023-12-21T19:20:11.506+0000] {logging_mixin.py:188} INFO - [2023-12-21T19:20:11.505+0000] {dagbag.py:538} INFO - Filling up the DagBag from /home/airflow/.local/lib/python3.8/site-packages/airflow/example_dags/example_setup_teardown_taskflow.py
[2023-12-21T19:20:11.521+0000] {processor.py:840} INFO - DAG(s) 'example_setup_teardown_taskflow' retrieved from /home/airflow/.local/lib/python3.8/site-packages/airflow/example_dags/example_setup_teardown_taskflow.py
[2023-12-21T19:20:11.551+0000] {logging_mixin.py:188} INFO - [2023-12-21T19:20:11.551+0000] {dag.py:3033} INFO - Sync 1 DAGs
[2023-12-21T19:20:11.575+0000] {logging_mixin.py:188} INFO - [2023-12-21T19:20:11.575+0000] {dag.py:3820} INFO - Setting next_dagrun for example_setup_teardown_taskflow to 2023-12-20T00:00:00+00:00, run_after=2023-12-21T00:00:00+00:00
[2023-12-21T19:20:11.669+0000] {processor.py:183} INFO - Processing /home/airflow/.local/lib/python3.8/site-packages/airflow/example_dags/example_setup_teardown_taskflow.py took 0.177 seconds
[2023-12-21T19:20:42.476+0000] {processor.py:161} INFO - Started process (PID=321) to work on /home/airflow/.local/lib/python3.8/site-packages/airflow/example_dags/example_setup_teardown_taskflow.py
[2023-12-21T19:20:42.480+0000] {processor.py:830} INFO - Processing file /home/airflow/.local/lib/python3.8/site-packages/airflow/example_dags/example_setup_teardown_taskflow.py for tasks to queue
[2023-12-21T19:20:42.484+0000] {logging_mixin.py:188} INFO - [2023-12-21T19:20:42.484+0000] {dagbag.py:538} INFO - Filling up the DagBag from /home/airflow/.local/lib/python3.8/site-packages/airflow/example_dags/example_setup_teardown_taskflow.py
[2023-12-21T19:20:42.516+0000] {processor.py:840} INFO - DAG(s) 'example_setup_teardown_taskflow' retrieved from /home/airflow/.local/lib/python3.8/site-packages/airflow/example_dags/example_setup_teardown_taskflow.py
[2023-12-21T19:20:42.564+0000] {logging_mixin.py:188} INFO - [2023-12-21T19:20:42.564+0000] {dag.py:3033} INFO - Sync 1 DAGs
[2023-12-21T19:20:42.609+0000] {logging_mixin.py:188} INFO - [2023-12-21T19:20:42.609+0000] {dag.py:3820} INFO - Setting next_dagrun for example_setup_teardown_taskflow to 2023-12-20T00:00:00+00:00, run_after=2023-12-21T00:00:00+00:00
[2023-12-21T19:20:42.651+0000] {processor.py:183} INFO - Processing /home/airflow/.local/lib/python3.8/site-packages/airflow/example_dags/example_setup_teardown_taskflow.py took 0.183 seconds
[2023-12-21T19:21:12.913+0000] {processor.py:161} INFO - Started process (PID=376) to work on /home/airflow/.local/lib/python3.8/site-packages/airflow/example_dags/example_setup_teardown_taskflow.py
[2023-12-21T19:21:12.921+0000] {processor.py:830} INFO - Processing file /home/airflow/.local/lib/python3.8/site-packages/airflow/example_dags/example_setup_teardown_taskflow.py for tasks to queue
[2023-12-21T19:21:12.926+0000] {logging_mixin.py:188} INFO - [2023-12-21T19:21:12.925+0000] {dagbag.py:538} INFO - Filling up the DagBag from /home/airflow/.local/lib/python3.8/site-packages/airflow/example_dags/example_setup_teardown_taskflow.py
[2023-12-21T19:21:12.944+0000] {processor.py:840} INFO - DAG(s) 'example_setup_teardown_taskflow' retrieved from /home/airflow/.local/lib/python3.8/site-packages/airflow/example_dags/example_setup_teardown_taskflow.py
[2023-12-21T19:21:12.980+0000] {logging_mixin.py:188} INFO - [2023-12-21T19:21:12.980+0000] {dag.py:3033} INFO - Sync 1 DAGs
[2023-12-21T19:21:13.019+0000] {logging_mixin.py:188} INFO - [2023-12-21T19:21:13.019+0000] {dag.py:3820} INFO - Setting next_dagrun for example_setup_teardown_taskflow to 2023-12-20T00:00:00+00:00, run_after=2023-12-21T00:00:00+00:00
[2023-12-21T19:21:13.063+0000] {processor.py:183} INFO - Processing /home/airflow/.local/lib/python3.8/site-packages/airflow/example_dags/example_setup_teardown_taskflow.py took 0.156 seconds
[2023-12-21T19:21:43.648+0000] {processor.py:161} INFO - Started process (PID=431) to work on /home/airflow/.local/lib/python3.8/site-packages/airflow/example_dags/example_setup_teardown_taskflow.py
[2023-12-21T19:21:43.657+0000] {processor.py:830} INFO - Processing file /home/airflow/.local/lib/python3.8/site-packages/airflow/example_dags/example_setup_teardown_taskflow.py for tasks to queue
[2023-12-21T19:21:43.660+0000] {logging_mixin.py:188} INFO - [2023-12-21T19:21:43.660+0000] {dagbag.py:538} INFO - Filling up the DagBag from /home/airflow/.local/lib/python3.8/site-packages/airflow/example_dags/example_setup_teardown_taskflow.py
[2023-12-21T19:21:43.677+0000] {processor.py:840} INFO - DAG(s) 'example_setup_teardown_taskflow' retrieved from /home/airflow/.local/lib/python3.8/site-packages/airflow/example_dags/example_setup_teardown_taskflow.py
[2023-12-21T19:21:43.713+0000] {logging_mixin.py:188} INFO - [2023-12-21T19:21:43.713+0000] {dag.py:3033} INFO - Sync 1 DAGs
[2023-12-21T19:21:43.750+0000] {logging_mixin.py:188} INFO - [2023-12-21T19:21:43.750+0000] {dag.py:3820} INFO - Setting next_dagrun for example_setup_teardown_taskflow to 2023-12-20T00:00:00+00:00, run_after=2023-12-21T00:00:00+00:00
[2023-12-21T19:21:43.795+0000] {processor.py:183} INFO - Processing /home/airflow/.local/lib/python3.8/site-packages/airflow/example_dags/example_setup_teardown_taskflow.py took 0.159 seconds
[2023-12-21T19:22:14.520+0000] {processor.py:161} INFO - Started process (PID=486) to work on /home/airflow/.local/lib/python3.8/site-packages/airflow/example_dags/example_setup_teardown_taskflow.py
[2023-12-21T19:22:14.521+0000] {processor.py:830} INFO - Processing file /home/airflow/.local/lib/python3.8/site-packages/airflow/example_dags/example_setup_teardown_taskflow.py for tasks to queue
[2023-12-21T19:22:14.525+0000] {logging_mixin.py:188} INFO - [2023-12-21T19:22:14.525+0000] {dagbag.py:538} INFO - Filling up the DagBag from /home/airflow/.local/lib/python3.8/site-packages/airflow/example_dags/example_setup_teardown_taskflow.py
[2023-12-21T19:22:14.543+0000] {processor.py:840} INFO - DAG(s) 'example_setup_teardown_taskflow' retrieved from /home/airflow/.local/lib/python3.8/site-packages/airflow/example_dags/example_setup_teardown_taskflow.py
[2023-12-21T19:22:14.584+0000] {logging_mixin.py:188} INFO - [2023-12-21T19:22:14.584+0000] {dag.py:3033} INFO - Sync 1 DAGs
[2023-12-21T19:22:14.629+0000] {logging_mixin.py:188} INFO - [2023-12-21T19:22:14.628+0000] {dag.py:3820} INFO - Setting next_dagrun for example_setup_teardown_taskflow to 2023-12-20T00:00:00+00:00, run_after=2023-12-21T00:00:00+00:00
[2023-12-21T19:22:14.661+0000] {processor.py:183} INFO - Processing /home/airflow/.local/lib/python3.8/site-packages/airflow/example_dags/example_setup_teardown_taskflow.py took 0.148 seconds
[2023-12-21T19:22:44.869+0000] {processor.py:161} INFO - Started process (PID=541) to work on /home/airflow/.local/lib/python3.8/site-packages/airflow/example_dags/example_setup_teardown_taskflow.py
[2023-12-21T19:22:44.878+0000] {processor.py:830} INFO - Processing file /home/airflow/.local/lib/python3.8/site-packages/airflow/example_dags/example_setup_teardown_taskflow.py for tasks to queue
[2023-12-21T19:22:44.883+0000] {logging_mixin.py:188} INFO - [2023-12-21T19:22:44.883+0000] {dagbag.py:538} INFO - Filling up the DagBag from /home/airflow/.local/lib/python3.8/site-packages/airflow/example_dags/example_setup_teardown_taskflow.py
[2023-12-21T19:22:44.904+0000] {processor.py:840} INFO - DAG(s) 'example_setup_teardown_taskflow' retrieved from /home/airflow/.local/lib/python3.8/site-packages/airflow/example_dags/example_setup_teardown_taskflow.py
[2023-12-21T19:22:44.948+0000] {logging_mixin.py:188} INFO - [2023-12-21T19:22:44.948+0000] {dag.py:3033} INFO - Sync 1 DAGs
[2023-12-21T19:22:44.985+0000] {logging_mixin.py:188} INFO - [2023-12-21T19:22:44.985+0000] {dag.py:3820} INFO - Setting next_dagrun for example_setup_teardown_taskflow to 2023-12-20T00:00:00+00:00, run_after=2023-12-21T00:00:00+00:00
[2023-12-21T19:22:45.024+0000] {processor.py:183} INFO - Processing /home/airflow/.local/lib/python3.8/site-packages/airflow/example_dags/example_setup_teardown_taskflow.py took 0.162 seconds
[2023-12-21T19:23:15.590+0000] {processor.py:161} INFO - Started process (PID=596) to work on /home/airflow/.local/lib/python3.8/site-packages/airflow/example_dags/example_setup_teardown_taskflow.py
[2023-12-21T19:23:15.592+0000] {processor.py:830} INFO - Processing file /home/airflow/.local/lib/python3.8/site-packages/airflow/example_dags/example_setup_teardown_taskflow.py for tasks to queue
[2023-12-21T19:23:15.596+0000] {logging_mixin.py:188} INFO - [2023-12-21T19:23:15.595+0000] {dagbag.py:538} INFO - Filling up the DagBag from /home/airflow/.local/lib/python3.8/site-packages/airflow/example_dags/example_setup_teardown_taskflow.py
[2023-12-21T19:23:15.618+0000] {processor.py:840} INFO - DAG(s) 'example_setup_teardown_taskflow' retrieved from /home/airflow/.local/lib/python3.8/site-packages/airflow/example_dags/example_setup_teardown_taskflow.py
[2023-12-21T19:23:15.659+0000] {logging_mixin.py:188} INFO - [2023-12-21T19:23:15.658+0000] {dag.py:3033} INFO - Sync 1 DAGs
[2023-12-21T19:23:15.700+0000] {logging_mixin.py:188} INFO - [2023-12-21T19:23:15.700+0000] {dag.py:3820} INFO - Setting next_dagrun for example_setup_teardown_taskflow to 2023-12-20T00:00:00+00:00, run_after=2023-12-21T00:00:00+00:00
[2023-12-21T19:23:15.739+0000] {processor.py:183} INFO - Processing /home/airflow/.local/lib/python3.8/site-packages/airflow/example_dags/example_setup_teardown_taskflow.py took 0.157 seconds
[2023-12-21T19:23:45.940+0000] {processor.py:161} INFO - Started process (PID=650) to work on /home/airflow/.local/lib/python3.8/site-packages/airflow/example_dags/example_setup_teardown_taskflow.py
[2023-12-21T19:23:45.943+0000] {processor.py:830} INFO - Processing file /home/airflow/.local/lib/python3.8/site-packages/airflow/example_dags/example_setup_teardown_taskflow.py for tasks to queue
[2023-12-21T19:23:45.947+0000] {logging_mixin.py:188} INFO - [2023-12-21T19:23:45.947+0000] {dagbag.py:538} INFO - Filling up the DagBag from /home/airflow/.local/lib/python3.8/site-packages/airflow/example_dags/example_setup_teardown_taskflow.py
[2023-12-21T19:23:45.971+0000] {processor.py:840} INFO - DAG(s) 'example_setup_teardown_taskflow' retrieved from /home/airflow/.local/lib/python3.8/site-packages/airflow/example_dags/example_setup_teardown_taskflow.py
[2023-12-21T19:23:46.013+0000] {logging_mixin.py:188} INFO - [2023-12-21T19:23:46.013+0000] {dag.py:3033} INFO - Sync 1 DAGs
[2023-12-21T19:23:46.050+0000] {logging_mixin.py:188} INFO - [2023-12-21T19:23:46.049+0000] {dag.py:3820} INFO - Setting next_dagrun for example_setup_teardown_taskflow to 2023-12-20T00:00:00+00:00, run_after=2023-12-21T00:00:00+00:00
[2023-12-21T19:23:46.096+0000] {processor.py:183} INFO - Processing /home/airflow/.local/lib/python3.8/site-packages/airflow/example_dags/example_setup_teardown_taskflow.py took 0.164 seconds
[2023-12-21T19:24:16.727+0000] {processor.py:161} INFO - Started process (PID=704) to work on /home/airflow/.local/lib/python3.8/site-packages/airflow/example_dags/example_setup_teardown_taskflow.py
[2023-12-21T19:24:16.728+0000] {processor.py:830} INFO - Processing file /home/airflow/.local/lib/python3.8/site-packages/airflow/example_dags/example_setup_teardown_taskflow.py for tasks to queue
[2023-12-21T19:24:16.740+0000] {logging_mixin.py:188} INFO - [2023-12-21T19:24:16.739+0000] {dagbag.py:538} INFO - Filling up the DagBag from /home/airflow/.local/lib/python3.8/site-packages/airflow/example_dags/example_setup_teardown_taskflow.py
[2023-12-21T19:24:16.763+0000] {processor.py:840} INFO - DAG(s) 'example_setup_teardown_taskflow' retrieved from /home/airflow/.local/lib/python3.8/site-packages/airflow/example_dags/example_setup_teardown_taskflow.py
[2023-12-21T19:24:16.805+0000] {logging_mixin.py:188} INFO - [2023-12-21T19:24:16.805+0000] {dag.py:3033} INFO - Sync 1 DAGs
[2023-12-21T19:24:16.846+0000] {logging_mixin.py:188} INFO - [2023-12-21T19:24:16.845+0000] {dag.py:3820} INFO - Setting next_dagrun for example_setup_teardown_taskflow to 2023-12-20T00:00:00+00:00, run_after=2023-12-21T00:00:00+00:00
[2023-12-21T19:24:16.903+0000] {processor.py:183} INFO - Processing /home/airflow/.local/lib/python3.8/site-packages/airflow/example_dags/example_setup_teardown_taskflow.py took 0.182 seconds
[2023-12-21T19:24:47.116+0000] {processor.py:161} INFO - Started process (PID=759) to work on /home/airflow/.local/lib/python3.8/site-packages/airflow/example_dags/example_setup_teardown_taskflow.py
[2023-12-21T19:24:47.125+0000] {processor.py:830} INFO - Processing file /home/airflow/.local/lib/python3.8/site-packages/airflow/example_dags/example_setup_teardown_taskflow.py for tasks to queue
[2023-12-21T19:24:47.131+0000] {logging_mixin.py:188} INFO - [2023-12-21T19:24:47.130+0000] {dagbag.py:538} INFO - Filling up the DagBag from /home/airflow/.local/lib/python3.8/site-packages/airflow/example_dags/example_setup_teardown_taskflow.py
[2023-12-21T19:24:47.159+0000] {processor.py:840} INFO - DAG(s) 'example_setup_teardown_taskflow' retrieved from /home/airflow/.local/lib/python3.8/site-packages/airflow/example_dags/example_setup_teardown_taskflow.py
[2023-12-21T19:24:47.204+0000] {logging_mixin.py:188} INFO - [2023-12-21T19:24:47.203+0000] {dag.py:3033} INFO - Sync 1 DAGs
[2023-12-21T19:24:47.267+0000] {logging_mixin.py:188} INFO - [2023-12-21T19:24:47.267+0000] {dag.py:3820} INFO - Setting next_dagrun for example_setup_teardown_taskflow to 2023-12-20T00:00:00+00:00, run_after=2023-12-21T00:00:00+00:00
[2023-12-21T19:24:47.363+0000] {processor.py:183} INFO - Processing /home/airflow/.local/lib/python3.8/site-packages/airflow/example_dags/example_setup_teardown_taskflow.py took 0.258 seconds
[2023-12-21T19:25:17.586+0000] {processor.py:161} INFO - Started process (PID=814) to work on /home/airflow/.local/lib/python3.8/site-packages/airflow/example_dags/example_setup_teardown_taskflow.py
[2023-12-21T19:25:17.588+0000] {processor.py:830} INFO - Processing file /home/airflow/.local/lib/python3.8/site-packages/airflow/example_dags/example_setup_teardown_taskflow.py for tasks to queue
[2023-12-21T19:25:17.594+0000] {logging_mixin.py:188} INFO - [2023-12-21T19:25:17.594+0000] {dagbag.py:538} INFO - Filling up the DagBag from /home/airflow/.local/lib/python3.8/site-packages/airflow/example_dags/example_setup_teardown_taskflow.py
[2023-12-21T19:25:17.619+0000] {processor.py:840} INFO - DAG(s) 'example_setup_teardown_taskflow' retrieved from /home/airflow/.local/lib/python3.8/site-packages/airflow/example_dags/example_setup_teardown_taskflow.py
[2023-12-21T19:25:17.668+0000] {logging_mixin.py:188} INFO - [2023-12-21T19:25:17.668+0000] {dag.py:3033} INFO - Sync 1 DAGs
[2023-12-21T19:25:17.714+0000] {logging_mixin.py:188} INFO - [2023-12-21T19:25:17.714+0000] {dag.py:3820} INFO - Setting next_dagrun for example_setup_teardown_taskflow to 2023-12-20T00:00:00+00:00, run_after=2023-12-21T00:00:00+00:00
[2023-12-21T19:25:17.753+0000] {processor.py:183} INFO - Processing /home/airflow/.local/lib/python3.8/site-packages/airflow/example_dags/example_setup_teardown_taskflow.py took 0.176 seconds
[2023-12-21T19:25:48.657+0000] {processor.py:161} INFO - Started process (PID=869) to work on /home/airflow/.local/lib/python3.8/site-packages/airflow/example_dags/example_setup_teardown_taskflow.py
[2023-12-21T19:25:48.666+0000] {processor.py:830} INFO - Processing file /home/airflow/.local/lib/python3.8/site-packages/airflow/example_dags/example_setup_teardown_taskflow.py for tasks to queue
[2023-12-21T19:25:48.673+0000] {logging_mixin.py:188} INFO - [2023-12-21T19:25:48.672+0000] {dagbag.py:538} INFO - Filling up the DagBag from /home/airflow/.local/lib/python3.8/site-packages/airflow/example_dags/example_setup_teardown_taskflow.py
[2023-12-21T19:25:48.709+0000] {processor.py:840} INFO - DAG(s) 'example_setup_teardown_taskflow' retrieved from /home/airflow/.local/lib/python3.8/site-packages/airflow/example_dags/example_setup_teardown_taskflow.py
[2023-12-21T19:25:48.771+0000] {logging_mixin.py:188} INFO - [2023-12-21T19:25:48.770+0000] {dag.py:3033} INFO - Sync 1 DAGs
[2023-12-21T19:25:48.826+0000] {logging_mixin.py:188} INFO - [2023-12-21T19:25:48.825+0000] {dag.py:3820} INFO - Setting next_dagrun for example_setup_teardown_taskflow to 2023-12-20T00:00:00+00:00, run_after=2023-12-21T00:00:00+00:00
[2023-12-21T19:25:48.861+0000] {processor.py:183} INFO - Processing /home/airflow/.local/lib/python3.8/site-packages/airflow/example_dags/example_setup_teardown_taskflow.py took 0.216 seconds
[2023-12-21T19:26:19.090+0000] {processor.py:161} INFO - Started process (PID=923) to work on /home/airflow/.local/lib/python3.8/site-packages/airflow/example_dags/example_setup_teardown_taskflow.py
[2023-12-21T19:26:19.091+0000] {processor.py:830} INFO - Processing file /home/airflow/.local/lib/python3.8/site-packages/airflow/example_dags/example_setup_teardown_taskflow.py for tasks to queue
[2023-12-21T19:26:19.098+0000] {logging_mixin.py:188} INFO - [2023-12-21T19:26:19.097+0000] {dagbag.py:538} INFO - Filling up the DagBag from /home/airflow/.local/lib/python3.8/site-packages/airflow/example_dags/example_setup_teardown_taskflow.py
[2023-12-21T19:26:19.128+0000] {processor.py:840} INFO - DAG(s) 'example_setup_teardown_taskflow' retrieved from /home/airflow/.local/lib/python3.8/site-packages/airflow/example_dags/example_setup_teardown_taskflow.py
[2023-12-21T19:26:19.177+0000] {logging_mixin.py:188} INFO - [2023-12-21T19:26:19.177+0000] {dag.py:3033} INFO - Sync 1 DAGs
[2023-12-21T19:26:19.215+0000] {logging_mixin.py:188} INFO - [2023-12-21T19:26:19.215+0000] {dag.py:3820} INFO - Setting next_dagrun for example_setup_teardown_taskflow to 2023-12-20T00:00:00+00:00, run_after=2023-12-21T00:00:00+00:00
[2023-12-21T19:26:19.263+0000] {processor.py:183} INFO - Processing /home/airflow/.local/lib/python3.8/site-packages/airflow/example_dags/example_setup_teardown_taskflow.py took 0.185 seconds
[2023-12-21T19:26:49.413+0000] {processor.py:161} INFO - Started process (PID=978) to work on /home/airflow/.local/lib/python3.8/site-packages/airflow/example_dags/example_setup_teardown_taskflow.py
[2023-12-21T19:26:49.415+0000] {processor.py:830} INFO - Processing file /home/airflow/.local/lib/python3.8/site-packages/airflow/example_dags/example_setup_teardown_taskflow.py for tasks to queue
[2023-12-21T19:26:49.418+0000] {logging_mixin.py:188} INFO - [2023-12-21T19:26:49.417+0000] {dagbag.py:538} INFO - Filling up the DagBag from /home/airflow/.local/lib/python3.8/site-packages/airflow/example_dags/example_setup_teardown_taskflow.py
[2023-12-21T19:26:49.443+0000] {processor.py:840} INFO - DAG(s) 'example_setup_teardown_taskflow' retrieved from /home/airflow/.local/lib/python3.8/site-packages/airflow/example_dags/example_setup_teardown_taskflow.py
[2023-12-21T19:26:49.477+0000] {logging_mixin.py:188} INFO - [2023-12-21T19:26:49.476+0000] {dag.py:3033} INFO - Sync 1 DAGs
[2023-12-21T19:26:49.523+0000] {logging_mixin.py:188} INFO - [2023-12-21T19:26:49.522+0000] {dag.py:3820} INFO - Setting next_dagrun for example_setup_teardown_taskflow to 2023-12-20T00:00:00+00:00, run_after=2023-12-21T00:00:00+00:00
[2023-12-21T19:26:49.565+0000] {processor.py:183} INFO - Processing /home/airflow/.local/lib/python3.8/site-packages/airflow/example_dags/example_setup_teardown_taskflow.py took 0.159 seconds
[2023-12-21T19:27:20.117+0000] {processor.py:161} INFO - Started process (PID=1033) to work on /home/airflow/.local/lib/python3.8/site-packages/airflow/example_dags/example_setup_teardown_taskflow.py
[2023-12-21T19:27:20.131+0000] {processor.py:830} INFO - Processing file /home/airflow/.local/lib/python3.8/site-packages/airflow/example_dags/example_setup_teardown_taskflow.py for tasks to queue
[2023-12-21T19:27:20.135+0000] {logging_mixin.py:188} INFO - [2023-12-21T19:27:20.135+0000] {dagbag.py:538} INFO - Filling up the DagBag from /home/airflow/.local/lib/python3.8/site-packages/airflow/example_dags/example_setup_teardown_taskflow.py
[2023-12-21T19:27:20.154+0000] {processor.py:840} INFO - DAG(s) 'example_setup_teardown_taskflow' retrieved from /home/airflow/.local/lib/python3.8/site-packages/airflow/example_dags/example_setup_teardown_taskflow.py
[2023-12-21T19:27:20.197+0000] {logging_mixin.py:188} INFO - [2023-12-21T19:27:20.196+0000] {dag.py:3033} INFO - Sync 1 DAGs
[2023-12-21T19:27:20.238+0000] {logging_mixin.py:188} INFO - [2023-12-21T19:27:20.238+0000] {dag.py:3820} INFO - Setting next_dagrun for example_setup_teardown_taskflow to 2023-12-20T00:00:00+00:00, run_after=2023-12-21T00:00:00+00:00
[2023-12-21T19:27:20.276+0000] {processor.py:183} INFO - Processing /home/airflow/.local/lib/python3.8/site-packages/airflow/example_dags/example_setup_teardown_taskflow.py took 0.165 seconds
[2023-12-21T19:27:50.707+0000] {processor.py:161} INFO - Started process (PID=1087) to work on /home/airflow/.local/lib/python3.8/site-packages/airflow/example_dags/example_setup_teardown_taskflow.py
[2023-12-21T19:27:50.717+0000] {processor.py:830} INFO - Processing file /home/airflow/.local/lib/python3.8/site-packages/airflow/example_dags/example_setup_teardown_taskflow.py for tasks to queue
[2023-12-21T19:27:50.722+0000] {logging_mixin.py:188} INFO - [2023-12-21T19:27:50.722+0000] {dagbag.py:538} INFO - Filling up the DagBag from /home/airflow/.local/lib/python3.8/site-packages/airflow/example_dags/example_setup_teardown_taskflow.py
[2023-12-21T19:27:50.749+0000] {processor.py:840} INFO - DAG(s) 'example_setup_teardown_taskflow' retrieved from /home/airflow/.local/lib/python3.8/site-packages/airflow/example_dags/example_setup_teardown_taskflow.py
[2023-12-21T19:27:50.794+0000] {logging_mixin.py:188} INFO - [2023-12-21T19:27:50.794+0000] {dag.py:3033} INFO - Sync 1 DAGs
[2023-12-21T19:27:50.856+0000] {logging_mixin.py:188} INFO - [2023-12-21T19:27:50.855+0000] {dag.py:3820} INFO - Setting next_dagrun for example_setup_teardown_taskflow to 2023-12-20T00:00:00+00:00, run_after=2023-12-21T00:00:00+00:00
[2023-12-21T19:27:50.907+0000] {processor.py:183} INFO - Processing /home/airflow/.local/lib/python3.8/site-packages/airflow/example_dags/example_setup_teardown_taskflow.py took 0.228 seconds
[2023-12-21T19:28:21.474+0000] {processor.py:161} INFO - Started process (PID=1143) to work on /home/airflow/.local/lib/python3.8/site-packages/airflow/example_dags/example_setup_teardown_taskflow.py
[2023-12-21T19:28:21.483+0000] {processor.py:830} INFO - Processing file /home/airflow/.local/lib/python3.8/site-packages/airflow/example_dags/example_setup_teardown_taskflow.py for tasks to queue
[2023-12-21T19:28:21.487+0000] {logging_mixin.py:188} INFO - [2023-12-21T19:28:21.486+0000] {dagbag.py:538} INFO - Filling up the DagBag from /home/airflow/.local/lib/python3.8/site-packages/airflow/example_dags/example_setup_teardown_taskflow.py
[2023-12-21T19:28:21.516+0000] {processor.py:840} INFO - DAG(s) 'example_setup_teardown_taskflow' retrieved from /home/airflow/.local/lib/python3.8/site-packages/airflow/example_dags/example_setup_teardown_taskflow.py
[2023-12-21T19:28:21.564+0000] {logging_mixin.py:188} INFO - [2023-12-21T19:28:21.564+0000] {dag.py:3033} INFO - Sync 1 DAGs
[2023-12-21T19:28:21.621+0000] {logging_mixin.py:188} INFO - [2023-12-21T19:28:21.620+0000] {dag.py:3820} INFO - Setting next_dagrun for example_setup_teardown_taskflow to 2023-12-20T00:00:00+00:00, run_after=2023-12-21T00:00:00+00:00
[2023-12-21T19:28:21.682+0000] {processor.py:183} INFO - Processing /home/airflow/.local/lib/python3.8/site-packages/airflow/example_dags/example_setup_teardown_taskflow.py took 0.220 seconds
[2023-12-21T19:28:52.202+0000] {processor.py:161} INFO - Started process (PID=1197) to work on /home/airflow/.local/lib/python3.8/site-packages/airflow/example_dags/example_setup_teardown_taskflow.py
[2023-12-21T19:28:52.204+0000] {processor.py:830} INFO - Processing file /home/airflow/.local/lib/python3.8/site-packages/airflow/example_dags/example_setup_teardown_taskflow.py for tasks to queue
[2023-12-21T19:28:52.209+0000] {logging_mixin.py:188} INFO - [2023-12-21T19:28:52.208+0000] {dagbag.py:538} INFO - Filling up the DagBag from /home/airflow/.local/lib/python3.8/site-packages/airflow/example_dags/example_setup_teardown_taskflow.py
[2023-12-21T19:28:52.241+0000] {processor.py:840} INFO - DAG(s) 'example_setup_teardown_taskflow' retrieved from /home/airflow/.local/lib/python3.8/site-packages/airflow/example_dags/example_setup_teardown_taskflow.py
[2023-12-21T19:28:52.317+0000] {logging_mixin.py:188} INFO - [2023-12-21T19:28:52.317+0000] {dag.py:3033} INFO - Sync 1 DAGs
[2023-12-21T19:28:52.394+0000] {logging_mixin.py:188} INFO - [2023-12-21T19:28:52.394+0000] {dag.py:3820} INFO - Setting next_dagrun for example_setup_teardown_taskflow to 2023-12-20T00:00:00+00:00, run_after=2023-12-21T00:00:00+00:00
[2023-12-21T19:28:52.475+0000] {processor.py:183} INFO - Processing /home/airflow/.local/lib/python3.8/site-packages/airflow/example_dags/example_setup_teardown_taskflow.py took 0.289 seconds
[2023-12-21T19:29:22.580+0000] {processor.py:161} INFO - Started process (PID=1252) to work on /home/airflow/.local/lib/python3.8/site-packages/airflow/example_dags/example_setup_teardown_taskflow.py
[2023-12-21T19:29:22.582+0000] {processor.py:830} INFO - Processing file /home/airflow/.local/lib/python3.8/site-packages/airflow/example_dags/example_setup_teardown_taskflow.py for tasks to queue
[2023-12-21T19:29:22.588+0000] {logging_mixin.py:188} INFO - [2023-12-21T19:29:22.588+0000] {dagbag.py:538} INFO - Filling up the DagBag from /home/airflow/.local/lib/python3.8/site-packages/airflow/example_dags/example_setup_teardown_taskflow.py
[2023-12-21T19:29:22.659+0000] {processor.py:840} INFO - DAG(s) 'example_setup_teardown_taskflow' retrieved from /home/airflow/.local/lib/python3.8/site-packages/airflow/example_dags/example_setup_teardown_taskflow.py
[2023-12-21T19:29:22.780+0000] {logging_mixin.py:188} INFO - [2023-12-21T19:29:22.779+0000] {dag.py:3033} INFO - Sync 1 DAGs
[2023-12-21T19:29:22.864+0000] {logging_mixin.py:188} INFO - [2023-12-21T19:29:22.864+0000] {dag.py:3820} INFO - Setting next_dagrun for example_setup_teardown_taskflow to 2023-12-20T00:00:00+00:00, run_after=2023-12-21T00:00:00+00:00
[2023-12-21T19:29:22.913+0000] {processor.py:183} INFO - Processing /home/airflow/.local/lib/python3.8/site-packages/airflow/example_dags/example_setup_teardown_taskflow.py took 0.338 seconds
[2023-12-21T19:29:53.665+0000] {processor.py:161} INFO - Started process (PID=1307) to work on /home/airflow/.local/lib/python3.8/site-packages/airflow/example_dags/example_setup_teardown_taskflow.py
[2023-12-21T19:29:53.674+0000] {processor.py:830} INFO - Processing file /home/airflow/.local/lib/python3.8/site-packages/airflow/example_dags/example_setup_teardown_taskflow.py for tasks to queue
[2023-12-21T19:29:53.677+0000] {logging_mixin.py:188} INFO - [2023-12-21T19:29:53.677+0000] {dagbag.py:538} INFO - Filling up the DagBag from /home/airflow/.local/lib/python3.8/site-packages/airflow/example_dags/example_setup_teardown_taskflow.py
[2023-12-21T19:29:53.697+0000] {processor.py:840} INFO - DAG(s) 'example_setup_teardown_taskflow' retrieved from /home/airflow/.local/lib/python3.8/site-packages/airflow/example_dags/example_setup_teardown_taskflow.py
[2023-12-21T19:29:53.741+0000] {logging_mixin.py:188} INFO - [2023-12-21T19:29:53.740+0000] {dag.py:3033} INFO - Sync 1 DAGs
[2023-12-21T19:29:53.790+0000] {logging_mixin.py:188} INFO - [2023-12-21T19:29:53.790+0000] {dag.py:3820} INFO - Setting next_dagrun for example_setup_teardown_taskflow to 2023-12-20T00:00:00+00:00, run_after=2023-12-21T00:00:00+00:00
[2023-12-21T19:29:53.819+0000] {processor.py:183} INFO - Processing /home/airflow/.local/lib/python3.8/site-packages/airflow/example_dags/example_setup_teardown_taskflow.py took 0.159 seconds
[2023-12-21T19:30:24.130+0000] {processor.py:161} INFO - Started process (PID=1367) to work on /home/airflow/.local/lib/python3.8/site-packages/airflow/example_dags/example_setup_teardown_taskflow.py
[2023-12-21T19:30:24.132+0000] {processor.py:830} INFO - Processing file /home/airflow/.local/lib/python3.8/site-packages/airflow/example_dags/example_setup_teardown_taskflow.py for tasks to queue
[2023-12-21T19:30:24.136+0000] {logging_mixin.py:188} INFO - [2023-12-21T19:30:24.135+0000] {dagbag.py:538} INFO - Filling up the DagBag from /home/airflow/.local/lib/python3.8/site-packages/airflow/example_dags/example_setup_teardown_taskflow.py
[2023-12-21T19:30:24.159+0000] {processor.py:840} INFO - DAG(s) 'example_setup_teardown_taskflow' retrieved from /home/airflow/.local/lib/python3.8/site-packages/airflow/example_dags/example_setup_teardown_taskflow.py
[2023-12-21T19:30:24.210+0000] {logging_mixin.py:188} INFO - [2023-12-21T19:30:24.210+0000] {dag.py:3033} INFO - Sync 1 DAGs
[2023-12-21T19:30:24.264+0000] {logging_mixin.py:188} INFO - [2023-12-21T19:30:24.263+0000] {dag.py:3820} INFO - Setting next_dagrun for example_setup_teardown_taskflow to 2023-12-20T00:00:00+00:00, run_after=2023-12-21T00:00:00+00:00
[2023-12-21T19:30:24.308+0000] {processor.py:183} INFO - Processing /home/airflow/.local/lib/python3.8/site-packages/airflow/example_dags/example_setup_teardown_taskflow.py took 0.204 seconds
[2023-12-21T19:30:54.555+0000] {processor.py:161} INFO - Started process (PID=1421) to work on /home/airflow/.local/lib/python3.8/site-packages/airflow/example_dags/example_setup_teardown_taskflow.py
[2023-12-21T19:30:54.565+0000] {processor.py:830} INFO - Processing file /home/airflow/.local/lib/python3.8/site-packages/airflow/example_dags/example_setup_teardown_taskflow.py for tasks to queue
[2023-12-21T19:30:54.573+0000] {logging_mixin.py:188} INFO - [2023-12-21T19:30:54.572+0000] {dagbag.py:538} INFO - Filling up the DagBag from /home/airflow/.local/lib/python3.8/site-packages/airflow/example_dags/example_setup_teardown_taskflow.py
[2023-12-21T19:30:54.599+0000] {processor.py:840} INFO - DAG(s) 'example_setup_teardown_taskflow' retrieved from /home/airflow/.local/lib/python3.8/site-packages/airflow/example_dags/example_setup_teardown_taskflow.py
[2023-12-21T19:30:54.639+0000] {logging_mixin.py:188} INFO - [2023-12-21T19:30:54.639+0000] {dag.py:3033} INFO - Sync 1 DAGs
[2023-12-21T19:30:54.681+0000] {logging_mixin.py:188} INFO - [2023-12-21T19:30:54.680+0000] {dag.py:3820} INFO - Setting next_dagrun for example_setup_teardown_taskflow to 2023-12-20T00:00:00+00:00, run_after=2023-12-21T00:00:00+00:00
[2023-12-21T19:30:54.719+0000] {processor.py:183} INFO - Processing /home/airflow/.local/lib/python3.8/site-packages/airflow/example_dags/example_setup_teardown_taskflow.py took 0.186 seconds
[2023-12-21T19:31:25.042+0000] {processor.py:161} INFO - Started process (PID=1476) to work on /home/airflow/.local/lib/python3.8/site-packages/airflow/example_dags/example_setup_teardown_taskflow.py
[2023-12-21T19:31:25.043+0000] {processor.py:830} INFO - Processing file /home/airflow/.local/lib/python3.8/site-packages/airflow/example_dags/example_setup_teardown_taskflow.py for tasks to queue
[2023-12-21T19:31:25.048+0000] {logging_mixin.py:188} INFO - [2023-12-21T19:31:25.047+0000] {dagbag.py:538} INFO - Filling up the DagBag from /home/airflow/.local/lib/python3.8/site-packages/airflow/example_dags/example_setup_teardown_taskflow.py
[2023-12-21T19:31:25.067+0000] {processor.py:840} INFO - DAG(s) 'example_setup_teardown_taskflow' retrieved from /home/airflow/.local/lib/python3.8/site-packages/airflow/example_dags/example_setup_teardown_taskflow.py
[2023-12-21T19:31:25.094+0000] {logging_mixin.py:188} INFO - [2023-12-21T19:31:25.094+0000] {dag.py:3033} INFO - Sync 1 DAGs
[2023-12-21T19:31:25.119+0000] {logging_mixin.py:188} INFO - [2023-12-21T19:31:25.118+0000] {dag.py:3820} INFO - Setting next_dagrun for example_setup_teardown_taskflow to 2023-12-20T00:00:00+00:00, run_after=2023-12-21T00:00:00+00:00
[2023-12-21T19:31:25.148+0000] {processor.py:183} INFO - Processing /home/airflow/.local/lib/python3.8/site-packages/airflow/example_dags/example_setup_teardown_taskflow.py took 0.112 seconds
[2023-12-21T19:34:24.749+0000] {processor.py:161} INFO - Started process (PID=45) to work on /home/airflow/.local/lib/python3.8/site-packages/airflow/example_dags/example_setup_teardown_taskflow.py
[2023-12-21T19:34:24.775+0000] {processor.py:830} INFO - Processing file /home/airflow/.local/lib/python3.8/site-packages/airflow/example_dags/example_setup_teardown_taskflow.py for tasks to queue
[2023-12-21T19:34:24.778+0000] {logging_mixin.py:188} INFO - [2023-12-21T19:34:24.778+0000] {dagbag.py:538} INFO - Filling up the DagBag from /home/airflow/.local/lib/python3.8/site-packages/airflow/example_dags/example_setup_teardown_taskflow.py
[2023-12-21T19:34:24.825+0000] {processor.py:840} INFO - DAG(s) 'example_setup_teardown_taskflow' retrieved from /home/airflow/.local/lib/python3.8/site-packages/airflow/example_dags/example_setup_teardown_taskflow.py
[2023-12-21T19:34:25.486+0000] {logging_mixin.py:188} INFO - [2023-12-21T19:34:25.486+0000] {dag.py:3033} INFO - Sync 1 DAGs
[2023-12-21T19:34:25.534+0000] {logging_mixin.py:188} INFO - [2023-12-21T19:34:25.534+0000] {dag.py:3820} INFO - Setting next_dagrun for example_setup_teardown_taskflow to 2023-12-20T00:00:00+00:00, run_after=2023-12-21T00:00:00+00:00
[2023-12-21T19:34:25.655+0000] {processor.py:183} INFO - Processing /home/airflow/.local/lib/python3.8/site-packages/airflow/example_dags/example_setup_teardown_taskflow.py took 0.912 seconds
