[2023-12-21T19:11:58.163+0000] {processor.py:161} INFO - Started process (PID=51) to work on /home/airflow/.local/lib/python3.8/site-packages/airflow/example_dags/example_branch_labels.py
[2023-12-21T19:11:58.164+0000] {processor.py:830} INFO - Processing file /home/airflow/.local/lib/python3.8/site-packages/airflow/example_dags/example_branch_labels.py for tasks to queue
[2023-12-21T19:11:58.167+0000] {logging_mixin.py:188} INFO - [2023-12-21T19:11:58.167+0000] {dagbag.py:538} INFO - Filling up the DagBag from /home/airflow/.local/lib/python3.8/site-packages/airflow/example_dags/example_branch_labels.py
[2023-12-21T19:11:58.187+0000] {processor.py:840} INFO - DAG(s) 'example_branch_labels' retrieved from /home/airflow/.local/lib/python3.8/site-packages/airflow/example_dags/example_branch_labels.py
[2023-12-21T19:11:58.472+0000] {logging_mixin.py:188} INFO - [2023-12-21T19:11:58.472+0000] {dag.py:3033} INFO - Sync 1 DAGs
[2023-12-21T19:11:58.514+0000] {logging_mixin.py:188} INFO - [2023-12-21T19:11:58.514+0000] {dag.py:3820} INFO - Setting next_dagrun for example_branch_labels to 2023-12-20T00:00:00+00:00, run_after=2023-12-21T00:00:00+00:00
[2023-12-21T19:11:58.556+0000] {processor.py:183} INFO - Processing /home/airflow/.local/lib/python3.8/site-packages/airflow/example_dags/example_branch_labels.py took 0.398 seconds
[2023-12-21T19:12:28.713+0000] {processor.py:161} INFO - Started process (PID=105) to work on /home/airflow/.local/lib/python3.8/site-packages/airflow/example_dags/example_branch_labels.py
[2023-12-21T19:12:28.714+0000] {processor.py:830} INFO - Processing file /home/airflow/.local/lib/python3.8/site-packages/airflow/example_dags/example_branch_labels.py for tasks to queue
[2023-12-21T19:12:28.716+0000] {logging_mixin.py:188} INFO - [2023-12-21T19:12:28.716+0000] {dagbag.py:538} INFO - Filling up the DagBag from /home/airflow/.local/lib/python3.8/site-packages/airflow/example_dags/example_branch_labels.py
[2023-12-21T19:12:28.725+0000] {processor.py:840} INFO - DAG(s) 'example_branch_labels' retrieved from /home/airflow/.local/lib/python3.8/site-packages/airflow/example_dags/example_branch_labels.py
[2023-12-21T19:12:28.749+0000] {logging_mixin.py:188} INFO - [2023-12-21T19:12:28.749+0000] {dag.py:3033} INFO - Sync 1 DAGs
[2023-12-21T19:12:28.784+0000] {logging_mixin.py:188} INFO - [2023-12-21T19:12:28.783+0000] {dag.py:3820} INFO - Setting next_dagrun for example_branch_labels to 2023-12-20T00:00:00+00:00, run_after=2023-12-21T00:00:00+00:00
[2023-12-21T19:12:28.823+0000] {processor.py:183} INFO - Processing /home/airflow/.local/lib/python3.8/site-packages/airflow/example_dags/example_branch_labels.py took 0.113 seconds
[2023-12-21T19:12:59.479+0000] {processor.py:161} INFO - Started process (PID=160) to work on /home/airflow/.local/lib/python3.8/site-packages/airflow/example_dags/example_branch_labels.py
[2023-12-21T19:12:59.480+0000] {processor.py:830} INFO - Processing file /home/airflow/.local/lib/python3.8/site-packages/airflow/example_dags/example_branch_labels.py for tasks to queue
[2023-12-21T19:12:59.493+0000] {logging_mixin.py:188} INFO - [2023-12-21T19:12:59.492+0000] {dagbag.py:538} INFO - Filling up the DagBag from /home/airflow/.local/lib/python3.8/site-packages/airflow/example_dags/example_branch_labels.py
[2023-12-21T19:12:59.542+0000] {processor.py:840} INFO - DAG(s) 'example_branch_labels' retrieved from /home/airflow/.local/lib/python3.8/site-packages/airflow/example_dags/example_branch_labels.py
[2023-12-21T19:12:59.643+0000] {logging_mixin.py:188} INFO - [2023-12-21T19:12:59.643+0000] {dag.py:3033} INFO - Sync 1 DAGs
[2023-12-21T19:12:59.747+0000] {logging_mixin.py:188} INFO - [2023-12-21T19:12:59.746+0000] {dag.py:3820} INFO - Setting next_dagrun for example_branch_labels to 2023-12-20T00:00:00+00:00, run_after=2023-12-21T00:00:00+00:00
[2023-12-21T19:12:59.820+0000] {processor.py:183} INFO - Processing /home/airflow/.local/lib/python3.8/site-packages/airflow/example_dags/example_branch_labels.py took 0.353 seconds
[2023-12-21T19:13:30.292+0000] {processor.py:161} INFO - Started process (PID=215) to work on /home/airflow/.local/lib/python3.8/site-packages/airflow/example_dags/example_branch_labels.py
[2023-12-21T19:13:30.293+0000] {processor.py:830} INFO - Processing file /home/airflow/.local/lib/python3.8/site-packages/airflow/example_dags/example_branch_labels.py for tasks to queue
[2023-12-21T19:13:30.295+0000] {logging_mixin.py:188} INFO - [2023-12-21T19:13:30.295+0000] {dagbag.py:538} INFO - Filling up the DagBag from /home/airflow/.local/lib/python3.8/site-packages/airflow/example_dags/example_branch_labels.py
[2023-12-21T19:13:30.308+0000] {processor.py:840} INFO - DAG(s) 'example_branch_labels' retrieved from /home/airflow/.local/lib/python3.8/site-packages/airflow/example_dags/example_branch_labels.py
[2023-12-21T19:13:30.335+0000] {logging_mixin.py:188} INFO - [2023-12-21T19:13:30.334+0000] {dag.py:3033} INFO - Sync 1 DAGs
[2023-12-21T19:13:30.364+0000] {logging_mixin.py:188} INFO - [2023-12-21T19:13:30.363+0000] {dag.py:3820} INFO - Setting next_dagrun for example_branch_labels to 2023-12-20T00:00:00+00:00, run_after=2023-12-21T00:00:00+00:00
[2023-12-21T19:13:30.424+0000] {processor.py:183} INFO - Processing /home/airflow/.local/lib/python3.8/site-packages/airflow/example_dags/example_branch_labels.py took 0.137 seconds
[2023-12-21T19:14:00.691+0000] {processor.py:161} INFO - Started process (PID=270) to work on /home/airflow/.local/lib/python3.8/site-packages/airflow/example_dags/example_branch_labels.py
[2023-12-21T19:14:00.692+0000] {processor.py:830} INFO - Processing file /home/airflow/.local/lib/python3.8/site-packages/airflow/example_dags/example_branch_labels.py for tasks to queue
[2023-12-21T19:14:00.695+0000] {logging_mixin.py:188} INFO - [2023-12-21T19:14:00.695+0000] {dagbag.py:538} INFO - Filling up the DagBag from /home/airflow/.local/lib/python3.8/site-packages/airflow/example_dags/example_branch_labels.py
[2023-12-21T19:14:00.705+0000] {processor.py:840} INFO - DAG(s) 'example_branch_labels' retrieved from /home/airflow/.local/lib/python3.8/site-packages/airflow/example_dags/example_branch_labels.py
[2023-12-21T19:14:00.733+0000] {logging_mixin.py:188} INFO - [2023-12-21T19:14:00.732+0000] {dag.py:3033} INFO - Sync 1 DAGs
[2023-12-21T19:14:00.758+0000] {logging_mixin.py:188} INFO - [2023-12-21T19:14:00.758+0000] {dag.py:3820} INFO - Setting next_dagrun for example_branch_labels to 2023-12-20T00:00:00+00:00, run_after=2023-12-21T00:00:00+00:00
[2023-12-21T19:14:00.797+0000] {processor.py:183} INFO - Processing /home/airflow/.local/lib/python3.8/site-packages/airflow/example_dags/example_branch_labels.py took 0.111 seconds
[2023-12-21T19:18:11.081+0000] {processor.py:161} INFO - Started process (PID=51) to work on /home/airflow/.local/lib/python3.8/site-packages/airflow/example_dags/example_branch_labels.py
[2023-12-21T19:18:11.084+0000] {processor.py:830} INFO - Processing file /home/airflow/.local/lib/python3.8/site-packages/airflow/example_dags/example_branch_labels.py for tasks to queue
[2023-12-21T19:18:11.089+0000] {logging_mixin.py:188} INFO - [2023-12-21T19:18:11.089+0000] {dagbag.py:538} INFO - Filling up the DagBag from /home/airflow/.local/lib/python3.8/site-packages/airflow/example_dags/example_branch_labels.py
[2023-12-21T19:18:11.164+0000] {processor.py:840} INFO - DAG(s) 'example_branch_labels' retrieved from /home/airflow/.local/lib/python3.8/site-packages/airflow/example_dags/example_branch_labels.py
[2023-12-21T19:18:11.424+0000] {logging_mixin.py:188} INFO - [2023-12-21T19:18:11.424+0000] {dag.py:3033} INFO - Sync 1 DAGs
[2023-12-21T19:18:11.498+0000] {logging_mixin.py:188} INFO - [2023-12-21T19:18:11.498+0000] {dag.py:3820} INFO - Setting next_dagrun for example_branch_labels to 2023-12-20T00:00:00+00:00, run_after=2023-12-21T00:00:00+00:00
[2023-12-21T19:18:11.572+0000] {processor.py:183} INFO - Processing /home/airflow/.local/lib/python3.8/site-packages/airflow/example_dags/example_branch_labels.py took 0.498 seconds
[2023-12-21T19:18:42.430+0000] {processor.py:161} INFO - Started process (PID=106) to work on /home/airflow/.local/lib/python3.8/site-packages/airflow/example_dags/example_branch_labels.py
[2023-12-21T19:18:42.431+0000] {processor.py:830} INFO - Processing file /home/airflow/.local/lib/python3.8/site-packages/airflow/example_dags/example_branch_labels.py for tasks to queue
[2023-12-21T19:18:42.436+0000] {logging_mixin.py:188} INFO - [2023-12-21T19:18:42.435+0000] {dagbag.py:538} INFO - Filling up the DagBag from /home/airflow/.local/lib/python3.8/site-packages/airflow/example_dags/example_branch_labels.py
[2023-12-21T19:18:42.455+0000] {processor.py:840} INFO - DAG(s) 'example_branch_labels' retrieved from /home/airflow/.local/lib/python3.8/site-packages/airflow/example_dags/example_branch_labels.py
[2023-12-21T19:18:42.491+0000] {logging_mixin.py:188} INFO - [2023-12-21T19:18:42.491+0000] {dag.py:3033} INFO - Sync 1 DAGs
[2023-12-21T19:18:42.534+0000] {logging_mixin.py:188} INFO - [2023-12-21T19:18:42.533+0000] {dag.py:3820} INFO - Setting next_dagrun for example_branch_labels to 2023-12-20T00:00:00+00:00, run_after=2023-12-21T00:00:00+00:00
[2023-12-21T19:18:42.578+0000] {processor.py:183} INFO - Processing /home/airflow/.local/lib/python3.8/site-packages/airflow/example_dags/example_branch_labels.py took 0.155 seconds
[2023-12-21T19:19:12.791+0000] {processor.py:161} INFO - Started process (PID=162) to work on /home/airflow/.local/lib/python3.8/site-packages/airflow/example_dags/example_branch_labels.py
[2023-12-21T19:19:12.799+0000] {processor.py:830} INFO - Processing file /home/airflow/.local/lib/python3.8/site-packages/airflow/example_dags/example_branch_labels.py for tasks to queue
[2023-12-21T19:19:12.802+0000] {logging_mixin.py:188} INFO - [2023-12-21T19:19:12.801+0000] {dagbag.py:538} INFO - Filling up the DagBag from /home/airflow/.local/lib/python3.8/site-packages/airflow/example_dags/example_branch_labels.py
[2023-12-21T19:19:12.811+0000] {processor.py:840} INFO - DAG(s) 'example_branch_labels' retrieved from /home/airflow/.local/lib/python3.8/site-packages/airflow/example_dags/example_branch_labels.py
[2023-12-21T19:19:12.843+0000] {logging_mixin.py:188} INFO - [2023-12-21T19:19:12.842+0000] {dag.py:3033} INFO - Sync 1 DAGs
[2023-12-21T19:19:12.877+0000] {logging_mixin.py:188} INFO - [2023-12-21T19:19:12.877+0000] {dag.py:3820} INFO - Setting next_dagrun for example_branch_labels to 2023-12-20T00:00:00+00:00, run_after=2023-12-21T00:00:00+00:00
[2023-12-21T19:19:12.906+0000] {processor.py:183} INFO - Processing /home/airflow/.local/lib/python3.8/site-packages/airflow/example_dags/example_branch_labels.py took 0.121 seconds
[2023-12-21T19:19:43.294+0000] {processor.py:161} INFO - Started process (PID=217) to work on /home/airflow/.local/lib/python3.8/site-packages/airflow/example_dags/example_branch_labels.py
[2023-12-21T19:19:43.296+0000] {processor.py:830} INFO - Processing file /home/airflow/.local/lib/python3.8/site-packages/airflow/example_dags/example_branch_labels.py for tasks to queue
[2023-12-21T19:19:43.299+0000] {logging_mixin.py:188} INFO - [2023-12-21T19:19:43.299+0000] {dagbag.py:538} INFO - Filling up the DagBag from /home/airflow/.local/lib/python3.8/site-packages/airflow/example_dags/example_branch_labels.py
[2023-12-21T19:19:43.310+0000] {processor.py:840} INFO - DAG(s) 'example_branch_labels' retrieved from /home/airflow/.local/lib/python3.8/site-packages/airflow/example_dags/example_branch_labels.py
[2023-12-21T19:19:43.338+0000] {logging_mixin.py:188} INFO - [2023-12-21T19:19:43.338+0000] {dag.py:3033} INFO - Sync 1 DAGs
[2023-12-21T19:19:43.369+0000] {logging_mixin.py:188} INFO - [2023-12-21T19:19:43.369+0000] {dag.py:3820} INFO - Setting next_dagrun for example_branch_labels to 2023-12-20T00:00:00+00:00, run_after=2023-12-21T00:00:00+00:00
[2023-12-21T19:19:43.401+0000] {processor.py:183} INFO - Processing /home/airflow/.local/lib/python3.8/site-packages/airflow/example_dags/example_branch_labels.py took 0.113 seconds
[2023-12-21T19:20:13.941+0000] {processor.py:161} INFO - Started process (PID=272) to work on /home/airflow/.local/lib/python3.8/site-packages/airflow/example_dags/example_branch_labels.py
[2023-12-21T19:20:13.953+0000] {processor.py:830} INFO - Processing file /home/airflow/.local/lib/python3.8/site-packages/airflow/example_dags/example_branch_labels.py for tasks to queue
[2023-12-21T19:20:13.958+0000] {logging_mixin.py:188} INFO - [2023-12-21T19:20:13.957+0000] {dagbag.py:538} INFO - Filling up the DagBag from /home/airflow/.local/lib/python3.8/site-packages/airflow/example_dags/example_branch_labels.py
[2023-12-21T19:20:13.973+0000] {processor.py:840} INFO - DAG(s) 'example_branch_labels' retrieved from /home/airflow/.local/lib/python3.8/site-packages/airflow/example_dags/example_branch_labels.py
[2023-12-21T19:20:14.009+0000] {logging_mixin.py:188} INFO - [2023-12-21T19:20:14.009+0000] {dag.py:3033} INFO - Sync 1 DAGs
[2023-12-21T19:20:14.050+0000] {logging_mixin.py:188} INFO - [2023-12-21T19:20:14.049+0000] {dag.py:3820} INFO - Setting next_dagrun for example_branch_labels to 2023-12-20T00:00:00+00:00, run_after=2023-12-21T00:00:00+00:00
[2023-12-21T19:20:14.085+0000] {processor.py:183} INFO - Processing /home/airflow/.local/lib/python3.8/site-packages/airflow/example_dags/example_branch_labels.py took 0.152 seconds
[2023-12-21T19:20:44.146+0000] {processor.py:161} INFO - Started process (PID=327) to work on /home/airflow/.local/lib/python3.8/site-packages/airflow/example_dags/example_branch_labels.py
[2023-12-21T19:20:44.147+0000] {processor.py:830} INFO - Processing file /home/airflow/.local/lib/python3.8/site-packages/airflow/example_dags/example_branch_labels.py for tasks to queue
[2023-12-21T19:20:44.151+0000] {logging_mixin.py:188} INFO - [2023-12-21T19:20:44.151+0000] {dagbag.py:538} INFO - Filling up the DagBag from /home/airflow/.local/lib/python3.8/site-packages/airflow/example_dags/example_branch_labels.py
[2023-12-21T19:20:44.170+0000] {processor.py:840} INFO - DAG(s) 'example_branch_labels' retrieved from /home/airflow/.local/lib/python3.8/site-packages/airflow/example_dags/example_branch_labels.py
[2023-12-21T19:20:44.225+0000] {logging_mixin.py:188} INFO - [2023-12-21T19:20:44.225+0000] {dag.py:3033} INFO - Sync 1 DAGs
[2023-12-21T19:20:44.266+0000] {logging_mixin.py:188} INFO - [2023-12-21T19:20:44.265+0000] {dag.py:3820} INFO - Setting next_dagrun for example_branch_labels to 2023-12-20T00:00:00+00:00, run_after=2023-12-21T00:00:00+00:00
[2023-12-21T19:20:44.302+0000] {processor.py:183} INFO - Processing /home/airflow/.local/lib/python3.8/site-packages/airflow/example_dags/example_branch_labels.py took 0.160 seconds
[2023-12-21T19:21:14.532+0000] {processor.py:161} INFO - Started process (PID=382) to work on /home/airflow/.local/lib/python3.8/site-packages/airflow/example_dags/example_branch_labels.py
[2023-12-21T19:21:14.533+0000] {processor.py:830} INFO - Processing file /home/airflow/.local/lib/python3.8/site-packages/airflow/example_dags/example_branch_labels.py for tasks to queue
[2023-12-21T19:21:14.537+0000] {logging_mixin.py:188} INFO - [2023-12-21T19:21:14.537+0000] {dagbag.py:538} INFO - Filling up the DagBag from /home/airflow/.local/lib/python3.8/site-packages/airflow/example_dags/example_branch_labels.py
[2023-12-21T19:21:14.555+0000] {processor.py:840} INFO - DAG(s) 'example_branch_labels' retrieved from /home/airflow/.local/lib/python3.8/site-packages/airflow/example_dags/example_branch_labels.py
[2023-12-21T19:21:14.601+0000] {logging_mixin.py:188} INFO - [2023-12-21T19:21:14.600+0000] {dag.py:3033} INFO - Sync 1 DAGs
[2023-12-21T19:21:14.664+0000] {logging_mixin.py:188} INFO - [2023-12-21T19:21:14.663+0000] {dag.py:3820} INFO - Setting next_dagrun for example_branch_labels to 2023-12-20T00:00:00+00:00, run_after=2023-12-21T00:00:00+00:00
[2023-12-21T19:21:14.705+0000] {processor.py:183} INFO - Processing /home/airflow/.local/lib/python3.8/site-packages/airflow/example_dags/example_branch_labels.py took 0.180 seconds
[2023-12-21T19:21:45.240+0000] {processor.py:161} INFO - Started process (PID=437) to work on /home/airflow/.local/lib/python3.8/site-packages/airflow/example_dags/example_branch_labels.py
[2023-12-21T19:21:45.242+0000] {processor.py:830} INFO - Processing file /home/airflow/.local/lib/python3.8/site-packages/airflow/example_dags/example_branch_labels.py for tasks to queue
[2023-12-21T19:21:45.249+0000] {logging_mixin.py:188} INFO - [2023-12-21T19:21:45.248+0000] {dagbag.py:538} INFO - Filling up the DagBag from /home/airflow/.local/lib/python3.8/site-packages/airflow/example_dags/example_branch_labels.py
[2023-12-21T19:21:45.265+0000] {processor.py:840} INFO - DAG(s) 'example_branch_labels' retrieved from /home/airflow/.local/lib/python3.8/site-packages/airflow/example_dags/example_branch_labels.py
[2023-12-21T19:21:45.318+0000] {logging_mixin.py:188} INFO - [2023-12-21T19:21:45.318+0000] {dag.py:3033} INFO - Sync 1 DAGs
[2023-12-21T19:21:45.373+0000] {logging_mixin.py:188} INFO - [2023-12-21T19:21:45.372+0000] {dag.py:3820} INFO - Setting next_dagrun for example_branch_labels to 2023-12-20T00:00:00+00:00, run_after=2023-12-21T00:00:00+00:00
[2023-12-21T19:21:45.422+0000] {processor.py:183} INFO - Processing /home/airflow/.local/lib/python3.8/site-packages/airflow/example_dags/example_branch_labels.py took 0.190 seconds
[2023-12-21T19:22:16.056+0000] {processor.py:161} INFO - Started process (PID=492) to work on /home/airflow/.local/lib/python3.8/site-packages/airflow/example_dags/example_branch_labels.py
[2023-12-21T19:22:16.057+0000] {processor.py:830} INFO - Processing file /home/airflow/.local/lib/python3.8/site-packages/airflow/example_dags/example_branch_labels.py for tasks to queue
[2023-12-21T19:22:16.060+0000] {logging_mixin.py:188} INFO - [2023-12-21T19:22:16.060+0000] {dagbag.py:538} INFO - Filling up the DagBag from /home/airflow/.local/lib/python3.8/site-packages/airflow/example_dags/example_branch_labels.py
[2023-12-21T19:22:16.076+0000] {processor.py:840} INFO - DAG(s) 'example_branch_labels' retrieved from /home/airflow/.local/lib/python3.8/site-packages/airflow/example_dags/example_branch_labels.py
[2023-12-21T19:22:16.109+0000] {logging_mixin.py:188} INFO - [2023-12-21T19:22:16.109+0000] {dag.py:3033} INFO - Sync 1 DAGs
[2023-12-21T19:22:16.166+0000] {logging_mixin.py:188} INFO - [2023-12-21T19:22:16.165+0000] {dag.py:3820} INFO - Setting next_dagrun for example_branch_labels to 2023-12-20T00:00:00+00:00, run_after=2023-12-21T00:00:00+00:00
[2023-12-21T19:22:16.202+0000] {processor.py:183} INFO - Processing /home/airflow/.local/lib/python3.8/site-packages/airflow/example_dags/example_branch_labels.py took 0.153 seconds
[2023-12-21T19:22:46.539+0000] {processor.py:161} INFO - Started process (PID=547) to work on /home/airflow/.local/lib/python3.8/site-packages/airflow/example_dags/example_branch_labels.py
[2023-12-21T19:22:46.540+0000] {processor.py:830} INFO - Processing file /home/airflow/.local/lib/python3.8/site-packages/airflow/example_dags/example_branch_labels.py for tasks to queue
[2023-12-21T19:22:46.544+0000] {logging_mixin.py:188} INFO - [2023-12-21T19:22:46.543+0000] {dagbag.py:538} INFO - Filling up the DagBag from /home/airflow/.local/lib/python3.8/site-packages/airflow/example_dags/example_branch_labels.py
[2023-12-21T19:22:46.555+0000] {processor.py:840} INFO - DAG(s) 'example_branch_labels' retrieved from /home/airflow/.local/lib/python3.8/site-packages/airflow/example_dags/example_branch_labels.py
[2023-12-21T19:22:46.590+0000] {logging_mixin.py:188} INFO - [2023-12-21T19:22:46.590+0000] {dag.py:3033} INFO - Sync 1 DAGs
[2023-12-21T19:22:46.647+0000] {logging_mixin.py:188} INFO - [2023-12-21T19:22:46.647+0000] {dag.py:3820} INFO - Setting next_dagrun for example_branch_labels to 2023-12-20T00:00:00+00:00, run_after=2023-12-21T00:00:00+00:00
[2023-12-21T19:22:46.683+0000] {processor.py:183} INFO - Processing /home/airflow/.local/lib/python3.8/site-packages/airflow/example_dags/example_branch_labels.py took 0.150 seconds
[2023-12-21T19:23:17.180+0000] {processor.py:161} INFO - Started process (PID=602) to work on /home/airflow/.local/lib/python3.8/site-packages/airflow/example_dags/example_branch_labels.py
[2023-12-21T19:23:17.181+0000] {processor.py:830} INFO - Processing file /home/airflow/.local/lib/python3.8/site-packages/airflow/example_dags/example_branch_labels.py for tasks to queue
[2023-12-21T19:23:17.184+0000] {logging_mixin.py:188} INFO - [2023-12-21T19:23:17.183+0000] {dagbag.py:538} INFO - Filling up the DagBag from /home/airflow/.local/lib/python3.8/site-packages/airflow/example_dags/example_branch_labels.py
[2023-12-21T19:23:17.198+0000] {processor.py:840} INFO - DAG(s) 'example_branch_labels' retrieved from /home/airflow/.local/lib/python3.8/site-packages/airflow/example_dags/example_branch_labels.py
[2023-12-21T19:23:17.241+0000] {logging_mixin.py:188} INFO - [2023-12-21T19:23:17.241+0000] {dag.py:3033} INFO - Sync 1 DAGs
[2023-12-21T19:23:17.283+0000] {logging_mixin.py:188} INFO - [2023-12-21T19:23:17.283+0000] {dag.py:3820} INFO - Setting next_dagrun for example_branch_labels to 2023-12-20T00:00:00+00:00, run_after=2023-12-21T00:00:00+00:00
[2023-12-21T19:23:17.318+0000] {processor.py:183} INFO - Processing /home/airflow/.local/lib/python3.8/site-packages/airflow/example_dags/example_branch_labels.py took 0.144 seconds
[2023-12-21T19:23:47.544+0000] {processor.py:161} INFO - Started process (PID=656) to work on /home/airflow/.local/lib/python3.8/site-packages/airflow/example_dags/example_branch_labels.py
[2023-12-21T19:23:47.546+0000] {processor.py:830} INFO - Processing file /home/airflow/.local/lib/python3.8/site-packages/airflow/example_dags/example_branch_labels.py for tasks to queue
[2023-12-21T19:23:47.548+0000] {logging_mixin.py:188} INFO - [2023-12-21T19:23:47.548+0000] {dagbag.py:538} INFO - Filling up the DagBag from /home/airflow/.local/lib/python3.8/site-packages/airflow/example_dags/example_branch_labels.py
[2023-12-21T19:23:47.562+0000] {processor.py:840} INFO - DAG(s) 'example_branch_labels' retrieved from /home/airflow/.local/lib/python3.8/site-packages/airflow/example_dags/example_branch_labels.py
[2023-12-21T19:23:47.601+0000] {logging_mixin.py:188} INFO - [2023-12-21T19:23:47.600+0000] {dag.py:3033} INFO - Sync 1 DAGs
[2023-12-21T19:23:47.650+0000] {logging_mixin.py:188} INFO - [2023-12-21T19:23:47.650+0000] {dag.py:3820} INFO - Setting next_dagrun for example_branch_labels to 2023-12-20T00:00:00+00:00, run_after=2023-12-21T00:00:00+00:00
[2023-12-21T19:23:47.686+0000] {processor.py:183} INFO - Processing /home/airflow/.local/lib/python3.8/site-packages/airflow/example_dags/example_branch_labels.py took 0.150 seconds
[2023-12-21T19:24:18.378+0000] {processor.py:161} INFO - Started process (PID=710) to work on /home/airflow/.local/lib/python3.8/site-packages/airflow/example_dags/example_branch_labels.py
[2023-12-21T19:24:18.380+0000] {processor.py:830} INFO - Processing file /home/airflow/.local/lib/python3.8/site-packages/airflow/example_dags/example_branch_labels.py for tasks to queue
[2023-12-21T19:24:18.384+0000] {logging_mixin.py:188} INFO - [2023-12-21T19:24:18.383+0000] {dagbag.py:538} INFO - Filling up the DagBag from /home/airflow/.local/lib/python3.8/site-packages/airflow/example_dags/example_branch_labels.py
[2023-12-21T19:24:18.401+0000] {processor.py:840} INFO - DAG(s) 'example_branch_labels' retrieved from /home/airflow/.local/lib/python3.8/site-packages/airflow/example_dags/example_branch_labels.py
[2023-12-21T19:24:18.462+0000] {logging_mixin.py:188} INFO - [2023-12-21T19:24:18.462+0000] {dag.py:3033} INFO - Sync 1 DAGs
[2023-12-21T19:24:18.533+0000] {logging_mixin.py:188} INFO - [2023-12-21T19:24:18.533+0000] {dag.py:3820} INFO - Setting next_dagrun for example_branch_labels to 2023-12-20T00:00:00+00:00, run_after=2023-12-21T00:00:00+00:00
[2023-12-21T19:24:18.592+0000] {processor.py:183} INFO - Processing /home/airflow/.local/lib/python3.8/site-packages/airflow/example_dags/example_branch_labels.py took 0.218 seconds
[2023-12-21T19:24:48.730+0000] {processor.py:161} INFO - Started process (PID=765) to work on /home/airflow/.local/lib/python3.8/site-packages/airflow/example_dags/example_branch_labels.py
[2023-12-21T19:24:48.732+0000] {processor.py:830} INFO - Processing file /home/airflow/.local/lib/python3.8/site-packages/airflow/example_dags/example_branch_labels.py for tasks to queue
[2023-12-21T19:24:48.744+0000] {logging_mixin.py:188} INFO - [2023-12-21T19:24:48.744+0000] {dagbag.py:538} INFO - Filling up the DagBag from /home/airflow/.local/lib/python3.8/site-packages/airflow/example_dags/example_branch_labels.py
[2023-12-21T19:24:48.769+0000] {processor.py:840} INFO - DAG(s) 'example_branch_labels' retrieved from /home/airflow/.local/lib/python3.8/site-packages/airflow/example_dags/example_branch_labels.py
[2023-12-21T19:24:48.821+0000] {logging_mixin.py:188} INFO - [2023-12-21T19:24:48.821+0000] {dag.py:3033} INFO - Sync 1 DAGs
[2023-12-21T19:24:48.878+0000] {logging_mixin.py:188} INFO - [2023-12-21T19:24:48.878+0000] {dag.py:3820} INFO - Setting next_dagrun for example_branch_labels to 2023-12-20T00:00:00+00:00, run_after=2023-12-21T00:00:00+00:00
[2023-12-21T19:24:48.912+0000] {processor.py:183} INFO - Processing /home/airflow/.local/lib/python3.8/site-packages/airflow/example_dags/example_branch_labels.py took 0.189 seconds
[2023-12-21T19:25:19.297+0000] {processor.py:161} INFO - Started process (PID=820) to work on /home/airflow/.local/lib/python3.8/site-packages/airflow/example_dags/example_branch_labels.py
[2023-12-21T19:25:19.300+0000] {processor.py:830} INFO - Processing file /home/airflow/.local/lib/python3.8/site-packages/airflow/example_dags/example_branch_labels.py for tasks to queue
[2023-12-21T19:25:19.304+0000] {logging_mixin.py:188} INFO - [2023-12-21T19:25:19.304+0000] {dagbag.py:538} INFO - Filling up the DagBag from /home/airflow/.local/lib/python3.8/site-packages/airflow/example_dags/example_branch_labels.py
[2023-12-21T19:25:19.321+0000] {processor.py:840} INFO - DAG(s) 'example_branch_labels' retrieved from /home/airflow/.local/lib/python3.8/site-packages/airflow/example_dags/example_branch_labels.py
[2023-12-21T19:25:19.369+0000] {logging_mixin.py:188} INFO - [2023-12-21T19:25:19.368+0000] {dag.py:3033} INFO - Sync 1 DAGs
[2023-12-21T19:25:19.411+0000] {logging_mixin.py:188} INFO - [2023-12-21T19:25:19.411+0000] {dag.py:3820} INFO - Setting next_dagrun for example_branch_labels to 2023-12-20T00:00:00+00:00, run_after=2023-12-21T00:00:00+00:00
[2023-12-21T19:25:19.464+0000] {processor.py:183} INFO - Processing /home/airflow/.local/lib/python3.8/site-packages/airflow/example_dags/example_branch_labels.py took 0.175 seconds
[2023-12-21T19:25:50.328+0000] {processor.py:161} INFO - Started process (PID=875) to work on /home/airflow/.local/lib/python3.8/site-packages/airflow/example_dags/example_branch_labels.py
[2023-12-21T19:25:50.331+0000] {processor.py:830} INFO - Processing file /home/airflow/.local/lib/python3.8/site-packages/airflow/example_dags/example_branch_labels.py for tasks to queue
[2023-12-21T19:25:50.334+0000] {logging_mixin.py:188} INFO - [2023-12-21T19:25:50.334+0000] {dagbag.py:538} INFO - Filling up the DagBag from /home/airflow/.local/lib/python3.8/site-packages/airflow/example_dags/example_branch_labels.py
[2023-12-21T19:25:50.353+0000] {processor.py:840} INFO - DAG(s) 'example_branch_labels' retrieved from /home/airflow/.local/lib/python3.8/site-packages/airflow/example_dags/example_branch_labels.py
[2023-12-21T19:25:50.412+0000] {logging_mixin.py:188} INFO - [2023-12-21T19:25:50.411+0000] {dag.py:3033} INFO - Sync 1 DAGs
[2023-12-21T19:25:50.465+0000] {logging_mixin.py:188} INFO - [2023-12-21T19:25:50.465+0000] {dag.py:3820} INFO - Setting next_dagrun for example_branch_labels to 2023-12-20T00:00:00+00:00, run_after=2023-12-21T00:00:00+00:00
[2023-12-21T19:25:50.506+0000] {processor.py:183} INFO - Processing /home/airflow/.local/lib/python3.8/site-packages/airflow/example_dags/example_branch_labels.py took 0.187 seconds
[2023-12-21T19:26:20.817+0000] {processor.py:161} INFO - Started process (PID=929) to work on /home/airflow/.local/lib/python3.8/site-packages/airflow/example_dags/example_branch_labels.py
[2023-12-21T19:26:20.825+0000] {processor.py:830} INFO - Processing file /home/airflow/.local/lib/python3.8/site-packages/airflow/example_dags/example_branch_labels.py for tasks to queue
[2023-12-21T19:26:20.830+0000] {logging_mixin.py:188} INFO - [2023-12-21T19:26:20.829+0000] {dagbag.py:538} INFO - Filling up the DagBag from /home/airflow/.local/lib/python3.8/site-packages/airflow/example_dags/example_branch_labels.py
[2023-12-21T19:26:20.850+0000] {processor.py:840} INFO - DAG(s) 'example_branch_labels' retrieved from /home/airflow/.local/lib/python3.8/site-packages/airflow/example_dags/example_branch_labels.py
[2023-12-21T19:26:20.912+0000] {logging_mixin.py:188} INFO - [2023-12-21T19:26:20.912+0000] {dag.py:3033} INFO - Sync 1 DAGs
[2023-12-21T19:26:20.963+0000] {logging_mixin.py:188} INFO - [2023-12-21T19:26:20.962+0000] {dag.py:3820} INFO - Setting next_dagrun for example_branch_labels to 2023-12-20T00:00:00+00:00, run_after=2023-12-21T00:00:00+00:00
[2023-12-21T19:26:21.002+0000] {processor.py:183} INFO - Processing /home/airflow/.local/lib/python3.8/site-packages/airflow/example_dags/example_branch_labels.py took 0.192 seconds
[2023-12-21T19:26:51.152+0000] {processor.py:161} INFO - Started process (PID=984) to work on /home/airflow/.local/lib/python3.8/site-packages/airflow/example_dags/example_branch_labels.py
[2023-12-21T19:26:51.154+0000] {processor.py:830} INFO - Processing file /home/airflow/.local/lib/python3.8/site-packages/airflow/example_dags/example_branch_labels.py for tasks to queue
[2023-12-21T19:26:51.158+0000] {logging_mixin.py:188} INFO - [2023-12-21T19:26:51.158+0000] {dagbag.py:538} INFO - Filling up the DagBag from /home/airflow/.local/lib/python3.8/site-packages/airflow/example_dags/example_branch_labels.py
[2023-12-21T19:26:51.173+0000] {processor.py:840} INFO - DAG(s) 'example_branch_labels' retrieved from /home/airflow/.local/lib/python3.8/site-packages/airflow/example_dags/example_branch_labels.py
[2023-12-21T19:26:51.219+0000] {logging_mixin.py:188} INFO - [2023-12-21T19:26:51.219+0000] {dag.py:3033} INFO - Sync 1 DAGs
[2023-12-21T19:26:51.268+0000] {logging_mixin.py:188} INFO - [2023-12-21T19:26:51.268+0000] {dag.py:3820} INFO - Setting next_dagrun for example_branch_labels to 2023-12-20T00:00:00+00:00, run_after=2023-12-21T00:00:00+00:00
[2023-12-21T19:26:51.315+0000] {processor.py:183} INFO - Processing /home/airflow/.local/lib/python3.8/site-packages/airflow/example_dags/example_branch_labels.py took 0.169 seconds
[2023-12-21T19:27:21.751+0000] {processor.py:161} INFO - Started process (PID=1039) to work on /home/airflow/.local/lib/python3.8/site-packages/airflow/example_dags/example_branch_labels.py
[2023-12-21T19:27:21.752+0000] {processor.py:830} INFO - Processing file /home/airflow/.local/lib/python3.8/site-packages/airflow/example_dags/example_branch_labels.py for tasks to queue
[2023-12-21T19:27:21.754+0000] {logging_mixin.py:188} INFO - [2023-12-21T19:27:21.754+0000] {dagbag.py:538} INFO - Filling up the DagBag from /home/airflow/.local/lib/python3.8/site-packages/airflow/example_dags/example_branch_labels.py
[2023-12-21T19:27:21.770+0000] {processor.py:840} INFO - DAG(s) 'example_branch_labels' retrieved from /home/airflow/.local/lib/python3.8/site-packages/airflow/example_dags/example_branch_labels.py
[2023-12-21T19:27:21.818+0000] {logging_mixin.py:188} INFO - [2023-12-21T19:27:21.818+0000] {dag.py:3033} INFO - Sync 1 DAGs
[2023-12-21T19:27:21.861+0000] {logging_mixin.py:188} INFO - [2023-12-21T19:27:21.861+0000] {dag.py:3820} INFO - Setting next_dagrun for example_branch_labels to 2023-12-20T00:00:00+00:00, run_after=2023-12-21T00:00:00+00:00
[2023-12-21T19:27:21.895+0000] {processor.py:183} INFO - Processing /home/airflow/.local/lib/python3.8/site-packages/airflow/example_dags/example_branch_labels.py took 0.151 seconds
[2023-12-21T19:27:52.402+0000] {processor.py:161} INFO - Started process (PID=1093) to work on /home/airflow/.local/lib/python3.8/site-packages/airflow/example_dags/example_branch_labels.py
[2023-12-21T19:27:52.403+0000] {processor.py:830} INFO - Processing file /home/airflow/.local/lib/python3.8/site-packages/airflow/example_dags/example_branch_labels.py for tasks to queue
[2023-12-21T19:27:52.407+0000] {logging_mixin.py:188} INFO - [2023-12-21T19:27:52.406+0000] {dagbag.py:538} INFO - Filling up the DagBag from /home/airflow/.local/lib/python3.8/site-packages/airflow/example_dags/example_branch_labels.py
[2023-12-21T19:27:52.420+0000] {processor.py:840} INFO - DAG(s) 'example_branch_labels' retrieved from /home/airflow/.local/lib/python3.8/site-packages/airflow/example_dags/example_branch_labels.py
[2023-12-21T19:27:52.455+0000] {logging_mixin.py:188} INFO - [2023-12-21T19:27:52.455+0000] {dag.py:3033} INFO - Sync 1 DAGs
[2023-12-21T19:27:52.503+0000] {logging_mixin.py:188} INFO - [2023-12-21T19:27:52.502+0000] {dag.py:3820} INFO - Setting next_dagrun for example_branch_labels to 2023-12-20T00:00:00+00:00, run_after=2023-12-21T00:00:00+00:00
[2023-12-21T19:27:52.534+0000] {processor.py:183} INFO - Processing /home/airflow/.local/lib/python3.8/site-packages/airflow/example_dags/example_branch_labels.py took 0.136 seconds
[2023-12-21T19:28:23.500+0000] {processor.py:161} INFO - Started process (PID=1154) to work on /home/airflow/.local/lib/python3.8/site-packages/airflow/example_dags/example_branch_labels.py
[2023-12-21T19:28:23.507+0000] {processor.py:830} INFO - Processing file /home/airflow/.local/lib/python3.8/site-packages/airflow/example_dags/example_branch_labels.py for tasks to queue
[2023-12-21T19:28:23.511+0000] {logging_mixin.py:188} INFO - [2023-12-21T19:28:23.511+0000] {dagbag.py:538} INFO - Filling up the DagBag from /home/airflow/.local/lib/python3.8/site-packages/airflow/example_dags/example_branch_labels.py
[2023-12-21T19:28:23.528+0000] {processor.py:840} INFO - DAG(s) 'example_branch_labels' retrieved from /home/airflow/.local/lib/python3.8/site-packages/airflow/example_dags/example_branch_labels.py
[2023-12-21T19:28:23.583+0000] {logging_mixin.py:188} INFO - [2023-12-21T19:28:23.583+0000] {dag.py:3033} INFO - Sync 1 DAGs
[2023-12-21T19:28:23.636+0000] {logging_mixin.py:188} INFO - [2023-12-21T19:28:23.635+0000] {dag.py:3820} INFO - Setting next_dagrun for example_branch_labels to 2023-12-20T00:00:00+00:00, run_after=2023-12-21T00:00:00+00:00
[2023-12-21T19:28:23.684+0000] {processor.py:183} INFO - Processing /home/airflow/.local/lib/python3.8/site-packages/airflow/example_dags/example_branch_labels.py took 0.195 seconds
[2023-12-21T19:28:53.938+0000] {processor.py:161} INFO - Started process (PID=1209) to work on /home/airflow/.local/lib/python3.8/site-packages/airflow/example_dags/example_branch_labels.py
[2023-12-21T19:28:53.939+0000] {processor.py:830} INFO - Processing file /home/airflow/.local/lib/python3.8/site-packages/airflow/example_dags/example_branch_labels.py for tasks to queue
[2023-12-21T19:28:53.942+0000] {logging_mixin.py:188} INFO - [2023-12-21T19:28:53.941+0000] {dagbag.py:538} INFO - Filling up the DagBag from /home/airflow/.local/lib/python3.8/site-packages/airflow/example_dags/example_branch_labels.py
[2023-12-21T19:28:53.956+0000] {processor.py:840} INFO - DAG(s) 'example_branch_labels' retrieved from /home/airflow/.local/lib/python3.8/site-packages/airflow/example_dags/example_branch_labels.py
[2023-12-21T19:28:54.008+0000] {logging_mixin.py:188} INFO - [2023-12-21T19:28:54.007+0000] {dag.py:3033} INFO - Sync 1 DAGs
[2023-12-21T19:28:54.053+0000] {logging_mixin.py:188} INFO - [2023-12-21T19:28:54.053+0000] {dag.py:3820} INFO - Setting next_dagrun for example_branch_labels to 2023-12-20T00:00:00+00:00, run_after=2023-12-21T00:00:00+00:00
[2023-12-21T19:28:54.093+0000] {processor.py:183} INFO - Processing /home/airflow/.local/lib/python3.8/site-packages/airflow/example_dags/example_branch_labels.py took 0.160 seconds
[2023-12-21T19:29:24.608+0000] {processor.py:161} INFO - Started process (PID=1264) to work on /home/airflow/.local/lib/python3.8/site-packages/airflow/example_dags/example_branch_labels.py
[2023-12-21T19:29:24.613+0000] {processor.py:830} INFO - Processing file /home/airflow/.local/lib/python3.8/site-packages/airflow/example_dags/example_branch_labels.py for tasks to queue
[2023-12-21T19:29:24.617+0000] {logging_mixin.py:188} INFO - [2023-12-21T19:29:24.616+0000] {dagbag.py:538} INFO - Filling up the DagBag from /home/airflow/.local/lib/python3.8/site-packages/airflow/example_dags/example_branch_labels.py
[2023-12-21T19:29:24.637+0000] {processor.py:840} INFO - DAG(s) 'example_branch_labels' retrieved from /home/airflow/.local/lib/python3.8/site-packages/airflow/example_dags/example_branch_labels.py
[2023-12-21T19:29:24.716+0000] {logging_mixin.py:188} INFO - [2023-12-21T19:29:24.716+0000] {dag.py:3033} INFO - Sync 1 DAGs
[2023-12-21T19:29:24.811+0000] {logging_mixin.py:188} INFO - [2023-12-21T19:29:24.810+0000] {dag.py:3820} INFO - Setting next_dagrun for example_branch_labels to 2023-12-20T00:00:00+00:00, run_after=2023-12-21T00:00:00+00:00
[2023-12-21T19:29:24.887+0000] {processor.py:183} INFO - Processing /home/airflow/.local/lib/python3.8/site-packages/airflow/example_dags/example_branch_labels.py took 0.291 seconds
[2023-12-21T19:29:55.302+0000] {processor.py:161} INFO - Started process (PID=1319) to work on /home/airflow/.local/lib/python3.8/site-packages/airflow/example_dags/example_branch_labels.py
[2023-12-21T19:29:55.303+0000] {processor.py:830} INFO - Processing file /home/airflow/.local/lib/python3.8/site-packages/airflow/example_dags/example_branch_labels.py for tasks to queue
[2023-12-21T19:29:55.306+0000] {logging_mixin.py:188} INFO - [2023-12-21T19:29:55.305+0000] {dagbag.py:538} INFO - Filling up the DagBag from /home/airflow/.local/lib/python3.8/site-packages/airflow/example_dags/example_branch_labels.py
[2023-12-21T19:29:55.318+0000] {processor.py:840} INFO - DAG(s) 'example_branch_labels' retrieved from /home/airflow/.local/lib/python3.8/site-packages/airflow/example_dags/example_branch_labels.py
[2023-12-21T19:29:55.353+0000] {logging_mixin.py:188} INFO - [2023-12-21T19:29:55.353+0000] {dag.py:3033} INFO - Sync 1 DAGs
[2023-12-21T19:29:55.405+0000] {logging_mixin.py:188} INFO - [2023-12-21T19:29:55.405+0000] {dag.py:3820} INFO - Setting next_dagrun for example_branch_labels to 2023-12-20T00:00:00+00:00, run_after=2023-12-21T00:00:00+00:00
[2023-12-21T19:29:55.431+0000] {processor.py:183} INFO - Processing /home/airflow/.local/lib/python3.8/site-packages/airflow/example_dags/example_branch_labels.py took 0.133 seconds
[2023-12-21T19:30:25.920+0000] {processor.py:161} INFO - Started process (PID=1373) to work on /home/airflow/.local/lib/python3.8/site-packages/airflow/example_dags/example_branch_labels.py
[2023-12-21T19:30:25.922+0000] {processor.py:830} INFO - Processing file /home/airflow/.local/lib/python3.8/site-packages/airflow/example_dags/example_branch_labels.py for tasks to queue
[2023-12-21T19:30:25.925+0000] {logging_mixin.py:188} INFO - [2023-12-21T19:30:25.925+0000] {dagbag.py:538} INFO - Filling up the DagBag from /home/airflow/.local/lib/python3.8/site-packages/airflow/example_dags/example_branch_labels.py
[2023-12-21T19:30:25.939+0000] {processor.py:840} INFO - DAG(s) 'example_branch_labels' retrieved from /home/airflow/.local/lib/python3.8/site-packages/airflow/example_dags/example_branch_labels.py
[2023-12-21T19:30:25.986+0000] {logging_mixin.py:188} INFO - [2023-12-21T19:30:25.985+0000] {dag.py:3033} INFO - Sync 1 DAGs
[2023-12-21T19:30:26.045+0000] {logging_mixin.py:188} INFO - [2023-12-21T19:30:26.044+0000] {dag.py:3820} INFO - Setting next_dagrun for example_branch_labels to 2023-12-20T00:00:00+00:00, run_after=2023-12-21T00:00:00+00:00
[2023-12-21T19:30:26.085+0000] {processor.py:183} INFO - Processing /home/airflow/.local/lib/python3.8/site-packages/airflow/example_dags/example_branch_labels.py took 0.172 seconds
[2023-12-21T19:30:56.146+0000] {processor.py:161} INFO - Started process (PID=1427) to work on /home/airflow/.local/lib/python3.8/site-packages/airflow/example_dags/example_branch_labels.py
[2023-12-21T19:30:56.147+0000] {processor.py:830} INFO - Processing file /home/airflow/.local/lib/python3.8/site-packages/airflow/example_dags/example_branch_labels.py for tasks to queue
[2023-12-21T19:30:56.151+0000] {logging_mixin.py:188} INFO - [2023-12-21T19:30:56.150+0000] {dagbag.py:538} INFO - Filling up the DagBag from /home/airflow/.local/lib/python3.8/site-packages/airflow/example_dags/example_branch_labels.py
[2023-12-21T19:30:56.169+0000] {processor.py:840} INFO - DAG(s) 'example_branch_labels' retrieved from /home/airflow/.local/lib/python3.8/site-packages/airflow/example_dags/example_branch_labels.py
[2023-12-21T19:30:56.213+0000] {logging_mixin.py:188} INFO - [2023-12-21T19:30:56.212+0000] {dag.py:3033} INFO - Sync 1 DAGs
[2023-12-21T19:30:56.261+0000] {logging_mixin.py:188} INFO - [2023-12-21T19:30:56.260+0000] {dag.py:3820} INFO - Setting next_dagrun for example_branch_labels to 2023-12-20T00:00:00+00:00, run_after=2023-12-21T00:00:00+00:00
[2023-12-21T19:30:56.300+0000] {processor.py:183} INFO - Processing /home/airflow/.local/lib/python3.8/site-packages/airflow/example_dags/example_branch_labels.py took 0.159 seconds
[2023-12-21T19:31:26.492+0000] {processor.py:161} INFO - Started process (PID=1482) to work on /home/airflow/.local/lib/python3.8/site-packages/airflow/example_dags/example_branch_labels.py
[2023-12-21T19:31:26.493+0000] {processor.py:830} INFO - Processing file /home/airflow/.local/lib/python3.8/site-packages/airflow/example_dags/example_branch_labels.py for tasks to queue
[2023-12-21T19:31:26.495+0000] {logging_mixin.py:188} INFO - [2023-12-21T19:31:26.495+0000] {dagbag.py:538} INFO - Filling up the DagBag from /home/airflow/.local/lib/python3.8/site-packages/airflow/example_dags/example_branch_labels.py
[2023-12-21T19:31:26.505+0000] {processor.py:840} INFO - DAG(s) 'example_branch_labels' retrieved from /home/airflow/.local/lib/python3.8/site-packages/airflow/example_dags/example_branch_labels.py
[2023-12-21T19:31:26.529+0000] {logging_mixin.py:188} INFO - [2023-12-21T19:31:26.529+0000] {dag.py:3033} INFO - Sync 1 DAGs
[2023-12-21T19:31:26.561+0000] {logging_mixin.py:188} INFO - [2023-12-21T19:31:26.561+0000] {dag.py:3820} INFO - Setting next_dagrun for example_branch_labels to 2023-12-20T00:00:00+00:00, run_after=2023-12-21T00:00:00+00:00
[2023-12-21T19:31:26.584+0000] {processor.py:183} INFO - Processing /home/airflow/.local/lib/python3.8/site-packages/airflow/example_dags/example_branch_labels.py took 0.097 seconds
[2023-12-21T19:34:27.111+0000] {processor.py:161} INFO - Started process (PID=51) to work on /home/airflow/.local/lib/python3.8/site-packages/airflow/example_dags/example_branch_labels.py
[2023-12-21T19:34:27.118+0000] {processor.py:830} INFO - Processing file /home/airflow/.local/lib/python3.8/site-packages/airflow/example_dags/example_branch_labels.py for tasks to queue
[2023-12-21T19:34:27.120+0000] {logging_mixin.py:188} INFO - [2023-12-21T19:34:27.120+0000] {dagbag.py:538} INFO - Filling up the DagBag from /home/airflow/.local/lib/python3.8/site-packages/airflow/example_dags/example_branch_labels.py
[2023-12-21T19:34:27.161+0000] {processor.py:840} INFO - DAG(s) 'example_branch_labels' retrieved from /home/airflow/.local/lib/python3.8/site-packages/airflow/example_dags/example_branch_labels.py
[2023-12-21T19:34:27.572+0000] {logging_mixin.py:188} INFO - [2023-12-21T19:34:27.572+0000] {dag.py:3033} INFO - Sync 1 DAGs
[2023-12-21T19:34:27.638+0000] {logging_mixin.py:188} INFO - [2023-12-21T19:34:27.637+0000] {dag.py:3820} INFO - Setting next_dagrun for example_branch_labels to 2023-12-20T00:00:00+00:00, run_after=2023-12-21T00:00:00+00:00
[2023-12-21T19:34:27.728+0000] {processor.py:183} INFO - Processing /home/airflow/.local/lib/python3.8/site-packages/airflow/example_dags/example_branch_labels.py took 0.648 seconds
