[2023-12-21T19:12:02.856+0000] {processor.py:161} INFO - Started process (PID=65) to work on /home/airflow/.local/lib/python3.8/site-packages/airflow/example_dags/example_external_task_marker_dag.py
[2023-12-21T19:12:02.858+0000] {processor.py:830} INFO - Processing file /home/airflow/.local/lib/python3.8/site-packages/airflow/example_dags/example_external_task_marker_dag.py for tasks to queue
[2023-12-21T19:12:02.875+0000] {logging_mixin.py:188} INFO - [2023-12-21T19:12:02.875+0000] {dagbag.py:538} INFO - Filling up the DagBag from /home/airflow/.local/lib/python3.8/site-packages/airflow/example_dags/example_external_task_marker_dag.py
[2023-12-21T19:12:02.907+0000] {processor.py:840} INFO - DAG(s) 'example_external_task_marker_parent', 'example_external_task_marker_child' retrieved from /home/airflow/.local/lib/python3.8/site-packages/airflow/example_dags/example_external_task_marker_dag.py
[2023-12-21T19:12:03.245+0000] {logging_mixin.py:188} INFO - [2023-12-21T19:12:03.245+0000] {dag.py:3033} INFO - Sync 2 DAGs
[2023-12-21T19:12:03.265+0000] {logging_mixin.py:188} INFO - [2023-12-21T19:12:03.264+0000] {dag.py:3820} INFO - Setting next_dagrun for example_external_task_marker_child to None, run_after=None
[2023-12-21T19:12:03.270+0000] {logging_mixin.py:188} INFO - [2023-12-21T19:12:03.270+0000] {dag.py:3820} INFO - Setting next_dagrun for example_external_task_marker_parent to None, run_after=None
[2023-12-21T19:12:03.300+0000] {processor.py:183} INFO - Processing /home/airflow/.local/lib/python3.8/site-packages/airflow/example_dags/example_external_task_marker_dag.py took 0.450 seconds
[2023-12-21T19:12:34.300+0000] {processor.py:161} INFO - Started process (PID=119) to work on /home/airflow/.local/lib/python3.8/site-packages/airflow/example_dags/example_external_task_marker_dag.py
[2023-12-21T19:12:34.311+0000] {processor.py:830} INFO - Processing file /home/airflow/.local/lib/python3.8/site-packages/airflow/example_dags/example_external_task_marker_dag.py for tasks to queue
[2023-12-21T19:12:34.333+0000] {logging_mixin.py:188} INFO - [2023-12-21T19:12:34.332+0000] {dagbag.py:538} INFO - Filling up the DagBag from /home/airflow/.local/lib/python3.8/site-packages/airflow/example_dags/example_external_task_marker_dag.py
[2023-12-21T19:12:34.355+0000] {processor.py:840} INFO - DAG(s) 'example_external_task_marker_child', 'example_external_task_marker_parent' retrieved from /home/airflow/.local/lib/python3.8/site-packages/airflow/example_dags/example_external_task_marker_dag.py
[2023-12-21T19:12:34.414+0000] {logging_mixin.py:188} INFO - [2023-12-21T19:12:34.414+0000] {dag.py:3033} INFO - Sync 2 DAGs
[2023-12-21T19:12:34.437+0000] {logging_mixin.py:188} INFO - [2023-12-21T19:12:34.437+0000] {dag.py:3820} INFO - Setting next_dagrun for example_external_task_marker_child to None, run_after=None
[2023-12-21T19:12:34.441+0000] {logging_mixin.py:188} INFO - [2023-12-21T19:12:34.441+0000] {dag.py:3820} INFO - Setting next_dagrun for example_external_task_marker_parent to None, run_after=None
[2023-12-21T19:12:34.467+0000] {processor.py:183} INFO - Processing /home/airflow/.local/lib/python3.8/site-packages/airflow/example_dags/example_external_task_marker_dag.py took 0.185 seconds
[2023-12-21T19:13:05.062+0000] {processor.py:161} INFO - Started process (PID=174) to work on /home/airflow/.local/lib/python3.8/site-packages/airflow/example_dags/example_external_task_marker_dag.py
[2023-12-21T19:13:05.065+0000] {processor.py:830} INFO - Processing file /home/airflow/.local/lib/python3.8/site-packages/airflow/example_dags/example_external_task_marker_dag.py for tasks to queue
[2023-12-21T19:13:05.072+0000] {logging_mixin.py:188} INFO - [2023-12-21T19:13:05.071+0000] {dagbag.py:538} INFO - Filling up the DagBag from /home/airflow/.local/lib/python3.8/site-packages/airflow/example_dags/example_external_task_marker_dag.py
[2023-12-21T19:13:05.088+0000] {processor.py:840} INFO - DAG(s) 'example_external_task_marker_child', 'example_external_task_marker_parent' retrieved from /home/airflow/.local/lib/python3.8/site-packages/airflow/example_dags/example_external_task_marker_dag.py
[2023-12-21T19:13:05.144+0000] {logging_mixin.py:188} INFO - [2023-12-21T19:13:05.144+0000] {dag.py:3033} INFO - Sync 2 DAGs
[2023-12-21T19:13:05.162+0000] {logging_mixin.py:188} INFO - [2023-12-21T19:13:05.161+0000] {dag.py:3820} INFO - Setting next_dagrun for example_external_task_marker_child to None, run_after=None
[2023-12-21T19:13:05.166+0000] {logging_mixin.py:188} INFO - [2023-12-21T19:13:05.166+0000] {dag.py:3820} INFO - Setting next_dagrun for example_external_task_marker_parent to None, run_after=None
[2023-12-21T19:13:05.193+0000] {processor.py:183} INFO - Processing /home/airflow/.local/lib/python3.8/site-packages/airflow/example_dags/example_external_task_marker_dag.py took 0.156 seconds
[2023-12-21T19:13:35.448+0000] {processor.py:161} INFO - Started process (PID=229) to work on /home/airflow/.local/lib/python3.8/site-packages/airflow/example_dags/example_external_task_marker_dag.py
[2023-12-21T19:13:35.449+0000] {processor.py:830} INFO - Processing file /home/airflow/.local/lib/python3.8/site-packages/airflow/example_dags/example_external_task_marker_dag.py for tasks to queue
[2023-12-21T19:13:35.453+0000] {logging_mixin.py:188} INFO - [2023-12-21T19:13:35.452+0000] {dagbag.py:538} INFO - Filling up the DagBag from /home/airflow/.local/lib/python3.8/site-packages/airflow/example_dags/example_external_task_marker_dag.py
[2023-12-21T19:13:35.463+0000] {processor.py:840} INFO - DAG(s) 'example_external_task_marker_parent', 'example_external_task_marker_child' retrieved from /home/airflow/.local/lib/python3.8/site-packages/airflow/example_dags/example_external_task_marker_dag.py
[2023-12-21T19:13:35.505+0000] {logging_mixin.py:188} INFO - [2023-12-21T19:13:35.504+0000] {dag.py:3033} INFO - Sync 2 DAGs
[2023-12-21T19:13:35.528+0000] {logging_mixin.py:188} INFO - [2023-12-21T19:13:35.528+0000] {dag.py:3820} INFO - Setting next_dagrun for example_external_task_marker_child to None, run_after=None
[2023-12-21T19:13:35.534+0000] {logging_mixin.py:188} INFO - [2023-12-21T19:13:35.534+0000] {dag.py:3820} INFO - Setting next_dagrun for example_external_task_marker_parent to None, run_after=None
[2023-12-21T19:13:35.566+0000] {processor.py:183} INFO - Processing /home/airflow/.local/lib/python3.8/site-packages/airflow/example_dags/example_external_task_marker_dag.py took 0.124 seconds
[2023-12-21T19:14:05.654+0000] {processor.py:161} INFO - Started process (PID=284) to work on /home/airflow/.local/lib/python3.8/site-packages/airflow/example_dags/example_external_task_marker_dag.py
[2023-12-21T19:14:05.655+0000] {processor.py:830} INFO - Processing file /home/airflow/.local/lib/python3.8/site-packages/airflow/example_dags/example_external_task_marker_dag.py for tasks to queue
[2023-12-21T19:14:05.658+0000] {logging_mixin.py:188} INFO - [2023-12-21T19:14:05.658+0000] {dagbag.py:538} INFO - Filling up the DagBag from /home/airflow/.local/lib/python3.8/site-packages/airflow/example_dags/example_external_task_marker_dag.py
[2023-12-21T19:14:05.666+0000] {processor.py:840} INFO - DAG(s) 'example_external_task_marker_parent', 'example_external_task_marker_child' retrieved from /home/airflow/.local/lib/python3.8/site-packages/airflow/example_dags/example_external_task_marker_dag.py
[2023-12-21T19:14:05.700+0000] {logging_mixin.py:188} INFO - [2023-12-21T19:14:05.699+0000] {dag.py:3033} INFO - Sync 2 DAGs
[2023-12-21T19:14:05.718+0000] {logging_mixin.py:188} INFO - [2023-12-21T19:14:05.718+0000] {dag.py:3820} INFO - Setting next_dagrun for example_external_task_marker_child to None, run_after=None
[2023-12-21T19:14:05.726+0000] {logging_mixin.py:188} INFO - [2023-12-21T19:14:05.726+0000] {dag.py:3820} INFO - Setting next_dagrun for example_external_task_marker_parent to None, run_after=None
[2023-12-21T19:14:05.757+0000] {processor.py:183} INFO - Processing /home/airflow/.local/lib/python3.8/site-packages/airflow/example_dags/example_external_task_marker_dag.py took 0.109 seconds
[2023-12-21T19:18:16.657+0000] {processor.py:161} INFO - Started process (PID=65) to work on /home/airflow/.local/lib/python3.8/site-packages/airflow/example_dags/example_external_task_marker_dag.py
[2023-12-21T19:18:16.658+0000] {processor.py:830} INFO - Processing file /home/airflow/.local/lib/python3.8/site-packages/airflow/example_dags/example_external_task_marker_dag.py for tasks to queue
[2023-12-21T19:18:16.672+0000] {logging_mixin.py:188} INFO - [2023-12-21T19:18:16.672+0000] {dagbag.py:538} INFO - Filling up the DagBag from /home/airflow/.local/lib/python3.8/site-packages/airflow/example_dags/example_external_task_marker_dag.py
[2023-12-21T19:18:16.687+0000] {processor.py:840} INFO - DAG(s) 'example_external_task_marker_parent', 'example_external_task_marker_child' retrieved from /home/airflow/.local/lib/python3.8/site-packages/airflow/example_dags/example_external_task_marker_dag.py
[2023-12-21T19:18:16.978+0000] {logging_mixin.py:188} INFO - [2023-12-21T19:18:16.978+0000] {dag.py:3033} INFO - Sync 2 DAGs
[2023-12-21T19:18:16.995+0000] {logging_mixin.py:188} INFO - [2023-12-21T19:18:16.995+0000] {dag.py:3820} INFO - Setting next_dagrun for example_external_task_marker_child to None, run_after=None
[2023-12-21T19:18:16.998+0000] {logging_mixin.py:188} INFO - [2023-12-21T19:18:16.998+0000] {dag.py:3820} INFO - Setting next_dagrun for example_external_task_marker_parent to None, run_after=None
[2023-12-21T19:18:17.033+0000] {processor.py:183} INFO - Processing /home/airflow/.local/lib/python3.8/site-packages/airflow/example_dags/example_external_task_marker_dag.py took 0.383 seconds
[2023-12-21T19:18:47.885+0000] {processor.py:161} INFO - Started process (PID=120) to work on /home/airflow/.local/lib/python3.8/site-packages/airflow/example_dags/example_external_task_marker_dag.py
[2023-12-21T19:18:47.893+0000] {processor.py:830} INFO - Processing file /home/airflow/.local/lib/python3.8/site-packages/airflow/example_dags/example_external_task_marker_dag.py for tasks to queue
[2023-12-21T19:18:47.897+0000] {logging_mixin.py:188} INFO - [2023-12-21T19:18:47.896+0000] {dagbag.py:538} INFO - Filling up the DagBag from /home/airflow/.local/lib/python3.8/site-packages/airflow/example_dags/example_external_task_marker_dag.py
[2023-12-21T19:18:47.909+0000] {processor.py:840} INFO - DAG(s) 'example_external_task_marker_child', 'example_external_task_marker_parent' retrieved from /home/airflow/.local/lib/python3.8/site-packages/airflow/example_dags/example_external_task_marker_dag.py
[2023-12-21T19:18:47.980+0000] {logging_mixin.py:188} INFO - [2023-12-21T19:18:47.979+0000] {dag.py:3033} INFO - Sync 2 DAGs
[2023-12-21T19:18:48.018+0000] {logging_mixin.py:188} INFO - [2023-12-21T19:18:48.017+0000] {dag.py:3820} INFO - Setting next_dagrun for example_external_task_marker_child to None, run_after=None
[2023-12-21T19:18:48.027+0000] {logging_mixin.py:188} INFO - [2023-12-21T19:18:48.027+0000] {dag.py:3820} INFO - Setting next_dagrun for example_external_task_marker_parent to None, run_after=None
[2023-12-21T19:18:48.062+0000] {processor.py:183} INFO - Processing /home/airflow/.local/lib/python3.8/site-packages/airflow/example_dags/example_external_task_marker_dag.py took 0.190 seconds
[2023-12-21T19:19:18.946+0000] {processor.py:161} INFO - Started process (PID=176) to work on /home/airflow/.local/lib/python3.8/site-packages/airflow/example_dags/example_external_task_marker_dag.py
[2023-12-21T19:19:18.950+0000] {processor.py:830} INFO - Processing file /home/airflow/.local/lib/python3.8/site-packages/airflow/example_dags/example_external_task_marker_dag.py for tasks to queue
[2023-12-21T19:19:18.953+0000] {logging_mixin.py:188} INFO - [2023-12-21T19:19:18.952+0000] {dagbag.py:538} INFO - Filling up the DagBag from /home/airflow/.local/lib/python3.8/site-packages/airflow/example_dags/example_external_task_marker_dag.py
[2023-12-21T19:19:18.960+0000] {processor.py:840} INFO - DAG(s) 'example_external_task_marker_parent', 'example_external_task_marker_child' retrieved from /home/airflow/.local/lib/python3.8/site-packages/airflow/example_dags/example_external_task_marker_dag.py
[2023-12-21T19:19:18.991+0000] {logging_mixin.py:188} INFO - [2023-12-21T19:19:18.991+0000] {dag.py:3033} INFO - Sync 2 DAGs
[2023-12-21T19:19:19.006+0000] {logging_mixin.py:188} INFO - [2023-12-21T19:19:19.006+0000] {dag.py:3820} INFO - Setting next_dagrun for example_external_task_marker_child to None, run_after=None
[2023-12-21T19:19:19.010+0000] {logging_mixin.py:188} INFO - [2023-12-21T19:19:19.010+0000] {dag.py:3820} INFO - Setting next_dagrun for example_external_task_marker_parent to None, run_after=None
[2023-12-21T19:19:19.035+0000] {processor.py:183} INFO - Processing /home/airflow/.local/lib/python3.8/site-packages/airflow/example_dags/example_external_task_marker_dag.py took 0.095 seconds
[2023-12-21T19:19:49.285+0000] {processor.py:161} INFO - Started process (PID=231) to work on /home/airflow/.local/lib/python3.8/site-packages/airflow/example_dags/example_external_task_marker_dag.py
[2023-12-21T19:19:49.293+0000] {processor.py:830} INFO - Processing file /home/airflow/.local/lib/python3.8/site-packages/airflow/example_dags/example_external_task_marker_dag.py for tasks to queue
[2023-12-21T19:19:49.296+0000] {logging_mixin.py:188} INFO - [2023-12-21T19:19:49.295+0000] {dagbag.py:538} INFO - Filling up the DagBag from /home/airflow/.local/lib/python3.8/site-packages/airflow/example_dags/example_external_task_marker_dag.py
[2023-12-21T19:19:49.305+0000] {processor.py:840} INFO - DAG(s) 'example_external_task_marker_parent', 'example_external_task_marker_child' retrieved from /home/airflow/.local/lib/python3.8/site-packages/airflow/example_dags/example_external_task_marker_dag.py
[2023-12-21T19:19:49.358+0000] {logging_mixin.py:188} INFO - [2023-12-21T19:19:49.358+0000] {dag.py:3033} INFO - Sync 2 DAGs
[2023-12-21T19:19:49.382+0000] {logging_mixin.py:188} INFO - [2023-12-21T19:19:49.381+0000] {dag.py:3820} INFO - Setting next_dagrun for example_external_task_marker_child to None, run_after=None
[2023-12-21T19:19:49.388+0000] {logging_mixin.py:188} INFO - [2023-12-21T19:19:49.388+0000] {dag.py:3820} INFO - Setting next_dagrun for example_external_task_marker_parent to None, run_after=None
[2023-12-21T19:19:49.414+0000] {processor.py:183} INFO - Processing /home/airflow/.local/lib/python3.8/site-packages/airflow/example_dags/example_external_task_marker_dag.py took 0.134 seconds
[2023-12-21T19:20:19.950+0000] {processor.py:161} INFO - Started process (PID=286) to work on /home/airflow/.local/lib/python3.8/site-packages/airflow/example_dags/example_external_task_marker_dag.py
[2023-12-21T19:20:19.953+0000] {processor.py:830} INFO - Processing file /home/airflow/.local/lib/python3.8/site-packages/airflow/example_dags/example_external_task_marker_dag.py for tasks to queue
[2023-12-21T19:20:19.964+0000] {logging_mixin.py:188} INFO - [2023-12-21T19:20:19.963+0000] {dagbag.py:538} INFO - Filling up the DagBag from /home/airflow/.local/lib/python3.8/site-packages/airflow/example_dags/example_external_task_marker_dag.py
[2023-12-21T19:20:19.978+0000] {processor.py:840} INFO - DAG(s) 'example_external_task_marker_parent', 'example_external_task_marker_child' retrieved from /home/airflow/.local/lib/python3.8/site-packages/airflow/example_dags/example_external_task_marker_dag.py
[2023-12-21T19:20:20.017+0000] {logging_mixin.py:188} INFO - [2023-12-21T19:20:20.016+0000] {dag.py:3033} INFO - Sync 2 DAGs
[2023-12-21T19:20:20.032+0000] {logging_mixin.py:188} INFO - [2023-12-21T19:20:20.032+0000] {dag.py:3820} INFO - Setting next_dagrun for example_external_task_marker_child to None, run_after=None
[2023-12-21T19:20:20.036+0000] {logging_mixin.py:188} INFO - [2023-12-21T19:20:20.036+0000] {dag.py:3820} INFO - Setting next_dagrun for example_external_task_marker_parent to None, run_after=None
[2023-12-21T19:20:20.055+0000] {processor.py:183} INFO - Processing /home/airflow/.local/lib/python3.8/site-packages/airflow/example_dags/example_external_task_marker_dag.py took 0.123 seconds
[2023-12-21T19:20:50.235+0000] {processor.py:161} INFO - Started process (PID=341) to work on /home/airflow/.local/lib/python3.8/site-packages/airflow/example_dags/example_external_task_marker_dag.py
[2023-12-21T19:20:50.236+0000] {processor.py:830} INFO - Processing file /home/airflow/.local/lib/python3.8/site-packages/airflow/example_dags/example_external_task_marker_dag.py for tasks to queue
[2023-12-21T19:20:50.241+0000] {logging_mixin.py:188} INFO - [2023-12-21T19:20:50.240+0000] {dagbag.py:538} INFO - Filling up the DagBag from /home/airflow/.local/lib/python3.8/site-packages/airflow/example_dags/example_external_task_marker_dag.py
[2023-12-21T19:20:50.250+0000] {processor.py:840} INFO - DAG(s) 'example_external_task_marker_parent', 'example_external_task_marker_child' retrieved from /home/airflow/.local/lib/python3.8/site-packages/airflow/example_dags/example_external_task_marker_dag.py
[2023-12-21T19:20:50.309+0000] {logging_mixin.py:188} INFO - [2023-12-21T19:20:50.308+0000] {dag.py:3033} INFO - Sync 2 DAGs
[2023-12-21T19:20:50.333+0000] {logging_mixin.py:188} INFO - [2023-12-21T19:20:50.333+0000] {dag.py:3820} INFO - Setting next_dagrun for example_external_task_marker_child to None, run_after=None
[2023-12-21T19:20:50.338+0000] {logging_mixin.py:188} INFO - [2023-12-21T19:20:50.338+0000] {dag.py:3820} INFO - Setting next_dagrun for example_external_task_marker_parent to None, run_after=None
[2023-12-21T19:20:50.381+0000] {processor.py:183} INFO - Processing /home/airflow/.local/lib/python3.8/site-packages/airflow/example_dags/example_external_task_marker_dag.py took 0.153 seconds
[2023-12-21T19:21:20.500+0000] {processor.py:161} INFO - Started process (PID=396) to work on /home/airflow/.local/lib/python3.8/site-packages/airflow/example_dags/example_external_task_marker_dag.py
[2023-12-21T19:21:20.509+0000] {processor.py:830} INFO - Processing file /home/airflow/.local/lib/python3.8/site-packages/airflow/example_dags/example_external_task_marker_dag.py for tasks to queue
[2023-12-21T19:21:20.514+0000] {logging_mixin.py:188} INFO - [2023-12-21T19:21:20.513+0000] {dagbag.py:538} INFO - Filling up the DagBag from /home/airflow/.local/lib/python3.8/site-packages/airflow/example_dags/example_external_task_marker_dag.py
[2023-12-21T19:21:20.523+0000] {processor.py:840} INFO - DAG(s) 'example_external_task_marker_child', 'example_external_task_marker_parent' retrieved from /home/airflow/.local/lib/python3.8/site-packages/airflow/example_dags/example_external_task_marker_dag.py
[2023-12-21T19:21:20.567+0000] {logging_mixin.py:188} INFO - [2023-12-21T19:21:20.567+0000] {dag.py:3033} INFO - Sync 2 DAGs
[2023-12-21T19:21:20.596+0000] {logging_mixin.py:188} INFO - [2023-12-21T19:21:20.596+0000] {dag.py:3820} INFO - Setting next_dagrun for example_external_task_marker_child to None, run_after=None
[2023-12-21T19:21:20.603+0000] {logging_mixin.py:188} INFO - [2023-12-21T19:21:20.603+0000] {dag.py:3820} INFO - Setting next_dagrun for example_external_task_marker_parent to None, run_after=None
[2023-12-21T19:21:20.668+0000] {processor.py:183} INFO - Processing /home/airflow/.local/lib/python3.8/site-packages/airflow/example_dags/example_external_task_marker_dag.py took 0.173 seconds
[2023-12-21T19:21:50.860+0000] {processor.py:161} INFO - Started process (PID=457) to work on /home/airflow/.local/lib/python3.8/site-packages/airflow/example_dags/example_external_task_marker_dag.py
[2023-12-21T19:21:50.861+0000] {processor.py:830} INFO - Processing file /home/airflow/.local/lib/python3.8/site-packages/airflow/example_dags/example_external_task_marker_dag.py for tasks to queue
[2023-12-21T19:21:50.866+0000] {logging_mixin.py:188} INFO - [2023-12-21T19:21:50.865+0000] {dagbag.py:538} INFO - Filling up the DagBag from /home/airflow/.local/lib/python3.8/site-packages/airflow/example_dags/example_external_task_marker_dag.py
[2023-12-21T19:21:50.874+0000] {processor.py:840} INFO - DAG(s) 'example_external_task_marker_child', 'example_external_task_marker_parent' retrieved from /home/airflow/.local/lib/python3.8/site-packages/airflow/example_dags/example_external_task_marker_dag.py
[2023-12-21T19:21:50.911+0000] {logging_mixin.py:188} INFO - [2023-12-21T19:21:50.910+0000] {dag.py:3033} INFO - Sync 2 DAGs
[2023-12-21T19:21:50.935+0000] {logging_mixin.py:188} INFO - [2023-12-21T19:21:50.934+0000] {dag.py:3820} INFO - Setting next_dagrun for example_external_task_marker_child to None, run_after=None
[2023-12-21T19:21:50.939+0000] {logging_mixin.py:188} INFO - [2023-12-21T19:21:50.939+0000] {dag.py:3820} INFO - Setting next_dagrun for example_external_task_marker_parent to None, run_after=None
[2023-12-21T19:21:50.973+0000] {processor.py:183} INFO - Processing /home/airflow/.local/lib/python3.8/site-packages/airflow/example_dags/example_external_task_marker_dag.py took 0.119 seconds
[2023-12-21T19:22:21.414+0000] {processor.py:161} INFO - Started process (PID=512) to work on /home/airflow/.local/lib/python3.8/site-packages/airflow/example_dags/example_external_task_marker_dag.py
[2023-12-21T19:22:21.422+0000] {processor.py:830} INFO - Processing file /home/airflow/.local/lib/python3.8/site-packages/airflow/example_dags/example_external_task_marker_dag.py for tasks to queue
[2023-12-21T19:22:21.426+0000] {logging_mixin.py:188} INFO - [2023-12-21T19:22:21.426+0000] {dagbag.py:538} INFO - Filling up the DagBag from /home/airflow/.local/lib/python3.8/site-packages/airflow/example_dags/example_external_task_marker_dag.py
[2023-12-21T19:22:21.448+0000] {processor.py:840} INFO - DAG(s) 'example_external_task_marker_parent', 'example_external_task_marker_child' retrieved from /home/airflow/.local/lib/python3.8/site-packages/airflow/example_dags/example_external_task_marker_dag.py
[2023-12-21T19:22:21.535+0000] {logging_mixin.py:188} INFO - [2023-12-21T19:22:21.534+0000] {dag.py:3033} INFO - Sync 2 DAGs
[2023-12-21T19:22:21.565+0000] {logging_mixin.py:188} INFO - [2023-12-21T19:22:21.565+0000] {dag.py:3820} INFO - Setting next_dagrun for example_external_task_marker_child to None, run_after=None
[2023-12-21T19:22:21.573+0000] {logging_mixin.py:188} INFO - [2023-12-21T19:22:21.573+0000] {dag.py:3820} INFO - Setting next_dagrun for example_external_task_marker_parent to None, run_after=None
[2023-12-21T19:22:21.627+0000] {processor.py:183} INFO - Processing /home/airflow/.local/lib/python3.8/site-packages/airflow/example_dags/example_external_task_marker_dag.py took 0.219 seconds
[2023-12-21T19:22:52.126+0000] {processor.py:161} INFO - Started process (PID=567) to work on /home/airflow/.local/lib/python3.8/site-packages/airflow/example_dags/example_external_task_marker_dag.py
[2023-12-21T19:22:52.137+0000] {processor.py:830} INFO - Processing file /home/airflow/.local/lib/python3.8/site-packages/airflow/example_dags/example_external_task_marker_dag.py for tasks to queue
[2023-12-21T19:22:52.141+0000] {logging_mixin.py:188} INFO - [2023-12-21T19:22:52.140+0000] {dagbag.py:538} INFO - Filling up the DagBag from /home/airflow/.local/lib/python3.8/site-packages/airflow/example_dags/example_external_task_marker_dag.py
[2023-12-21T19:22:52.162+0000] {processor.py:840} INFO - DAG(s) 'example_external_task_marker_parent', 'example_external_task_marker_child' retrieved from /home/airflow/.local/lib/python3.8/site-packages/airflow/example_dags/example_external_task_marker_dag.py
[2023-12-21T19:22:52.230+0000] {logging_mixin.py:188} INFO - [2023-12-21T19:22:52.229+0000] {dag.py:3033} INFO - Sync 2 DAGs
[2023-12-21T19:22:52.264+0000] {logging_mixin.py:188} INFO - [2023-12-21T19:22:52.263+0000] {dag.py:3820} INFO - Setting next_dagrun for example_external_task_marker_child to None, run_after=None
[2023-12-21T19:22:52.273+0000] {logging_mixin.py:188} INFO - [2023-12-21T19:22:52.272+0000] {dag.py:3820} INFO - Setting next_dagrun for example_external_task_marker_parent to None, run_after=None
[2023-12-21T19:22:52.308+0000] {processor.py:183} INFO - Processing /home/airflow/.local/lib/python3.8/site-packages/airflow/example_dags/example_external_task_marker_dag.py took 0.192 seconds
[2023-12-21T19:23:22.960+0000] {processor.py:161} INFO - Started process (PID=621) to work on /home/airflow/.local/lib/python3.8/site-packages/airflow/example_dags/example_external_task_marker_dag.py
[2023-12-21T19:23:22.969+0000] {processor.py:830} INFO - Processing file /home/airflow/.local/lib/python3.8/site-packages/airflow/example_dags/example_external_task_marker_dag.py for tasks to queue
[2023-12-21T19:23:22.978+0000] {logging_mixin.py:188} INFO - [2023-12-21T19:23:22.977+0000] {dagbag.py:538} INFO - Filling up the DagBag from /home/airflow/.local/lib/python3.8/site-packages/airflow/example_dags/example_external_task_marker_dag.py
[2023-12-21T19:23:22.995+0000] {processor.py:840} INFO - DAG(s) 'example_external_task_marker_parent', 'example_external_task_marker_child' retrieved from /home/airflow/.local/lib/python3.8/site-packages/airflow/example_dags/example_external_task_marker_dag.py
[2023-12-21T19:23:23.041+0000] {logging_mixin.py:188} INFO - [2023-12-21T19:23:23.041+0000] {dag.py:3033} INFO - Sync 2 DAGs
[2023-12-21T19:23:23.067+0000] {logging_mixin.py:188} INFO - [2023-12-21T19:23:23.066+0000] {dag.py:3820} INFO - Setting next_dagrun for example_external_task_marker_child to None, run_after=None
[2023-12-21T19:23:23.074+0000] {logging_mixin.py:188} INFO - [2023-12-21T19:23:23.073+0000] {dag.py:3820} INFO - Setting next_dagrun for example_external_task_marker_parent to None, run_after=None
[2023-12-21T19:23:23.118+0000] {processor.py:183} INFO - Processing /home/airflow/.local/lib/python3.8/site-packages/airflow/example_dags/example_external_task_marker_dag.py took 0.171 seconds
[2023-12-21T19:23:53.998+0000] {processor.py:161} INFO - Started process (PID=675) to work on /home/airflow/.local/lib/python3.8/site-packages/airflow/example_dags/example_external_task_marker_dag.py
[2023-12-21T19:23:53.999+0000] {processor.py:830} INFO - Processing file /home/airflow/.local/lib/python3.8/site-packages/airflow/example_dags/example_external_task_marker_dag.py for tasks to queue
[2023-12-21T19:23:54.011+0000] {logging_mixin.py:188} INFO - [2023-12-21T19:23:54.003+0000] {dagbag.py:538} INFO - Filling up the DagBag from /home/airflow/.local/lib/python3.8/site-packages/airflow/example_dags/example_external_task_marker_dag.py
[2023-12-21T19:23:54.029+0000] {processor.py:840} INFO - DAG(s) 'example_external_task_marker_parent', 'example_external_task_marker_child' retrieved from /home/airflow/.local/lib/python3.8/site-packages/airflow/example_dags/example_external_task_marker_dag.py
[2023-12-21T19:23:54.118+0000] {logging_mixin.py:188} INFO - [2023-12-21T19:23:54.118+0000] {dag.py:3033} INFO - Sync 2 DAGs
[2023-12-21T19:23:54.141+0000] {logging_mixin.py:188} INFO - [2023-12-21T19:23:54.141+0000] {dag.py:3820} INFO - Setting next_dagrun for example_external_task_marker_child to None, run_after=None
[2023-12-21T19:23:54.147+0000] {logging_mixin.py:188} INFO - [2023-12-21T19:23:54.147+0000] {dag.py:3820} INFO - Setting next_dagrun for example_external_task_marker_parent to None, run_after=None
[2023-12-21T19:23:54.184+0000] {processor.py:183} INFO - Processing /home/airflow/.local/lib/python3.8/site-packages/airflow/example_dags/example_external_task_marker_dag.py took 0.198 seconds
[2023-12-21T19:24:24.996+0000] {processor.py:161} INFO - Started process (PID=730) to work on /home/airflow/.local/lib/python3.8/site-packages/airflow/example_dags/example_external_task_marker_dag.py
[2023-12-21T19:24:25.006+0000] {processor.py:830} INFO - Processing file /home/airflow/.local/lib/python3.8/site-packages/airflow/example_dags/example_external_task_marker_dag.py for tasks to queue
[2023-12-21T19:24:25.012+0000] {logging_mixin.py:188} INFO - [2023-12-21T19:24:25.011+0000] {dagbag.py:538} INFO - Filling up the DagBag from /home/airflow/.local/lib/python3.8/site-packages/airflow/example_dags/example_external_task_marker_dag.py
[2023-12-21T19:24:25.024+0000] {processor.py:840} INFO - DAG(s) 'example_external_task_marker_parent', 'example_external_task_marker_child' retrieved from /home/airflow/.local/lib/python3.8/site-packages/airflow/example_dags/example_external_task_marker_dag.py
[2023-12-21T19:24:25.078+0000] {logging_mixin.py:188} INFO - [2023-12-21T19:24:25.078+0000] {dag.py:3033} INFO - Sync 2 DAGs
[2023-12-21T19:24:25.104+0000] {logging_mixin.py:188} INFO - [2023-12-21T19:24:25.103+0000] {dag.py:3820} INFO - Setting next_dagrun for example_external_task_marker_child to None, run_after=None
[2023-12-21T19:24:25.111+0000] {logging_mixin.py:188} INFO - [2023-12-21T19:24:25.111+0000] {dag.py:3820} INFO - Setting next_dagrun for example_external_task_marker_parent to None, run_after=None
[2023-12-21T19:24:25.148+0000] {processor.py:183} INFO - Processing /home/airflow/.local/lib/python3.8/site-packages/airflow/example_dags/example_external_task_marker_dag.py took 0.166 seconds
[2023-12-21T19:24:55.357+0000] {processor.py:161} INFO - Started process (PID=785) to work on /home/airflow/.local/lib/python3.8/site-packages/airflow/example_dags/example_external_task_marker_dag.py
[2023-12-21T19:24:55.359+0000] {processor.py:830} INFO - Processing file /home/airflow/.local/lib/python3.8/site-packages/airflow/example_dags/example_external_task_marker_dag.py for tasks to queue
[2023-12-21T19:24:55.367+0000] {logging_mixin.py:188} INFO - [2023-12-21T19:24:55.367+0000] {dagbag.py:538} INFO - Filling up the DagBag from /home/airflow/.local/lib/python3.8/site-packages/airflow/example_dags/example_external_task_marker_dag.py
[2023-12-21T19:24:55.379+0000] {processor.py:840} INFO - DAG(s) 'example_external_task_marker_child', 'example_external_task_marker_parent' retrieved from /home/airflow/.local/lib/python3.8/site-packages/airflow/example_dags/example_external_task_marker_dag.py
[2023-12-21T19:24:55.435+0000] {logging_mixin.py:188} INFO - [2023-12-21T19:24:55.435+0000] {dag.py:3033} INFO - Sync 2 DAGs
[2023-12-21T19:24:55.460+0000] {logging_mixin.py:188} INFO - [2023-12-21T19:24:55.460+0000] {dag.py:3820} INFO - Setting next_dagrun for example_external_task_marker_child to None, run_after=None
[2023-12-21T19:24:55.467+0000] {logging_mixin.py:188} INFO - [2023-12-21T19:24:55.467+0000] {dag.py:3820} INFO - Setting next_dagrun for example_external_task_marker_parent to None, run_after=None
[2023-12-21T19:24:55.506+0000] {processor.py:183} INFO - Processing /home/airflow/.local/lib/python3.8/site-packages/airflow/example_dags/example_external_task_marker_dag.py took 0.157 seconds
[2023-12-21T19:25:26.034+0000] {processor.py:161} INFO - Started process (PID=840) to work on /home/airflow/.local/lib/python3.8/site-packages/airflow/example_dags/example_external_task_marker_dag.py
[2023-12-21T19:25:26.043+0000] {processor.py:830} INFO - Processing file /home/airflow/.local/lib/python3.8/site-packages/airflow/example_dags/example_external_task_marker_dag.py for tasks to queue
[2023-12-21T19:25:26.047+0000] {logging_mixin.py:188} INFO - [2023-12-21T19:25:26.046+0000] {dagbag.py:538} INFO - Filling up the DagBag from /home/airflow/.local/lib/python3.8/site-packages/airflow/example_dags/example_external_task_marker_dag.py
[2023-12-21T19:25:26.061+0000] {processor.py:840} INFO - DAG(s) 'example_external_task_marker_child', 'example_external_task_marker_parent' retrieved from /home/airflow/.local/lib/python3.8/site-packages/airflow/example_dags/example_external_task_marker_dag.py
[2023-12-21T19:25:26.112+0000] {logging_mixin.py:188} INFO - [2023-12-21T19:25:26.112+0000] {dag.py:3033} INFO - Sync 2 DAGs
[2023-12-21T19:25:26.135+0000] {logging_mixin.py:188} INFO - [2023-12-21T19:25:26.134+0000] {dag.py:3820} INFO - Setting next_dagrun for example_external_task_marker_child to None, run_after=None
[2023-12-21T19:25:26.144+0000] {logging_mixin.py:188} INFO - [2023-12-21T19:25:26.143+0000] {dag.py:3820} INFO - Setting next_dagrun for example_external_task_marker_parent to None, run_after=None
[2023-12-21T19:25:26.185+0000] {processor.py:183} INFO - Processing /home/airflow/.local/lib/python3.8/site-packages/airflow/example_dags/example_external_task_marker_dag.py took 0.160 seconds
[2023-12-21T19:25:56.584+0000] {processor.py:161} INFO - Started process (PID=894) to work on /home/airflow/.local/lib/python3.8/site-packages/airflow/example_dags/example_external_task_marker_dag.py
[2023-12-21T19:25:56.592+0000] {processor.py:830} INFO - Processing file /home/airflow/.local/lib/python3.8/site-packages/airflow/example_dags/example_external_task_marker_dag.py for tasks to queue
[2023-12-21T19:25:56.602+0000] {logging_mixin.py:188} INFO - [2023-12-21T19:25:56.601+0000] {dagbag.py:538} INFO - Filling up the DagBag from /home/airflow/.local/lib/python3.8/site-packages/airflow/example_dags/example_external_task_marker_dag.py
[2023-12-21T19:25:56.616+0000] {processor.py:840} INFO - DAG(s) 'example_external_task_marker_parent', 'example_external_task_marker_child' retrieved from /home/airflow/.local/lib/python3.8/site-packages/airflow/example_dags/example_external_task_marker_dag.py
[2023-12-21T19:25:56.671+0000] {logging_mixin.py:188} INFO - [2023-12-21T19:25:56.671+0000] {dag.py:3033} INFO - Sync 2 DAGs
[2023-12-21T19:25:56.709+0000] {logging_mixin.py:188} INFO - [2023-12-21T19:25:56.709+0000] {dag.py:3820} INFO - Setting next_dagrun for example_external_task_marker_child to None, run_after=None
[2023-12-21T19:25:56.725+0000] {logging_mixin.py:188} INFO - [2023-12-21T19:25:56.725+0000] {dag.py:3820} INFO - Setting next_dagrun for example_external_task_marker_parent to None, run_after=None
[2023-12-21T19:25:56.760+0000] {processor.py:183} INFO - Processing /home/airflow/.local/lib/python3.8/site-packages/airflow/example_dags/example_external_task_marker_dag.py took 0.183 seconds
[2023-12-21T19:26:27.226+0000] {processor.py:161} INFO - Started process (PID=949) to work on /home/airflow/.local/lib/python3.8/site-packages/airflow/example_dags/example_external_task_marker_dag.py
[2023-12-21T19:26:27.227+0000] {processor.py:830} INFO - Processing file /home/airflow/.local/lib/python3.8/site-packages/airflow/example_dags/example_external_task_marker_dag.py for tasks to queue
[2023-12-21T19:26:27.230+0000] {logging_mixin.py:188} INFO - [2023-12-21T19:26:27.230+0000] {dagbag.py:538} INFO - Filling up the DagBag from /home/airflow/.local/lib/python3.8/site-packages/airflow/example_dags/example_external_task_marker_dag.py
[2023-12-21T19:26:27.242+0000] {processor.py:840} INFO - DAG(s) 'example_external_task_marker_parent', 'example_external_task_marker_child' retrieved from /home/airflow/.local/lib/python3.8/site-packages/airflow/example_dags/example_external_task_marker_dag.py
[2023-12-21T19:26:27.288+0000] {logging_mixin.py:188} INFO - [2023-12-21T19:26:27.288+0000] {dag.py:3033} INFO - Sync 2 DAGs
[2023-12-21T19:26:27.316+0000] {logging_mixin.py:188} INFO - [2023-12-21T19:26:27.316+0000] {dag.py:3820} INFO - Setting next_dagrun for example_external_task_marker_child to None, run_after=None
[2023-12-21T19:26:27.326+0000] {logging_mixin.py:188} INFO - [2023-12-21T19:26:27.326+0000] {dag.py:3820} INFO - Setting next_dagrun for example_external_task_marker_parent to None, run_after=None
[2023-12-21T19:26:27.367+0000] {processor.py:183} INFO - Processing /home/airflow/.local/lib/python3.8/site-packages/airflow/example_dags/example_external_task_marker_dag.py took 0.150 seconds
[2023-12-21T19:26:57.768+0000] {processor.py:161} INFO - Started process (PID=1004) to work on /home/airflow/.local/lib/python3.8/site-packages/airflow/example_dags/example_external_task_marker_dag.py
[2023-12-21T19:26:57.777+0000] {processor.py:830} INFO - Processing file /home/airflow/.local/lib/python3.8/site-packages/airflow/example_dags/example_external_task_marker_dag.py for tasks to queue
[2023-12-21T19:26:57.782+0000] {logging_mixin.py:188} INFO - [2023-12-21T19:26:57.781+0000] {dagbag.py:538} INFO - Filling up the DagBag from /home/airflow/.local/lib/python3.8/site-packages/airflow/example_dags/example_external_task_marker_dag.py
[2023-12-21T19:26:57.796+0000] {processor.py:840} INFO - DAG(s) 'example_external_task_marker_parent', 'example_external_task_marker_child' retrieved from /home/airflow/.local/lib/python3.8/site-packages/airflow/example_dags/example_external_task_marker_dag.py
[2023-12-21T19:26:57.872+0000] {logging_mixin.py:188} INFO - [2023-12-21T19:26:57.872+0000] {dag.py:3033} INFO - Sync 2 DAGs
[2023-12-21T19:26:57.899+0000] {logging_mixin.py:188} INFO - [2023-12-21T19:26:57.898+0000] {dag.py:3820} INFO - Setting next_dagrun for example_external_task_marker_child to None, run_after=None
[2023-12-21T19:26:57.906+0000] {logging_mixin.py:188} INFO - [2023-12-21T19:26:57.906+0000] {dag.py:3820} INFO - Setting next_dagrun for example_external_task_marker_parent to None, run_after=None
[2023-12-21T19:26:57.942+0000] {processor.py:183} INFO - Processing /home/airflow/.local/lib/python3.8/site-packages/airflow/example_dags/example_external_task_marker_dag.py took 0.182 seconds
[2023-12-21T19:27:28.057+0000] {processor.py:161} INFO - Started process (PID=1058) to work on /home/airflow/.local/lib/python3.8/site-packages/airflow/example_dags/example_external_task_marker_dag.py
[2023-12-21T19:27:28.066+0000] {processor.py:830} INFO - Processing file /home/airflow/.local/lib/python3.8/site-packages/airflow/example_dags/example_external_task_marker_dag.py for tasks to queue
[2023-12-21T19:27:28.069+0000] {logging_mixin.py:188} INFO - [2023-12-21T19:27:28.069+0000] {dagbag.py:538} INFO - Filling up the DagBag from /home/airflow/.local/lib/python3.8/site-packages/airflow/example_dags/example_external_task_marker_dag.py
[2023-12-21T19:27:28.080+0000] {processor.py:840} INFO - DAG(s) 'example_external_task_marker_parent', 'example_external_task_marker_child' retrieved from /home/airflow/.local/lib/python3.8/site-packages/airflow/example_dags/example_external_task_marker_dag.py
[2023-12-21T19:27:28.126+0000] {logging_mixin.py:188} INFO - [2023-12-21T19:27:28.126+0000] {dag.py:3033} INFO - Sync 2 DAGs
[2023-12-21T19:27:28.148+0000] {logging_mixin.py:188} INFO - [2023-12-21T19:27:28.148+0000] {dag.py:3820} INFO - Setting next_dagrun for example_external_task_marker_child to None, run_after=None
[2023-12-21T19:27:28.154+0000] {logging_mixin.py:188} INFO - [2023-12-21T19:27:28.154+0000] {dag.py:3820} INFO - Setting next_dagrun for example_external_task_marker_parent to None, run_after=None
[2023-12-21T19:27:28.188+0000] {processor.py:183} INFO - Processing /home/airflow/.local/lib/python3.8/site-packages/airflow/example_dags/example_external_task_marker_dag.py took 0.139 seconds
[2023-12-21T19:27:58.828+0000] {processor.py:161} INFO - Started process (PID=1114) to work on /home/airflow/.local/lib/python3.8/site-packages/airflow/example_dags/example_external_task_marker_dag.py
[2023-12-21T19:27:58.837+0000] {processor.py:830} INFO - Processing file /home/airflow/.local/lib/python3.8/site-packages/airflow/example_dags/example_external_task_marker_dag.py for tasks to queue
[2023-12-21T19:27:58.841+0000] {logging_mixin.py:188} INFO - [2023-12-21T19:27:58.841+0000] {dagbag.py:538} INFO - Filling up the DagBag from /home/airflow/.local/lib/python3.8/site-packages/airflow/example_dags/example_external_task_marker_dag.py
[2023-12-21T19:27:58.856+0000] {processor.py:840} INFO - DAG(s) 'example_external_task_marker_child', 'example_external_task_marker_parent' retrieved from /home/airflow/.local/lib/python3.8/site-packages/airflow/example_dags/example_external_task_marker_dag.py
[2023-12-21T19:27:58.896+0000] {logging_mixin.py:188} INFO - [2023-12-21T19:27:58.896+0000] {dag.py:3033} INFO - Sync 2 DAGs
[2023-12-21T19:27:58.915+0000] {logging_mixin.py:188} INFO - [2023-12-21T19:27:58.915+0000] {dag.py:3820} INFO - Setting next_dagrun for example_external_task_marker_child to None, run_after=None
[2023-12-21T19:27:58.923+0000] {logging_mixin.py:188} INFO - [2023-12-21T19:27:58.923+0000] {dag.py:3820} INFO - Setting next_dagrun for example_external_task_marker_parent to None, run_after=None
[2023-12-21T19:27:58.958+0000] {processor.py:183} INFO - Processing /home/airflow/.local/lib/python3.8/site-packages/airflow/example_dags/example_external_task_marker_dag.py took 0.138 seconds
[2023-12-21T19:28:29.275+0000] {processor.py:161} INFO - Started process (PID=1168) to work on /home/airflow/.local/lib/python3.8/site-packages/airflow/example_dags/example_external_task_marker_dag.py
[2023-12-21T19:28:29.284+0000] {processor.py:830} INFO - Processing file /home/airflow/.local/lib/python3.8/site-packages/airflow/example_dags/example_external_task_marker_dag.py for tasks to queue
[2023-12-21T19:28:29.289+0000] {logging_mixin.py:188} INFO - [2023-12-21T19:28:29.288+0000] {dagbag.py:538} INFO - Filling up the DagBag from /home/airflow/.local/lib/python3.8/site-packages/airflow/example_dags/example_external_task_marker_dag.py
[2023-12-21T19:28:29.304+0000] {processor.py:840} INFO - DAG(s) 'example_external_task_marker_child', 'example_external_task_marker_parent' retrieved from /home/airflow/.local/lib/python3.8/site-packages/airflow/example_dags/example_external_task_marker_dag.py
[2023-12-21T19:28:29.351+0000] {logging_mixin.py:188} INFO - [2023-12-21T19:28:29.350+0000] {dag.py:3033} INFO - Sync 2 DAGs
[2023-12-21T19:28:29.377+0000] {logging_mixin.py:188} INFO - [2023-12-21T19:28:29.377+0000] {dag.py:3820} INFO - Setting next_dagrun for example_external_task_marker_child to None, run_after=None
[2023-12-21T19:28:29.384+0000] {logging_mixin.py:188} INFO - [2023-12-21T19:28:29.384+0000] {dag.py:3820} INFO - Setting next_dagrun for example_external_task_marker_parent to None, run_after=None
[2023-12-21T19:28:29.418+0000] {processor.py:183} INFO - Processing /home/airflow/.local/lib/python3.8/site-packages/airflow/example_dags/example_external_task_marker_dag.py took 0.157 seconds
[2023-12-21T19:28:59.831+0000] {processor.py:161} INFO - Started process (PID=1223) to work on /home/airflow/.local/lib/python3.8/site-packages/airflow/example_dags/example_external_task_marker_dag.py
[2023-12-21T19:28:59.833+0000] {processor.py:830} INFO - Processing file /home/airflow/.local/lib/python3.8/site-packages/airflow/example_dags/example_external_task_marker_dag.py for tasks to queue
[2023-12-21T19:28:59.837+0000] {logging_mixin.py:188} INFO - [2023-12-21T19:28:59.836+0000] {dagbag.py:538} INFO - Filling up the DagBag from /home/airflow/.local/lib/python3.8/site-packages/airflow/example_dags/example_external_task_marker_dag.py
[2023-12-21T19:28:59.851+0000] {processor.py:840} INFO - DAG(s) 'example_external_task_marker_parent', 'example_external_task_marker_child' retrieved from /home/airflow/.local/lib/python3.8/site-packages/airflow/example_dags/example_external_task_marker_dag.py
[2023-12-21T19:28:59.899+0000] {logging_mixin.py:188} INFO - [2023-12-21T19:28:59.898+0000] {dag.py:3033} INFO - Sync 2 DAGs
[2023-12-21T19:28:59.924+0000] {logging_mixin.py:188} INFO - [2023-12-21T19:28:59.924+0000] {dag.py:3820} INFO - Setting next_dagrun for example_external_task_marker_child to None, run_after=None
[2023-12-21T19:28:59.932+0000] {logging_mixin.py:188} INFO - [2023-12-21T19:28:59.931+0000] {dag.py:3820} INFO - Setting next_dagrun for example_external_task_marker_parent to None, run_after=None
[2023-12-21T19:28:59.984+0000] {processor.py:183} INFO - Processing /home/airflow/.local/lib/python3.8/site-packages/airflow/example_dags/example_external_task_marker_dag.py took 0.162 seconds
[2023-12-21T19:29:30.236+0000] {processor.py:161} INFO - Started process (PID=1278) to work on /home/airflow/.local/lib/python3.8/site-packages/airflow/example_dags/example_external_task_marker_dag.py
[2023-12-21T19:29:30.245+0000] {processor.py:830} INFO - Processing file /home/airflow/.local/lib/python3.8/site-packages/airflow/example_dags/example_external_task_marker_dag.py for tasks to queue
[2023-12-21T19:29:30.250+0000] {logging_mixin.py:188} INFO - [2023-12-21T19:29:30.249+0000] {dagbag.py:538} INFO - Filling up the DagBag from /home/airflow/.local/lib/python3.8/site-packages/airflow/example_dags/example_external_task_marker_dag.py
[2023-12-21T19:29:30.263+0000] {processor.py:840} INFO - DAG(s) 'example_external_task_marker_parent', 'example_external_task_marker_child' retrieved from /home/airflow/.local/lib/python3.8/site-packages/airflow/example_dags/example_external_task_marker_dag.py
[2023-12-21T19:29:30.312+0000] {logging_mixin.py:188} INFO - [2023-12-21T19:29:30.312+0000] {dag.py:3033} INFO - Sync 2 DAGs
[2023-12-21T19:29:30.340+0000] {logging_mixin.py:188} INFO - [2023-12-21T19:29:30.340+0000] {dag.py:3820} INFO - Setting next_dagrun for example_external_task_marker_child to None, run_after=None
[2023-12-21T19:29:30.345+0000] {logging_mixin.py:188} INFO - [2023-12-21T19:29:30.345+0000] {dag.py:3820} INFO - Setting next_dagrun for example_external_task_marker_parent to None, run_after=None
[2023-12-21T19:29:30.383+0000] {processor.py:183} INFO - Processing /home/airflow/.local/lib/python3.8/site-packages/airflow/example_dags/example_external_task_marker_dag.py took 0.157 seconds
[2023-12-21T19:30:00.473+0000] {processor.py:161} INFO - Started process (PID=1333) to work on /home/airflow/.local/lib/python3.8/site-packages/airflow/example_dags/example_external_task_marker_dag.py
[2023-12-21T19:30:00.478+0000] {processor.py:830} INFO - Processing file /home/airflow/.local/lib/python3.8/site-packages/airflow/example_dags/example_external_task_marker_dag.py for tasks to queue
[2023-12-21T19:30:00.482+0000] {logging_mixin.py:188} INFO - [2023-12-21T19:30:00.482+0000] {dagbag.py:538} INFO - Filling up the DagBag from /home/airflow/.local/lib/python3.8/site-packages/airflow/example_dags/example_external_task_marker_dag.py
[2023-12-21T19:30:00.502+0000] {processor.py:840} INFO - DAG(s) 'example_external_task_marker_parent', 'example_external_task_marker_child' retrieved from /home/airflow/.local/lib/python3.8/site-packages/airflow/example_dags/example_external_task_marker_dag.py
[2023-12-21T19:30:00.551+0000] {logging_mixin.py:188} INFO - [2023-12-21T19:30:00.550+0000] {dag.py:3033} INFO - Sync 2 DAGs
[2023-12-21T19:30:00.573+0000] {logging_mixin.py:188} INFO - [2023-12-21T19:30:00.573+0000] {dag.py:3820} INFO - Setting next_dagrun for example_external_task_marker_child to None, run_after=None
[2023-12-21T19:30:00.579+0000] {logging_mixin.py:188} INFO - [2023-12-21T19:30:00.579+0000] {dag.py:3820} INFO - Setting next_dagrun for example_external_task_marker_parent to None, run_after=None
[2023-12-21T19:30:00.613+0000] {processor.py:183} INFO - Processing /home/airflow/.local/lib/python3.8/site-packages/airflow/example_dags/example_external_task_marker_dag.py took 0.148 seconds
[2023-12-21T19:30:31.256+0000] {processor.py:161} INFO - Started process (PID=1387) to work on /home/airflow/.local/lib/python3.8/site-packages/airflow/example_dags/example_external_task_marker_dag.py
[2023-12-21T19:30:31.265+0000] {processor.py:830} INFO - Processing file /home/airflow/.local/lib/python3.8/site-packages/airflow/example_dags/example_external_task_marker_dag.py for tasks to queue
[2023-12-21T19:30:31.269+0000] {logging_mixin.py:188} INFO - [2023-12-21T19:30:31.268+0000] {dagbag.py:538} INFO - Filling up the DagBag from /home/airflow/.local/lib/python3.8/site-packages/airflow/example_dags/example_external_task_marker_dag.py
[2023-12-21T19:30:31.286+0000] {processor.py:840} INFO - DAG(s) 'example_external_task_marker_parent', 'example_external_task_marker_child' retrieved from /home/airflow/.local/lib/python3.8/site-packages/airflow/example_dags/example_external_task_marker_dag.py
[2023-12-21T19:30:31.383+0000] {logging_mixin.py:188} INFO - [2023-12-21T19:30:31.382+0000] {dag.py:3033} INFO - Sync 2 DAGs
[2023-12-21T19:30:31.434+0000] {logging_mixin.py:188} INFO - [2023-12-21T19:30:31.434+0000] {dag.py:3820} INFO - Setting next_dagrun for example_external_task_marker_child to None, run_after=None
[2023-12-21T19:30:31.454+0000] {logging_mixin.py:188} INFO - [2023-12-21T19:30:31.453+0000] {dag.py:3820} INFO - Setting next_dagrun for example_external_task_marker_parent to None, run_after=None
[2023-12-21T19:30:31.501+0000] {processor.py:183} INFO - Processing /home/airflow/.local/lib/python3.8/site-packages/airflow/example_dags/example_external_task_marker_dag.py took 0.249 seconds
[2023-12-21T19:31:01.546+0000] {processor.py:161} INFO - Started process (PID=1441) to work on /home/airflow/.local/lib/python3.8/site-packages/airflow/example_dags/example_external_task_marker_dag.py
[2023-12-21T19:31:01.548+0000] {processor.py:830} INFO - Processing file /home/airflow/.local/lib/python3.8/site-packages/airflow/example_dags/example_external_task_marker_dag.py for tasks to queue
[2023-12-21T19:31:01.551+0000] {logging_mixin.py:188} INFO - [2023-12-21T19:31:01.551+0000] {dagbag.py:538} INFO - Filling up the DagBag from /home/airflow/.local/lib/python3.8/site-packages/airflow/example_dags/example_external_task_marker_dag.py
[2023-12-21T19:31:01.561+0000] {processor.py:840} INFO - DAG(s) 'example_external_task_marker_child', 'example_external_task_marker_parent' retrieved from /home/airflow/.local/lib/python3.8/site-packages/airflow/example_dags/example_external_task_marker_dag.py
[2023-12-21T19:31:01.589+0000] {logging_mixin.py:188} INFO - [2023-12-21T19:31:01.589+0000] {dag.py:3033} INFO - Sync 2 DAGs
[2023-12-21T19:31:01.603+0000] {logging_mixin.py:188} INFO - [2023-12-21T19:31:01.603+0000] {dag.py:3820} INFO - Setting next_dagrun for example_external_task_marker_child to None, run_after=None
[2023-12-21T19:31:01.607+0000] {logging_mixin.py:188} INFO - [2023-12-21T19:31:01.607+0000] {dag.py:3820} INFO - Setting next_dagrun for example_external_task_marker_parent to None, run_after=None
[2023-12-21T19:31:01.633+0000] {processor.py:183} INFO - Processing /home/airflow/.local/lib/python3.8/site-packages/airflow/example_dags/example_external_task_marker_dag.py took 0.093 seconds
[2023-12-21T19:31:31.819+0000] {processor.py:161} INFO - Started process (PID=1496) to work on /home/airflow/.local/lib/python3.8/site-packages/airflow/example_dags/example_external_task_marker_dag.py
[2023-12-21T19:31:31.828+0000] {processor.py:830} INFO - Processing file /home/airflow/.local/lib/python3.8/site-packages/airflow/example_dags/example_external_task_marker_dag.py for tasks to queue
[2023-12-21T19:31:31.832+0000] {logging_mixin.py:188} INFO - [2023-12-21T19:31:31.832+0000] {dagbag.py:538} INFO - Filling up the DagBag from /home/airflow/.local/lib/python3.8/site-packages/airflow/example_dags/example_external_task_marker_dag.py
[2023-12-21T19:31:31.844+0000] {processor.py:840} INFO - DAG(s) 'example_external_task_marker_parent', 'example_external_task_marker_child' retrieved from /home/airflow/.local/lib/python3.8/site-packages/airflow/example_dags/example_external_task_marker_dag.py
[2023-12-21T19:31:31.885+0000] {logging_mixin.py:188} INFO - [2023-12-21T19:31:31.885+0000] {dag.py:3033} INFO - Sync 2 DAGs
[2023-12-21T19:31:31.903+0000] {logging_mixin.py:188} INFO - [2023-12-21T19:31:31.902+0000] {dag.py:3820} INFO - Setting next_dagrun for example_external_task_marker_child to None, run_after=None
[2023-12-21T19:31:31.907+0000] {logging_mixin.py:188} INFO - [2023-12-21T19:31:31.907+0000] {dag.py:3820} INFO - Setting next_dagrun for example_external_task_marker_parent to None, run_after=None
[2023-12-21T19:31:31.938+0000] {processor.py:183} INFO - Processing /home/airflow/.local/lib/python3.8/site-packages/airflow/example_dags/example_external_task_marker_dag.py took 0.130 seconds
[2023-12-21T19:34:31.482+0000] {processor.py:161} INFO - Started process (PID=65) to work on /home/airflow/.local/lib/python3.8/site-packages/airflow/example_dags/example_external_task_marker_dag.py
[2023-12-21T19:34:31.484+0000] {processor.py:830} INFO - Processing file /home/airflow/.local/lib/python3.8/site-packages/airflow/example_dags/example_external_task_marker_dag.py for tasks to queue
[2023-12-21T19:34:31.488+0000] {logging_mixin.py:188} INFO - [2023-12-21T19:34:31.487+0000] {dagbag.py:538} INFO - Filling up the DagBag from /home/airflow/.local/lib/python3.8/site-packages/airflow/example_dags/example_external_task_marker_dag.py
[2023-12-21T19:34:31.498+0000] {processor.py:840} INFO - DAG(s) 'example_external_task_marker_child', 'example_external_task_marker_parent' retrieved from /home/airflow/.local/lib/python3.8/site-packages/airflow/example_dags/example_external_task_marker_dag.py
[2023-12-21T19:34:31.860+0000] {logging_mixin.py:188} INFO - [2023-12-21T19:34:31.857+0000] {dag.py:3033} INFO - Sync 2 DAGs
[2023-12-21T19:34:31.895+0000] {logging_mixin.py:188} INFO - [2023-12-21T19:34:31.895+0000] {dag.py:3820} INFO - Setting next_dagrun for example_external_task_marker_child to None, run_after=None
[2023-12-21T19:34:31.902+0000] {logging_mixin.py:188} INFO - [2023-12-21T19:34:31.902+0000] {dag.py:3820} INFO - Setting next_dagrun for example_external_task_marker_parent to None, run_after=None
[2023-12-21T19:34:31.944+0000] {processor.py:183} INFO - Processing /home/airflow/.local/lib/python3.8/site-packages/airflow/example_dags/example_external_task_marker_dag.py took 0.472 seconds
