[2023-12-21T19:12:00.186+0000] {processor.py:161} INFO - Started process (PID=56) to work on /home/airflow/.local/lib/python3.8/site-packages/airflow/example_dags/example_local_kubernetes_executor.py
[2023-12-21T19:12:00.188+0000] {processor.py:830} INFO - Processing file /home/airflow/.local/lib/python3.8/site-packages/airflow/example_dags/example_local_kubernetes_executor.py for tasks to queue
[2023-12-21T19:12:00.192+0000] {logging_mixin.py:188} INFO - [2023-12-21T19:12:00.192+0000] {dagbag.py:538} INFO - Filling up the DagBag from /home/airflow/.local/lib/python3.8/site-packages/airflow/example_dags/example_local_kubernetes_executor.py
[2023-12-21T19:12:00.213+0000] {processor.py:840} INFO - DAG(s) 'example_local_kubernetes_executor' retrieved from /home/airflow/.local/lib/python3.8/site-packages/airflow/example_dags/example_local_kubernetes_executor.py
[2023-12-21T19:12:00.668+0000] {logging_mixin.py:188} INFO - [2023-12-21T19:12:00.667+0000] {dag.py:3033} INFO - Sync 1 DAGs
[2023-12-21T19:12:00.732+0000] {logging_mixin.py:188} INFO - [2023-12-21T19:12:00.731+0000] {dag.py:3820} INFO - Setting next_dagrun for example_local_kubernetes_executor to None, run_after=None
[2023-12-21T19:12:00.775+0000] {processor.py:183} INFO - Processing /home/airflow/.local/lib/python3.8/site-packages/airflow/example_dags/example_local_kubernetes_executor.py took 0.601 seconds
[2023-12-21T19:12:31.250+0000] {processor.py:161} INFO - Started process (PID=110) to work on /home/airflow/.local/lib/python3.8/site-packages/airflow/example_dags/example_local_kubernetes_executor.py
[2023-12-21T19:12:31.252+0000] {processor.py:830} INFO - Processing file /home/airflow/.local/lib/python3.8/site-packages/airflow/example_dags/example_local_kubernetes_executor.py for tasks to queue
[2023-12-21T19:12:31.254+0000] {logging_mixin.py:188} INFO - [2023-12-21T19:12:31.254+0000] {dagbag.py:538} INFO - Filling up the DagBag from /home/airflow/.local/lib/python3.8/site-packages/airflow/example_dags/example_local_kubernetes_executor.py
[2023-12-21T19:12:31.265+0000] {processor.py:840} INFO - DAG(s) 'example_local_kubernetes_executor' retrieved from /home/airflow/.local/lib/python3.8/site-packages/airflow/example_dags/example_local_kubernetes_executor.py
[2023-12-21T19:12:31.320+0000] {logging_mixin.py:188} INFO - [2023-12-21T19:12:31.319+0000] {dag.py:3033} INFO - Sync 1 DAGs
[2023-12-21T19:12:31.348+0000] {logging_mixin.py:188} INFO - [2023-12-21T19:12:31.348+0000] {dag.py:3820} INFO - Setting next_dagrun for example_local_kubernetes_executor to None, run_after=None
[2023-12-21T19:12:31.396+0000] {processor.py:183} INFO - Processing /home/airflow/.local/lib/python3.8/site-packages/airflow/example_dags/example_local_kubernetes_executor.py took 0.152 seconds
[2023-12-21T19:13:02.203+0000] {processor.py:161} INFO - Started process (PID=165) to work on /home/airflow/.local/lib/python3.8/site-packages/airflow/example_dags/example_local_kubernetes_executor.py
[2023-12-21T19:13:02.204+0000] {processor.py:830} INFO - Processing file /home/airflow/.local/lib/python3.8/site-packages/airflow/example_dags/example_local_kubernetes_executor.py for tasks to queue
[2023-12-21T19:13:02.209+0000] {logging_mixin.py:188} INFO - [2023-12-21T19:13:02.208+0000] {dagbag.py:538} INFO - Filling up the DagBag from /home/airflow/.local/lib/python3.8/site-packages/airflow/example_dags/example_local_kubernetes_executor.py
[2023-12-21T19:13:02.223+0000] {processor.py:840} INFO - DAG(s) 'example_local_kubernetes_executor' retrieved from /home/airflow/.local/lib/python3.8/site-packages/airflow/example_dags/example_local_kubernetes_executor.py
[2023-12-21T19:13:02.310+0000] {logging_mixin.py:188} INFO - [2023-12-21T19:13:02.309+0000] {dag.py:3033} INFO - Sync 1 DAGs
[2023-12-21T19:13:02.344+0000] {logging_mixin.py:188} INFO - [2023-12-21T19:13:02.342+0000] {dag.py:3820} INFO - Setting next_dagrun for example_local_kubernetes_executor to None, run_after=None
[2023-12-21T19:13:02.404+0000] {processor.py:183} INFO - Processing /home/airflow/.local/lib/python3.8/site-packages/airflow/example_dags/example_local_kubernetes_executor.py took 0.207 seconds
[2023-12-21T19:13:32.578+0000] {processor.py:161} INFO - Started process (PID=220) to work on /home/airflow/.local/lib/python3.8/site-packages/airflow/example_dags/example_local_kubernetes_executor.py
[2023-12-21T19:13:32.579+0000] {processor.py:830} INFO - Processing file /home/airflow/.local/lib/python3.8/site-packages/airflow/example_dags/example_local_kubernetes_executor.py for tasks to queue
[2023-12-21T19:13:32.582+0000] {logging_mixin.py:188} INFO - [2023-12-21T19:13:32.582+0000] {dagbag.py:538} INFO - Filling up the DagBag from /home/airflow/.local/lib/python3.8/site-packages/airflow/example_dags/example_local_kubernetes_executor.py
[2023-12-21T19:13:32.591+0000] {processor.py:840} INFO - DAG(s) 'example_local_kubernetes_executor' retrieved from /home/airflow/.local/lib/python3.8/site-packages/airflow/example_dags/example_local_kubernetes_executor.py
[2023-12-21T19:13:32.630+0000] {logging_mixin.py:188} INFO - [2023-12-21T19:13:32.630+0000] {dag.py:3033} INFO - Sync 1 DAGs
[2023-12-21T19:13:32.644+0000] {logging_mixin.py:188} INFO - [2023-12-21T19:13:32.644+0000] {dag.py:3820} INFO - Setting next_dagrun for example_local_kubernetes_executor to None, run_after=None
[2023-12-21T19:13:32.675+0000] {processor.py:183} INFO - Processing /home/airflow/.local/lib/python3.8/site-packages/airflow/example_dags/example_local_kubernetes_executor.py took 0.100 seconds
[2023-12-21T19:14:02.989+0000] {processor.py:161} INFO - Started process (PID=275) to work on /home/airflow/.local/lib/python3.8/site-packages/airflow/example_dags/example_local_kubernetes_executor.py
[2023-12-21T19:14:02.990+0000] {processor.py:830} INFO - Processing file /home/airflow/.local/lib/python3.8/site-packages/airflow/example_dags/example_local_kubernetes_executor.py for tasks to queue
[2023-12-21T19:14:02.992+0000] {logging_mixin.py:188} INFO - [2023-12-21T19:14:02.992+0000] {dagbag.py:538} INFO - Filling up the DagBag from /home/airflow/.local/lib/python3.8/site-packages/airflow/example_dags/example_local_kubernetes_executor.py
[2023-12-21T19:14:03.002+0000] {processor.py:840} INFO - DAG(s) 'example_local_kubernetes_executor' retrieved from /home/airflow/.local/lib/python3.8/site-packages/airflow/example_dags/example_local_kubernetes_executor.py
[2023-12-21T19:14:03.043+0000] {logging_mixin.py:188} INFO - [2023-12-21T19:14:03.042+0000] {dag.py:3033} INFO - Sync 1 DAGs
[2023-12-21T19:14:03.056+0000] {logging_mixin.py:188} INFO - [2023-12-21T19:14:03.056+0000] {dag.py:3820} INFO - Setting next_dagrun for example_local_kubernetes_executor to None, run_after=None
[2023-12-21T19:14:03.077+0000] {processor.py:183} INFO - Processing /home/airflow/.local/lib/python3.8/site-packages/airflow/example_dags/example_local_kubernetes_executor.py took 0.092 seconds
[2023-12-21T19:18:13.560+0000] {processor.py:161} INFO - Started process (PID=56) to work on /home/airflow/.local/lib/python3.8/site-packages/airflow/example_dags/example_local_kubernetes_executor.py
[2023-12-21T19:18:13.565+0000] {processor.py:830} INFO - Processing file /home/airflow/.local/lib/python3.8/site-packages/airflow/example_dags/example_local_kubernetes_executor.py for tasks to queue
[2023-12-21T19:18:13.568+0000] {logging_mixin.py:188} INFO - [2023-12-21T19:18:13.568+0000] {dagbag.py:538} INFO - Filling up the DagBag from /home/airflow/.local/lib/python3.8/site-packages/airflow/example_dags/example_local_kubernetes_executor.py
[2023-12-21T19:18:13.601+0000] {processor.py:840} INFO - DAG(s) 'example_local_kubernetes_executor' retrieved from /home/airflow/.local/lib/python3.8/site-packages/airflow/example_dags/example_local_kubernetes_executor.py
[2023-12-21T19:18:14.111+0000] {logging_mixin.py:188} INFO - [2023-12-21T19:18:14.111+0000] {dag.py:3033} INFO - Sync 1 DAGs
[2023-12-21T19:18:14.161+0000] {logging_mixin.py:188} INFO - [2023-12-21T19:18:14.161+0000] {dag.py:3820} INFO - Setting next_dagrun for example_local_kubernetes_executor to None, run_after=None
[2023-12-21T19:18:14.250+0000] {processor.py:183} INFO - Processing /home/airflow/.local/lib/python3.8/site-packages/airflow/example_dags/example_local_kubernetes_executor.py took 0.698 seconds
[2023-12-21T19:18:44.879+0000] {processor.py:161} INFO - Started process (PID=111) to work on /home/airflow/.local/lib/python3.8/site-packages/airflow/example_dags/example_local_kubernetes_executor.py
[2023-12-21T19:18:44.881+0000] {processor.py:830} INFO - Processing file /home/airflow/.local/lib/python3.8/site-packages/airflow/example_dags/example_local_kubernetes_executor.py for tasks to queue
[2023-12-21T19:18:44.885+0000] {logging_mixin.py:188} INFO - [2023-12-21T19:18:44.885+0000] {dagbag.py:538} INFO - Filling up the DagBag from /home/airflow/.local/lib/python3.8/site-packages/airflow/example_dags/example_local_kubernetes_executor.py
[2023-12-21T19:18:44.900+0000] {processor.py:840} INFO - DAG(s) 'example_local_kubernetes_executor' retrieved from /home/airflow/.local/lib/python3.8/site-packages/airflow/example_dags/example_local_kubernetes_executor.py
[2023-12-21T19:18:44.983+0000] {logging_mixin.py:188} INFO - [2023-12-21T19:18:44.983+0000] {dag.py:3033} INFO - Sync 1 DAGs
[2023-12-21T19:18:45.010+0000] {logging_mixin.py:188} INFO - [2023-12-21T19:18:45.009+0000] {dag.py:3820} INFO - Setting next_dagrun for example_local_kubernetes_executor to None, run_after=None
[2023-12-21T19:18:45.051+0000] {processor.py:183} INFO - Processing /home/airflow/.local/lib/python3.8/site-packages/airflow/example_dags/example_local_kubernetes_executor.py took 0.179 seconds
[2023-12-21T19:19:15.229+0000] {processor.py:161} INFO - Started process (PID=168) to work on /home/airflow/.local/lib/python3.8/site-packages/airflow/example_dags/example_local_kubernetes_executor.py
[2023-12-21T19:19:15.230+0000] {processor.py:830} INFO - Processing file /home/airflow/.local/lib/python3.8/site-packages/airflow/example_dags/example_local_kubernetes_executor.py for tasks to queue
[2023-12-21T19:19:15.232+0000] {logging_mixin.py:188} INFO - [2023-12-21T19:19:15.232+0000] {dagbag.py:538} INFO - Filling up the DagBag from /home/airflow/.local/lib/python3.8/site-packages/airflow/example_dags/example_local_kubernetes_executor.py
[2023-12-21T19:19:15.242+0000] {processor.py:840} INFO - DAG(s) 'example_local_kubernetes_executor' retrieved from /home/airflow/.local/lib/python3.8/site-packages/airflow/example_dags/example_local_kubernetes_executor.py
[2023-12-21T19:19:15.286+0000] {logging_mixin.py:188} INFO - [2023-12-21T19:19:15.286+0000] {dag.py:3033} INFO - Sync 1 DAGs
[2023-12-21T19:19:15.300+0000] {logging_mixin.py:188} INFO - [2023-12-21T19:19:15.300+0000] {dag.py:3820} INFO - Setting next_dagrun for example_local_kubernetes_executor to None, run_after=None
[2023-12-21T19:19:15.330+0000] {processor.py:183} INFO - Processing /home/airflow/.local/lib/python3.8/site-packages/airflow/example_dags/example_local_kubernetes_executor.py took 0.105 seconds
[2023-12-21T19:19:45.648+0000] {processor.py:161} INFO - Started process (PID=222) to work on /home/airflow/.local/lib/python3.8/site-packages/airflow/example_dags/example_local_kubernetes_executor.py
[2023-12-21T19:19:45.649+0000] {processor.py:830} INFO - Processing file /home/airflow/.local/lib/python3.8/site-packages/airflow/example_dags/example_local_kubernetes_executor.py for tasks to queue
[2023-12-21T19:19:45.653+0000] {logging_mixin.py:188} INFO - [2023-12-21T19:19:45.652+0000] {dagbag.py:538} INFO - Filling up the DagBag from /home/airflow/.local/lib/python3.8/site-packages/airflow/example_dags/example_local_kubernetes_executor.py
[2023-12-21T19:19:45.662+0000] {processor.py:840} INFO - DAG(s) 'example_local_kubernetes_executor' retrieved from /home/airflow/.local/lib/python3.8/site-packages/airflow/example_dags/example_local_kubernetes_executor.py
[2023-12-21T19:19:45.716+0000] {logging_mixin.py:188} INFO - [2023-12-21T19:19:45.716+0000] {dag.py:3033} INFO - Sync 1 DAGs
[2023-12-21T19:19:45.736+0000] {logging_mixin.py:188} INFO - [2023-12-21T19:19:45.735+0000] {dag.py:3820} INFO - Setting next_dagrun for example_local_kubernetes_executor to None, run_after=None
[2023-12-21T19:19:45.768+0000] {processor.py:183} INFO - Processing /home/airflow/.local/lib/python3.8/site-packages/airflow/example_dags/example_local_kubernetes_executor.py took 0.130 seconds
[2023-12-21T19:20:16.354+0000] {processor.py:161} INFO - Started process (PID=277) to work on /home/airflow/.local/lib/python3.8/site-packages/airflow/example_dags/example_local_kubernetes_executor.py
[2023-12-21T19:20:16.363+0000] {processor.py:830} INFO - Processing file /home/airflow/.local/lib/python3.8/site-packages/airflow/example_dags/example_local_kubernetes_executor.py for tasks to queue
[2023-12-21T19:20:16.366+0000] {logging_mixin.py:188} INFO - [2023-12-21T19:20:16.365+0000] {dagbag.py:538} INFO - Filling up the DagBag from /home/airflow/.local/lib/python3.8/site-packages/airflow/example_dags/example_local_kubernetes_executor.py
[2023-12-21T19:20:16.378+0000] {processor.py:840} INFO - DAG(s) 'example_local_kubernetes_executor' retrieved from /home/airflow/.local/lib/python3.8/site-packages/airflow/example_dags/example_local_kubernetes_executor.py
[2023-12-21T19:20:16.427+0000] {logging_mixin.py:188} INFO - [2023-12-21T19:20:16.427+0000] {dag.py:3033} INFO - Sync 1 DAGs
[2023-12-21T19:20:16.442+0000] {logging_mixin.py:188} INFO - [2023-12-21T19:20:16.442+0000] {dag.py:3820} INFO - Setting next_dagrun for example_local_kubernetes_executor to None, run_after=None
[2023-12-21T19:20:16.463+0000] {processor.py:183} INFO - Processing /home/airflow/.local/lib/python3.8/site-packages/airflow/example_dags/example_local_kubernetes_executor.py took 0.116 seconds
[2023-12-21T19:20:46.746+0000] {processor.py:161} INFO - Started process (PID=332) to work on /home/airflow/.local/lib/python3.8/site-packages/airflow/example_dags/example_local_kubernetes_executor.py
[2023-12-21T19:20:46.748+0000] {processor.py:830} INFO - Processing file /home/airflow/.local/lib/python3.8/site-packages/airflow/example_dags/example_local_kubernetes_executor.py for tasks to queue
[2023-12-21T19:20:46.755+0000] {logging_mixin.py:188} INFO - [2023-12-21T19:20:46.755+0000] {dagbag.py:538} INFO - Filling up the DagBag from /home/airflow/.local/lib/python3.8/site-packages/airflow/example_dags/example_local_kubernetes_executor.py
[2023-12-21T19:20:46.790+0000] {processor.py:840} INFO - DAG(s) 'example_local_kubernetes_executor' retrieved from /home/airflow/.local/lib/python3.8/site-packages/airflow/example_dags/example_local_kubernetes_executor.py
[2023-12-21T19:20:46.881+0000] {logging_mixin.py:188} INFO - [2023-12-21T19:20:46.881+0000] {dag.py:3033} INFO - Sync 1 DAGs
[2023-12-21T19:20:46.918+0000] {logging_mixin.py:188} INFO - [2023-12-21T19:20:46.917+0000] {dag.py:3820} INFO - Setting next_dagrun for example_local_kubernetes_executor to None, run_after=None
[2023-12-21T19:20:47.053+0000] {processor.py:183} INFO - Processing /home/airflow/.local/lib/python3.8/site-packages/airflow/example_dags/example_local_kubernetes_executor.py took 0.325 seconds
[2023-12-21T19:21:17.121+0000] {processor.py:161} INFO - Started process (PID=387) to work on /home/airflow/.local/lib/python3.8/site-packages/airflow/example_dags/example_local_kubernetes_executor.py
[2023-12-21T19:21:17.130+0000] {processor.py:830} INFO - Processing file /home/airflow/.local/lib/python3.8/site-packages/airflow/example_dags/example_local_kubernetes_executor.py for tasks to queue
[2023-12-21T19:21:17.135+0000] {logging_mixin.py:188} INFO - [2023-12-21T19:21:17.134+0000] {dagbag.py:538} INFO - Filling up the DagBag from /home/airflow/.local/lib/python3.8/site-packages/airflow/example_dags/example_local_kubernetes_executor.py
[2023-12-21T19:21:17.159+0000] {processor.py:840} INFO - DAG(s) 'example_local_kubernetes_executor' retrieved from /home/airflow/.local/lib/python3.8/site-packages/airflow/example_dags/example_local_kubernetes_executor.py
[2023-12-21T19:21:17.230+0000] {logging_mixin.py:188} INFO - [2023-12-21T19:21:17.230+0000] {dag.py:3033} INFO - Sync 1 DAGs
[2023-12-21T19:21:17.252+0000] {logging_mixin.py:188} INFO - [2023-12-21T19:21:17.252+0000] {dag.py:3820} INFO - Setting next_dagrun for example_local_kubernetes_executor to None, run_after=None
[2023-12-21T19:21:17.286+0000] {processor.py:183} INFO - Processing /home/airflow/.local/lib/python3.8/site-packages/airflow/example_dags/example_local_kubernetes_executor.py took 0.177 seconds
[2023-12-21T19:21:47.712+0000] {processor.py:161} INFO - Started process (PID=442) to work on /home/airflow/.local/lib/python3.8/site-packages/airflow/example_dags/example_local_kubernetes_executor.py
[2023-12-21T19:21:47.721+0000] {processor.py:830} INFO - Processing file /home/airflow/.local/lib/python3.8/site-packages/airflow/example_dags/example_local_kubernetes_executor.py for tasks to queue
[2023-12-21T19:21:47.725+0000] {logging_mixin.py:188} INFO - [2023-12-21T19:21:47.724+0000] {dagbag.py:538} INFO - Filling up the DagBag from /home/airflow/.local/lib/python3.8/site-packages/airflow/example_dags/example_local_kubernetes_executor.py
[2023-12-21T19:21:47.743+0000] {processor.py:840} INFO - DAG(s) 'example_local_kubernetes_executor' retrieved from /home/airflow/.local/lib/python3.8/site-packages/airflow/example_dags/example_local_kubernetes_executor.py
[2023-12-21T19:21:47.833+0000] {logging_mixin.py:188} INFO - [2023-12-21T19:21:47.833+0000] {dag.py:3033} INFO - Sync 1 DAGs
[2023-12-21T19:21:47.860+0000] {logging_mixin.py:188} INFO - [2023-12-21T19:21:47.860+0000] {dag.py:3820} INFO - Setting next_dagrun for example_local_kubernetes_executor to None, run_after=None
[2023-12-21T19:21:47.904+0000] {processor.py:183} INFO - Processing /home/airflow/.local/lib/python3.8/site-packages/airflow/example_dags/example_local_kubernetes_executor.py took 0.199 seconds
[2023-12-21T19:22:18.520+0000] {processor.py:161} INFO - Started process (PID=497) to work on /home/airflow/.local/lib/python3.8/site-packages/airflow/example_dags/example_local_kubernetes_executor.py
[2023-12-21T19:22:18.523+0000] {processor.py:830} INFO - Processing file /home/airflow/.local/lib/python3.8/site-packages/airflow/example_dags/example_local_kubernetes_executor.py for tasks to queue
[2023-12-21T19:22:18.531+0000] {logging_mixin.py:188} INFO - [2023-12-21T19:22:18.530+0000] {dagbag.py:538} INFO - Filling up the DagBag from /home/airflow/.local/lib/python3.8/site-packages/airflow/example_dags/example_local_kubernetes_executor.py
[2023-12-21T19:22:18.549+0000] {processor.py:840} INFO - DAG(s) 'example_local_kubernetes_executor' retrieved from /home/airflow/.local/lib/python3.8/site-packages/airflow/example_dags/example_local_kubernetes_executor.py
[2023-12-21T19:22:18.615+0000] {logging_mixin.py:188} INFO - [2023-12-21T19:22:18.614+0000] {dag.py:3033} INFO - Sync 1 DAGs
[2023-12-21T19:22:18.647+0000] {logging_mixin.py:188} INFO - [2023-12-21T19:22:18.646+0000] {dag.py:3820} INFO - Setting next_dagrun for example_local_kubernetes_executor to None, run_after=None
[2023-12-21T19:22:18.705+0000] {processor.py:183} INFO - Processing /home/airflow/.local/lib/python3.8/site-packages/airflow/example_dags/example_local_kubernetes_executor.py took 0.199 seconds
[2023-12-21T19:22:49.038+0000] {processor.py:161} INFO - Started process (PID=552) to work on /home/airflow/.local/lib/python3.8/site-packages/airflow/example_dags/example_local_kubernetes_executor.py
[2023-12-21T19:22:49.047+0000] {processor.py:830} INFO - Processing file /home/airflow/.local/lib/python3.8/site-packages/airflow/example_dags/example_local_kubernetes_executor.py for tasks to queue
[2023-12-21T19:22:49.053+0000] {logging_mixin.py:188} INFO - [2023-12-21T19:22:49.052+0000] {dagbag.py:538} INFO - Filling up the DagBag from /home/airflow/.local/lib/python3.8/site-packages/airflow/example_dags/example_local_kubernetes_executor.py
[2023-12-21T19:22:49.070+0000] {processor.py:840} INFO - DAG(s) 'example_local_kubernetes_executor' retrieved from /home/airflow/.local/lib/python3.8/site-packages/airflow/example_dags/example_local_kubernetes_executor.py
[2023-12-21T19:22:49.137+0000] {logging_mixin.py:188} INFO - [2023-12-21T19:22:49.137+0000] {dag.py:3033} INFO - Sync 1 DAGs
[2023-12-21T19:22:49.159+0000] {logging_mixin.py:188} INFO - [2023-12-21T19:22:49.159+0000] {dag.py:3820} INFO - Setting next_dagrun for example_local_kubernetes_executor to None, run_after=None
[2023-12-21T19:22:49.214+0000] {processor.py:183} INFO - Processing /home/airflow/.local/lib/python3.8/site-packages/airflow/example_dags/example_local_kubernetes_executor.py took 0.187 seconds
[2023-12-21T19:23:19.679+0000] {processor.py:161} INFO - Started process (PID=607) to work on /home/airflow/.local/lib/python3.8/site-packages/airflow/example_dags/example_local_kubernetes_executor.py
[2023-12-21T19:23:19.681+0000] {processor.py:830} INFO - Processing file /home/airflow/.local/lib/python3.8/site-packages/airflow/example_dags/example_local_kubernetes_executor.py for tasks to queue
[2023-12-21T19:23:19.691+0000] {logging_mixin.py:188} INFO - [2023-12-21T19:23:19.690+0000] {dagbag.py:538} INFO - Filling up the DagBag from /home/airflow/.local/lib/python3.8/site-packages/airflow/example_dags/example_local_kubernetes_executor.py
[2023-12-21T19:23:19.710+0000] {processor.py:840} INFO - DAG(s) 'example_local_kubernetes_executor' retrieved from /home/airflow/.local/lib/python3.8/site-packages/airflow/example_dags/example_local_kubernetes_executor.py
[2023-12-21T19:23:19.792+0000] {logging_mixin.py:188} INFO - [2023-12-21T19:23:19.792+0000] {dag.py:3033} INFO - Sync 1 DAGs
[2023-12-21T19:23:19.818+0000] {logging_mixin.py:188} INFO - [2023-12-21T19:23:19.817+0000] {dag.py:3820} INFO - Setting next_dagrun for example_local_kubernetes_executor to None, run_after=None
[2023-12-21T19:23:19.854+0000] {processor.py:183} INFO - Processing /home/airflow/.local/lib/python3.8/site-packages/airflow/example_dags/example_local_kubernetes_executor.py took 0.186 seconds
[2023-12-21T19:23:49.980+0000] {processor.py:161} INFO - Started process (PID=661) to work on /home/airflow/.local/lib/python3.8/site-packages/airflow/example_dags/example_local_kubernetes_executor.py
[2023-12-21T19:23:49.981+0000] {processor.py:830} INFO - Processing file /home/airflow/.local/lib/python3.8/site-packages/airflow/example_dags/example_local_kubernetes_executor.py for tasks to queue
[2023-12-21T19:23:49.987+0000] {logging_mixin.py:188} INFO - [2023-12-21T19:23:49.986+0000] {dagbag.py:538} INFO - Filling up the DagBag from /home/airflow/.local/lib/python3.8/site-packages/airflow/example_dags/example_local_kubernetes_executor.py
[2023-12-21T19:23:50.002+0000] {processor.py:840} INFO - DAG(s) 'example_local_kubernetes_executor' retrieved from /home/airflow/.local/lib/python3.8/site-packages/airflow/example_dags/example_local_kubernetes_executor.py
[2023-12-21T19:23:50.066+0000] {logging_mixin.py:188} INFO - [2023-12-21T19:23:50.066+0000] {dag.py:3033} INFO - Sync 1 DAGs
[2023-12-21T19:23:50.092+0000] {logging_mixin.py:188} INFO - [2023-12-21T19:23:50.092+0000] {dag.py:3820} INFO - Setting next_dagrun for example_local_kubernetes_executor to None, run_after=None
[2023-12-21T19:23:50.126+0000] {processor.py:183} INFO - Processing /home/airflow/.local/lib/python3.8/site-packages/airflow/example_dags/example_local_kubernetes_executor.py took 0.151 seconds
[2023-12-21T19:24:20.929+0000] {processor.py:161} INFO - Started process (PID=715) to work on /home/airflow/.local/lib/python3.8/site-packages/airflow/example_dags/example_local_kubernetes_executor.py
[2023-12-21T19:24:20.931+0000] {processor.py:830} INFO - Processing file /home/airflow/.local/lib/python3.8/site-packages/airflow/example_dags/example_local_kubernetes_executor.py for tasks to queue
[2023-12-21T19:24:20.934+0000] {logging_mixin.py:188} INFO - [2023-12-21T19:24:20.934+0000] {dagbag.py:538} INFO - Filling up the DagBag from /home/airflow/.local/lib/python3.8/site-packages/airflow/example_dags/example_local_kubernetes_executor.py
[2023-12-21T19:24:20.957+0000] {processor.py:840} INFO - DAG(s) 'example_local_kubernetes_executor' retrieved from /home/airflow/.local/lib/python3.8/site-packages/airflow/example_dags/example_local_kubernetes_executor.py
[2023-12-21T19:24:21.027+0000] {logging_mixin.py:188} INFO - [2023-12-21T19:24:21.027+0000] {dag.py:3033} INFO - Sync 1 DAGs
[2023-12-21T19:24:21.055+0000] {logging_mixin.py:188} INFO - [2023-12-21T19:24:21.055+0000] {dag.py:3820} INFO - Setting next_dagrun for example_local_kubernetes_executor to None, run_after=None
[2023-12-21T19:24:21.091+0000] {processor.py:183} INFO - Processing /home/airflow/.local/lib/python3.8/site-packages/airflow/example_dags/example_local_kubernetes_executor.py took 0.177 seconds
[2023-12-21T19:24:51.271+0000] {processor.py:161} INFO - Started process (PID=770) to work on /home/airflow/.local/lib/python3.8/site-packages/airflow/example_dags/example_local_kubernetes_executor.py
[2023-12-21T19:24:51.274+0000] {processor.py:830} INFO - Processing file /home/airflow/.local/lib/python3.8/site-packages/airflow/example_dags/example_local_kubernetes_executor.py for tasks to queue
[2023-12-21T19:24:51.279+0000] {logging_mixin.py:188} INFO - [2023-12-21T19:24:51.278+0000] {dagbag.py:538} INFO - Filling up the DagBag from /home/airflow/.local/lib/python3.8/site-packages/airflow/example_dags/example_local_kubernetes_executor.py
[2023-12-21T19:24:51.296+0000] {processor.py:840} INFO - DAG(s) 'example_local_kubernetes_executor' retrieved from /home/airflow/.local/lib/python3.8/site-packages/airflow/example_dags/example_local_kubernetes_executor.py
[2023-12-21T19:24:51.364+0000] {logging_mixin.py:188} INFO - [2023-12-21T19:24:51.364+0000] {dag.py:3033} INFO - Sync 1 DAGs
[2023-12-21T19:24:51.389+0000] {logging_mixin.py:188} INFO - [2023-12-21T19:24:51.389+0000] {dag.py:3820} INFO - Setting next_dagrun for example_local_kubernetes_executor to None, run_after=None
[2023-12-21T19:24:51.427+0000] {processor.py:183} INFO - Processing /home/airflow/.local/lib/python3.8/site-packages/airflow/example_dags/example_local_kubernetes_executor.py took 0.165 seconds
[2023-12-21T19:25:21.837+0000] {processor.py:161} INFO - Started process (PID=825) to work on /home/airflow/.local/lib/python3.8/site-packages/airflow/example_dags/example_local_kubernetes_executor.py
[2023-12-21T19:25:21.847+0000] {processor.py:830} INFO - Processing file /home/airflow/.local/lib/python3.8/site-packages/airflow/example_dags/example_local_kubernetes_executor.py for tasks to queue
[2023-12-21T19:25:21.851+0000] {logging_mixin.py:188} INFO - [2023-12-21T19:25:21.850+0000] {dagbag.py:538} INFO - Filling up the DagBag from /home/airflow/.local/lib/python3.8/site-packages/airflow/example_dags/example_local_kubernetes_executor.py
[2023-12-21T19:25:21.875+0000] {processor.py:840} INFO - DAG(s) 'example_local_kubernetes_executor' retrieved from /home/airflow/.local/lib/python3.8/site-packages/airflow/example_dags/example_local_kubernetes_executor.py
[2023-12-21T19:25:22.067+0000] {logging_mixin.py:188} INFO - [2023-12-21T19:25:22.066+0000] {dag.py:3033} INFO - Sync 1 DAGs
[2023-12-21T19:25:22.101+0000] {logging_mixin.py:188} INFO - [2023-12-21T19:25:22.101+0000] {dag.py:3820} INFO - Setting next_dagrun for example_local_kubernetes_executor to None, run_after=None
[2023-12-21T19:25:22.177+0000] {processor.py:183} INFO - Processing /home/airflow/.local/lib/python3.8/site-packages/airflow/example_dags/example_local_kubernetes_executor.py took 0.350 seconds
[2023-12-21T19:25:52.858+0000] {processor.py:161} INFO - Started process (PID=885) to work on /home/airflow/.local/lib/python3.8/site-packages/airflow/example_dags/example_local_kubernetes_executor.py
[2023-12-21T19:25:52.868+0000] {processor.py:830} INFO - Processing file /home/airflow/.local/lib/python3.8/site-packages/airflow/example_dags/example_local_kubernetes_executor.py for tasks to queue
[2023-12-21T19:25:52.872+0000] {logging_mixin.py:188} INFO - [2023-12-21T19:25:52.872+0000] {dagbag.py:538} INFO - Filling up the DagBag from /home/airflow/.local/lib/python3.8/site-packages/airflow/example_dags/example_local_kubernetes_executor.py
[2023-12-21T19:25:52.889+0000] {processor.py:840} INFO - DAG(s) 'example_local_kubernetes_executor' retrieved from /home/airflow/.local/lib/python3.8/site-packages/airflow/example_dags/example_local_kubernetes_executor.py
[2023-12-21T19:25:52.956+0000] {logging_mixin.py:188} INFO - [2023-12-21T19:25:52.955+0000] {dag.py:3033} INFO - Sync 1 DAGs
[2023-12-21T19:25:52.979+0000] {logging_mixin.py:188} INFO - [2023-12-21T19:25:52.979+0000] {dag.py:3820} INFO - Setting next_dagrun for example_local_kubernetes_executor to None, run_after=None
[2023-12-21T19:25:53.013+0000] {processor.py:183} INFO - Processing /home/airflow/.local/lib/python3.8/site-packages/airflow/example_dags/example_local_kubernetes_executor.py took 0.161 seconds
[2023-12-21T19:26:23.548+0000] {processor.py:161} INFO - Started process (PID=940) to work on /home/airflow/.local/lib/python3.8/site-packages/airflow/example_dags/example_local_kubernetes_executor.py
[2023-12-21T19:26:23.550+0000] {processor.py:830} INFO - Processing file /home/airflow/.local/lib/python3.8/site-packages/airflow/example_dags/example_local_kubernetes_executor.py for tasks to queue
[2023-12-21T19:26:23.554+0000] {logging_mixin.py:188} INFO - [2023-12-21T19:26:23.554+0000] {dagbag.py:538} INFO - Filling up the DagBag from /home/airflow/.local/lib/python3.8/site-packages/airflow/example_dags/example_local_kubernetes_executor.py
[2023-12-21T19:26:23.572+0000] {processor.py:840} INFO - DAG(s) 'example_local_kubernetes_executor' retrieved from /home/airflow/.local/lib/python3.8/site-packages/airflow/example_dags/example_local_kubernetes_executor.py
[2023-12-21T19:26:23.646+0000] {logging_mixin.py:188} INFO - [2023-12-21T19:26:23.646+0000] {dag.py:3033} INFO - Sync 1 DAGs
[2023-12-21T19:26:23.666+0000] {logging_mixin.py:188} INFO - [2023-12-21T19:26:23.666+0000] {dag.py:3820} INFO - Setting next_dagrun for example_local_kubernetes_executor to None, run_after=None
[2023-12-21T19:26:23.702+0000] {processor.py:183} INFO - Processing /home/airflow/.local/lib/python3.8/site-packages/airflow/example_dags/example_local_kubernetes_executor.py took 0.163 seconds
[2023-12-21T19:26:53.875+0000] {processor.py:161} INFO - Started process (PID=995) to work on /home/airflow/.local/lib/python3.8/site-packages/airflow/example_dags/example_local_kubernetes_executor.py
[2023-12-21T19:26:53.884+0000] {processor.py:830} INFO - Processing file /home/airflow/.local/lib/python3.8/site-packages/airflow/example_dags/example_local_kubernetes_executor.py for tasks to queue
[2023-12-21T19:26:53.891+0000] {logging_mixin.py:188} INFO - [2023-12-21T19:26:53.890+0000] {dagbag.py:538} INFO - Filling up the DagBag from /home/airflow/.local/lib/python3.8/site-packages/airflow/example_dags/example_local_kubernetes_executor.py
[2023-12-21T19:26:53.914+0000] {processor.py:840} INFO - DAG(s) 'example_local_kubernetes_executor' retrieved from /home/airflow/.local/lib/python3.8/site-packages/airflow/example_dags/example_local_kubernetes_executor.py
[2023-12-21T19:26:53.983+0000] {logging_mixin.py:188} INFO - [2023-12-21T19:26:53.983+0000] {dag.py:3033} INFO - Sync 1 DAGs
[2023-12-21T19:26:54.013+0000] {logging_mixin.py:188} INFO - [2023-12-21T19:26:54.012+0000] {dag.py:3820} INFO - Setting next_dagrun for example_local_kubernetes_executor to None, run_after=None
[2023-12-21T19:26:54.049+0000] {processor.py:183} INFO - Processing /home/airflow/.local/lib/python3.8/site-packages/airflow/example_dags/example_local_kubernetes_executor.py took 0.187 seconds
[2023-12-21T19:27:24.185+0000] {processor.py:161} INFO - Started process (PID=1049) to work on /home/airflow/.local/lib/python3.8/site-packages/airflow/example_dags/example_local_kubernetes_executor.py
[2023-12-21T19:27:24.195+0000] {processor.py:830} INFO - Processing file /home/airflow/.local/lib/python3.8/site-packages/airflow/example_dags/example_local_kubernetes_executor.py for tasks to queue
[2023-12-21T19:27:24.201+0000] {logging_mixin.py:188} INFO - [2023-12-21T19:27:24.201+0000] {dagbag.py:538} INFO - Filling up the DagBag from /home/airflow/.local/lib/python3.8/site-packages/airflow/example_dags/example_local_kubernetes_executor.py
[2023-12-21T19:27:24.216+0000] {processor.py:840} INFO - DAG(s) 'example_local_kubernetes_executor' retrieved from /home/airflow/.local/lib/python3.8/site-packages/airflow/example_dags/example_local_kubernetes_executor.py
[2023-12-21T19:27:24.276+0000] {logging_mixin.py:188} INFO - [2023-12-21T19:27:24.276+0000] {dag.py:3033} INFO - Sync 1 DAGs
[2023-12-21T19:27:24.296+0000] {logging_mixin.py:188} INFO - [2023-12-21T19:27:24.296+0000] {dag.py:3820} INFO - Setting next_dagrun for example_local_kubernetes_executor to None, run_after=None
[2023-12-21T19:27:24.337+0000] {processor.py:183} INFO - Processing /home/airflow/.local/lib/python3.8/site-packages/airflow/example_dags/example_local_kubernetes_executor.py took 0.159 seconds
[2023-12-21T19:27:54.949+0000] {processor.py:161} INFO - Started process (PID=1105) to work on /home/airflow/.local/lib/python3.8/site-packages/airflow/example_dags/example_local_kubernetes_executor.py
[2023-12-21T19:27:54.958+0000] {processor.py:830} INFO - Processing file /home/airflow/.local/lib/python3.8/site-packages/airflow/example_dags/example_local_kubernetes_executor.py for tasks to queue
[2023-12-21T19:27:54.961+0000] {logging_mixin.py:188} INFO - [2023-12-21T19:27:54.960+0000] {dagbag.py:538} INFO - Filling up the DagBag from /home/airflow/.local/lib/python3.8/site-packages/airflow/example_dags/example_local_kubernetes_executor.py
[2023-12-21T19:27:54.992+0000] {processor.py:840} INFO - DAG(s) 'example_local_kubernetes_executor' retrieved from /home/airflow/.local/lib/python3.8/site-packages/airflow/example_dags/example_local_kubernetes_executor.py
[2023-12-21T19:27:55.082+0000] {logging_mixin.py:188} INFO - [2023-12-21T19:27:55.082+0000] {dag.py:3033} INFO - Sync 1 DAGs
[2023-12-21T19:27:55.105+0000] {logging_mixin.py:188} INFO - [2023-12-21T19:27:55.105+0000] {dag.py:3820} INFO - Setting next_dagrun for example_local_kubernetes_executor to None, run_after=None
[2023-12-21T19:27:55.139+0000] {processor.py:183} INFO - Processing /home/airflow/.local/lib/python3.8/site-packages/airflow/example_dags/example_local_kubernetes_executor.py took 0.199 seconds
[2023-12-21T19:28:25.207+0000] {processor.py:161} INFO - Started process (PID=1159) to work on /home/airflow/.local/lib/python3.8/site-packages/airflow/example_dags/example_local_kubernetes_executor.py
[2023-12-21T19:28:25.220+0000] {processor.py:830} INFO - Processing file /home/airflow/.local/lib/python3.8/site-packages/airflow/example_dags/example_local_kubernetes_executor.py for tasks to queue
[2023-12-21T19:28:25.228+0000] {logging_mixin.py:188} INFO - [2023-12-21T19:28:25.227+0000] {dagbag.py:538} INFO - Filling up the DagBag from /home/airflow/.local/lib/python3.8/site-packages/airflow/example_dags/example_local_kubernetes_executor.py
[2023-12-21T19:28:25.263+0000] {processor.py:840} INFO - DAG(s) 'example_local_kubernetes_executor' retrieved from /home/airflow/.local/lib/python3.8/site-packages/airflow/example_dags/example_local_kubernetes_executor.py
[2023-12-21T19:28:25.380+0000] {logging_mixin.py:188} INFO - [2023-12-21T19:28:25.380+0000] {dag.py:3033} INFO - Sync 1 DAGs
[2023-12-21T19:28:25.405+0000] {logging_mixin.py:188} INFO - [2023-12-21T19:28:25.405+0000] {dag.py:3820} INFO - Setting next_dagrun for example_local_kubernetes_executor to None, run_after=None
[2023-12-21T19:28:25.462+0000] {processor.py:183} INFO - Processing /home/airflow/.local/lib/python3.8/site-packages/airflow/example_dags/example_local_kubernetes_executor.py took 0.274 seconds
[2023-12-21T19:28:55.780+0000] {processor.py:161} INFO - Started process (PID=1215) to work on /home/airflow/.local/lib/python3.8/site-packages/airflow/example_dags/example_local_kubernetes_executor.py
[2023-12-21T19:28:55.781+0000] {processor.py:830} INFO - Processing file /home/airflow/.local/lib/python3.8/site-packages/airflow/example_dags/example_local_kubernetes_executor.py for tasks to queue
[2023-12-21T19:28:55.789+0000] {logging_mixin.py:188} INFO - [2023-12-21T19:28:55.788+0000] {dagbag.py:538} INFO - Filling up the DagBag from /home/airflow/.local/lib/python3.8/site-packages/airflow/example_dags/example_local_kubernetes_executor.py
[2023-12-21T19:28:55.809+0000] {processor.py:840} INFO - DAG(s) 'example_local_kubernetes_executor' retrieved from /home/airflow/.local/lib/python3.8/site-packages/airflow/example_dags/example_local_kubernetes_executor.py
[2023-12-21T19:28:55.891+0000] {logging_mixin.py:188} INFO - [2023-12-21T19:28:55.891+0000] {dag.py:3033} INFO - Sync 1 DAGs
[2023-12-21T19:28:55.917+0000] {logging_mixin.py:188} INFO - [2023-12-21T19:28:55.917+0000] {dag.py:3820} INFO - Setting next_dagrun for example_local_kubernetes_executor to None, run_after=None
[2023-12-21T19:28:55.967+0000] {processor.py:183} INFO - Processing /home/airflow/.local/lib/python3.8/site-packages/airflow/example_dags/example_local_kubernetes_executor.py took 0.205 seconds
[2023-12-21T19:29:26.257+0000] {processor.py:161} INFO - Started process (PID=1269) to work on /home/airflow/.local/lib/python3.8/site-packages/airflow/example_dags/example_local_kubernetes_executor.py
[2023-12-21T19:29:26.258+0000] {processor.py:830} INFO - Processing file /home/airflow/.local/lib/python3.8/site-packages/airflow/example_dags/example_local_kubernetes_executor.py for tasks to queue
[2023-12-21T19:29:26.262+0000] {logging_mixin.py:188} INFO - [2023-12-21T19:29:26.261+0000] {dagbag.py:538} INFO - Filling up the DagBag from /home/airflow/.local/lib/python3.8/site-packages/airflow/example_dags/example_local_kubernetes_executor.py
[2023-12-21T19:29:26.275+0000] {processor.py:840} INFO - DAG(s) 'example_local_kubernetes_executor' retrieved from /home/airflow/.local/lib/python3.8/site-packages/airflow/example_dags/example_local_kubernetes_executor.py
[2023-12-21T19:29:26.347+0000] {logging_mixin.py:188} INFO - [2023-12-21T19:29:26.347+0000] {dag.py:3033} INFO - Sync 1 DAGs
[2023-12-21T19:29:26.384+0000] {logging_mixin.py:188} INFO - [2023-12-21T19:29:26.384+0000] {dag.py:3820} INFO - Setting next_dagrun for example_local_kubernetes_executor to None, run_after=None
[2023-12-21T19:29:26.447+0000] {processor.py:183} INFO - Processing /home/airflow/.local/lib/python3.8/site-packages/airflow/example_dags/example_local_kubernetes_executor.py took 0.196 seconds
[2023-12-21T19:29:56.682+0000] {processor.py:161} INFO - Started process (PID=1324) to work on /home/airflow/.local/lib/python3.8/site-packages/airflow/example_dags/example_local_kubernetes_executor.py
[2023-12-21T19:29:56.686+0000] {processor.py:830} INFO - Processing file /home/airflow/.local/lib/python3.8/site-packages/airflow/example_dags/example_local_kubernetes_executor.py for tasks to queue
[2023-12-21T19:29:56.696+0000] {logging_mixin.py:188} INFO - [2023-12-21T19:29:56.695+0000] {dagbag.py:538} INFO - Filling up the DagBag from /home/airflow/.local/lib/python3.8/site-packages/airflow/example_dags/example_local_kubernetes_executor.py
[2023-12-21T19:29:56.719+0000] {processor.py:840} INFO - DAG(s) 'example_local_kubernetes_executor' retrieved from /home/airflow/.local/lib/python3.8/site-packages/airflow/example_dags/example_local_kubernetes_executor.py
[2023-12-21T19:29:56.769+0000] {logging_mixin.py:188} INFO - [2023-12-21T19:29:56.769+0000] {dag.py:3033} INFO - Sync 1 DAGs
[2023-12-21T19:29:56.784+0000] {logging_mixin.py:188} INFO - [2023-12-21T19:29:56.783+0000] {dag.py:3820} INFO - Setting next_dagrun for example_local_kubernetes_executor to None, run_after=None
[2023-12-21T19:29:56.810+0000] {processor.py:183} INFO - Processing /home/airflow/.local/lib/python3.8/site-packages/airflow/example_dags/example_local_kubernetes_executor.py took 0.165 seconds
[2023-12-21T19:30:27.391+0000] {processor.py:161} INFO - Started process (PID=1378) to work on /home/airflow/.local/lib/python3.8/site-packages/airflow/example_dags/example_local_kubernetes_executor.py
[2023-12-21T19:30:27.393+0000] {processor.py:830} INFO - Processing file /home/airflow/.local/lib/python3.8/site-packages/airflow/example_dags/example_local_kubernetes_executor.py for tasks to queue
[2023-12-21T19:30:27.400+0000] {logging_mixin.py:188} INFO - [2023-12-21T19:30:27.398+0000] {dagbag.py:538} INFO - Filling up the DagBag from /home/airflow/.local/lib/python3.8/site-packages/airflow/example_dags/example_local_kubernetes_executor.py
[2023-12-21T19:30:27.413+0000] {processor.py:840} INFO - DAG(s) 'example_local_kubernetes_executor' retrieved from /home/airflow/.local/lib/python3.8/site-packages/airflow/example_dags/example_local_kubernetes_executor.py
[2023-12-21T19:30:27.487+0000] {logging_mixin.py:188} INFO - [2023-12-21T19:30:27.486+0000] {dag.py:3033} INFO - Sync 1 DAGs
[2023-12-21T19:30:27.510+0000] {logging_mixin.py:188} INFO - [2023-12-21T19:30:27.509+0000] {dag.py:3820} INFO - Setting next_dagrun for example_local_kubernetes_executor to None, run_after=None
[2023-12-21T19:30:27.545+0000] {processor.py:183} INFO - Processing /home/airflow/.local/lib/python3.8/site-packages/airflow/example_dags/example_local_kubernetes_executor.py took 0.160 seconds
[2023-12-21T19:30:57.813+0000] {processor.py:161} INFO - Started process (PID=1432) to work on /home/airflow/.local/lib/python3.8/site-packages/airflow/example_dags/example_local_kubernetes_executor.py
[2023-12-21T19:30:57.815+0000] {processor.py:830} INFO - Processing file /home/airflow/.local/lib/python3.8/site-packages/airflow/example_dags/example_local_kubernetes_executor.py for tasks to queue
[2023-12-21T19:30:57.827+0000] {logging_mixin.py:188} INFO - [2023-12-21T19:30:57.826+0000] {dagbag.py:538} INFO - Filling up the DagBag from /home/airflow/.local/lib/python3.8/site-packages/airflow/example_dags/example_local_kubernetes_executor.py
[2023-12-21T19:30:57.862+0000] {processor.py:840} INFO - DAG(s) 'example_local_kubernetes_executor' retrieved from /home/airflow/.local/lib/python3.8/site-packages/airflow/example_dags/example_local_kubernetes_executor.py
[2023-12-21T19:30:57.946+0000] {logging_mixin.py:188} INFO - [2023-12-21T19:30:57.945+0000] {dag.py:3033} INFO - Sync 1 DAGs
[2023-12-21T19:30:57.966+0000] {logging_mixin.py:188} INFO - [2023-12-21T19:30:57.966+0000] {dag.py:3820} INFO - Setting next_dagrun for example_local_kubernetes_executor to None, run_after=None
[2023-12-21T19:30:57.998+0000] {processor.py:183} INFO - Processing /home/airflow/.local/lib/python3.8/site-packages/airflow/example_dags/example_local_kubernetes_executor.py took 0.204 seconds
[2023-12-21T19:31:28.940+0000] {processor.py:161} INFO - Started process (PID=1487) to work on /home/airflow/.local/lib/python3.8/site-packages/airflow/example_dags/example_local_kubernetes_executor.py
[2023-12-21T19:31:28.948+0000] {processor.py:830} INFO - Processing file /home/airflow/.local/lib/python3.8/site-packages/airflow/example_dags/example_local_kubernetes_executor.py for tasks to queue
[2023-12-21T19:31:28.951+0000] {logging_mixin.py:188} INFO - [2023-12-21T19:31:28.950+0000] {dagbag.py:538} INFO - Filling up the DagBag from /home/airflow/.local/lib/python3.8/site-packages/airflow/example_dags/example_local_kubernetes_executor.py
[2023-12-21T19:31:28.964+0000] {processor.py:840} INFO - DAG(s) 'example_local_kubernetes_executor' retrieved from /home/airflow/.local/lib/python3.8/site-packages/airflow/example_dags/example_local_kubernetes_executor.py
[2023-12-21T19:31:29.031+0000] {logging_mixin.py:188} INFO - [2023-12-21T19:31:29.030+0000] {dag.py:3033} INFO - Sync 1 DAGs
[2023-12-21T19:31:29.053+0000] {logging_mixin.py:188} INFO - [2023-12-21T19:31:29.052+0000] {dag.py:3820} INFO - Setting next_dagrun for example_local_kubernetes_executor to None, run_after=None
[2023-12-21T19:31:29.088+0000] {processor.py:183} INFO - Processing /home/airflow/.local/lib/python3.8/site-packages/airflow/example_dags/example_local_kubernetes_executor.py took 0.153 seconds
[2023-12-21T19:34:28.866+0000] {processor.py:161} INFO - Started process (PID=56) to work on /home/airflow/.local/lib/python3.8/site-packages/airflow/example_dags/example_local_kubernetes_executor.py
[2023-12-21T19:34:28.868+0000] {processor.py:830} INFO - Processing file /home/airflow/.local/lib/python3.8/site-packages/airflow/example_dags/example_local_kubernetes_executor.py for tasks to queue
[2023-12-21T19:34:28.871+0000] {logging_mixin.py:188} INFO - [2023-12-21T19:34:28.871+0000] {dagbag.py:538} INFO - Filling up the DagBag from /home/airflow/.local/lib/python3.8/site-packages/airflow/example_dags/example_local_kubernetes_executor.py
[2023-12-21T19:34:28.888+0000] {processor.py:840} INFO - DAG(s) 'example_local_kubernetes_executor' retrieved from /home/airflow/.local/lib/python3.8/site-packages/airflow/example_dags/example_local_kubernetes_executor.py
[2023-12-21T19:34:29.220+0000] {logging_mixin.py:188} INFO - [2023-12-21T19:34:29.220+0000] {dag.py:3033} INFO - Sync 1 DAGs
[2023-12-21T19:34:29.250+0000] {logging_mixin.py:188} INFO - [2023-12-21T19:34:29.249+0000] {dag.py:3820} INFO - Setting next_dagrun for example_local_kubernetes_executor to None, run_after=None
[2023-12-21T19:34:29.314+0000] {processor.py:183} INFO - Processing /home/airflow/.local/lib/python3.8/site-packages/airflow/example_dags/example_local_kubernetes_executor.py took 0.454 seconds
