[2023-12-21T19:11:58.561+0000] {processor.py:161} INFO - Started process (PID=52) to work on /home/airflow/.local/lib/python3.8/site-packages/airflow/example_dags/example_subdag_operator.py
[2023-12-21T19:11:58.563+0000] {processor.py:830} INFO - Processing file /home/airflow/.local/lib/python3.8/site-packages/airflow/example_dags/example_subdag_operator.py for tasks to queue
[2023-12-21T19:11:58.567+0000] {logging_mixin.py:188} INFO - [2023-12-21T19:11:58.566+0000] {dagbag.py:538} INFO - Filling up the DagBag from /home/airflow/.local/lib/python3.8/site-packages/airflow/example_dags/example_subdag_operator.py
[2023-12-21T19:11:58.679+0000] {processor.py:840} INFO - DAG(s) 'example_subdag_operator.section-1', 'example_subdag_operator.section-2', 'example_subdag_operator' retrieved from /home/airflow/.local/lib/python3.8/site-packages/airflow/example_dags/example_subdag_operator.py
[2023-12-21T19:11:59.166+0000] {logging_mixin.py:188} INFO - [2023-12-21T19:11:59.166+0000] {dag.py:3033} INFO - Sync 3 DAGs
[2023-12-21T19:11:59.367+0000] {logging_mixin.py:188} INFO - [2023-12-21T19:11:59.361+0000] {dag.py:3820} INFO - Setting next_dagrun for example_subdag_operator to 2022-01-01T00:00:00+00:00, run_after=2022-01-01T00:00:00+00:00
[2023-12-21T19:11:59.394+0000] {logging_mixin.py:188} INFO - [2023-12-21T19:11:59.394+0000] {dag.py:3820} INFO - Setting next_dagrun for example_subdag_operator.section-1 to None, run_after=None
[2023-12-21T19:11:59.397+0000] {logging_mixin.py:188} INFO - [2023-12-21T19:11:59.396+0000] {dag.py:3820} INFO - Setting next_dagrun for example_subdag_operator.section-2 to None, run_after=None
[2023-12-21T19:11:59.443+0000] {logging_mixin.py:188} INFO - [2023-12-21T19:11:59.442+0000] {dag.py:3033} INFO - Sync 2 DAGs
[2023-12-21T19:11:59.471+0000] {logging_mixin.py:188} INFO - [2023-12-21T19:11:59.470+0000] {dag.py:3820} INFO - Setting next_dagrun for example_subdag_operator.section-1 to None, run_after=None
[2023-12-21T19:11:59.472+0000] {logging_mixin.py:188} INFO - [2023-12-21T19:11:59.471+0000] {dag.py:3820} INFO - Setting next_dagrun for example_subdag_operator.section-2 to None, run_after=None
[2023-12-21T19:11:59.518+0000] {processor.py:183} INFO - Processing /home/airflow/.local/lib/python3.8/site-packages/airflow/example_dags/example_subdag_operator.py took 0.965 seconds
[2023-12-21T19:12:29.782+0000] {processor.py:161} INFO - Started process (PID=106) to work on /home/airflow/.local/lib/python3.8/site-packages/airflow/example_dags/example_subdag_operator.py
[2023-12-21T19:12:29.794+0000] {processor.py:830} INFO - Processing file /home/airflow/.local/lib/python3.8/site-packages/airflow/example_dags/example_subdag_operator.py for tasks to queue
[2023-12-21T19:12:29.825+0000] {logging_mixin.py:188} INFO - [2023-12-21T19:12:29.823+0000] {dagbag.py:538} INFO - Filling up the DagBag from /home/airflow/.local/lib/python3.8/site-packages/airflow/example_dags/example_subdag_operator.py
[2023-12-21T19:12:29.905+0000] {processor.py:840} INFO - DAG(s) 'example_subdag_operator.section-1', 'example_subdag_operator.section-2', 'example_subdag_operator' retrieved from /home/airflow/.local/lib/python3.8/site-packages/airflow/example_dags/example_subdag_operator.py
[2023-12-21T19:12:29.938+0000] {logging_mixin.py:188} INFO - [2023-12-21T19:12:29.938+0000] {dag.py:3033} INFO - Sync 3 DAGs
[2023-12-21T19:12:29.970+0000] {logging_mixin.py:188} INFO - [2023-12-21T19:12:29.970+0000] {dag.py:3820} INFO - Setting next_dagrun for example_subdag_operator to 2022-01-01T00:00:00+00:00, run_after=2022-01-01T00:00:00+00:00
[2023-12-21T19:12:29.976+0000] {logging_mixin.py:188} INFO - [2023-12-21T19:12:29.976+0000] {dag.py:3820} INFO - Setting next_dagrun for example_subdag_operator.section-1 to None, run_after=None
[2023-12-21T19:12:29.978+0000] {logging_mixin.py:188} INFO - [2023-12-21T19:12:29.978+0000] {dag.py:3820} INFO - Setting next_dagrun for example_subdag_operator.section-2 to None, run_after=None
[2023-12-21T19:12:29.986+0000] {logging_mixin.py:188} INFO - [2023-12-21T19:12:29.986+0000] {dag.py:3033} INFO - Sync 2 DAGs
[2023-12-21T19:12:29.992+0000] {logging_mixin.py:188} INFO - [2023-12-21T19:12:29.992+0000] {dag.py:3820} INFO - Setting next_dagrun for example_subdag_operator.section-1 to None, run_after=None
[2023-12-21T19:12:29.993+0000] {logging_mixin.py:188} INFO - [2023-12-21T19:12:29.993+0000] {dag.py:3820} INFO - Setting next_dagrun for example_subdag_operator.section-2 to None, run_after=None
[2023-12-21T19:12:30.004+0000] {processor.py:183} INFO - Processing /home/airflow/.local/lib/python3.8/site-packages/airflow/example_dags/example_subdag_operator.py took 0.240 seconds
[2023-12-21T19:13:00.813+0000] {processor.py:161} INFO - Started process (PID=161) to work on /home/airflow/.local/lib/python3.8/site-packages/airflow/example_dags/example_subdag_operator.py
[2023-12-21T19:13:00.822+0000] {processor.py:830} INFO - Processing file /home/airflow/.local/lib/python3.8/site-packages/airflow/example_dags/example_subdag_operator.py for tasks to queue
[2023-12-21T19:13:00.826+0000] {logging_mixin.py:188} INFO - [2023-12-21T19:13:00.825+0000] {dagbag.py:538} INFO - Filling up the DagBag from /home/airflow/.local/lib/python3.8/site-packages/airflow/example_dags/example_subdag_operator.py
[2023-12-21T19:13:00.974+0000] {processor.py:840} INFO - DAG(s) 'example_subdag_operator.section-1', 'example_subdag_operator.section-2', 'example_subdag_operator' retrieved from /home/airflow/.local/lib/python3.8/site-packages/airflow/example_dags/example_subdag_operator.py
[2023-12-21T19:13:01.040+0000] {logging_mixin.py:188} INFO - [2023-12-21T19:13:01.039+0000] {dag.py:3033} INFO - Sync 3 DAGs
[2023-12-21T19:13:01.104+0000] {logging_mixin.py:188} INFO - [2023-12-21T19:13:01.103+0000] {dag.py:3820} INFO - Setting next_dagrun for example_subdag_operator to 2022-01-01T00:00:00+00:00, run_after=2022-01-01T00:00:00+00:00
[2023-12-21T19:13:01.135+0000] {logging_mixin.py:188} INFO - [2023-12-21T19:13:01.134+0000] {dag.py:3820} INFO - Setting next_dagrun for example_subdag_operator.section-1 to None, run_after=None
[2023-12-21T19:13:01.144+0000] {logging_mixin.py:188} INFO - [2023-12-21T19:13:01.144+0000] {dag.py:3820} INFO - Setting next_dagrun for example_subdag_operator.section-2 to None, run_after=None
[2023-12-21T19:13:01.156+0000] {logging_mixin.py:188} INFO - [2023-12-21T19:13:01.154+0000] {dag.py:3033} INFO - Sync 2 DAGs
[2023-12-21T19:13:01.166+0000] {logging_mixin.py:188} INFO - [2023-12-21T19:13:01.166+0000] {dag.py:3820} INFO - Setting next_dagrun for example_subdag_operator.section-1 to None, run_after=None
[2023-12-21T19:13:01.166+0000] {logging_mixin.py:188} INFO - [2023-12-21T19:13:01.166+0000] {dag.py:3820} INFO - Setting next_dagrun for example_subdag_operator.section-2 to None, run_after=None
[2023-12-21T19:13:01.193+0000] {processor.py:183} INFO - Processing /home/airflow/.local/lib/python3.8/site-packages/airflow/example_dags/example_subdag_operator.py took 0.416 seconds
[2023-12-21T19:13:31.303+0000] {processor.py:161} INFO - Started process (PID=216) to work on /home/airflow/.local/lib/python3.8/site-packages/airflow/example_dags/example_subdag_operator.py
[2023-12-21T19:13:31.311+0000] {processor.py:830} INFO - Processing file /home/airflow/.local/lib/python3.8/site-packages/airflow/example_dags/example_subdag_operator.py for tasks to queue
[2023-12-21T19:13:31.315+0000] {logging_mixin.py:188} INFO - [2023-12-21T19:13:31.314+0000] {dagbag.py:538} INFO - Filling up the DagBag from /home/airflow/.local/lib/python3.8/site-packages/airflow/example_dags/example_subdag_operator.py
[2023-12-21T19:13:31.348+0000] {processor.py:840} INFO - DAG(s) 'example_subdag_operator.section-1', 'example_subdag_operator.section-2', 'example_subdag_operator' retrieved from /home/airflow/.local/lib/python3.8/site-packages/airflow/example_dags/example_subdag_operator.py
[2023-12-21T19:13:31.374+0000] {logging_mixin.py:188} INFO - [2023-12-21T19:13:31.374+0000] {dag.py:3033} INFO - Sync 3 DAGs
[2023-12-21T19:13:31.409+0000] {logging_mixin.py:188} INFO - [2023-12-21T19:13:31.409+0000] {dag.py:3820} INFO - Setting next_dagrun for example_subdag_operator to 2022-01-01T00:00:00+00:00, run_after=2022-01-01T00:00:00+00:00
[2023-12-21T19:13:31.414+0000] {logging_mixin.py:188} INFO - [2023-12-21T19:13:31.413+0000] {dag.py:3820} INFO - Setting next_dagrun for example_subdag_operator.section-1 to None, run_after=None
[2023-12-21T19:13:31.415+0000] {logging_mixin.py:188} INFO - [2023-12-21T19:13:31.415+0000] {dag.py:3820} INFO - Setting next_dagrun for example_subdag_operator.section-2 to None, run_after=None
[2023-12-21T19:13:31.424+0000] {logging_mixin.py:188} INFO - [2023-12-21T19:13:31.424+0000] {dag.py:3033} INFO - Sync 2 DAGs
[2023-12-21T19:13:31.430+0000] {logging_mixin.py:188} INFO - [2023-12-21T19:13:31.430+0000] {dag.py:3820} INFO - Setting next_dagrun for example_subdag_operator.section-1 to None, run_after=None
[2023-12-21T19:13:31.430+0000] {logging_mixin.py:188} INFO - [2023-12-21T19:13:31.430+0000] {dag.py:3820} INFO - Setting next_dagrun for example_subdag_operator.section-2 to None, run_after=None
[2023-12-21T19:13:31.443+0000] {processor.py:183} INFO - Processing /home/airflow/.local/lib/python3.8/site-packages/airflow/example_dags/example_subdag_operator.py took 0.145 seconds
[2023-12-21T19:14:01.726+0000] {processor.py:161} INFO - Started process (PID=271) to work on /home/airflow/.local/lib/python3.8/site-packages/airflow/example_dags/example_subdag_operator.py
[2023-12-21T19:14:01.735+0000] {processor.py:830} INFO - Processing file /home/airflow/.local/lib/python3.8/site-packages/airflow/example_dags/example_subdag_operator.py for tasks to queue
[2023-12-21T19:14:01.739+0000] {logging_mixin.py:188} INFO - [2023-12-21T19:14:01.739+0000] {dagbag.py:538} INFO - Filling up the DagBag from /home/airflow/.local/lib/python3.8/site-packages/airflow/example_dags/example_subdag_operator.py
[2023-12-21T19:14:01.771+0000] {processor.py:840} INFO - DAG(s) 'example_subdag_operator.section-1', 'example_subdag_operator.section-2', 'example_subdag_operator' retrieved from /home/airflow/.local/lib/python3.8/site-packages/airflow/example_dags/example_subdag_operator.py
[2023-12-21T19:14:01.790+0000] {logging_mixin.py:188} INFO - [2023-12-21T19:14:01.790+0000] {dag.py:3033} INFO - Sync 3 DAGs
[2023-12-21T19:14:01.816+0000] {logging_mixin.py:188} INFO - [2023-12-21T19:14:01.816+0000] {dag.py:3820} INFO - Setting next_dagrun for example_subdag_operator to 2022-01-01T00:00:00+00:00, run_after=2022-01-01T00:00:00+00:00
[2023-12-21T19:14:01.822+0000] {logging_mixin.py:188} INFO - [2023-12-21T19:14:01.822+0000] {dag.py:3820} INFO - Setting next_dagrun for example_subdag_operator.section-1 to None, run_after=None
[2023-12-21T19:14:01.825+0000] {logging_mixin.py:188} INFO - [2023-12-21T19:14:01.825+0000] {dag.py:3820} INFO - Setting next_dagrun for example_subdag_operator.section-2 to None, run_after=None
[2023-12-21T19:14:01.836+0000] {logging_mixin.py:188} INFO - [2023-12-21T19:14:01.835+0000] {dag.py:3033} INFO - Sync 2 DAGs
[2023-12-21T19:14:01.842+0000] {logging_mixin.py:188} INFO - [2023-12-21T19:14:01.842+0000] {dag.py:3820} INFO - Setting next_dagrun for example_subdag_operator.section-1 to None, run_after=None
[2023-12-21T19:14:01.842+0000] {logging_mixin.py:188} INFO - [2023-12-21T19:14:01.842+0000] {dag.py:3820} INFO - Setting next_dagrun for example_subdag_operator.section-2 to None, run_after=None
[2023-12-21T19:14:01.857+0000] {processor.py:183} INFO - Processing /home/airflow/.local/lib/python3.8/site-packages/airflow/example_dags/example_subdag_operator.py took 0.136 seconds
[2023-12-21T19:18:11.532+0000] {processor.py:161} INFO - Started process (PID=52) to work on /home/airflow/.local/lib/python3.8/site-packages/airflow/example_dags/example_subdag_operator.py
[2023-12-21T19:18:11.540+0000] {processor.py:830} INFO - Processing file /home/airflow/.local/lib/python3.8/site-packages/airflow/example_dags/example_subdag_operator.py for tasks to queue
[2023-12-21T19:18:11.546+0000] {logging_mixin.py:188} INFO - [2023-12-21T19:18:11.545+0000] {dagbag.py:538} INFO - Filling up the DagBag from /home/airflow/.local/lib/python3.8/site-packages/airflow/example_dags/example_subdag_operator.py
[2023-12-21T19:18:11.625+0000] {processor.py:840} INFO - DAG(s) 'example_subdag_operator.section-1', 'example_subdag_operator.section-2', 'example_subdag_operator' retrieved from /home/airflow/.local/lib/python3.8/site-packages/airflow/example_dags/example_subdag_operator.py
[2023-12-21T19:18:12.118+0000] {logging_mixin.py:188} INFO - [2023-12-21T19:18:12.118+0000] {dag.py:3033} INFO - Sync 3 DAGs
[2023-12-21T19:18:12.183+0000] {logging_mixin.py:188} INFO - [2023-12-21T19:18:12.183+0000] {dag.py:3820} INFO - Setting next_dagrun for example_subdag_operator to 2022-01-01T00:00:00+00:00, run_after=2022-01-01T00:00:00+00:00
[2023-12-21T19:18:12.210+0000] {logging_mixin.py:188} INFO - [2023-12-21T19:18:12.209+0000] {dag.py:3820} INFO - Setting next_dagrun for example_subdag_operator.section-1 to None, run_after=None
[2023-12-21T19:18:12.221+0000] {logging_mixin.py:188} INFO - [2023-12-21T19:18:12.220+0000] {dag.py:3820} INFO - Setting next_dagrun for example_subdag_operator.section-2 to None, run_after=None
[2023-12-21T19:18:12.276+0000] {logging_mixin.py:188} INFO - [2023-12-21T19:18:12.276+0000] {dag.py:3033} INFO - Sync 2 DAGs
[2023-12-21T19:18:12.303+0000] {logging_mixin.py:188} INFO - [2023-12-21T19:18:12.302+0000] {dag.py:3820} INFO - Setting next_dagrun for example_subdag_operator.section-1 to None, run_after=None
[2023-12-21T19:18:12.304+0000] {logging_mixin.py:188} INFO - [2023-12-21T19:18:12.303+0000] {dag.py:3820} INFO - Setting next_dagrun for example_subdag_operator.section-2 to None, run_after=None
[2023-12-21T19:18:12.376+0000] {processor.py:183} INFO - Processing /home/airflow/.local/lib/python3.8/site-packages/airflow/example_dags/example_subdag_operator.py took 0.859 seconds
[2023-12-21T19:18:42.455+0000] {processor.py:161} INFO - Started process (PID=107) to work on /home/airflow/.local/lib/python3.8/site-packages/airflow/example_dags/example_subdag_operator.py
[2023-12-21T19:18:42.456+0000] {processor.py:830} INFO - Processing file /home/airflow/.local/lib/python3.8/site-packages/airflow/example_dags/example_subdag_operator.py for tasks to queue
[2023-12-21T19:18:42.460+0000] {logging_mixin.py:188} INFO - [2023-12-21T19:18:42.460+0000] {dagbag.py:538} INFO - Filling up the DagBag from /home/airflow/.local/lib/python3.8/site-packages/airflow/example_dags/example_subdag_operator.py
[2023-12-21T19:18:42.504+0000] {processor.py:840} INFO - DAG(s) 'example_subdag_operator.section-1', 'example_subdag_operator.section-2', 'example_subdag_operator' retrieved from /home/airflow/.local/lib/python3.8/site-packages/airflow/example_dags/example_subdag_operator.py
[2023-12-21T19:18:42.530+0000] {logging_mixin.py:188} INFO - [2023-12-21T19:18:42.530+0000] {dag.py:3033} INFO - Sync 3 DAGs
[2023-12-21T19:18:42.572+0000] {logging_mixin.py:188} INFO - [2023-12-21T19:18:42.572+0000] {dag.py:3820} INFO - Setting next_dagrun for example_subdag_operator to 2022-01-01T00:00:00+00:00, run_after=2022-01-01T00:00:00+00:00
[2023-12-21T19:18:42.580+0000] {logging_mixin.py:188} INFO - [2023-12-21T19:18:42.580+0000] {dag.py:3820} INFO - Setting next_dagrun for example_subdag_operator.section-1 to None, run_after=None
[2023-12-21T19:18:42.582+0000] {logging_mixin.py:188} INFO - [2023-12-21T19:18:42.582+0000] {dag.py:3820} INFO - Setting next_dagrun for example_subdag_operator.section-2 to None, run_after=None
[2023-12-21T19:18:42.598+0000] {logging_mixin.py:188} INFO - [2023-12-21T19:18:42.598+0000] {dag.py:3033} INFO - Sync 2 DAGs
[2023-12-21T19:18:42.609+0000] {logging_mixin.py:188} INFO - [2023-12-21T19:18:42.609+0000] {dag.py:3820} INFO - Setting next_dagrun for example_subdag_operator.section-1 to None, run_after=None
[2023-12-21T19:18:42.610+0000] {logging_mixin.py:188} INFO - [2023-12-21T19:18:42.610+0000] {dag.py:3820} INFO - Setting next_dagrun for example_subdag_operator.section-2 to None, run_after=None
[2023-12-21T19:18:42.629+0000] {processor.py:183} INFO - Processing /home/airflow/.local/lib/python3.8/site-packages/airflow/example_dags/example_subdag_operator.py took 0.181 seconds
[2023-12-21T19:19:12.800+0000] {processor.py:161} INFO - Started process (PID=163) to work on /home/airflow/.local/lib/python3.8/site-packages/airflow/example_dags/example_subdag_operator.py
[2023-12-21T19:19:12.801+0000] {processor.py:830} INFO - Processing file /home/airflow/.local/lib/python3.8/site-packages/airflow/example_dags/example_subdag_operator.py for tasks to queue
[2023-12-21T19:19:12.804+0000] {logging_mixin.py:188} INFO - [2023-12-21T19:19:12.803+0000] {dagbag.py:538} INFO - Filling up the DagBag from /home/airflow/.local/lib/python3.8/site-packages/airflow/example_dags/example_subdag_operator.py
[2023-12-21T19:19:12.837+0000] {processor.py:840} INFO - DAG(s) 'example_subdag_operator.section-1', 'example_subdag_operator.section-2', 'example_subdag_operator' retrieved from /home/airflow/.local/lib/python3.8/site-packages/airflow/example_dags/example_subdag_operator.py
[2023-12-21T19:19:12.864+0000] {logging_mixin.py:188} INFO - [2023-12-21T19:19:12.864+0000] {dag.py:3033} INFO - Sync 3 DAGs
[2023-12-21T19:19:12.891+0000] {logging_mixin.py:188} INFO - [2023-12-21T19:19:12.891+0000] {dag.py:3820} INFO - Setting next_dagrun for example_subdag_operator to 2022-01-01T00:00:00+00:00, run_after=2022-01-01T00:00:00+00:00
[2023-12-21T19:19:12.895+0000] {logging_mixin.py:188} INFO - [2023-12-21T19:19:12.895+0000] {dag.py:3820} INFO - Setting next_dagrun for example_subdag_operator.section-1 to None, run_after=None
[2023-12-21T19:19:12.897+0000] {logging_mixin.py:188} INFO - [2023-12-21T19:19:12.896+0000] {dag.py:3820} INFO - Setting next_dagrun for example_subdag_operator.section-2 to None, run_after=None
[2023-12-21T19:19:12.905+0000] {logging_mixin.py:188} INFO - [2023-12-21T19:19:12.905+0000] {dag.py:3033} INFO - Sync 2 DAGs
[2023-12-21T19:19:12.911+0000] {logging_mixin.py:188} INFO - [2023-12-21T19:19:12.911+0000] {dag.py:3820} INFO - Setting next_dagrun for example_subdag_operator.section-1 to None, run_after=None
[2023-12-21T19:19:12.912+0000] {logging_mixin.py:188} INFO - [2023-12-21T19:19:12.912+0000] {dag.py:3820} INFO - Setting next_dagrun for example_subdag_operator.section-2 to None, run_after=None
[2023-12-21T19:19:12.925+0000] {processor.py:183} INFO - Processing /home/airflow/.local/lib/python3.8/site-packages/airflow/example_dags/example_subdag_operator.py took 0.130 seconds
[2023-12-21T19:19:43.304+0000] {processor.py:161} INFO - Started process (PID=218) to work on /home/airflow/.local/lib/python3.8/site-packages/airflow/example_dags/example_subdag_operator.py
[2023-12-21T19:19:43.306+0000] {processor.py:830} INFO - Processing file /home/airflow/.local/lib/python3.8/site-packages/airflow/example_dags/example_subdag_operator.py for tasks to queue
[2023-12-21T19:19:43.308+0000] {logging_mixin.py:188} INFO - [2023-12-21T19:19:43.308+0000] {dagbag.py:538} INFO - Filling up the DagBag from /home/airflow/.local/lib/python3.8/site-packages/airflow/example_dags/example_subdag_operator.py
[2023-12-21T19:19:43.338+0000] {processor.py:840} INFO - DAG(s) 'example_subdag_operator.section-1', 'example_subdag_operator.section-2', 'example_subdag_operator' retrieved from /home/airflow/.local/lib/python3.8/site-packages/airflow/example_dags/example_subdag_operator.py
[2023-12-21T19:19:43.363+0000] {logging_mixin.py:188} INFO - [2023-12-21T19:19:43.362+0000] {dag.py:3033} INFO - Sync 3 DAGs
[2023-12-21T19:19:43.389+0000] {logging_mixin.py:188} INFO - [2023-12-21T19:19:43.389+0000] {dag.py:3820} INFO - Setting next_dagrun for example_subdag_operator to 2022-01-01T00:00:00+00:00, run_after=2022-01-01T00:00:00+00:00
[2023-12-21T19:19:43.395+0000] {logging_mixin.py:188} INFO - [2023-12-21T19:19:43.395+0000] {dag.py:3820} INFO - Setting next_dagrun for example_subdag_operator.section-1 to None, run_after=None
[2023-12-21T19:19:43.397+0000] {logging_mixin.py:188} INFO - [2023-12-21T19:19:43.397+0000] {dag.py:3820} INFO - Setting next_dagrun for example_subdag_operator.section-2 to None, run_after=None
[2023-12-21T19:19:43.409+0000] {logging_mixin.py:188} INFO - [2023-12-21T19:19:43.409+0000] {dag.py:3033} INFO - Sync 2 DAGs
[2023-12-21T19:19:43.416+0000] {logging_mixin.py:188} INFO - [2023-12-21T19:19:43.416+0000] {dag.py:3820} INFO - Setting next_dagrun for example_subdag_operator.section-1 to None, run_after=None
[2023-12-21T19:19:43.417+0000] {logging_mixin.py:188} INFO - [2023-12-21T19:19:43.416+0000] {dag.py:3820} INFO - Setting next_dagrun for example_subdag_operator.section-2 to None, run_after=None
[2023-12-21T19:19:43.429+0000] {processor.py:183} INFO - Processing /home/airflow/.local/lib/python3.8/site-packages/airflow/example_dags/example_subdag_operator.py took 0.129 seconds
[2023-12-21T19:20:13.951+0000] {processor.py:161} INFO - Started process (PID=273) to work on /home/airflow/.local/lib/python3.8/site-packages/airflow/example_dags/example_subdag_operator.py
[2023-12-21T19:20:13.952+0000] {processor.py:830} INFO - Processing file /home/airflow/.local/lib/python3.8/site-packages/airflow/example_dags/example_subdag_operator.py for tasks to queue
[2023-12-21T19:20:13.960+0000] {logging_mixin.py:188} INFO - [2023-12-21T19:20:13.959+0000] {dagbag.py:538} INFO - Filling up the DagBag from /home/airflow/.local/lib/python3.8/site-packages/airflow/example_dags/example_subdag_operator.py
[2023-12-21T19:20:14.001+0000] {processor.py:840} INFO - DAG(s) 'example_subdag_operator.section-1', 'example_subdag_operator.section-2', 'example_subdag_operator' retrieved from /home/airflow/.local/lib/python3.8/site-packages/airflow/example_dags/example_subdag_operator.py
[2023-12-21T19:20:14.033+0000] {logging_mixin.py:188} INFO - [2023-12-21T19:20:14.033+0000] {dag.py:3033} INFO - Sync 3 DAGs
[2023-12-21T19:20:14.078+0000] {logging_mixin.py:188} INFO - [2023-12-21T19:20:14.077+0000] {dag.py:3820} INFO - Setting next_dagrun for example_subdag_operator to 2022-01-01T00:00:00+00:00, run_after=2022-01-01T00:00:00+00:00
[2023-12-21T19:20:14.084+0000] {logging_mixin.py:188} INFO - [2023-12-21T19:20:14.084+0000] {dag.py:3820} INFO - Setting next_dagrun for example_subdag_operator.section-1 to None, run_after=None
[2023-12-21T19:20:14.088+0000] {logging_mixin.py:188} INFO - [2023-12-21T19:20:14.087+0000] {dag.py:3820} INFO - Setting next_dagrun for example_subdag_operator.section-2 to None, run_after=None
[2023-12-21T19:20:14.101+0000] {logging_mixin.py:188} INFO - [2023-12-21T19:20:14.100+0000] {dag.py:3033} INFO - Sync 2 DAGs
[2023-12-21T19:20:14.112+0000] {logging_mixin.py:188} INFO - [2023-12-21T19:20:14.112+0000] {dag.py:3820} INFO - Setting next_dagrun for example_subdag_operator.section-1 to None, run_after=None
[2023-12-21T19:20:14.113+0000] {logging_mixin.py:188} INFO - [2023-12-21T19:20:14.113+0000] {dag.py:3820} INFO - Setting next_dagrun for example_subdag_operator.section-2 to None, run_after=None
[2023-12-21T19:20:14.133+0000] {processor.py:183} INFO - Processing /home/airflow/.local/lib/python3.8/site-packages/airflow/example_dags/example_subdag_operator.py took 0.187 seconds
[2023-12-21T19:20:44.194+0000] {processor.py:161} INFO - Started process (PID=328) to work on /home/airflow/.local/lib/python3.8/site-packages/airflow/example_dags/example_subdag_operator.py
[2023-12-21T19:20:44.195+0000] {processor.py:830} INFO - Processing file /home/airflow/.local/lib/python3.8/site-packages/airflow/example_dags/example_subdag_operator.py for tasks to queue
[2023-12-21T19:20:44.198+0000] {logging_mixin.py:188} INFO - [2023-12-21T19:20:44.197+0000] {dagbag.py:538} INFO - Filling up the DagBag from /home/airflow/.local/lib/python3.8/site-packages/airflow/example_dags/example_subdag_operator.py
[2023-12-21T19:20:44.243+0000] {processor.py:840} INFO - DAG(s) 'example_subdag_operator.section-1', 'example_subdag_operator.section-2', 'example_subdag_operator' retrieved from /home/airflow/.local/lib/python3.8/site-packages/airflow/example_dags/example_subdag_operator.py
[2023-12-21T19:20:44.273+0000] {logging_mixin.py:188} INFO - [2023-12-21T19:20:44.272+0000] {dag.py:3033} INFO - Sync 3 DAGs
[2023-12-21T19:20:44.317+0000] {logging_mixin.py:188} INFO - [2023-12-21T19:20:44.317+0000] {dag.py:3820} INFO - Setting next_dagrun for example_subdag_operator to 2022-01-01T00:00:00+00:00, run_after=2022-01-01T00:00:00+00:00
[2023-12-21T19:20:44.326+0000] {logging_mixin.py:188} INFO - [2023-12-21T19:20:44.325+0000] {dag.py:3820} INFO - Setting next_dagrun for example_subdag_operator.section-1 to None, run_after=None
[2023-12-21T19:20:44.328+0000] {logging_mixin.py:188} INFO - [2023-12-21T19:20:44.328+0000] {dag.py:3820} INFO - Setting next_dagrun for example_subdag_operator.section-2 to None, run_after=None
[2023-12-21T19:20:44.340+0000] {logging_mixin.py:188} INFO - [2023-12-21T19:20:44.340+0000] {dag.py:3033} INFO - Sync 2 DAGs
[2023-12-21T19:20:44.347+0000] {logging_mixin.py:188} INFO - [2023-12-21T19:20:44.347+0000] {dag.py:3820} INFO - Setting next_dagrun for example_subdag_operator.section-1 to None, run_after=None
[2023-12-21T19:20:44.347+0000] {logging_mixin.py:188} INFO - [2023-12-21T19:20:44.347+0000] {dag.py:3820} INFO - Setting next_dagrun for example_subdag_operator.section-2 to None, run_after=None
[2023-12-21T19:20:44.376+0000] {processor.py:183} INFO - Processing /home/airflow/.local/lib/python3.8/site-packages/airflow/example_dags/example_subdag_operator.py took 0.191 seconds
[2023-12-21T19:21:14.555+0000] {processor.py:161} INFO - Started process (PID=383) to work on /home/airflow/.local/lib/python3.8/site-packages/airflow/example_dags/example_subdag_operator.py
[2023-12-21T19:21:14.557+0000] {processor.py:830} INFO - Processing file /home/airflow/.local/lib/python3.8/site-packages/airflow/example_dags/example_subdag_operator.py for tasks to queue
[2023-12-21T19:21:14.561+0000] {logging_mixin.py:188} INFO - [2023-12-21T19:21:14.561+0000] {dagbag.py:538} INFO - Filling up the DagBag from /home/airflow/.local/lib/python3.8/site-packages/airflow/example_dags/example_subdag_operator.py
[2023-12-21T19:21:14.610+0000] {processor.py:840} INFO - DAG(s) 'example_subdag_operator.section-1', 'example_subdag_operator.section-2', 'example_subdag_operator' retrieved from /home/airflow/.local/lib/python3.8/site-packages/airflow/example_dags/example_subdag_operator.py
[2023-12-21T19:21:14.643+0000] {logging_mixin.py:188} INFO - [2023-12-21T19:21:14.642+0000] {dag.py:3033} INFO - Sync 3 DAGs
[2023-12-21T19:21:14.689+0000] {logging_mixin.py:188} INFO - [2023-12-21T19:21:14.689+0000] {dag.py:3820} INFO - Setting next_dagrun for example_subdag_operator to 2022-01-01T00:00:00+00:00, run_after=2022-01-01T00:00:00+00:00
[2023-12-21T19:21:14.697+0000] {logging_mixin.py:188} INFO - [2023-12-21T19:21:14.696+0000] {dag.py:3820} INFO - Setting next_dagrun for example_subdag_operator.section-1 to None, run_after=None
[2023-12-21T19:21:14.700+0000] {logging_mixin.py:188} INFO - [2023-12-21T19:21:14.699+0000] {dag.py:3820} INFO - Setting next_dagrun for example_subdag_operator.section-2 to None, run_after=None
[2023-12-21T19:21:14.715+0000] {logging_mixin.py:188} INFO - [2023-12-21T19:21:14.715+0000] {dag.py:3033} INFO - Sync 2 DAGs
[2023-12-21T19:21:14.728+0000] {logging_mixin.py:188} INFO - [2023-12-21T19:21:14.728+0000] {dag.py:3820} INFO - Setting next_dagrun for example_subdag_operator.section-1 to None, run_after=None
[2023-12-21T19:21:14.729+0000] {logging_mixin.py:188} INFO - [2023-12-21T19:21:14.728+0000] {dag.py:3820} INFO - Setting next_dagrun for example_subdag_operator.section-2 to None, run_after=None
[2023-12-21T19:21:14.747+0000] {processor.py:183} INFO - Processing /home/airflow/.local/lib/python3.8/site-packages/airflow/example_dags/example_subdag_operator.py took 0.198 seconds
[2023-12-21T19:21:45.292+0000] {processor.py:161} INFO - Started process (PID=438) to work on /home/airflow/.local/lib/python3.8/site-packages/airflow/example_dags/example_subdag_operator.py
[2023-12-21T19:21:45.294+0000] {processor.py:830} INFO - Processing file /home/airflow/.local/lib/python3.8/site-packages/airflow/example_dags/example_subdag_operator.py for tasks to queue
[2023-12-21T19:21:45.297+0000] {logging_mixin.py:188} INFO - [2023-12-21T19:21:45.296+0000] {dagbag.py:538} INFO - Filling up the DagBag from /home/airflow/.local/lib/python3.8/site-packages/airflow/example_dags/example_subdag_operator.py
[2023-12-21T19:21:45.341+0000] {processor.py:840} INFO - DAG(s) 'example_subdag_operator.section-1', 'example_subdag_operator.section-2', 'example_subdag_operator' retrieved from /home/airflow/.local/lib/python3.8/site-packages/airflow/example_dags/example_subdag_operator.py
[2023-12-21T19:21:45.366+0000] {logging_mixin.py:188} INFO - [2023-12-21T19:21:45.366+0000] {dag.py:3033} INFO - Sync 3 DAGs
[2023-12-21T19:21:45.420+0000] {logging_mixin.py:188} INFO - [2023-12-21T19:21:45.420+0000] {dag.py:3820} INFO - Setting next_dagrun for example_subdag_operator to 2022-01-01T00:00:00+00:00, run_after=2022-01-01T00:00:00+00:00
[2023-12-21T19:21:45.430+0000] {logging_mixin.py:188} INFO - [2023-12-21T19:21:45.430+0000] {dag.py:3820} INFO - Setting next_dagrun for example_subdag_operator.section-1 to None, run_after=None
[2023-12-21T19:21:45.432+0000] {logging_mixin.py:188} INFO - [2023-12-21T19:21:45.432+0000] {dag.py:3820} INFO - Setting next_dagrun for example_subdag_operator.section-2 to None, run_after=None
[2023-12-21T19:21:45.447+0000] {logging_mixin.py:188} INFO - [2023-12-21T19:21:45.447+0000] {dag.py:3033} INFO - Sync 2 DAGs
[2023-12-21T19:21:45.459+0000] {logging_mixin.py:188} INFO - [2023-12-21T19:21:45.458+0000] {dag.py:3820} INFO - Setting next_dagrun for example_subdag_operator.section-1 to None, run_after=None
[2023-12-21T19:21:45.459+0000] {logging_mixin.py:188} INFO - [2023-12-21T19:21:45.459+0000] {dag.py:3820} INFO - Setting next_dagrun for example_subdag_operator.section-2 to None, run_after=None
[2023-12-21T19:21:45.479+0000] {processor.py:183} INFO - Processing /home/airflow/.local/lib/python3.8/site-packages/airflow/example_dags/example_subdag_operator.py took 0.195 seconds
[2023-12-21T19:22:16.207+0000] {processor.py:161} INFO - Started process (PID=493) to work on /home/airflow/.local/lib/python3.8/site-packages/airflow/example_dags/example_subdag_operator.py
[2023-12-21T19:22:16.208+0000] {processor.py:830} INFO - Processing file /home/airflow/.local/lib/python3.8/site-packages/airflow/example_dags/example_subdag_operator.py for tasks to queue
[2023-12-21T19:22:16.211+0000] {logging_mixin.py:188} INFO - [2023-12-21T19:22:16.210+0000] {dagbag.py:538} INFO - Filling up the DagBag from /home/airflow/.local/lib/python3.8/site-packages/airflow/example_dags/example_subdag_operator.py
[2023-12-21T19:22:16.257+0000] {processor.py:840} INFO - DAG(s) 'example_subdag_operator.section-1', 'example_subdag_operator.section-2', 'example_subdag_operator' retrieved from /home/airflow/.local/lib/python3.8/site-packages/airflow/example_dags/example_subdag_operator.py
[2023-12-21T19:22:16.285+0000] {logging_mixin.py:188} INFO - [2023-12-21T19:22:16.285+0000] {dag.py:3033} INFO - Sync 3 DAGs
[2023-12-21T19:22:16.320+0000] {logging_mixin.py:188} INFO - [2023-12-21T19:22:16.320+0000] {dag.py:3820} INFO - Setting next_dagrun for example_subdag_operator to 2022-01-01T00:00:00+00:00, run_after=2022-01-01T00:00:00+00:00
[2023-12-21T19:22:16.324+0000] {logging_mixin.py:188} INFO - [2023-12-21T19:22:16.324+0000] {dag.py:3820} INFO - Setting next_dagrun for example_subdag_operator.section-1 to None, run_after=None
[2023-12-21T19:22:16.326+0000] {logging_mixin.py:188} INFO - [2023-12-21T19:22:16.325+0000] {dag.py:3820} INFO - Setting next_dagrun for example_subdag_operator.section-2 to None, run_after=None
[2023-12-21T19:22:16.338+0000] {logging_mixin.py:188} INFO - [2023-12-21T19:22:16.338+0000] {dag.py:3033} INFO - Sync 2 DAGs
[2023-12-21T19:22:16.344+0000] {logging_mixin.py:188} INFO - [2023-12-21T19:22:16.344+0000] {dag.py:3820} INFO - Setting next_dagrun for example_subdag_operator.section-1 to None, run_after=None
[2023-12-21T19:22:16.344+0000] {logging_mixin.py:188} INFO - [2023-12-21T19:22:16.344+0000] {dag.py:3820} INFO - Setting next_dagrun for example_subdag_operator.section-2 to None, run_after=None
[2023-12-21T19:22:16.371+0000] {processor.py:183} INFO - Processing /home/airflow/.local/lib/python3.8/site-packages/airflow/example_dags/example_subdag_operator.py took 0.168 seconds
[2023-12-21T19:22:46.624+0000] {processor.py:161} INFO - Started process (PID=548) to work on /home/airflow/.local/lib/python3.8/site-packages/airflow/example_dags/example_subdag_operator.py
[2023-12-21T19:22:46.632+0000] {processor.py:830} INFO - Processing file /home/airflow/.local/lib/python3.8/site-packages/airflow/example_dags/example_subdag_operator.py for tasks to queue
[2023-12-21T19:22:46.635+0000] {logging_mixin.py:188} INFO - [2023-12-21T19:22:46.635+0000] {dagbag.py:538} INFO - Filling up the DagBag from /home/airflow/.local/lib/python3.8/site-packages/airflow/example_dags/example_subdag_operator.py
[2023-12-21T19:22:46.680+0000] {processor.py:840} INFO - DAG(s) 'example_subdag_operator.section-1', 'example_subdag_operator.section-2', 'example_subdag_operator' retrieved from /home/airflow/.local/lib/python3.8/site-packages/airflow/example_dags/example_subdag_operator.py
[2023-12-21T19:22:46.706+0000] {logging_mixin.py:188} INFO - [2023-12-21T19:22:46.706+0000] {dag.py:3033} INFO - Sync 3 DAGs
[2023-12-21T19:22:46.744+0000] {logging_mixin.py:188} INFO - [2023-12-21T19:22:46.743+0000] {dag.py:3820} INFO - Setting next_dagrun for example_subdag_operator to 2022-01-01T00:00:00+00:00, run_after=2022-01-01T00:00:00+00:00
[2023-12-21T19:22:46.750+0000] {logging_mixin.py:188} INFO - [2023-12-21T19:22:46.750+0000] {dag.py:3820} INFO - Setting next_dagrun for example_subdag_operator.section-1 to None, run_after=None
[2023-12-21T19:22:46.752+0000] {logging_mixin.py:188} INFO - [2023-12-21T19:22:46.752+0000] {dag.py:3820} INFO - Setting next_dagrun for example_subdag_operator.section-2 to None, run_after=None
[2023-12-21T19:22:46.765+0000] {logging_mixin.py:188} INFO - [2023-12-21T19:22:46.765+0000] {dag.py:3033} INFO - Sync 2 DAGs
[2023-12-21T19:22:46.773+0000] {logging_mixin.py:188} INFO - [2023-12-21T19:22:46.773+0000] {dag.py:3820} INFO - Setting next_dagrun for example_subdag_operator.section-1 to None, run_after=None
[2023-12-21T19:22:46.775+0000] {logging_mixin.py:188} INFO - [2023-12-21T19:22:46.774+0000] {dag.py:3820} INFO - Setting next_dagrun for example_subdag_operator.section-2 to None, run_after=None
[2023-12-21T19:22:46.794+0000] {processor.py:183} INFO - Processing /home/airflow/.local/lib/python3.8/site-packages/airflow/example_dags/example_subdag_operator.py took 0.176 seconds
[2023-12-21T19:23:17.340+0000] {processor.py:161} INFO - Started process (PID=603) to work on /home/airflow/.local/lib/python3.8/site-packages/airflow/example_dags/example_subdag_operator.py
[2023-12-21T19:23:17.343+0000] {processor.py:830} INFO - Processing file /home/airflow/.local/lib/python3.8/site-packages/airflow/example_dags/example_subdag_operator.py for tasks to queue
[2023-12-21T19:23:17.347+0000] {logging_mixin.py:188} INFO - [2023-12-21T19:23:17.346+0000] {dagbag.py:538} INFO - Filling up the DagBag from /home/airflow/.local/lib/python3.8/site-packages/airflow/example_dags/example_subdag_operator.py
[2023-12-21T19:23:17.385+0000] {processor.py:840} INFO - DAG(s) 'example_subdag_operator.section-1', 'example_subdag_operator.section-2', 'example_subdag_operator' retrieved from /home/airflow/.local/lib/python3.8/site-packages/airflow/example_dags/example_subdag_operator.py
[2023-12-21T19:23:17.418+0000] {logging_mixin.py:188} INFO - [2023-12-21T19:23:17.418+0000] {dag.py:3033} INFO - Sync 3 DAGs
[2023-12-21T19:23:17.450+0000] {logging_mixin.py:188} INFO - [2023-12-21T19:23:17.450+0000] {dag.py:3820} INFO - Setting next_dagrun for example_subdag_operator to 2022-01-01T00:00:00+00:00, run_after=2022-01-01T00:00:00+00:00
[2023-12-21T19:23:17.455+0000] {logging_mixin.py:188} INFO - [2023-12-21T19:23:17.455+0000] {dag.py:3820} INFO - Setting next_dagrun for example_subdag_operator.section-1 to None, run_after=None
[2023-12-21T19:23:17.458+0000] {logging_mixin.py:188} INFO - [2023-12-21T19:23:17.458+0000] {dag.py:3820} INFO - Setting next_dagrun for example_subdag_operator.section-2 to None, run_after=None
[2023-12-21T19:23:17.472+0000] {logging_mixin.py:188} INFO - [2023-12-21T19:23:17.472+0000] {dag.py:3033} INFO - Sync 2 DAGs
[2023-12-21T19:23:17.481+0000] {logging_mixin.py:188} INFO - [2023-12-21T19:23:17.481+0000] {dag.py:3820} INFO - Setting next_dagrun for example_subdag_operator.section-1 to None, run_after=None
[2023-12-21T19:23:17.482+0000] {logging_mixin.py:188} INFO - [2023-12-21T19:23:17.482+0000] {dag.py:3820} INFO - Setting next_dagrun for example_subdag_operator.section-2 to None, run_after=None
[2023-12-21T19:23:17.510+0000] {processor.py:183} INFO - Processing /home/airflow/.local/lib/python3.8/site-packages/airflow/example_dags/example_subdag_operator.py took 0.177 seconds
[2023-12-21T19:23:47.705+0000] {processor.py:161} INFO - Started process (PID=657) to work on /home/airflow/.local/lib/python3.8/site-packages/airflow/example_dags/example_subdag_operator.py
[2023-12-21T19:23:47.707+0000] {processor.py:830} INFO - Processing file /home/airflow/.local/lib/python3.8/site-packages/airflow/example_dags/example_subdag_operator.py for tasks to queue
[2023-12-21T19:23:47.712+0000] {logging_mixin.py:188} INFO - [2023-12-21T19:23:47.711+0000] {dagbag.py:538} INFO - Filling up the DagBag from /home/airflow/.local/lib/python3.8/site-packages/airflow/example_dags/example_subdag_operator.py
[2023-12-21T19:23:47.753+0000] {processor.py:840} INFO - DAG(s) 'example_subdag_operator.section-1', 'example_subdag_operator.section-2', 'example_subdag_operator' retrieved from /home/airflow/.local/lib/python3.8/site-packages/airflow/example_dags/example_subdag_operator.py
[2023-12-21T19:23:47.782+0000] {logging_mixin.py:188} INFO - [2023-12-21T19:23:47.782+0000] {dag.py:3033} INFO - Sync 3 DAGs
[2023-12-21T19:23:47.815+0000] {logging_mixin.py:188} INFO - [2023-12-21T19:23:47.815+0000] {dag.py:3820} INFO - Setting next_dagrun for example_subdag_operator to 2022-01-01T00:00:00+00:00, run_after=2022-01-01T00:00:00+00:00
[2023-12-21T19:23:47.820+0000] {logging_mixin.py:188} INFO - [2023-12-21T19:23:47.820+0000] {dag.py:3820} INFO - Setting next_dagrun for example_subdag_operator.section-1 to None, run_after=None
[2023-12-21T19:23:47.824+0000] {logging_mixin.py:188} INFO - [2023-12-21T19:23:47.823+0000] {dag.py:3820} INFO - Setting next_dagrun for example_subdag_operator.section-2 to None, run_after=None
[2023-12-21T19:23:47.834+0000] {logging_mixin.py:188} INFO - [2023-12-21T19:23:47.834+0000] {dag.py:3033} INFO - Sync 2 DAGs
[2023-12-21T19:23:47.844+0000] {logging_mixin.py:188} INFO - [2023-12-21T19:23:47.844+0000] {dag.py:3820} INFO - Setting next_dagrun for example_subdag_operator.section-1 to None, run_after=None
[2023-12-21T19:23:47.845+0000] {logging_mixin.py:188} INFO - [2023-12-21T19:23:47.845+0000] {dag.py:3820} INFO - Setting next_dagrun for example_subdag_operator.section-2 to None, run_after=None
[2023-12-21T19:23:47.870+0000] {processor.py:183} INFO - Processing /home/airflow/.local/lib/python3.8/site-packages/airflow/example_dags/example_subdag_operator.py took 0.170 seconds
[2023-12-21T19:24:18.559+0000] {processor.py:161} INFO - Started process (PID=711) to work on /home/airflow/.local/lib/python3.8/site-packages/airflow/example_dags/example_subdag_operator.py
[2023-12-21T19:24:18.565+0000] {processor.py:830} INFO - Processing file /home/airflow/.local/lib/python3.8/site-packages/airflow/example_dags/example_subdag_operator.py for tasks to queue
[2023-12-21T19:24:18.573+0000] {logging_mixin.py:188} INFO - [2023-12-21T19:24:18.572+0000] {dagbag.py:538} INFO - Filling up the DagBag from /home/airflow/.local/lib/python3.8/site-packages/airflow/example_dags/example_subdag_operator.py
[2023-12-21T19:24:18.630+0000] {processor.py:840} INFO - DAG(s) 'example_subdag_operator.section-1', 'example_subdag_operator.section-2', 'example_subdag_operator' retrieved from /home/airflow/.local/lib/python3.8/site-packages/airflow/example_dags/example_subdag_operator.py
[2023-12-21T19:24:18.665+0000] {logging_mixin.py:188} INFO - [2023-12-21T19:24:18.664+0000] {dag.py:3033} INFO - Sync 3 DAGs
[2023-12-21T19:24:18.711+0000] {logging_mixin.py:188} INFO - [2023-12-21T19:24:18.710+0000] {dag.py:3820} INFO - Setting next_dagrun for example_subdag_operator to 2022-01-01T00:00:00+00:00, run_after=2022-01-01T00:00:00+00:00
[2023-12-21T19:24:18.722+0000] {logging_mixin.py:188} INFO - [2023-12-21T19:24:18.722+0000] {dag.py:3820} INFO - Setting next_dagrun for example_subdag_operator.section-1 to None, run_after=None
[2023-12-21T19:24:18.725+0000] {logging_mixin.py:188} INFO - [2023-12-21T19:24:18.725+0000] {dag.py:3820} INFO - Setting next_dagrun for example_subdag_operator.section-2 to None, run_after=None
[2023-12-21T19:24:18.738+0000] {logging_mixin.py:188} INFO - [2023-12-21T19:24:18.738+0000] {dag.py:3033} INFO - Sync 2 DAGs
[2023-12-21T19:24:18.747+0000] {logging_mixin.py:188} INFO - [2023-12-21T19:24:18.747+0000] {dag.py:3820} INFO - Setting next_dagrun for example_subdag_operator.section-1 to None, run_after=None
[2023-12-21T19:24:18.748+0000] {logging_mixin.py:188} INFO - [2023-12-21T19:24:18.748+0000] {dag.py:3820} INFO - Setting next_dagrun for example_subdag_operator.section-2 to None, run_after=None
[2023-12-21T19:24:18.767+0000] {processor.py:183} INFO - Processing /home/airflow/.local/lib/python3.8/site-packages/airflow/example_dags/example_subdag_operator.py took 0.219 seconds
[2023-12-21T19:24:48.955+0000] {processor.py:161} INFO - Started process (PID=766) to work on /home/airflow/.local/lib/python3.8/site-packages/airflow/example_dags/example_subdag_operator.py
[2023-12-21T19:24:48.957+0000] {processor.py:830} INFO - Processing file /home/airflow/.local/lib/python3.8/site-packages/airflow/example_dags/example_subdag_operator.py for tasks to queue
[2023-12-21T19:24:48.961+0000] {logging_mixin.py:188} INFO - [2023-12-21T19:24:48.960+0000] {dagbag.py:538} INFO - Filling up the DagBag from /home/airflow/.local/lib/python3.8/site-packages/airflow/example_dags/example_subdag_operator.py
[2023-12-21T19:24:49.026+0000] {processor.py:840} INFO - DAG(s) 'example_subdag_operator.section-1', 'example_subdag_operator.section-2', 'example_subdag_operator' retrieved from /home/airflow/.local/lib/python3.8/site-packages/airflow/example_dags/example_subdag_operator.py
[2023-12-21T19:24:49.064+0000] {logging_mixin.py:188} INFO - [2023-12-21T19:24:49.064+0000] {dag.py:3033} INFO - Sync 3 DAGs
[2023-12-21T19:24:49.105+0000] {logging_mixin.py:188} INFO - [2023-12-21T19:24:49.105+0000] {dag.py:3820} INFO - Setting next_dagrun for example_subdag_operator to 2022-01-01T00:00:00+00:00, run_after=2022-01-01T00:00:00+00:00
[2023-12-21T19:24:49.112+0000] {logging_mixin.py:188} INFO - [2023-12-21T19:24:49.112+0000] {dag.py:3820} INFO - Setting next_dagrun for example_subdag_operator.section-1 to None, run_after=None
[2023-12-21T19:24:49.114+0000] {logging_mixin.py:188} INFO - [2023-12-21T19:24:49.114+0000] {dag.py:3820} INFO - Setting next_dagrun for example_subdag_operator.section-2 to None, run_after=None
[2023-12-21T19:24:49.127+0000] {logging_mixin.py:188} INFO - [2023-12-21T19:24:49.127+0000] {dag.py:3033} INFO - Sync 2 DAGs
[2023-12-21T19:24:49.140+0000] {logging_mixin.py:188} INFO - [2023-12-21T19:24:49.140+0000] {dag.py:3820} INFO - Setting next_dagrun for example_subdag_operator.section-1 to None, run_after=None
[2023-12-21T19:24:49.141+0000] {logging_mixin.py:188} INFO - [2023-12-21T19:24:49.140+0000] {dag.py:3820} INFO - Setting next_dagrun for example_subdag_operator.section-2 to None, run_after=None
[2023-12-21T19:24:49.164+0000] {processor.py:183} INFO - Processing /home/airflow/.local/lib/python3.8/site-packages/airflow/example_dags/example_subdag_operator.py took 0.214 seconds
[2023-12-21T19:25:19.338+0000] {processor.py:161} INFO - Started process (PID=821) to work on /home/airflow/.local/lib/python3.8/site-packages/airflow/example_dags/example_subdag_operator.py
[2023-12-21T19:25:19.341+0000] {processor.py:830} INFO - Processing file /home/airflow/.local/lib/python3.8/site-packages/airflow/example_dags/example_subdag_operator.py for tasks to queue
[2023-12-21T19:25:19.344+0000] {logging_mixin.py:188} INFO - [2023-12-21T19:25:19.343+0000] {dagbag.py:538} INFO - Filling up the DagBag from /home/airflow/.local/lib/python3.8/site-packages/airflow/example_dags/example_subdag_operator.py
[2023-12-21T19:25:19.396+0000] {processor.py:840} INFO - DAG(s) 'example_subdag_operator.section-1', 'example_subdag_operator.section-2', 'example_subdag_operator' retrieved from /home/airflow/.local/lib/python3.8/site-packages/airflow/example_dags/example_subdag_operator.py
[2023-12-21T19:25:19.427+0000] {logging_mixin.py:188} INFO - [2023-12-21T19:25:19.427+0000] {dag.py:3033} INFO - Sync 3 DAGs
[2023-12-21T19:25:19.476+0000] {logging_mixin.py:188} INFO - [2023-12-21T19:25:19.476+0000] {dag.py:3820} INFO - Setting next_dagrun for example_subdag_operator to 2022-01-01T00:00:00+00:00, run_after=2022-01-01T00:00:00+00:00
[2023-12-21T19:25:19.485+0000] {logging_mixin.py:188} INFO - [2023-12-21T19:25:19.485+0000] {dag.py:3820} INFO - Setting next_dagrun for example_subdag_operator.section-1 to None, run_after=None
[2023-12-21T19:25:19.488+0000] {logging_mixin.py:188} INFO - [2023-12-21T19:25:19.488+0000] {dag.py:3820} INFO - Setting next_dagrun for example_subdag_operator.section-2 to None, run_after=None
[2023-12-21T19:25:19.505+0000] {logging_mixin.py:188} INFO - [2023-12-21T19:25:19.505+0000] {dag.py:3033} INFO - Sync 2 DAGs
[2023-12-21T19:25:19.513+0000] {logging_mixin.py:188} INFO - [2023-12-21T19:25:19.513+0000] {dag.py:3820} INFO - Setting next_dagrun for example_subdag_operator.section-1 to None, run_after=None
[2023-12-21T19:25:19.513+0000] {logging_mixin.py:188} INFO - [2023-12-21T19:25:19.513+0000] {dag.py:3820} INFO - Setting next_dagrun for example_subdag_operator.section-2 to None, run_after=None
[2023-12-21T19:25:19.542+0000] {processor.py:183} INFO - Processing /home/airflow/.local/lib/python3.8/site-packages/airflow/example_dags/example_subdag_operator.py took 0.216 seconds
[2023-12-21T19:25:50.394+0000] {processor.py:161} INFO - Started process (PID=876) to work on /home/airflow/.local/lib/python3.8/site-packages/airflow/example_dags/example_subdag_operator.py
[2023-12-21T19:25:50.396+0000] {processor.py:830} INFO - Processing file /home/airflow/.local/lib/python3.8/site-packages/airflow/example_dags/example_subdag_operator.py for tasks to queue
[2023-12-21T19:25:50.401+0000] {logging_mixin.py:188} INFO - [2023-12-21T19:25:50.401+0000] {dagbag.py:538} INFO - Filling up the DagBag from /home/airflow/.local/lib/python3.8/site-packages/airflow/example_dags/example_subdag_operator.py
[2023-12-21T19:25:50.451+0000] {processor.py:840} INFO - DAG(s) 'example_subdag_operator.section-1', 'example_subdag_operator.section-2', 'example_subdag_operator' retrieved from /home/airflow/.local/lib/python3.8/site-packages/airflow/example_dags/example_subdag_operator.py
[2023-12-21T19:25:50.485+0000] {logging_mixin.py:188} INFO - [2023-12-21T19:25:50.485+0000] {dag.py:3033} INFO - Sync 3 DAGs
[2023-12-21T19:25:50.530+0000] {logging_mixin.py:188} INFO - [2023-12-21T19:25:50.530+0000] {dag.py:3820} INFO - Setting next_dagrun for example_subdag_operator to 2022-01-01T00:00:00+00:00, run_after=2022-01-01T00:00:00+00:00
[2023-12-21T19:25:50.537+0000] {logging_mixin.py:188} INFO - [2023-12-21T19:25:50.537+0000] {dag.py:3820} INFO - Setting next_dagrun for example_subdag_operator.section-1 to None, run_after=None
[2023-12-21T19:25:50.541+0000] {logging_mixin.py:188} INFO - [2023-12-21T19:25:50.541+0000] {dag.py:3820} INFO - Setting next_dagrun for example_subdag_operator.section-2 to None, run_after=None
[2023-12-21T19:25:50.551+0000] {logging_mixin.py:188} INFO - [2023-12-21T19:25:50.550+0000] {dag.py:3033} INFO - Sync 2 DAGs
[2023-12-21T19:25:50.562+0000] {logging_mixin.py:188} INFO - [2023-12-21T19:25:50.561+0000] {dag.py:3820} INFO - Setting next_dagrun for example_subdag_operator.section-1 to None, run_after=None
[2023-12-21T19:25:50.562+0000] {logging_mixin.py:188} INFO - [2023-12-21T19:25:50.562+0000] {dag.py:3820} INFO - Setting next_dagrun for example_subdag_operator.section-2 to None, run_after=None
[2023-12-21T19:25:50.582+0000] {processor.py:183} INFO - Processing /home/airflow/.local/lib/python3.8/site-packages/airflow/example_dags/example_subdag_operator.py took 0.197 seconds
[2023-12-21T19:26:20.859+0000] {processor.py:161} INFO - Started process (PID=930) to work on /home/airflow/.local/lib/python3.8/site-packages/airflow/example_dags/example_subdag_operator.py
[2023-12-21T19:26:20.860+0000] {processor.py:830} INFO - Processing file /home/airflow/.local/lib/python3.8/site-packages/airflow/example_dags/example_subdag_operator.py for tasks to queue
[2023-12-21T19:26:20.865+0000] {logging_mixin.py:188} INFO - [2023-12-21T19:26:20.864+0000] {dagbag.py:538} INFO - Filling up the DagBag from /home/airflow/.local/lib/python3.8/site-packages/airflow/example_dags/example_subdag_operator.py
[2023-12-21T19:26:20.916+0000] {processor.py:840} INFO - DAG(s) 'example_subdag_operator.section-1', 'example_subdag_operator.section-2', 'example_subdag_operator' retrieved from /home/airflow/.local/lib/python3.8/site-packages/airflow/example_dags/example_subdag_operator.py
[2023-12-21T19:26:20.948+0000] {logging_mixin.py:188} INFO - [2023-12-21T19:26:20.948+0000] {dag.py:3033} INFO - Sync 3 DAGs
[2023-12-21T19:26:20.993+0000] {logging_mixin.py:188} INFO - [2023-12-21T19:26:20.992+0000] {dag.py:3820} INFO - Setting next_dagrun for example_subdag_operator to 2022-01-01T00:00:00+00:00, run_after=2022-01-01T00:00:00+00:00
[2023-12-21T19:26:21.000+0000] {logging_mixin.py:188} INFO - [2023-12-21T19:26:20.999+0000] {dag.py:3820} INFO - Setting next_dagrun for example_subdag_operator.section-1 to None, run_after=None
[2023-12-21T19:26:21.002+0000] {logging_mixin.py:188} INFO - [2023-12-21T19:26:21.002+0000] {dag.py:3820} INFO - Setting next_dagrun for example_subdag_operator.section-2 to None, run_after=None
[2023-12-21T19:26:21.018+0000] {logging_mixin.py:188} INFO - [2023-12-21T19:26:21.018+0000] {dag.py:3033} INFO - Sync 2 DAGs
[2023-12-21T19:26:21.030+0000] {logging_mixin.py:188} INFO - [2023-12-21T19:26:21.030+0000] {dag.py:3820} INFO - Setting next_dagrun for example_subdag_operator.section-1 to None, run_after=None
[2023-12-21T19:26:21.031+0000] {logging_mixin.py:188} INFO - [2023-12-21T19:26:21.031+0000] {dag.py:3820} INFO - Setting next_dagrun for example_subdag_operator.section-2 to None, run_after=None
[2023-12-21T19:26:21.049+0000] {processor.py:183} INFO - Processing /home/airflow/.local/lib/python3.8/site-packages/airflow/example_dags/example_subdag_operator.py took 0.198 seconds
[2023-12-21T19:26:51.164+0000] {processor.py:161} INFO - Started process (PID=985) to work on /home/airflow/.local/lib/python3.8/site-packages/airflow/example_dags/example_subdag_operator.py
[2023-12-21T19:26:51.165+0000] {processor.py:830} INFO - Processing file /home/airflow/.local/lib/python3.8/site-packages/airflow/example_dags/example_subdag_operator.py for tasks to queue
[2023-12-21T19:26:51.168+0000] {logging_mixin.py:188} INFO - [2023-12-21T19:26:51.168+0000] {dagbag.py:538} INFO - Filling up the DagBag from /home/airflow/.local/lib/python3.8/site-packages/airflow/example_dags/example_subdag_operator.py
[2023-12-21T19:26:51.217+0000] {processor.py:840} INFO - DAG(s) 'example_subdag_operator.section-1', 'example_subdag_operator.section-2', 'example_subdag_operator' retrieved from /home/airflow/.local/lib/python3.8/site-packages/airflow/example_dags/example_subdag_operator.py
[2023-12-21T19:26:51.250+0000] {logging_mixin.py:188} INFO - [2023-12-21T19:26:51.250+0000] {dag.py:3033} INFO - Sync 3 DAGs
[2023-12-21T19:26:51.293+0000] {logging_mixin.py:188} INFO - [2023-12-21T19:26:51.293+0000] {dag.py:3820} INFO - Setting next_dagrun for example_subdag_operator to 2022-01-01T00:00:00+00:00, run_after=2022-01-01T00:00:00+00:00
[2023-12-21T19:26:51.300+0000] {logging_mixin.py:188} INFO - [2023-12-21T19:26:51.300+0000] {dag.py:3820} INFO - Setting next_dagrun for example_subdag_operator.section-1 to None, run_after=None
[2023-12-21T19:26:51.302+0000] {logging_mixin.py:188} INFO - [2023-12-21T19:26:51.302+0000] {dag.py:3820} INFO - Setting next_dagrun for example_subdag_operator.section-2 to None, run_after=None
[2023-12-21T19:26:51.320+0000] {logging_mixin.py:188} INFO - [2023-12-21T19:26:51.319+0000] {dag.py:3033} INFO - Sync 2 DAGs
[2023-12-21T19:26:51.331+0000] {logging_mixin.py:188} INFO - [2023-12-21T19:26:51.331+0000] {dag.py:3820} INFO - Setting next_dagrun for example_subdag_operator.section-1 to None, run_after=None
[2023-12-21T19:26:51.332+0000] {logging_mixin.py:188} INFO - [2023-12-21T19:26:51.332+0000] {dag.py:3820} INFO - Setting next_dagrun for example_subdag_operator.section-2 to None, run_after=None
[2023-12-21T19:26:51.353+0000] {processor.py:183} INFO - Processing /home/airflow/.local/lib/python3.8/site-packages/airflow/example_dags/example_subdag_operator.py took 0.195 seconds
[2023-12-21T19:27:21.932+0000] {processor.py:161} INFO - Started process (PID=1040) to work on /home/airflow/.local/lib/python3.8/site-packages/airflow/example_dags/example_subdag_operator.py
[2023-12-21T19:27:21.933+0000] {processor.py:830} INFO - Processing file /home/airflow/.local/lib/python3.8/site-packages/airflow/example_dags/example_subdag_operator.py for tasks to queue
[2023-12-21T19:27:21.936+0000] {logging_mixin.py:188} INFO - [2023-12-21T19:27:21.936+0000] {dagbag.py:538} INFO - Filling up the DagBag from /home/airflow/.local/lib/python3.8/site-packages/airflow/example_dags/example_subdag_operator.py
[2023-12-21T19:27:21.988+0000] {processor.py:840} INFO - DAG(s) 'example_subdag_operator.section-1', 'example_subdag_operator.section-2', 'example_subdag_operator' retrieved from /home/airflow/.local/lib/python3.8/site-packages/airflow/example_dags/example_subdag_operator.py
[2023-12-21T19:27:22.019+0000] {logging_mixin.py:188} INFO - [2023-12-21T19:27:22.018+0000] {dag.py:3033} INFO - Sync 3 DAGs
[2023-12-21T19:27:22.059+0000] {logging_mixin.py:188} INFO - [2023-12-21T19:27:22.059+0000] {dag.py:3820} INFO - Setting next_dagrun for example_subdag_operator to 2022-01-01T00:00:00+00:00, run_after=2022-01-01T00:00:00+00:00
[2023-12-21T19:27:22.064+0000] {logging_mixin.py:188} INFO - [2023-12-21T19:27:22.064+0000] {dag.py:3820} INFO - Setting next_dagrun for example_subdag_operator.section-1 to None, run_after=None
[2023-12-21T19:27:22.066+0000] {logging_mixin.py:188} INFO - [2023-12-21T19:27:22.066+0000] {dag.py:3820} INFO - Setting next_dagrun for example_subdag_operator.section-2 to None, run_after=None
[2023-12-21T19:27:22.078+0000] {logging_mixin.py:188} INFO - [2023-12-21T19:27:22.077+0000] {dag.py:3033} INFO - Sync 2 DAGs
[2023-12-21T19:27:22.087+0000] {logging_mixin.py:188} INFO - [2023-12-21T19:27:22.087+0000] {dag.py:3820} INFO - Setting next_dagrun for example_subdag_operator.section-1 to None, run_after=None
[2023-12-21T19:27:22.087+0000] {logging_mixin.py:188} INFO - [2023-12-21T19:27:22.087+0000] {dag.py:3820} INFO - Setting next_dagrun for example_subdag_operator.section-2 to None, run_after=None
[2023-12-21T19:27:22.105+0000] {processor.py:183} INFO - Processing /home/airflow/.local/lib/python3.8/site-packages/airflow/example_dags/example_subdag_operator.py took 0.180 seconds
[2023-12-21T19:27:52.570+0000] {processor.py:161} INFO - Started process (PID=1094) to work on /home/airflow/.local/lib/python3.8/site-packages/airflow/example_dags/example_subdag_operator.py
[2023-12-21T19:27:52.571+0000] {processor.py:830} INFO - Processing file /home/airflow/.local/lib/python3.8/site-packages/airflow/example_dags/example_subdag_operator.py for tasks to queue
[2023-12-21T19:27:52.577+0000] {logging_mixin.py:188} INFO - [2023-12-21T19:27:52.575+0000] {dagbag.py:538} INFO - Filling up the DagBag from /home/airflow/.local/lib/python3.8/site-packages/airflow/example_dags/example_subdag_operator.py
[2023-12-21T19:27:52.617+0000] {processor.py:840} INFO - DAG(s) 'example_subdag_operator.section-1', 'example_subdag_operator.section-2', 'example_subdag_operator' retrieved from /home/airflow/.local/lib/python3.8/site-packages/airflow/example_dags/example_subdag_operator.py
[2023-12-21T19:27:52.687+0000] {logging_mixin.py:188} INFO - [2023-12-21T19:27:52.686+0000] {dag.py:3033} INFO - Sync 3 DAGs
[2023-12-21T19:27:52.753+0000] {logging_mixin.py:188} INFO - [2023-12-21T19:27:52.753+0000] {dag.py:3820} INFO - Setting next_dagrun for example_subdag_operator to 2022-01-01T00:00:00+00:00, run_after=2022-01-01T00:00:00+00:00
[2023-12-21T19:27:52.761+0000] {logging_mixin.py:188} INFO - [2023-12-21T19:27:52.761+0000] {dag.py:3820} INFO - Setting next_dagrun for example_subdag_operator.section-1 to None, run_after=None
[2023-12-21T19:27:52.763+0000] {logging_mixin.py:188} INFO - [2023-12-21T19:27:52.763+0000] {dag.py:3820} INFO - Setting next_dagrun for example_subdag_operator.section-2 to None, run_after=None
[2023-12-21T19:27:52.778+0000] {logging_mixin.py:188} INFO - [2023-12-21T19:27:52.777+0000] {dag.py:3033} INFO - Sync 2 DAGs
[2023-12-21T19:27:52.789+0000] {logging_mixin.py:188} INFO - [2023-12-21T19:27:52.788+0000] {dag.py:3820} INFO - Setting next_dagrun for example_subdag_operator.section-1 to None, run_after=None
[2023-12-21T19:27:52.790+0000] {logging_mixin.py:188} INFO - [2023-12-21T19:27:52.789+0000] {dag.py:3820} INFO - Setting next_dagrun for example_subdag_operator.section-2 to None, run_after=None
[2023-12-21T19:27:52.816+0000] {processor.py:183} INFO - Processing /home/airflow/.local/lib/python3.8/site-packages/airflow/example_dags/example_subdag_operator.py took 0.250 seconds
[2023-12-21T19:28:23.619+0000] {processor.py:161} INFO - Started process (PID=1155) to work on /home/airflow/.local/lib/python3.8/site-packages/airflow/example_dags/example_subdag_operator.py
[2023-12-21T19:28:23.626+0000] {processor.py:830} INFO - Processing file /home/airflow/.local/lib/python3.8/site-packages/airflow/example_dags/example_subdag_operator.py for tasks to queue
[2023-12-21T19:28:23.635+0000] {logging_mixin.py:188} INFO - [2023-12-21T19:28:23.629+0000] {dagbag.py:538} INFO - Filling up the DagBag from /home/airflow/.local/lib/python3.8/site-packages/airflow/example_dags/example_subdag_operator.py
[2023-12-21T19:28:23.707+0000] {processor.py:840} INFO - DAG(s) 'example_subdag_operator.section-1', 'example_subdag_operator.section-2', 'example_subdag_operator' retrieved from /home/airflow/.local/lib/python3.8/site-packages/airflow/example_dags/example_subdag_operator.py
[2023-12-21T19:28:23.741+0000] {logging_mixin.py:188} INFO - [2023-12-21T19:28:23.741+0000] {dag.py:3033} INFO - Sync 3 DAGs
[2023-12-21T19:28:23.789+0000] {logging_mixin.py:188} INFO - [2023-12-21T19:28:23.789+0000] {dag.py:3820} INFO - Setting next_dagrun for example_subdag_operator to 2022-01-01T00:00:00+00:00, run_after=2022-01-01T00:00:00+00:00
[2023-12-21T19:28:23.794+0000] {logging_mixin.py:188} INFO - [2023-12-21T19:28:23.794+0000] {dag.py:3820} INFO - Setting next_dagrun for example_subdag_operator.section-1 to None, run_after=None
[2023-12-21T19:28:23.795+0000] {logging_mixin.py:188} INFO - [2023-12-21T19:28:23.795+0000] {dag.py:3820} INFO - Setting next_dagrun for example_subdag_operator.section-2 to None, run_after=None
[2023-12-21T19:28:23.810+0000] {logging_mixin.py:188} INFO - [2023-12-21T19:28:23.809+0000] {dag.py:3033} INFO - Sync 2 DAGs
[2023-12-21T19:28:23.816+0000] {logging_mixin.py:188} INFO - [2023-12-21T19:28:23.816+0000] {dag.py:3820} INFO - Setting next_dagrun for example_subdag_operator.section-1 to None, run_after=None
[2023-12-21T19:28:23.817+0000] {logging_mixin.py:188} INFO - [2023-12-21T19:28:23.816+0000] {dag.py:3820} INFO - Setting next_dagrun for example_subdag_operator.section-2 to None, run_after=None
[2023-12-21T19:28:23.837+0000] {processor.py:183} INFO - Processing /home/airflow/.local/lib/python3.8/site-packages/airflow/example_dags/example_subdag_operator.py took 0.231 seconds
[2023-12-21T19:28:53.981+0000] {processor.py:161} INFO - Started process (PID=1210) to work on /home/airflow/.local/lib/python3.8/site-packages/airflow/example_dags/example_subdag_operator.py
[2023-12-21T19:28:53.982+0000] {processor.py:830} INFO - Processing file /home/airflow/.local/lib/python3.8/site-packages/airflow/example_dags/example_subdag_operator.py for tasks to queue
[2023-12-21T19:28:53.986+0000] {logging_mixin.py:188} INFO - [2023-12-21T19:28:53.986+0000] {dagbag.py:538} INFO - Filling up the DagBag from /home/airflow/.local/lib/python3.8/site-packages/airflow/example_dags/example_subdag_operator.py
[2023-12-21T19:28:54.037+0000] {processor.py:840} INFO - DAG(s) 'example_subdag_operator.section-1', 'example_subdag_operator.section-2', 'example_subdag_operator' retrieved from /home/airflow/.local/lib/python3.8/site-packages/airflow/example_dags/example_subdag_operator.py
[2023-12-21T19:28:54.061+0000] {logging_mixin.py:188} INFO - [2023-12-21T19:28:54.061+0000] {dag.py:3033} INFO - Sync 3 DAGs
[2023-12-21T19:28:54.102+0000] {logging_mixin.py:188} INFO - [2023-12-21T19:28:54.102+0000] {dag.py:3820} INFO - Setting next_dagrun for example_subdag_operator to 2022-01-01T00:00:00+00:00, run_after=2022-01-01T00:00:00+00:00
[2023-12-21T19:28:54.107+0000] {logging_mixin.py:188} INFO - [2023-12-21T19:28:54.106+0000] {dag.py:3820} INFO - Setting next_dagrun for example_subdag_operator.section-1 to None, run_after=None
[2023-12-21T19:28:54.109+0000] {logging_mixin.py:188} INFO - [2023-12-21T19:28:54.108+0000] {dag.py:3820} INFO - Setting next_dagrun for example_subdag_operator.section-2 to None, run_after=None
[2023-12-21T19:28:54.125+0000] {logging_mixin.py:188} INFO - [2023-12-21T19:28:54.124+0000] {dag.py:3033} INFO - Sync 2 DAGs
[2023-12-21T19:28:54.138+0000] {logging_mixin.py:188} INFO - [2023-12-21T19:28:54.138+0000] {dag.py:3820} INFO - Setting next_dagrun for example_subdag_operator.section-1 to None, run_after=None
[2023-12-21T19:28:54.138+0000] {logging_mixin.py:188} INFO - [2023-12-21T19:28:54.138+0000] {dag.py:3820} INFO - Setting next_dagrun for example_subdag_operator.section-2 to None, run_after=None
[2023-12-21T19:28:54.157+0000] {processor.py:183} INFO - Processing /home/airflow/.local/lib/python3.8/site-packages/airflow/example_dags/example_subdag_operator.py took 0.185 seconds
[2023-12-21T19:29:24.636+0000] {processor.py:161} INFO - Started process (PID=1265) to work on /home/airflow/.local/lib/python3.8/site-packages/airflow/example_dags/example_subdag_operator.py
[2023-12-21T19:29:24.640+0000] {processor.py:830} INFO - Processing file /home/airflow/.local/lib/python3.8/site-packages/airflow/example_dags/example_subdag_operator.py for tasks to queue
[2023-12-21T19:29:24.645+0000] {logging_mixin.py:188} INFO - [2023-12-21T19:29:24.645+0000] {dagbag.py:538} INFO - Filling up the DagBag from /home/airflow/.local/lib/python3.8/site-packages/airflow/example_dags/example_subdag_operator.py
[2023-12-21T19:29:24.748+0000] {processor.py:840} INFO - DAG(s) 'example_subdag_operator.section-1', 'example_subdag_operator.section-2', 'example_subdag_operator' retrieved from /home/airflow/.local/lib/python3.8/site-packages/airflow/example_dags/example_subdag_operator.py
[2023-12-21T19:29:24.794+0000] {logging_mixin.py:188} INFO - [2023-12-21T19:29:24.794+0000] {dag.py:3033} INFO - Sync 3 DAGs
[2023-12-21T19:29:24.846+0000] {logging_mixin.py:188} INFO - [2023-12-21T19:29:24.845+0000] {dag.py:3820} INFO - Setting next_dagrun for example_subdag_operator to 2022-01-01T00:00:00+00:00, run_after=2022-01-01T00:00:00+00:00
[2023-12-21T19:29:24.855+0000] {logging_mixin.py:188} INFO - [2023-12-21T19:29:24.855+0000] {dag.py:3820} INFO - Setting next_dagrun for example_subdag_operator.section-1 to None, run_after=None
[2023-12-21T19:29:24.858+0000] {logging_mixin.py:188} INFO - [2023-12-21T19:29:24.858+0000] {dag.py:3820} INFO - Setting next_dagrun for example_subdag_operator.section-2 to None, run_after=None
[2023-12-21T19:29:24.876+0000] {logging_mixin.py:188} INFO - [2023-12-21T19:29:24.876+0000] {dag.py:3033} INFO - Sync 2 DAGs
[2023-12-21T19:29:24.890+0000] {logging_mixin.py:188} INFO - [2023-12-21T19:29:24.889+0000] {dag.py:3820} INFO - Setting next_dagrun for example_subdag_operator.section-1 to None, run_after=None
[2023-12-21T19:29:24.891+0000] {logging_mixin.py:188} INFO - [2023-12-21T19:29:24.890+0000] {dag.py:3820} INFO - Setting next_dagrun for example_subdag_operator.section-2 to None, run_after=None
[2023-12-21T19:29:24.918+0000] {processor.py:183} INFO - Processing /home/airflow/.local/lib/python3.8/site-packages/airflow/example_dags/example_subdag_operator.py took 0.296 seconds
[2023-12-21T19:29:55.311+0000] {processor.py:161} INFO - Started process (PID=1320) to work on /home/airflow/.local/lib/python3.8/site-packages/airflow/example_dags/example_subdag_operator.py
[2023-12-21T19:29:55.313+0000] {processor.py:830} INFO - Processing file /home/airflow/.local/lib/python3.8/site-packages/airflow/example_dags/example_subdag_operator.py for tasks to queue
[2023-12-21T19:29:55.317+0000] {logging_mixin.py:188} INFO - [2023-12-21T19:29:55.316+0000] {dagbag.py:538} INFO - Filling up the DagBag from /home/airflow/.local/lib/python3.8/site-packages/airflow/example_dags/example_subdag_operator.py
[2023-12-21T19:29:55.358+0000] {processor.py:840} INFO - DAG(s) 'example_subdag_operator.section-1', 'example_subdag_operator.section-2', 'example_subdag_operator' retrieved from /home/airflow/.local/lib/python3.8/site-packages/airflow/example_dags/example_subdag_operator.py
[2023-12-21T19:29:55.392+0000] {logging_mixin.py:188} INFO - [2023-12-21T19:29:55.392+0000] {dag.py:3033} INFO - Sync 3 DAGs
[2023-12-21T19:29:55.431+0000] {logging_mixin.py:188} INFO - [2023-12-21T19:29:55.431+0000] {dag.py:3820} INFO - Setting next_dagrun for example_subdag_operator to 2022-01-01T00:00:00+00:00, run_after=2022-01-01T00:00:00+00:00
[2023-12-21T19:29:55.437+0000] {logging_mixin.py:188} INFO - [2023-12-21T19:29:55.436+0000] {dag.py:3820} INFO - Setting next_dagrun for example_subdag_operator.section-1 to None, run_after=None
[2023-12-21T19:29:55.440+0000] {logging_mixin.py:188} INFO - [2023-12-21T19:29:55.439+0000] {dag.py:3820} INFO - Setting next_dagrun for example_subdag_operator.section-2 to None, run_after=None
[2023-12-21T19:29:55.453+0000] {logging_mixin.py:188} INFO - [2023-12-21T19:29:55.453+0000] {dag.py:3033} INFO - Sync 2 DAGs
[2023-12-21T19:29:55.465+0000] {logging_mixin.py:188} INFO - [2023-12-21T19:29:55.465+0000] {dag.py:3820} INFO - Setting next_dagrun for example_subdag_operator.section-1 to None, run_after=None
[2023-12-21T19:29:55.466+0000] {logging_mixin.py:188} INFO - [2023-12-21T19:29:55.465+0000] {dag.py:3820} INFO - Setting next_dagrun for example_subdag_operator.section-2 to None, run_after=None
[2023-12-21T19:29:55.505+0000] {processor.py:183} INFO - Processing /home/airflow/.local/lib/python3.8/site-packages/airflow/example_dags/example_subdag_operator.py took 0.199 seconds
[2023-12-21T19:30:25.930+0000] {processor.py:161} INFO - Started process (PID=1374) to work on /home/airflow/.local/lib/python3.8/site-packages/airflow/example_dags/example_subdag_operator.py
[2023-12-21T19:30:25.931+0000] {processor.py:830} INFO - Processing file /home/airflow/.local/lib/python3.8/site-packages/airflow/example_dags/example_subdag_operator.py for tasks to queue
[2023-12-21T19:30:25.936+0000] {logging_mixin.py:188} INFO - [2023-12-21T19:30:25.936+0000] {dagbag.py:538} INFO - Filling up the DagBag from /home/airflow/.local/lib/python3.8/site-packages/airflow/example_dags/example_subdag_operator.py
[2023-12-21T19:30:25.982+0000] {processor.py:840} INFO - DAG(s) 'example_subdag_operator.section-1', 'example_subdag_operator.section-2', 'example_subdag_operator' retrieved from /home/airflow/.local/lib/python3.8/site-packages/airflow/example_dags/example_subdag_operator.py
[2023-12-21T19:30:26.024+0000] {logging_mixin.py:188} INFO - [2023-12-21T19:30:26.023+0000] {dag.py:3033} INFO - Sync 3 DAGs
[2023-12-21T19:30:26.069+0000] {logging_mixin.py:188} INFO - [2023-12-21T19:30:26.068+0000] {dag.py:3820} INFO - Setting next_dagrun for example_subdag_operator to 2022-01-01T00:00:00+00:00, run_after=2022-01-01T00:00:00+00:00
[2023-12-21T19:30:26.075+0000] {logging_mixin.py:188} INFO - [2023-12-21T19:30:26.075+0000] {dag.py:3820} INFO - Setting next_dagrun for example_subdag_operator.section-1 to None, run_after=None
[2023-12-21T19:30:26.076+0000] {logging_mixin.py:188} INFO - [2023-12-21T19:30:26.076+0000] {dag.py:3820} INFO - Setting next_dagrun for example_subdag_operator.section-2 to None, run_after=None
[2023-12-21T19:30:26.088+0000] {logging_mixin.py:188} INFO - [2023-12-21T19:30:26.088+0000] {dag.py:3033} INFO - Sync 2 DAGs
[2023-12-21T19:30:26.095+0000] {logging_mixin.py:188} INFO - [2023-12-21T19:30:26.095+0000] {dag.py:3820} INFO - Setting next_dagrun for example_subdag_operator.section-1 to None, run_after=None
[2023-12-21T19:30:26.096+0000] {logging_mixin.py:188} INFO - [2023-12-21T19:30:26.096+0000] {dag.py:3820} INFO - Setting next_dagrun for example_subdag_operator.section-2 to None, run_after=None
[2023-12-21T19:30:26.120+0000] {processor.py:183} INFO - Processing /home/airflow/.local/lib/python3.8/site-packages/airflow/example_dags/example_subdag_operator.py took 0.196 seconds
[2023-12-21T19:30:56.168+0000] {processor.py:161} INFO - Started process (PID=1428) to work on /home/airflow/.local/lib/python3.8/site-packages/airflow/example_dags/example_subdag_operator.py
[2023-12-21T19:30:56.170+0000] {processor.py:830} INFO - Processing file /home/airflow/.local/lib/python3.8/site-packages/airflow/example_dags/example_subdag_operator.py for tasks to queue
[2023-12-21T19:30:56.173+0000] {logging_mixin.py:188} INFO - [2023-12-21T19:30:56.172+0000] {dagbag.py:538} INFO - Filling up the DagBag from /home/airflow/.local/lib/python3.8/site-packages/airflow/example_dags/example_subdag_operator.py
[2023-12-21T19:30:56.238+0000] {processor.py:840} INFO - DAG(s) 'example_subdag_operator.section-1', 'example_subdag_operator.section-2', 'example_subdag_operator' retrieved from /home/airflow/.local/lib/python3.8/site-packages/airflow/example_dags/example_subdag_operator.py
[2023-12-21T19:30:56.279+0000] {logging_mixin.py:188} INFO - [2023-12-21T19:30:56.278+0000] {dag.py:3033} INFO - Sync 3 DAGs
[2023-12-21T19:30:56.318+0000] {logging_mixin.py:188} INFO - [2023-12-21T19:30:56.317+0000] {dag.py:3820} INFO - Setting next_dagrun for example_subdag_operator to 2022-01-01T00:00:00+00:00, run_after=2022-01-01T00:00:00+00:00
[2023-12-21T19:30:56.327+0000] {logging_mixin.py:188} INFO - [2023-12-21T19:30:56.327+0000] {dag.py:3820} INFO - Setting next_dagrun for example_subdag_operator.section-1 to None, run_after=None
[2023-12-21T19:30:56.330+0000] {logging_mixin.py:188} INFO - [2023-12-21T19:30:56.330+0000] {dag.py:3820} INFO - Setting next_dagrun for example_subdag_operator.section-2 to None, run_after=None
[2023-12-21T19:30:56.347+0000] {logging_mixin.py:188} INFO - [2023-12-21T19:30:56.347+0000] {dag.py:3033} INFO - Sync 2 DAGs
[2023-12-21T19:30:56.358+0000] {logging_mixin.py:188} INFO - [2023-12-21T19:30:56.357+0000] {dag.py:3820} INFO - Setting next_dagrun for example_subdag_operator.section-1 to None, run_after=None
[2023-12-21T19:30:56.358+0000] {logging_mixin.py:188} INFO - [2023-12-21T19:30:56.358+0000] {dag.py:3820} INFO - Setting next_dagrun for example_subdag_operator.section-2 to None, run_after=None
[2023-12-21T19:30:56.398+0000] {processor.py:183} INFO - Processing /home/airflow/.local/lib/python3.8/site-packages/airflow/example_dags/example_subdag_operator.py took 0.238 seconds
[2023-12-21T19:31:26.610+0000] {processor.py:161} INFO - Started process (PID=1483) to work on /home/airflow/.local/lib/python3.8/site-packages/airflow/example_dags/example_subdag_operator.py
[2023-12-21T19:31:26.611+0000] {processor.py:830} INFO - Processing file /home/airflow/.local/lib/python3.8/site-packages/airflow/example_dags/example_subdag_operator.py for tasks to queue
[2023-12-21T19:31:26.613+0000] {logging_mixin.py:188} INFO - [2023-12-21T19:31:26.613+0000] {dagbag.py:538} INFO - Filling up the DagBag from /home/airflow/.local/lib/python3.8/site-packages/airflow/example_dags/example_subdag_operator.py
[2023-12-21T19:31:26.640+0000] {processor.py:840} INFO - DAG(s) 'example_subdag_operator.section-1', 'example_subdag_operator.section-2', 'example_subdag_operator' retrieved from /home/airflow/.local/lib/python3.8/site-packages/airflow/example_dags/example_subdag_operator.py
[2023-12-21T19:31:26.658+0000] {logging_mixin.py:188} INFO - [2023-12-21T19:31:26.658+0000] {dag.py:3033} INFO - Sync 3 DAGs
[2023-12-21T19:31:26.690+0000] {logging_mixin.py:188} INFO - [2023-12-21T19:31:26.689+0000] {dag.py:3820} INFO - Setting next_dagrun for example_subdag_operator to 2022-01-01T00:00:00+00:00, run_after=2022-01-01T00:00:00+00:00
[2023-12-21T19:31:26.694+0000] {logging_mixin.py:188} INFO - [2023-12-21T19:31:26.694+0000] {dag.py:3820} INFO - Setting next_dagrun for example_subdag_operator.section-1 to None, run_after=None
[2023-12-21T19:31:26.696+0000] {logging_mixin.py:188} INFO - [2023-12-21T19:31:26.696+0000] {dag.py:3820} INFO - Setting next_dagrun for example_subdag_operator.section-2 to None, run_after=None
[2023-12-21T19:31:26.705+0000] {logging_mixin.py:188} INFO - [2023-12-21T19:31:26.705+0000] {dag.py:3033} INFO - Sync 2 DAGs
[2023-12-21T19:31:26.713+0000] {logging_mixin.py:188} INFO - [2023-12-21T19:31:26.713+0000] {dag.py:3820} INFO - Setting next_dagrun for example_subdag_operator.section-1 to None, run_after=None
[2023-12-21T19:31:26.714+0000] {logging_mixin.py:188} INFO - [2023-12-21T19:31:26.714+0000] {dag.py:3820} INFO - Setting next_dagrun for example_subdag_operator.section-2 to None, run_after=None
[2023-12-21T19:31:26.730+0000] {processor.py:183} INFO - Processing /home/airflow/.local/lib/python3.8/site-packages/airflow/example_dags/example_subdag_operator.py took 0.124 seconds
[2023-12-21T19:34:27.176+0000] {processor.py:161} INFO - Started process (PID=52) to work on /home/airflow/.local/lib/python3.8/site-packages/airflow/example_dags/example_subdag_operator.py
[2023-12-21T19:34:27.195+0000] {processor.py:830} INFO - Processing file /home/airflow/.local/lib/python3.8/site-packages/airflow/example_dags/example_subdag_operator.py for tasks to queue
[2023-12-21T19:34:27.198+0000] {logging_mixin.py:188} INFO - [2023-12-21T19:34:27.198+0000] {dagbag.py:538} INFO - Filling up the DagBag from /home/airflow/.local/lib/python3.8/site-packages/airflow/example_dags/example_subdag_operator.py
[2023-12-21T19:34:27.284+0000] {processor.py:840} INFO - DAG(s) 'example_subdag_operator.section-1', 'example_subdag_operator.section-2', 'example_subdag_operator' retrieved from /home/airflow/.local/lib/python3.8/site-packages/airflow/example_dags/example_subdag_operator.py
[2023-12-21T19:34:27.681+0000] {logging_mixin.py:188} INFO - [2023-12-21T19:34:27.681+0000] {dag.py:3033} INFO - Sync 3 DAGs
[2023-12-21T19:34:27.753+0000] {logging_mixin.py:188} INFO - [2023-12-21T19:34:27.753+0000] {dag.py:3820} INFO - Setting next_dagrun for example_subdag_operator to 2022-01-01T00:00:00+00:00, run_after=2022-01-01T00:00:00+00:00
[2023-12-21T19:34:27.759+0000] {logging_mixin.py:188} INFO - [2023-12-21T19:34:27.759+0000] {dag.py:3820} INFO - Setting next_dagrun for example_subdag_operator.section-1 to None, run_after=None
[2023-12-21T19:34:27.761+0000] {logging_mixin.py:188} INFO - [2023-12-21T19:34:27.761+0000] {dag.py:3820} INFO - Setting next_dagrun for example_subdag_operator.section-2 to None, run_after=None
[2023-12-21T19:34:27.776+0000] {logging_mixin.py:188} INFO - [2023-12-21T19:34:27.776+0000] {dag.py:3033} INFO - Sync 2 DAGs
[2023-12-21T19:34:27.790+0000] {logging_mixin.py:188} INFO - [2023-12-21T19:34:27.790+0000] {dag.py:3820} INFO - Setting next_dagrun for example_subdag_operator.section-1 to None, run_after=None
[2023-12-21T19:34:27.791+0000] {logging_mixin.py:188} INFO - [2023-12-21T19:34:27.790+0000] {dag.py:3820} INFO - Setting next_dagrun for example_subdag_operator.section-2 to None, run_after=None
[2023-12-21T19:34:27.844+0000] {processor.py:183} INFO - Processing /home/airflow/.local/lib/python3.8/site-packages/airflow/example_dags/example_subdag_operator.py took 0.674 seconds
