[2023-12-21T19:12:05.078+0000] {processor.py:161} INFO - Started process (PID=77) to work on /home/airflow/.local/lib/python3.8/site-packages/airflow/example_dags/example_xcomargs.py
[2023-12-21T19:12:05.079+0000] {processor.py:830} INFO - Processing file /home/airflow/.local/lib/python3.8/site-packages/airflow/example_dags/example_xcomargs.py for tasks to queue
[2023-12-21T19:12:05.083+0000] {logging_mixin.py:188} INFO - [2023-12-21T19:12:05.083+0000] {dagbag.py:538} INFO - Filling up the DagBag from /home/airflow/.local/lib/python3.8/site-packages/airflow/example_dags/example_xcomargs.py
[2023-12-21T19:12:05.098+0000] {processor.py:840} INFO - DAG(s) 'example_xcom_args_with_operators', 'example_xcom_args' retrieved from /home/airflow/.local/lib/python3.8/site-packages/airflow/example_dags/example_xcomargs.py
[2023-12-21T19:12:05.314+0000] {logging_mixin.py:188} INFO - [2023-12-21T19:12:05.314+0000] {dag.py:3033} INFO - Sync 2 DAGs
[2023-12-21T19:12:05.334+0000] {logging_mixin.py:188} INFO - [2023-12-21T19:12:05.334+0000] {dag.py:3820} INFO - Setting next_dagrun for example_xcom_args to None, run_after=None
[2023-12-21T19:12:05.339+0000] {logging_mixin.py:188} INFO - [2023-12-21T19:12:05.339+0000] {dag.py:3820} INFO - Setting next_dagrun for example_xcom_args_with_operators to None, run_after=None
[2023-12-21T19:12:05.402+0000] {processor.py:183} INFO - Processing /home/airflow/.local/lib/python3.8/site-packages/airflow/example_dags/example_xcomargs.py took 0.332 seconds
[2023-12-21T19:12:36.314+0000] {processor.py:161} INFO - Started process (PID=131) to work on /home/airflow/.local/lib/python3.8/site-packages/airflow/example_dags/example_xcomargs.py
[2023-12-21T19:12:36.323+0000] {processor.py:830} INFO - Processing file /home/airflow/.local/lib/python3.8/site-packages/airflow/example_dags/example_xcomargs.py for tasks to queue
[2023-12-21T19:12:36.336+0000] {logging_mixin.py:188} INFO - [2023-12-21T19:12:36.335+0000] {dagbag.py:538} INFO - Filling up the DagBag from /home/airflow/.local/lib/python3.8/site-packages/airflow/example_dags/example_xcomargs.py
[2023-12-21T19:12:36.358+0000] {processor.py:840} INFO - DAG(s) 'example_xcom_args', 'example_xcom_args_with_operators' retrieved from /home/airflow/.local/lib/python3.8/site-packages/airflow/example_dags/example_xcomargs.py
[2023-12-21T19:12:36.415+0000] {logging_mixin.py:188} INFO - [2023-12-21T19:12:36.415+0000] {dag.py:3033} INFO - Sync 2 DAGs
[2023-12-21T19:12:36.430+0000] {logging_mixin.py:188} INFO - [2023-12-21T19:12:36.430+0000] {dag.py:3820} INFO - Setting next_dagrun for example_xcom_args to None, run_after=None
[2023-12-21T19:12:36.434+0000] {logging_mixin.py:188} INFO - [2023-12-21T19:12:36.434+0000] {dag.py:3820} INFO - Setting next_dagrun for example_xcom_args_with_operators to None, run_after=None
[2023-12-21T19:12:36.461+0000] {processor.py:183} INFO - Processing /home/airflow/.local/lib/python3.8/site-packages/airflow/example_dags/example_xcomargs.py took 0.156 seconds
[2023-12-21T19:13:07.165+0000] {processor.py:161} INFO - Started process (PID=186) to work on /home/airflow/.local/lib/python3.8/site-packages/airflow/example_dags/example_xcomargs.py
[2023-12-21T19:13:07.166+0000] {processor.py:830} INFO - Processing file /home/airflow/.local/lib/python3.8/site-packages/airflow/example_dags/example_xcomargs.py for tasks to queue
[2023-12-21T19:13:07.172+0000] {logging_mixin.py:188} INFO - [2023-12-21T19:13:07.172+0000] {dagbag.py:538} INFO - Filling up the DagBag from /home/airflow/.local/lib/python3.8/site-packages/airflow/example_dags/example_xcomargs.py
[2023-12-21T19:13:07.195+0000] {processor.py:840} INFO - DAG(s) 'example_xcom_args', 'example_xcom_args_with_operators' retrieved from /home/airflow/.local/lib/python3.8/site-packages/airflow/example_dags/example_xcomargs.py
[2023-12-21T19:13:07.278+0000] {logging_mixin.py:188} INFO - [2023-12-21T19:13:07.277+0000] {dag.py:3033} INFO - Sync 2 DAGs
[2023-12-21T19:13:07.313+0000] {logging_mixin.py:188} INFO - [2023-12-21T19:13:07.313+0000] {dag.py:3820} INFO - Setting next_dagrun for example_xcom_args to None, run_after=None
[2023-12-21T19:13:07.328+0000] {logging_mixin.py:188} INFO - [2023-12-21T19:13:07.328+0000] {dag.py:3820} INFO - Setting next_dagrun for example_xcom_args_with_operators to None, run_after=None
[2023-12-21T19:13:07.370+0000] {processor.py:183} INFO - Processing /home/airflow/.local/lib/python3.8/site-packages/airflow/example_dags/example_xcomargs.py took 0.212 seconds
[2023-12-21T19:13:37.689+0000] {processor.py:161} INFO - Started process (PID=241) to work on /home/airflow/.local/lib/python3.8/site-packages/airflow/example_dags/example_xcomargs.py
[2023-12-21T19:13:37.698+0000] {processor.py:830} INFO - Processing file /home/airflow/.local/lib/python3.8/site-packages/airflow/example_dags/example_xcomargs.py for tasks to queue
[2023-12-21T19:13:37.702+0000] {logging_mixin.py:188} INFO - [2023-12-21T19:13:37.702+0000] {dagbag.py:538} INFO - Filling up the DagBag from /home/airflow/.local/lib/python3.8/site-packages/airflow/example_dags/example_xcomargs.py
[2023-12-21T19:13:37.717+0000] {processor.py:840} INFO - DAG(s) 'example_xcom_args', 'example_xcom_args_with_operators' retrieved from /home/airflow/.local/lib/python3.8/site-packages/airflow/example_dags/example_xcomargs.py
[2023-12-21T19:13:37.748+0000] {logging_mixin.py:188} INFO - [2023-12-21T19:13:37.748+0000] {dag.py:3033} INFO - Sync 2 DAGs
[2023-12-21T19:13:37.764+0000] {logging_mixin.py:188} INFO - [2023-12-21T19:13:37.764+0000] {dag.py:3820} INFO - Setting next_dagrun for example_xcom_args to None, run_after=None
[2023-12-21T19:13:37.769+0000] {logging_mixin.py:188} INFO - [2023-12-21T19:13:37.768+0000] {dag.py:3820} INFO - Setting next_dagrun for example_xcom_args_with_operators to None, run_after=None
[2023-12-21T19:13:37.796+0000] {processor.py:183} INFO - Processing /home/airflow/.local/lib/python3.8/site-packages/airflow/example_dags/example_xcomargs.py took 0.113 seconds
[2023-12-21T19:18:20.232+0000] {processor.py:161} INFO - Started process (PID=83) to work on /home/airflow/.local/lib/python3.8/site-packages/airflow/example_dags/example_xcomargs.py
[2023-12-21T19:18:20.242+0000] {processor.py:830} INFO - Processing file /home/airflow/.local/lib/python3.8/site-packages/airflow/example_dags/example_xcomargs.py for tasks to queue
[2023-12-21T19:18:20.246+0000] {logging_mixin.py:188} INFO - [2023-12-21T19:18:20.246+0000] {dagbag.py:538} INFO - Filling up the DagBag from /home/airflow/.local/lib/python3.8/site-packages/airflow/example_dags/example_xcomargs.py
[2023-12-21T19:18:20.277+0000] {processor.py:840} INFO - DAG(s) 'example_xcom_args_with_operators', 'example_xcom_args' retrieved from /home/airflow/.local/lib/python3.8/site-packages/airflow/example_dags/example_xcomargs.py
[2023-12-21T19:18:20.538+0000] {logging_mixin.py:188} INFO - [2023-12-21T19:18:20.538+0000] {dag.py:3033} INFO - Sync 2 DAGs
[2023-12-21T19:18:20.563+0000] {logging_mixin.py:188} INFO - [2023-12-21T19:18:20.562+0000] {dag.py:3820} INFO - Setting next_dagrun for example_xcom_args to None, run_after=None
[2023-12-21T19:18:20.570+0000] {logging_mixin.py:188} INFO - [2023-12-21T19:18:20.569+0000] {dag.py:3820} INFO - Setting next_dagrun for example_xcom_args_with_operators to None, run_after=None
[2023-12-21T19:18:20.657+0000] {processor.py:183} INFO - Processing /home/airflow/.local/lib/python3.8/site-packages/airflow/example_dags/example_xcomargs.py took 0.432 seconds
[2023-12-21T19:18:51.376+0000] {processor.py:161} INFO - Started process (PID=139) to work on /home/airflow/.local/lib/python3.8/site-packages/airflow/example_dags/example_xcomargs.py
[2023-12-21T19:18:51.377+0000] {processor.py:830} INFO - Processing file /home/airflow/.local/lib/python3.8/site-packages/airflow/example_dags/example_xcomargs.py for tasks to queue
[2023-12-21T19:18:51.381+0000] {logging_mixin.py:188} INFO - [2023-12-21T19:18:51.380+0000] {dagbag.py:538} INFO - Filling up the DagBag from /home/airflow/.local/lib/python3.8/site-packages/airflow/example_dags/example_xcomargs.py
[2023-12-21T19:18:51.399+0000] {processor.py:840} INFO - DAG(s) 'example_xcom_args_with_operators', 'example_xcom_args' retrieved from /home/airflow/.local/lib/python3.8/site-packages/airflow/example_dags/example_xcomargs.py
[2023-12-21T19:18:51.440+0000] {logging_mixin.py:188} INFO - [2023-12-21T19:18:51.440+0000] {dag.py:3033} INFO - Sync 2 DAGs
[2023-12-21T19:18:51.459+0000] {logging_mixin.py:188} INFO - [2023-12-21T19:18:51.459+0000] {dag.py:3820} INFO - Setting next_dagrun for example_xcom_args to None, run_after=None
[2023-12-21T19:18:51.464+0000] {logging_mixin.py:188} INFO - [2023-12-21T19:18:51.463+0000] {dag.py:3820} INFO - Setting next_dagrun for example_xcom_args_with_operators to None, run_after=None
[2023-12-21T19:18:51.497+0000] {processor.py:183} INFO - Processing /home/airflow/.local/lib/python3.8/site-packages/airflow/example_dags/example_xcomargs.py took 0.127 seconds
[2023-12-21T19:19:21.801+0000] {processor.py:161} INFO - Started process (PID=194) to work on /home/airflow/.local/lib/python3.8/site-packages/airflow/example_dags/example_xcomargs.py
[2023-12-21T19:19:21.803+0000] {processor.py:830} INFO - Processing file /home/airflow/.local/lib/python3.8/site-packages/airflow/example_dags/example_xcomargs.py for tasks to queue
[2023-12-21T19:19:21.806+0000] {logging_mixin.py:188} INFO - [2023-12-21T19:19:21.805+0000] {dagbag.py:538} INFO - Filling up the DagBag from /home/airflow/.local/lib/python3.8/site-packages/airflow/example_dags/example_xcomargs.py
[2023-12-21T19:19:21.814+0000] {processor.py:840} INFO - DAG(s) 'example_xcom_args', 'example_xcom_args_with_operators' retrieved from /home/airflow/.local/lib/python3.8/site-packages/airflow/example_dags/example_xcomargs.py
[2023-12-21T19:19:21.843+0000] {logging_mixin.py:188} INFO - [2023-12-21T19:19:21.843+0000] {dag.py:3033} INFO - Sync 2 DAGs
[2023-12-21T19:19:21.857+0000] {logging_mixin.py:188} INFO - [2023-12-21T19:19:21.857+0000] {dag.py:3820} INFO - Setting next_dagrun for example_xcom_args to None, run_after=None
[2023-12-21T19:19:21.861+0000] {logging_mixin.py:188} INFO - [2023-12-21T19:19:21.861+0000] {dag.py:3820} INFO - Setting next_dagrun for example_xcom_args_with_operators to None, run_after=None
[2023-12-21T19:19:21.891+0000] {processor.py:183} INFO - Processing /home/airflow/.local/lib/python3.8/site-packages/airflow/example_dags/example_xcomargs.py took 0.094 seconds
[2023-12-21T19:19:52.093+0000] {processor.py:161} INFO - Started process (PID=249) to work on /home/airflow/.local/lib/python3.8/site-packages/airflow/example_dags/example_xcomargs.py
[2023-12-21T19:19:52.094+0000] {processor.py:830} INFO - Processing file /home/airflow/.local/lib/python3.8/site-packages/airflow/example_dags/example_xcomargs.py for tasks to queue
[2023-12-21T19:19:52.097+0000] {logging_mixin.py:188} INFO - [2023-12-21T19:19:52.096+0000] {dagbag.py:538} INFO - Filling up the DagBag from /home/airflow/.local/lib/python3.8/site-packages/airflow/example_dags/example_xcomargs.py
[2023-12-21T19:19:52.107+0000] {processor.py:840} INFO - DAG(s) 'example_xcom_args', 'example_xcom_args_with_operators' retrieved from /home/airflow/.local/lib/python3.8/site-packages/airflow/example_dags/example_xcomargs.py
[2023-12-21T19:19:52.140+0000] {logging_mixin.py:188} INFO - [2023-12-21T19:19:52.139+0000] {dag.py:3033} INFO - Sync 2 DAGs
[2023-12-21T19:19:52.158+0000] {logging_mixin.py:188} INFO - [2023-12-21T19:19:52.158+0000] {dag.py:3820} INFO - Setting next_dagrun for example_xcom_args to None, run_after=None
[2023-12-21T19:19:52.162+0000] {logging_mixin.py:188} INFO - [2023-12-21T19:19:52.162+0000] {dag.py:3820} INFO - Setting next_dagrun for example_xcom_args_with_operators to None, run_after=None
[2023-12-21T19:19:52.180+0000] {processor.py:183} INFO - Processing /home/airflow/.local/lib/python3.8/site-packages/airflow/example_dags/example_xcomargs.py took 0.091 seconds
[2023-12-21T19:20:22.742+0000] {processor.py:161} INFO - Started process (PID=304) to work on /home/airflow/.local/lib/python3.8/site-packages/airflow/example_dags/example_xcomargs.py
[2023-12-21T19:20:22.743+0000] {processor.py:830} INFO - Processing file /home/airflow/.local/lib/python3.8/site-packages/airflow/example_dags/example_xcomargs.py for tasks to queue
[2023-12-21T19:20:22.746+0000] {logging_mixin.py:188} INFO - [2023-12-21T19:20:22.746+0000] {dagbag.py:538} INFO - Filling up the DagBag from /home/airflow/.local/lib/python3.8/site-packages/airflow/example_dags/example_xcomargs.py
[2023-12-21T19:20:22.755+0000] {processor.py:840} INFO - DAG(s) 'example_xcom_args', 'example_xcom_args_with_operators' retrieved from /home/airflow/.local/lib/python3.8/site-packages/airflow/example_dags/example_xcomargs.py
[2023-12-21T19:20:22.789+0000] {logging_mixin.py:188} INFO - [2023-12-21T19:20:22.789+0000] {dag.py:3033} INFO - Sync 2 DAGs
[2023-12-21T19:20:22.804+0000] {logging_mixin.py:188} INFO - [2023-12-21T19:20:22.804+0000] {dag.py:3820} INFO - Setting next_dagrun for example_xcom_args to None, run_after=None
[2023-12-21T19:20:22.808+0000] {logging_mixin.py:188} INFO - [2023-12-21T19:20:22.808+0000] {dag.py:3820} INFO - Setting next_dagrun for example_xcom_args_with_operators to None, run_after=None
[2023-12-21T19:20:22.826+0000] {processor.py:183} INFO - Processing /home/airflow/.local/lib/python3.8/site-packages/airflow/example_dags/example_xcomargs.py took 0.088 seconds
[2023-12-21T19:20:53.687+0000] {processor.py:161} INFO - Started process (PID=359) to work on /home/airflow/.local/lib/python3.8/site-packages/airflow/example_dags/example_xcomargs.py
[2023-12-21T19:20:53.688+0000] {processor.py:830} INFO - Processing file /home/airflow/.local/lib/python3.8/site-packages/airflow/example_dags/example_xcomargs.py for tasks to queue
[2023-12-21T19:20:53.691+0000] {logging_mixin.py:188} INFO - [2023-12-21T19:20:53.690+0000] {dagbag.py:538} INFO - Filling up the DagBag from /home/airflow/.local/lib/python3.8/site-packages/airflow/example_dags/example_xcomargs.py
[2023-12-21T19:20:53.706+0000] {processor.py:840} INFO - DAG(s) 'example_xcom_args_with_operators', 'example_xcom_args' retrieved from /home/airflow/.local/lib/python3.8/site-packages/airflow/example_dags/example_xcomargs.py
[2023-12-21T19:20:53.741+0000] {logging_mixin.py:188} INFO - [2023-12-21T19:20:53.741+0000] {dag.py:3033} INFO - Sync 2 DAGs
[2023-12-21T19:20:53.763+0000] {logging_mixin.py:188} INFO - [2023-12-21T19:20:53.763+0000] {dag.py:3820} INFO - Setting next_dagrun for example_xcom_args to None, run_after=None
[2023-12-21T19:20:53.771+0000] {logging_mixin.py:188} INFO - [2023-12-21T19:20:53.771+0000] {dag.py:3820} INFO - Setting next_dagrun for example_xcom_args_with_operators to None, run_after=None
[2023-12-21T19:20:53.799+0000] {processor.py:183} INFO - Processing /home/airflow/.local/lib/python3.8/site-packages/airflow/example_dags/example_xcomargs.py took 0.117 seconds
[2023-12-21T19:21:24.413+0000] {processor.py:161} INFO - Started process (PID=414) to work on /home/airflow/.local/lib/python3.8/site-packages/airflow/example_dags/example_xcomargs.py
[2023-12-21T19:21:24.416+0000] {processor.py:830} INFO - Processing file /home/airflow/.local/lib/python3.8/site-packages/airflow/example_dags/example_xcomargs.py for tasks to queue
[2023-12-21T19:21:24.420+0000] {logging_mixin.py:188} INFO - [2023-12-21T19:21:24.419+0000] {dagbag.py:538} INFO - Filling up the DagBag from /home/airflow/.local/lib/python3.8/site-packages/airflow/example_dags/example_xcomargs.py
[2023-12-21T19:21:24.430+0000] {processor.py:840} INFO - DAG(s) 'example_xcom_args_with_operators', 'example_xcom_args' retrieved from /home/airflow/.local/lib/python3.8/site-packages/airflow/example_dags/example_xcomargs.py
[2023-12-21T19:21:24.494+0000] {logging_mixin.py:188} INFO - [2023-12-21T19:21:24.493+0000] {dag.py:3033} INFO - Sync 2 DAGs
[2023-12-21T19:21:24.536+0000] {logging_mixin.py:188} INFO - [2023-12-21T19:21:24.536+0000] {dag.py:3820} INFO - Setting next_dagrun for example_xcom_args to None, run_after=None
[2023-12-21T19:21:24.549+0000] {logging_mixin.py:188} INFO - [2023-12-21T19:21:24.546+0000] {dag.py:3820} INFO - Setting next_dagrun for example_xcom_args_with_operators to None, run_after=None
[2023-12-21T19:21:24.619+0000] {processor.py:183} INFO - Processing /home/airflow/.local/lib/python3.8/site-packages/airflow/example_dags/example_xcomargs.py took 0.210 seconds
[2023-12-21T19:21:55.226+0000] {processor.py:161} INFO - Started process (PID=469) to work on /home/airflow/.local/lib/python3.8/site-packages/airflow/example_dags/example_xcomargs.py
[2023-12-21T19:21:55.228+0000] {processor.py:830} INFO - Processing file /home/airflow/.local/lib/python3.8/site-packages/airflow/example_dags/example_xcomargs.py for tasks to queue
[2023-12-21T19:21:55.231+0000] {logging_mixin.py:188} INFO - [2023-12-21T19:21:55.230+0000] {dagbag.py:538} INFO - Filling up the DagBag from /home/airflow/.local/lib/python3.8/site-packages/airflow/example_dags/example_xcomargs.py
[2023-12-21T19:21:55.244+0000] {processor.py:840} INFO - DAG(s) 'example_xcom_args_with_operators', 'example_xcom_args' retrieved from /home/airflow/.local/lib/python3.8/site-packages/airflow/example_dags/example_xcomargs.py
[2023-12-21T19:21:55.287+0000] {logging_mixin.py:188} INFO - [2023-12-21T19:21:55.287+0000] {dag.py:3033} INFO - Sync 2 DAGs
[2023-12-21T19:21:55.311+0000] {logging_mixin.py:188} INFO - [2023-12-21T19:21:55.311+0000] {dag.py:3820} INFO - Setting next_dagrun for example_xcom_args to None, run_after=None
[2023-12-21T19:21:55.318+0000] {logging_mixin.py:188} INFO - [2023-12-21T19:21:55.318+0000] {dag.py:3820} INFO - Setting next_dagrun for example_xcom_args_with_operators to None, run_after=None
[2023-12-21T19:21:55.366+0000] {processor.py:183} INFO - Processing /home/airflow/.local/lib/python3.8/site-packages/airflow/example_dags/example_xcomargs.py took 0.146 seconds
[2023-12-21T19:22:25.705+0000] {processor.py:161} INFO - Started process (PID=524) to work on /home/airflow/.local/lib/python3.8/site-packages/airflow/example_dags/example_xcomargs.py
[2023-12-21T19:22:25.707+0000] {processor.py:830} INFO - Processing file /home/airflow/.local/lib/python3.8/site-packages/airflow/example_dags/example_xcomargs.py for tasks to queue
[2023-12-21T19:22:25.711+0000] {logging_mixin.py:188} INFO - [2023-12-21T19:22:25.711+0000] {dagbag.py:538} INFO - Filling up the DagBag from /home/airflow/.local/lib/python3.8/site-packages/airflow/example_dags/example_xcomargs.py
[2023-12-21T19:22:25.726+0000] {processor.py:840} INFO - DAG(s) 'example_xcom_args', 'example_xcom_args_with_operators' retrieved from /home/airflow/.local/lib/python3.8/site-packages/airflow/example_dags/example_xcomargs.py
[2023-12-21T19:22:25.792+0000] {logging_mixin.py:188} INFO - [2023-12-21T19:22:25.791+0000] {dag.py:3033} INFO - Sync 2 DAGs
[2023-12-21T19:22:25.819+0000] {logging_mixin.py:188} INFO - [2023-12-21T19:22:25.819+0000] {dag.py:3820} INFO - Setting next_dagrun for example_xcom_args to None, run_after=None
[2023-12-21T19:22:25.828+0000] {logging_mixin.py:188} INFO - [2023-12-21T19:22:25.828+0000] {dag.py:3820} INFO - Setting next_dagrun for example_xcom_args_with_operators to None, run_after=None
[2023-12-21T19:22:25.872+0000] {processor.py:183} INFO - Processing /home/airflow/.local/lib/python3.8/site-packages/airflow/example_dags/example_xcomargs.py took 0.173 seconds
[2023-12-21T19:22:56.179+0000] {processor.py:161} INFO - Started process (PID=579) to work on /home/airflow/.local/lib/python3.8/site-packages/airflow/example_dags/example_xcomargs.py
[2023-12-21T19:22:56.181+0000] {processor.py:830} INFO - Processing file /home/airflow/.local/lib/python3.8/site-packages/airflow/example_dags/example_xcomargs.py for tasks to queue
[2023-12-21T19:22:56.186+0000] {logging_mixin.py:188} INFO - [2023-12-21T19:22:56.185+0000] {dagbag.py:538} INFO - Filling up the DagBag from /home/airflow/.local/lib/python3.8/site-packages/airflow/example_dags/example_xcomargs.py
[2023-12-21T19:22:56.196+0000] {processor.py:840} INFO - DAG(s) 'example_xcom_args', 'example_xcom_args_with_operators' retrieved from /home/airflow/.local/lib/python3.8/site-packages/airflow/example_dags/example_xcomargs.py
[2023-12-21T19:22:56.233+0000] {logging_mixin.py:188} INFO - [2023-12-21T19:22:56.233+0000] {dag.py:3033} INFO - Sync 2 DAGs
[2023-12-21T19:22:56.251+0000] {logging_mixin.py:188} INFO - [2023-12-21T19:22:56.250+0000] {dag.py:3820} INFO - Setting next_dagrun for example_xcom_args to None, run_after=None
[2023-12-21T19:22:56.260+0000] {logging_mixin.py:188} INFO - [2023-12-21T19:22:56.259+0000] {dag.py:3820} INFO - Setting next_dagrun for example_xcom_args_with_operators to None, run_after=None
[2023-12-21T19:22:56.287+0000] {processor.py:183} INFO - Processing /home/airflow/.local/lib/python3.8/site-packages/airflow/example_dags/example_xcomargs.py took 0.113 seconds
[2023-12-21T19:23:26.374+0000] {processor.py:161} INFO - Started process (PID=633) to work on /home/airflow/.local/lib/python3.8/site-packages/airflow/example_dags/example_xcomargs.py
[2023-12-21T19:23:26.375+0000] {processor.py:830} INFO - Processing file /home/airflow/.local/lib/python3.8/site-packages/airflow/example_dags/example_xcomargs.py for tasks to queue
[2023-12-21T19:23:26.381+0000] {logging_mixin.py:188} INFO - [2023-12-21T19:23:26.380+0000] {dagbag.py:538} INFO - Filling up the DagBag from /home/airflow/.local/lib/python3.8/site-packages/airflow/example_dags/example_xcomargs.py
[2023-12-21T19:23:26.392+0000] {processor.py:840} INFO - DAG(s) 'example_xcom_args_with_operators', 'example_xcom_args' retrieved from /home/airflow/.local/lib/python3.8/site-packages/airflow/example_dags/example_xcomargs.py
[2023-12-21T19:23:26.432+0000] {logging_mixin.py:188} INFO - [2023-12-21T19:23:26.432+0000] {dag.py:3033} INFO - Sync 2 DAGs
[2023-12-21T19:23:26.455+0000] {logging_mixin.py:188} INFO - [2023-12-21T19:23:26.454+0000] {dag.py:3820} INFO - Setting next_dagrun for example_xcom_args to None, run_after=None
[2023-12-21T19:23:26.460+0000] {logging_mixin.py:188} INFO - [2023-12-21T19:23:26.459+0000] {dag.py:3820} INFO - Setting next_dagrun for example_xcom_args_with_operators to None, run_after=None
[2023-12-21T19:23:26.486+0000] {processor.py:183} INFO - Processing /home/airflow/.local/lib/python3.8/site-packages/airflow/example_dags/example_xcomargs.py took 0.119 seconds
[2023-12-21T19:23:57.208+0000] {processor.py:161} INFO - Started process (PID=687) to work on /home/airflow/.local/lib/python3.8/site-packages/airflow/example_dags/example_xcomargs.py
[2023-12-21T19:23:57.209+0000] {processor.py:830} INFO - Processing file /home/airflow/.local/lib/python3.8/site-packages/airflow/example_dags/example_xcomargs.py for tasks to queue
[2023-12-21T19:23:57.213+0000] {logging_mixin.py:188} INFO - [2023-12-21T19:23:57.212+0000] {dagbag.py:538} INFO - Filling up the DagBag from /home/airflow/.local/lib/python3.8/site-packages/airflow/example_dags/example_xcomargs.py
[2023-12-21T19:23:57.236+0000] {processor.py:840} INFO - DAG(s) 'example_xcom_args', 'example_xcom_args_with_operators' retrieved from /home/airflow/.local/lib/python3.8/site-packages/airflow/example_dags/example_xcomargs.py
[2023-12-21T19:23:57.281+0000] {logging_mixin.py:188} INFO - [2023-12-21T19:23:57.280+0000] {dag.py:3033} INFO - Sync 2 DAGs
[2023-12-21T19:23:57.307+0000] {logging_mixin.py:188} INFO - [2023-12-21T19:23:57.307+0000] {dag.py:3820} INFO - Setting next_dagrun for example_xcom_args to None, run_after=None
[2023-12-21T19:23:57.313+0000] {logging_mixin.py:188} INFO - [2023-12-21T19:23:57.313+0000] {dag.py:3820} INFO - Setting next_dagrun for example_xcom_args_with_operators to None, run_after=None
[2023-12-21T19:23:57.344+0000] {processor.py:183} INFO - Processing /home/airflow/.local/lib/python3.8/site-packages/airflow/example_dags/example_xcomargs.py took 0.143 seconds
[2023-12-21T19:24:28.225+0000] {processor.py:161} INFO - Started process (PID=742) to work on /home/airflow/.local/lib/python3.8/site-packages/airflow/example_dags/example_xcomargs.py
[2023-12-21T19:24:28.227+0000] {processor.py:830} INFO - Processing file /home/airflow/.local/lib/python3.8/site-packages/airflow/example_dags/example_xcomargs.py for tasks to queue
[2023-12-21T19:24:28.233+0000] {logging_mixin.py:188} INFO - [2023-12-21T19:24:28.232+0000] {dagbag.py:538} INFO - Filling up the DagBag from /home/airflow/.local/lib/python3.8/site-packages/airflow/example_dags/example_xcomargs.py
[2023-12-21T19:24:28.244+0000] {processor.py:840} INFO - DAG(s) 'example_xcom_args_with_operators', 'example_xcom_args' retrieved from /home/airflow/.local/lib/python3.8/site-packages/airflow/example_dags/example_xcomargs.py
[2023-12-21T19:24:28.285+0000] {logging_mixin.py:188} INFO - [2023-12-21T19:24:28.285+0000] {dag.py:3033} INFO - Sync 2 DAGs
[2023-12-21T19:24:28.305+0000] {logging_mixin.py:188} INFO - [2023-12-21T19:24:28.305+0000] {dag.py:3820} INFO - Setting next_dagrun for example_xcom_args to None, run_after=None
[2023-12-21T19:24:28.312+0000] {logging_mixin.py:188} INFO - [2023-12-21T19:24:28.311+0000] {dag.py:3820} INFO - Setting next_dagrun for example_xcom_args_with_operators to None, run_after=None
[2023-12-21T19:24:28.346+0000] {processor.py:183} INFO - Processing /home/airflow/.local/lib/python3.8/site-packages/airflow/example_dags/example_xcomargs.py took 0.125 seconds
[2023-12-21T19:24:58.873+0000] {processor.py:161} INFO - Started process (PID=797) to work on /home/airflow/.local/lib/python3.8/site-packages/airflow/example_dags/example_xcomargs.py
[2023-12-21T19:24:58.875+0000] {processor.py:830} INFO - Processing file /home/airflow/.local/lib/python3.8/site-packages/airflow/example_dags/example_xcomargs.py for tasks to queue
[2023-12-21T19:24:58.881+0000] {logging_mixin.py:188} INFO - [2023-12-21T19:24:58.878+0000] {dagbag.py:538} INFO - Filling up the DagBag from /home/airflow/.local/lib/python3.8/site-packages/airflow/example_dags/example_xcomargs.py
[2023-12-21T19:24:58.898+0000] {processor.py:840} INFO - DAG(s) 'example_xcom_args', 'example_xcom_args_with_operators' retrieved from /home/airflow/.local/lib/python3.8/site-packages/airflow/example_dags/example_xcomargs.py
[2023-12-21T19:24:58.941+0000] {logging_mixin.py:188} INFO - [2023-12-21T19:24:58.941+0000] {dag.py:3033} INFO - Sync 2 DAGs
[2023-12-21T19:24:58.967+0000] {logging_mixin.py:188} INFO - [2023-12-21T19:24:58.967+0000] {dag.py:3820} INFO - Setting next_dagrun for example_xcom_args to None, run_after=None
[2023-12-21T19:24:58.976+0000] {logging_mixin.py:188} INFO - [2023-12-21T19:24:58.975+0000] {dag.py:3820} INFO - Setting next_dagrun for example_xcom_args_with_operators to None, run_after=None
[2023-12-21T19:24:59.010+0000] {processor.py:183} INFO - Processing /home/airflow/.local/lib/python3.8/site-packages/airflow/example_dags/example_xcomargs.py took 0.144 seconds
[2023-12-21T19:25:29.542+0000] {processor.py:161} INFO - Started process (PID=852) to work on /home/airflow/.local/lib/python3.8/site-packages/airflow/example_dags/example_xcomargs.py
[2023-12-21T19:25:29.543+0000] {processor.py:830} INFO - Processing file /home/airflow/.local/lib/python3.8/site-packages/airflow/example_dags/example_xcomargs.py for tasks to queue
[2023-12-21T19:25:29.548+0000] {logging_mixin.py:188} INFO - [2023-12-21T19:25:29.547+0000] {dagbag.py:538} INFO - Filling up the DagBag from /home/airflow/.local/lib/python3.8/site-packages/airflow/example_dags/example_xcomargs.py
[2023-12-21T19:25:29.559+0000] {processor.py:840} INFO - DAG(s) 'example_xcom_args', 'example_xcom_args_with_operators' retrieved from /home/airflow/.local/lib/python3.8/site-packages/airflow/example_dags/example_xcomargs.py
[2023-12-21T19:25:29.605+0000] {logging_mixin.py:188} INFO - [2023-12-21T19:25:29.604+0000] {dag.py:3033} INFO - Sync 2 DAGs
[2023-12-21T19:25:29.630+0000] {logging_mixin.py:188} INFO - [2023-12-21T19:25:29.629+0000] {dag.py:3820} INFO - Setting next_dagrun for example_xcom_args to None, run_after=None
[2023-12-21T19:25:29.642+0000] {logging_mixin.py:188} INFO - [2023-12-21T19:25:29.642+0000] {dag.py:3820} INFO - Setting next_dagrun for example_xcom_args_with_operators to None, run_after=None
[2023-12-21T19:25:29.676+0000] {processor.py:183} INFO - Processing /home/airflow/.local/lib/python3.8/site-packages/airflow/example_dags/example_xcomargs.py took 0.140 seconds
[2023-12-21T19:26:00.195+0000] {processor.py:161} INFO - Started process (PID=906) to work on /home/airflow/.local/lib/python3.8/site-packages/airflow/example_dags/example_xcomargs.py
[2023-12-21T19:26:00.201+0000] {processor.py:830} INFO - Processing file /home/airflow/.local/lib/python3.8/site-packages/airflow/example_dags/example_xcomargs.py for tasks to queue
[2023-12-21T19:26:00.207+0000] {logging_mixin.py:188} INFO - [2023-12-21T19:26:00.207+0000] {dagbag.py:538} INFO - Filling up the DagBag from /home/airflow/.local/lib/python3.8/site-packages/airflow/example_dags/example_xcomargs.py
[2023-12-21T19:26:00.229+0000] {processor.py:840} INFO - DAG(s) 'example_xcom_args_with_operators', 'example_xcom_args' retrieved from /home/airflow/.local/lib/python3.8/site-packages/airflow/example_dags/example_xcomargs.py
[2023-12-21T19:26:00.289+0000] {logging_mixin.py:188} INFO - [2023-12-21T19:26:00.288+0000] {dag.py:3033} INFO - Sync 2 DAGs
[2023-12-21T19:26:00.320+0000] {logging_mixin.py:188} INFO - [2023-12-21T19:26:00.320+0000] {dag.py:3820} INFO - Setting next_dagrun for example_xcom_args to None, run_after=None
[2023-12-21T19:26:00.324+0000] {logging_mixin.py:188} INFO - [2023-12-21T19:26:00.324+0000] {dag.py:3820} INFO - Setting next_dagrun for example_xcom_args_with_operators to None, run_after=None
[2023-12-21T19:26:00.350+0000] {processor.py:183} INFO - Processing /home/airflow/.local/lib/python3.8/site-packages/airflow/example_dags/example_xcomargs.py took 0.164 seconds
[2023-12-21T19:26:31.218+0000] {processor.py:161} INFO - Started process (PID=961) to work on /home/airflow/.local/lib/python3.8/site-packages/airflow/example_dags/example_xcomargs.py
[2023-12-21T19:26:31.227+0000] {processor.py:830} INFO - Processing file /home/airflow/.local/lib/python3.8/site-packages/airflow/example_dags/example_xcomargs.py for tasks to queue
[2023-12-21T19:26:31.232+0000] {logging_mixin.py:188} INFO - [2023-12-21T19:26:31.231+0000] {dagbag.py:538} INFO - Filling up the DagBag from /home/airflow/.local/lib/python3.8/site-packages/airflow/example_dags/example_xcomargs.py
[2023-12-21T19:26:31.246+0000] {processor.py:840} INFO - DAG(s) 'example_xcom_args_with_operators', 'example_xcom_args' retrieved from /home/airflow/.local/lib/python3.8/site-packages/airflow/example_dags/example_xcomargs.py
[2023-12-21T19:26:31.295+0000] {logging_mixin.py:188} INFO - [2023-12-21T19:26:31.294+0000] {dag.py:3033} INFO - Sync 2 DAGs
[2023-12-21T19:26:31.318+0000] {logging_mixin.py:188} INFO - [2023-12-21T19:26:31.317+0000] {dag.py:3820} INFO - Setting next_dagrun for example_xcom_args to None, run_after=None
[2023-12-21T19:26:31.326+0000] {logging_mixin.py:188} INFO - [2023-12-21T19:26:31.326+0000] {dag.py:3820} INFO - Setting next_dagrun for example_xcom_args_with_operators to None, run_after=None
[2023-12-21T19:26:31.375+0000] {processor.py:183} INFO - Processing /home/airflow/.local/lib/python3.8/site-packages/airflow/example_dags/example_xcomargs.py took 0.164 seconds
[2023-12-21T19:27:01.862+0000] {processor.py:161} INFO - Started process (PID=1016) to work on /home/airflow/.local/lib/python3.8/site-packages/airflow/example_dags/example_xcomargs.py
[2023-12-21T19:27:01.872+0000] {processor.py:830} INFO - Processing file /home/airflow/.local/lib/python3.8/site-packages/airflow/example_dags/example_xcomargs.py for tasks to queue
[2023-12-21T19:27:01.882+0000] {logging_mixin.py:188} INFO - [2023-12-21T19:27:01.881+0000] {dagbag.py:538} INFO - Filling up the DagBag from /home/airflow/.local/lib/python3.8/site-packages/airflow/example_dags/example_xcomargs.py
[2023-12-21T19:27:01.914+0000] {processor.py:840} INFO - DAG(s) 'example_xcom_args', 'example_xcom_args_with_operators' retrieved from /home/airflow/.local/lib/python3.8/site-packages/airflow/example_dags/example_xcomargs.py
[2023-12-21T19:27:01.964+0000] {logging_mixin.py:188} INFO - [2023-12-21T19:27:01.963+0000] {dag.py:3033} INFO - Sync 2 DAGs
[2023-12-21T19:27:01.993+0000] {logging_mixin.py:188} INFO - [2023-12-21T19:27:01.993+0000] {dag.py:3820} INFO - Setting next_dagrun for example_xcom_args to None, run_after=None
[2023-12-21T19:27:02.003+0000] {logging_mixin.py:188} INFO - [2023-12-21T19:27:02.003+0000] {dag.py:3820} INFO - Setting next_dagrun for example_xcom_args_with_operators to None, run_after=None
[2023-12-21T19:27:02.042+0000] {processor.py:183} INFO - Processing /home/airflow/.local/lib/python3.8/site-packages/airflow/example_dags/example_xcomargs.py took 0.195 seconds
[2023-12-21T19:27:32.274+0000] {processor.py:161} INFO - Started process (PID=1070) to work on /home/airflow/.local/lib/python3.8/site-packages/airflow/example_dags/example_xcomargs.py
[2023-12-21T19:27:32.283+0000] {processor.py:830} INFO - Processing file /home/airflow/.local/lib/python3.8/site-packages/airflow/example_dags/example_xcomargs.py for tasks to queue
[2023-12-21T19:27:32.291+0000] {logging_mixin.py:188} INFO - [2023-12-21T19:27:32.290+0000] {dagbag.py:538} INFO - Filling up the DagBag from /home/airflow/.local/lib/python3.8/site-packages/airflow/example_dags/example_xcomargs.py
[2023-12-21T19:27:32.314+0000] {processor.py:840} INFO - DAG(s) 'example_xcom_args', 'example_xcom_args_with_operators' retrieved from /home/airflow/.local/lib/python3.8/site-packages/airflow/example_dags/example_xcomargs.py
[2023-12-21T19:27:32.366+0000] {logging_mixin.py:188} INFO - [2023-12-21T19:27:32.366+0000] {dag.py:3033} INFO - Sync 2 DAGs
[2023-12-21T19:27:32.394+0000] {logging_mixin.py:188} INFO - [2023-12-21T19:27:32.394+0000] {dag.py:3820} INFO - Setting next_dagrun for example_xcom_args to None, run_after=None
[2023-12-21T19:27:32.399+0000] {logging_mixin.py:188} INFO - [2023-12-21T19:27:32.399+0000] {dag.py:3820} INFO - Setting next_dagrun for example_xcom_args_with_operators to None, run_after=None
[2023-12-21T19:27:32.443+0000] {processor.py:183} INFO - Processing /home/airflow/.local/lib/python3.8/site-packages/airflow/example_dags/example_xcomargs.py took 0.179 seconds
[2023-12-21T19:28:02.760+0000] {processor.py:161} INFO - Started process (PID=1126) to work on /home/airflow/.local/lib/python3.8/site-packages/airflow/example_dags/example_xcomargs.py
[2023-12-21T19:28:02.770+0000] {processor.py:830} INFO - Processing file /home/airflow/.local/lib/python3.8/site-packages/airflow/example_dags/example_xcomargs.py for tasks to queue
[2023-12-21T19:28:02.775+0000] {logging_mixin.py:188} INFO - [2023-12-21T19:28:02.774+0000] {dagbag.py:538} INFO - Filling up the DagBag from /home/airflow/.local/lib/python3.8/site-packages/airflow/example_dags/example_xcomargs.py
[2023-12-21T19:28:02.809+0000] {processor.py:840} INFO - DAG(s) 'example_xcom_args_with_operators', 'example_xcom_args' retrieved from /home/airflow/.local/lib/python3.8/site-packages/airflow/example_dags/example_xcomargs.py
[2023-12-21T19:28:02.862+0000] {logging_mixin.py:188} INFO - [2023-12-21T19:28:02.862+0000] {dag.py:3033} INFO - Sync 2 DAGs
[2023-12-21T19:28:02.887+0000] {logging_mixin.py:188} INFO - [2023-12-21T19:28:02.886+0000] {dag.py:3820} INFO - Setting next_dagrun for example_xcom_args to None, run_after=None
[2023-12-21T19:28:02.895+0000] {logging_mixin.py:188} INFO - [2023-12-21T19:28:02.894+0000] {dag.py:3820} INFO - Setting next_dagrun for example_xcom_args_with_operators to None, run_after=None
[2023-12-21T19:28:02.938+0000] {processor.py:183} INFO - Processing /home/airflow/.local/lib/python3.8/site-packages/airflow/example_dags/example_xcomargs.py took 0.190 seconds
[2023-12-21T19:28:33.534+0000] {processor.py:161} INFO - Started process (PID=1180) to work on /home/airflow/.local/lib/python3.8/site-packages/airflow/example_dags/example_xcomargs.py
[2023-12-21T19:28:33.544+0000] {processor.py:830} INFO - Processing file /home/airflow/.local/lib/python3.8/site-packages/airflow/example_dags/example_xcomargs.py for tasks to queue
[2023-12-21T19:28:33.554+0000] {logging_mixin.py:188} INFO - [2023-12-21T19:28:33.553+0000] {dagbag.py:538} INFO - Filling up the DagBag from /home/airflow/.local/lib/python3.8/site-packages/airflow/example_dags/example_xcomargs.py
[2023-12-21T19:28:33.572+0000] {processor.py:840} INFO - DAG(s) 'example_xcom_args_with_operators', 'example_xcom_args' retrieved from /home/airflow/.local/lib/python3.8/site-packages/airflow/example_dags/example_xcomargs.py
[2023-12-21T19:28:33.626+0000] {logging_mixin.py:188} INFO - [2023-12-21T19:28:33.626+0000] {dag.py:3033} INFO - Sync 2 DAGs
[2023-12-21T19:28:33.654+0000] {logging_mixin.py:188} INFO - [2023-12-21T19:28:33.654+0000] {dag.py:3820} INFO - Setting next_dagrun for example_xcom_args to None, run_after=None
[2023-12-21T19:28:33.660+0000] {logging_mixin.py:188} INFO - [2023-12-21T19:28:33.660+0000] {dag.py:3820} INFO - Setting next_dagrun for example_xcom_args_with_operators to None, run_after=None
[2023-12-21T19:28:33.703+0000] {processor.py:183} INFO - Processing /home/airflow/.local/lib/python3.8/site-packages/airflow/example_dags/example_xcomargs.py took 0.178 seconds
[2023-12-21T19:29:03.950+0000] {processor.py:161} INFO - Started process (PID=1235) to work on /home/airflow/.local/lib/python3.8/site-packages/airflow/example_dags/example_xcomargs.py
[2023-12-21T19:29:03.952+0000] {processor.py:830} INFO - Processing file /home/airflow/.local/lib/python3.8/site-packages/airflow/example_dags/example_xcomargs.py for tasks to queue
[2023-12-21T19:29:03.969+0000] {logging_mixin.py:188} INFO - [2023-12-21T19:29:03.969+0000] {dagbag.py:538} INFO - Filling up the DagBag from /home/airflow/.local/lib/python3.8/site-packages/airflow/example_dags/example_xcomargs.py
[2023-12-21T19:29:04.007+0000] {processor.py:840} INFO - DAG(s) 'example_xcom_args_with_operators', 'example_xcom_args' retrieved from /home/airflow/.local/lib/python3.8/site-packages/airflow/example_dags/example_xcomargs.py
[2023-12-21T19:29:04.078+0000] {logging_mixin.py:188} INFO - [2023-12-21T19:29:04.078+0000] {dag.py:3033} INFO - Sync 2 DAGs
[2023-12-21T19:29:04.104+0000] {logging_mixin.py:188} INFO - [2023-12-21T19:29:04.103+0000] {dag.py:3820} INFO - Setting next_dagrun for example_xcom_args to None, run_after=None
[2023-12-21T19:29:04.111+0000] {logging_mixin.py:188} INFO - [2023-12-21T19:29:04.111+0000] {dag.py:3820} INFO - Setting next_dagrun for example_xcom_args_with_operators to None, run_after=None
[2023-12-21T19:29:04.148+0000] {processor.py:183} INFO - Processing /home/airflow/.local/lib/python3.8/site-packages/airflow/example_dags/example_xcomargs.py took 0.205 seconds
[2023-12-21T19:29:34.339+0000] {processor.py:161} INFO - Started process (PID=1290) to work on /home/airflow/.local/lib/python3.8/site-packages/airflow/example_dags/example_xcomargs.py
[2023-12-21T19:29:34.348+0000] {processor.py:830} INFO - Processing file /home/airflow/.local/lib/python3.8/site-packages/airflow/example_dags/example_xcomargs.py for tasks to queue
[2023-12-21T19:29:34.356+0000] {logging_mixin.py:188} INFO - [2023-12-21T19:29:34.356+0000] {dagbag.py:538} INFO - Filling up the DagBag from /home/airflow/.local/lib/python3.8/site-packages/airflow/example_dags/example_xcomargs.py
[2023-12-21T19:29:34.386+0000] {processor.py:840} INFO - DAG(s) 'example_xcom_args_with_operators', 'example_xcom_args' retrieved from /home/airflow/.local/lib/python3.8/site-packages/airflow/example_dags/example_xcomargs.py
[2023-12-21T19:29:34.443+0000] {logging_mixin.py:188} INFO - [2023-12-21T19:29:34.442+0000] {dag.py:3033} INFO - Sync 2 DAGs
[2023-12-21T19:29:34.472+0000] {logging_mixin.py:188} INFO - [2023-12-21T19:29:34.472+0000] {dag.py:3820} INFO - Setting next_dagrun for example_xcom_args to None, run_after=None
[2023-12-21T19:29:34.479+0000] {logging_mixin.py:188} INFO - [2023-12-21T19:29:34.479+0000] {dag.py:3820} INFO - Setting next_dagrun for example_xcom_args_with_operators to None, run_after=None
[2023-12-21T19:29:34.524+0000] {processor.py:183} INFO - Processing /home/airflow/.local/lib/python3.8/site-packages/airflow/example_dags/example_xcomargs.py took 0.196 seconds
[2023-12-21T19:30:04.799+0000] {processor.py:161} INFO - Started process (PID=1345) to work on /home/airflow/.local/lib/python3.8/site-packages/airflow/example_dags/example_xcomargs.py
[2023-12-21T19:30:04.800+0000] {processor.py:830} INFO - Processing file /home/airflow/.local/lib/python3.8/site-packages/airflow/example_dags/example_xcomargs.py for tasks to queue
[2023-12-21T19:30:04.812+0000] {logging_mixin.py:188} INFO - [2023-12-21T19:30:04.811+0000] {dagbag.py:538} INFO - Filling up the DagBag from /home/airflow/.local/lib/python3.8/site-packages/airflow/example_dags/example_xcomargs.py
[2023-12-21T19:30:04.829+0000] {processor.py:840} INFO - DAG(s) 'example_xcom_args_with_operators', 'example_xcom_args' retrieved from /home/airflow/.local/lib/python3.8/site-packages/airflow/example_dags/example_xcomargs.py
[2023-12-21T19:30:04.896+0000] {logging_mixin.py:188} INFO - [2023-12-21T19:30:04.895+0000] {dag.py:3033} INFO - Sync 2 DAGs
[2023-12-21T19:30:04.922+0000] {logging_mixin.py:188} INFO - [2023-12-21T19:30:04.921+0000] {dag.py:3820} INFO - Setting next_dagrun for example_xcom_args to None, run_after=None
[2023-12-21T19:30:04.944+0000] {logging_mixin.py:188} INFO - [2023-12-21T19:30:04.944+0000] {dag.py:3820} INFO - Setting next_dagrun for example_xcom_args_with_operators to None, run_after=None
[2023-12-21T19:30:04.983+0000] {processor.py:183} INFO - Processing /home/airflow/.local/lib/python3.8/site-packages/airflow/example_dags/example_xcomargs.py took 0.190 seconds
[2023-12-21T19:30:35.710+0000] {processor.py:161} INFO - Started process (PID=1399) to work on /home/airflow/.local/lib/python3.8/site-packages/airflow/example_dags/example_xcomargs.py
[2023-12-21T19:30:35.717+0000] {processor.py:830} INFO - Processing file /home/airflow/.local/lib/python3.8/site-packages/airflow/example_dags/example_xcomargs.py for tasks to queue
[2023-12-21T19:30:35.721+0000] {logging_mixin.py:188} INFO - [2023-12-21T19:30:35.721+0000] {dagbag.py:538} INFO - Filling up the DagBag from /home/airflow/.local/lib/python3.8/site-packages/airflow/example_dags/example_xcomargs.py
[2023-12-21T19:30:35.737+0000] {processor.py:840} INFO - DAG(s) 'example_xcom_args_with_operators', 'example_xcom_args' retrieved from /home/airflow/.local/lib/python3.8/site-packages/airflow/example_dags/example_xcomargs.py
[2023-12-21T19:30:35.788+0000] {logging_mixin.py:188} INFO - [2023-12-21T19:30:35.788+0000] {dag.py:3033} INFO - Sync 2 DAGs
[2023-12-21T19:30:35.810+0000] {logging_mixin.py:188} INFO - [2023-12-21T19:30:35.809+0000] {dag.py:3820} INFO - Setting next_dagrun for example_xcom_args to None, run_after=None
[2023-12-21T19:30:35.818+0000] {logging_mixin.py:188} INFO - [2023-12-21T19:30:35.818+0000] {dag.py:3820} INFO - Setting next_dagrun for example_xcom_args_with_operators to None, run_after=None
[2023-12-21T19:30:35.863+0000] {processor.py:183} INFO - Processing /home/airflow/.local/lib/python3.8/site-packages/airflow/example_dags/example_xcomargs.py took 0.160 seconds
[2023-12-21T19:31:06.646+0000] {processor.py:161} INFO - Started process (PID=1453) to work on /home/airflow/.local/lib/python3.8/site-packages/airflow/example_dags/example_xcomargs.py
[2023-12-21T19:31:06.647+0000] {processor.py:830} INFO - Processing file /home/airflow/.local/lib/python3.8/site-packages/airflow/example_dags/example_xcomargs.py for tasks to queue
[2023-12-21T19:31:06.650+0000] {logging_mixin.py:188} INFO - [2023-12-21T19:31:06.650+0000] {dagbag.py:538} INFO - Filling up the DagBag from /home/airflow/.local/lib/python3.8/site-packages/airflow/example_dags/example_xcomargs.py
[2023-12-21T19:31:06.662+0000] {processor.py:840} INFO - DAG(s) 'example_xcom_args_with_operators', 'example_xcom_args' retrieved from /home/airflow/.local/lib/python3.8/site-packages/airflow/example_dags/example_xcomargs.py
[2023-12-21T19:31:06.692+0000] {logging_mixin.py:188} INFO - [2023-12-21T19:31:06.692+0000] {dag.py:3033} INFO - Sync 2 DAGs
[2023-12-21T19:31:06.709+0000] {logging_mixin.py:188} INFO - [2023-12-21T19:31:06.709+0000] {dag.py:3820} INFO - Setting next_dagrun for example_xcom_args to None, run_after=None
[2023-12-21T19:31:06.713+0000] {logging_mixin.py:188} INFO - [2023-12-21T19:31:06.713+0000] {dag.py:3820} INFO - Setting next_dagrun for example_xcom_args_with_operators to None, run_after=None
[2023-12-21T19:31:06.734+0000] {processor.py:183} INFO - Processing /home/airflow/.local/lib/python3.8/site-packages/airflow/example_dags/example_xcomargs.py took 0.091 seconds
[2023-12-21T19:34:33.908+0000] {processor.py:161} INFO - Started process (PID=77) to work on /home/airflow/.local/lib/python3.8/site-packages/airflow/example_dags/example_xcomargs.py
[2023-12-21T19:34:33.910+0000] {processor.py:830} INFO - Processing file /home/airflow/.local/lib/python3.8/site-packages/airflow/example_dags/example_xcomargs.py for tasks to queue
[2023-12-21T19:34:33.914+0000] {logging_mixin.py:188} INFO - [2023-12-21T19:34:33.914+0000] {dagbag.py:538} INFO - Filling up the DagBag from /home/airflow/.local/lib/python3.8/site-packages/airflow/example_dags/example_xcomargs.py
[2023-12-21T19:34:33.930+0000] {processor.py:840} INFO - DAG(s) 'example_xcom_args', 'example_xcom_args_with_operators' retrieved from /home/airflow/.local/lib/python3.8/site-packages/airflow/example_dags/example_xcomargs.py
[2023-12-21T19:34:34.154+0000] {logging_mixin.py:188} INFO - [2023-12-21T19:34:34.154+0000] {dag.py:3033} INFO - Sync 2 DAGs
[2023-12-21T19:34:34.175+0000] {logging_mixin.py:188} INFO - [2023-12-21T19:34:34.174+0000] {dag.py:3820} INFO - Setting next_dagrun for example_xcom_args to None, run_after=None
[2023-12-21T19:34:34.180+0000] {logging_mixin.py:188} INFO - [2023-12-21T19:34:34.180+0000] {dag.py:3820} INFO - Setting next_dagrun for example_xcom_args_with_operators to None, run_after=None
[2023-12-21T19:34:34.216+0000] {processor.py:183} INFO - Processing /home/airflow/.local/lib/python3.8/site-packages/airflow/example_dags/example_xcomargs.py took 0.317 seconds
