[2023-12-21T19:12:05.441+0000] {processor.py:161} INFO - Started process (PID=79) to work on /home/airflow/.local/lib/python3.8/site-packages/airflow/example_dags/example_branch_python_dop_operator_3.py
[2023-12-21T19:12:05.442+0000] {processor.py:830} INFO - Processing file /home/airflow/.local/lib/python3.8/site-packages/airflow/example_dags/example_branch_python_dop_operator_3.py for tasks to queue
[2023-12-21T19:12:05.446+0000] {logging_mixin.py:188} INFO - [2023-12-21T19:12:05.446+0000] {dagbag.py:538} INFO - Filling up the DagBag from /home/airflow/.local/lib/python3.8/site-packages/airflow/example_dags/example_branch_python_dop_operator_3.py
[2023-12-21T19:12:05.462+0000] {processor.py:840} INFO - DAG(s) 'example_branch_dop_operator_v3' retrieved from /home/airflow/.local/lib/python3.8/site-packages/airflow/example_dags/example_branch_python_dop_operator_3.py
[2023-12-21T19:12:05.650+0000] {logging_mixin.py:188} INFO - [2023-12-21T19:12:05.649+0000] {dag.py:3033} INFO - Sync 1 DAGs
[2023-12-21T19:12:05.697+0000] {logging_mixin.py:188} INFO - [2023-12-21T19:12:05.696+0000] {dag.py:3820} INFO - Setting next_dagrun for example_branch_dop_operator_v3 to 2023-12-21T19:11:00+00:00, run_after=2023-12-21T19:12:00+00:00
[2023-12-21T19:12:05.741+0000] {processor.py:183} INFO - Processing /home/airflow/.local/lib/python3.8/site-packages/airflow/example_dags/example_branch_python_dop_operator_3.py took 0.304 seconds
[2023-12-21T19:12:36.486+0000] {processor.py:161} INFO - Started process (PID=133) to work on /home/airflow/.local/lib/python3.8/site-packages/airflow/example_dags/example_branch_python_dop_operator_3.py
[2023-12-21T19:12:36.487+0000] {processor.py:830} INFO - Processing file /home/airflow/.local/lib/python3.8/site-packages/airflow/example_dags/example_branch_python_dop_operator_3.py for tasks to queue
[2023-12-21T19:12:36.491+0000] {logging_mixin.py:188} INFO - [2023-12-21T19:12:36.490+0000] {dagbag.py:538} INFO - Filling up the DagBag from /home/airflow/.local/lib/python3.8/site-packages/airflow/example_dags/example_branch_python_dop_operator_3.py
[2023-12-21T19:12:36.503+0000] {processor.py:840} INFO - DAG(s) 'example_branch_dop_operator_v3' retrieved from /home/airflow/.local/lib/python3.8/site-packages/airflow/example_dags/example_branch_python_dop_operator_3.py
[2023-12-21T19:12:36.532+0000] {logging_mixin.py:188} INFO - [2023-12-21T19:12:36.532+0000] {dag.py:3033} INFO - Sync 1 DAGs
[2023-12-21T19:12:36.581+0000] {logging_mixin.py:188} INFO - [2023-12-21T19:12:36.581+0000] {dag.py:3820} INFO - Setting next_dagrun for example_branch_dop_operator_v3 to 2023-12-21T19:11:00+00:00, run_after=2023-12-21T19:12:00+00:00
[2023-12-21T19:12:36.637+0000] {processor.py:183} INFO - Processing /home/airflow/.local/lib/python3.8/site-packages/airflow/example_dags/example_branch_python_dop_operator_3.py took 0.155 seconds
[2023-12-21T19:13:07.427+0000] {processor.py:161} INFO - Started process (PID=188) to work on /home/airflow/.local/lib/python3.8/site-packages/airflow/example_dags/example_branch_python_dop_operator_3.py
[2023-12-21T19:13:07.429+0000] {processor.py:830} INFO - Processing file /home/airflow/.local/lib/python3.8/site-packages/airflow/example_dags/example_branch_python_dop_operator_3.py for tasks to queue
[2023-12-21T19:13:07.433+0000] {logging_mixin.py:188} INFO - [2023-12-21T19:13:07.432+0000] {dagbag.py:538} INFO - Filling up the DagBag from /home/airflow/.local/lib/python3.8/site-packages/airflow/example_dags/example_branch_python_dop_operator_3.py
[2023-12-21T19:13:07.450+0000] {processor.py:840} INFO - DAG(s) 'example_branch_dop_operator_v3' retrieved from /home/airflow/.local/lib/python3.8/site-packages/airflow/example_dags/example_branch_python_dop_operator_3.py
[2023-12-21T19:13:07.478+0000] {logging_mixin.py:188} INFO - [2023-12-21T19:13:07.478+0000] {dag.py:3033} INFO - Sync 1 DAGs
[2023-12-21T19:13:07.534+0000] {logging_mixin.py:188} INFO - [2023-12-21T19:13:07.534+0000] {dag.py:3820} INFO - Setting next_dagrun for example_branch_dop_operator_v3 to 2023-12-21T19:12:00+00:00, run_after=2023-12-21T19:13:00+00:00
[2023-12-21T19:13:07.577+0000] {processor.py:183} INFO - Processing /home/airflow/.local/lib/python3.8/site-packages/airflow/example_dags/example_branch_python_dop_operator_3.py took 0.156 seconds
[2023-12-21T19:13:37.824+0000] {processor.py:161} INFO - Started process (PID=243) to work on /home/airflow/.local/lib/python3.8/site-packages/airflow/example_dags/example_branch_python_dop_operator_3.py
[2023-12-21T19:13:37.825+0000] {processor.py:830} INFO - Processing file /home/airflow/.local/lib/python3.8/site-packages/airflow/example_dags/example_branch_python_dop_operator_3.py for tasks to queue
[2023-12-21T19:13:37.828+0000] {logging_mixin.py:188} INFO - [2023-12-21T19:13:37.828+0000] {dagbag.py:538} INFO - Filling up the DagBag from /home/airflow/.local/lib/python3.8/site-packages/airflow/example_dags/example_branch_python_dop_operator_3.py
[2023-12-21T19:13:37.838+0000] {processor.py:840} INFO - DAG(s) 'example_branch_dop_operator_v3' retrieved from /home/airflow/.local/lib/python3.8/site-packages/airflow/example_dags/example_branch_python_dop_operator_3.py
[2023-12-21T19:13:37.863+0000] {logging_mixin.py:188} INFO - [2023-12-21T19:13:37.863+0000] {dag.py:3033} INFO - Sync 1 DAGs
[2023-12-21T19:13:37.893+0000] {logging_mixin.py:188} INFO - [2023-12-21T19:13:37.892+0000] {dag.py:3820} INFO - Setting next_dagrun for example_branch_dop_operator_v3 to 2023-12-21T19:12:00+00:00, run_after=2023-12-21T19:13:00+00:00
[2023-12-21T19:13:37.927+0000] {processor.py:183} INFO - Processing /home/airflow/.local/lib/python3.8/site-packages/airflow/example_dags/example_branch_python_dop_operator_3.py took 0.109 seconds
[2023-12-21T19:18:20.715+0000] {processor.py:161} INFO - Started process (PID=85) to work on /home/airflow/.local/lib/python3.8/site-packages/airflow/example_dags/example_branch_python_dop_operator_3.py
[2023-12-21T19:18:20.717+0000] {processor.py:830} INFO - Processing file /home/airflow/.local/lib/python3.8/site-packages/airflow/example_dags/example_branch_python_dop_operator_3.py for tasks to queue
[2023-12-21T19:18:20.722+0000] {logging_mixin.py:188} INFO - [2023-12-21T19:18:20.721+0000] {dagbag.py:538} INFO - Filling up the DagBag from /home/airflow/.local/lib/python3.8/site-packages/airflow/example_dags/example_branch_python_dop_operator_3.py
[2023-12-21T19:18:20.744+0000] {processor.py:840} INFO - DAG(s) 'example_branch_dop_operator_v3' retrieved from /home/airflow/.local/lib/python3.8/site-packages/airflow/example_dags/example_branch_python_dop_operator_3.py
[2023-12-21T19:18:21.034+0000] {logging_mixin.py:188} INFO - [2023-12-21T19:18:21.033+0000] {dag.py:3033} INFO - Sync 1 DAGs
[2023-12-21T19:18:21.087+0000] {logging_mixin.py:188} INFO - [2023-12-21T19:18:21.087+0000] {dag.py:3820} INFO - Setting next_dagrun for example_branch_dop_operator_v3 to 2023-12-21T19:17:00+00:00, run_after=2023-12-21T19:18:00+00:00
[2023-12-21T19:18:21.137+0000] {processor.py:183} INFO - Processing /home/airflow/.local/lib/python3.8/site-packages/airflow/example_dags/example_branch_python_dop_operator_3.py took 0.434 seconds
[2023-12-21T19:18:51.547+0000] {processor.py:161} INFO - Started process (PID=141) to work on /home/airflow/.local/lib/python3.8/site-packages/airflow/example_dags/example_branch_python_dop_operator_3.py
[2023-12-21T19:18:51.548+0000] {processor.py:830} INFO - Processing file /home/airflow/.local/lib/python3.8/site-packages/airflow/example_dags/example_branch_python_dop_operator_3.py for tasks to queue
[2023-12-21T19:18:51.554+0000] {logging_mixin.py:188} INFO - [2023-12-21T19:18:51.552+0000] {dagbag.py:538} INFO - Filling up the DagBag from /home/airflow/.local/lib/python3.8/site-packages/airflow/example_dags/example_branch_python_dop_operator_3.py
[2023-12-21T19:18:51.569+0000] {processor.py:840} INFO - DAG(s) 'example_branch_dop_operator_v3' retrieved from /home/airflow/.local/lib/python3.8/site-packages/airflow/example_dags/example_branch_python_dop_operator_3.py
[2023-12-21T19:18:51.609+0000] {logging_mixin.py:188} INFO - [2023-12-21T19:18:51.608+0000] {dag.py:3033} INFO - Sync 1 DAGs
[2023-12-21T19:18:51.678+0000] {logging_mixin.py:188} INFO - [2023-12-21T19:18:51.678+0000] {dag.py:3820} INFO - Setting next_dagrun for example_branch_dop_operator_v3 to 2023-12-21T19:17:00+00:00, run_after=2023-12-21T19:18:00+00:00
[2023-12-21T19:18:51.716+0000] {processor.py:183} INFO - Processing /home/airflow/.local/lib/python3.8/site-packages/airflow/example_dags/example_branch_python_dop_operator_3.py took 0.173 seconds
[2023-12-21T19:19:21.937+0000] {processor.py:161} INFO - Started process (PID=196) to work on /home/airflow/.local/lib/python3.8/site-packages/airflow/example_dags/example_branch_python_dop_operator_3.py
[2023-12-21T19:19:21.939+0000] {processor.py:830} INFO - Processing file /home/airflow/.local/lib/python3.8/site-packages/airflow/example_dags/example_branch_python_dop_operator_3.py for tasks to queue
[2023-12-21T19:19:21.943+0000] {logging_mixin.py:188} INFO - [2023-12-21T19:19:21.943+0000] {dagbag.py:538} INFO - Filling up the DagBag from /home/airflow/.local/lib/python3.8/site-packages/airflow/example_dags/example_branch_python_dop_operator_3.py
[2023-12-21T19:19:21.956+0000] {processor.py:840} INFO - DAG(s) 'example_branch_dop_operator_v3' retrieved from /home/airflow/.local/lib/python3.8/site-packages/airflow/example_dags/example_branch_python_dop_operator_3.py
[2023-12-21T19:19:21.979+0000] {logging_mixin.py:188} INFO - [2023-12-21T19:19:21.979+0000] {dag.py:3033} INFO - Sync 1 DAGs
[2023-12-21T19:19:22.010+0000] {logging_mixin.py:188} INFO - [2023-12-21T19:19:22.010+0000] {dag.py:3820} INFO - Setting next_dagrun for example_branch_dop_operator_v3 to 2023-12-21T19:18:00+00:00, run_after=2023-12-21T19:19:00+00:00
[2023-12-21T19:19:22.036+0000] {processor.py:183} INFO - Processing /home/airflow/.local/lib/python3.8/site-packages/airflow/example_dags/example_branch_python_dop_operator_3.py took 0.105 seconds
[2023-12-21T19:19:52.214+0000] {processor.py:161} INFO - Started process (PID=251) to work on /home/airflow/.local/lib/python3.8/site-packages/airflow/example_dags/example_branch_python_dop_operator_3.py
[2023-12-21T19:19:52.215+0000] {processor.py:830} INFO - Processing file /home/airflow/.local/lib/python3.8/site-packages/airflow/example_dags/example_branch_python_dop_operator_3.py for tasks to queue
[2023-12-21T19:19:52.217+0000] {logging_mixin.py:188} INFO - [2023-12-21T19:19:52.217+0000] {dagbag.py:538} INFO - Filling up the DagBag from /home/airflow/.local/lib/python3.8/site-packages/airflow/example_dags/example_branch_python_dop_operator_3.py
[2023-12-21T19:19:52.228+0000] {processor.py:840} INFO - DAG(s) 'example_branch_dop_operator_v3' retrieved from /home/airflow/.local/lib/python3.8/site-packages/airflow/example_dags/example_branch_python_dop_operator_3.py
[2023-12-21T19:19:52.252+0000] {logging_mixin.py:188} INFO - [2023-12-21T19:19:52.252+0000] {dag.py:3033} INFO - Sync 1 DAGs
[2023-12-21T19:19:52.295+0000] {logging_mixin.py:188} INFO - [2023-12-21T19:19:52.295+0000] {dag.py:3820} INFO - Setting next_dagrun for example_branch_dop_operator_v3 to 2023-12-21T19:18:00+00:00, run_after=2023-12-21T19:19:00+00:00
[2023-12-21T19:19:52.319+0000] {processor.py:183} INFO - Processing /home/airflow/.local/lib/python3.8/site-packages/airflow/example_dags/example_branch_python_dop_operator_3.py took 0.109 seconds
[2023-12-21T19:20:22.859+0000] {processor.py:161} INFO - Started process (PID=306) to work on /home/airflow/.local/lib/python3.8/site-packages/airflow/example_dags/example_branch_python_dop_operator_3.py
[2023-12-21T19:20:22.860+0000] {processor.py:830} INFO - Processing file /home/airflow/.local/lib/python3.8/site-packages/airflow/example_dags/example_branch_python_dop_operator_3.py for tasks to queue
[2023-12-21T19:20:22.863+0000] {logging_mixin.py:188} INFO - [2023-12-21T19:20:22.862+0000] {dagbag.py:538} INFO - Filling up the DagBag from /home/airflow/.local/lib/python3.8/site-packages/airflow/example_dags/example_branch_python_dop_operator_3.py
[2023-12-21T19:20:22.874+0000] {processor.py:840} INFO - DAG(s) 'example_branch_dop_operator_v3' retrieved from /home/airflow/.local/lib/python3.8/site-packages/airflow/example_dags/example_branch_python_dop_operator_3.py
[2023-12-21T19:20:22.905+0000] {logging_mixin.py:188} INFO - [2023-12-21T19:20:22.905+0000] {dag.py:3033} INFO - Sync 1 DAGs
[2023-12-21T19:20:22.952+0000] {logging_mixin.py:188} INFO - [2023-12-21T19:20:22.952+0000] {dag.py:3820} INFO - Setting next_dagrun for example_branch_dop_operator_v3 to 2023-12-21T19:19:00+00:00, run_after=2023-12-21T19:20:00+00:00
[2023-12-21T19:20:22.979+0000] {processor.py:183} INFO - Processing /home/airflow/.local/lib/python3.8/site-packages/airflow/example_dags/example_branch_python_dop_operator_3.py took 0.124 seconds
[2023-12-21T19:20:53.852+0000] {processor.py:161} INFO - Started process (PID=361) to work on /home/airflow/.local/lib/python3.8/site-packages/airflow/example_dags/example_branch_python_dop_operator_3.py
[2023-12-21T19:20:53.853+0000] {processor.py:830} INFO - Processing file /home/airflow/.local/lib/python3.8/site-packages/airflow/example_dags/example_branch_python_dop_operator_3.py for tasks to queue
[2023-12-21T19:20:53.856+0000] {logging_mixin.py:188} INFO - [2023-12-21T19:20:53.856+0000] {dagbag.py:538} INFO - Filling up the DagBag from /home/airflow/.local/lib/python3.8/site-packages/airflow/example_dags/example_branch_python_dop_operator_3.py
[2023-12-21T19:20:53.877+0000] {processor.py:840} INFO - DAG(s) 'example_branch_dop_operator_v3' retrieved from /home/airflow/.local/lib/python3.8/site-packages/airflow/example_dags/example_branch_python_dop_operator_3.py
[2023-12-21T19:20:53.920+0000] {logging_mixin.py:188} INFO - [2023-12-21T19:20:53.920+0000] {dag.py:3033} INFO - Sync 1 DAGs
[2023-12-21T19:20:53.970+0000] {logging_mixin.py:188} INFO - [2023-12-21T19:20:53.969+0000] {dag.py:3820} INFO - Setting next_dagrun for example_branch_dop_operator_v3 to 2023-12-21T19:19:00+00:00, run_after=2023-12-21T19:20:00+00:00
[2023-12-21T19:20:54.003+0000] {processor.py:183} INFO - Processing /home/airflow/.local/lib/python3.8/site-packages/airflow/example_dags/example_branch_python_dop_operator_3.py took 0.161 seconds
[2023-12-21T19:21:24.756+0000] {processor.py:161} INFO - Started process (PID=416) to work on /home/airflow/.local/lib/python3.8/site-packages/airflow/example_dags/example_branch_python_dop_operator_3.py
[2023-12-21T19:21:24.761+0000] {processor.py:830} INFO - Processing file /home/airflow/.local/lib/python3.8/site-packages/airflow/example_dags/example_branch_python_dop_operator_3.py for tasks to queue
[2023-12-21T19:21:24.768+0000] {logging_mixin.py:188} INFO - [2023-12-21T19:21:24.768+0000] {dagbag.py:538} INFO - Filling up the DagBag from /home/airflow/.local/lib/python3.8/site-packages/airflow/example_dags/example_branch_python_dop_operator_3.py
[2023-12-21T19:21:24.836+0000] {processor.py:840} INFO - DAG(s) 'example_branch_dop_operator_v3' retrieved from /home/airflow/.local/lib/python3.8/site-packages/airflow/example_dags/example_branch_python_dop_operator_3.py
[2023-12-21T19:21:24.957+0000] {logging_mixin.py:188} INFO - [2023-12-21T19:21:24.957+0000] {dag.py:3033} INFO - Sync 1 DAGs
[2023-12-21T19:21:25.130+0000] {logging_mixin.py:188} INFO - [2023-12-21T19:21:25.129+0000] {dag.py:3820} INFO - Setting next_dagrun for example_branch_dop_operator_v3 to 2023-12-21T19:20:00+00:00, run_after=2023-12-21T19:21:00+00:00
[2023-12-21T19:21:25.222+0000] {processor.py:183} INFO - Processing /home/airflow/.local/lib/python3.8/site-packages/airflow/example_dags/example_branch_python_dop_operator_3.py took 0.485 seconds
[2023-12-21T19:21:55.436+0000] {processor.py:161} INFO - Started process (PID=471) to work on /home/airflow/.local/lib/python3.8/site-packages/airflow/example_dags/example_branch_python_dop_operator_3.py
[2023-12-21T19:21:55.441+0000] {processor.py:830} INFO - Processing file /home/airflow/.local/lib/python3.8/site-packages/airflow/example_dags/example_branch_python_dop_operator_3.py for tasks to queue
[2023-12-21T19:21:55.445+0000] {logging_mixin.py:188} INFO - [2023-12-21T19:21:55.444+0000] {dagbag.py:538} INFO - Filling up the DagBag from /home/airflow/.local/lib/python3.8/site-packages/airflow/example_dags/example_branch_python_dop_operator_3.py
[2023-12-21T19:21:55.462+0000] {processor.py:840} INFO - DAG(s) 'example_branch_dop_operator_v3' retrieved from /home/airflow/.local/lib/python3.8/site-packages/airflow/example_dags/example_branch_python_dop_operator_3.py
[2023-12-21T19:21:55.501+0000] {logging_mixin.py:188} INFO - [2023-12-21T19:21:55.501+0000] {dag.py:3033} INFO - Sync 1 DAGs
[2023-12-21T19:21:55.559+0000] {logging_mixin.py:188} INFO - [2023-12-21T19:21:55.558+0000] {dag.py:3820} INFO - Setting next_dagrun for example_branch_dop_operator_v3 to 2023-12-21T19:20:00+00:00, run_after=2023-12-21T19:21:00+00:00
[2023-12-21T19:21:55.603+0000] {processor.py:183} INFO - Processing /home/airflow/.local/lib/python3.8/site-packages/airflow/example_dags/example_branch_python_dop_operator_3.py took 0.174 seconds
[2023-12-21T19:22:25.958+0000] {processor.py:161} INFO - Started process (PID=526) to work on /home/airflow/.local/lib/python3.8/site-packages/airflow/example_dags/example_branch_python_dop_operator_3.py
[2023-12-21T19:22:25.963+0000] {processor.py:830} INFO - Processing file /home/airflow/.local/lib/python3.8/site-packages/airflow/example_dags/example_branch_python_dop_operator_3.py for tasks to queue
[2023-12-21T19:22:25.968+0000] {logging_mixin.py:188} INFO - [2023-12-21T19:22:25.967+0000] {dagbag.py:538} INFO - Filling up the DagBag from /home/airflow/.local/lib/python3.8/site-packages/airflow/example_dags/example_branch_python_dop_operator_3.py
[2023-12-21T19:22:25.998+0000] {processor.py:840} INFO - DAG(s) 'example_branch_dop_operator_v3' retrieved from /home/airflow/.local/lib/python3.8/site-packages/airflow/example_dags/example_branch_python_dop_operator_3.py
[2023-12-21T19:22:26.088+0000] {logging_mixin.py:188} INFO - [2023-12-21T19:22:26.087+0000] {dag.py:3033} INFO - Sync 1 DAGs
[2023-12-21T19:22:26.174+0000] {logging_mixin.py:188} INFO - [2023-12-21T19:22:26.173+0000] {dag.py:3820} INFO - Setting next_dagrun for example_branch_dop_operator_v3 to 2023-12-21T19:21:00+00:00, run_after=2023-12-21T19:22:00+00:00
[2023-12-21T19:22:26.231+0000] {processor.py:183} INFO - Processing /home/airflow/.local/lib/python3.8/site-packages/airflow/example_dags/example_branch_python_dop_operator_3.py took 0.287 seconds
[2023-12-21T19:22:56.339+0000] {processor.py:161} INFO - Started process (PID=581) to work on /home/airflow/.local/lib/python3.8/site-packages/airflow/example_dags/example_branch_python_dop_operator_3.py
[2023-12-21T19:22:56.340+0000] {processor.py:830} INFO - Processing file /home/airflow/.local/lib/python3.8/site-packages/airflow/example_dags/example_branch_python_dop_operator_3.py for tasks to queue
[2023-12-21T19:22:56.342+0000] {logging_mixin.py:188} INFO - [2023-12-21T19:22:56.342+0000] {dagbag.py:538} INFO - Filling up the DagBag from /home/airflow/.local/lib/python3.8/site-packages/airflow/example_dags/example_branch_python_dop_operator_3.py
[2023-12-21T19:22:56.358+0000] {processor.py:840} INFO - DAG(s) 'example_branch_dop_operator_v3' retrieved from /home/airflow/.local/lib/python3.8/site-packages/airflow/example_dags/example_branch_python_dop_operator_3.py
[2023-12-21T19:22:56.398+0000] {logging_mixin.py:188} INFO - [2023-12-21T19:22:56.398+0000] {dag.py:3033} INFO - Sync 1 DAGs
[2023-12-21T19:22:56.464+0000] {logging_mixin.py:188} INFO - [2023-12-21T19:22:56.464+0000] {dag.py:3820} INFO - Setting next_dagrun for example_branch_dop_operator_v3 to 2023-12-21T19:21:00+00:00, run_after=2023-12-21T19:22:00+00:00
[2023-12-21T19:22:56.504+0000] {processor.py:183} INFO - Processing /home/airflow/.local/lib/python3.8/site-packages/airflow/example_dags/example_branch_python_dop_operator_3.py took 0.172 seconds
[2023-12-21T19:23:27.422+0000] {processor.py:161} INFO - Started process (PID=635) to work on /home/airflow/.local/lib/python3.8/site-packages/airflow/example_dags/example_branch_python_dop_operator_3.py
[2023-12-21T19:23:27.424+0000] {processor.py:830} INFO - Processing file /home/airflow/.local/lib/python3.8/site-packages/airflow/example_dags/example_branch_python_dop_operator_3.py for tasks to queue
[2023-12-21T19:23:27.430+0000] {logging_mixin.py:188} INFO - [2023-12-21T19:23:27.429+0000] {dagbag.py:538} INFO - Filling up the DagBag from /home/airflow/.local/lib/python3.8/site-packages/airflow/example_dags/example_branch_python_dop_operator_3.py
[2023-12-21T19:23:27.449+0000] {processor.py:840} INFO - DAG(s) 'example_branch_dop_operator_v3' retrieved from /home/airflow/.local/lib/python3.8/site-packages/airflow/example_dags/example_branch_python_dop_operator_3.py
[2023-12-21T19:23:27.487+0000] {logging_mixin.py:188} INFO - [2023-12-21T19:23:27.487+0000] {dag.py:3033} INFO - Sync 1 DAGs
[2023-12-21T19:23:27.538+0000] {logging_mixin.py:188} INFO - [2023-12-21T19:23:27.538+0000] {dag.py:3820} INFO - Setting next_dagrun for example_branch_dop_operator_v3 to 2023-12-21T19:22:00+00:00, run_after=2023-12-21T19:23:00+00:00
[2023-12-21T19:23:27.570+0000] {processor.py:183} INFO - Processing /home/airflow/.local/lib/python3.8/site-packages/airflow/example_dags/example_branch_python_dop_operator_3.py took 0.157 seconds
[2023-12-21T19:23:58.382+0000] {processor.py:161} INFO - Started process (PID=689) to work on /home/airflow/.local/lib/python3.8/site-packages/airflow/example_dags/example_branch_python_dop_operator_3.py
[2023-12-21T19:23:58.384+0000] {processor.py:830} INFO - Processing file /home/airflow/.local/lib/python3.8/site-packages/airflow/example_dags/example_branch_python_dop_operator_3.py for tasks to queue
[2023-12-21T19:23:58.388+0000] {logging_mixin.py:188} INFO - [2023-12-21T19:23:58.388+0000] {dagbag.py:538} INFO - Filling up the DagBag from /home/airflow/.local/lib/python3.8/site-packages/airflow/example_dags/example_branch_python_dop_operator_3.py
[2023-12-21T19:23:58.410+0000] {processor.py:840} INFO - DAG(s) 'example_branch_dop_operator_v3' retrieved from /home/airflow/.local/lib/python3.8/site-packages/airflow/example_dags/example_branch_python_dop_operator_3.py
[2023-12-21T19:23:58.447+0000] {logging_mixin.py:188} INFO - [2023-12-21T19:23:58.446+0000] {dag.py:3033} INFO - Sync 1 DAGs
[2023-12-21T19:23:58.496+0000] {logging_mixin.py:188} INFO - [2023-12-21T19:23:58.496+0000] {dag.py:3820} INFO - Setting next_dagrun for example_branch_dop_operator_v3 to 2023-12-21T19:22:00+00:00, run_after=2023-12-21T19:23:00+00:00
[2023-12-21T19:23:58.529+0000] {processor.py:183} INFO - Processing /home/airflow/.local/lib/python3.8/site-packages/airflow/example_dags/example_branch_python_dop_operator_3.py took 0.153 seconds
[2023-12-21T19:24:29.307+0000] {processor.py:161} INFO - Started process (PID=744) to work on /home/airflow/.local/lib/python3.8/site-packages/airflow/example_dags/example_branch_python_dop_operator_3.py
[2023-12-21T19:24:29.309+0000] {processor.py:830} INFO - Processing file /home/airflow/.local/lib/python3.8/site-packages/airflow/example_dags/example_branch_python_dop_operator_3.py for tasks to queue
[2023-12-21T19:24:29.315+0000] {logging_mixin.py:188} INFO - [2023-12-21T19:24:29.314+0000] {dagbag.py:538} INFO - Filling up the DagBag from /home/airflow/.local/lib/python3.8/site-packages/airflow/example_dags/example_branch_python_dop_operator_3.py
[2023-12-21T19:24:29.337+0000] {processor.py:840} INFO - DAG(s) 'example_branch_dop_operator_v3' retrieved from /home/airflow/.local/lib/python3.8/site-packages/airflow/example_dags/example_branch_python_dop_operator_3.py
[2023-12-21T19:24:29.370+0000] {logging_mixin.py:188} INFO - [2023-12-21T19:24:29.370+0000] {dag.py:3033} INFO - Sync 1 DAGs
[2023-12-21T19:24:29.424+0000] {logging_mixin.py:188} INFO - [2023-12-21T19:24:29.424+0000] {dag.py:3820} INFO - Setting next_dagrun for example_branch_dop_operator_v3 to 2023-12-21T19:23:00+00:00, run_after=2023-12-21T19:24:00+00:00
[2023-12-21T19:24:29.458+0000] {processor.py:183} INFO - Processing /home/airflow/.local/lib/python3.8/site-packages/airflow/example_dags/example_branch_python_dop_operator_3.py took 0.160 seconds
[2023-12-21T19:25:00.053+0000] {processor.py:161} INFO - Started process (PID=799) to work on /home/airflow/.local/lib/python3.8/site-packages/airflow/example_dags/example_branch_python_dop_operator_3.py
[2023-12-21T19:25:00.055+0000] {processor.py:830} INFO - Processing file /home/airflow/.local/lib/python3.8/site-packages/airflow/example_dags/example_branch_python_dop_operator_3.py for tasks to queue
[2023-12-21T19:25:00.059+0000] {logging_mixin.py:188} INFO - [2023-12-21T19:25:00.058+0000] {dagbag.py:538} INFO - Filling up the DagBag from /home/airflow/.local/lib/python3.8/site-packages/airflow/example_dags/example_branch_python_dop_operator_3.py
[2023-12-21T19:25:00.078+0000] {processor.py:840} INFO - DAG(s) 'example_branch_dop_operator_v3' retrieved from /home/airflow/.local/lib/python3.8/site-packages/airflow/example_dags/example_branch_python_dop_operator_3.py
[2023-12-21T19:25:00.120+0000] {logging_mixin.py:188} INFO - [2023-12-21T19:25:00.120+0000] {dag.py:3033} INFO - Sync 1 DAGs
[2023-12-21T19:25:00.166+0000] {logging_mixin.py:188} INFO - [2023-12-21T19:25:00.166+0000] {dag.py:3820} INFO - Setting next_dagrun for example_branch_dop_operator_v3 to 2023-12-21T19:24:00+00:00, run_after=2023-12-21T19:25:00+00:00
[2023-12-21T19:25:00.201+0000] {processor.py:183} INFO - Processing /home/airflow/.local/lib/python3.8/site-packages/airflow/example_dags/example_branch_python_dop_operator_3.py took 0.159 seconds
[2023-12-21T19:25:30.589+0000] {processor.py:161} INFO - Started process (PID=854) to work on /home/airflow/.local/lib/python3.8/site-packages/airflow/example_dags/example_branch_python_dop_operator_3.py
[2023-12-21T19:25:30.601+0000] {processor.py:830} INFO - Processing file /home/airflow/.local/lib/python3.8/site-packages/airflow/example_dags/example_branch_python_dop_operator_3.py for tasks to queue
[2023-12-21T19:25:30.606+0000] {logging_mixin.py:188} INFO - [2023-12-21T19:25:30.606+0000] {dagbag.py:538} INFO - Filling up the DagBag from /home/airflow/.local/lib/python3.8/site-packages/airflow/example_dags/example_branch_python_dop_operator_3.py
[2023-12-21T19:25:30.626+0000] {processor.py:840} INFO - DAG(s) 'example_branch_dop_operator_v3' retrieved from /home/airflow/.local/lib/python3.8/site-packages/airflow/example_dags/example_branch_python_dop_operator_3.py
[2023-12-21T19:25:30.675+0000] {logging_mixin.py:188} INFO - [2023-12-21T19:25:30.674+0000] {dag.py:3033} INFO - Sync 1 DAGs
[2023-12-21T19:25:30.744+0000] {logging_mixin.py:188} INFO - [2023-12-21T19:25:30.744+0000] {dag.py:3820} INFO - Setting next_dagrun for example_branch_dop_operator_v3 to 2023-12-21T19:24:00+00:00, run_after=2023-12-21T19:25:00+00:00
[2023-12-21T19:25:30.788+0000] {processor.py:183} INFO - Processing /home/airflow/.local/lib/python3.8/site-packages/airflow/example_dags/example_branch_python_dop_operator_3.py took 0.223 seconds
[2023-12-21T19:26:01.226+0000] {processor.py:161} INFO - Started process (PID=908) to work on /home/airflow/.local/lib/python3.8/site-packages/airflow/example_dags/example_branch_python_dop_operator_3.py
[2023-12-21T19:26:01.227+0000] {processor.py:830} INFO - Processing file /home/airflow/.local/lib/python3.8/site-packages/airflow/example_dags/example_branch_python_dop_operator_3.py for tasks to queue
[2023-12-21T19:26:01.230+0000] {logging_mixin.py:188} INFO - [2023-12-21T19:26:01.229+0000] {dagbag.py:538} INFO - Filling up the DagBag from /home/airflow/.local/lib/python3.8/site-packages/airflow/example_dags/example_branch_python_dop_operator_3.py
[2023-12-21T19:26:01.248+0000] {processor.py:840} INFO - DAG(s) 'example_branch_dop_operator_v3' retrieved from /home/airflow/.local/lib/python3.8/site-packages/airflow/example_dags/example_branch_python_dop_operator_3.py
[2023-12-21T19:26:01.287+0000] {logging_mixin.py:188} INFO - [2023-12-21T19:26:01.287+0000] {dag.py:3033} INFO - Sync 1 DAGs
[2023-12-21T19:26:01.342+0000] {logging_mixin.py:188} INFO - [2023-12-21T19:26:01.342+0000] {dag.py:3820} INFO - Setting next_dagrun for example_branch_dop_operator_v3 to 2023-12-21T19:25:00+00:00, run_after=2023-12-21T19:26:00+00:00
[2023-12-21T19:26:01.376+0000] {processor.py:183} INFO - Processing /home/airflow/.local/lib/python3.8/site-packages/airflow/example_dags/example_branch_python_dop_operator_3.py took 0.156 seconds
[2023-12-21T19:26:31.429+0000] {processor.py:161} INFO - Started process (PID=963) to work on /home/airflow/.local/lib/python3.8/site-packages/airflow/example_dags/example_branch_python_dop_operator_3.py
[2023-12-21T19:26:31.430+0000] {processor.py:830} INFO - Processing file /home/airflow/.local/lib/python3.8/site-packages/airflow/example_dags/example_branch_python_dop_operator_3.py for tasks to queue
[2023-12-21T19:26:31.433+0000] {logging_mixin.py:188} INFO - [2023-12-21T19:26:31.433+0000] {dagbag.py:538} INFO - Filling up the DagBag from /home/airflow/.local/lib/python3.8/site-packages/airflow/example_dags/example_branch_python_dop_operator_3.py
[2023-12-21T19:26:31.451+0000] {processor.py:840} INFO - DAG(s) 'example_branch_dop_operator_v3' retrieved from /home/airflow/.local/lib/python3.8/site-packages/airflow/example_dags/example_branch_python_dop_operator_3.py
[2023-12-21T19:26:31.496+0000] {logging_mixin.py:188} INFO - [2023-12-21T19:26:31.495+0000] {dag.py:3033} INFO - Sync 1 DAGs
[2023-12-21T19:26:31.565+0000] {logging_mixin.py:188} INFO - [2023-12-21T19:26:31.565+0000] {dag.py:3820} INFO - Setting next_dagrun for example_branch_dop_operator_v3 to 2023-12-21T19:25:00+00:00, run_after=2023-12-21T19:26:00+00:00
[2023-12-21T19:26:31.630+0000] {processor.py:183} INFO - Processing /home/airflow/.local/lib/python3.8/site-packages/airflow/example_dags/example_branch_python_dop_operator_3.py took 0.206 seconds
[2023-12-21T19:27:02.080+0000] {processor.py:161} INFO - Started process (PID=1018) to work on /home/airflow/.local/lib/python3.8/site-packages/airflow/example_dags/example_branch_python_dop_operator_3.py
[2023-12-21T19:27:02.082+0000] {processor.py:830} INFO - Processing file /home/airflow/.local/lib/python3.8/site-packages/airflow/example_dags/example_branch_python_dop_operator_3.py for tasks to queue
[2023-12-21T19:27:02.086+0000] {logging_mixin.py:188} INFO - [2023-12-21T19:27:02.086+0000] {dagbag.py:538} INFO - Filling up the DagBag from /home/airflow/.local/lib/python3.8/site-packages/airflow/example_dags/example_branch_python_dop_operator_3.py
[2023-12-21T19:27:02.097+0000] {processor.py:840} INFO - DAG(s) 'example_branch_dop_operator_v3' retrieved from /home/airflow/.local/lib/python3.8/site-packages/airflow/example_dags/example_branch_python_dop_operator_3.py
[2023-12-21T19:27:02.128+0000] {logging_mixin.py:188} INFO - [2023-12-21T19:27:02.128+0000] {dag.py:3033} INFO - Sync 1 DAGs
[2023-12-21T19:27:02.181+0000] {logging_mixin.py:188} INFO - [2023-12-21T19:27:02.181+0000] {dag.py:3820} INFO - Setting next_dagrun for example_branch_dop_operator_v3 to 2023-12-21T19:26:00+00:00, run_after=2023-12-21T19:27:00+00:00
[2023-12-21T19:27:02.225+0000] {processor.py:183} INFO - Processing /home/airflow/.local/lib/python3.8/site-packages/airflow/example_dags/example_branch_python_dop_operator_3.py took 0.149 seconds
[2023-12-21T19:27:32.480+0000] {processor.py:161} INFO - Started process (PID=1072) to work on /home/airflow/.local/lib/python3.8/site-packages/airflow/example_dags/example_branch_python_dop_operator_3.py
[2023-12-21T19:27:32.482+0000] {processor.py:830} INFO - Processing file /home/airflow/.local/lib/python3.8/site-packages/airflow/example_dags/example_branch_python_dop_operator_3.py for tasks to queue
[2023-12-21T19:27:32.485+0000] {logging_mixin.py:188} INFO - [2023-12-21T19:27:32.484+0000] {dagbag.py:538} INFO - Filling up the DagBag from /home/airflow/.local/lib/python3.8/site-packages/airflow/example_dags/example_branch_python_dop_operator_3.py
[2023-12-21T19:27:32.499+0000] {processor.py:840} INFO - DAG(s) 'example_branch_dop_operator_v3' retrieved from /home/airflow/.local/lib/python3.8/site-packages/airflow/example_dags/example_branch_python_dop_operator_3.py
[2023-12-21T19:27:32.535+0000] {logging_mixin.py:188} INFO - [2023-12-21T19:27:32.534+0000] {dag.py:3033} INFO - Sync 1 DAGs
[2023-12-21T19:27:32.589+0000] {logging_mixin.py:188} INFO - [2023-12-21T19:27:32.589+0000] {dag.py:3820} INFO - Setting next_dagrun for example_branch_dop_operator_v3 to 2023-12-21T19:26:00+00:00, run_after=2023-12-21T19:27:00+00:00
[2023-12-21T19:27:32.622+0000] {processor.py:183} INFO - Processing /home/airflow/.local/lib/python3.8/site-packages/airflow/example_dags/example_branch_python_dop_operator_3.py took 0.148 seconds
[2023-12-21T19:28:02.978+0000] {processor.py:161} INFO - Started process (PID=1128) to work on /home/airflow/.local/lib/python3.8/site-packages/airflow/example_dags/example_branch_python_dop_operator_3.py
[2023-12-21T19:28:02.980+0000] {processor.py:830} INFO - Processing file /home/airflow/.local/lib/python3.8/site-packages/airflow/example_dags/example_branch_python_dop_operator_3.py for tasks to queue
[2023-12-21T19:28:02.984+0000] {logging_mixin.py:188} INFO - [2023-12-21T19:28:02.983+0000] {dagbag.py:538} INFO - Filling up the DagBag from /home/airflow/.local/lib/python3.8/site-packages/airflow/example_dags/example_branch_python_dop_operator_3.py
[2023-12-21T19:28:03.004+0000] {processor.py:840} INFO - DAG(s) 'example_branch_dop_operator_v3' retrieved from /home/airflow/.local/lib/python3.8/site-packages/airflow/example_dags/example_branch_python_dop_operator_3.py
[2023-12-21T19:28:03.047+0000] {logging_mixin.py:188} INFO - [2023-12-21T19:28:03.047+0000] {dag.py:3033} INFO - Sync 1 DAGs
[2023-12-21T19:28:03.099+0000] {logging_mixin.py:188} INFO - [2023-12-21T19:28:03.098+0000] {dag.py:3820} INFO - Setting next_dagrun for example_branch_dop_operator_v3 to 2023-12-21T19:27:00+00:00, run_after=2023-12-21T19:28:00+00:00
[2023-12-21T19:28:03.132+0000] {processor.py:183} INFO - Processing /home/airflow/.local/lib/python3.8/site-packages/airflow/example_dags/example_branch_python_dop_operator_3.py took 0.160 seconds
[2023-12-21T19:28:33.741+0000] {processor.py:161} INFO - Started process (PID=1182) to work on /home/airflow/.local/lib/python3.8/site-packages/airflow/example_dags/example_branch_python_dop_operator_3.py
[2023-12-21T19:28:33.743+0000] {processor.py:830} INFO - Processing file /home/airflow/.local/lib/python3.8/site-packages/airflow/example_dags/example_branch_python_dop_operator_3.py for tasks to queue
[2023-12-21T19:28:33.747+0000] {logging_mixin.py:188} INFO - [2023-12-21T19:28:33.746+0000] {dagbag.py:538} INFO - Filling up the DagBag from /home/airflow/.local/lib/python3.8/site-packages/airflow/example_dags/example_branch_python_dop_operator_3.py
[2023-12-21T19:28:33.764+0000] {processor.py:840} INFO - DAG(s) 'example_branch_dop_operator_v3' retrieved from /home/airflow/.local/lib/python3.8/site-packages/airflow/example_dags/example_branch_python_dop_operator_3.py
[2023-12-21T19:28:33.810+0000] {logging_mixin.py:188} INFO - [2023-12-21T19:28:33.810+0000] {dag.py:3033} INFO - Sync 1 DAGs
[2023-12-21T19:28:33.871+0000] {logging_mixin.py:188} INFO - [2023-12-21T19:28:33.871+0000] {dag.py:3820} INFO - Setting next_dagrun for example_branch_dop_operator_v3 to 2023-12-21T19:27:00+00:00, run_after=2023-12-21T19:28:00+00:00
[2023-12-21T19:28:33.912+0000] {processor.py:183} INFO - Processing /home/airflow/.local/lib/python3.8/site-packages/airflow/example_dags/example_branch_python_dop_operator_3.py took 0.178 seconds
[2023-12-21T19:29:04.345+0000] {processor.py:161} INFO - Started process (PID=1239) to work on /home/airflow/.local/lib/python3.8/site-packages/airflow/example_dags/example_branch_python_dop_operator_3.py
[2023-12-21T19:29:04.346+0000] {processor.py:830} INFO - Processing file /home/airflow/.local/lib/python3.8/site-packages/airflow/example_dags/example_branch_python_dop_operator_3.py for tasks to queue
[2023-12-21T19:29:04.350+0000] {logging_mixin.py:188} INFO - [2023-12-21T19:29:04.349+0000] {dagbag.py:538} INFO - Filling up the DagBag from /home/airflow/.local/lib/python3.8/site-packages/airflow/example_dags/example_branch_python_dop_operator_3.py
[2023-12-21T19:29:04.366+0000] {processor.py:840} INFO - DAG(s) 'example_branch_dop_operator_v3' retrieved from /home/airflow/.local/lib/python3.8/site-packages/airflow/example_dags/example_branch_python_dop_operator_3.py
[2023-12-21T19:29:04.412+0000] {logging_mixin.py:188} INFO - [2023-12-21T19:29:04.411+0000] {dag.py:3033} INFO - Sync 1 DAGs
[2023-12-21T19:29:04.463+0000] {logging_mixin.py:188} INFO - [2023-12-21T19:29:04.462+0000] {dag.py:3820} INFO - Setting next_dagrun for example_branch_dop_operator_v3 to 2023-12-21T19:28:00+00:00, run_after=2023-12-21T19:29:00+00:00
[2023-12-21T19:29:04.494+0000] {processor.py:183} INFO - Processing /home/airflow/.local/lib/python3.8/site-packages/airflow/example_dags/example_branch_python_dop_operator_3.py took 0.158 seconds
[2023-12-21T19:29:34.779+0000] {processor.py:161} INFO - Started process (PID=1294) to work on /home/airflow/.local/lib/python3.8/site-packages/airflow/example_dags/example_branch_python_dop_operator_3.py
[2023-12-21T19:29:34.786+0000] {processor.py:830} INFO - Processing file /home/airflow/.local/lib/python3.8/site-packages/airflow/example_dags/example_branch_python_dop_operator_3.py for tasks to queue
[2023-12-21T19:29:34.789+0000] {logging_mixin.py:188} INFO - [2023-12-21T19:29:34.788+0000] {dagbag.py:538} INFO - Filling up the DagBag from /home/airflow/.local/lib/python3.8/site-packages/airflow/example_dags/example_branch_python_dop_operator_3.py
[2023-12-21T19:29:34.821+0000] {processor.py:840} INFO - DAG(s) 'example_branch_dop_operator_v3' retrieved from /home/airflow/.local/lib/python3.8/site-packages/airflow/example_dags/example_branch_python_dop_operator_3.py
[2023-12-21T19:29:34.869+0000] {logging_mixin.py:188} INFO - [2023-12-21T19:29:34.868+0000] {dag.py:3033} INFO - Sync 1 DAGs
[2023-12-21T19:29:34.927+0000] {logging_mixin.py:188} INFO - [2023-12-21T19:29:34.927+0000] {dag.py:3820} INFO - Setting next_dagrun for example_branch_dop_operator_v3 to 2023-12-21T19:28:00+00:00, run_after=2023-12-21T19:29:00+00:00
[2023-12-21T19:29:34.968+0000] {processor.py:183} INFO - Processing /home/airflow/.local/lib/python3.8/site-packages/airflow/example_dags/example_branch_python_dop_operator_3.py took 0.200 seconds
[2023-12-21T19:30:05.102+0000] {processor.py:161} INFO - Started process (PID=1349) to work on /home/airflow/.local/lib/python3.8/site-packages/airflow/example_dags/example_branch_python_dop_operator_3.py
[2023-12-21T19:30:05.103+0000] {processor.py:830} INFO - Processing file /home/airflow/.local/lib/python3.8/site-packages/airflow/example_dags/example_branch_python_dop_operator_3.py for tasks to queue
[2023-12-21T19:30:05.107+0000] {logging_mixin.py:188} INFO - [2023-12-21T19:30:05.106+0000] {dagbag.py:538} INFO - Filling up the DagBag from /home/airflow/.local/lib/python3.8/site-packages/airflow/example_dags/example_branch_python_dop_operator_3.py
[2023-12-21T19:30:05.128+0000] {processor.py:840} INFO - DAG(s) 'example_branch_dop_operator_v3' retrieved from /home/airflow/.local/lib/python3.8/site-packages/airflow/example_dags/example_branch_python_dop_operator_3.py
[2023-12-21T19:30:05.168+0000] {logging_mixin.py:188} INFO - [2023-12-21T19:30:05.168+0000] {dag.py:3033} INFO - Sync 1 DAGs
[2023-12-21T19:30:05.209+0000] {logging_mixin.py:188} INFO - [2023-12-21T19:30:05.208+0000] {dag.py:3820} INFO - Setting next_dagrun for example_branch_dop_operator_v3 to 2023-12-21T19:29:00+00:00, run_after=2023-12-21T19:30:00+00:00
[2023-12-21T19:30:05.244+0000] {processor.py:183} INFO - Processing /home/airflow/.local/lib/python3.8/site-packages/airflow/example_dags/example_branch_python_dop_operator_3.py took 0.148 seconds
[2023-12-21T19:30:35.899+0000] {processor.py:161} INFO - Started process (PID=1401) to work on /home/airflow/.local/lib/python3.8/site-packages/airflow/example_dags/example_branch_python_dop_operator_3.py
[2023-12-21T19:30:35.900+0000] {processor.py:830} INFO - Processing file /home/airflow/.local/lib/python3.8/site-packages/airflow/example_dags/example_branch_python_dop_operator_3.py for tasks to queue
[2023-12-21T19:30:35.903+0000] {logging_mixin.py:188} INFO - [2023-12-21T19:30:35.902+0000] {dagbag.py:538} INFO - Filling up the DagBag from /home/airflow/.local/lib/python3.8/site-packages/airflow/example_dags/example_branch_python_dop_operator_3.py
[2023-12-21T19:30:35.918+0000] {processor.py:840} INFO - DAG(s) 'example_branch_dop_operator_v3' retrieved from /home/airflow/.local/lib/python3.8/site-packages/airflow/example_dags/example_branch_python_dop_operator_3.py
[2023-12-21T19:30:35.952+0000] {logging_mixin.py:188} INFO - [2023-12-21T19:30:35.952+0000] {dag.py:3033} INFO - Sync 1 DAGs
[2023-12-21T19:30:36.002+0000] {logging_mixin.py:188} INFO - [2023-12-21T19:30:36.002+0000] {dag.py:3820} INFO - Setting next_dagrun for example_branch_dop_operator_v3 to 2023-12-21T19:29:00+00:00, run_after=2023-12-21T19:30:00+00:00
[2023-12-21T19:30:36.033+0000] {processor.py:183} INFO - Processing /home/airflow/.local/lib/python3.8/site-packages/airflow/example_dags/example_branch_python_dop_operator_3.py took 0.141 seconds
[2023-12-21T19:31:06.765+0000] {processor.py:161} INFO - Started process (PID=1455) to work on /home/airflow/.local/lib/python3.8/site-packages/airflow/example_dags/example_branch_python_dop_operator_3.py
[2023-12-21T19:31:06.766+0000] {processor.py:830} INFO - Processing file /home/airflow/.local/lib/python3.8/site-packages/airflow/example_dags/example_branch_python_dop_operator_3.py for tasks to queue
[2023-12-21T19:31:06.770+0000] {logging_mixin.py:188} INFO - [2023-12-21T19:31:06.769+0000] {dagbag.py:538} INFO - Filling up the DagBag from /home/airflow/.local/lib/python3.8/site-packages/airflow/example_dags/example_branch_python_dop_operator_3.py
[2023-12-21T19:31:06.785+0000] {processor.py:840} INFO - DAG(s) 'example_branch_dop_operator_v3' retrieved from /home/airflow/.local/lib/python3.8/site-packages/airflow/example_dags/example_branch_python_dop_operator_3.py
[2023-12-21T19:31:06.820+0000] {logging_mixin.py:188} INFO - [2023-12-21T19:31:06.820+0000] {dag.py:3033} INFO - Sync 1 DAGs
[2023-12-21T19:31:06.867+0000] {logging_mixin.py:188} INFO - [2023-12-21T19:31:06.867+0000] {dag.py:3820} INFO - Setting next_dagrun for example_branch_dop_operator_v3 to 2023-12-21T19:30:00+00:00, run_after=2023-12-21T19:31:00+00:00
[2023-12-21T19:31:06.898+0000] {processor.py:183} INFO - Processing /home/airflow/.local/lib/python3.8/site-packages/airflow/example_dags/example_branch_python_dop_operator_3.py took 0.138 seconds
[2023-12-21T19:34:34.260+0000] {processor.py:161} INFO - Started process (PID=79) to work on /home/airflow/.local/lib/python3.8/site-packages/airflow/example_dags/example_branch_python_dop_operator_3.py
[2023-12-21T19:34:34.261+0000] {processor.py:830} INFO - Processing file /home/airflow/.local/lib/python3.8/site-packages/airflow/example_dags/example_branch_python_dop_operator_3.py for tasks to queue
[2023-12-21T19:34:34.263+0000] {logging_mixin.py:188} INFO - [2023-12-21T19:34:34.263+0000] {dagbag.py:538} INFO - Filling up the DagBag from /home/airflow/.local/lib/python3.8/site-packages/airflow/example_dags/example_branch_python_dop_operator_3.py
[2023-12-21T19:34:34.274+0000] {processor.py:840} INFO - DAG(s) 'example_branch_dop_operator_v3' retrieved from /home/airflow/.local/lib/python3.8/site-packages/airflow/example_dags/example_branch_python_dop_operator_3.py
[2023-12-21T19:34:34.439+0000] {logging_mixin.py:188} INFO - [2023-12-21T19:34:34.439+0000] {dag.py:3033} INFO - Sync 1 DAGs
[2023-12-21T19:34:34.482+0000] {logging_mixin.py:188} INFO - [2023-12-21T19:34:34.482+0000] {dag.py:3820} INFO - Setting next_dagrun for example_branch_dop_operator_v3 to 2023-12-21T19:33:00+00:00, run_after=2023-12-21T19:34:00+00:00
[2023-12-21T19:34:34.522+0000] {processor.py:183} INFO - Processing /home/airflow/.local/lib/python3.8/site-packages/airflow/example_dags/example_branch_python_dop_operator_3.py took 0.267 seconds
