[2023-12-21T19:11:55.040+0000] {processor.py:161} INFO - Started process (PID=41) to work on /home/airflow/.local/lib/python3.8/site-packages/airflow/example_dags/example_datasets.py
[2023-12-21T19:11:55.041+0000] {processor.py:830} INFO - Processing file /home/airflow/.local/lib/python3.8/site-packages/airflow/example_dags/example_datasets.py for tasks to queue
[2023-12-21T19:11:55.045+0000] {logging_mixin.py:188} INFO - [2023-12-21T19:11:55.044+0000] {dagbag.py:538} INFO - Filling up the DagBag from /home/airflow/.local/lib/python3.8/site-packages/airflow/example_dags/example_datasets.py
[2023-12-21T19:11:55.074+0000] {processor.py:840} INFO - DAG(s) 'dataset_consumes_1', 'dataset_consumes_unknown_never_scheduled', 'dataset_produces_1', 'dataset_consumes_1_and_2', 'dataset_consumes_1_never_scheduled', 'dataset_produces_2' retrieved from /home/airflow/.local/lib/python3.8/site-packages/airflow/example_dags/example_datasets.py
[2023-12-21T19:11:55.629+0000] {logging_mixin.py:188} INFO - [2023-12-21T19:11:55.629+0000] {dag.py:3033} INFO - Sync 6 DAGs
[2023-12-21T19:11:55.676+0000] {logging_mixin.py:188} INFO - [2023-12-21T19:11:55.676+0000] {dag.py:3820} INFO - Setting next_dagrun for dataset_consumes_1 to None, run_after=None
[2023-12-21T19:11:55.681+0000] {logging_mixin.py:188} INFO - [2023-12-21T19:11:55.680+0000] {dag.py:3820} INFO - Setting next_dagrun for dataset_consumes_1_and_2 to None, run_after=None
[2023-12-21T19:11:55.683+0000] {logging_mixin.py:188} INFO - [2023-12-21T19:11:55.683+0000] {dag.py:3820} INFO - Setting next_dagrun for dataset_consumes_1_never_scheduled to None, run_after=None
[2023-12-21T19:11:55.685+0000] {logging_mixin.py:188} INFO - [2023-12-21T19:11:55.685+0000] {dag.py:3820} INFO - Setting next_dagrun for dataset_consumes_unknown_never_scheduled to None, run_after=None
[2023-12-21T19:11:55.690+0000] {logging_mixin.py:188} INFO - [2023-12-21T19:11:55.690+0000] {dag.py:3820} INFO - Setting next_dagrun for dataset_produces_1 to 2023-12-20T00:00:00+00:00, run_after=2023-12-21T00:00:00+00:00
[2023-12-21T19:11:55.693+0000] {logging_mixin.py:188} INFO - [2023-12-21T19:11:55.692+0000] {dag.py:3820} INFO - Setting next_dagrun for dataset_produces_2 to None, run_after=None
[2023-12-21T19:11:55.752+0000] {processor.py:183} INFO - Processing /home/airflow/.local/lib/python3.8/site-packages/airflow/example_dags/example_datasets.py took 0.717 seconds
[2023-12-21T19:12:26.362+0000] {processor.py:161} INFO - Started process (PID=95) to work on /home/airflow/.local/lib/python3.8/site-packages/airflow/example_dags/example_datasets.py
[2023-12-21T19:12:26.363+0000] {processor.py:830} INFO - Processing file /home/airflow/.local/lib/python3.8/site-packages/airflow/example_dags/example_datasets.py for tasks to queue
[2023-12-21T19:12:26.367+0000] {logging_mixin.py:188} INFO - [2023-12-21T19:12:26.367+0000] {dagbag.py:538} INFO - Filling up the DagBag from /home/airflow/.local/lib/python3.8/site-packages/airflow/example_dags/example_datasets.py
[2023-12-21T19:12:26.383+0000] {processor.py:840} INFO - DAG(s) 'dataset_consumes_1', 'dataset_consumes_1_never_scheduled', 'dataset_consumes_1_and_2', 'dataset_produces_1', 'dataset_produces_2', 'dataset_consumes_unknown_never_scheduled' retrieved from /home/airflow/.local/lib/python3.8/site-packages/airflow/example_dags/example_datasets.py
[2023-12-21T19:12:26.452+0000] {logging_mixin.py:188} INFO - [2023-12-21T19:12:26.452+0000] {dag.py:3033} INFO - Sync 6 DAGs
[2023-12-21T19:12:26.496+0000] {logging_mixin.py:188} INFO - [2023-12-21T19:12:26.496+0000] {dag.py:3820} INFO - Setting next_dagrun for dataset_consumes_1 to None, run_after=None
[2023-12-21T19:12:26.502+0000] {logging_mixin.py:188} INFO - [2023-12-21T19:12:26.502+0000] {dag.py:3820} INFO - Setting next_dagrun for dataset_consumes_1_and_2 to None, run_after=None
[2023-12-21T19:12:26.504+0000] {logging_mixin.py:188} INFO - [2023-12-21T19:12:26.503+0000] {dag.py:3820} INFO - Setting next_dagrun for dataset_consumes_1_never_scheduled to None, run_after=None
[2023-12-21T19:12:26.505+0000] {logging_mixin.py:188} INFO - [2023-12-21T19:12:26.505+0000] {dag.py:3820} INFO - Setting next_dagrun for dataset_consumes_unknown_never_scheduled to None, run_after=None
[2023-12-21T19:12:26.509+0000] {logging_mixin.py:188} INFO - [2023-12-21T19:12:26.509+0000] {dag.py:3820} INFO - Setting next_dagrun for dataset_produces_1 to 2023-12-20T00:00:00+00:00, run_after=2023-12-21T00:00:00+00:00
[2023-12-21T19:12:26.511+0000] {logging_mixin.py:188} INFO - [2023-12-21T19:12:26.511+0000] {dag.py:3820} INFO - Setting next_dagrun for dataset_produces_2 to None, run_after=None
[2023-12-21T19:12:26.599+0000] {processor.py:183} INFO - Processing /home/airflow/.local/lib/python3.8/site-packages/airflow/example_dags/example_datasets.py took 0.245 seconds
[2023-12-21T19:12:56.767+0000] {processor.py:161} INFO - Started process (PID=150) to work on /home/airflow/.local/lib/python3.8/site-packages/airflow/example_dags/example_datasets.py
[2023-12-21T19:12:56.768+0000] {processor.py:830} INFO - Processing file /home/airflow/.local/lib/python3.8/site-packages/airflow/example_dags/example_datasets.py for tasks to queue
[2023-12-21T19:12:56.776+0000] {logging_mixin.py:188} INFO - [2023-12-21T19:12:56.776+0000] {dagbag.py:538} INFO - Filling up the DagBag from /home/airflow/.local/lib/python3.8/site-packages/airflow/example_dags/example_datasets.py
[2023-12-21T19:12:56.816+0000] {processor.py:840} INFO - DAG(s) 'dataset_produces_2', 'dataset_consumes_1', 'dataset_consumes_1_never_scheduled', 'dataset_produces_1', 'dataset_consumes_unknown_never_scheduled', 'dataset_consumes_1_and_2' retrieved from /home/airflow/.local/lib/python3.8/site-packages/airflow/example_dags/example_datasets.py
[2023-12-21T19:12:56.927+0000] {logging_mixin.py:188} INFO - [2023-12-21T19:12:56.926+0000] {dag.py:3033} INFO - Sync 6 DAGs
[2023-12-21T19:12:57.009+0000] {logging_mixin.py:188} INFO - [2023-12-21T19:12:57.008+0000] {dag.py:3820} INFO - Setting next_dagrun for dataset_consumes_1 to None, run_after=None
[2023-12-21T19:12:57.021+0000] {logging_mixin.py:188} INFO - [2023-12-21T19:12:57.020+0000] {dag.py:3820} INFO - Setting next_dagrun for dataset_consumes_1_and_2 to None, run_after=None
[2023-12-21T19:12:57.027+0000] {logging_mixin.py:188} INFO - [2023-12-21T19:12:57.027+0000] {dag.py:3820} INFO - Setting next_dagrun for dataset_consumes_1_never_scheduled to None, run_after=None
[2023-12-21T19:12:57.032+0000] {logging_mixin.py:188} INFO - [2023-12-21T19:12:57.032+0000] {dag.py:3820} INFO - Setting next_dagrun for dataset_consumes_unknown_never_scheduled to None, run_after=None
[2023-12-21T19:12:57.045+0000] {logging_mixin.py:188} INFO - [2023-12-21T19:12:57.045+0000] {dag.py:3820} INFO - Setting next_dagrun for dataset_produces_1 to 2023-12-20T00:00:00+00:00, run_after=2023-12-21T00:00:00+00:00
[2023-12-21T19:12:57.052+0000] {logging_mixin.py:188} INFO - [2023-12-21T19:12:57.051+0000] {dag.py:3820} INFO - Setting next_dagrun for dataset_produces_2 to None, run_after=None
[2023-12-21T19:12:57.204+0000] {processor.py:183} INFO - Processing /home/airflow/.local/lib/python3.8/site-packages/airflow/example_dags/example_datasets.py took 0.452 seconds
[2023-12-21T19:13:27.317+0000] {processor.py:161} INFO - Started process (PID=205) to work on /home/airflow/.local/lib/python3.8/site-packages/airflow/example_dags/example_datasets.py
[2023-12-21T19:13:27.318+0000] {processor.py:830} INFO - Processing file /home/airflow/.local/lib/python3.8/site-packages/airflow/example_dags/example_datasets.py for tasks to queue
[2023-12-21T19:13:27.320+0000] {logging_mixin.py:188} INFO - [2023-12-21T19:13:27.320+0000] {dagbag.py:538} INFO - Filling up the DagBag from /home/airflow/.local/lib/python3.8/site-packages/airflow/example_dags/example_datasets.py
[2023-12-21T19:13:27.335+0000] {processor.py:840} INFO - DAG(s) 'dataset_consumes_unknown_never_scheduled', 'dataset_consumes_1', 'dataset_consumes_1_and_2', 'dataset_consumes_1_never_scheduled', 'dataset_produces_2', 'dataset_produces_1' retrieved from /home/airflow/.local/lib/python3.8/site-packages/airflow/example_dags/example_datasets.py
[2023-12-21T19:13:27.379+0000] {logging_mixin.py:188} INFO - [2023-12-21T19:13:27.379+0000] {dag.py:3033} INFO - Sync 6 DAGs
[2023-12-21T19:13:27.405+0000] {logging_mixin.py:188} INFO - [2023-12-21T19:13:27.405+0000] {dag.py:3820} INFO - Setting next_dagrun for dataset_consumes_1 to None, run_after=None
[2023-12-21T19:13:27.409+0000] {logging_mixin.py:188} INFO - [2023-12-21T19:13:27.409+0000] {dag.py:3820} INFO - Setting next_dagrun for dataset_consumes_1_and_2 to None, run_after=None
[2023-12-21T19:13:27.410+0000] {logging_mixin.py:188} INFO - [2023-12-21T19:13:27.410+0000] {dag.py:3820} INFO - Setting next_dagrun for dataset_consumes_1_never_scheduled to None, run_after=None
[2023-12-21T19:13:27.412+0000] {logging_mixin.py:188} INFO - [2023-12-21T19:13:27.411+0000] {dag.py:3820} INFO - Setting next_dagrun for dataset_consumes_unknown_never_scheduled to None, run_after=None
[2023-12-21T19:13:27.415+0000] {logging_mixin.py:188} INFO - [2023-12-21T19:13:27.415+0000] {dag.py:3820} INFO - Setting next_dagrun for dataset_produces_1 to 2023-12-20T00:00:00+00:00, run_after=2023-12-21T00:00:00+00:00
[2023-12-21T19:13:27.416+0000] {logging_mixin.py:188} INFO - [2023-12-21T19:13:27.416+0000] {dag.py:3820} INFO - Setting next_dagrun for dataset_produces_2 to None, run_after=None
[2023-12-21T19:13:27.489+0000] {processor.py:183} INFO - Processing /home/airflow/.local/lib/python3.8/site-packages/airflow/example_dags/example_datasets.py took 0.178 seconds
[2023-12-21T19:13:57.818+0000] {processor.py:161} INFO - Started process (PID=260) to work on /home/airflow/.local/lib/python3.8/site-packages/airflow/example_dags/example_datasets.py
[2023-12-21T19:13:57.819+0000] {processor.py:830} INFO - Processing file /home/airflow/.local/lib/python3.8/site-packages/airflow/example_dags/example_datasets.py for tasks to queue
[2023-12-21T19:13:57.822+0000] {logging_mixin.py:188} INFO - [2023-12-21T19:13:57.822+0000] {dagbag.py:538} INFO - Filling up the DagBag from /home/airflow/.local/lib/python3.8/site-packages/airflow/example_dags/example_datasets.py
[2023-12-21T19:13:57.837+0000] {processor.py:840} INFO - DAG(s) 'dataset_produces_1', 'dataset_produces_2', 'dataset_consumes_1_never_scheduled', 'dataset_consumes_unknown_never_scheduled', 'dataset_consumes_1_and_2', 'dataset_consumes_1' retrieved from /home/airflow/.local/lib/python3.8/site-packages/airflow/example_dags/example_datasets.py
[2023-12-21T19:13:57.892+0000] {logging_mixin.py:188} INFO - [2023-12-21T19:13:57.892+0000] {dag.py:3033} INFO - Sync 6 DAGs
[2023-12-21T19:13:57.918+0000] {logging_mixin.py:188} INFO - [2023-12-21T19:13:57.918+0000] {dag.py:3820} INFO - Setting next_dagrun for dataset_consumes_1 to None, run_after=None
[2023-12-21T19:13:57.923+0000] {logging_mixin.py:188} INFO - [2023-12-21T19:13:57.923+0000] {dag.py:3820} INFO - Setting next_dagrun for dataset_consumes_1_and_2 to None, run_after=None
[2023-12-21T19:13:57.925+0000] {logging_mixin.py:188} INFO - [2023-12-21T19:13:57.925+0000] {dag.py:3820} INFO - Setting next_dagrun for dataset_consumes_1_never_scheduled to None, run_after=None
[2023-12-21T19:13:57.928+0000] {logging_mixin.py:188} INFO - [2023-12-21T19:13:57.927+0000] {dag.py:3820} INFO - Setting next_dagrun for dataset_consumes_unknown_never_scheduled to None, run_after=None
[2023-12-21T19:13:57.932+0000] {logging_mixin.py:188} INFO - [2023-12-21T19:13:57.932+0000] {dag.py:3820} INFO - Setting next_dagrun for dataset_produces_1 to 2023-12-20T00:00:00+00:00, run_after=2023-12-21T00:00:00+00:00
[2023-12-21T19:13:57.933+0000] {logging_mixin.py:188} INFO - [2023-12-21T19:13:57.933+0000] {dag.py:3820} INFO - Setting next_dagrun for dataset_produces_2 to None, run_after=None
[2023-12-21T19:13:57.984+0000] {processor.py:183} INFO - Processing /home/airflow/.local/lib/python3.8/site-packages/airflow/example_dags/example_datasets.py took 0.171 seconds
[2023-12-21T19:18:05.709+0000] {processor.py:161} INFO - Started process (PID=41) to work on /home/airflow/.local/lib/python3.8/site-packages/airflow/example_dags/example_datasets.py
[2023-12-21T19:18:05.711+0000] {processor.py:830} INFO - Processing file /home/airflow/.local/lib/python3.8/site-packages/airflow/example_dags/example_datasets.py for tasks to queue
[2023-12-21T19:18:05.720+0000] {logging_mixin.py:188} INFO - [2023-12-21T19:18:05.720+0000] {dagbag.py:538} INFO - Filling up the DagBag from /home/airflow/.local/lib/python3.8/site-packages/airflow/example_dags/example_datasets.py
[2023-12-21T19:18:05.793+0000] {processor.py:840} INFO - DAG(s) 'dataset_consumes_1_and_2', 'dataset_consumes_unknown_never_scheduled', 'dataset_consumes_1_never_scheduled', 'dataset_produces_1', 'dataset_produces_2', 'dataset_consumes_1' retrieved from /home/airflow/.local/lib/python3.8/site-packages/airflow/example_dags/example_datasets.py
[2023-12-21T19:18:07.087+0000] {logging_mixin.py:188} INFO - [2023-12-21T19:18:07.087+0000] {dag.py:3033} INFO - Sync 6 DAGs
[2023-12-21T19:18:07.166+0000] {logging_mixin.py:188} INFO - [2023-12-21T19:18:07.166+0000] {dag.py:3820} INFO - Setting next_dagrun for dataset_consumes_1 to None, run_after=None
[2023-12-21T19:18:07.177+0000] {logging_mixin.py:188} INFO - [2023-12-21T19:18:07.172+0000] {dag.py:3820} INFO - Setting next_dagrun for dataset_consumes_1_and_2 to None, run_after=None
[2023-12-21T19:18:07.180+0000] {logging_mixin.py:188} INFO - [2023-12-21T19:18:07.180+0000] {dag.py:3820} INFO - Setting next_dagrun for dataset_consumes_1_never_scheduled to None, run_after=None
[2023-12-21T19:18:07.183+0000] {logging_mixin.py:188} INFO - [2023-12-21T19:18:07.183+0000] {dag.py:3820} INFO - Setting next_dagrun for dataset_consumes_unknown_never_scheduled to None, run_after=None
[2023-12-21T19:18:07.201+0000] {logging_mixin.py:188} INFO - [2023-12-21T19:18:07.200+0000] {dag.py:3820} INFO - Setting next_dagrun for dataset_produces_1 to 2023-12-20T00:00:00+00:00, run_after=2023-12-21T00:00:00+00:00
[2023-12-21T19:18:07.204+0000] {logging_mixin.py:188} INFO - [2023-12-21T19:18:07.203+0000] {dag.py:3820} INFO - Setting next_dagrun for dataset_produces_2 to None, run_after=None
[2023-12-21T19:18:07.364+0000] {processor.py:183} INFO - Processing /home/airflow/.local/lib/python3.8/site-packages/airflow/example_dags/example_datasets.py took 1.687 seconds
[2023-12-21T19:18:38.250+0000] {processor.py:161} INFO - Started process (PID=96) to work on /home/airflow/.local/lib/python3.8/site-packages/airflow/example_dags/example_datasets.py
[2023-12-21T19:18:38.259+0000] {processor.py:830} INFO - Processing file /home/airflow/.local/lib/python3.8/site-packages/airflow/example_dags/example_datasets.py for tasks to queue
[2023-12-21T19:18:38.262+0000] {logging_mixin.py:188} INFO - [2023-12-21T19:18:38.262+0000] {dagbag.py:538} INFO - Filling up the DagBag from /home/airflow/.local/lib/python3.8/site-packages/airflow/example_dags/example_datasets.py
[2023-12-21T19:18:38.288+0000] {processor.py:840} INFO - DAG(s) 'dataset_consumes_1_never_scheduled', 'dataset_consumes_unknown_never_scheduled', 'dataset_consumes_1', 'dataset_produces_2', 'dataset_consumes_1_and_2', 'dataset_produces_1' retrieved from /home/airflow/.local/lib/python3.8/site-packages/airflow/example_dags/example_datasets.py
[2023-12-21T19:18:38.359+0000] {logging_mixin.py:188} INFO - [2023-12-21T19:18:38.358+0000] {dag.py:3033} INFO - Sync 6 DAGs
[2023-12-21T19:18:38.400+0000] {logging_mixin.py:188} INFO - [2023-12-21T19:18:38.400+0000] {dag.py:3820} INFO - Setting next_dagrun for dataset_consumes_1 to None, run_after=None
[2023-12-21T19:18:38.409+0000] {logging_mixin.py:188} INFO - [2023-12-21T19:18:38.408+0000] {dag.py:3820} INFO - Setting next_dagrun for dataset_consumes_1_and_2 to None, run_after=None
[2023-12-21T19:18:38.410+0000] {logging_mixin.py:188} INFO - [2023-12-21T19:18:38.410+0000] {dag.py:3820} INFO - Setting next_dagrun for dataset_consumes_1_never_scheduled to None, run_after=None
[2023-12-21T19:18:38.412+0000] {logging_mixin.py:188} INFO - [2023-12-21T19:18:38.412+0000] {dag.py:3820} INFO - Setting next_dagrun for dataset_consumes_unknown_never_scheduled to None, run_after=None
[2023-12-21T19:18:38.415+0000] {logging_mixin.py:188} INFO - [2023-12-21T19:18:38.415+0000] {dag.py:3820} INFO - Setting next_dagrun for dataset_produces_1 to 2023-12-20T00:00:00+00:00, run_after=2023-12-21T00:00:00+00:00
[2023-12-21T19:18:38.417+0000] {logging_mixin.py:188} INFO - [2023-12-21T19:18:38.416+0000] {dag.py:3820} INFO - Setting next_dagrun for dataset_produces_2 to None, run_after=None
[2023-12-21T19:18:38.477+0000] {processor.py:183} INFO - Processing /home/airflow/.local/lib/python3.8/site-packages/airflow/example_dags/example_datasets.py took 0.233 seconds
[2023-12-21T19:19:08.963+0000] {processor.py:161} INFO - Started process (PID=152) to work on /home/airflow/.local/lib/python3.8/site-packages/airflow/example_dags/example_datasets.py
[2023-12-21T19:19:08.964+0000] {processor.py:830} INFO - Processing file /home/airflow/.local/lib/python3.8/site-packages/airflow/example_dags/example_datasets.py for tasks to queue
[2023-12-21T19:19:08.967+0000] {logging_mixin.py:188} INFO - [2023-12-21T19:19:08.966+0000] {dagbag.py:538} INFO - Filling up the DagBag from /home/airflow/.local/lib/python3.8/site-packages/airflow/example_dags/example_datasets.py
[2023-12-21T19:19:08.980+0000] {processor.py:840} INFO - DAG(s) 'dataset_produces_2', 'dataset_consumes_1_and_2', 'dataset_consumes_1', 'dataset_produces_1', 'dataset_consumes_1_never_scheduled', 'dataset_consumes_unknown_never_scheduled' retrieved from /home/airflow/.local/lib/python3.8/site-packages/airflow/example_dags/example_datasets.py
[2023-12-21T19:19:09.037+0000] {logging_mixin.py:188} INFO - [2023-12-21T19:19:09.037+0000] {dag.py:3033} INFO - Sync 6 DAGs
[2023-12-21T19:19:09.073+0000] {logging_mixin.py:188} INFO - [2023-12-21T19:19:09.072+0000] {dag.py:3820} INFO - Setting next_dagrun for dataset_consumes_1 to None, run_after=None
[2023-12-21T19:19:09.078+0000] {logging_mixin.py:188} INFO - [2023-12-21T19:19:09.078+0000] {dag.py:3820} INFO - Setting next_dagrun for dataset_consumes_1_and_2 to None, run_after=None
[2023-12-21T19:19:09.080+0000] {logging_mixin.py:188} INFO - [2023-12-21T19:19:09.080+0000] {dag.py:3820} INFO - Setting next_dagrun for dataset_consumes_1_never_scheduled to None, run_after=None
[2023-12-21T19:19:09.082+0000] {logging_mixin.py:188} INFO - [2023-12-21T19:19:09.082+0000] {dag.py:3820} INFO - Setting next_dagrun for dataset_consumes_unknown_never_scheduled to None, run_after=None
[2023-12-21T19:19:09.087+0000] {logging_mixin.py:188} INFO - [2023-12-21T19:19:09.087+0000] {dag.py:3820} INFO - Setting next_dagrun for dataset_produces_1 to 2023-12-20T00:00:00+00:00, run_after=2023-12-21T00:00:00+00:00
[2023-12-21T19:19:09.090+0000] {logging_mixin.py:188} INFO - [2023-12-21T19:19:09.090+0000] {dag.py:3820} INFO - Setting next_dagrun for dataset_produces_2 to None, run_after=None
[2023-12-21T19:19:09.127+0000] {processor.py:183} INFO - Processing /home/airflow/.local/lib/python3.8/site-packages/airflow/example_dags/example_datasets.py took 0.170 seconds
[2023-12-21T19:19:39.395+0000] {processor.py:161} INFO - Started process (PID=207) to work on /home/airflow/.local/lib/python3.8/site-packages/airflow/example_dags/example_datasets.py
[2023-12-21T19:19:39.407+0000] {processor.py:830} INFO - Processing file /home/airflow/.local/lib/python3.8/site-packages/airflow/example_dags/example_datasets.py for tasks to queue
[2023-12-21T19:19:39.410+0000] {logging_mixin.py:188} INFO - [2023-12-21T19:19:39.409+0000] {dagbag.py:538} INFO - Filling up the DagBag from /home/airflow/.local/lib/python3.8/site-packages/airflow/example_dags/example_datasets.py
[2023-12-21T19:19:39.429+0000] {processor.py:840} INFO - DAG(s) 'dataset_produces_2', 'dataset_produces_1', 'dataset_consumes_1_and_2', 'dataset_consumes_unknown_never_scheduled', 'dataset_consumes_1', 'dataset_consumes_1_never_scheduled' retrieved from /home/airflow/.local/lib/python3.8/site-packages/airflow/example_dags/example_datasets.py
[2023-12-21T19:19:39.503+0000] {logging_mixin.py:188} INFO - [2023-12-21T19:19:39.503+0000] {dag.py:3033} INFO - Sync 6 DAGs
[2023-12-21T19:19:39.553+0000] {logging_mixin.py:188} INFO - [2023-12-21T19:19:39.553+0000] {dag.py:3820} INFO - Setting next_dagrun for dataset_consumes_1 to None, run_after=None
[2023-12-21T19:19:39.561+0000] {logging_mixin.py:188} INFO - [2023-12-21T19:19:39.560+0000] {dag.py:3820} INFO - Setting next_dagrun for dataset_consumes_1_and_2 to None, run_after=None
[2023-12-21T19:19:39.563+0000] {logging_mixin.py:188} INFO - [2023-12-21T19:19:39.562+0000] {dag.py:3820} INFO - Setting next_dagrun for dataset_consumes_1_never_scheduled to None, run_after=None
[2023-12-21T19:19:39.565+0000] {logging_mixin.py:188} INFO - [2023-12-21T19:19:39.564+0000] {dag.py:3820} INFO - Setting next_dagrun for dataset_consumes_unknown_never_scheduled to None, run_after=None
[2023-12-21T19:19:39.570+0000] {logging_mixin.py:188} INFO - [2023-12-21T19:19:39.570+0000] {dag.py:3820} INFO - Setting next_dagrun for dataset_produces_1 to 2023-12-20T00:00:00+00:00, run_after=2023-12-21T00:00:00+00:00
[2023-12-21T19:19:39.574+0000] {logging_mixin.py:188} INFO - [2023-12-21T19:19:39.574+0000] {dag.py:3820} INFO - Setting next_dagrun for dataset_produces_2 to None, run_after=None
[2023-12-21T19:19:39.632+0000] {processor.py:183} INFO - Processing /home/airflow/.local/lib/python3.8/site-packages/airflow/example_dags/example_datasets.py took 0.242 seconds
[2023-12-21T19:20:10.162+0000] {processor.py:161} INFO - Started process (PID=262) to work on /home/airflow/.local/lib/python3.8/site-packages/airflow/example_dags/example_datasets.py
[2023-12-21T19:20:10.170+0000] {processor.py:830} INFO - Processing file /home/airflow/.local/lib/python3.8/site-packages/airflow/example_dags/example_datasets.py for tasks to queue
[2023-12-21T19:20:10.174+0000] {logging_mixin.py:188} INFO - [2023-12-21T19:20:10.173+0000] {dagbag.py:538} INFO - Filling up the DagBag from /home/airflow/.local/lib/python3.8/site-packages/airflow/example_dags/example_datasets.py
[2023-12-21T19:20:10.188+0000] {processor.py:840} INFO - DAG(s) 'dataset_produces_2', 'dataset_consumes_1_never_scheduled', 'dataset_consumes_1', 'dataset_consumes_1_and_2', 'dataset_consumes_unknown_never_scheduled', 'dataset_produces_1' retrieved from /home/airflow/.local/lib/python3.8/site-packages/airflow/example_dags/example_datasets.py
[2023-12-21T19:20:10.231+0000] {logging_mixin.py:188} INFO - [2023-12-21T19:20:10.231+0000] {dag.py:3033} INFO - Sync 6 DAGs
[2023-12-21T19:20:10.260+0000] {logging_mixin.py:188} INFO - [2023-12-21T19:20:10.259+0000] {dag.py:3820} INFO - Setting next_dagrun for dataset_consumes_1 to None, run_after=None
[2023-12-21T19:20:10.265+0000] {logging_mixin.py:188} INFO - [2023-12-21T19:20:10.265+0000] {dag.py:3820} INFO - Setting next_dagrun for dataset_consumes_1_and_2 to None, run_after=None
[2023-12-21T19:20:10.267+0000] {logging_mixin.py:188} INFO - [2023-12-21T19:20:10.267+0000] {dag.py:3820} INFO - Setting next_dagrun for dataset_consumes_1_never_scheduled to None, run_after=None
[2023-12-21T19:20:10.269+0000] {logging_mixin.py:188} INFO - [2023-12-21T19:20:10.269+0000] {dag.py:3820} INFO - Setting next_dagrun for dataset_consumes_unknown_never_scheduled to None, run_after=None
[2023-12-21T19:20:10.274+0000] {logging_mixin.py:188} INFO - [2023-12-21T19:20:10.274+0000] {dag.py:3820} INFO - Setting next_dagrun for dataset_produces_1 to 2023-12-20T00:00:00+00:00, run_after=2023-12-21T00:00:00+00:00
[2023-12-21T19:20:10.276+0000] {logging_mixin.py:188} INFO - [2023-12-21T19:20:10.276+0000] {dag.py:3820} INFO - Setting next_dagrun for dataset_produces_2 to None, run_after=None
[2023-12-21T19:20:10.324+0000] {processor.py:183} INFO - Processing /home/airflow/.local/lib/python3.8/site-packages/airflow/example_dags/example_datasets.py took 0.168 seconds
[2023-12-21T19:20:41.032+0000] {processor.py:161} INFO - Started process (PID=317) to work on /home/airflow/.local/lib/python3.8/site-packages/airflow/example_dags/example_datasets.py
[2023-12-21T19:20:41.033+0000] {processor.py:830} INFO - Processing file /home/airflow/.local/lib/python3.8/site-packages/airflow/example_dags/example_datasets.py for tasks to queue
[2023-12-21T19:20:41.048+0000] {logging_mixin.py:188} INFO - [2023-12-21T19:20:41.048+0000] {dagbag.py:538} INFO - Filling up the DagBag from /home/airflow/.local/lib/python3.8/site-packages/airflow/example_dags/example_datasets.py
[2023-12-21T19:20:41.094+0000] {processor.py:840} INFO - DAG(s) 'dataset_consumes_1_and_2', 'dataset_consumes_1_never_scheduled', 'dataset_consumes_unknown_never_scheduled', 'dataset_produces_1', 'dataset_consumes_1', 'dataset_produces_2' retrieved from /home/airflow/.local/lib/python3.8/site-packages/airflow/example_dags/example_datasets.py
[2023-12-21T19:20:41.214+0000] {logging_mixin.py:188} INFO - [2023-12-21T19:20:41.214+0000] {dag.py:3033} INFO - Sync 6 DAGs
[2023-12-21T19:20:41.255+0000] {logging_mixin.py:188} INFO - [2023-12-21T19:20:41.255+0000] {dag.py:3820} INFO - Setting next_dagrun for dataset_consumes_1 to None, run_after=None
[2023-12-21T19:20:41.261+0000] {logging_mixin.py:188} INFO - [2023-12-21T19:20:41.261+0000] {dag.py:3820} INFO - Setting next_dagrun for dataset_consumes_1_and_2 to None, run_after=None
[2023-12-21T19:20:41.262+0000] {logging_mixin.py:188} INFO - [2023-12-21T19:20:41.262+0000] {dag.py:3820} INFO - Setting next_dagrun for dataset_consumes_1_never_scheduled to None, run_after=None
[2023-12-21T19:20:41.265+0000] {logging_mixin.py:188} INFO - [2023-12-21T19:20:41.264+0000] {dag.py:3820} INFO - Setting next_dagrun for dataset_consumes_unknown_never_scheduled to None, run_after=None
[2023-12-21T19:20:41.274+0000] {logging_mixin.py:188} INFO - [2023-12-21T19:20:41.274+0000] {dag.py:3820} INFO - Setting next_dagrun for dataset_produces_1 to 2023-12-20T00:00:00+00:00, run_after=2023-12-21T00:00:00+00:00
[2023-12-21T19:20:41.276+0000] {logging_mixin.py:188} INFO - [2023-12-21T19:20:41.276+0000] {dag.py:3820} INFO - Setting next_dagrun for dataset_produces_2 to None, run_after=None
[2023-12-21T19:20:41.329+0000] {processor.py:183} INFO - Processing /home/airflow/.local/lib/python3.8/site-packages/airflow/example_dags/example_datasets.py took 0.312 seconds
[2023-12-21T19:21:11.521+0000] {processor.py:161} INFO - Started process (PID=373) to work on /home/airflow/.local/lib/python3.8/site-packages/airflow/example_dags/example_datasets.py
[2023-12-21T19:21:11.523+0000] {processor.py:830} INFO - Processing file /home/airflow/.local/lib/python3.8/site-packages/airflow/example_dags/example_datasets.py for tasks to queue
[2023-12-21T19:21:11.527+0000] {logging_mixin.py:188} INFO - [2023-12-21T19:21:11.526+0000] {dagbag.py:538} INFO - Filling up the DagBag from /home/airflow/.local/lib/python3.8/site-packages/airflow/example_dags/example_datasets.py
[2023-12-21T19:21:11.542+0000] {processor.py:840} INFO - DAG(s) 'dataset_consumes_unknown_never_scheduled', 'dataset_produces_2', 'dataset_produces_1', 'dataset_consumes_1_never_scheduled', 'dataset_consumes_1', 'dataset_consumes_1_and_2' retrieved from /home/airflow/.local/lib/python3.8/site-packages/airflow/example_dags/example_datasets.py
[2023-12-21T19:21:11.644+0000] {logging_mixin.py:188} INFO - [2023-12-21T19:21:11.643+0000] {dag.py:3033} INFO - Sync 6 DAGs
[2023-12-21T19:21:11.725+0000] {logging_mixin.py:188} INFO - [2023-12-21T19:21:11.725+0000] {dag.py:3820} INFO - Setting next_dagrun for dataset_consumes_1 to None, run_after=None
[2023-12-21T19:21:11.740+0000] {logging_mixin.py:188} INFO - [2023-12-21T19:21:11.740+0000] {dag.py:3820} INFO - Setting next_dagrun for dataset_consumes_1_and_2 to None, run_after=None
[2023-12-21T19:21:11.745+0000] {logging_mixin.py:188} INFO - [2023-12-21T19:21:11.745+0000] {dag.py:3820} INFO - Setting next_dagrun for dataset_consumes_1_never_scheduled to None, run_after=None
[2023-12-21T19:21:11.758+0000] {logging_mixin.py:188} INFO - [2023-12-21T19:21:11.758+0000] {dag.py:3820} INFO - Setting next_dagrun for dataset_consumes_unknown_never_scheduled to None, run_after=None
[2023-12-21T19:21:11.767+0000] {logging_mixin.py:188} INFO - [2023-12-21T19:21:11.766+0000] {dag.py:3820} INFO - Setting next_dagrun for dataset_produces_1 to 2023-12-20T00:00:00+00:00, run_after=2023-12-21T00:00:00+00:00
[2023-12-21T19:21:11.769+0000] {logging_mixin.py:188} INFO - [2023-12-21T19:21:11.769+0000] {dag.py:3820} INFO - Setting next_dagrun for dataset_produces_2 to None, run_after=None
[2023-12-21T19:21:11.851+0000] {processor.py:183} INFO - Processing /home/airflow/.local/lib/python3.8/site-packages/airflow/example_dags/example_datasets.py took 0.336 seconds
[2023-12-21T19:21:42.098+0000] {processor.py:161} INFO - Started process (PID=427) to work on /home/airflow/.local/lib/python3.8/site-packages/airflow/example_dags/example_datasets.py
[2023-12-21T19:21:42.108+0000] {processor.py:830} INFO - Processing file /home/airflow/.local/lib/python3.8/site-packages/airflow/example_dags/example_datasets.py for tasks to queue
[2023-12-21T19:21:42.114+0000] {logging_mixin.py:188} INFO - [2023-12-21T19:21:42.113+0000] {dagbag.py:538} INFO - Filling up the DagBag from /home/airflow/.local/lib/python3.8/site-packages/airflow/example_dags/example_datasets.py
[2023-12-21T19:21:42.143+0000] {processor.py:840} INFO - DAG(s) 'dataset_produces_1', 'dataset_produces_2', 'dataset_consumes_1', 'dataset_consumes_1_and_2', 'dataset_consumes_1_never_scheduled', 'dataset_consumes_unknown_never_scheduled' retrieved from /home/airflow/.local/lib/python3.8/site-packages/airflow/example_dags/example_datasets.py
[2023-12-21T19:21:42.209+0000] {logging_mixin.py:188} INFO - [2023-12-21T19:21:42.209+0000] {dag.py:3033} INFO - Sync 6 DAGs
[2023-12-21T19:21:42.249+0000] {logging_mixin.py:188} INFO - [2023-12-21T19:21:42.249+0000] {dag.py:3820} INFO - Setting next_dagrun for dataset_consumes_1 to None, run_after=None
[2023-12-21T19:21:42.257+0000] {logging_mixin.py:188} INFO - [2023-12-21T19:21:42.257+0000] {dag.py:3820} INFO - Setting next_dagrun for dataset_consumes_1_and_2 to None, run_after=None
[2023-12-21T19:21:42.259+0000] {logging_mixin.py:188} INFO - [2023-12-21T19:21:42.259+0000] {dag.py:3820} INFO - Setting next_dagrun for dataset_consumes_1_never_scheduled to None, run_after=None
[2023-12-21T19:21:42.262+0000] {logging_mixin.py:188} INFO - [2023-12-21T19:21:42.261+0000] {dag.py:3820} INFO - Setting next_dagrun for dataset_consumes_unknown_never_scheduled to None, run_after=None
[2023-12-21T19:21:42.267+0000] {logging_mixin.py:188} INFO - [2023-12-21T19:21:42.267+0000] {dag.py:3820} INFO - Setting next_dagrun for dataset_produces_1 to 2023-12-20T00:00:00+00:00, run_after=2023-12-21T00:00:00+00:00
[2023-12-21T19:21:42.270+0000] {logging_mixin.py:188} INFO - [2023-12-21T19:21:42.270+0000] {dag.py:3820} INFO - Setting next_dagrun for dataset_produces_2 to None, run_after=None
[2023-12-21T19:21:42.335+0000] {processor.py:183} INFO - Processing /home/airflow/.local/lib/python3.8/site-packages/airflow/example_dags/example_datasets.py took 0.251 seconds
[2023-12-21T19:22:12.934+0000] {processor.py:161} INFO - Started process (PID=482) to work on /home/airflow/.local/lib/python3.8/site-packages/airflow/example_dags/example_datasets.py
[2023-12-21T19:22:12.936+0000] {processor.py:830} INFO - Processing file /home/airflow/.local/lib/python3.8/site-packages/airflow/example_dags/example_datasets.py for tasks to queue
[2023-12-21T19:22:12.944+0000] {logging_mixin.py:188} INFO - [2023-12-21T19:22:12.943+0000] {dagbag.py:538} INFO - Filling up the DagBag from /home/airflow/.local/lib/python3.8/site-packages/airflow/example_dags/example_datasets.py
[2023-12-21T19:22:12.972+0000] {processor.py:840} INFO - DAG(s) 'dataset_produces_2', 'dataset_consumes_unknown_never_scheduled', 'dataset_produces_1', 'dataset_consumes_1_never_scheduled', 'dataset_consumes_1', 'dataset_consumes_1_and_2' retrieved from /home/airflow/.local/lib/python3.8/site-packages/airflow/example_dags/example_datasets.py
[2023-12-21T19:22:13.042+0000] {logging_mixin.py:188} INFO - [2023-12-21T19:22:13.041+0000] {dag.py:3033} INFO - Sync 6 DAGs
[2023-12-21T19:22:13.086+0000] {logging_mixin.py:188} INFO - [2023-12-21T19:22:13.085+0000] {dag.py:3820} INFO - Setting next_dagrun for dataset_consumes_1 to None, run_after=None
[2023-12-21T19:22:13.090+0000] {logging_mixin.py:188} INFO - [2023-12-21T19:22:13.090+0000] {dag.py:3820} INFO - Setting next_dagrun for dataset_consumes_1_and_2 to None, run_after=None
[2023-12-21T19:22:13.092+0000] {logging_mixin.py:188} INFO - [2023-12-21T19:22:13.092+0000] {dag.py:3820} INFO - Setting next_dagrun for dataset_consumes_1_never_scheduled to None, run_after=None
[2023-12-21T19:22:13.093+0000] {logging_mixin.py:188} INFO - [2023-12-21T19:22:13.093+0000] {dag.py:3820} INFO - Setting next_dagrun for dataset_consumes_unknown_never_scheduled to None, run_after=None
[2023-12-21T19:22:13.099+0000] {logging_mixin.py:188} INFO - [2023-12-21T19:22:13.098+0000] {dag.py:3820} INFO - Setting next_dagrun for dataset_produces_1 to 2023-12-20T00:00:00+00:00, run_after=2023-12-21T00:00:00+00:00
[2023-12-21T19:22:13.104+0000] {logging_mixin.py:188} INFO - [2023-12-21T19:22:13.104+0000] {dag.py:3820} INFO - Setting next_dagrun for dataset_produces_2 to None, run_after=None
[2023-12-21T19:22:13.219+0000] {processor.py:183} INFO - Processing /home/airflow/.local/lib/python3.8/site-packages/airflow/example_dags/example_datasets.py took 0.303 seconds
[2023-12-21T19:22:43.429+0000] {processor.py:161} INFO - Started process (PID=537) to work on /home/airflow/.local/lib/python3.8/site-packages/airflow/example_dags/example_datasets.py
[2023-12-21T19:22:43.438+0000] {processor.py:830} INFO - Processing file /home/airflow/.local/lib/python3.8/site-packages/airflow/example_dags/example_datasets.py for tasks to queue
[2023-12-21T19:22:43.442+0000] {logging_mixin.py:188} INFO - [2023-12-21T19:22:43.441+0000] {dagbag.py:538} INFO - Filling up the DagBag from /home/airflow/.local/lib/python3.8/site-packages/airflow/example_dags/example_datasets.py
[2023-12-21T19:22:43.460+0000] {processor.py:840} INFO - DAG(s) 'dataset_consumes_1', 'dataset_produces_1', 'dataset_consumes_1_never_scheduled', 'dataset_produces_2', 'dataset_consumes_unknown_never_scheduled', 'dataset_consumes_1_and_2' retrieved from /home/airflow/.local/lib/python3.8/site-packages/airflow/example_dags/example_datasets.py
[2023-12-21T19:22:43.532+0000] {logging_mixin.py:188} INFO - [2023-12-21T19:22:43.532+0000] {dag.py:3033} INFO - Sync 6 DAGs
[2023-12-21T19:22:43.574+0000] {logging_mixin.py:188} INFO - [2023-12-21T19:22:43.574+0000] {dag.py:3820} INFO - Setting next_dagrun for dataset_consumes_1 to None, run_after=None
[2023-12-21T19:22:43.582+0000] {logging_mixin.py:188} INFO - [2023-12-21T19:22:43.581+0000] {dag.py:3820} INFO - Setting next_dagrun for dataset_consumes_1_and_2 to None, run_after=None
[2023-12-21T19:22:43.584+0000] {logging_mixin.py:188} INFO - [2023-12-21T19:22:43.584+0000] {dag.py:3820} INFO - Setting next_dagrun for dataset_consumes_1_never_scheduled to None, run_after=None
[2023-12-21T19:22:43.585+0000] {logging_mixin.py:188} INFO - [2023-12-21T19:22:43.585+0000] {dag.py:3820} INFO - Setting next_dagrun for dataset_consumes_unknown_never_scheduled to None, run_after=None
[2023-12-21T19:22:43.590+0000] {logging_mixin.py:188} INFO - [2023-12-21T19:22:43.590+0000] {dag.py:3820} INFO - Setting next_dagrun for dataset_produces_1 to 2023-12-20T00:00:00+00:00, run_after=2023-12-21T00:00:00+00:00
[2023-12-21T19:22:43.592+0000] {logging_mixin.py:188} INFO - [2023-12-21T19:22:43.592+0000] {dag.py:3820} INFO - Setting next_dagrun for dataset_produces_2 to None, run_after=None
[2023-12-21T19:22:43.656+0000] {processor.py:183} INFO - Processing /home/airflow/.local/lib/python3.8/site-packages/airflow/example_dags/example_datasets.py took 0.239 seconds
[2023-12-21T19:23:14.143+0000] {processor.py:161} INFO - Started process (PID=592) to work on /home/airflow/.local/lib/python3.8/site-packages/airflow/example_dags/example_datasets.py
[2023-12-21T19:23:14.144+0000] {processor.py:830} INFO - Processing file /home/airflow/.local/lib/python3.8/site-packages/airflow/example_dags/example_datasets.py for tasks to queue
[2023-12-21T19:23:14.148+0000] {logging_mixin.py:188} INFO - [2023-12-21T19:23:14.147+0000] {dagbag.py:538} INFO - Filling up the DagBag from /home/airflow/.local/lib/python3.8/site-packages/airflow/example_dags/example_datasets.py
[2023-12-21T19:23:14.167+0000] {processor.py:840} INFO - DAG(s) 'dataset_consumes_1', 'dataset_consumes_1_and_2', 'dataset_consumes_unknown_never_scheduled', 'dataset_produces_1', 'dataset_consumes_1_never_scheduled', 'dataset_produces_2' retrieved from /home/airflow/.local/lib/python3.8/site-packages/airflow/example_dags/example_datasets.py
[2023-12-21T19:23:14.232+0000] {logging_mixin.py:188} INFO - [2023-12-21T19:23:14.232+0000] {dag.py:3033} INFO - Sync 6 DAGs
[2023-12-21T19:23:14.270+0000] {logging_mixin.py:188} INFO - [2023-12-21T19:23:14.270+0000] {dag.py:3820} INFO - Setting next_dagrun for dataset_consumes_1 to None, run_after=None
[2023-12-21T19:23:14.276+0000] {logging_mixin.py:188} INFO - [2023-12-21T19:23:14.276+0000] {dag.py:3820} INFO - Setting next_dagrun for dataset_consumes_1_and_2 to None, run_after=None
[2023-12-21T19:23:14.279+0000] {logging_mixin.py:188} INFO - [2023-12-21T19:23:14.279+0000] {dag.py:3820} INFO - Setting next_dagrun for dataset_consumes_1_never_scheduled to None, run_after=None
[2023-12-21T19:23:14.282+0000] {logging_mixin.py:188} INFO - [2023-12-21T19:23:14.282+0000] {dag.py:3820} INFO - Setting next_dagrun for dataset_consumes_unknown_never_scheduled to None, run_after=None
[2023-12-21T19:23:14.286+0000] {logging_mixin.py:188} INFO - [2023-12-21T19:23:14.285+0000] {dag.py:3820} INFO - Setting next_dagrun for dataset_produces_1 to 2023-12-20T00:00:00+00:00, run_after=2023-12-21T00:00:00+00:00
[2023-12-21T19:23:14.288+0000] {logging_mixin.py:188} INFO - [2023-12-21T19:23:14.287+0000] {dag.py:3820} INFO - Setting next_dagrun for dataset_produces_2 to None, run_after=None
[2023-12-21T19:23:14.351+0000] {processor.py:183} INFO - Processing /home/airflow/.local/lib/python3.8/site-packages/airflow/example_dags/example_datasets.py took 0.216 seconds
[2023-12-21T19:23:44.452+0000] {processor.py:161} INFO - Started process (PID=646) to work on /home/airflow/.local/lib/python3.8/site-packages/airflow/example_dags/example_datasets.py
[2023-12-21T19:23:44.461+0000] {processor.py:830} INFO - Processing file /home/airflow/.local/lib/python3.8/site-packages/airflow/example_dags/example_datasets.py for tasks to queue
[2023-12-21T19:23:44.466+0000] {logging_mixin.py:188} INFO - [2023-12-21T19:23:44.466+0000] {dagbag.py:538} INFO - Filling up the DagBag from /home/airflow/.local/lib/python3.8/site-packages/airflow/example_dags/example_datasets.py
[2023-12-21T19:23:44.489+0000] {processor.py:840} INFO - DAG(s) 'dataset_consumes_1_and_2', 'dataset_produces_1', 'dataset_produces_2', 'dataset_consumes_unknown_never_scheduled', 'dataset_consumes_1_never_scheduled', 'dataset_consumes_1' retrieved from /home/airflow/.local/lib/python3.8/site-packages/airflow/example_dags/example_datasets.py
[2023-12-21T19:23:44.584+0000] {logging_mixin.py:188} INFO - [2023-12-21T19:23:44.583+0000] {dag.py:3033} INFO - Sync 6 DAGs
[2023-12-21T19:23:44.651+0000] {logging_mixin.py:188} INFO - [2023-12-21T19:23:44.651+0000] {dag.py:3820} INFO - Setting next_dagrun for dataset_consumes_1 to None, run_after=None
[2023-12-21T19:23:44.660+0000] {logging_mixin.py:188} INFO - [2023-12-21T19:23:44.660+0000] {dag.py:3820} INFO - Setting next_dagrun for dataset_consumes_1_and_2 to None, run_after=None
[2023-12-21T19:23:44.662+0000] {logging_mixin.py:188} INFO - [2023-12-21T19:23:44.662+0000] {dag.py:3820} INFO - Setting next_dagrun for dataset_consumes_1_never_scheduled to None, run_after=None
[2023-12-21T19:23:44.664+0000] {logging_mixin.py:188} INFO - [2023-12-21T19:23:44.664+0000] {dag.py:3820} INFO - Setting next_dagrun for dataset_consumes_unknown_never_scheduled to None, run_after=None
[2023-12-21T19:23:44.670+0000] {logging_mixin.py:188} INFO - [2023-12-21T19:23:44.670+0000] {dag.py:3820} INFO - Setting next_dagrun for dataset_produces_1 to 2023-12-20T00:00:00+00:00, run_after=2023-12-21T00:00:00+00:00
[2023-12-21T19:23:44.677+0000] {logging_mixin.py:188} INFO - [2023-12-21T19:23:44.677+0000] {dag.py:3820} INFO - Setting next_dagrun for dataset_produces_2 to None, run_after=None
[2023-12-21T19:23:44.761+0000] {processor.py:183} INFO - Processing /home/airflow/.local/lib/python3.8/site-packages/airflow/example_dags/example_datasets.py took 0.313 seconds
[2023-12-21T19:24:15.308+0000] {processor.py:161} INFO - Started process (PID=700) to work on /home/airflow/.local/lib/python3.8/site-packages/airflow/example_dags/example_datasets.py
[2023-12-21T19:24:15.309+0000] {processor.py:830} INFO - Processing file /home/airflow/.local/lib/python3.8/site-packages/airflow/example_dags/example_datasets.py for tasks to queue
[2023-12-21T19:24:15.313+0000] {logging_mixin.py:188} INFO - [2023-12-21T19:24:15.312+0000] {dagbag.py:538} INFO - Filling up the DagBag from /home/airflow/.local/lib/python3.8/site-packages/airflow/example_dags/example_datasets.py
[2023-12-21T19:24:15.330+0000] {processor.py:840} INFO - DAG(s) 'dataset_produces_1', 'dataset_consumes_1_and_2', 'dataset_produces_2', 'dataset_consumes_unknown_never_scheduled', 'dataset_consumes_1_never_scheduled', 'dataset_consumes_1' retrieved from /home/airflow/.local/lib/python3.8/site-packages/airflow/example_dags/example_datasets.py
[2023-12-21T19:24:15.404+0000] {logging_mixin.py:188} INFO - [2023-12-21T19:24:15.404+0000] {dag.py:3033} INFO - Sync 6 DAGs
[2023-12-21T19:24:15.448+0000] {logging_mixin.py:188} INFO - [2023-12-21T19:24:15.447+0000] {dag.py:3820} INFO - Setting next_dagrun for dataset_consumes_1 to None, run_after=None
[2023-12-21T19:24:15.453+0000] {logging_mixin.py:188} INFO - [2023-12-21T19:24:15.453+0000] {dag.py:3820} INFO - Setting next_dagrun for dataset_consumes_1_and_2 to None, run_after=None
[2023-12-21T19:24:15.456+0000] {logging_mixin.py:188} INFO - [2023-12-21T19:24:15.455+0000] {dag.py:3820} INFO - Setting next_dagrun for dataset_consumes_1_never_scheduled to None, run_after=None
[2023-12-21T19:24:15.458+0000] {logging_mixin.py:188} INFO - [2023-12-21T19:24:15.458+0000] {dag.py:3820} INFO - Setting next_dagrun for dataset_consumes_unknown_never_scheduled to None, run_after=None
[2023-12-21T19:24:15.463+0000] {logging_mixin.py:188} INFO - [2023-12-21T19:24:15.463+0000] {dag.py:3820} INFO - Setting next_dagrun for dataset_produces_1 to 2023-12-20T00:00:00+00:00, run_after=2023-12-21T00:00:00+00:00
[2023-12-21T19:24:15.465+0000] {logging_mixin.py:188} INFO - [2023-12-21T19:24:15.464+0000] {dag.py:3820} INFO - Setting next_dagrun for dataset_produces_2 to None, run_after=None
[2023-12-21T19:24:15.521+0000] {processor.py:183} INFO - Processing /home/airflow/.local/lib/python3.8/site-packages/airflow/example_dags/example_datasets.py took 0.218 seconds
[2023-12-21T19:24:45.686+0000] {processor.py:161} INFO - Started process (PID=755) to work on /home/airflow/.local/lib/python3.8/site-packages/airflow/example_dags/example_datasets.py
[2023-12-21T19:24:45.696+0000] {processor.py:830} INFO - Processing file /home/airflow/.local/lib/python3.8/site-packages/airflow/example_dags/example_datasets.py for tasks to queue
[2023-12-21T19:24:45.700+0000] {logging_mixin.py:188} INFO - [2023-12-21T19:24:45.699+0000] {dagbag.py:538} INFO - Filling up the DagBag from /home/airflow/.local/lib/python3.8/site-packages/airflow/example_dags/example_datasets.py
[2023-12-21T19:24:45.717+0000] {processor.py:840} INFO - DAG(s) 'dataset_produces_2', 'dataset_consumes_1', 'dataset_consumes_1_and_2', 'dataset_produces_1', 'dataset_consumes_1_never_scheduled', 'dataset_consumes_unknown_never_scheduled' retrieved from /home/airflow/.local/lib/python3.8/site-packages/airflow/example_dags/example_datasets.py
[2023-12-21T19:24:45.803+0000] {logging_mixin.py:188} INFO - [2023-12-21T19:24:45.803+0000] {dag.py:3033} INFO - Sync 6 DAGs
[2023-12-21T19:24:45.854+0000] {logging_mixin.py:188} INFO - [2023-12-21T19:24:45.853+0000] {dag.py:3820} INFO - Setting next_dagrun for dataset_consumes_1 to None, run_after=None
[2023-12-21T19:24:45.864+0000] {logging_mixin.py:188} INFO - [2023-12-21T19:24:45.863+0000] {dag.py:3820} INFO - Setting next_dagrun for dataset_consumes_1_and_2 to None, run_after=None
[2023-12-21T19:24:45.865+0000] {logging_mixin.py:188} INFO - [2023-12-21T19:24:45.865+0000] {dag.py:3820} INFO - Setting next_dagrun for dataset_consumes_1_never_scheduled to None, run_after=None
[2023-12-21T19:24:45.867+0000] {logging_mixin.py:188} INFO - [2023-12-21T19:24:45.866+0000] {dag.py:3820} INFO - Setting next_dagrun for dataset_consumes_unknown_never_scheduled to None, run_after=None
[2023-12-21T19:24:45.872+0000] {logging_mixin.py:188} INFO - [2023-12-21T19:24:45.871+0000] {dag.py:3820} INFO - Setting next_dagrun for dataset_produces_1 to 2023-12-20T00:00:00+00:00, run_after=2023-12-21T00:00:00+00:00
[2023-12-21T19:24:45.876+0000] {logging_mixin.py:188} INFO - [2023-12-21T19:24:45.876+0000] {dag.py:3820} INFO - Setting next_dagrun for dataset_produces_2 to None, run_after=None
[2023-12-21T19:24:45.946+0000] {processor.py:183} INFO - Processing /home/airflow/.local/lib/python3.8/site-packages/airflow/example_dags/example_datasets.py took 0.279 seconds
[2023-12-21T19:25:16.117+0000] {processor.py:161} INFO - Started process (PID=810) to work on /home/airflow/.local/lib/python3.8/site-packages/airflow/example_dags/example_datasets.py
[2023-12-21T19:25:16.126+0000] {processor.py:830} INFO - Processing file /home/airflow/.local/lib/python3.8/site-packages/airflow/example_dags/example_datasets.py for tasks to queue
[2023-12-21T19:25:16.130+0000] {logging_mixin.py:188} INFO - [2023-12-21T19:25:16.130+0000] {dagbag.py:538} INFO - Filling up the DagBag from /home/airflow/.local/lib/python3.8/site-packages/airflow/example_dags/example_datasets.py
[2023-12-21T19:25:16.153+0000] {processor.py:840} INFO - DAG(s) 'dataset_produces_1', 'dataset_consumes_1_never_scheduled', 'dataset_produces_2', 'dataset_consumes_1', 'dataset_consumes_1_and_2', 'dataset_consumes_unknown_never_scheduled' retrieved from /home/airflow/.local/lib/python3.8/site-packages/airflow/example_dags/example_datasets.py
[2023-12-21T19:25:16.225+0000] {logging_mixin.py:188} INFO - [2023-12-21T19:25:16.225+0000] {dag.py:3033} INFO - Sync 6 DAGs
[2023-12-21T19:25:16.283+0000] {logging_mixin.py:188} INFO - [2023-12-21T19:25:16.282+0000] {dag.py:3820} INFO - Setting next_dagrun for dataset_consumes_1 to None, run_after=None
[2023-12-21T19:25:16.293+0000] {logging_mixin.py:188} INFO - [2023-12-21T19:25:16.293+0000] {dag.py:3820} INFO - Setting next_dagrun for dataset_consumes_1_and_2 to None, run_after=None
[2023-12-21T19:25:16.295+0000] {logging_mixin.py:188} INFO - [2023-12-21T19:25:16.295+0000] {dag.py:3820} INFO - Setting next_dagrun for dataset_consumes_1_never_scheduled to None, run_after=None
[2023-12-21T19:25:16.298+0000] {logging_mixin.py:188} INFO - [2023-12-21T19:25:16.298+0000] {dag.py:3820} INFO - Setting next_dagrun for dataset_consumes_unknown_never_scheduled to None, run_after=None
[2023-12-21T19:25:16.305+0000] {logging_mixin.py:188} INFO - [2023-12-21T19:25:16.305+0000] {dag.py:3820} INFO - Setting next_dagrun for dataset_produces_1 to 2023-12-20T00:00:00+00:00, run_after=2023-12-21T00:00:00+00:00
[2023-12-21T19:25:16.308+0000] {logging_mixin.py:188} INFO - [2023-12-21T19:25:16.308+0000] {dag.py:3820} INFO - Setting next_dagrun for dataset_produces_2 to None, run_after=None
[2023-12-21T19:25:16.377+0000] {processor.py:183} INFO - Processing /home/airflow/.local/lib/python3.8/site-packages/airflow/example_dags/example_datasets.py took 0.268 seconds
[2023-12-21T19:25:47.194+0000] {processor.py:161} INFO - Started process (PID=865) to work on /home/airflow/.local/lib/python3.8/site-packages/airflow/example_dags/example_datasets.py
[2023-12-21T19:25:47.202+0000] {processor.py:830} INFO - Processing file /home/airflow/.local/lib/python3.8/site-packages/airflow/example_dags/example_datasets.py for tasks to queue
[2023-12-21T19:25:47.209+0000] {logging_mixin.py:188} INFO - [2023-12-21T19:25:47.208+0000] {dagbag.py:538} INFO - Filling up the DagBag from /home/airflow/.local/lib/python3.8/site-packages/airflow/example_dags/example_datasets.py
[2023-12-21T19:25:47.228+0000] {processor.py:840} INFO - DAG(s) 'dataset_produces_2', 'dataset_consumes_1_and_2', 'dataset_consumes_unknown_never_scheduled', 'dataset_consumes_1', 'dataset_consumes_1_never_scheduled', 'dataset_produces_1' retrieved from /home/airflow/.local/lib/python3.8/site-packages/airflow/example_dags/example_datasets.py
[2023-12-21T19:25:47.291+0000] {logging_mixin.py:188} INFO - [2023-12-21T19:25:47.291+0000] {dag.py:3033} INFO - Sync 6 DAGs
[2023-12-21T19:25:47.333+0000] {logging_mixin.py:188} INFO - [2023-12-21T19:25:47.332+0000] {dag.py:3820} INFO - Setting next_dagrun for dataset_consumes_1 to None, run_after=None
[2023-12-21T19:25:47.341+0000] {logging_mixin.py:188} INFO - [2023-12-21T19:25:47.341+0000] {dag.py:3820} INFO - Setting next_dagrun for dataset_consumes_1_and_2 to None, run_after=None
[2023-12-21T19:25:47.343+0000] {logging_mixin.py:188} INFO - [2023-12-21T19:25:47.343+0000] {dag.py:3820} INFO - Setting next_dagrun for dataset_consumes_1_never_scheduled to None, run_after=None
[2023-12-21T19:25:47.346+0000] {logging_mixin.py:188} INFO - [2023-12-21T19:25:47.346+0000] {dag.py:3820} INFO - Setting next_dagrun for dataset_consumes_unknown_never_scheduled to None, run_after=None
[2023-12-21T19:25:47.355+0000] {logging_mixin.py:188} INFO - [2023-12-21T19:25:47.355+0000] {dag.py:3820} INFO - Setting next_dagrun for dataset_produces_1 to 2023-12-20T00:00:00+00:00, run_after=2023-12-21T00:00:00+00:00
[2023-12-21T19:25:47.359+0000] {logging_mixin.py:188} INFO - [2023-12-21T19:25:47.359+0000] {dag.py:3820} INFO - Setting next_dagrun for dataset_produces_2 to None, run_after=None
[2023-12-21T19:25:47.426+0000] {processor.py:183} INFO - Processing /home/airflow/.local/lib/python3.8/site-packages/airflow/example_dags/example_datasets.py took 0.238 seconds
[2023-12-21T19:26:17.594+0000] {processor.py:161} INFO - Started process (PID=919) to work on /home/airflow/.local/lib/python3.8/site-packages/airflow/example_dags/example_datasets.py
[2023-12-21T19:26:17.596+0000] {processor.py:830} INFO - Processing file /home/airflow/.local/lib/python3.8/site-packages/airflow/example_dags/example_datasets.py for tasks to queue
[2023-12-21T19:26:17.605+0000] {logging_mixin.py:188} INFO - [2023-12-21T19:26:17.604+0000] {dagbag.py:538} INFO - Filling up the DagBag from /home/airflow/.local/lib/python3.8/site-packages/airflow/example_dags/example_datasets.py
[2023-12-21T19:26:17.643+0000] {processor.py:840} INFO - DAG(s) 'dataset_consumes_1_never_scheduled', 'dataset_consumes_1', 'dataset_produces_2', 'dataset_consumes_unknown_never_scheduled', 'dataset_produces_1', 'dataset_consumes_1_and_2' retrieved from /home/airflow/.local/lib/python3.8/site-packages/airflow/example_dags/example_datasets.py
[2023-12-21T19:26:17.724+0000] {logging_mixin.py:188} INFO - [2023-12-21T19:26:17.723+0000] {dag.py:3033} INFO - Sync 6 DAGs
[2023-12-21T19:26:17.770+0000] {logging_mixin.py:188} INFO - [2023-12-21T19:26:17.770+0000] {dag.py:3820} INFO - Setting next_dagrun for dataset_consumes_1 to None, run_after=None
[2023-12-21T19:26:17.777+0000] {logging_mixin.py:188} INFO - [2023-12-21T19:26:17.776+0000] {dag.py:3820} INFO - Setting next_dagrun for dataset_consumes_1_and_2 to None, run_after=None
[2023-12-21T19:26:17.780+0000] {logging_mixin.py:188} INFO - [2023-12-21T19:26:17.779+0000] {dag.py:3820} INFO - Setting next_dagrun for dataset_consumes_1_never_scheduled to None, run_after=None
[2023-12-21T19:26:17.782+0000] {logging_mixin.py:188} INFO - [2023-12-21T19:26:17.782+0000] {dag.py:3820} INFO - Setting next_dagrun for dataset_consumes_unknown_never_scheduled to None, run_after=None
[2023-12-21T19:26:17.786+0000] {logging_mixin.py:188} INFO - [2023-12-21T19:26:17.786+0000] {dag.py:3820} INFO - Setting next_dagrun for dataset_produces_1 to 2023-12-20T00:00:00+00:00, run_after=2023-12-21T00:00:00+00:00
[2023-12-21T19:26:17.788+0000] {logging_mixin.py:188} INFO - [2023-12-21T19:26:17.787+0000] {dag.py:3820} INFO - Setting next_dagrun for dataset_produces_2 to None, run_after=None
[2023-12-21T19:26:17.847+0000] {processor.py:183} INFO - Processing /home/airflow/.local/lib/python3.8/site-packages/airflow/example_dags/example_datasets.py took 0.266 seconds
[2023-12-21T19:26:48.017+0000] {processor.py:161} INFO - Started process (PID=974) to work on /home/airflow/.local/lib/python3.8/site-packages/airflow/example_dags/example_datasets.py
[2023-12-21T19:26:48.027+0000] {processor.py:830} INFO - Processing file /home/airflow/.local/lib/python3.8/site-packages/airflow/example_dags/example_datasets.py for tasks to queue
[2023-12-21T19:26:48.030+0000] {logging_mixin.py:188} INFO - [2023-12-21T19:26:48.030+0000] {dagbag.py:538} INFO - Filling up the DagBag from /home/airflow/.local/lib/python3.8/site-packages/airflow/example_dags/example_datasets.py
[2023-12-21T19:26:48.051+0000] {processor.py:840} INFO - DAG(s) 'dataset_consumes_1_never_scheduled', 'dataset_consumes_1_and_2', 'dataset_consumes_1', 'dataset_produces_1', 'dataset_produces_2', 'dataset_consumes_unknown_never_scheduled' retrieved from /home/airflow/.local/lib/python3.8/site-packages/airflow/example_dags/example_datasets.py
[2023-12-21T19:26:48.114+0000] {logging_mixin.py:188} INFO - [2023-12-21T19:26:48.114+0000] {dag.py:3033} INFO - Sync 6 DAGs
[2023-12-21T19:26:48.157+0000] {logging_mixin.py:188} INFO - [2023-12-21T19:26:48.157+0000] {dag.py:3820} INFO - Setting next_dagrun for dataset_consumes_1 to None, run_after=None
[2023-12-21T19:26:48.161+0000] {logging_mixin.py:188} INFO - [2023-12-21T19:26:48.161+0000] {dag.py:3820} INFO - Setting next_dagrun for dataset_consumes_1_and_2 to None, run_after=None
[2023-12-21T19:26:48.163+0000] {logging_mixin.py:188} INFO - [2023-12-21T19:26:48.163+0000] {dag.py:3820} INFO - Setting next_dagrun for dataset_consumes_1_never_scheduled to None, run_after=None
[2023-12-21T19:26:48.164+0000] {logging_mixin.py:188} INFO - [2023-12-21T19:26:48.164+0000] {dag.py:3820} INFO - Setting next_dagrun for dataset_consumes_unknown_never_scheduled to None, run_after=None
[2023-12-21T19:26:48.170+0000] {logging_mixin.py:188} INFO - [2023-12-21T19:26:48.170+0000] {dag.py:3820} INFO - Setting next_dagrun for dataset_produces_1 to 2023-12-20T00:00:00+00:00, run_after=2023-12-21T00:00:00+00:00
[2023-12-21T19:26:48.172+0000] {logging_mixin.py:188} INFO - [2023-12-21T19:26:48.172+0000] {dag.py:3820} INFO - Setting next_dagrun for dataset_produces_2 to None, run_after=None
[2023-12-21T19:26:48.233+0000] {processor.py:183} INFO - Processing /home/airflow/.local/lib/python3.8/site-packages/airflow/example_dags/example_datasets.py took 0.228 seconds
[2023-12-21T19:27:18.712+0000] {processor.py:161} INFO - Started process (PID=1029) to work on /home/airflow/.local/lib/python3.8/site-packages/airflow/example_dags/example_datasets.py
[2023-12-21T19:27:18.713+0000] {processor.py:830} INFO - Processing file /home/airflow/.local/lib/python3.8/site-packages/airflow/example_dags/example_datasets.py for tasks to queue
[2023-12-21T19:27:18.717+0000] {logging_mixin.py:188} INFO - [2023-12-21T19:27:18.716+0000] {dagbag.py:538} INFO - Filling up the DagBag from /home/airflow/.local/lib/python3.8/site-packages/airflow/example_dags/example_datasets.py
[2023-12-21T19:27:18.733+0000] {processor.py:840} INFO - DAG(s) 'dataset_consumes_1_never_scheduled', 'dataset_produces_2', 'dataset_consumes_1_and_2', 'dataset_consumes_1', 'dataset_produces_1', 'dataset_consumes_unknown_never_scheduled' retrieved from /home/airflow/.local/lib/python3.8/site-packages/airflow/example_dags/example_datasets.py
[2023-12-21T19:27:18.797+0000] {logging_mixin.py:188} INFO - [2023-12-21T19:27:18.797+0000] {dag.py:3033} INFO - Sync 6 DAGs
[2023-12-21T19:27:18.838+0000] {logging_mixin.py:188} INFO - [2023-12-21T19:27:18.838+0000] {dag.py:3820} INFO - Setting next_dagrun for dataset_consumes_1 to None, run_after=None
[2023-12-21T19:27:18.845+0000] {logging_mixin.py:188} INFO - [2023-12-21T19:27:18.845+0000] {dag.py:3820} INFO - Setting next_dagrun for dataset_consumes_1_and_2 to None, run_after=None
[2023-12-21T19:27:18.847+0000] {logging_mixin.py:188} INFO - [2023-12-21T19:27:18.847+0000] {dag.py:3820} INFO - Setting next_dagrun for dataset_consumes_1_never_scheduled to None, run_after=None
[2023-12-21T19:27:18.849+0000] {logging_mixin.py:188} INFO - [2023-12-21T19:27:18.849+0000] {dag.py:3820} INFO - Setting next_dagrun for dataset_consumes_unknown_never_scheduled to None, run_after=None
[2023-12-21T19:27:18.854+0000] {logging_mixin.py:188} INFO - [2023-12-21T19:27:18.853+0000] {dag.py:3820} INFO - Setting next_dagrun for dataset_produces_1 to 2023-12-20T00:00:00+00:00, run_after=2023-12-21T00:00:00+00:00
[2023-12-21T19:27:18.858+0000] {logging_mixin.py:188} INFO - [2023-12-21T19:27:18.857+0000] {dag.py:3820} INFO - Setting next_dagrun for dataset_produces_2 to None, run_after=None
[2023-12-21T19:27:18.917+0000] {processor.py:183} INFO - Processing /home/airflow/.local/lib/python3.8/site-packages/airflow/example_dags/example_datasets.py took 0.214 seconds
[2023-12-21T19:27:49.173+0000] {processor.py:161} INFO - Started process (PID=1083) to work on /home/airflow/.local/lib/python3.8/site-packages/airflow/example_dags/example_datasets.py
[2023-12-21T19:27:49.181+0000] {processor.py:830} INFO - Processing file /home/airflow/.local/lib/python3.8/site-packages/airflow/example_dags/example_datasets.py for tasks to queue
[2023-12-21T19:27:49.193+0000] {logging_mixin.py:188} INFO - [2023-12-21T19:27:49.192+0000] {dagbag.py:538} INFO - Filling up the DagBag from /home/airflow/.local/lib/python3.8/site-packages/airflow/example_dags/example_datasets.py
[2023-12-21T19:27:49.223+0000] {processor.py:840} INFO - DAG(s) 'dataset_produces_1', 'dataset_produces_2', 'dataset_consumes_1_and_2', 'dataset_consumes_1_never_scheduled', 'dataset_consumes_1', 'dataset_consumes_unknown_never_scheduled' retrieved from /home/airflow/.local/lib/python3.8/site-packages/airflow/example_dags/example_datasets.py
[2023-12-21T19:27:49.290+0000] {logging_mixin.py:188} INFO - [2023-12-21T19:27:49.289+0000] {dag.py:3033} INFO - Sync 6 DAGs
[2023-12-21T19:27:49.337+0000] {logging_mixin.py:188} INFO - [2023-12-21T19:27:49.337+0000] {dag.py:3820} INFO - Setting next_dagrun for dataset_consumes_1 to None, run_after=None
[2023-12-21T19:27:49.344+0000] {logging_mixin.py:188} INFO - [2023-12-21T19:27:49.344+0000] {dag.py:3820} INFO - Setting next_dagrun for dataset_consumes_1_and_2 to None, run_after=None
[2023-12-21T19:27:49.347+0000] {logging_mixin.py:188} INFO - [2023-12-21T19:27:49.347+0000] {dag.py:3820} INFO - Setting next_dagrun for dataset_consumes_1_never_scheduled to None, run_after=None
[2023-12-21T19:27:49.349+0000] {logging_mixin.py:188} INFO - [2023-12-21T19:27:49.349+0000] {dag.py:3820} INFO - Setting next_dagrun for dataset_consumes_unknown_never_scheduled to None, run_after=None
[2023-12-21T19:27:49.355+0000] {logging_mixin.py:188} INFO - [2023-12-21T19:27:49.354+0000] {dag.py:3820} INFO - Setting next_dagrun for dataset_produces_1 to 2023-12-20T00:00:00+00:00, run_after=2023-12-21T00:00:00+00:00
[2023-12-21T19:27:49.357+0000] {logging_mixin.py:188} INFO - [2023-12-21T19:27:49.357+0000] {dag.py:3820} INFO - Setting next_dagrun for dataset_produces_2 to None, run_after=None
[2023-12-21T19:27:49.428+0000] {processor.py:183} INFO - Processing /home/airflow/.local/lib/python3.8/site-packages/airflow/example_dags/example_datasets.py took 0.259 seconds
[2023-12-21T19:28:19.973+0000] {processor.py:161} INFO - Started process (PID=1139) to work on /home/airflow/.local/lib/python3.8/site-packages/airflow/example_dags/example_datasets.py
[2023-12-21T19:28:19.982+0000] {processor.py:830} INFO - Processing file /home/airflow/.local/lib/python3.8/site-packages/airflow/example_dags/example_datasets.py for tasks to queue
[2023-12-21T19:28:19.987+0000] {logging_mixin.py:188} INFO - [2023-12-21T19:28:19.987+0000] {dagbag.py:538} INFO - Filling up the DagBag from /home/airflow/.local/lib/python3.8/site-packages/airflow/example_dags/example_datasets.py
[2023-12-21T19:28:20.010+0000] {processor.py:840} INFO - DAG(s) 'dataset_produces_2', 'dataset_consumes_unknown_never_scheduled', 'dataset_consumes_1_and_2', 'dataset_consumes_1_never_scheduled', 'dataset_consumes_1', 'dataset_produces_1' retrieved from /home/airflow/.local/lib/python3.8/site-packages/airflow/example_dags/example_datasets.py
[2023-12-21T19:28:20.086+0000] {logging_mixin.py:188} INFO - [2023-12-21T19:28:20.086+0000] {dag.py:3033} INFO - Sync 6 DAGs
[2023-12-21T19:28:20.130+0000] {logging_mixin.py:188} INFO - [2023-12-21T19:28:20.130+0000] {dag.py:3820} INFO - Setting next_dagrun for dataset_consumes_1 to None, run_after=None
[2023-12-21T19:28:20.137+0000] {logging_mixin.py:188} INFO - [2023-12-21T19:28:20.137+0000] {dag.py:3820} INFO - Setting next_dagrun for dataset_consumes_1_and_2 to None, run_after=None
[2023-12-21T19:28:20.139+0000] {logging_mixin.py:188} INFO - [2023-12-21T19:28:20.139+0000] {dag.py:3820} INFO - Setting next_dagrun for dataset_consumes_1_never_scheduled to None, run_after=None
[2023-12-21T19:28:20.141+0000] {logging_mixin.py:188} INFO - [2023-12-21T19:28:20.141+0000] {dag.py:3820} INFO - Setting next_dagrun for dataset_consumes_unknown_never_scheduled to None, run_after=None
[2023-12-21T19:28:20.145+0000] {logging_mixin.py:188} INFO - [2023-12-21T19:28:20.145+0000] {dag.py:3820} INFO - Setting next_dagrun for dataset_produces_1 to 2023-12-20T00:00:00+00:00, run_after=2023-12-21T00:00:00+00:00
[2023-12-21T19:28:20.147+0000] {logging_mixin.py:188} INFO - [2023-12-21T19:28:20.147+0000] {dag.py:3820} INFO - Setting next_dagrun for dataset_produces_2 to None, run_after=None
[2023-12-21T19:28:20.214+0000] {processor.py:183} INFO - Processing /home/airflow/.local/lib/python3.8/site-packages/airflow/example_dags/example_datasets.py took 0.253 seconds
[2023-12-21T19:28:50.665+0000] {processor.py:161} INFO - Started process (PID=1193) to work on /home/airflow/.local/lib/python3.8/site-packages/airflow/example_dags/example_datasets.py
[2023-12-21T19:28:50.667+0000] {processor.py:830} INFO - Processing file /home/airflow/.local/lib/python3.8/site-packages/airflow/example_dags/example_datasets.py for tasks to queue
[2023-12-21T19:28:50.671+0000] {logging_mixin.py:188} INFO - [2023-12-21T19:28:50.670+0000] {dagbag.py:538} INFO - Filling up the DagBag from /home/airflow/.local/lib/python3.8/site-packages/airflow/example_dags/example_datasets.py
[2023-12-21T19:28:50.701+0000] {processor.py:840} INFO - DAG(s) 'dataset_consumes_1', 'dataset_consumes_1_never_scheduled', 'dataset_produces_1', 'dataset_produces_2', 'dataset_consumes_unknown_never_scheduled', 'dataset_consumes_1_and_2' retrieved from /home/airflow/.local/lib/python3.8/site-packages/airflow/example_dags/example_datasets.py
[2023-12-21T19:28:50.774+0000] {logging_mixin.py:188} INFO - [2023-12-21T19:28:50.774+0000] {dag.py:3033} INFO - Sync 6 DAGs
[2023-12-21T19:28:50.834+0000] {logging_mixin.py:188} INFO - [2023-12-21T19:28:50.833+0000] {dag.py:3820} INFO - Setting next_dagrun for dataset_consumes_1 to None, run_after=None
[2023-12-21T19:28:50.839+0000] {logging_mixin.py:188} INFO - [2023-12-21T19:28:50.839+0000] {dag.py:3820} INFO - Setting next_dagrun for dataset_consumes_1_and_2 to None, run_after=None
[2023-12-21T19:28:50.841+0000] {logging_mixin.py:188} INFO - [2023-12-21T19:28:50.840+0000] {dag.py:3820} INFO - Setting next_dagrun for dataset_consumes_1_never_scheduled to None, run_after=None
[2023-12-21T19:28:50.843+0000] {logging_mixin.py:188} INFO - [2023-12-21T19:28:50.842+0000] {dag.py:3820} INFO - Setting next_dagrun for dataset_consumes_unknown_never_scheduled to None, run_after=None
[2023-12-21T19:28:50.853+0000] {logging_mixin.py:188} INFO - [2023-12-21T19:28:50.853+0000] {dag.py:3820} INFO - Setting next_dagrun for dataset_produces_1 to 2023-12-20T00:00:00+00:00, run_after=2023-12-21T00:00:00+00:00
[2023-12-21T19:28:50.855+0000] {logging_mixin.py:188} INFO - [2023-12-21T19:28:50.855+0000] {dag.py:3820} INFO - Setting next_dagrun for dataset_produces_2 to None, run_after=None
[2023-12-21T19:28:50.940+0000] {processor.py:183} INFO - Processing /home/airflow/.local/lib/python3.8/site-packages/airflow/example_dags/example_datasets.py took 0.281 seconds
[2023-12-21T19:29:21.037+0000] {processor.py:161} INFO - Started process (PID=1248) to work on /home/airflow/.local/lib/python3.8/site-packages/airflow/example_dags/example_datasets.py
[2023-12-21T19:29:21.046+0000] {processor.py:830} INFO - Processing file /home/airflow/.local/lib/python3.8/site-packages/airflow/example_dags/example_datasets.py for tasks to queue
[2023-12-21T19:29:21.049+0000] {logging_mixin.py:188} INFO - [2023-12-21T19:29:21.048+0000] {dagbag.py:538} INFO - Filling up the DagBag from /home/airflow/.local/lib/python3.8/site-packages/airflow/example_dags/example_datasets.py
[2023-12-21T19:29:21.067+0000] {processor.py:840} INFO - DAG(s) 'dataset_consumes_unknown_never_scheduled', 'dataset_produces_1', 'dataset_produces_2', 'dataset_consumes_1_never_scheduled', 'dataset_consumes_1', 'dataset_consumes_1_and_2' retrieved from /home/airflow/.local/lib/python3.8/site-packages/airflow/example_dags/example_datasets.py
[2023-12-21T19:29:21.139+0000] {logging_mixin.py:188} INFO - [2023-12-21T19:29:21.138+0000] {dag.py:3033} INFO - Sync 6 DAGs
[2023-12-21T19:29:21.181+0000] {logging_mixin.py:188} INFO - [2023-12-21T19:29:21.181+0000] {dag.py:3820} INFO - Setting next_dagrun for dataset_consumes_1 to None, run_after=None
[2023-12-21T19:29:21.186+0000] {logging_mixin.py:188} INFO - [2023-12-21T19:29:21.186+0000] {dag.py:3820} INFO - Setting next_dagrun for dataset_consumes_1_and_2 to None, run_after=None
[2023-12-21T19:29:21.192+0000] {logging_mixin.py:188} INFO - [2023-12-21T19:29:21.192+0000] {dag.py:3820} INFO - Setting next_dagrun for dataset_consumes_1_never_scheduled to None, run_after=None
[2023-12-21T19:29:21.194+0000] {logging_mixin.py:188} INFO - [2023-12-21T19:29:21.194+0000] {dag.py:3820} INFO - Setting next_dagrun for dataset_consumes_unknown_never_scheduled to None, run_after=None
[2023-12-21T19:29:21.198+0000] {logging_mixin.py:188} INFO - [2023-12-21T19:29:21.198+0000] {dag.py:3820} INFO - Setting next_dagrun for dataset_produces_1 to 2023-12-20T00:00:00+00:00, run_after=2023-12-21T00:00:00+00:00
[2023-12-21T19:29:21.200+0000] {logging_mixin.py:188} INFO - [2023-12-21T19:29:21.200+0000] {dag.py:3820} INFO - Setting next_dagrun for dataset_produces_2 to None, run_after=None
[2023-12-21T19:29:21.266+0000] {processor.py:183} INFO - Processing /home/airflow/.local/lib/python3.8/site-packages/airflow/example_dags/example_datasets.py took 0.238 seconds
[2023-12-21T19:29:52.276+0000] {processor.py:161} INFO - Started process (PID=1303) to work on /home/airflow/.local/lib/python3.8/site-packages/airflow/example_dags/example_datasets.py
[2023-12-21T19:29:52.278+0000] {processor.py:830} INFO - Processing file /home/airflow/.local/lib/python3.8/site-packages/airflow/example_dags/example_datasets.py for tasks to queue
[2023-12-21T19:29:52.283+0000] {logging_mixin.py:188} INFO - [2023-12-21T19:29:52.283+0000] {dagbag.py:538} INFO - Filling up the DagBag from /home/airflow/.local/lib/python3.8/site-packages/airflow/example_dags/example_datasets.py
[2023-12-21T19:29:52.301+0000] {processor.py:840} INFO - DAG(s) 'dataset_consumes_1_and_2', 'dataset_consumes_1', 'dataset_produces_2', 'dataset_consumes_unknown_never_scheduled', 'dataset_produces_1', 'dataset_consumes_1_never_scheduled' retrieved from /home/airflow/.local/lib/python3.8/site-packages/airflow/example_dags/example_datasets.py
[2023-12-21T19:29:52.346+0000] {logging_mixin.py:188} INFO - [2023-12-21T19:29:52.346+0000] {dag.py:3033} INFO - Sync 6 DAGs
[2023-12-21T19:29:52.399+0000] {logging_mixin.py:188} INFO - [2023-12-21T19:29:52.398+0000] {dag.py:3820} INFO - Setting next_dagrun for dataset_consumes_1 to None, run_after=None
[2023-12-21T19:29:52.407+0000] {logging_mixin.py:188} INFO - [2023-12-21T19:29:52.406+0000] {dag.py:3820} INFO - Setting next_dagrun for dataset_consumes_1_and_2 to None, run_after=None
[2023-12-21T19:29:52.410+0000] {logging_mixin.py:188} INFO - [2023-12-21T19:29:52.409+0000] {dag.py:3820} INFO - Setting next_dagrun for dataset_consumes_1_never_scheduled to None, run_after=None
[2023-12-21T19:29:52.413+0000] {logging_mixin.py:188} INFO - [2023-12-21T19:29:52.413+0000] {dag.py:3820} INFO - Setting next_dagrun for dataset_consumes_unknown_never_scheduled to None, run_after=None
[2023-12-21T19:29:52.423+0000] {logging_mixin.py:188} INFO - [2023-12-21T19:29:52.421+0000] {dag.py:3820} INFO - Setting next_dagrun for dataset_produces_1 to 2023-12-20T00:00:00+00:00, run_after=2023-12-21T00:00:00+00:00
[2023-12-21T19:29:52.426+0000] {logging_mixin.py:188} INFO - [2023-12-21T19:29:52.425+0000] {dag.py:3820} INFO - Setting next_dagrun for dataset_produces_2 to None, run_after=None
[2023-12-21T19:29:52.506+0000] {processor.py:183} INFO - Processing /home/airflow/.local/lib/python3.8/site-packages/airflow/example_dags/example_datasets.py took 0.241 seconds
[2023-12-21T19:30:22.760+0000] {processor.py:161} INFO - Started process (PID=1359) to work on /home/airflow/.local/lib/python3.8/site-packages/airflow/example_dags/example_datasets.py
[2023-12-21T19:30:22.763+0000] {processor.py:830} INFO - Processing file /home/airflow/.local/lib/python3.8/site-packages/airflow/example_dags/example_datasets.py for tasks to queue
[2023-12-21T19:30:22.767+0000] {logging_mixin.py:188} INFO - [2023-12-21T19:30:22.767+0000] {dagbag.py:538} INFO - Filling up the DagBag from /home/airflow/.local/lib/python3.8/site-packages/airflow/example_dags/example_datasets.py
[2023-12-21T19:30:22.786+0000] {processor.py:840} INFO - DAG(s) 'dataset_consumes_1_and_2', 'dataset_consumes_1', 'dataset_consumes_unknown_never_scheduled', 'dataset_produces_1', 'dataset_produces_2', 'dataset_consumes_1_never_scheduled' retrieved from /home/airflow/.local/lib/python3.8/site-packages/airflow/example_dags/example_datasets.py
[2023-12-21T19:30:22.866+0000] {logging_mixin.py:188} INFO - [2023-12-21T19:30:22.865+0000] {dag.py:3033} INFO - Sync 6 DAGs
[2023-12-21T19:30:22.905+0000] {logging_mixin.py:188} INFO - [2023-12-21T19:30:22.905+0000] {dag.py:3820} INFO - Setting next_dagrun for dataset_consumes_1 to None, run_after=None
[2023-12-21T19:30:22.912+0000] {logging_mixin.py:188} INFO - [2023-12-21T19:30:22.911+0000] {dag.py:3820} INFO - Setting next_dagrun for dataset_consumes_1_and_2 to None, run_after=None
[2023-12-21T19:30:22.915+0000] {logging_mixin.py:188} INFO - [2023-12-21T19:30:22.915+0000] {dag.py:3820} INFO - Setting next_dagrun for dataset_consumes_1_never_scheduled to None, run_after=None
[2023-12-21T19:30:22.918+0000] {logging_mixin.py:188} INFO - [2023-12-21T19:30:22.917+0000] {dag.py:3820} INFO - Setting next_dagrun for dataset_consumes_unknown_never_scheduled to None, run_after=None
[2023-12-21T19:30:22.922+0000] {logging_mixin.py:188} INFO - [2023-12-21T19:30:22.922+0000] {dag.py:3820} INFO - Setting next_dagrun for dataset_produces_1 to 2023-12-20T00:00:00+00:00, run_after=2023-12-21T00:00:00+00:00
[2023-12-21T19:30:22.924+0000] {logging_mixin.py:188} INFO - [2023-12-21T19:30:22.923+0000] {dag.py:3820} INFO - Setting next_dagrun for dataset_produces_2 to None, run_after=None
[2023-12-21T19:30:23.003+0000] {processor.py:183} INFO - Processing /home/airflow/.local/lib/python3.8/site-packages/airflow/example_dags/example_datasets.py took 0.250 seconds
[2023-12-21T19:30:53.195+0000] {processor.py:161} INFO - Started process (PID=1414) to work on /home/airflow/.local/lib/python3.8/site-packages/airflow/example_dags/example_datasets.py
[2023-12-21T19:30:53.196+0000] {processor.py:830} INFO - Processing file /home/airflow/.local/lib/python3.8/site-packages/airflow/example_dags/example_datasets.py for tasks to queue
[2023-12-21T19:30:53.200+0000] {logging_mixin.py:188} INFO - [2023-12-21T19:30:53.200+0000] {dagbag.py:538} INFO - Filling up the DagBag from /home/airflow/.local/lib/python3.8/site-packages/airflow/example_dags/example_datasets.py
[2023-12-21T19:30:53.220+0000] {processor.py:840} INFO - DAG(s) 'dataset_consumes_1', 'dataset_consumes_1_and_2', 'dataset_consumes_unknown_never_scheduled', 'dataset_consumes_1_never_scheduled', 'dataset_produces_2', 'dataset_produces_1' retrieved from /home/airflow/.local/lib/python3.8/site-packages/airflow/example_dags/example_datasets.py
[2023-12-21T19:30:53.298+0000] {logging_mixin.py:188} INFO - [2023-12-21T19:30:53.297+0000] {dag.py:3033} INFO - Sync 6 DAGs
[2023-12-21T19:30:53.340+0000] {logging_mixin.py:188} INFO - [2023-12-21T19:30:53.340+0000] {dag.py:3820} INFO - Setting next_dagrun for dataset_consumes_1 to None, run_after=None
[2023-12-21T19:30:53.345+0000] {logging_mixin.py:188} INFO - [2023-12-21T19:30:53.345+0000] {dag.py:3820} INFO - Setting next_dagrun for dataset_consumes_1_and_2 to None, run_after=None
[2023-12-21T19:30:53.346+0000] {logging_mixin.py:188} INFO - [2023-12-21T19:30:53.346+0000] {dag.py:3820} INFO - Setting next_dagrun for dataset_consumes_1_never_scheduled to None, run_after=None
[2023-12-21T19:30:53.348+0000] {logging_mixin.py:188} INFO - [2023-12-21T19:30:53.348+0000] {dag.py:3820} INFO - Setting next_dagrun for dataset_consumes_unknown_never_scheduled to None, run_after=None
[2023-12-21T19:30:53.356+0000] {logging_mixin.py:188} INFO - [2023-12-21T19:30:53.356+0000] {dag.py:3820} INFO - Setting next_dagrun for dataset_produces_1 to 2023-12-20T00:00:00+00:00, run_after=2023-12-21T00:00:00+00:00
[2023-12-21T19:30:53.360+0000] {logging_mixin.py:188} INFO - [2023-12-21T19:30:53.359+0000] {dag.py:3820} INFO - Setting next_dagrun for dataset_produces_2 to None, run_after=None
[2023-12-21T19:30:53.452+0000] {processor.py:183} INFO - Processing /home/airflow/.local/lib/python3.8/site-packages/airflow/example_dags/example_datasets.py took 0.262 seconds
[2023-12-21T19:31:23.695+0000] {processor.py:161} INFO - Started process (PID=1466) to work on /home/airflow/.local/lib/python3.8/site-packages/airflow/example_dags/example_datasets.py
[2023-12-21T19:31:23.703+0000] {processor.py:830} INFO - Processing file /home/airflow/.local/lib/python3.8/site-packages/airflow/example_dags/example_datasets.py for tasks to queue
[2023-12-21T19:31:23.706+0000] {logging_mixin.py:188} INFO - [2023-12-21T19:31:23.705+0000] {dagbag.py:538} INFO - Filling up the DagBag from /home/airflow/.local/lib/python3.8/site-packages/airflow/example_dags/example_datasets.py
[2023-12-21T19:31:23.717+0000] {processor.py:840} INFO - DAG(s) 'dataset_consumes_unknown_never_scheduled', 'dataset_consumes_1_and_2', 'dataset_produces_2', 'dataset_consumes_1', 'dataset_consumes_1_never_scheduled', 'dataset_produces_1' retrieved from /home/airflow/.local/lib/python3.8/site-packages/airflow/example_dags/example_datasets.py
[2023-12-21T19:31:23.774+0000] {logging_mixin.py:188} INFO - [2023-12-21T19:31:23.773+0000] {dag.py:3033} INFO - Sync 6 DAGs
[2023-12-21T19:31:23.809+0000] {logging_mixin.py:188} INFO - [2023-12-21T19:31:23.809+0000] {dag.py:3820} INFO - Setting next_dagrun for dataset_consumes_1 to None, run_after=None
[2023-12-21T19:31:23.813+0000] {logging_mixin.py:188} INFO - [2023-12-21T19:31:23.813+0000] {dag.py:3820} INFO - Setting next_dagrun for dataset_consumes_1_and_2 to None, run_after=None
[2023-12-21T19:31:23.815+0000] {logging_mixin.py:188} INFO - [2023-12-21T19:31:23.814+0000] {dag.py:3820} INFO - Setting next_dagrun for dataset_consumes_1_never_scheduled to None, run_after=None
[2023-12-21T19:31:23.817+0000] {logging_mixin.py:188} INFO - [2023-12-21T19:31:23.817+0000] {dag.py:3820} INFO - Setting next_dagrun for dataset_consumes_unknown_never_scheduled to None, run_after=None
[2023-12-21T19:31:23.820+0000] {logging_mixin.py:188} INFO - [2023-12-21T19:31:23.820+0000] {dag.py:3820} INFO - Setting next_dagrun for dataset_produces_1 to 2023-12-20T00:00:00+00:00, run_after=2023-12-21T00:00:00+00:00
[2023-12-21T19:31:23.822+0000] {logging_mixin.py:188} INFO - [2023-12-21T19:31:23.822+0000] {dag.py:3820} INFO - Setting next_dagrun for dataset_produces_2 to None, run_after=None
[2023-12-21T19:31:23.862+0000] {processor.py:183} INFO - Processing /home/airflow/.local/lib/python3.8/site-packages/airflow/example_dags/example_datasets.py took 0.172 seconds
[2023-12-21T19:34:22.954+0000] {processor.py:161} INFO - Started process (PID=36) to work on /home/airflow/.local/lib/python3.8/site-packages/airflow/example_dags/example_datasets.py
[2023-12-21T19:34:22.956+0000] {processor.py:830} INFO - Processing file /home/airflow/.local/lib/python3.8/site-packages/airflow/example_dags/example_datasets.py for tasks to queue
[2023-12-21T19:34:22.959+0000] {logging_mixin.py:188} INFO - [2023-12-21T19:34:22.959+0000] {dagbag.py:538} INFO - Filling up the DagBag from /home/airflow/.local/lib/python3.8/site-packages/airflow/example_dags/example_datasets.py
[2023-12-21T19:34:22.984+0000] {processor.py:840} INFO - DAG(s) 'dataset_consumes_1_and_2', 'dataset_produces_2', 'dataset_consumes_unknown_never_scheduled', 'dataset_consumes_1', 'dataset_consumes_1_never_scheduled', 'dataset_produces_1' retrieved from /home/airflow/.local/lib/python3.8/site-packages/airflow/example_dags/example_datasets.py
[2023-12-21T19:34:23.431+0000] {logging_mixin.py:188} INFO - [2023-12-21T19:34:23.431+0000] {dag.py:3033} INFO - Sync 6 DAGs
[2023-12-21T19:34:23.475+0000] {logging_mixin.py:188} INFO - [2023-12-21T19:34:23.474+0000] {dag.py:3820} INFO - Setting next_dagrun for dataset_consumes_1 to None, run_after=None
[2023-12-21T19:34:23.480+0000] {logging_mixin.py:188} INFO - [2023-12-21T19:34:23.479+0000] {dag.py:3820} INFO - Setting next_dagrun for dataset_consumes_1_and_2 to None, run_after=None
[2023-12-21T19:34:23.482+0000] {logging_mixin.py:188} INFO - [2023-12-21T19:34:23.482+0000] {dag.py:3820} INFO - Setting next_dagrun for dataset_consumes_1_never_scheduled to None, run_after=None
[2023-12-21T19:34:23.484+0000] {logging_mixin.py:188} INFO - [2023-12-21T19:34:23.484+0000] {dag.py:3820} INFO - Setting next_dagrun for dataset_consumes_unknown_never_scheduled to None, run_after=None
[2023-12-21T19:34:23.490+0000] {logging_mixin.py:188} INFO - [2023-12-21T19:34:23.490+0000] {dag.py:3820} INFO - Setting next_dagrun for dataset_produces_1 to 2023-12-20T00:00:00+00:00, run_after=2023-12-21T00:00:00+00:00
[2023-12-21T19:34:23.492+0000] {logging_mixin.py:188} INFO - [2023-12-21T19:34:23.492+0000] {dag.py:3820} INFO - Setting next_dagrun for dataset_produces_2 to None, run_after=None
[2023-12-21T19:34:23.587+0000] {processor.py:183} INFO - Processing /home/airflow/.local/lib/python3.8/site-packages/airflow/example_dags/example_datasets.py took 0.639 seconds
