[2023-12-21T19:11:58.058+0000] {processor.py:161} INFO - Started process (PID=50) to work on /home/airflow/.local/lib/python3.8/site-packages/airflow/example_dags/example_python_operator.py
[2023-12-21T19:11:58.059+0000] {processor.py:830} INFO - Processing file /home/airflow/.local/lib/python3.8/site-packages/airflow/example_dags/example_python_operator.py for tasks to queue
[2023-12-21T19:11:58.063+0000] {logging_mixin.py:188} INFO - [2023-12-21T19:11:58.062+0000] {dagbag.py:538} INFO - Filling up the DagBag from /home/airflow/.local/lib/python3.8/site-packages/airflow/example_dags/example_python_operator.py
[2023-12-21T19:11:58.097+0000] {processor.py:840} INFO - DAG(s) 'example_python_operator' retrieved from /home/airflow/.local/lib/python3.8/site-packages/airflow/example_dags/example_python_operator.py
[2023-12-21T19:11:58.437+0000] {logging_mixin.py:188} INFO - [2023-12-21T19:11:58.437+0000] {dag.py:3033} INFO - Sync 1 DAGs
[2023-12-21T19:11:58.458+0000] {logging_mixin.py:188} INFO - [2023-12-21T19:11:58.457+0000] {dag.py:3820} INFO - Setting next_dagrun for example_python_operator to None, run_after=None
[2023-12-21T19:11:58.494+0000] {processor.py:183} INFO - Processing /home/airflow/.local/lib/python3.8/site-packages/airflow/example_dags/example_python_operator.py took 0.441 seconds
[2023-12-21T19:12:28.565+0000] {processor.py:161} INFO - Started process (PID=104) to work on /home/airflow/.local/lib/python3.8/site-packages/airflow/example_dags/example_python_operator.py
[2023-12-21T19:12:28.567+0000] {processor.py:830} INFO - Processing file /home/airflow/.local/lib/python3.8/site-packages/airflow/example_dags/example_python_operator.py for tasks to queue
[2023-12-21T19:12:28.570+0000] {logging_mixin.py:188} INFO - [2023-12-21T19:12:28.570+0000] {dagbag.py:538} INFO - Filling up the DagBag from /home/airflow/.local/lib/python3.8/site-packages/airflow/example_dags/example_python_operator.py
[2023-12-21T19:12:28.597+0000] {processor.py:840} INFO - DAG(s) 'example_python_operator' retrieved from /home/airflow/.local/lib/python3.8/site-packages/airflow/example_dags/example_python_operator.py
[2023-12-21T19:12:28.647+0000] {logging_mixin.py:188} INFO - [2023-12-21T19:12:28.646+0000] {dag.py:3033} INFO - Sync 1 DAGs
[2023-12-21T19:12:28.660+0000] {logging_mixin.py:188} INFO - [2023-12-21T19:12:28.660+0000] {dag.py:3820} INFO - Setting next_dagrun for example_python_operator to None, run_after=None
[2023-12-21T19:12:28.687+0000] {processor.py:183} INFO - Processing /home/airflow/.local/lib/python3.8/site-packages/airflow/example_dags/example_python_operator.py took 0.130 seconds
[2023-12-21T19:12:59.372+0000] {processor.py:161} INFO - Started process (PID=159) to work on /home/airflow/.local/lib/python3.8/site-packages/airflow/example_dags/example_python_operator.py
[2023-12-21T19:12:59.376+0000] {processor.py:830} INFO - Processing file /home/airflow/.local/lib/python3.8/site-packages/airflow/example_dags/example_python_operator.py for tasks to queue
[2023-12-21T19:12:59.379+0000] {logging_mixin.py:188} INFO - [2023-12-21T19:12:59.379+0000] {dagbag.py:538} INFO - Filling up the DagBag from /home/airflow/.local/lib/python3.8/site-packages/airflow/example_dags/example_python_operator.py
[2023-12-21T19:12:59.449+0000] {processor.py:840} INFO - DAG(s) 'example_python_operator' retrieved from /home/airflow/.local/lib/python3.8/site-packages/airflow/example_dags/example_python_operator.py
[2023-12-21T19:12:59.530+0000] {logging_mixin.py:188} INFO - [2023-12-21T19:12:59.529+0000] {dag.py:3033} INFO - Sync 1 DAGs
[2023-12-21T19:12:59.580+0000] {logging_mixin.py:188} INFO - [2023-12-21T19:12:59.580+0000] {dag.py:3820} INFO - Setting next_dagrun for example_python_operator to None, run_after=None
[2023-12-21T19:12:59.701+0000] {processor.py:183} INFO - Processing /home/airflow/.local/lib/python3.8/site-packages/airflow/example_dags/example_python_operator.py took 0.342 seconds
[2023-12-21T19:13:30.159+0000] {processor.py:161} INFO - Started process (PID=214) to work on /home/airflow/.local/lib/python3.8/site-packages/airflow/example_dags/example_python_operator.py
[2023-12-21T19:13:30.160+0000] {processor.py:830} INFO - Processing file /home/airflow/.local/lib/python3.8/site-packages/airflow/example_dags/example_python_operator.py for tasks to queue
[2023-12-21T19:13:30.162+0000] {logging_mixin.py:188} INFO - [2023-12-21T19:13:30.162+0000] {dagbag.py:538} INFO - Filling up the DagBag from /home/airflow/.local/lib/python3.8/site-packages/airflow/example_dags/example_python_operator.py
[2023-12-21T19:13:30.180+0000] {processor.py:840} INFO - DAG(s) 'example_python_operator' retrieved from /home/airflow/.local/lib/python3.8/site-packages/airflow/example_dags/example_python_operator.py
[2023-12-21T19:13:30.210+0000] {logging_mixin.py:188} INFO - [2023-12-21T19:13:30.210+0000] {dag.py:3033} INFO - Sync 1 DAGs
[2023-12-21T19:13:30.228+0000] {logging_mixin.py:188} INFO - [2023-12-21T19:13:30.228+0000] {dag.py:3820} INFO - Setting next_dagrun for example_python_operator to None, run_after=None
[2023-12-21T19:13:30.261+0000] {processor.py:183} INFO - Processing /home/airflow/.local/lib/python3.8/site-packages/airflow/example_dags/example_python_operator.py took 0.107 seconds
[2023-12-21T19:14:00.572+0000] {processor.py:161} INFO - Started process (PID=269) to work on /home/airflow/.local/lib/python3.8/site-packages/airflow/example_dags/example_python_operator.py
[2023-12-21T19:14:00.573+0000] {processor.py:830} INFO - Processing file /home/airflow/.local/lib/python3.8/site-packages/airflow/example_dags/example_python_operator.py for tasks to queue
[2023-12-21T19:14:00.575+0000] {logging_mixin.py:188} INFO - [2023-12-21T19:14:00.574+0000] {dagbag.py:538} INFO - Filling up the DagBag from /home/airflow/.local/lib/python3.8/site-packages/airflow/example_dags/example_python_operator.py
[2023-12-21T19:14:00.586+0000] {processor.py:840} INFO - DAG(s) 'example_python_operator' retrieved from /home/airflow/.local/lib/python3.8/site-packages/airflow/example_dags/example_python_operator.py
[2023-12-21T19:14:00.611+0000] {logging_mixin.py:188} INFO - [2023-12-21T19:14:00.611+0000] {dag.py:3033} INFO - Sync 1 DAGs
[2023-12-21T19:14:00.624+0000] {logging_mixin.py:188} INFO - [2023-12-21T19:14:00.624+0000] {dag.py:3820} INFO - Setting next_dagrun for example_python_operator to None, run_after=None
[2023-12-21T19:14:00.656+0000] {processor.py:183} INFO - Processing /home/airflow/.local/lib/python3.8/site-packages/airflow/example_dags/example_python_operator.py took 0.088 seconds
[2023-12-21T19:18:10.515+0000] {processor.py:161} INFO - Started process (PID=50) to work on /home/airflow/.local/lib/python3.8/site-packages/airflow/example_dags/example_python_operator.py
[2023-12-21T19:18:10.526+0000] {processor.py:830} INFO - Processing file /home/airflow/.local/lib/python3.8/site-packages/airflow/example_dags/example_python_operator.py for tasks to queue
[2023-12-21T19:18:10.532+0000] {logging_mixin.py:188} INFO - [2023-12-21T19:18:10.529+0000] {dagbag.py:538} INFO - Filling up the DagBag from /home/airflow/.local/lib/python3.8/site-packages/airflow/example_dags/example_python_operator.py
[2023-12-21T19:18:10.618+0000] {processor.py:840} INFO - DAG(s) 'example_python_operator' retrieved from /home/airflow/.local/lib/python3.8/site-packages/airflow/example_dags/example_python_operator.py
[2023-12-21T19:18:10.962+0000] {logging_mixin.py:188} INFO - [2023-12-21T19:18:10.962+0000] {dag.py:3033} INFO - Sync 1 DAGs
[2023-12-21T19:18:10.987+0000] {logging_mixin.py:188} INFO - [2023-12-21T19:18:10.987+0000] {dag.py:3820} INFO - Setting next_dagrun for example_python_operator to None, run_after=None
[2023-12-21T19:18:11.038+0000] {processor.py:183} INFO - Processing /home/airflow/.local/lib/python3.8/site-packages/airflow/example_dags/example_python_operator.py took 0.541 seconds
[2023-12-21T19:18:41.261+0000] {processor.py:161} INFO - Started process (PID=105) to work on /home/airflow/.local/lib/python3.8/site-packages/airflow/example_dags/example_python_operator.py
[2023-12-21T19:18:41.262+0000] {processor.py:830} INFO - Processing file /home/airflow/.local/lib/python3.8/site-packages/airflow/example_dags/example_python_operator.py for tasks to queue
[2023-12-21T19:18:41.266+0000] {logging_mixin.py:188} INFO - [2023-12-21T19:18:41.265+0000] {dagbag.py:538} INFO - Filling up the DagBag from /home/airflow/.local/lib/python3.8/site-packages/airflow/example_dags/example_python_operator.py
[2023-12-21T19:18:41.286+0000] {processor.py:840} INFO - DAG(s) 'example_python_operator' retrieved from /home/airflow/.local/lib/python3.8/site-packages/airflow/example_dags/example_python_operator.py
[2023-12-21T19:18:41.331+0000] {logging_mixin.py:188} INFO - [2023-12-21T19:18:41.331+0000] {dag.py:3033} INFO - Sync 1 DAGs
[2023-12-21T19:18:41.361+0000] {logging_mixin.py:188} INFO - [2023-12-21T19:18:41.361+0000] {dag.py:3820} INFO - Setting next_dagrun for example_python_operator to None, run_after=None
[2023-12-21T19:18:41.397+0000] {processor.py:183} INFO - Processing /home/airflow/.local/lib/python3.8/site-packages/airflow/example_dags/example_python_operator.py took 0.146 seconds
[2023-12-21T19:19:11.758+0000] {processor.py:161} INFO - Started process (PID=161) to work on /home/airflow/.local/lib/python3.8/site-packages/airflow/example_dags/example_python_operator.py
[2023-12-21T19:19:11.760+0000] {processor.py:830} INFO - Processing file /home/airflow/.local/lib/python3.8/site-packages/airflow/example_dags/example_python_operator.py for tasks to queue
[2023-12-21T19:19:11.762+0000] {logging_mixin.py:188} INFO - [2023-12-21T19:19:11.762+0000] {dagbag.py:538} INFO - Filling up the DagBag from /home/airflow/.local/lib/python3.8/site-packages/airflow/example_dags/example_python_operator.py
[2023-12-21T19:19:11.774+0000] {processor.py:840} INFO - DAG(s) 'example_python_operator' retrieved from /home/airflow/.local/lib/python3.8/site-packages/airflow/example_dags/example_python_operator.py
[2023-12-21T19:19:11.798+0000] {logging_mixin.py:188} INFO - [2023-12-21T19:19:11.798+0000] {dag.py:3033} INFO - Sync 1 DAGs
[2023-12-21T19:19:11.812+0000] {logging_mixin.py:188} INFO - [2023-12-21T19:19:11.811+0000] {dag.py:3820} INFO - Setting next_dagrun for example_python_operator to None, run_after=None
[2023-12-21T19:19:11.838+0000] {processor.py:183} INFO - Processing /home/airflow/.local/lib/python3.8/site-packages/airflow/example_dags/example_python_operator.py took 0.084 seconds
[2023-12-21T19:19:42.261+0000] {processor.py:161} INFO - Started process (PID=216) to work on /home/airflow/.local/lib/python3.8/site-packages/airflow/example_dags/example_python_operator.py
[2023-12-21T19:19:42.262+0000] {processor.py:830} INFO - Processing file /home/airflow/.local/lib/python3.8/site-packages/airflow/example_dags/example_python_operator.py for tasks to queue
[2023-12-21T19:19:42.264+0000] {logging_mixin.py:188} INFO - [2023-12-21T19:19:42.264+0000] {dagbag.py:538} INFO - Filling up the DagBag from /home/airflow/.local/lib/python3.8/site-packages/airflow/example_dags/example_python_operator.py
[2023-12-21T19:19:42.279+0000] {processor.py:840} INFO - DAG(s) 'example_python_operator' retrieved from /home/airflow/.local/lib/python3.8/site-packages/airflow/example_dags/example_python_operator.py
[2023-12-21T19:19:42.312+0000] {logging_mixin.py:188} INFO - [2023-12-21T19:19:42.312+0000] {dag.py:3033} INFO - Sync 1 DAGs
[2023-12-21T19:19:42.326+0000] {logging_mixin.py:188} INFO - [2023-12-21T19:19:42.326+0000] {dag.py:3820} INFO - Setting next_dagrun for example_python_operator to None, run_after=None
[2023-12-21T19:19:42.355+0000] {processor.py:183} INFO - Processing /home/airflow/.local/lib/python3.8/site-packages/airflow/example_dags/example_python_operator.py took 0.098 seconds
[2023-12-21T19:20:12.929+0000] {processor.py:161} INFO - Started process (PID=271) to work on /home/airflow/.local/lib/python3.8/site-packages/airflow/example_dags/example_python_operator.py
[2023-12-21T19:20:12.930+0000] {processor.py:830} INFO - Processing file /home/airflow/.local/lib/python3.8/site-packages/airflow/example_dags/example_python_operator.py for tasks to queue
[2023-12-21T19:20:12.934+0000] {logging_mixin.py:188} INFO - [2023-12-21T19:20:12.933+0000] {dagbag.py:538} INFO - Filling up the DagBag from /home/airflow/.local/lib/python3.8/site-packages/airflow/example_dags/example_python_operator.py
[2023-12-21T19:20:12.967+0000] {processor.py:840} INFO - DAG(s) 'example_python_operator' retrieved from /home/airflow/.local/lib/python3.8/site-packages/airflow/example_dags/example_python_operator.py
[2023-12-21T19:20:13.005+0000] {logging_mixin.py:188} INFO - [2023-12-21T19:20:13.005+0000] {dag.py:3033} INFO - Sync 1 DAGs
[2023-12-21T19:20:13.026+0000] {logging_mixin.py:188} INFO - [2023-12-21T19:20:13.026+0000] {dag.py:3820} INFO - Setting next_dagrun for example_python_operator to None, run_after=None
[2023-12-21T19:20:13.058+0000] {processor.py:183} INFO - Processing /home/airflow/.local/lib/python3.8/site-packages/airflow/example_dags/example_python_operator.py took 0.135 seconds
[2023-12-21T19:20:44.016+0000] {processor.py:161} INFO - Started process (PID=326) to work on /home/airflow/.local/lib/python3.8/site-packages/airflow/example_dags/example_python_operator.py
[2023-12-21T19:20:44.017+0000] {processor.py:830} INFO - Processing file /home/airflow/.local/lib/python3.8/site-packages/airflow/example_dags/example_python_operator.py for tasks to queue
[2023-12-21T19:20:44.022+0000] {logging_mixin.py:188} INFO - [2023-12-21T19:20:44.021+0000] {dagbag.py:538} INFO - Filling up the DagBag from /home/airflow/.local/lib/python3.8/site-packages/airflow/example_dags/example_python_operator.py
[2023-12-21T19:20:44.044+0000] {processor.py:840} INFO - DAG(s) 'example_python_operator' retrieved from /home/airflow/.local/lib/python3.8/site-packages/airflow/example_dags/example_python_operator.py
[2023-12-21T19:20:44.092+0000] {logging_mixin.py:188} INFO - [2023-12-21T19:20:44.091+0000] {dag.py:3033} INFO - Sync 1 DAGs
[2023-12-21T19:20:44.112+0000] {logging_mixin.py:188} INFO - [2023-12-21T19:20:44.111+0000] {dag.py:3820} INFO - Setting next_dagrun for example_python_operator to None, run_after=None
[2023-12-21T19:20:44.145+0000] {processor.py:183} INFO - Processing /home/airflow/.local/lib/python3.8/site-packages/airflow/example_dags/example_python_operator.py took 0.134 seconds
[2023-12-21T19:21:14.374+0000] {processor.py:161} INFO - Started process (PID=381) to work on /home/airflow/.local/lib/python3.8/site-packages/airflow/example_dags/example_python_operator.py
[2023-12-21T19:21:14.375+0000] {processor.py:830} INFO - Processing file /home/airflow/.local/lib/python3.8/site-packages/airflow/example_dags/example_python_operator.py for tasks to queue
[2023-12-21T19:21:14.378+0000] {logging_mixin.py:188} INFO - [2023-12-21T19:21:14.378+0000] {dagbag.py:538} INFO - Filling up the DagBag from /home/airflow/.local/lib/python3.8/site-packages/airflow/example_dags/example_python_operator.py
[2023-12-21T19:21:14.399+0000] {processor.py:840} INFO - DAG(s) 'example_python_operator' retrieved from /home/airflow/.local/lib/python3.8/site-packages/airflow/example_dags/example_python_operator.py
[2023-12-21T19:21:14.443+0000] {logging_mixin.py:188} INFO - [2023-12-21T19:21:14.443+0000] {dag.py:3033} INFO - Sync 1 DAGs
[2023-12-21T19:21:14.467+0000] {logging_mixin.py:188} INFO - [2023-12-21T19:21:14.467+0000] {dag.py:3820} INFO - Setting next_dagrun for example_python_operator to None, run_after=None
[2023-12-21T19:21:14.505+0000] {processor.py:183} INFO - Processing /home/airflow/.local/lib/python3.8/site-packages/airflow/example_dags/example_python_operator.py took 0.138 seconds
[2023-12-21T19:21:45.086+0000] {processor.py:161} INFO - Started process (PID=436) to work on /home/airflow/.local/lib/python3.8/site-packages/airflow/example_dags/example_python_operator.py
[2023-12-21T19:21:45.088+0000] {processor.py:830} INFO - Processing file /home/airflow/.local/lib/python3.8/site-packages/airflow/example_dags/example_python_operator.py for tasks to queue
[2023-12-21T19:21:45.092+0000] {logging_mixin.py:188} INFO - [2023-12-21T19:21:45.092+0000] {dagbag.py:538} INFO - Filling up the DagBag from /home/airflow/.local/lib/python3.8/site-packages/airflow/example_dags/example_python_operator.py
[2023-12-21T19:21:45.114+0000] {processor.py:840} INFO - DAG(s) 'example_python_operator' retrieved from /home/airflow/.local/lib/python3.8/site-packages/airflow/example_dags/example_python_operator.py
[2023-12-21T19:21:45.173+0000] {logging_mixin.py:188} INFO - [2023-12-21T19:21:45.172+0000] {dag.py:3033} INFO - Sync 1 DAGs
[2023-12-21T19:21:45.205+0000] {logging_mixin.py:188} INFO - [2023-12-21T19:21:45.204+0000] {dag.py:3820} INFO - Setting next_dagrun for example_python_operator to None, run_after=None
[2023-12-21T19:21:45.243+0000] {processor.py:183} INFO - Processing /home/airflow/.local/lib/python3.8/site-packages/airflow/example_dags/example_python_operator.py took 0.164 seconds
[2023-12-21T19:22:16.043+0000] {processor.py:161} INFO - Started process (PID=491) to work on /home/airflow/.local/lib/python3.8/site-packages/airflow/example_dags/example_python_operator.py
[2023-12-21T19:22:16.046+0000] {processor.py:830} INFO - Processing file /home/airflow/.local/lib/python3.8/site-packages/airflow/example_dags/example_python_operator.py for tasks to queue
[2023-12-21T19:22:16.051+0000] {logging_mixin.py:188} INFO - [2023-12-21T19:22:16.050+0000] {dagbag.py:538} INFO - Filling up the DagBag from /home/airflow/.local/lib/python3.8/site-packages/airflow/example_dags/example_python_operator.py
[2023-12-21T19:22:16.072+0000] {processor.py:840} INFO - DAG(s) 'example_python_operator' retrieved from /home/airflow/.local/lib/python3.8/site-packages/airflow/example_dags/example_python_operator.py
[2023-12-21T19:22:16.106+0000] {logging_mixin.py:188} INFO - [2023-12-21T19:22:16.106+0000] {dag.py:3033} INFO - Sync 1 DAGs
[2023-12-21T19:22:16.131+0000] {logging_mixin.py:188} INFO - [2023-12-21T19:22:16.131+0000] {dag.py:3820} INFO - Setting next_dagrun for example_python_operator to None, run_after=None
[2023-12-21T19:22:16.166+0000] {processor.py:183} INFO - Processing /home/airflow/.local/lib/python3.8/site-packages/airflow/example_dags/example_python_operator.py took 0.128 seconds
[2023-12-21T19:22:46.432+0000] {processor.py:161} INFO - Started process (PID=546) to work on /home/airflow/.local/lib/python3.8/site-packages/airflow/example_dags/example_python_operator.py
[2023-12-21T19:22:46.434+0000] {processor.py:830} INFO - Processing file /home/airflow/.local/lib/python3.8/site-packages/airflow/example_dags/example_python_operator.py for tasks to queue
[2023-12-21T19:22:46.442+0000] {logging_mixin.py:188} INFO - [2023-12-21T19:22:46.442+0000] {dagbag.py:538} INFO - Filling up the DagBag from /home/airflow/.local/lib/python3.8/site-packages/airflow/example_dags/example_python_operator.py
[2023-12-21T19:22:46.466+0000] {processor.py:840} INFO - DAG(s) 'example_python_operator' retrieved from /home/airflow/.local/lib/python3.8/site-packages/airflow/example_dags/example_python_operator.py
[2023-12-21T19:22:46.518+0000] {logging_mixin.py:188} INFO - [2023-12-21T19:22:46.518+0000] {dag.py:3033} INFO - Sync 1 DAGs
[2023-12-21T19:22:46.550+0000] {logging_mixin.py:188} INFO - [2023-12-21T19:22:46.550+0000] {dag.py:3820} INFO - Setting next_dagrun for example_python_operator to None, run_after=None
[2023-12-21T19:22:46.582+0000] {processor.py:183} INFO - Processing /home/airflow/.local/lib/python3.8/site-packages/airflow/example_dags/example_python_operator.py took 0.156 seconds
[2023-12-21T19:23:17.166+0000] {processor.py:161} INFO - Started process (PID=601) to work on /home/airflow/.local/lib/python3.8/site-packages/airflow/example_dags/example_python_operator.py
[2023-12-21T19:23:17.167+0000] {processor.py:830} INFO - Processing file /home/airflow/.local/lib/python3.8/site-packages/airflow/example_dags/example_python_operator.py for tasks to queue
[2023-12-21T19:23:17.169+0000] {logging_mixin.py:188} INFO - [2023-12-21T19:23:17.169+0000] {dagbag.py:538} INFO - Filling up the DagBag from /home/airflow/.local/lib/python3.8/site-packages/airflow/example_dags/example_python_operator.py
[2023-12-21T19:23:17.185+0000] {processor.py:840} INFO - DAG(s) 'example_python_operator' retrieved from /home/airflow/.local/lib/python3.8/site-packages/airflow/example_dags/example_python_operator.py
[2023-12-21T19:23:17.232+0000] {logging_mixin.py:188} INFO - [2023-12-21T19:23:17.232+0000] {dag.py:3033} INFO - Sync 1 DAGs
[2023-12-21T19:23:17.260+0000] {logging_mixin.py:188} INFO - [2023-12-21T19:23:17.259+0000] {dag.py:3820} INFO - Setting next_dagrun for example_python_operator to None, run_after=None
[2023-12-21T19:23:17.293+0000] {processor.py:183} INFO - Processing /home/airflow/.local/lib/python3.8/site-packages/airflow/example_dags/example_python_operator.py took 0.133 seconds
[2023-12-21T19:23:47.532+0000] {processor.py:161} INFO - Started process (PID=655) to work on /home/airflow/.local/lib/python3.8/site-packages/airflow/example_dags/example_python_operator.py
[2023-12-21T19:23:47.533+0000] {processor.py:830} INFO - Processing file /home/airflow/.local/lib/python3.8/site-packages/airflow/example_dags/example_python_operator.py for tasks to queue
[2023-12-21T19:23:47.536+0000] {logging_mixin.py:188} INFO - [2023-12-21T19:23:47.536+0000] {dagbag.py:538} INFO - Filling up the DagBag from /home/airflow/.local/lib/python3.8/site-packages/airflow/example_dags/example_python_operator.py
[2023-12-21T19:23:47.555+0000] {processor.py:840} INFO - DAG(s) 'example_python_operator' retrieved from /home/airflow/.local/lib/python3.8/site-packages/airflow/example_dags/example_python_operator.py
[2023-12-21T19:23:47.597+0000] {logging_mixin.py:188} INFO - [2023-12-21T19:23:47.597+0000] {dag.py:3033} INFO - Sync 1 DAGs
[2023-12-21T19:23:47.622+0000] {logging_mixin.py:188} INFO - [2023-12-21T19:23:47.622+0000] {dag.py:3820} INFO - Setting next_dagrun for example_python_operator to None, run_after=None
[2023-12-21T19:23:47.661+0000] {processor.py:183} INFO - Processing /home/airflow/.local/lib/python3.8/site-packages/airflow/example_dags/example_python_operator.py took 0.135 seconds
[2023-12-21T19:24:18.367+0000] {processor.py:161} INFO - Started process (PID=709) to work on /home/airflow/.local/lib/python3.8/site-packages/airflow/example_dags/example_python_operator.py
[2023-12-21T19:24:18.369+0000] {processor.py:830} INFO - Processing file /home/airflow/.local/lib/python3.8/site-packages/airflow/example_dags/example_python_operator.py for tasks to queue
[2023-12-21T19:24:18.373+0000] {logging_mixin.py:188} INFO - [2023-12-21T19:24:18.372+0000] {dagbag.py:538} INFO - Filling up the DagBag from /home/airflow/.local/lib/python3.8/site-packages/airflow/example_dags/example_python_operator.py
[2023-12-21T19:24:18.401+0000] {processor.py:840} INFO - DAG(s) 'example_python_operator' retrieved from /home/airflow/.local/lib/python3.8/site-packages/airflow/example_dags/example_python_operator.py
[2023-12-21T19:24:18.443+0000] {logging_mixin.py:188} INFO - [2023-12-21T19:24:18.443+0000] {dag.py:3033} INFO - Sync 1 DAGs
[2023-12-21T19:24:18.470+0000] {logging_mixin.py:188} INFO - [2023-12-21T19:24:18.470+0000] {dag.py:3820} INFO - Setting next_dagrun for example_python_operator to None, run_after=None
[2023-12-21T19:24:18.505+0000] {processor.py:183} INFO - Processing /home/airflow/.local/lib/python3.8/site-packages/airflow/example_dags/example_python_operator.py took 0.146 seconds
[2023-12-21T19:24:48.710+0000] {processor.py:161} INFO - Started process (PID=764) to work on /home/airflow/.local/lib/python3.8/site-packages/airflow/example_dags/example_python_operator.py
[2023-12-21T19:24:48.712+0000] {processor.py:830} INFO - Processing file /home/airflow/.local/lib/python3.8/site-packages/airflow/example_dags/example_python_operator.py for tasks to queue
[2023-12-21T19:24:48.722+0000] {logging_mixin.py:188} INFO - [2023-12-21T19:24:48.718+0000] {dagbag.py:538} INFO - Filling up the DagBag from /home/airflow/.local/lib/python3.8/site-packages/airflow/example_dags/example_python_operator.py
[2023-12-21T19:24:48.755+0000] {processor.py:840} INFO - DAG(s) 'example_python_operator' retrieved from /home/airflow/.local/lib/python3.8/site-packages/airflow/example_dags/example_python_operator.py
[2023-12-21T19:24:48.832+0000] {logging_mixin.py:188} INFO - [2023-12-21T19:24:48.831+0000] {dag.py:3033} INFO - Sync 1 DAGs
[2023-12-21T19:24:48.863+0000] {logging_mixin.py:188} INFO - [2023-12-21T19:24:48.863+0000] {dag.py:3820} INFO - Setting next_dagrun for example_python_operator to None, run_after=None
[2023-12-21T19:24:48.912+0000] {processor.py:183} INFO - Processing /home/airflow/.local/lib/python3.8/site-packages/airflow/example_dags/example_python_operator.py took 0.208 seconds
[2023-12-21T19:25:19.086+0000] {processor.py:161} INFO - Started process (PID=819) to work on /home/airflow/.local/lib/python3.8/site-packages/airflow/example_dags/example_python_operator.py
[2023-12-21T19:25:19.088+0000] {processor.py:830} INFO - Processing file /home/airflow/.local/lib/python3.8/site-packages/airflow/example_dags/example_python_operator.py for tasks to queue
[2023-12-21T19:25:19.092+0000] {logging_mixin.py:188} INFO - [2023-12-21T19:25:19.091+0000] {dagbag.py:538} INFO - Filling up the DagBag from /home/airflow/.local/lib/python3.8/site-packages/airflow/example_dags/example_python_operator.py
[2023-12-21T19:25:19.110+0000] {processor.py:840} INFO - DAG(s) 'example_python_operator' retrieved from /home/airflow/.local/lib/python3.8/site-packages/airflow/example_dags/example_python_operator.py
[2023-12-21T19:25:19.169+0000] {logging_mixin.py:188} INFO - [2023-12-21T19:25:19.169+0000] {dag.py:3033} INFO - Sync 1 DAGs
[2023-12-21T19:25:19.195+0000] {logging_mixin.py:188} INFO - [2023-12-21T19:25:19.194+0000] {dag.py:3820} INFO - Setting next_dagrun for example_python_operator to None, run_after=None
[2023-12-21T19:25:19.236+0000] {processor.py:183} INFO - Processing /home/airflow/.local/lib/python3.8/site-packages/airflow/example_dags/example_python_operator.py took 0.155 seconds
[2023-12-21T19:25:50.169+0000] {processor.py:161} INFO - Started process (PID=874) to work on /home/airflow/.local/lib/python3.8/site-packages/airflow/example_dags/example_python_operator.py
[2023-12-21T19:25:50.172+0000] {processor.py:830} INFO - Processing file /home/airflow/.local/lib/python3.8/site-packages/airflow/example_dags/example_python_operator.py for tasks to queue
[2023-12-21T19:25:50.176+0000] {logging_mixin.py:188} INFO - [2023-12-21T19:25:50.175+0000] {dagbag.py:538} INFO - Filling up the DagBag from /home/airflow/.local/lib/python3.8/site-packages/airflow/example_dags/example_python_operator.py
[2023-12-21T19:25:50.200+0000] {processor.py:840} INFO - DAG(s) 'example_python_operator' retrieved from /home/airflow/.local/lib/python3.8/site-packages/airflow/example_dags/example_python_operator.py
[2023-12-21T19:25:50.249+0000] {logging_mixin.py:188} INFO - [2023-12-21T19:25:50.249+0000] {dag.py:3033} INFO - Sync 1 DAGs
[2023-12-21T19:25:50.276+0000] {logging_mixin.py:188} INFO - [2023-12-21T19:25:50.276+0000] {dag.py:3820} INFO - Setting next_dagrun for example_python_operator to None, run_after=None
[2023-12-21T19:25:50.333+0000] {processor.py:183} INFO - Processing /home/airflow/.local/lib/python3.8/site-packages/airflow/example_dags/example_python_operator.py took 0.170 seconds
[2023-12-21T19:26:20.675+0000] {processor.py:161} INFO - Started process (PID=928) to work on /home/airflow/.local/lib/python3.8/site-packages/airflow/example_dags/example_python_operator.py
[2023-12-21T19:26:20.679+0000] {processor.py:830} INFO - Processing file /home/airflow/.local/lib/python3.8/site-packages/airflow/example_dags/example_python_operator.py for tasks to queue
[2023-12-21T19:26:20.683+0000] {logging_mixin.py:188} INFO - [2023-12-21T19:26:20.682+0000] {dagbag.py:538} INFO - Filling up the DagBag from /home/airflow/.local/lib/python3.8/site-packages/airflow/example_dags/example_python_operator.py
[2023-12-21T19:26:20.695+0000] {processor.py:840} INFO - DAG(s) 'example_python_operator' retrieved from /home/airflow/.local/lib/python3.8/site-packages/airflow/example_dags/example_python_operator.py
[2023-12-21T19:26:20.742+0000] {logging_mixin.py:188} INFO - [2023-12-21T19:26:20.741+0000] {dag.py:3033} INFO - Sync 1 DAGs
[2023-12-21T19:26:20.767+0000] {logging_mixin.py:188} INFO - [2023-12-21T19:26:20.767+0000] {dag.py:3820} INFO - Setting next_dagrun for example_python_operator to None, run_after=None
[2023-12-21T19:26:20.806+0000] {processor.py:183} INFO - Processing /home/airflow/.local/lib/python3.8/site-packages/airflow/example_dags/example_python_operator.py took 0.136 seconds
[2023-12-21T19:26:50.987+0000] {processor.py:161} INFO - Started process (PID=983) to work on /home/airflow/.local/lib/python3.8/site-packages/airflow/example_dags/example_python_operator.py
[2023-12-21T19:26:50.989+0000] {processor.py:830} INFO - Processing file /home/airflow/.local/lib/python3.8/site-packages/airflow/example_dags/example_python_operator.py for tasks to queue
[2023-12-21T19:26:50.993+0000] {logging_mixin.py:188} INFO - [2023-12-21T19:26:50.993+0000] {dagbag.py:538} INFO - Filling up the DagBag from /home/airflow/.local/lib/python3.8/site-packages/airflow/example_dags/example_python_operator.py
[2023-12-21T19:26:51.014+0000] {processor.py:840} INFO - DAG(s) 'example_python_operator' retrieved from /home/airflow/.local/lib/python3.8/site-packages/airflow/example_dags/example_python_operator.py
[2023-12-21T19:26:51.057+0000] {logging_mixin.py:188} INFO - [2023-12-21T19:26:51.057+0000] {dag.py:3033} INFO - Sync 1 DAGs
[2023-12-21T19:26:51.085+0000] {logging_mixin.py:188} INFO - [2023-12-21T19:26:51.085+0000] {dag.py:3820} INFO - Setting next_dagrun for example_python_operator to None, run_after=None
[2023-12-21T19:26:51.114+0000] {processor.py:183} INFO - Processing /home/airflow/.local/lib/python3.8/site-packages/airflow/example_dags/example_python_operator.py took 0.133 seconds
[2023-12-21T19:27:21.587+0000] {processor.py:161} INFO - Started process (PID=1038) to work on /home/airflow/.local/lib/python3.8/site-packages/airflow/example_dags/example_python_operator.py
[2023-12-21T19:27:21.588+0000] {processor.py:830} INFO - Processing file /home/airflow/.local/lib/python3.8/site-packages/airflow/example_dags/example_python_operator.py for tasks to queue
[2023-12-21T19:27:21.594+0000] {logging_mixin.py:188} INFO - [2023-12-21T19:27:21.594+0000] {dagbag.py:538} INFO - Filling up the DagBag from /home/airflow/.local/lib/python3.8/site-packages/airflow/example_dags/example_python_operator.py
[2023-12-21T19:27:21.612+0000] {processor.py:840} INFO - DAG(s) 'example_python_operator' retrieved from /home/airflow/.local/lib/python3.8/site-packages/airflow/example_dags/example_python_operator.py
[2023-12-21T19:27:21.657+0000] {logging_mixin.py:188} INFO - [2023-12-21T19:27:21.656+0000] {dag.py:3033} INFO - Sync 1 DAGs
[2023-12-21T19:27:21.686+0000] {logging_mixin.py:188} INFO - [2023-12-21T19:27:21.685+0000] {dag.py:3820} INFO - Setting next_dagrun for example_python_operator to None, run_after=None
[2023-12-21T19:27:21.717+0000] {processor.py:183} INFO - Processing /home/airflow/.local/lib/python3.8/site-packages/airflow/example_dags/example_python_operator.py took 0.135 seconds
[2023-12-21T19:27:52.234+0000] {processor.py:161} INFO - Started process (PID=1092) to work on /home/airflow/.local/lib/python3.8/site-packages/airflow/example_dags/example_python_operator.py
[2023-12-21T19:27:52.235+0000] {processor.py:830} INFO - Processing file /home/airflow/.local/lib/python3.8/site-packages/airflow/example_dags/example_python_operator.py for tasks to queue
[2023-12-21T19:27:52.238+0000] {logging_mixin.py:188} INFO - [2023-12-21T19:27:52.237+0000] {dagbag.py:538} INFO - Filling up the DagBag from /home/airflow/.local/lib/python3.8/site-packages/airflow/example_dags/example_python_operator.py
[2023-12-21T19:27:52.260+0000] {processor.py:840} INFO - DAG(s) 'example_python_operator' retrieved from /home/airflow/.local/lib/python3.8/site-packages/airflow/example_dags/example_python_operator.py
[2023-12-21T19:27:52.308+0000] {logging_mixin.py:188} INFO - [2023-12-21T19:27:52.308+0000] {dag.py:3033} INFO - Sync 1 DAGs
[2023-12-21T19:27:52.337+0000] {logging_mixin.py:188} INFO - [2023-12-21T19:27:52.337+0000] {dag.py:3820} INFO - Setting next_dagrun for example_python_operator to None, run_after=None
[2023-12-21T19:27:52.374+0000] {processor.py:183} INFO - Processing /home/airflow/.local/lib/python3.8/site-packages/airflow/example_dags/example_python_operator.py took 0.146 seconds
[2023-12-21T19:28:23.224+0000] {processor.py:161} INFO - Started process (PID=1153) to work on /home/airflow/.local/lib/python3.8/site-packages/airflow/example_dags/example_python_operator.py
[2023-12-21T19:28:23.234+0000] {processor.py:830} INFO - Processing file /home/airflow/.local/lib/python3.8/site-packages/airflow/example_dags/example_python_operator.py for tasks to queue
[2023-12-21T19:28:23.237+0000] {logging_mixin.py:188} INFO - [2023-12-21T19:28:23.237+0000] {dagbag.py:538} INFO - Filling up the DagBag from /home/airflow/.local/lib/python3.8/site-packages/airflow/example_dags/example_python_operator.py
[2023-12-21T19:28:23.298+0000] {processor.py:840} INFO - DAG(s) 'example_python_operator' retrieved from /home/airflow/.local/lib/python3.8/site-packages/airflow/example_dags/example_python_operator.py
[2023-12-21T19:28:23.393+0000] {logging_mixin.py:188} INFO - [2023-12-21T19:28:23.393+0000] {dag.py:3033} INFO - Sync 1 DAGs
[2023-12-21T19:28:23.443+0000] {logging_mixin.py:188} INFO - [2023-12-21T19:28:23.443+0000] {dag.py:3820} INFO - Setting next_dagrun for example_python_operator to None, run_after=None
[2023-12-21T19:28:23.519+0000] {processor.py:183} INFO - Processing /home/airflow/.local/lib/python3.8/site-packages/airflow/example_dags/example_python_operator.py took 0.318 seconds
[2023-12-21T19:28:53.782+0000] {processor.py:161} INFO - Started process (PID=1208) to work on /home/airflow/.local/lib/python3.8/site-packages/airflow/example_dags/example_python_operator.py
[2023-12-21T19:28:53.783+0000] {processor.py:830} INFO - Processing file /home/airflow/.local/lib/python3.8/site-packages/airflow/example_dags/example_python_operator.py for tasks to queue
[2023-12-21T19:28:53.785+0000] {logging_mixin.py:188} INFO - [2023-12-21T19:28:53.785+0000] {dagbag.py:538} INFO - Filling up the DagBag from /home/airflow/.local/lib/python3.8/site-packages/airflow/example_dags/example_python_operator.py
[2023-12-21T19:28:53.804+0000] {processor.py:840} INFO - DAG(s) 'example_python_operator' retrieved from /home/airflow/.local/lib/python3.8/site-packages/airflow/example_dags/example_python_operator.py
[2023-12-21T19:28:53.852+0000] {logging_mixin.py:188} INFO - [2023-12-21T19:28:53.851+0000] {dag.py:3033} INFO - Sync 1 DAGs
[2023-12-21T19:28:53.890+0000] {logging_mixin.py:188} INFO - [2023-12-21T19:28:53.890+0000] {dag.py:3820} INFO - Setting next_dagrun for example_python_operator to None, run_after=None
[2023-12-21T19:28:53.927+0000] {processor.py:183} INFO - Processing /home/airflow/.local/lib/python3.8/site-packages/airflow/example_dags/example_python_operator.py took 0.155 seconds
[2023-12-21T19:29:24.393+0000] {processor.py:161} INFO - Started process (PID=1263) to work on /home/airflow/.local/lib/python3.8/site-packages/airflow/example_dags/example_python_operator.py
[2023-12-21T19:29:24.395+0000] {processor.py:830} INFO - Processing file /home/airflow/.local/lib/python3.8/site-packages/airflow/example_dags/example_python_operator.py for tasks to queue
[2023-12-21T19:29:24.399+0000] {logging_mixin.py:188} INFO - [2023-12-21T19:29:24.398+0000] {dagbag.py:538} INFO - Filling up the DagBag from /home/airflow/.local/lib/python3.8/site-packages/airflow/example_dags/example_python_operator.py
[2023-12-21T19:29:24.421+0000] {processor.py:840} INFO - DAG(s) 'example_python_operator' retrieved from /home/airflow/.local/lib/python3.8/site-packages/airflow/example_dags/example_python_operator.py
[2023-12-21T19:29:24.468+0000] {logging_mixin.py:188} INFO - [2023-12-21T19:29:24.468+0000] {dag.py:3033} INFO - Sync 1 DAGs
[2023-12-21T19:29:24.504+0000] {logging_mixin.py:188} INFO - [2023-12-21T19:29:24.503+0000] {dag.py:3820} INFO - Setting next_dagrun for example_python_operator to None, run_after=None
[2023-12-21T19:29:24.556+0000] {processor.py:183} INFO - Processing /home/airflow/.local/lib/python3.8/site-packages/airflow/example_dags/example_python_operator.py took 0.169 seconds
[2023-12-21T19:29:55.133+0000] {processor.py:161} INFO - Started process (PID=1318) to work on /home/airflow/.local/lib/python3.8/site-packages/airflow/example_dags/example_python_operator.py
[2023-12-21T19:29:55.135+0000] {processor.py:830} INFO - Processing file /home/airflow/.local/lib/python3.8/site-packages/airflow/example_dags/example_python_operator.py for tasks to queue
[2023-12-21T19:29:55.140+0000] {logging_mixin.py:188} INFO - [2023-12-21T19:29:55.139+0000] {dagbag.py:538} INFO - Filling up the DagBag from /home/airflow/.local/lib/python3.8/site-packages/airflow/example_dags/example_python_operator.py
[2023-12-21T19:29:55.170+0000] {processor.py:840} INFO - DAG(s) 'example_python_operator' retrieved from /home/airflow/.local/lib/python3.8/site-packages/airflow/example_dags/example_python_operator.py
[2023-12-21T19:29:55.215+0000] {logging_mixin.py:188} INFO - [2023-12-21T19:29:55.215+0000] {dag.py:3033} INFO - Sync 1 DAGs
[2023-12-21T19:29:55.243+0000] {logging_mixin.py:188} INFO - [2023-12-21T19:29:55.243+0000] {dag.py:3820} INFO - Setting next_dagrun for example_python_operator to None, run_after=None
[2023-12-21T19:29:55.276+0000] {processor.py:183} INFO - Processing /home/airflow/.local/lib/python3.8/site-packages/airflow/example_dags/example_python_operator.py took 0.149 seconds
[2023-12-21T19:30:25.759+0000] {processor.py:161} INFO - Started process (PID=1372) to work on /home/airflow/.local/lib/python3.8/site-packages/airflow/example_dags/example_python_operator.py
[2023-12-21T19:30:25.762+0000] {processor.py:830} INFO - Processing file /home/airflow/.local/lib/python3.8/site-packages/airflow/example_dags/example_python_operator.py for tasks to queue
[2023-12-21T19:30:25.767+0000] {logging_mixin.py:188} INFO - [2023-12-21T19:30:25.767+0000] {dagbag.py:538} INFO - Filling up the DagBag from /home/airflow/.local/lib/python3.8/site-packages/airflow/example_dags/example_python_operator.py
[2023-12-21T19:30:25.783+0000] {processor.py:840} INFO - DAG(s) 'example_python_operator' retrieved from /home/airflow/.local/lib/python3.8/site-packages/airflow/example_dags/example_python_operator.py
[2023-12-21T19:30:25.826+0000] {logging_mixin.py:188} INFO - [2023-12-21T19:30:25.825+0000] {dag.py:3033} INFO - Sync 1 DAGs
[2023-12-21T19:30:25.852+0000] {logging_mixin.py:188} INFO - [2023-12-21T19:30:25.852+0000] {dag.py:3820} INFO - Setting next_dagrun for example_python_operator to None, run_after=None
[2023-12-21T19:30:25.885+0000] {processor.py:183} INFO - Processing /home/airflow/.local/lib/python3.8/site-packages/airflow/example_dags/example_python_operator.py took 0.130 seconds
[2023-12-21T19:30:55.983+0000] {processor.py:161} INFO - Started process (PID=1426) to work on /home/airflow/.local/lib/python3.8/site-packages/airflow/example_dags/example_python_operator.py
[2023-12-21T19:30:55.985+0000] {processor.py:830} INFO - Processing file /home/airflow/.local/lib/python3.8/site-packages/airflow/example_dags/example_python_operator.py for tasks to queue
[2023-12-21T19:30:55.988+0000] {logging_mixin.py:188} INFO - [2023-12-21T19:30:55.987+0000] {dagbag.py:538} INFO - Filling up the DagBag from /home/airflow/.local/lib/python3.8/site-packages/airflow/example_dags/example_python_operator.py
[2023-12-21T19:30:56.011+0000] {processor.py:840} INFO - DAG(s) 'example_python_operator' retrieved from /home/airflow/.local/lib/python3.8/site-packages/airflow/example_dags/example_python_operator.py
[2023-12-21T19:30:56.064+0000] {logging_mixin.py:188} INFO - [2023-12-21T19:30:56.064+0000] {dag.py:3033} INFO - Sync 1 DAGs
[2023-12-21T19:30:56.082+0000] {logging_mixin.py:188} INFO - [2023-12-21T19:30:56.082+0000] {dag.py:3820} INFO - Setting next_dagrun for example_python_operator to None, run_after=None
[2023-12-21T19:30:56.120+0000] {processor.py:183} INFO - Processing /home/airflow/.local/lib/python3.8/site-packages/airflow/example_dags/example_python_operator.py took 0.144 seconds
[2023-12-21T19:31:26.367+0000] {processor.py:161} INFO - Started process (PID=1481) to work on /home/airflow/.local/lib/python3.8/site-packages/airflow/example_dags/example_python_operator.py
[2023-12-21T19:31:26.368+0000] {processor.py:830} INFO - Processing file /home/airflow/.local/lib/python3.8/site-packages/airflow/example_dags/example_python_operator.py for tasks to queue
[2023-12-21T19:31:26.371+0000] {logging_mixin.py:188} INFO - [2023-12-21T19:31:26.370+0000] {dagbag.py:538} INFO - Filling up the DagBag from /home/airflow/.local/lib/python3.8/site-packages/airflow/example_dags/example_python_operator.py
[2023-12-21T19:31:26.384+0000] {processor.py:840} INFO - DAG(s) 'example_python_operator' retrieved from /home/airflow/.local/lib/python3.8/site-packages/airflow/example_dags/example_python_operator.py
[2023-12-21T19:31:26.415+0000] {logging_mixin.py:188} INFO - [2023-12-21T19:31:26.415+0000] {dag.py:3033} INFO - Sync 1 DAGs
[2023-12-21T19:31:26.436+0000] {logging_mixin.py:188} INFO - [2023-12-21T19:31:26.436+0000] {dag.py:3820} INFO - Setting next_dagrun for example_python_operator to None, run_after=None
[2023-12-21T19:31:26.467+0000] {processor.py:183} INFO - Processing /home/airflow/.local/lib/python3.8/site-packages/airflow/example_dags/example_python_operator.py took 0.103 seconds
[2023-12-21T19:34:26.436+0000] {processor.py:161} INFO - Started process (PID=50) to work on /home/airflow/.local/lib/python3.8/site-packages/airflow/example_dags/example_python_operator.py
[2023-12-21T19:34:26.448+0000] {processor.py:830} INFO - Processing file /home/airflow/.local/lib/python3.8/site-packages/airflow/example_dags/example_python_operator.py for tasks to queue
[2023-12-21T19:34:26.459+0000] {logging_mixin.py:188} INFO - [2023-12-21T19:34:26.451+0000] {dagbag.py:538} INFO - Filling up the DagBag from /home/airflow/.local/lib/python3.8/site-packages/airflow/example_dags/example_python_operator.py
[2023-12-21T19:34:26.519+0000] {processor.py:840} INFO - DAG(s) 'example_python_operator' retrieved from /home/airflow/.local/lib/python3.8/site-packages/airflow/example_dags/example_python_operator.py
[2023-12-21T19:34:26.980+0000] {logging_mixin.py:188} INFO - [2023-12-21T19:34:26.980+0000] {dag.py:3033} INFO - Sync 1 DAGs
[2023-12-21T19:34:27.005+0000] {logging_mixin.py:188} INFO - [2023-12-21T19:34:27.005+0000] {dag.py:3820} INFO - Setting next_dagrun for example_python_operator to None, run_after=None
[2023-12-21T19:34:27.069+0000] {processor.py:183} INFO - Processing /home/airflow/.local/lib/python3.8/site-packages/airflow/example_dags/example_python_operator.py took 0.653 seconds
