[2023-12-21T19:12:00.821+0000] {processor.py:161} INFO - Started process (PID=58) to work on /home/airflow/.local/lib/python3.8/site-packages/airflow/example_dags/tutorial.py
[2023-12-21T19:12:00.825+0000] {processor.py:830} INFO - Processing file /home/airflow/.local/lib/python3.8/site-packages/airflow/example_dags/tutorial.py for tasks to queue
[2023-12-21T19:12:00.828+0000] {logging_mixin.py:188} INFO - [2023-12-21T19:12:00.828+0000] {dagbag.py:538} INFO - Filling up the DagBag from /home/airflow/.local/lib/python3.8/site-packages/airflow/example_dags/tutorial.py
[2023-12-21T19:12:00.844+0000] {processor.py:840} INFO - DAG(s) 'tutorial' retrieved from /home/airflow/.local/lib/python3.8/site-packages/airflow/example_dags/tutorial.py
[2023-12-21T19:12:01.253+0000] {logging_mixin.py:188} INFO - [2023-12-21T19:12:01.253+0000] {dag.py:3033} INFO - Sync 1 DAGs
[2023-12-21T19:12:01.295+0000] {logging_mixin.py:188} INFO - [2023-12-21T19:12:01.294+0000] {dag.py:3820} INFO - Setting next_dagrun for tutorial to 2023-12-20T00:00:00+00:00, run_after=2023-12-21T00:00:00+00:00
[2023-12-21T19:12:01.338+0000] {processor.py:183} INFO - Processing /home/airflow/.local/lib/python3.8/site-packages/airflow/example_dags/tutorial.py took 0.523 seconds
[2023-12-21T19:12:31.433+0000] {processor.py:161} INFO - Started process (PID=112) to work on /home/airflow/.local/lib/python3.8/site-packages/airflow/example_dags/tutorial.py
[2023-12-21T19:12:31.434+0000] {processor.py:830} INFO - Processing file /home/airflow/.local/lib/python3.8/site-packages/airflow/example_dags/tutorial.py for tasks to queue
[2023-12-21T19:12:31.436+0000] {logging_mixin.py:188} INFO - [2023-12-21T19:12:31.436+0000] {dagbag.py:538} INFO - Filling up the DagBag from /home/airflow/.local/lib/python3.8/site-packages/airflow/example_dags/tutorial.py
[2023-12-21T19:12:31.444+0000] {processor.py:840} INFO - DAG(s) 'tutorial' retrieved from /home/airflow/.local/lib/python3.8/site-packages/airflow/example_dags/tutorial.py
[2023-12-21T19:12:31.478+0000] {logging_mixin.py:188} INFO - [2023-12-21T19:12:31.477+0000] {dag.py:3033} INFO - Sync 1 DAGs
[2023-12-21T19:12:31.511+0000] {logging_mixin.py:188} INFO - [2023-12-21T19:12:31.511+0000] {dag.py:3820} INFO - Setting next_dagrun for tutorial to 2023-12-20T00:00:00+00:00, run_after=2023-12-21T00:00:00+00:00
[2023-12-21T19:12:31.537+0000] {processor.py:183} INFO - Processing /home/airflow/.local/lib/python3.8/site-packages/airflow/example_dags/tutorial.py took 0.109 seconds
[2023-12-21T19:13:02.470+0000] {processor.py:161} INFO - Started process (PID=167) to work on /home/airflow/.local/lib/python3.8/site-packages/airflow/example_dags/tutorial.py
[2023-12-21T19:13:02.471+0000] {processor.py:830} INFO - Processing file /home/airflow/.local/lib/python3.8/site-packages/airflow/example_dags/tutorial.py for tasks to queue
[2023-12-21T19:13:02.477+0000] {logging_mixin.py:188} INFO - [2023-12-21T19:13:02.476+0000] {dagbag.py:538} INFO - Filling up the DagBag from /home/airflow/.local/lib/python3.8/site-packages/airflow/example_dags/tutorial.py
[2023-12-21T19:13:02.494+0000] {processor.py:840} INFO - DAG(s) 'tutorial' retrieved from /home/airflow/.local/lib/python3.8/site-packages/airflow/example_dags/tutorial.py
[2023-12-21T19:13:02.532+0000] {logging_mixin.py:188} INFO - [2023-12-21T19:13:02.532+0000] {dag.py:3033} INFO - Sync 1 DAGs
[2023-12-21T19:13:02.567+0000] {logging_mixin.py:188} INFO - [2023-12-21T19:13:02.567+0000] {dag.py:3820} INFO - Setting next_dagrun for tutorial to 2023-12-20T00:00:00+00:00, run_after=2023-12-21T00:00:00+00:00
[2023-12-21T19:13:02.600+0000] {processor.py:183} INFO - Processing /home/airflow/.local/lib/python3.8/site-packages/airflow/example_dags/tutorial.py took 0.136 seconds
[2023-12-21T19:13:32.720+0000] {processor.py:161} INFO - Started process (PID=222) to work on /home/airflow/.local/lib/python3.8/site-packages/airflow/example_dags/tutorial.py
[2023-12-21T19:13:32.721+0000] {processor.py:830} INFO - Processing file /home/airflow/.local/lib/python3.8/site-packages/airflow/example_dags/tutorial.py for tasks to queue
[2023-12-21T19:13:32.725+0000] {logging_mixin.py:188} INFO - [2023-12-21T19:13:32.724+0000] {dagbag.py:538} INFO - Filling up the DagBag from /home/airflow/.local/lib/python3.8/site-packages/airflow/example_dags/tutorial.py
[2023-12-21T19:13:32.737+0000] {processor.py:840} INFO - DAG(s) 'tutorial' retrieved from /home/airflow/.local/lib/python3.8/site-packages/airflow/example_dags/tutorial.py
[2023-12-21T19:13:32.770+0000] {logging_mixin.py:188} INFO - [2023-12-21T19:13:32.769+0000] {dag.py:3033} INFO - Sync 1 DAGs
[2023-12-21T19:13:32.806+0000] {logging_mixin.py:188} INFO - [2023-12-21T19:13:32.806+0000] {dag.py:3820} INFO - Setting next_dagrun for tutorial to 2023-12-20T00:00:00+00:00, run_after=2023-12-21T00:00:00+00:00
[2023-12-21T19:13:32.836+0000] {processor.py:183} INFO - Processing /home/airflow/.local/lib/python3.8/site-packages/airflow/example_dags/tutorial.py took 0.121 seconds
[2023-12-21T19:14:03.211+0000] {processor.py:161} INFO - Started process (PID=277) to work on /home/airflow/.local/lib/python3.8/site-packages/airflow/example_dags/tutorial.py
[2023-12-21T19:14:03.212+0000] {processor.py:830} INFO - Processing file /home/airflow/.local/lib/python3.8/site-packages/airflow/example_dags/tutorial.py for tasks to queue
[2023-12-21T19:14:03.214+0000] {logging_mixin.py:188} INFO - [2023-12-21T19:14:03.214+0000] {dagbag.py:538} INFO - Filling up the DagBag from /home/airflow/.local/lib/python3.8/site-packages/airflow/example_dags/tutorial.py
[2023-12-21T19:14:03.223+0000] {processor.py:840} INFO - DAG(s) 'tutorial' retrieved from /home/airflow/.local/lib/python3.8/site-packages/airflow/example_dags/tutorial.py
[2023-12-21T19:14:03.248+0000] {logging_mixin.py:188} INFO - [2023-12-21T19:14:03.248+0000] {dag.py:3033} INFO - Sync 1 DAGs
[2023-12-21T19:14:03.274+0000] {logging_mixin.py:188} INFO - [2023-12-21T19:14:03.274+0000] {dag.py:3820} INFO - Setting next_dagrun for tutorial to 2023-12-20T00:00:00+00:00, run_after=2023-12-21T00:00:00+00:00
[2023-12-21T19:14:03.295+0000] {processor.py:183} INFO - Processing /home/airflow/.local/lib/python3.8/site-packages/airflow/example_dags/tutorial.py took 0.088 seconds
[2023-12-21T19:18:14.394+0000] {processor.py:161} INFO - Started process (PID=58) to work on /home/airflow/.local/lib/python3.8/site-packages/airflow/example_dags/tutorial.py
[2023-12-21T19:18:14.400+0000] {processor.py:830} INFO - Processing file /home/airflow/.local/lib/python3.8/site-packages/airflow/example_dags/tutorial.py for tasks to queue
[2023-12-21T19:18:14.403+0000] {logging_mixin.py:188} INFO - [2023-12-21T19:18:14.403+0000] {dagbag.py:538} INFO - Filling up the DagBag from /home/airflow/.local/lib/python3.8/site-packages/airflow/example_dags/tutorial.py
[2023-12-21T19:18:14.465+0000] {processor.py:840} INFO - DAG(s) 'tutorial' retrieved from /home/airflow/.local/lib/python3.8/site-packages/airflow/example_dags/tutorial.py
[2023-12-21T19:18:14.822+0000] {logging_mixin.py:188} INFO - [2023-12-21T19:18:14.821+0000] {dag.py:3033} INFO - Sync 1 DAGs
[2023-12-21T19:18:14.875+0000] {logging_mixin.py:188} INFO - [2023-12-21T19:18:14.875+0000] {dag.py:3820} INFO - Setting next_dagrun for tutorial to 2023-12-20T00:00:00+00:00, run_after=2023-12-21T00:00:00+00:00
[2023-12-21T19:18:14.921+0000] {processor.py:183} INFO - Processing /home/airflow/.local/lib/python3.8/site-packages/airflow/example_dags/tutorial.py took 0.564 seconds
[2023-12-21T19:18:45.089+0000] {processor.py:161} INFO - Started process (PID=113) to work on /home/airflow/.local/lib/python3.8/site-packages/airflow/example_dags/tutorial.py
[2023-12-21T19:18:45.090+0000] {processor.py:830} INFO - Processing file /home/airflow/.local/lib/python3.8/site-packages/airflow/example_dags/tutorial.py for tasks to queue
[2023-12-21T19:18:45.093+0000] {logging_mixin.py:188} INFO - [2023-12-21T19:18:45.092+0000] {dagbag.py:538} INFO - Filling up the DagBag from /home/airflow/.local/lib/python3.8/site-packages/airflow/example_dags/tutorial.py
[2023-12-21T19:18:45.100+0000] {processor.py:840} INFO - DAG(s) 'tutorial' retrieved from /home/airflow/.local/lib/python3.8/site-packages/airflow/example_dags/tutorial.py
[2023-12-21T19:18:45.133+0000] {logging_mixin.py:188} INFO - [2023-12-21T19:18:45.132+0000] {dag.py:3033} INFO - Sync 1 DAGs
[2023-12-21T19:18:45.168+0000] {logging_mixin.py:188} INFO - [2023-12-21T19:18:45.168+0000] {dag.py:3820} INFO - Setting next_dagrun for tutorial to 2023-12-20T00:00:00+00:00, run_after=2023-12-21T00:00:00+00:00
[2023-12-21T19:18:45.209+0000] {processor.py:183} INFO - Processing /home/airflow/.local/lib/python3.8/site-packages/airflow/example_dags/tutorial.py took 0.127 seconds
[2023-12-21T19:19:15.359+0000] {processor.py:161} INFO - Started process (PID=169) to work on /home/airflow/.local/lib/python3.8/site-packages/airflow/example_dags/tutorial.py
[2023-12-21T19:19:15.360+0000] {processor.py:830} INFO - Processing file /home/airflow/.local/lib/python3.8/site-packages/airflow/example_dags/tutorial.py for tasks to queue
[2023-12-21T19:19:15.362+0000] {logging_mixin.py:188} INFO - [2023-12-21T19:19:15.362+0000] {dagbag.py:538} INFO - Filling up the DagBag from /home/airflow/.local/lib/python3.8/site-packages/airflow/example_dags/tutorial.py
[2023-12-21T19:19:15.369+0000] {processor.py:840} INFO - DAG(s) 'tutorial' retrieved from /home/airflow/.local/lib/python3.8/site-packages/airflow/example_dags/tutorial.py
[2023-12-21T19:19:15.392+0000] {logging_mixin.py:188} INFO - [2023-12-21T19:19:15.392+0000] {dag.py:3033} INFO - Sync 1 DAGs
[2023-12-21T19:19:15.418+0000] {logging_mixin.py:188} INFO - [2023-12-21T19:19:15.418+0000] {dag.py:3820} INFO - Setting next_dagrun for tutorial to 2023-12-20T00:00:00+00:00, run_after=2023-12-21T00:00:00+00:00
[2023-12-21T19:19:15.444+0000] {processor.py:183} INFO - Processing /home/airflow/.local/lib/python3.8/site-packages/airflow/example_dags/tutorial.py took 0.090 seconds
[2023-12-21T19:19:45.807+0000] {processor.py:161} INFO - Started process (PID=224) to work on /home/airflow/.local/lib/python3.8/site-packages/airflow/example_dags/tutorial.py
[2023-12-21T19:19:45.808+0000] {processor.py:830} INFO - Processing file /home/airflow/.local/lib/python3.8/site-packages/airflow/example_dags/tutorial.py for tasks to queue
[2023-12-21T19:19:45.811+0000] {logging_mixin.py:188} INFO - [2023-12-21T19:19:45.810+0000] {dagbag.py:538} INFO - Filling up the DagBag from /home/airflow/.local/lib/python3.8/site-packages/airflow/example_dags/tutorial.py
[2023-12-21T19:19:45.820+0000] {processor.py:840} INFO - DAG(s) 'tutorial' retrieved from /home/airflow/.local/lib/python3.8/site-packages/airflow/example_dags/tutorial.py
[2023-12-21T19:19:45.858+0000] {logging_mixin.py:188} INFO - [2023-12-21T19:19:45.857+0000] {dag.py:3033} INFO - Sync 1 DAGs
[2023-12-21T19:19:45.893+0000] {logging_mixin.py:188} INFO - [2023-12-21T19:19:45.893+0000] {dag.py:3820} INFO - Setting next_dagrun for tutorial to 2023-12-20T00:00:00+00:00, run_after=2023-12-21T00:00:00+00:00
[2023-12-21T19:19:45.926+0000] {processor.py:183} INFO - Processing /home/airflow/.local/lib/python3.8/site-packages/airflow/example_dags/tutorial.py took 0.125 seconds
[2023-12-21T19:20:16.482+0000] {processor.py:161} INFO - Started process (PID=279) to work on /home/airflow/.local/lib/python3.8/site-packages/airflow/example_dags/tutorial.py
[2023-12-21T19:20:16.484+0000] {processor.py:830} INFO - Processing file /home/airflow/.local/lib/python3.8/site-packages/airflow/example_dags/tutorial.py for tasks to queue
[2023-12-21T19:20:16.486+0000] {logging_mixin.py:188} INFO - [2023-12-21T19:20:16.486+0000] {dagbag.py:538} INFO - Filling up the DagBag from /home/airflow/.local/lib/python3.8/site-packages/airflow/example_dags/tutorial.py
[2023-12-21T19:20:16.494+0000] {processor.py:840} INFO - DAG(s) 'tutorial' retrieved from /home/airflow/.local/lib/python3.8/site-packages/airflow/example_dags/tutorial.py
[2023-12-21T19:20:16.518+0000] {logging_mixin.py:188} INFO - [2023-12-21T19:20:16.518+0000] {dag.py:3033} INFO - Sync 1 DAGs
[2023-12-21T19:20:16.542+0000] {logging_mixin.py:188} INFO - [2023-12-21T19:20:16.542+0000] {dag.py:3820} INFO - Setting next_dagrun for tutorial to 2023-12-20T00:00:00+00:00, run_after=2023-12-21T00:00:00+00:00
[2023-12-21T19:20:16.563+0000] {processor.py:183} INFO - Processing /home/airflow/.local/lib/python3.8/site-packages/airflow/example_dags/tutorial.py took 0.086 seconds
[2023-12-21T19:20:47.016+0000] {processor.py:161} INFO - Started process (PID=334) to work on /home/airflow/.local/lib/python3.8/site-packages/airflow/example_dags/tutorial.py
[2023-12-21T19:20:47.017+0000] {processor.py:830} INFO - Processing file /home/airflow/.local/lib/python3.8/site-packages/airflow/example_dags/tutorial.py for tasks to queue
[2023-12-21T19:20:47.021+0000] {logging_mixin.py:188} INFO - [2023-12-21T19:20:47.021+0000] {dagbag.py:538} INFO - Filling up the DagBag from /home/airflow/.local/lib/python3.8/site-packages/airflow/example_dags/tutorial.py
[2023-12-21T19:20:47.033+0000] {processor.py:840} INFO - DAG(s) 'tutorial' retrieved from /home/airflow/.local/lib/python3.8/site-packages/airflow/example_dags/tutorial.py
[2023-12-21T19:20:47.086+0000] {logging_mixin.py:188} INFO - [2023-12-21T19:20:47.085+0000] {dag.py:3033} INFO - Sync 1 DAGs
[2023-12-21T19:20:47.156+0000] {logging_mixin.py:188} INFO - [2023-12-21T19:20:47.155+0000] {dag.py:3820} INFO - Setting next_dagrun for tutorial to 2023-12-20T00:00:00+00:00, run_after=2023-12-21T00:00:00+00:00
[2023-12-21T19:20:47.212+0000] {processor.py:183} INFO - Processing /home/airflow/.local/lib/python3.8/site-packages/airflow/example_dags/tutorial.py took 0.202 seconds
[2023-12-21T19:21:17.322+0000] {processor.py:161} INFO - Started process (PID=389) to work on /home/airflow/.local/lib/python3.8/site-packages/airflow/example_dags/tutorial.py
[2023-12-21T19:21:17.324+0000] {processor.py:830} INFO - Processing file /home/airflow/.local/lib/python3.8/site-packages/airflow/example_dags/tutorial.py for tasks to queue
[2023-12-21T19:21:17.328+0000] {logging_mixin.py:188} INFO - [2023-12-21T19:21:17.328+0000] {dagbag.py:538} INFO - Filling up the DagBag from /home/airflow/.local/lib/python3.8/site-packages/airflow/example_dags/tutorial.py
[2023-12-21T19:21:17.336+0000] {processor.py:840} INFO - DAG(s) 'tutorial' retrieved from /home/airflow/.local/lib/python3.8/site-packages/airflow/example_dags/tutorial.py
[2023-12-21T19:21:17.368+0000] {logging_mixin.py:188} INFO - [2023-12-21T19:21:17.368+0000] {dag.py:3033} INFO - Sync 1 DAGs
[2023-12-21T19:21:17.405+0000] {logging_mixin.py:188} INFO - [2023-12-21T19:21:17.405+0000] {dag.py:3820} INFO - Setting next_dagrun for tutorial to 2023-12-20T00:00:00+00:00, run_after=2023-12-21T00:00:00+00:00
[2023-12-21T19:21:17.440+0000] {processor.py:183} INFO - Processing /home/airflow/.local/lib/python3.8/site-packages/airflow/example_dags/tutorial.py took 0.123 seconds
[2023-12-21T19:21:47.948+0000] {processor.py:161} INFO - Started process (PID=444) to work on /home/airflow/.local/lib/python3.8/site-packages/airflow/example_dags/tutorial.py
[2023-12-21T19:21:47.950+0000] {processor.py:830} INFO - Processing file /home/airflow/.local/lib/python3.8/site-packages/airflow/example_dags/tutorial.py for tasks to queue
[2023-12-21T19:21:47.954+0000] {logging_mixin.py:188} INFO - [2023-12-21T19:21:47.953+0000] {dagbag.py:538} INFO - Filling up the DagBag from /home/airflow/.local/lib/python3.8/site-packages/airflow/example_dags/tutorial.py
[2023-12-21T19:21:47.966+0000] {processor.py:840} INFO - DAG(s) 'tutorial' retrieved from /home/airflow/.local/lib/python3.8/site-packages/airflow/example_dags/tutorial.py
[2023-12-21T19:21:48.007+0000] {logging_mixin.py:188} INFO - [2023-12-21T19:21:48.007+0000] {dag.py:3033} INFO - Sync 1 DAGs
[2023-12-21T19:21:48.066+0000] {logging_mixin.py:188} INFO - [2023-12-21T19:21:48.065+0000] {dag.py:3820} INFO - Setting next_dagrun for tutorial to 2023-12-20T00:00:00+00:00, run_after=2023-12-21T00:00:00+00:00
[2023-12-21T19:21:48.102+0000] {processor.py:183} INFO - Processing /home/airflow/.local/lib/python3.8/site-packages/airflow/example_dags/tutorial.py took 0.161 seconds
[2023-12-21T19:22:18.753+0000] {processor.py:161} INFO - Started process (PID=499) to work on /home/airflow/.local/lib/python3.8/site-packages/airflow/example_dags/tutorial.py
[2023-12-21T19:22:18.754+0000] {processor.py:830} INFO - Processing file /home/airflow/.local/lib/python3.8/site-packages/airflow/example_dags/tutorial.py for tasks to queue
[2023-12-21T19:22:18.757+0000] {logging_mixin.py:188} INFO - [2023-12-21T19:22:18.757+0000] {dagbag.py:538} INFO - Filling up the DagBag from /home/airflow/.local/lib/python3.8/site-packages/airflow/example_dags/tutorial.py
[2023-12-21T19:22:18.769+0000] {processor.py:840} INFO - DAG(s) 'tutorial' retrieved from /home/airflow/.local/lib/python3.8/site-packages/airflow/example_dags/tutorial.py
[2023-12-21T19:22:18.819+0000] {logging_mixin.py:188} INFO - [2023-12-21T19:22:18.819+0000] {dag.py:3033} INFO - Sync 1 DAGs
[2023-12-21T19:22:18.873+0000] {logging_mixin.py:188} INFO - [2023-12-21T19:22:18.873+0000] {dag.py:3820} INFO - Setting next_dagrun for tutorial to 2023-12-20T00:00:00+00:00, run_after=2023-12-21T00:00:00+00:00
[2023-12-21T19:22:18.910+0000] {processor.py:183} INFO - Processing /home/airflow/.local/lib/python3.8/site-packages/airflow/example_dags/tutorial.py took 0.164 seconds
[2023-12-21T19:22:49.220+0000] {processor.py:161} INFO - Started process (PID=554) to work on /home/airflow/.local/lib/python3.8/site-packages/airflow/example_dags/tutorial.py
[2023-12-21T19:22:49.221+0000] {processor.py:830} INFO - Processing file /home/airflow/.local/lib/python3.8/site-packages/airflow/example_dags/tutorial.py for tasks to queue
[2023-12-21T19:22:49.224+0000] {logging_mixin.py:188} INFO - [2023-12-21T19:22:49.224+0000] {dagbag.py:538} INFO - Filling up the DagBag from /home/airflow/.local/lib/python3.8/site-packages/airflow/example_dags/tutorial.py
[2023-12-21T19:22:49.236+0000] {processor.py:840} INFO - DAG(s) 'tutorial' retrieved from /home/airflow/.local/lib/python3.8/site-packages/airflow/example_dags/tutorial.py
[2023-12-21T19:22:49.268+0000] {logging_mixin.py:188} INFO - [2023-12-21T19:22:49.268+0000] {dag.py:3033} INFO - Sync 1 DAGs
[2023-12-21T19:22:49.313+0000] {logging_mixin.py:188} INFO - [2023-12-21T19:22:49.312+0000] {dag.py:3820} INFO - Setting next_dagrun for tutorial to 2023-12-20T00:00:00+00:00, run_after=2023-12-21T00:00:00+00:00
[2023-12-21T19:22:49.342+0000] {processor.py:183} INFO - Processing /home/airflow/.local/lib/python3.8/site-packages/airflow/example_dags/tutorial.py took 0.131 seconds
[2023-12-21T19:23:19.893+0000] {processor.py:161} INFO - Started process (PID=609) to work on /home/airflow/.local/lib/python3.8/site-packages/airflow/example_dags/tutorial.py
[2023-12-21T19:23:19.894+0000] {processor.py:830} INFO - Processing file /home/airflow/.local/lib/python3.8/site-packages/airflow/example_dags/tutorial.py for tasks to queue
[2023-12-21T19:23:19.897+0000] {logging_mixin.py:188} INFO - [2023-12-21T19:23:19.897+0000] {dagbag.py:538} INFO - Filling up the DagBag from /home/airflow/.local/lib/python3.8/site-packages/airflow/example_dags/tutorial.py
[2023-12-21T19:23:19.907+0000] {processor.py:840} INFO - DAG(s) 'tutorial' retrieved from /home/airflow/.local/lib/python3.8/site-packages/airflow/example_dags/tutorial.py
[2023-12-21T19:23:19.942+0000] {logging_mixin.py:188} INFO - [2023-12-21T19:23:19.942+0000] {dag.py:3033} INFO - Sync 1 DAGs
[2023-12-21T19:23:19.981+0000] {logging_mixin.py:188} INFO - [2023-12-21T19:23:19.980+0000] {dag.py:3820} INFO - Setting next_dagrun for tutorial to 2023-12-20T00:00:00+00:00, run_after=2023-12-21T00:00:00+00:00
[2023-12-21T19:23:20.021+0000] {processor.py:183} INFO - Processing /home/airflow/.local/lib/python3.8/site-packages/airflow/example_dags/tutorial.py took 0.134 seconds
[2023-12-21T19:23:50.164+0000] {processor.py:161} INFO - Started process (PID=663) to work on /home/airflow/.local/lib/python3.8/site-packages/airflow/example_dags/tutorial.py
[2023-12-21T19:23:50.165+0000] {processor.py:830} INFO - Processing file /home/airflow/.local/lib/python3.8/site-packages/airflow/example_dags/tutorial.py for tasks to queue
[2023-12-21T19:23:50.168+0000] {logging_mixin.py:188} INFO - [2023-12-21T19:23:50.168+0000] {dagbag.py:538} INFO - Filling up the DagBag from /home/airflow/.local/lib/python3.8/site-packages/airflow/example_dags/tutorial.py
[2023-12-21T19:23:50.178+0000] {processor.py:840} INFO - DAG(s) 'tutorial' retrieved from /home/airflow/.local/lib/python3.8/site-packages/airflow/example_dags/tutorial.py
[2023-12-21T19:23:50.212+0000] {logging_mixin.py:188} INFO - [2023-12-21T19:23:50.211+0000] {dag.py:3033} INFO - Sync 1 DAGs
[2023-12-21T19:23:50.249+0000] {logging_mixin.py:188} INFO - [2023-12-21T19:23:50.249+0000] {dag.py:3820} INFO - Setting next_dagrun for tutorial to 2023-12-20T00:00:00+00:00, run_after=2023-12-21T00:00:00+00:00
[2023-12-21T19:23:50.290+0000] {processor.py:183} INFO - Processing /home/airflow/.local/lib/python3.8/site-packages/airflow/example_dags/tutorial.py took 0.132 seconds
[2023-12-21T19:24:21.148+0000] {processor.py:161} INFO - Started process (PID=717) to work on /home/airflow/.local/lib/python3.8/site-packages/airflow/example_dags/tutorial.py
[2023-12-21T19:24:21.149+0000] {processor.py:830} INFO - Processing file /home/airflow/.local/lib/python3.8/site-packages/airflow/example_dags/tutorial.py for tasks to queue
[2023-12-21T19:24:21.153+0000] {logging_mixin.py:188} INFO - [2023-12-21T19:24:21.152+0000] {dagbag.py:538} INFO - Filling up the DagBag from /home/airflow/.local/lib/python3.8/site-packages/airflow/example_dags/tutorial.py
[2023-12-21T19:24:21.168+0000] {processor.py:840} INFO - DAG(s) 'tutorial' retrieved from /home/airflow/.local/lib/python3.8/site-packages/airflow/example_dags/tutorial.py
[2023-12-21T19:24:21.222+0000] {logging_mixin.py:188} INFO - [2023-12-21T19:24:21.222+0000] {dag.py:3033} INFO - Sync 1 DAGs
[2023-12-21T19:24:21.276+0000] {logging_mixin.py:188} INFO - [2023-12-21T19:24:21.275+0000] {dag.py:3820} INFO - Setting next_dagrun for tutorial to 2023-12-20T00:00:00+00:00, run_after=2023-12-21T00:00:00+00:00
[2023-12-21T19:24:21.323+0000] {processor.py:183} INFO - Processing /home/airflow/.local/lib/python3.8/site-packages/airflow/example_dags/tutorial.py took 0.182 seconds
[2023-12-21T19:24:51.460+0000] {processor.py:161} INFO - Started process (PID=772) to work on /home/airflow/.local/lib/python3.8/site-packages/airflow/example_dags/tutorial.py
[2023-12-21T19:24:51.461+0000] {processor.py:830} INFO - Processing file /home/airflow/.local/lib/python3.8/site-packages/airflow/example_dags/tutorial.py for tasks to queue
[2023-12-21T19:24:51.464+0000] {logging_mixin.py:188} INFO - [2023-12-21T19:24:51.463+0000] {dagbag.py:538} INFO - Filling up the DagBag from /home/airflow/.local/lib/python3.8/site-packages/airflow/example_dags/tutorial.py
[2023-12-21T19:24:51.475+0000] {processor.py:840} INFO - DAG(s) 'tutorial' retrieved from /home/airflow/.local/lib/python3.8/site-packages/airflow/example_dags/tutorial.py
[2023-12-21T19:24:51.511+0000] {logging_mixin.py:188} INFO - [2023-12-21T19:24:51.511+0000] {dag.py:3033} INFO - Sync 1 DAGs
[2023-12-21T19:24:51.560+0000] {logging_mixin.py:188} INFO - [2023-12-21T19:24:51.560+0000] {dag.py:3820} INFO - Setting next_dagrun for tutorial to 2023-12-20T00:00:00+00:00, run_after=2023-12-21T00:00:00+00:00
[2023-12-21T19:24:51.614+0000] {processor.py:183} INFO - Processing /home/airflow/.local/lib/python3.8/site-packages/airflow/example_dags/tutorial.py took 0.160 seconds
[2023-12-21T19:25:22.176+0000] {processor.py:161} INFO - Started process (PID=833) to work on /home/airflow/.local/lib/python3.8/site-packages/airflow/example_dags/tutorial.py
[2023-12-21T19:25:22.180+0000] {processor.py:830} INFO - Processing file /home/airflow/.local/lib/python3.8/site-packages/airflow/example_dags/tutorial.py for tasks to queue
[2023-12-21T19:25:22.185+0000] {logging_mixin.py:188} INFO - [2023-12-21T19:25:22.183+0000] {dagbag.py:538} INFO - Filling up the DagBag from /home/airflow/.local/lib/python3.8/site-packages/airflow/example_dags/tutorial.py
[2023-12-21T19:25:22.213+0000] {processor.py:840} INFO - DAG(s) 'tutorial' retrieved from /home/airflow/.local/lib/python3.8/site-packages/airflow/example_dags/tutorial.py
[2023-12-21T19:25:22.268+0000] {logging_mixin.py:188} INFO - [2023-12-21T19:25:22.268+0000] {dag.py:3033} INFO - Sync 1 DAGs
[2023-12-21T19:25:22.325+0000] {logging_mixin.py:188} INFO - [2023-12-21T19:25:22.324+0000] {dag.py:3820} INFO - Setting next_dagrun for tutorial to 2023-12-20T00:00:00+00:00, run_after=2023-12-21T00:00:00+00:00
[2023-12-21T19:25:22.374+0000] {processor.py:183} INFO - Processing /home/airflow/.local/lib/python3.8/site-packages/airflow/example_dags/tutorial.py took 0.208 seconds
[2023-12-21T19:25:53.042+0000] {processor.py:161} INFO - Started process (PID=887) to work on /home/airflow/.local/lib/python3.8/site-packages/airflow/example_dags/tutorial.py
[2023-12-21T19:25:53.043+0000] {processor.py:830} INFO - Processing file /home/airflow/.local/lib/python3.8/site-packages/airflow/example_dags/tutorial.py for tasks to queue
[2023-12-21T19:25:53.048+0000] {logging_mixin.py:188} INFO - [2023-12-21T19:25:53.047+0000] {dagbag.py:538} INFO - Filling up the DagBag from /home/airflow/.local/lib/python3.8/site-packages/airflow/example_dags/tutorial.py
[2023-12-21T19:25:53.056+0000] {processor.py:840} INFO - DAG(s) 'tutorial' retrieved from /home/airflow/.local/lib/python3.8/site-packages/airflow/example_dags/tutorial.py
[2023-12-21T19:25:53.091+0000] {logging_mixin.py:188} INFO - [2023-12-21T19:25:53.091+0000] {dag.py:3033} INFO - Sync 1 DAGs
[2023-12-21T19:25:53.131+0000] {logging_mixin.py:188} INFO - [2023-12-21T19:25:53.131+0000] {dag.py:3820} INFO - Setting next_dagrun for tutorial to 2023-12-20T00:00:00+00:00, run_after=2023-12-21T00:00:00+00:00
[2023-12-21T19:25:53.163+0000] {processor.py:183} INFO - Processing /home/airflow/.local/lib/python3.8/site-packages/airflow/example_dags/tutorial.py took 0.126 seconds
[2023-12-21T19:26:23.721+0000] {processor.py:161} INFO - Started process (PID=942) to work on /home/airflow/.local/lib/python3.8/site-packages/airflow/example_dags/tutorial.py
[2023-12-21T19:26:23.722+0000] {processor.py:830} INFO - Processing file /home/airflow/.local/lib/python3.8/site-packages/airflow/example_dags/tutorial.py for tasks to queue
[2023-12-21T19:26:23.726+0000] {logging_mixin.py:188} INFO - [2023-12-21T19:26:23.725+0000] {dagbag.py:538} INFO - Filling up the DagBag from /home/airflow/.local/lib/python3.8/site-packages/airflow/example_dags/tutorial.py
[2023-12-21T19:26:23.736+0000] {processor.py:840} INFO - DAG(s) 'tutorial' retrieved from /home/airflow/.local/lib/python3.8/site-packages/airflow/example_dags/tutorial.py
[2023-12-21T19:26:23.766+0000] {logging_mixin.py:188} INFO - [2023-12-21T19:26:23.766+0000] {dag.py:3033} INFO - Sync 1 DAGs
[2023-12-21T19:26:23.809+0000] {logging_mixin.py:188} INFO - [2023-12-21T19:26:23.809+0000] {dag.py:3820} INFO - Setting next_dagrun for tutorial to 2023-12-20T00:00:00+00:00, run_after=2023-12-21T00:00:00+00:00
[2023-12-21T19:26:23.841+0000] {processor.py:183} INFO - Processing /home/airflow/.local/lib/python3.8/site-packages/airflow/example_dags/tutorial.py took 0.125 seconds
[2023-12-21T19:26:54.080+0000] {processor.py:161} INFO - Started process (PID=997) to work on /home/airflow/.local/lib/python3.8/site-packages/airflow/example_dags/tutorial.py
[2023-12-21T19:26:54.081+0000] {processor.py:830} INFO - Processing file /home/airflow/.local/lib/python3.8/site-packages/airflow/example_dags/tutorial.py for tasks to queue
[2023-12-21T19:26:54.084+0000] {logging_mixin.py:188} INFO - [2023-12-21T19:26:54.083+0000] {dagbag.py:538} INFO - Filling up the DagBag from /home/airflow/.local/lib/python3.8/site-packages/airflow/example_dags/tutorial.py
[2023-12-21T19:26:54.096+0000] {processor.py:840} INFO - DAG(s) 'tutorial' retrieved from /home/airflow/.local/lib/python3.8/site-packages/airflow/example_dags/tutorial.py
[2023-12-21T19:26:54.133+0000] {logging_mixin.py:188} INFO - [2023-12-21T19:26:54.133+0000] {dag.py:3033} INFO - Sync 1 DAGs
[2023-12-21T19:26:54.178+0000] {logging_mixin.py:188} INFO - [2023-12-21T19:26:54.178+0000] {dag.py:3820} INFO - Setting next_dagrun for tutorial to 2023-12-20T00:00:00+00:00, run_after=2023-12-21T00:00:00+00:00
[2023-12-21T19:26:54.219+0000] {processor.py:183} INFO - Processing /home/airflow/.local/lib/python3.8/site-packages/airflow/example_dags/tutorial.py took 0.143 seconds
[2023-12-21T19:27:24.374+0000] {processor.py:161} INFO - Started process (PID=1051) to work on /home/airflow/.local/lib/python3.8/site-packages/airflow/example_dags/tutorial.py
[2023-12-21T19:27:24.376+0000] {processor.py:830} INFO - Processing file /home/airflow/.local/lib/python3.8/site-packages/airflow/example_dags/tutorial.py for tasks to queue
[2023-12-21T19:27:24.380+0000] {logging_mixin.py:188} INFO - [2023-12-21T19:27:24.379+0000] {dagbag.py:538} INFO - Filling up the DagBag from /home/airflow/.local/lib/python3.8/site-packages/airflow/example_dags/tutorial.py
[2023-12-21T19:27:24.393+0000] {processor.py:840} INFO - DAG(s) 'tutorial' retrieved from /home/airflow/.local/lib/python3.8/site-packages/airflow/example_dags/tutorial.py
[2023-12-21T19:27:24.429+0000] {logging_mixin.py:188} INFO - [2023-12-21T19:27:24.429+0000] {dag.py:3033} INFO - Sync 1 DAGs
[2023-12-21T19:27:24.465+0000] {logging_mixin.py:188} INFO - [2023-12-21T19:27:24.464+0000] {dag.py:3820} INFO - Setting next_dagrun for tutorial to 2023-12-20T00:00:00+00:00, run_after=2023-12-21T00:00:00+00:00
[2023-12-21T19:27:24.506+0000] {processor.py:183} INFO - Processing /home/airflow/.local/lib/python3.8/site-packages/airflow/example_dags/tutorial.py took 0.139 seconds
[2023-12-21T19:27:55.127+0000] {processor.py:161} INFO - Started process (PID=1107) to work on /home/airflow/.local/lib/python3.8/site-packages/airflow/example_dags/tutorial.py
[2023-12-21T19:27:55.128+0000] {processor.py:830} INFO - Processing file /home/airflow/.local/lib/python3.8/site-packages/airflow/example_dags/tutorial.py for tasks to queue
[2023-12-21T19:27:55.132+0000] {logging_mixin.py:188} INFO - [2023-12-21T19:27:55.131+0000] {dagbag.py:538} INFO - Filling up the DagBag from /home/airflow/.local/lib/python3.8/site-packages/airflow/example_dags/tutorial.py
[2023-12-21T19:27:55.144+0000] {processor.py:840} INFO - DAG(s) 'tutorial' retrieved from /home/airflow/.local/lib/python3.8/site-packages/airflow/example_dags/tutorial.py
[2023-12-21T19:27:55.178+0000] {logging_mixin.py:188} INFO - [2023-12-21T19:27:55.178+0000] {dag.py:3033} INFO - Sync 1 DAGs
[2023-12-21T19:27:55.216+0000] {logging_mixin.py:188} INFO - [2023-12-21T19:27:55.215+0000] {dag.py:3820} INFO - Setting next_dagrun for tutorial to 2023-12-20T00:00:00+00:00, run_after=2023-12-21T00:00:00+00:00
[2023-12-21T19:27:55.249+0000] {processor.py:183} INFO - Processing /home/airflow/.local/lib/python3.8/site-packages/airflow/example_dags/tutorial.py took 0.127 seconds
[2023-12-21T19:28:25.520+0000] {processor.py:161} INFO - Started process (PID=1161) to work on /home/airflow/.local/lib/python3.8/site-packages/airflow/example_dags/tutorial.py
[2023-12-21T19:28:25.525+0000] {processor.py:830} INFO - Processing file /home/airflow/.local/lib/python3.8/site-packages/airflow/example_dags/tutorial.py for tasks to queue
[2023-12-21T19:28:25.532+0000] {logging_mixin.py:188} INFO - [2023-12-21T19:28:25.531+0000] {dagbag.py:538} INFO - Filling up the DagBag from /home/airflow/.local/lib/python3.8/site-packages/airflow/example_dags/tutorial.py
[2023-12-21T19:28:25.551+0000] {processor.py:840} INFO - DAG(s) 'tutorial' retrieved from /home/airflow/.local/lib/python3.8/site-packages/airflow/example_dags/tutorial.py
[2023-12-21T19:28:25.607+0000] {logging_mixin.py:188} INFO - [2023-12-21T19:28:25.606+0000] {dag.py:3033} INFO - Sync 1 DAGs
[2023-12-21T19:28:25.658+0000] {logging_mixin.py:188} INFO - [2023-12-21T19:28:25.658+0000] {dag.py:3820} INFO - Setting next_dagrun for tutorial to 2023-12-20T00:00:00+00:00, run_after=2023-12-21T00:00:00+00:00
[2023-12-21T19:28:25.686+0000] {processor.py:183} INFO - Processing /home/airflow/.local/lib/python3.8/site-packages/airflow/example_dags/tutorial.py took 0.185 seconds
[2023-12-21T19:28:55.800+0000] {processor.py:161} INFO - Started process (PID=1216) to work on /home/airflow/.local/lib/python3.8/site-packages/airflow/example_dags/tutorial.py
[2023-12-21T19:28:55.801+0000] {processor.py:830} INFO - Processing file /home/airflow/.local/lib/python3.8/site-packages/airflow/example_dags/tutorial.py for tasks to queue
[2023-12-21T19:28:55.807+0000] {logging_mixin.py:188} INFO - [2023-12-21T19:28:55.807+0000] {dagbag.py:538} INFO - Filling up the DagBag from /home/airflow/.local/lib/python3.8/site-packages/airflow/example_dags/tutorial.py
[2023-12-21T19:28:55.824+0000] {processor.py:840} INFO - DAG(s) 'tutorial' retrieved from /home/airflow/.local/lib/python3.8/site-packages/airflow/example_dags/tutorial.py
[2023-12-21T19:28:55.898+0000] {logging_mixin.py:188} INFO - [2023-12-21T19:28:55.889+0000] {dag.py:3033} INFO - Sync 1 DAGs
[2023-12-21T19:28:55.969+0000] {logging_mixin.py:188} INFO - [2023-12-21T19:28:55.969+0000] {dag.py:3820} INFO - Setting next_dagrun for tutorial to 2023-12-20T00:00:00+00:00, run_after=2023-12-21T00:00:00+00:00
[2023-12-21T19:28:56.014+0000] {processor.py:183} INFO - Processing /home/airflow/.local/lib/python3.8/site-packages/airflow/example_dags/tutorial.py took 0.235 seconds
[2023-12-21T19:29:26.479+0000] {processor.py:161} INFO - Started process (PID=1271) to work on /home/airflow/.local/lib/python3.8/site-packages/airflow/example_dags/tutorial.py
[2023-12-21T19:29:26.487+0000] {processor.py:830} INFO - Processing file /home/airflow/.local/lib/python3.8/site-packages/airflow/example_dags/tutorial.py for tasks to queue
[2023-12-21T19:29:26.492+0000] {logging_mixin.py:188} INFO - [2023-12-21T19:29:26.491+0000] {dagbag.py:538} INFO - Filling up the DagBag from /home/airflow/.local/lib/python3.8/site-packages/airflow/example_dags/tutorial.py
[2023-12-21T19:29:26.516+0000] {processor.py:840} INFO - DAG(s) 'tutorial' retrieved from /home/airflow/.local/lib/python3.8/site-packages/airflow/example_dags/tutorial.py
[2023-12-21T19:29:26.566+0000] {logging_mixin.py:188} INFO - [2023-12-21T19:29:26.565+0000] {dag.py:3033} INFO - Sync 1 DAGs
[2023-12-21T19:29:26.622+0000] {logging_mixin.py:188} INFO - [2023-12-21T19:29:26.622+0000] {dag.py:3820} INFO - Setting next_dagrun for tutorial to 2023-12-20T00:00:00+00:00, run_after=2023-12-21T00:00:00+00:00
[2023-12-21T19:29:26.669+0000] {processor.py:183} INFO - Processing /home/airflow/.local/lib/python3.8/site-packages/airflow/example_dags/tutorial.py took 0.209 seconds
[2023-12-21T19:29:56.834+0000] {processor.py:161} INFO - Started process (PID=1326) to work on /home/airflow/.local/lib/python3.8/site-packages/airflow/example_dags/tutorial.py
[2023-12-21T19:29:56.835+0000] {processor.py:830} INFO - Processing file /home/airflow/.local/lib/python3.8/site-packages/airflow/example_dags/tutorial.py for tasks to queue
[2023-12-21T19:29:56.838+0000] {logging_mixin.py:188} INFO - [2023-12-21T19:29:56.838+0000] {dagbag.py:538} INFO - Filling up the DagBag from /home/airflow/.local/lib/python3.8/site-packages/airflow/example_dags/tutorial.py
[2023-12-21T19:29:56.846+0000] {processor.py:840} INFO - DAG(s) 'tutorial' retrieved from /home/airflow/.local/lib/python3.8/site-packages/airflow/example_dags/tutorial.py
[2023-12-21T19:29:56.889+0000] {logging_mixin.py:188} INFO - [2023-12-21T19:29:56.888+0000] {dag.py:3033} INFO - Sync 1 DAGs
[2023-12-21T19:29:56.920+0000] {logging_mixin.py:188} INFO - [2023-12-21T19:29:56.920+0000] {dag.py:3820} INFO - Setting next_dagrun for tutorial to 2023-12-20T00:00:00+00:00, run_after=2023-12-21T00:00:00+00:00
[2023-12-21T19:29:56.943+0000] {processor.py:183} INFO - Processing /home/airflow/.local/lib/python3.8/site-packages/airflow/example_dags/tutorial.py took 0.113 seconds
[2023-12-21T19:30:27.579+0000] {processor.py:161} INFO - Started process (PID=1380) to work on /home/airflow/.local/lib/python3.8/site-packages/airflow/example_dags/tutorial.py
[2023-12-21T19:30:27.581+0000] {processor.py:830} INFO - Processing file /home/airflow/.local/lib/python3.8/site-packages/airflow/example_dags/tutorial.py for tasks to queue
[2023-12-21T19:30:27.584+0000] {logging_mixin.py:188} INFO - [2023-12-21T19:30:27.583+0000] {dagbag.py:538} INFO - Filling up the DagBag from /home/airflow/.local/lib/python3.8/site-packages/airflow/example_dags/tutorial.py
[2023-12-21T19:30:27.594+0000] {processor.py:840} INFO - DAG(s) 'tutorial' retrieved from /home/airflow/.local/lib/python3.8/site-packages/airflow/example_dags/tutorial.py
[2023-12-21T19:30:27.631+0000] {logging_mixin.py:188} INFO - [2023-12-21T19:30:27.630+0000] {dag.py:3033} INFO - Sync 1 DAGs
[2023-12-21T19:30:27.670+0000] {logging_mixin.py:188} INFO - [2023-12-21T19:30:27.670+0000] {dag.py:3820} INFO - Setting next_dagrun for tutorial to 2023-12-20T00:00:00+00:00, run_after=2023-12-21T00:00:00+00:00
[2023-12-21T19:30:27.696+0000] {processor.py:183} INFO - Processing /home/airflow/.local/lib/python3.8/site-packages/airflow/example_dags/tutorial.py took 0.121 seconds
[2023-12-21T19:30:58.010+0000] {processor.py:161} INFO - Started process (PID=1434) to work on /home/airflow/.local/lib/python3.8/site-packages/airflow/example_dags/tutorial.py
[2023-12-21T19:30:58.011+0000] {processor.py:830} INFO - Processing file /home/airflow/.local/lib/python3.8/site-packages/airflow/example_dags/tutorial.py for tasks to queue
[2023-12-21T19:30:58.015+0000] {logging_mixin.py:188} INFO - [2023-12-21T19:30:58.015+0000] {dagbag.py:538} INFO - Filling up the DagBag from /home/airflow/.local/lib/python3.8/site-packages/airflow/example_dags/tutorial.py
[2023-12-21T19:30:58.027+0000] {processor.py:840} INFO - DAG(s) 'tutorial' retrieved from /home/airflow/.local/lib/python3.8/site-packages/airflow/example_dags/tutorial.py
[2023-12-21T19:30:58.061+0000] {logging_mixin.py:188} INFO - [2023-12-21T19:30:58.060+0000] {dag.py:3033} INFO - Sync 1 DAGs
[2023-12-21T19:30:58.089+0000] {logging_mixin.py:188} INFO - [2023-12-21T19:30:58.089+0000] {dag.py:3820} INFO - Setting next_dagrun for tutorial to 2023-12-20T00:00:00+00:00, run_after=2023-12-21T00:00:00+00:00
[2023-12-21T19:30:58.110+0000] {processor.py:183} INFO - Processing /home/airflow/.local/lib/python3.8/site-packages/airflow/example_dags/tutorial.py took 0.108 seconds
[2023-12-21T19:31:29.109+0000] {processor.py:161} INFO - Started process (PID=1489) to work on /home/airflow/.local/lib/python3.8/site-packages/airflow/example_dags/tutorial.py
[2023-12-21T19:31:29.111+0000] {processor.py:830} INFO - Processing file /home/airflow/.local/lib/python3.8/site-packages/airflow/example_dags/tutorial.py for tasks to queue
[2023-12-21T19:31:29.114+0000] {logging_mixin.py:188} INFO - [2023-12-21T19:31:29.113+0000] {dagbag.py:538} INFO - Filling up the DagBag from /home/airflow/.local/lib/python3.8/site-packages/airflow/example_dags/tutorial.py
[2023-12-21T19:31:29.120+0000] {processor.py:840} INFO - DAG(s) 'tutorial' retrieved from /home/airflow/.local/lib/python3.8/site-packages/airflow/example_dags/tutorial.py
[2023-12-21T19:31:29.148+0000] {logging_mixin.py:188} INFO - [2023-12-21T19:31:29.147+0000] {dag.py:3033} INFO - Sync 1 DAGs
[2023-12-21T19:31:29.178+0000] {logging_mixin.py:188} INFO - [2023-12-21T19:31:29.177+0000] {dag.py:3820} INFO - Setting next_dagrun for tutorial to 2023-12-20T00:00:00+00:00, run_after=2023-12-21T00:00:00+00:00
[2023-12-21T19:31:29.211+0000] {processor.py:183} INFO - Processing /home/airflow/.local/lib/python3.8/site-packages/airflow/example_dags/tutorial.py took 0.106 seconds
[2023-12-21T19:34:29.409+0000] {processor.py:161} INFO - Started process (PID=58) to work on /home/airflow/.local/lib/python3.8/site-packages/airflow/example_dags/tutorial.py
[2023-12-21T19:34:29.419+0000] {processor.py:830} INFO - Processing file /home/airflow/.local/lib/python3.8/site-packages/airflow/example_dags/tutorial.py for tasks to queue
[2023-12-21T19:34:29.422+0000] {logging_mixin.py:188} INFO - [2023-12-21T19:34:29.422+0000] {dagbag.py:538} INFO - Filling up the DagBag from /home/airflow/.local/lib/python3.8/site-packages/airflow/example_dags/tutorial.py
[2023-12-21T19:34:29.432+0000] {processor.py:840} INFO - DAG(s) 'tutorial' retrieved from /home/airflow/.local/lib/python3.8/site-packages/airflow/example_dags/tutorial.py
[2023-12-21T19:34:29.688+0000] {logging_mixin.py:188} INFO - [2023-12-21T19:34:29.688+0000] {dag.py:3033} INFO - Sync 1 DAGs
[2023-12-21T19:34:29.787+0000] {logging_mixin.py:188} INFO - [2023-12-21T19:34:29.786+0000] {dag.py:3820} INFO - Setting next_dagrun for tutorial to 2023-12-20T00:00:00+00:00, run_after=2023-12-21T00:00:00+00:00
[2023-12-21T19:34:29.868+0000] {processor.py:183} INFO - Processing /home/airflow/.local/lib/python3.8/site-packages/airflow/example_dags/tutorial.py took 0.464 seconds
