[2023-12-21T19:11:59.740+0000] {processor.py:161} INFO - Started process (PID=55) to work on /home/airflow/.local/lib/python3.8/site-packages/airflow/example_dags/tutorial_dag.py
[2023-12-21T19:11:59.741+0000] {processor.py:830} INFO - Processing file /home/airflow/.local/lib/python3.8/site-packages/airflow/example_dags/tutorial_dag.py for tasks to queue
[2023-12-21T19:11:59.745+0000] {logging_mixin.py:188} INFO - [2023-12-21T19:11:59.744+0000] {dagbag.py:538} INFO - Filling up the DagBag from /home/airflow/.local/lib/python3.8/site-packages/airflow/example_dags/tutorial_dag.py
[2023-12-21T19:11:59.754+0000] {processor.py:840} INFO - DAG(s) 'tutorial_dag' retrieved from /home/airflow/.local/lib/python3.8/site-packages/airflow/example_dags/tutorial_dag.py
[2023-12-21T19:12:00.007+0000] {logging_mixin.py:188} INFO - [2023-12-21T19:12:00.006+0000] {dag.py:3033} INFO - Sync 1 DAGs
[2023-12-21T19:12:00.032+0000] {logging_mixin.py:188} INFO - [2023-12-21T19:12:00.031+0000] {dag.py:3820} INFO - Setting next_dagrun for tutorial_dag to None, run_after=None
[2023-12-21T19:12:00.090+0000] {processor.py:183} INFO - Processing /home/airflow/.local/lib/python3.8/site-packages/airflow/example_dags/tutorial_dag.py took 0.357 seconds
[2023-12-21T19:12:31.101+0000] {processor.py:161} INFO - Started process (PID=109) to work on /home/airflow/.local/lib/python3.8/site-packages/airflow/example_dags/tutorial_dag.py
[2023-12-21T19:12:31.107+0000] {processor.py:830} INFO - Processing file /home/airflow/.local/lib/python3.8/site-packages/airflow/example_dags/tutorial_dag.py for tasks to queue
[2023-12-21T19:12:31.112+0000] {logging_mixin.py:188} INFO - [2023-12-21T19:12:31.111+0000] {dagbag.py:538} INFO - Filling up the DagBag from /home/airflow/.local/lib/python3.8/site-packages/airflow/example_dags/tutorial_dag.py
[2023-12-21T19:12:31.123+0000] {processor.py:840} INFO - DAG(s) 'tutorial_dag' retrieved from /home/airflow/.local/lib/python3.8/site-packages/airflow/example_dags/tutorial_dag.py
[2023-12-21T19:12:31.165+0000] {logging_mixin.py:188} INFO - [2023-12-21T19:12:31.164+0000] {dag.py:3033} INFO - Sync 1 DAGs
[2023-12-21T19:12:31.183+0000] {logging_mixin.py:188} INFO - [2023-12-21T19:12:31.182+0000] {dag.py:3820} INFO - Setting next_dagrun for tutorial_dag to None, run_after=None
[2023-12-21T19:12:31.216+0000] {processor.py:183} INFO - Processing /home/airflow/.local/lib/python3.8/site-packages/airflow/example_dags/tutorial_dag.py took 0.127 seconds
[2023-12-21T19:13:02.051+0000] {processor.py:161} INFO - Started process (PID=164) to work on /home/airflow/.local/lib/python3.8/site-packages/airflow/example_dags/tutorial_dag.py
[2023-12-21T19:13:02.052+0000] {processor.py:830} INFO - Processing file /home/airflow/.local/lib/python3.8/site-packages/airflow/example_dags/tutorial_dag.py for tasks to queue
[2023-12-21T19:13:02.059+0000] {logging_mixin.py:188} INFO - [2023-12-21T19:13:02.057+0000] {dagbag.py:538} INFO - Filling up the DagBag from /home/airflow/.local/lib/python3.8/site-packages/airflow/example_dags/tutorial_dag.py
[2023-12-21T19:13:02.065+0000] {processor.py:840} INFO - DAG(s) 'tutorial_dag' retrieved from /home/airflow/.local/lib/python3.8/site-packages/airflow/example_dags/tutorial_dag.py
[2023-12-21T19:13:02.098+0000] {logging_mixin.py:188} INFO - [2023-12-21T19:13:02.097+0000] {dag.py:3033} INFO - Sync 1 DAGs
[2023-12-21T19:13:02.119+0000] {logging_mixin.py:188} INFO - [2023-12-21T19:13:02.119+0000] {dag.py:3820} INFO - Setting next_dagrun for tutorial_dag to None, run_after=None
[2023-12-21T19:13:02.162+0000] {processor.py:183} INFO - Processing /home/airflow/.local/lib/python3.8/site-packages/airflow/example_dags/tutorial_dag.py took 0.117 seconds
[2023-12-21T19:13:32.447+0000] {processor.py:161} INFO - Started process (PID=219) to work on /home/airflow/.local/lib/python3.8/site-packages/airflow/example_dags/tutorial_dag.py
[2023-12-21T19:13:32.449+0000] {processor.py:830} INFO - Processing file /home/airflow/.local/lib/python3.8/site-packages/airflow/example_dags/tutorial_dag.py for tasks to queue
[2023-12-21T19:13:32.452+0000] {logging_mixin.py:188} INFO - [2023-12-21T19:13:32.451+0000] {dagbag.py:538} INFO - Filling up the DagBag from /home/airflow/.local/lib/python3.8/site-packages/airflow/example_dags/tutorial_dag.py
[2023-12-21T19:13:32.460+0000] {processor.py:840} INFO - DAG(s) 'tutorial_dag' retrieved from /home/airflow/.local/lib/python3.8/site-packages/airflow/example_dags/tutorial_dag.py
[2023-12-21T19:13:32.493+0000] {logging_mixin.py:188} INFO - [2023-12-21T19:13:32.493+0000] {dag.py:3033} INFO - Sync 1 DAGs
[2023-12-21T19:13:32.514+0000] {logging_mixin.py:188} INFO - [2023-12-21T19:13:32.514+0000] {dag.py:3820} INFO - Setting next_dagrun for tutorial_dag to None, run_after=None
[2023-12-21T19:13:32.551+0000] {processor.py:183} INFO - Processing /home/airflow/.local/lib/python3.8/site-packages/airflow/example_dags/tutorial_dag.py took 0.109 seconds
[2023-12-21T19:14:02.883+0000] {processor.py:161} INFO - Started process (PID=274) to work on /home/airflow/.local/lib/python3.8/site-packages/airflow/example_dags/tutorial_dag.py
[2023-12-21T19:14:02.884+0000] {processor.py:830} INFO - Processing file /home/airflow/.local/lib/python3.8/site-packages/airflow/example_dags/tutorial_dag.py for tasks to queue
[2023-12-21T19:14:02.886+0000] {logging_mixin.py:188} INFO - [2023-12-21T19:14:02.886+0000] {dagbag.py:538} INFO - Filling up the DagBag from /home/airflow/.local/lib/python3.8/site-packages/airflow/example_dags/tutorial_dag.py
[2023-12-21T19:14:02.893+0000] {processor.py:840} INFO - DAG(s) 'tutorial_dag' retrieved from /home/airflow/.local/lib/python3.8/site-packages/airflow/example_dags/tutorial_dag.py
[2023-12-21T19:14:02.916+0000] {logging_mixin.py:188} INFO - [2023-12-21T19:14:02.916+0000] {dag.py:3033} INFO - Sync 1 DAGs
[2023-12-21T19:14:02.930+0000] {logging_mixin.py:188} INFO - [2023-12-21T19:14:02.930+0000] {dag.py:3820} INFO - Setting next_dagrun for tutorial_dag to None, run_after=None
[2023-12-21T19:14:02.961+0000] {processor.py:183} INFO - Processing /home/airflow/.local/lib/python3.8/site-packages/airflow/example_dags/tutorial_dag.py took 0.084 seconds
[2023-12-21T19:18:12.855+0000] {processor.py:161} INFO - Started process (PID=55) to work on /home/airflow/.local/lib/python3.8/site-packages/airflow/example_dags/tutorial_dag.py
[2023-12-21T19:18:12.857+0000] {processor.py:830} INFO - Processing file /home/airflow/.local/lib/python3.8/site-packages/airflow/example_dags/tutorial_dag.py for tasks to queue
[2023-12-21T19:18:12.861+0000] {logging_mixin.py:188} INFO - [2023-12-21T19:18:12.861+0000] {dagbag.py:538} INFO - Filling up the DagBag from /home/airflow/.local/lib/python3.8/site-packages/airflow/example_dags/tutorial_dag.py
[2023-12-21T19:18:12.873+0000] {processor.py:840} INFO - DAG(s) 'tutorial_dag' retrieved from /home/airflow/.local/lib/python3.8/site-packages/airflow/example_dags/tutorial_dag.py
[2023-12-21T19:18:13.328+0000] {logging_mixin.py:188} INFO - [2023-12-21T19:18:13.328+0000] {dag.py:3033} INFO - Sync 1 DAGs
[2023-12-21T19:18:13.399+0000] {logging_mixin.py:188} INFO - [2023-12-21T19:18:13.398+0000] {dag.py:3820} INFO - Setting next_dagrun for tutorial_dag to None, run_after=None
[2023-12-21T19:18:13.489+0000] {processor.py:183} INFO - Processing /home/airflow/.local/lib/python3.8/site-packages/airflow/example_dags/tutorial_dag.py took 0.644 seconds
[2023-12-21T19:18:43.671+0000] {processor.py:161} INFO - Started process (PID=109) to work on /home/airflow/.local/lib/python3.8/site-packages/airflow/example_dags/tutorial_dag.py
[2023-12-21T19:18:43.673+0000] {processor.py:830} INFO - Processing file /home/airflow/.local/lib/python3.8/site-packages/airflow/example_dags/tutorial_dag.py for tasks to queue
[2023-12-21T19:18:43.678+0000] {logging_mixin.py:188} INFO - [2023-12-21T19:18:43.677+0000] {dagbag.py:538} INFO - Filling up the DagBag from /home/airflow/.local/lib/python3.8/site-packages/airflow/example_dags/tutorial_dag.py
[2023-12-21T19:18:43.690+0000] {processor.py:840} INFO - DAG(s) 'tutorial_dag' retrieved from /home/airflow/.local/lib/python3.8/site-packages/airflow/example_dags/tutorial_dag.py
[2023-12-21T19:18:43.726+0000] {logging_mixin.py:188} INFO - [2023-12-21T19:18:43.726+0000] {dag.py:3033} INFO - Sync 1 DAGs
[2023-12-21T19:18:43.754+0000] {logging_mixin.py:188} INFO - [2023-12-21T19:18:43.754+0000] {dag.py:3820} INFO - Setting next_dagrun for tutorial_dag to None, run_after=None
[2023-12-21T19:18:43.794+0000] {processor.py:183} INFO - Processing /home/airflow/.local/lib/python3.8/site-packages/airflow/example_dags/tutorial_dag.py took 0.132 seconds
[2023-12-21T19:19:13.972+0000] {processor.py:161} INFO - Started process (PID=165) to work on /home/airflow/.local/lib/python3.8/site-packages/airflow/example_dags/tutorial_dag.py
[2023-12-21T19:19:13.973+0000] {processor.py:830} INFO - Processing file /home/airflow/.local/lib/python3.8/site-packages/airflow/example_dags/tutorial_dag.py for tasks to queue
[2023-12-21T19:19:13.977+0000] {logging_mixin.py:188} INFO - [2023-12-21T19:19:13.976+0000] {dagbag.py:538} INFO - Filling up the DagBag from /home/airflow/.local/lib/python3.8/site-packages/airflow/example_dags/tutorial_dag.py
[2023-12-21T19:19:13.984+0000] {processor.py:840} INFO - DAG(s) 'tutorial_dag' retrieved from /home/airflow/.local/lib/python3.8/site-packages/airflow/example_dags/tutorial_dag.py
[2023-12-21T19:19:14.007+0000] {logging_mixin.py:188} INFO - [2023-12-21T19:19:14.007+0000] {dag.py:3033} INFO - Sync 1 DAGs
[2023-12-21T19:19:14.021+0000] {logging_mixin.py:188} INFO - [2023-12-21T19:19:14.021+0000] {dag.py:3820} INFO - Setting next_dagrun for tutorial_dag to None, run_after=None
[2023-12-21T19:19:14.048+0000] {processor.py:183} INFO - Processing /home/airflow/.local/lib/python3.8/site-packages/airflow/example_dags/tutorial_dag.py took 0.081 seconds
[2023-12-21T19:19:44.576+0000] {processor.py:161} INFO - Started process (PID=221) to work on /home/airflow/.local/lib/python3.8/site-packages/airflow/example_dags/tutorial_dag.py
[2023-12-21T19:19:44.577+0000] {processor.py:830} INFO - Processing file /home/airflow/.local/lib/python3.8/site-packages/airflow/example_dags/tutorial_dag.py for tasks to queue
[2023-12-21T19:19:44.581+0000] {logging_mixin.py:188} INFO - [2023-12-21T19:19:44.580+0000] {dagbag.py:538} INFO - Filling up the DagBag from /home/airflow/.local/lib/python3.8/site-packages/airflow/example_dags/tutorial_dag.py
[2023-12-21T19:19:44.589+0000] {processor.py:840} INFO - DAG(s) 'tutorial_dag' retrieved from /home/airflow/.local/lib/python3.8/site-packages/airflow/example_dags/tutorial_dag.py
[2023-12-21T19:19:44.622+0000] {logging_mixin.py:188} INFO - [2023-12-21T19:19:44.622+0000] {dag.py:3033} INFO - Sync 1 DAGs
[2023-12-21T19:19:44.636+0000] {logging_mixin.py:188} INFO - [2023-12-21T19:19:44.635+0000] {dag.py:3820} INFO - Setting next_dagrun for tutorial_dag to None, run_after=None
[2023-12-21T19:19:44.657+0000] {processor.py:183} INFO - Processing /home/airflow/.local/lib/python3.8/site-packages/airflow/example_dags/tutorial_dag.py took 0.086 seconds
[2023-12-21T19:20:15.284+0000] {processor.py:161} INFO - Started process (PID=276) to work on /home/airflow/.local/lib/python3.8/site-packages/airflow/example_dags/tutorial_dag.py
[2023-12-21T19:20:15.286+0000] {processor.py:830} INFO - Processing file /home/airflow/.local/lib/python3.8/site-packages/airflow/example_dags/tutorial_dag.py for tasks to queue
[2023-12-21T19:20:15.288+0000] {logging_mixin.py:188} INFO - [2023-12-21T19:20:15.288+0000] {dagbag.py:538} INFO - Filling up the DagBag from /home/airflow/.local/lib/python3.8/site-packages/airflow/example_dags/tutorial_dag.py
[2023-12-21T19:20:15.295+0000] {processor.py:840} INFO - DAG(s) 'tutorial_dag' retrieved from /home/airflow/.local/lib/python3.8/site-packages/airflow/example_dags/tutorial_dag.py
[2023-12-21T19:20:15.322+0000] {logging_mixin.py:188} INFO - [2023-12-21T19:20:15.322+0000] {dag.py:3033} INFO - Sync 1 DAGs
[2023-12-21T19:20:15.338+0000] {logging_mixin.py:188} INFO - [2023-12-21T19:20:15.338+0000] {dag.py:3820} INFO - Setting next_dagrun for tutorial_dag to None, run_after=None
[2023-12-21T19:20:15.361+0000] {processor.py:183} INFO - Processing /home/airflow/.local/lib/python3.8/site-packages/airflow/example_dags/tutorial_dag.py took 0.082 seconds
[2023-12-21T19:20:45.689+0000] {processor.py:161} INFO - Started process (PID=331) to work on /home/airflow/.local/lib/python3.8/site-packages/airflow/example_dags/tutorial_dag.py
[2023-12-21T19:20:45.692+0000] {processor.py:830} INFO - Processing file /home/airflow/.local/lib/python3.8/site-packages/airflow/example_dags/tutorial_dag.py for tasks to queue
[2023-12-21T19:20:45.696+0000] {logging_mixin.py:188} INFO - [2023-12-21T19:20:45.696+0000] {dagbag.py:538} INFO - Filling up the DagBag from /home/airflow/.local/lib/python3.8/site-packages/airflow/example_dags/tutorial_dag.py
[2023-12-21T19:20:45.711+0000] {processor.py:840} INFO - DAG(s) 'tutorial_dag' retrieved from /home/airflow/.local/lib/python3.8/site-packages/airflow/example_dags/tutorial_dag.py
[2023-12-21T19:20:45.761+0000] {logging_mixin.py:188} INFO - [2023-12-21T19:20:45.761+0000] {dag.py:3033} INFO - Sync 1 DAGs
[2023-12-21T19:20:45.799+0000] {logging_mixin.py:188} INFO - [2023-12-21T19:20:45.799+0000] {dag.py:3820} INFO - Setting next_dagrun for tutorial_dag to None, run_after=None
[2023-12-21T19:20:45.843+0000] {processor.py:183} INFO - Processing /home/airflow/.local/lib/python3.8/site-packages/airflow/example_dags/tutorial_dag.py took 0.178 seconds
[2023-12-21T19:21:15.949+0000] {processor.py:161} INFO - Started process (PID=386) to work on /home/airflow/.local/lib/python3.8/site-packages/airflow/example_dags/tutorial_dag.py
[2023-12-21T19:21:15.950+0000] {processor.py:830} INFO - Processing file /home/airflow/.local/lib/python3.8/site-packages/airflow/example_dags/tutorial_dag.py for tasks to queue
[2023-12-21T19:21:15.954+0000] {logging_mixin.py:188} INFO - [2023-12-21T19:21:15.953+0000] {dagbag.py:538} INFO - Filling up the DagBag from /home/airflow/.local/lib/python3.8/site-packages/airflow/example_dags/tutorial_dag.py
[2023-12-21T19:21:15.965+0000] {processor.py:840} INFO - DAG(s) 'tutorial_dag' retrieved from /home/airflow/.local/lib/python3.8/site-packages/airflow/example_dags/tutorial_dag.py
[2023-12-21T19:21:16.000+0000] {logging_mixin.py:188} INFO - [2023-12-21T19:21:16.000+0000] {dag.py:3033} INFO - Sync 1 DAGs
[2023-12-21T19:21:16.024+0000] {logging_mixin.py:188} INFO - [2023-12-21T19:21:16.023+0000] {dag.py:3820} INFO - Setting next_dagrun for tutorial_dag to None, run_after=None
[2023-12-21T19:21:16.065+0000] {processor.py:183} INFO - Processing /home/airflow/.local/lib/python3.8/site-packages/airflow/example_dags/tutorial_dag.py took 0.123 seconds
[2023-12-21T19:21:46.654+0000] {processor.py:161} INFO - Started process (PID=441) to work on /home/airflow/.local/lib/python3.8/site-packages/airflow/example_dags/tutorial_dag.py
[2023-12-21T19:21:46.655+0000] {processor.py:830} INFO - Processing file /home/airflow/.local/lib/python3.8/site-packages/airflow/example_dags/tutorial_dag.py for tasks to queue
[2023-12-21T19:21:46.659+0000] {logging_mixin.py:188} INFO - [2023-12-21T19:21:46.659+0000] {dagbag.py:538} INFO - Filling up the DagBag from /home/airflow/.local/lib/python3.8/site-packages/airflow/example_dags/tutorial_dag.py
[2023-12-21T19:21:46.669+0000] {processor.py:840} INFO - DAG(s) 'tutorial_dag' retrieved from /home/airflow/.local/lib/python3.8/site-packages/airflow/example_dags/tutorial_dag.py
[2023-12-21T19:21:46.706+0000] {logging_mixin.py:188} INFO - [2023-12-21T19:21:46.705+0000] {dag.py:3033} INFO - Sync 1 DAGs
[2023-12-21T19:21:46.722+0000] {logging_mixin.py:188} INFO - [2023-12-21T19:21:46.721+0000] {dag.py:3820} INFO - Setting next_dagrun for tutorial_dag to None, run_after=None
[2023-12-21T19:21:46.768+0000] {processor.py:183} INFO - Processing /home/airflow/.local/lib/python3.8/site-packages/airflow/example_dags/tutorial_dag.py took 0.120 seconds
[2023-12-21T19:22:17.454+0000] {processor.py:161} INFO - Started process (PID=496) to work on /home/airflow/.local/lib/python3.8/site-packages/airflow/example_dags/tutorial_dag.py
[2023-12-21T19:22:17.455+0000] {processor.py:830} INFO - Processing file /home/airflow/.local/lib/python3.8/site-packages/airflow/example_dags/tutorial_dag.py for tasks to queue
[2023-12-21T19:22:17.459+0000] {logging_mixin.py:188} INFO - [2023-12-21T19:22:17.458+0000] {dagbag.py:538} INFO - Filling up the DagBag from /home/airflow/.local/lib/python3.8/site-packages/airflow/example_dags/tutorial_dag.py
[2023-12-21T19:22:17.469+0000] {processor.py:840} INFO - DAG(s) 'tutorial_dag' retrieved from /home/airflow/.local/lib/python3.8/site-packages/airflow/example_dags/tutorial_dag.py
[2023-12-21T19:22:17.498+0000] {logging_mixin.py:188} INFO - [2023-12-21T19:22:17.497+0000] {dag.py:3033} INFO - Sync 1 DAGs
[2023-12-21T19:22:17.515+0000] {logging_mixin.py:188} INFO - [2023-12-21T19:22:17.515+0000] {dag.py:3820} INFO - Setting next_dagrun for tutorial_dag to None, run_after=None
[2023-12-21T19:22:17.551+0000] {processor.py:183} INFO - Processing /home/airflow/.local/lib/python3.8/site-packages/airflow/example_dags/tutorial_dag.py took 0.102 seconds
[2023-12-21T19:22:47.963+0000] {processor.py:161} INFO - Started process (PID=551) to work on /home/airflow/.local/lib/python3.8/site-packages/airflow/example_dags/tutorial_dag.py
[2023-12-21T19:22:47.965+0000] {processor.py:830} INFO - Processing file /home/airflow/.local/lib/python3.8/site-packages/airflow/example_dags/tutorial_dag.py for tasks to queue
[2023-12-21T19:22:47.969+0000] {logging_mixin.py:188} INFO - [2023-12-21T19:22:47.969+0000] {dagbag.py:538} INFO - Filling up the DagBag from /home/airflow/.local/lib/python3.8/site-packages/airflow/example_dags/tutorial_dag.py
[2023-12-21T19:22:47.983+0000] {processor.py:840} INFO - DAG(s) 'tutorial_dag' retrieved from /home/airflow/.local/lib/python3.8/site-packages/airflow/example_dags/tutorial_dag.py
[2023-12-21T19:22:48.017+0000] {logging_mixin.py:188} INFO - [2023-12-21T19:22:48.016+0000] {dag.py:3033} INFO - Sync 1 DAGs
[2023-12-21T19:22:48.043+0000] {logging_mixin.py:188} INFO - [2023-12-21T19:22:48.042+0000] {dag.py:3820} INFO - Setting next_dagrun for tutorial_dag to None, run_after=None
[2023-12-21T19:22:48.073+0000] {processor.py:183} INFO - Processing /home/airflow/.local/lib/python3.8/site-packages/airflow/example_dags/tutorial_dag.py took 0.119 seconds
[2023-12-21T19:23:18.648+0000] {processor.py:161} INFO - Started process (PID=606) to work on /home/airflow/.local/lib/python3.8/site-packages/airflow/example_dags/tutorial_dag.py
[2023-12-21T19:23:18.648+0000] {processor.py:830} INFO - Processing file /home/airflow/.local/lib/python3.8/site-packages/airflow/example_dags/tutorial_dag.py for tasks to queue
[2023-12-21T19:23:18.653+0000] {logging_mixin.py:188} INFO - [2023-12-21T19:23:18.652+0000] {dagbag.py:538} INFO - Filling up the DagBag from /home/airflow/.local/lib/python3.8/site-packages/airflow/example_dags/tutorial_dag.py
[2023-12-21T19:23:18.660+0000] {processor.py:840} INFO - DAG(s) 'tutorial_dag' retrieved from /home/airflow/.local/lib/python3.8/site-packages/airflow/example_dags/tutorial_dag.py
[2023-12-21T19:23:18.697+0000] {logging_mixin.py:188} INFO - [2023-12-21T19:23:18.697+0000] {dag.py:3033} INFO - Sync 1 DAGs
[2023-12-21T19:23:18.724+0000] {logging_mixin.py:188} INFO - [2023-12-21T19:23:18.724+0000] {dag.py:3820} INFO - Setting next_dagrun for tutorial_dag to None, run_after=None
[2023-12-21T19:23:18.759+0000] {processor.py:183} INFO - Processing /home/airflow/.local/lib/python3.8/site-packages/airflow/example_dags/tutorial_dag.py took 0.115 seconds
[2023-12-21T19:23:48.965+0000] {processor.py:161} INFO - Started process (PID=660) to work on /home/airflow/.local/lib/python3.8/site-packages/airflow/example_dags/tutorial_dag.py
[2023-12-21T19:23:48.966+0000] {processor.py:830} INFO - Processing file /home/airflow/.local/lib/python3.8/site-packages/airflow/example_dags/tutorial_dag.py for tasks to queue
[2023-12-21T19:23:48.970+0000] {logging_mixin.py:188} INFO - [2023-12-21T19:23:48.969+0000] {dagbag.py:538} INFO - Filling up the DagBag from /home/airflow/.local/lib/python3.8/site-packages/airflow/example_dags/tutorial_dag.py
[2023-12-21T19:23:48.978+0000] {processor.py:840} INFO - DAG(s) 'tutorial_dag' retrieved from /home/airflow/.local/lib/python3.8/site-packages/airflow/example_dags/tutorial_dag.py
[2023-12-21T19:23:49.014+0000] {logging_mixin.py:188} INFO - [2023-12-21T19:23:49.014+0000] {dag.py:3033} INFO - Sync 1 DAGs
[2023-12-21T19:23:49.041+0000] {logging_mixin.py:188} INFO - [2023-12-21T19:23:49.041+0000] {dag.py:3820} INFO - Setting next_dagrun for tutorial_dag to None, run_after=None
[2023-12-21T19:23:49.085+0000] {processor.py:183} INFO - Processing /home/airflow/.local/lib/python3.8/site-packages/airflow/example_dags/tutorial_dag.py took 0.126 seconds
[2023-12-21T19:24:19.896+0000] {processor.py:161} INFO - Started process (PID=714) to work on /home/airflow/.local/lib/python3.8/site-packages/airflow/example_dags/tutorial_dag.py
[2023-12-21T19:24:19.897+0000] {processor.py:830} INFO - Processing file /home/airflow/.local/lib/python3.8/site-packages/airflow/example_dags/tutorial_dag.py for tasks to queue
[2023-12-21T19:24:19.901+0000] {logging_mixin.py:188} INFO - [2023-12-21T19:24:19.900+0000] {dagbag.py:538} INFO - Filling up the DagBag from /home/airflow/.local/lib/python3.8/site-packages/airflow/example_dags/tutorial_dag.py
[2023-12-21T19:24:19.909+0000] {processor.py:840} INFO - DAG(s) 'tutorial_dag' retrieved from /home/airflow/.local/lib/python3.8/site-packages/airflow/example_dags/tutorial_dag.py
[2023-12-21T19:24:19.956+0000] {logging_mixin.py:188} INFO - [2023-12-21T19:24:19.956+0000] {dag.py:3033} INFO - Sync 1 DAGs
[2023-12-21T19:24:19.988+0000] {logging_mixin.py:188} INFO - [2023-12-21T19:24:19.988+0000] {dag.py:3820} INFO - Setting next_dagrun for tutorial_dag to None, run_after=None
[2023-12-21T19:24:20.077+0000] {processor.py:183} INFO - Processing /home/airflow/.local/lib/python3.8/site-packages/airflow/example_dags/tutorial_dag.py took 0.188 seconds
[2023-12-21T19:24:50.197+0000] {processor.py:161} INFO - Started process (PID=769) to work on /home/airflow/.local/lib/python3.8/site-packages/airflow/example_dags/tutorial_dag.py
[2023-12-21T19:24:50.201+0000] {processor.py:830} INFO - Processing file /home/airflow/.local/lib/python3.8/site-packages/airflow/example_dags/tutorial_dag.py for tasks to queue
[2023-12-21T19:24:50.210+0000] {logging_mixin.py:188} INFO - [2023-12-21T19:24:50.209+0000] {dagbag.py:538} INFO - Filling up the DagBag from /home/airflow/.local/lib/python3.8/site-packages/airflow/example_dags/tutorial_dag.py
[2023-12-21T19:24:50.223+0000] {processor.py:840} INFO - DAG(s) 'tutorial_dag' retrieved from /home/airflow/.local/lib/python3.8/site-packages/airflow/example_dags/tutorial_dag.py
[2023-12-21T19:24:50.263+0000] {logging_mixin.py:188} INFO - [2023-12-21T19:24:50.263+0000] {dag.py:3033} INFO - Sync 1 DAGs
[2023-12-21T19:24:50.287+0000] {logging_mixin.py:188} INFO - [2023-12-21T19:24:50.287+0000] {dag.py:3820} INFO - Setting next_dagrun for tutorial_dag to None, run_after=None
[2023-12-21T19:24:50.328+0000] {processor.py:183} INFO - Processing /home/airflow/.local/lib/python3.8/site-packages/airflow/example_dags/tutorial_dag.py took 0.137 seconds
[2023-12-21T19:25:20.765+0000] {processor.py:161} INFO - Started process (PID=824) to work on /home/airflow/.local/lib/python3.8/site-packages/airflow/example_dags/tutorial_dag.py
[2023-12-21T19:25:20.767+0000] {processor.py:830} INFO - Processing file /home/airflow/.local/lib/python3.8/site-packages/airflow/example_dags/tutorial_dag.py for tasks to queue
[2023-12-21T19:25:20.770+0000] {logging_mixin.py:188} INFO - [2023-12-21T19:25:20.769+0000] {dagbag.py:538} INFO - Filling up the DagBag from /home/airflow/.local/lib/python3.8/site-packages/airflow/example_dags/tutorial_dag.py
[2023-12-21T19:25:20.779+0000] {processor.py:840} INFO - DAG(s) 'tutorial_dag' retrieved from /home/airflow/.local/lib/python3.8/site-packages/airflow/example_dags/tutorial_dag.py
[2023-12-21T19:25:20.821+0000] {logging_mixin.py:188} INFO - [2023-12-21T19:25:20.821+0000] {dag.py:3033} INFO - Sync 1 DAGs
[2023-12-21T19:25:20.843+0000] {logging_mixin.py:188} INFO - [2023-12-21T19:25:20.842+0000] {dag.py:3820} INFO - Setting next_dagrun for tutorial_dag to None, run_after=None
[2023-12-21T19:25:20.876+0000] {processor.py:183} INFO - Processing /home/airflow/.local/lib/python3.8/site-packages/airflow/example_dags/tutorial_dag.py took 0.118 seconds
[2023-12-21T19:25:51.779+0000] {processor.py:161} INFO - Started process (PID=879) to work on /home/airflow/.local/lib/python3.8/site-packages/airflow/example_dags/tutorial_dag.py
[2023-12-21T19:25:51.781+0000] {processor.py:830} INFO - Processing file /home/airflow/.local/lib/python3.8/site-packages/airflow/example_dags/tutorial_dag.py for tasks to queue
[2023-12-21T19:25:51.785+0000] {logging_mixin.py:188} INFO - [2023-12-21T19:25:51.785+0000] {dagbag.py:538} INFO - Filling up the DagBag from /home/airflow/.local/lib/python3.8/site-packages/airflow/example_dags/tutorial_dag.py
[2023-12-21T19:25:51.796+0000] {processor.py:840} INFO - DAG(s) 'tutorial_dag' retrieved from /home/airflow/.local/lib/python3.8/site-packages/airflow/example_dags/tutorial_dag.py
[2023-12-21T19:25:51.842+0000] {logging_mixin.py:188} INFO - [2023-12-21T19:25:51.841+0000] {dag.py:3033} INFO - Sync 1 DAGs
[2023-12-21T19:25:51.866+0000] {logging_mixin.py:188} INFO - [2023-12-21T19:25:51.866+0000] {dag.py:3820} INFO - Setting next_dagrun for tutorial_dag to None, run_after=None
[2023-12-21T19:25:51.906+0000] {processor.py:183} INFO - Processing /home/airflow/.local/lib/python3.8/site-packages/airflow/example_dags/tutorial_dag.py took 0.134 seconds
[2023-12-21T19:26:22.325+0000] {processor.py:161} INFO - Started process (PID=933) to work on /home/airflow/.local/lib/python3.8/site-packages/airflow/example_dags/tutorial_dag.py
[2023-12-21T19:26:22.326+0000] {processor.py:830} INFO - Processing file /home/airflow/.local/lib/python3.8/site-packages/airflow/example_dags/tutorial_dag.py for tasks to queue
[2023-12-21T19:26:22.342+0000] {logging_mixin.py:188} INFO - [2023-12-21T19:26:22.342+0000] {dagbag.py:538} INFO - Filling up the DagBag from /home/airflow/.local/lib/python3.8/site-packages/airflow/example_dags/tutorial_dag.py
[2023-12-21T19:26:22.357+0000] {processor.py:840} INFO - DAG(s) 'tutorial_dag' retrieved from /home/airflow/.local/lib/python3.8/site-packages/airflow/example_dags/tutorial_dag.py
[2023-12-21T19:26:22.405+0000] {logging_mixin.py:188} INFO - [2023-12-21T19:26:22.405+0000] {dag.py:3033} INFO - Sync 1 DAGs
[2023-12-21T19:26:22.437+0000] {logging_mixin.py:188} INFO - [2023-12-21T19:26:22.436+0000] {dag.py:3820} INFO - Setting next_dagrun for tutorial_dag to None, run_after=None
[2023-12-21T19:26:22.514+0000] {processor.py:183} INFO - Processing /home/airflow/.local/lib/python3.8/site-packages/airflow/example_dags/tutorial_dag.py took 0.211 seconds
[2023-12-21T19:26:52.622+0000] {processor.py:161} INFO - Started process (PID=994) to work on /home/airflow/.local/lib/python3.8/site-packages/airflow/example_dags/tutorial_dag.py
[2023-12-21T19:26:52.634+0000] {processor.py:830} INFO - Processing file /home/airflow/.local/lib/python3.8/site-packages/airflow/example_dags/tutorial_dag.py for tasks to queue
[2023-12-21T19:26:52.637+0000] {logging_mixin.py:188} INFO - [2023-12-21T19:26:52.637+0000] {dagbag.py:538} INFO - Filling up the DagBag from /home/airflow/.local/lib/python3.8/site-packages/airflow/example_dags/tutorial_dag.py
[2023-12-21T19:26:52.649+0000] {processor.py:840} INFO - DAG(s) 'tutorial_dag' retrieved from /home/airflow/.local/lib/python3.8/site-packages/airflow/example_dags/tutorial_dag.py
[2023-12-21T19:26:52.724+0000] {logging_mixin.py:188} INFO - [2023-12-21T19:26:52.724+0000] {dag.py:3033} INFO - Sync 1 DAGs
[2023-12-21T19:26:52.753+0000] {logging_mixin.py:188} INFO - [2023-12-21T19:26:52.753+0000] {dag.py:3820} INFO - Setting next_dagrun for tutorial_dag to None, run_after=None
[2023-12-21T19:26:52.808+0000] {processor.py:183} INFO - Processing /home/airflow/.local/lib/python3.8/site-packages/airflow/example_dags/tutorial_dag.py took 0.208 seconds
[2023-12-21T19:27:23.120+0000] {processor.py:161} INFO - Started process (PID=1048) to work on /home/airflow/.local/lib/python3.8/site-packages/airflow/example_dags/tutorial_dag.py
[2023-12-21T19:27:23.121+0000] {processor.py:830} INFO - Processing file /home/airflow/.local/lib/python3.8/site-packages/airflow/example_dags/tutorial_dag.py for tasks to queue
[2023-12-21T19:27:23.127+0000] {logging_mixin.py:188} INFO - [2023-12-21T19:27:23.126+0000] {dagbag.py:538} INFO - Filling up the DagBag from /home/airflow/.local/lib/python3.8/site-packages/airflow/example_dags/tutorial_dag.py
[2023-12-21T19:27:23.135+0000] {processor.py:840} INFO - DAG(s) 'tutorial_dag' retrieved from /home/airflow/.local/lib/python3.8/site-packages/airflow/example_dags/tutorial_dag.py
[2023-12-21T19:27:23.168+0000] {logging_mixin.py:188} INFO - [2023-12-21T19:27:23.167+0000] {dag.py:3033} INFO - Sync 1 DAGs
[2023-12-21T19:27:23.189+0000] {logging_mixin.py:188} INFO - [2023-12-21T19:27:23.188+0000] {dag.py:3820} INFO - Setting next_dagrun for tutorial_dag to None, run_after=None
[2023-12-21T19:27:23.222+0000] {processor.py:183} INFO - Processing /home/airflow/.local/lib/python3.8/site-packages/airflow/example_dags/tutorial_dag.py took 0.107 seconds
[2023-12-21T19:27:53.792+0000] {processor.py:161} INFO - Started process (PID=1104) to work on /home/airflow/.local/lib/python3.8/site-packages/airflow/example_dags/tutorial_dag.py
[2023-12-21T19:27:53.794+0000] {processor.py:830} INFO - Processing file /home/airflow/.local/lib/python3.8/site-packages/airflow/example_dags/tutorial_dag.py for tasks to queue
[2023-12-21T19:27:53.803+0000] {logging_mixin.py:188} INFO - [2023-12-21T19:27:53.803+0000] {dagbag.py:538} INFO - Filling up the DagBag from /home/airflow/.local/lib/python3.8/site-packages/airflow/example_dags/tutorial_dag.py
[2023-12-21T19:27:53.821+0000] {processor.py:840} INFO - DAG(s) 'tutorial_dag' retrieved from /home/airflow/.local/lib/python3.8/site-packages/airflow/example_dags/tutorial_dag.py
[2023-12-21T19:27:53.869+0000] {logging_mixin.py:188} INFO - [2023-12-21T19:27:53.869+0000] {dag.py:3033} INFO - Sync 1 DAGs
[2023-12-21T19:27:53.896+0000] {logging_mixin.py:188} INFO - [2023-12-21T19:27:53.896+0000] {dag.py:3820} INFO - Setting next_dagrun for tutorial_dag to None, run_after=None
[2023-12-21T19:27:53.941+0000] {processor.py:183} INFO - Processing /home/airflow/.local/lib/python3.8/site-packages/airflow/example_dags/tutorial_dag.py took 0.156 seconds
[2023-12-21T19:28:24.123+0000] {processor.py:161} INFO - Started process (PID=1158) to work on /home/airflow/.local/lib/python3.8/site-packages/airflow/example_dags/tutorial_dag.py
[2023-12-21T19:28:24.129+0000] {processor.py:830} INFO - Processing file /home/airflow/.local/lib/python3.8/site-packages/airflow/example_dags/tutorial_dag.py for tasks to queue
[2023-12-21T19:28:24.135+0000] {logging_mixin.py:188} INFO - [2023-12-21T19:28:24.134+0000] {dagbag.py:538} INFO - Filling up the DagBag from /home/airflow/.local/lib/python3.8/site-packages/airflow/example_dags/tutorial_dag.py
[2023-12-21T19:28:24.155+0000] {processor.py:840} INFO - DAG(s) 'tutorial_dag' retrieved from /home/airflow/.local/lib/python3.8/site-packages/airflow/example_dags/tutorial_dag.py
[2023-12-21T19:28:24.196+0000] {logging_mixin.py:188} INFO - [2023-12-21T19:28:24.196+0000] {dag.py:3033} INFO - Sync 1 DAGs
[2023-12-21T19:28:24.226+0000] {logging_mixin.py:188} INFO - [2023-12-21T19:28:24.226+0000] {dag.py:3820} INFO - Setting next_dagrun for tutorial_dag to None, run_after=None
[2023-12-21T19:28:24.271+0000] {processor.py:183} INFO - Processing /home/airflow/.local/lib/python3.8/site-packages/airflow/example_dags/tutorial_dag.py took 0.169 seconds
[2023-12-21T19:28:54.314+0000] {processor.py:161} INFO - Started process (PID=1213) to work on /home/airflow/.local/lib/python3.8/site-packages/airflow/example_dags/tutorial_dag.py
[2023-12-21T19:28:54.316+0000] {processor.py:830} INFO - Processing file /home/airflow/.local/lib/python3.8/site-packages/airflow/example_dags/tutorial_dag.py for tasks to queue
[2023-12-21T19:28:54.320+0000] {logging_mixin.py:188} INFO - [2023-12-21T19:28:54.319+0000] {dagbag.py:538} INFO - Filling up the DagBag from /home/airflow/.local/lib/python3.8/site-packages/airflow/example_dags/tutorial_dag.py
[2023-12-21T19:28:54.331+0000] {processor.py:840} INFO - DAG(s) 'tutorial_dag' retrieved from /home/airflow/.local/lib/python3.8/site-packages/airflow/example_dags/tutorial_dag.py
[2023-12-21T19:28:54.376+0000] {logging_mixin.py:188} INFO - [2023-12-21T19:28:54.376+0000] {dag.py:3033} INFO - Sync 1 DAGs
[2023-12-21T19:28:54.409+0000] {logging_mixin.py:188} INFO - [2023-12-21T19:28:54.408+0000] {dag.py:3820} INFO - Setting next_dagrun for tutorial_dag to None, run_after=None
[2023-12-21T19:28:54.451+0000] {processor.py:183} INFO - Processing /home/airflow/.local/lib/python3.8/site-packages/airflow/example_dags/tutorial_dag.py took 0.145 seconds
[2023-12-21T19:29:25.183+0000] {processor.py:161} INFO - Started process (PID=1268) to work on /home/airflow/.local/lib/python3.8/site-packages/airflow/example_dags/tutorial_dag.py
[2023-12-21T19:29:25.187+0000] {processor.py:830} INFO - Processing file /home/airflow/.local/lib/python3.8/site-packages/airflow/example_dags/tutorial_dag.py for tasks to queue
[2023-12-21T19:29:25.191+0000] {logging_mixin.py:188} INFO - [2023-12-21T19:29:25.190+0000] {dagbag.py:538} INFO - Filling up the DagBag from /home/airflow/.local/lib/python3.8/site-packages/airflow/example_dags/tutorial_dag.py
[2023-12-21T19:29:25.215+0000] {processor.py:840} INFO - DAG(s) 'tutorial_dag' retrieved from /home/airflow/.local/lib/python3.8/site-packages/airflow/example_dags/tutorial_dag.py
[2023-12-21T19:29:25.270+0000] {logging_mixin.py:188} INFO - [2023-12-21T19:29:25.270+0000] {dag.py:3033} INFO - Sync 1 DAGs
[2023-12-21T19:29:25.295+0000] {logging_mixin.py:188} INFO - [2023-12-21T19:29:25.294+0000] {dag.py:3820} INFO - Setting next_dagrun for tutorial_dag to None, run_after=None
[2023-12-21T19:29:25.337+0000] {processor.py:183} INFO - Processing /home/airflow/.local/lib/python3.8/site-packages/airflow/example_dags/tutorial_dag.py took 0.162 seconds
[2023-12-21T19:29:55.580+0000] {processor.py:161} INFO - Started process (PID=1323) to work on /home/airflow/.local/lib/python3.8/site-packages/airflow/example_dags/tutorial_dag.py
[2023-12-21T19:29:55.581+0000] {processor.py:830} INFO - Processing file /home/airflow/.local/lib/python3.8/site-packages/airflow/example_dags/tutorial_dag.py for tasks to queue
[2023-12-21T19:29:55.584+0000] {logging_mixin.py:188} INFO - [2023-12-21T19:29:55.583+0000] {dagbag.py:538} INFO - Filling up the DagBag from /home/airflow/.local/lib/python3.8/site-packages/airflow/example_dags/tutorial_dag.py
[2023-12-21T19:29:55.591+0000] {processor.py:840} INFO - DAG(s) 'tutorial_dag' retrieved from /home/airflow/.local/lib/python3.8/site-packages/airflow/example_dags/tutorial_dag.py
[2023-12-21T19:29:55.635+0000] {logging_mixin.py:188} INFO - [2023-12-21T19:29:55.635+0000] {dag.py:3033} INFO - Sync 1 DAGs
[2023-12-21T19:29:55.668+0000] {logging_mixin.py:188} INFO - [2023-12-21T19:29:55.668+0000] {dag.py:3820} INFO - Setting next_dagrun for tutorial_dag to None, run_after=None
[2023-12-21T19:29:55.715+0000] {processor.py:183} INFO - Processing /home/airflow/.local/lib/python3.8/site-packages/airflow/example_dags/tutorial_dag.py took 0.139 seconds
[2023-12-21T19:30:26.321+0000] {processor.py:161} INFO - Started process (PID=1377) to work on /home/airflow/.local/lib/python3.8/site-packages/airflow/example_dags/tutorial_dag.py
[2023-12-21T19:30:26.323+0000] {processor.py:830} INFO - Processing file /home/airflow/.local/lib/python3.8/site-packages/airflow/example_dags/tutorial_dag.py for tasks to queue
[2023-12-21T19:30:26.328+0000] {logging_mixin.py:188} INFO - [2023-12-21T19:30:26.327+0000] {dagbag.py:538} INFO - Filling up the DagBag from /home/airflow/.local/lib/python3.8/site-packages/airflow/example_dags/tutorial_dag.py
[2023-12-21T19:30:26.344+0000] {processor.py:840} INFO - DAG(s) 'tutorial_dag' retrieved from /home/airflow/.local/lib/python3.8/site-packages/airflow/example_dags/tutorial_dag.py
[2023-12-21T19:30:26.386+0000] {logging_mixin.py:188} INFO - [2023-12-21T19:30:26.386+0000] {dag.py:3033} INFO - Sync 1 DAGs
[2023-12-21T19:30:26.411+0000] {logging_mixin.py:188} INFO - [2023-12-21T19:30:26.411+0000] {dag.py:3820} INFO - Setting next_dagrun for tutorial_dag to None, run_after=None
[2023-12-21T19:30:26.442+0000] {processor.py:183} INFO - Processing /home/airflow/.local/lib/python3.8/site-packages/airflow/example_dags/tutorial_dag.py took 0.130 seconds
[2023-12-21T19:30:56.557+0000] {processor.py:161} INFO - Started process (PID=1431) to work on /home/airflow/.local/lib/python3.8/site-packages/airflow/example_dags/tutorial_dag.py
[2023-12-21T19:30:56.558+0000] {processor.py:830} INFO - Processing file /home/airflow/.local/lib/python3.8/site-packages/airflow/example_dags/tutorial_dag.py for tasks to queue
[2023-12-21T19:30:56.561+0000] {logging_mixin.py:188} INFO - [2023-12-21T19:30:56.561+0000] {dagbag.py:538} INFO - Filling up the DagBag from /home/airflow/.local/lib/python3.8/site-packages/airflow/example_dags/tutorial_dag.py
[2023-12-21T19:30:56.571+0000] {processor.py:840} INFO - DAG(s) 'tutorial_dag' retrieved from /home/airflow/.local/lib/python3.8/site-packages/airflow/example_dags/tutorial_dag.py
[2023-12-21T19:30:56.610+0000] {logging_mixin.py:188} INFO - [2023-12-21T19:30:56.610+0000] {dag.py:3033} INFO - Sync 1 DAGs
[2023-12-21T19:30:56.633+0000] {logging_mixin.py:188} INFO - [2023-12-21T19:30:56.633+0000] {dag.py:3820} INFO - Setting next_dagrun for tutorial_dag to None, run_after=None
[2023-12-21T19:30:56.697+0000] {processor.py:183} INFO - Processing /home/airflow/.local/lib/python3.8/site-packages/airflow/example_dags/tutorial_dag.py took 0.148 seconds
[2023-12-21T19:31:26.882+0000] {processor.py:161} INFO - Started process (PID=1486) to work on /home/airflow/.local/lib/python3.8/site-packages/airflow/example_dags/tutorial_dag.py
[2023-12-21T19:31:26.883+0000] {processor.py:830} INFO - Processing file /home/airflow/.local/lib/python3.8/site-packages/airflow/example_dags/tutorial_dag.py for tasks to queue
[2023-12-21T19:31:26.885+0000] {logging_mixin.py:188} INFO - [2023-12-21T19:31:26.885+0000] {dagbag.py:538} INFO - Filling up the DagBag from /home/airflow/.local/lib/python3.8/site-packages/airflow/example_dags/tutorial_dag.py
[2023-12-21T19:31:26.892+0000] {processor.py:840} INFO - DAG(s) 'tutorial_dag' retrieved from /home/airflow/.local/lib/python3.8/site-packages/airflow/example_dags/tutorial_dag.py
[2023-12-21T19:31:26.917+0000] {logging_mixin.py:188} INFO - [2023-12-21T19:31:26.917+0000] {dag.py:3033} INFO - Sync 1 DAGs
[2023-12-21T19:31:26.937+0000] {logging_mixin.py:188} INFO - [2023-12-21T19:31:26.936+0000] {dag.py:3820} INFO - Setting next_dagrun for tutorial_dag to None, run_after=None
[2023-12-21T19:31:26.958+0000] {processor.py:183} INFO - Processing /home/airflow/.local/lib/python3.8/site-packages/airflow/example_dags/tutorial_dag.py took 0.080 seconds
[2023-12-21T19:34:28.688+0000] {processor.py:161} INFO - Started process (PID=55) to work on /home/airflow/.local/lib/python3.8/site-packages/airflow/example_dags/tutorial_dag.py
[2023-12-21T19:34:28.696+0000] {processor.py:830} INFO - Processing file /home/airflow/.local/lib/python3.8/site-packages/airflow/example_dags/tutorial_dag.py for tasks to queue
[2023-12-21T19:34:28.700+0000] {logging_mixin.py:188} INFO - [2023-12-21T19:34:28.699+0000] {dagbag.py:538} INFO - Filling up the DagBag from /home/airflow/.local/lib/python3.8/site-packages/airflow/example_dags/tutorial_dag.py
[2023-12-21T19:34:28.729+0000] {processor.py:840} INFO - DAG(s) 'tutorial_dag' retrieved from /home/airflow/.local/lib/python3.8/site-packages/airflow/example_dags/tutorial_dag.py
[2023-12-21T19:34:29.262+0000] {logging_mixin.py:188} INFO - [2023-12-21T19:34:29.262+0000] {dag.py:3033} INFO - Sync 1 DAGs
[2023-12-21T19:34:29.291+0000] {logging_mixin.py:188} INFO - [2023-12-21T19:34:29.291+0000] {dag.py:3820} INFO - Setting next_dagrun for tutorial_dag to None, run_after=None
[2023-12-21T19:34:29.363+0000] {processor.py:183} INFO - Processing /home/airflow/.local/lib/python3.8/site-packages/airflow/example_dags/tutorial_dag.py took 0.689 seconds
