[2023-12-21T19:11:58.958+0000] {processor.py:161} INFO - Started process (PID=53) to work on /home/airflow/.local/lib/python3.8/site-packages/airflow/example_dags/tutorial_objectstorage.py
[2023-12-21T19:11:58.959+0000] {processor.py:830} INFO - Processing file /home/airflow/.local/lib/python3.8/site-packages/airflow/example_dags/tutorial_objectstorage.py for tasks to queue
[2023-12-21T19:11:58.964+0000] {logging_mixin.py:188} INFO - [2023-12-21T19:11:58.962+0000] {dagbag.py:538} INFO - Filling up the DagBag from /home/airflow/.local/lib/python3.8/site-packages/airflow/example_dags/tutorial_objectstorage.py
[2023-12-21T19:11:58.977+0000] {processor.py:840} INFO - DAG(s) 'tutorial_objectstorage' retrieved from /home/airflow/.local/lib/python3.8/site-packages/airflow/example_dags/tutorial_objectstorage.py
[2023-12-21T19:11:59.468+0000] {logging_mixin.py:188} INFO - [2023-12-21T19:11:59.468+0000] {dag.py:3033} INFO - Sync 1 DAGs
[2023-12-21T19:11:59.522+0000] {logging_mixin.py:188} INFO - [2023-12-21T19:11:59.522+0000] {dag.py:3820} INFO - Setting next_dagrun for tutorial_objectstorage to None, run_after=None
[2023-12-21T19:11:59.618+0000] {processor.py:183} INFO - Processing /home/airflow/.local/lib/python3.8/site-packages/airflow/example_dags/tutorial_objectstorage.py took 0.667 seconds
[2023-12-21T19:12:29.828+0000] {processor.py:161} INFO - Started process (PID=107) to work on /home/airflow/.local/lib/python3.8/site-packages/airflow/example_dags/tutorial_objectstorage.py
[2023-12-21T19:12:29.830+0000] {processor.py:830} INFO - Processing file /home/airflow/.local/lib/python3.8/site-packages/airflow/example_dags/tutorial_objectstorage.py for tasks to queue
[2023-12-21T19:12:29.836+0000] {logging_mixin.py:188} INFO - [2023-12-21T19:12:29.836+0000] {dagbag.py:538} INFO - Filling up the DagBag from /home/airflow/.local/lib/python3.8/site-packages/airflow/example_dags/tutorial_objectstorage.py
[2023-12-21T19:12:29.863+0000] {processor.py:840} INFO - DAG(s) 'tutorial_objectstorage' retrieved from /home/airflow/.local/lib/python3.8/site-packages/airflow/example_dags/tutorial_objectstorage.py
[2023-12-21T19:12:29.915+0000] {logging_mixin.py:188} INFO - [2023-12-21T19:12:29.915+0000] {dag.py:3033} INFO - Sync 1 DAGs
[2023-12-21T19:12:29.939+0000] {logging_mixin.py:188} INFO - [2023-12-21T19:12:29.939+0000] {dag.py:3820} INFO - Setting next_dagrun for tutorial_objectstorage to None, run_after=None
[2023-12-21T19:12:29.972+0000] {processor.py:183} INFO - Processing /home/airflow/.local/lib/python3.8/site-packages/airflow/example_dags/tutorial_objectstorage.py took 0.165 seconds
[2023-12-21T19:13:00.845+0000] {processor.py:161} INFO - Started process (PID=162) to work on /home/airflow/.local/lib/python3.8/site-packages/airflow/example_dags/tutorial_objectstorage.py
[2023-12-21T19:13:00.852+0000] {processor.py:830} INFO - Processing file /home/airflow/.local/lib/python3.8/site-packages/airflow/example_dags/tutorial_objectstorage.py for tasks to queue
[2023-12-21T19:13:00.856+0000] {logging_mixin.py:188} INFO - [2023-12-21T19:13:00.856+0000] {dagbag.py:538} INFO - Filling up the DagBag from /home/airflow/.local/lib/python3.8/site-packages/airflow/example_dags/tutorial_objectstorage.py
[2023-12-21T19:13:00.871+0000] {processor.py:840} INFO - DAG(s) 'tutorial_objectstorage' retrieved from /home/airflow/.local/lib/python3.8/site-packages/airflow/example_dags/tutorial_objectstorage.py
[2023-12-21T19:13:00.914+0000] {logging_mixin.py:188} INFO - [2023-12-21T19:13:00.913+0000] {dag.py:3033} INFO - Sync 1 DAGs
[2023-12-21T19:13:00.939+0000] {logging_mixin.py:188} INFO - [2023-12-21T19:13:00.939+0000] {dag.py:3820} INFO - Setting next_dagrun for tutorial_objectstorage to None, run_after=None
[2023-12-21T19:13:00.977+0000] {processor.py:183} INFO - Processing /home/airflow/.local/lib/python3.8/site-packages/airflow/example_dags/tutorial_objectstorage.py took 0.146 seconds
[2023-12-21T19:13:31.312+0000] {processor.py:161} INFO - Started process (PID=217) to work on /home/airflow/.local/lib/python3.8/site-packages/airflow/example_dags/tutorial_objectstorage.py
[2023-12-21T19:13:31.313+0000] {processor.py:830} INFO - Processing file /home/airflow/.local/lib/python3.8/site-packages/airflow/example_dags/tutorial_objectstorage.py for tasks to queue
[2023-12-21T19:13:31.316+0000] {logging_mixin.py:188} INFO - [2023-12-21T19:13:31.316+0000] {dagbag.py:538} INFO - Filling up the DagBag from /home/airflow/.local/lib/python3.8/site-packages/airflow/example_dags/tutorial_objectstorage.py
[2023-12-21T19:13:31.324+0000] {processor.py:840} INFO - DAG(s) 'tutorial_objectstorage' retrieved from /home/airflow/.local/lib/python3.8/site-packages/airflow/example_dags/tutorial_objectstorage.py
[2023-12-21T19:13:31.352+0000] {logging_mixin.py:188} INFO - [2023-12-21T19:13:31.352+0000] {dag.py:3033} INFO - Sync 1 DAGs
[2023-12-21T19:13:31.372+0000] {logging_mixin.py:188} INFO - [2023-12-21T19:13:31.372+0000] {dag.py:3820} INFO - Setting next_dagrun for tutorial_objectstorage to None, run_after=None
[2023-12-21T19:13:31.400+0000] {processor.py:183} INFO - Processing /home/airflow/.local/lib/python3.8/site-packages/airflow/example_dags/tutorial_objectstorage.py took 0.092 seconds
[2023-12-21T19:14:01.737+0000] {processor.py:161} INFO - Started process (PID=272) to work on /home/airflow/.local/lib/python3.8/site-packages/airflow/example_dags/tutorial_objectstorage.py
[2023-12-21T19:14:01.739+0000] {processor.py:830} INFO - Processing file /home/airflow/.local/lib/python3.8/site-packages/airflow/example_dags/tutorial_objectstorage.py for tasks to queue
[2023-12-21T19:14:01.742+0000] {logging_mixin.py:188} INFO - [2023-12-21T19:14:01.742+0000] {dagbag.py:538} INFO - Filling up the DagBag from /home/airflow/.local/lib/python3.8/site-packages/airflow/example_dags/tutorial_objectstorage.py
[2023-12-21T19:14:01.751+0000] {processor.py:840} INFO - DAG(s) 'tutorial_objectstorage' retrieved from /home/airflow/.local/lib/python3.8/site-packages/airflow/example_dags/tutorial_objectstorage.py
[2023-12-21T19:14:01.775+0000] {logging_mixin.py:188} INFO - [2023-12-21T19:14:01.775+0000] {dag.py:3033} INFO - Sync 1 DAGs
[2023-12-21T19:14:01.790+0000] {logging_mixin.py:188} INFO - [2023-12-21T19:14:01.790+0000] {dag.py:3820} INFO - Setting next_dagrun for tutorial_objectstorage to None, run_after=None
[2023-12-21T19:14:01.821+0000] {processor.py:183} INFO - Processing /home/airflow/.local/lib/python3.8/site-packages/airflow/example_dags/tutorial_objectstorage.py took 0.089 seconds
[2023-12-21T19:18:11.980+0000] {processor.py:161} INFO - Started process (PID=53) to work on /home/airflow/.local/lib/python3.8/site-packages/airflow/example_dags/tutorial_objectstorage.py
[2023-12-21T19:18:11.989+0000] {processor.py:830} INFO - Processing file /home/airflow/.local/lib/python3.8/site-packages/airflow/example_dags/tutorial_objectstorage.py for tasks to queue
[2023-12-21T19:18:11.993+0000] {logging_mixin.py:188} INFO - [2023-12-21T19:18:11.993+0000] {dagbag.py:538} INFO - Filling up the DagBag from /home/airflow/.local/lib/python3.8/site-packages/airflow/example_dags/tutorial_objectstorage.py
[2023-12-21T19:18:12.022+0000] {processor.py:840} INFO - DAG(s) 'tutorial_objectstorage' retrieved from /home/airflow/.local/lib/python3.8/site-packages/airflow/example_dags/tutorial_objectstorage.py
[2023-12-21T19:18:12.489+0000] {logging_mixin.py:188} INFO - [2023-12-21T19:18:12.488+0000] {dag.py:3033} INFO - Sync 1 DAGs
[2023-12-21T19:18:12.570+0000] {logging_mixin.py:188} INFO - [2023-12-21T19:18:12.570+0000] {dag.py:3820} INFO - Setting next_dagrun for tutorial_objectstorage to None, run_after=None
[2023-12-21T19:18:12.734+0000] {processor.py:183} INFO - Processing /home/airflow/.local/lib/python3.8/site-packages/airflow/example_dags/tutorial_objectstorage.py took 0.773 seconds
[2023-12-21T19:18:43.641+0000] {processor.py:161} INFO - Started process (PID=108) to work on /home/airflow/.local/lib/python3.8/site-packages/airflow/example_dags/tutorial_objectstorage.py
[2023-12-21T19:18:43.651+0000] {processor.py:830} INFO - Processing file /home/airflow/.local/lib/python3.8/site-packages/airflow/example_dags/tutorial_objectstorage.py for tasks to queue
[2023-12-21T19:18:43.660+0000] {logging_mixin.py:188} INFO - [2023-12-21T19:18:43.660+0000] {dagbag.py:538} INFO - Filling up the DagBag from /home/airflow/.local/lib/python3.8/site-packages/airflow/example_dags/tutorial_objectstorage.py
[2023-12-21T19:18:43.678+0000] {processor.py:840} INFO - DAG(s) 'tutorial_objectstorage' retrieved from /home/airflow/.local/lib/python3.8/site-packages/airflow/example_dags/tutorial_objectstorage.py
[2023-12-21T19:18:43.718+0000] {logging_mixin.py:188} INFO - [2023-12-21T19:18:43.718+0000] {dag.py:3033} INFO - Sync 1 DAGs
[2023-12-21T19:18:43.748+0000] {logging_mixin.py:188} INFO - [2023-12-21T19:18:43.747+0000] {dag.py:3820} INFO - Setting next_dagrun for tutorial_objectstorage to None, run_after=None
[2023-12-21T19:18:43.795+0000] {processor.py:183} INFO - Processing /home/airflow/.local/lib/python3.8/site-packages/airflow/example_dags/tutorial_objectstorage.py took 0.164 seconds
[2023-12-21T19:19:13.961+0000] {processor.py:161} INFO - Started process (PID=164) to work on /home/airflow/.local/lib/python3.8/site-packages/airflow/example_dags/tutorial_objectstorage.py
[2023-12-21T19:19:13.962+0000] {processor.py:830} INFO - Processing file /home/airflow/.local/lib/python3.8/site-packages/airflow/example_dags/tutorial_objectstorage.py for tasks to queue
[2023-12-21T19:19:13.966+0000] {logging_mixin.py:188} INFO - [2023-12-21T19:19:13.965+0000] {dagbag.py:538} INFO - Filling up the DagBag from /home/airflow/.local/lib/python3.8/site-packages/airflow/example_dags/tutorial_objectstorage.py
[2023-12-21T19:19:13.975+0000] {processor.py:840} INFO - DAG(s) 'tutorial_objectstorage' retrieved from /home/airflow/.local/lib/python3.8/site-packages/airflow/example_dags/tutorial_objectstorage.py
[2023-12-21T19:19:14.000+0000] {logging_mixin.py:188} INFO - [2023-12-21T19:19:14.000+0000] {dag.py:3033} INFO - Sync 1 DAGs
[2023-12-21T19:19:14.015+0000] {logging_mixin.py:188} INFO - [2023-12-21T19:19:14.015+0000] {dag.py:3820} INFO - Setting next_dagrun for tutorial_objectstorage to None, run_after=None
[2023-12-21T19:19:14.040+0000] {processor.py:183} INFO - Processing /home/airflow/.local/lib/python3.8/site-packages/airflow/example_dags/tutorial_objectstorage.py took 0.085 seconds
[2023-12-21T19:19:44.459+0000] {processor.py:161} INFO - Started process (PID=219) to work on /home/airflow/.local/lib/python3.8/site-packages/airflow/example_dags/tutorial_objectstorage.py
[2023-12-21T19:19:44.468+0000] {processor.py:830} INFO - Processing file /home/airflow/.local/lib/python3.8/site-packages/airflow/example_dags/tutorial_objectstorage.py for tasks to queue
[2023-12-21T19:19:44.471+0000] {logging_mixin.py:188} INFO - [2023-12-21T19:19:44.471+0000] {dagbag.py:538} INFO - Filling up the DagBag from /home/airflow/.local/lib/python3.8/site-packages/airflow/example_dags/tutorial_objectstorage.py
[2023-12-21T19:19:44.482+0000] {processor.py:840} INFO - DAG(s) 'tutorial_objectstorage' retrieved from /home/airflow/.local/lib/python3.8/site-packages/airflow/example_dags/tutorial_objectstorage.py
[2023-12-21T19:19:44.505+0000] {logging_mixin.py:188} INFO - [2023-12-21T19:19:44.504+0000] {dag.py:3033} INFO - Sync 1 DAGs
[2023-12-21T19:19:44.525+0000] {logging_mixin.py:188} INFO - [2023-12-21T19:19:44.525+0000] {dag.py:3820} INFO - Setting next_dagrun for tutorial_objectstorage to None, run_after=None
[2023-12-21T19:19:44.550+0000] {processor.py:183} INFO - Processing /home/airflow/.local/lib/python3.8/site-packages/airflow/example_dags/tutorial_objectstorage.py took 0.097 seconds
[2023-12-21T19:20:15.140+0000] {processor.py:161} INFO - Started process (PID=274) to work on /home/airflow/.local/lib/python3.8/site-packages/airflow/example_dags/tutorial_objectstorage.py
[2023-12-21T19:20:15.149+0000] {processor.py:830} INFO - Processing file /home/airflow/.local/lib/python3.8/site-packages/airflow/example_dags/tutorial_objectstorage.py for tasks to queue
[2023-12-21T19:20:15.154+0000] {logging_mixin.py:188} INFO - [2023-12-21T19:20:15.153+0000] {dagbag.py:538} INFO - Filling up the DagBag from /home/airflow/.local/lib/python3.8/site-packages/airflow/example_dags/tutorial_objectstorage.py
[2023-12-21T19:20:15.169+0000] {processor.py:840} INFO - DAG(s) 'tutorial_objectstorage' retrieved from /home/airflow/.local/lib/python3.8/site-packages/airflow/example_dags/tutorial_objectstorage.py
[2023-12-21T19:20:15.195+0000] {logging_mixin.py:188} INFO - [2023-12-21T19:20:15.195+0000] {dag.py:3033} INFO - Sync 1 DAGs
[2023-12-21T19:20:15.217+0000] {logging_mixin.py:188} INFO - [2023-12-21T19:20:15.217+0000] {dag.py:3820} INFO - Setting next_dagrun for tutorial_objectstorage to None, run_after=None
[2023-12-21T19:20:15.255+0000] {processor.py:183} INFO - Processing /home/airflow/.local/lib/python3.8/site-packages/airflow/example_dags/tutorial_objectstorage.py took 0.123 seconds
[2023-12-21T19:20:45.365+0000] {processor.py:161} INFO - Started process (PID=329) to work on /home/airflow/.local/lib/python3.8/site-packages/airflow/example_dags/tutorial_objectstorage.py
[2023-12-21T19:20:45.366+0000] {processor.py:830} INFO - Processing file /home/airflow/.local/lib/python3.8/site-packages/airflow/example_dags/tutorial_objectstorage.py for tasks to queue
[2023-12-21T19:20:45.370+0000] {logging_mixin.py:188} INFO - [2023-12-21T19:20:45.369+0000] {dagbag.py:538} INFO - Filling up the DagBag from /home/airflow/.local/lib/python3.8/site-packages/airflow/example_dags/tutorial_objectstorage.py
[2023-12-21T19:20:45.414+0000] {processor.py:840} INFO - DAG(s) 'tutorial_objectstorage' retrieved from /home/airflow/.local/lib/python3.8/site-packages/airflow/example_dags/tutorial_objectstorage.py
[2023-12-21T19:20:45.504+0000] {logging_mixin.py:188} INFO - [2023-12-21T19:20:45.504+0000] {dag.py:3033} INFO - Sync 1 DAGs
[2023-12-21T19:20:45.554+0000] {logging_mixin.py:188} INFO - [2023-12-21T19:20:45.553+0000] {dag.py:3820} INFO - Setting next_dagrun for tutorial_objectstorage to None, run_after=None
[2023-12-21T19:20:45.617+0000] {processor.py:183} INFO - Processing /home/airflow/.local/lib/python3.8/site-packages/airflow/example_dags/tutorial_objectstorage.py took 0.270 seconds
[2023-12-21T19:21:15.759+0000] {processor.py:161} INFO - Started process (PID=384) to work on /home/airflow/.local/lib/python3.8/site-packages/airflow/example_dags/tutorial_objectstorage.py
[2023-12-21T19:21:15.765+0000] {processor.py:830} INFO - Processing file /home/airflow/.local/lib/python3.8/site-packages/airflow/example_dags/tutorial_objectstorage.py for tasks to queue
[2023-12-21T19:21:15.769+0000] {logging_mixin.py:188} INFO - [2023-12-21T19:21:15.768+0000] {dagbag.py:538} INFO - Filling up the DagBag from /home/airflow/.local/lib/python3.8/site-packages/airflow/example_dags/tutorial_objectstorage.py
[2023-12-21T19:21:15.788+0000] {processor.py:840} INFO - DAG(s) 'tutorial_objectstorage' retrieved from /home/airflow/.local/lib/python3.8/site-packages/airflow/example_dags/tutorial_objectstorage.py
[2023-12-21T19:21:15.829+0000] {logging_mixin.py:188} INFO - [2023-12-21T19:21:15.828+0000] {dag.py:3033} INFO - Sync 1 DAGs
[2023-12-21T19:21:15.852+0000] {logging_mixin.py:188} INFO - [2023-12-21T19:21:15.852+0000] {dag.py:3820} INFO - Setting next_dagrun for tutorial_objectstorage to None, run_after=None
[2023-12-21T19:21:15.906+0000] {processor.py:183} INFO - Processing /home/airflow/.local/lib/python3.8/site-packages/airflow/example_dags/tutorial_objectstorage.py took 0.156 seconds
[2023-12-21T19:21:46.484+0000] {processor.py:161} INFO - Started process (PID=439) to work on /home/airflow/.local/lib/python3.8/site-packages/airflow/example_dags/tutorial_objectstorage.py
[2023-12-21T19:21:46.493+0000] {processor.py:830} INFO - Processing file /home/airflow/.local/lib/python3.8/site-packages/airflow/example_dags/tutorial_objectstorage.py for tasks to queue
[2023-12-21T19:21:46.500+0000] {logging_mixin.py:188} INFO - [2023-12-21T19:21:46.499+0000] {dagbag.py:538} INFO - Filling up the DagBag from /home/airflow/.local/lib/python3.8/site-packages/airflow/example_dags/tutorial_objectstorage.py
[2023-12-21T19:21:46.522+0000] {processor.py:840} INFO - DAG(s) 'tutorial_objectstorage' retrieved from /home/airflow/.local/lib/python3.8/site-packages/airflow/example_dags/tutorial_objectstorage.py
[2023-12-21T19:21:46.562+0000] {logging_mixin.py:188} INFO - [2023-12-21T19:21:46.562+0000] {dag.py:3033} INFO - Sync 1 DAGs
[2023-12-21T19:21:46.585+0000] {logging_mixin.py:188} INFO - [2023-12-21T19:21:46.584+0000] {dag.py:3820} INFO - Setting next_dagrun for tutorial_objectstorage to None, run_after=None
[2023-12-21T19:21:46.618+0000] {processor.py:183} INFO - Processing /home/airflow/.local/lib/python3.8/site-packages/airflow/example_dags/tutorial_objectstorage.py took 0.144 seconds
[2023-12-21T19:22:17.288+0000] {processor.py:161} INFO - Started process (PID=494) to work on /home/airflow/.local/lib/python3.8/site-packages/airflow/example_dags/tutorial_objectstorage.py
[2023-12-21T19:22:17.291+0000] {processor.py:830} INFO - Processing file /home/airflow/.local/lib/python3.8/site-packages/airflow/example_dags/tutorial_objectstorage.py for tasks to queue
[2023-12-21T19:22:17.298+0000] {logging_mixin.py:188} INFO - [2023-12-21T19:22:17.297+0000] {dagbag.py:538} INFO - Filling up the DagBag from /home/airflow/.local/lib/python3.8/site-packages/airflow/example_dags/tutorial_objectstorage.py
[2023-12-21T19:22:17.316+0000] {processor.py:840} INFO - DAG(s) 'tutorial_objectstorage' retrieved from /home/airflow/.local/lib/python3.8/site-packages/airflow/example_dags/tutorial_objectstorage.py
[2023-12-21T19:22:17.364+0000] {logging_mixin.py:188} INFO - [2023-12-21T19:22:17.364+0000] {dag.py:3033} INFO - Sync 1 DAGs
[2023-12-21T19:22:17.386+0000] {logging_mixin.py:188} INFO - [2023-12-21T19:22:17.386+0000] {dag.py:3820} INFO - Setting next_dagrun for tutorial_objectstorage to None, run_after=None
[2023-12-21T19:22:17.419+0000] {processor.py:183} INFO - Processing /home/airflow/.local/lib/python3.8/site-packages/airflow/example_dags/tutorial_objectstorage.py took 0.149 seconds
[2023-12-21T19:22:47.792+0000] {processor.py:161} INFO - Started process (PID=549) to work on /home/airflow/.local/lib/python3.8/site-packages/airflow/example_dags/tutorial_objectstorage.py
[2023-12-21T19:22:47.801+0000] {processor.py:830} INFO - Processing file /home/airflow/.local/lib/python3.8/site-packages/airflow/example_dags/tutorial_objectstorage.py for tasks to queue
[2023-12-21T19:22:47.805+0000] {logging_mixin.py:188} INFO - [2023-12-21T19:22:47.804+0000] {dagbag.py:538} INFO - Filling up the DagBag from /home/airflow/.local/lib/python3.8/site-packages/airflow/example_dags/tutorial_objectstorage.py
[2023-12-21T19:22:47.818+0000] {processor.py:840} INFO - DAG(s) 'tutorial_objectstorage' retrieved from /home/airflow/.local/lib/python3.8/site-packages/airflow/example_dags/tutorial_objectstorage.py
[2023-12-21T19:22:47.858+0000] {logging_mixin.py:188} INFO - [2023-12-21T19:22:47.856+0000] {dag.py:3033} INFO - Sync 1 DAGs
[2023-12-21T19:22:47.879+0000] {logging_mixin.py:188} INFO - [2023-12-21T19:22:47.879+0000] {dag.py:3820} INFO - Setting next_dagrun for tutorial_objectstorage to None, run_after=None
[2023-12-21T19:22:47.918+0000] {processor.py:183} INFO - Processing /home/airflow/.local/lib/python3.8/site-packages/airflow/example_dags/tutorial_objectstorage.py took 0.135 seconds
[2023-12-21T19:23:18.390+0000] {processor.py:161} INFO - Started process (PID=604) to work on /home/airflow/.local/lib/python3.8/site-packages/airflow/example_dags/tutorial_objectstorage.py
[2023-12-21T19:23:18.394+0000] {processor.py:830} INFO - Processing file /home/airflow/.local/lib/python3.8/site-packages/airflow/example_dags/tutorial_objectstorage.py for tasks to queue
[2023-12-21T19:23:18.399+0000] {logging_mixin.py:188} INFO - [2023-12-21T19:23:18.398+0000] {dagbag.py:538} INFO - Filling up the DagBag from /home/airflow/.local/lib/python3.8/site-packages/airflow/example_dags/tutorial_objectstorage.py
[2023-12-21T19:23:18.417+0000] {processor.py:840} INFO - DAG(s) 'tutorial_objectstorage' retrieved from /home/airflow/.local/lib/python3.8/site-packages/airflow/example_dags/tutorial_objectstorage.py
[2023-12-21T19:23:18.466+0000] {logging_mixin.py:188} INFO - [2023-12-21T19:23:18.466+0000] {dag.py:3033} INFO - Sync 1 DAGs
[2023-12-21T19:23:18.497+0000] {logging_mixin.py:188} INFO - [2023-12-21T19:23:18.496+0000] {dag.py:3820} INFO - Setting next_dagrun for tutorial_objectstorage to None, run_after=None
[2023-12-21T19:23:18.530+0000] {processor.py:183} INFO - Processing /home/airflow/.local/lib/python3.8/site-packages/airflow/example_dags/tutorial_objectstorage.py took 0.150 seconds
[2023-12-21T19:23:48.769+0000] {processor.py:161} INFO - Started process (PID=658) to work on /home/airflow/.local/lib/python3.8/site-packages/airflow/example_dags/tutorial_objectstorage.py
[2023-12-21T19:23:48.771+0000] {processor.py:830} INFO - Processing file /home/airflow/.local/lib/python3.8/site-packages/airflow/example_dags/tutorial_objectstorage.py for tasks to queue
[2023-12-21T19:23:48.776+0000] {logging_mixin.py:188} INFO - [2023-12-21T19:23:48.775+0000] {dagbag.py:538} INFO - Filling up the DagBag from /home/airflow/.local/lib/python3.8/site-packages/airflow/example_dags/tutorial_objectstorage.py
[2023-12-21T19:23:48.788+0000] {processor.py:840} INFO - DAG(s) 'tutorial_objectstorage' retrieved from /home/airflow/.local/lib/python3.8/site-packages/airflow/example_dags/tutorial_objectstorage.py
[2023-12-21T19:23:48.823+0000] {logging_mixin.py:188} INFO - [2023-12-21T19:23:48.822+0000] {dag.py:3033} INFO - Sync 1 DAGs
[2023-12-21T19:23:48.846+0000] {logging_mixin.py:188} INFO - [2023-12-21T19:23:48.845+0000] {dag.py:3820} INFO - Setting next_dagrun for tutorial_objectstorage to None, run_after=None
[2023-12-21T19:23:48.889+0000] {processor.py:183} INFO - Processing /home/airflow/.local/lib/python3.8/site-packages/airflow/example_dags/tutorial_objectstorage.py took 0.129 seconds
[2023-12-21T19:24:19.657+0000] {processor.py:161} INFO - Started process (PID=712) to work on /home/airflow/.local/lib/python3.8/site-packages/airflow/example_dags/tutorial_objectstorage.py
[2023-12-21T19:24:19.659+0000] {processor.py:830} INFO - Processing file /home/airflow/.local/lib/python3.8/site-packages/airflow/example_dags/tutorial_objectstorage.py for tasks to queue
[2023-12-21T19:24:19.663+0000] {logging_mixin.py:188} INFO - [2023-12-21T19:24:19.662+0000] {dagbag.py:538} INFO - Filling up the DagBag from /home/airflow/.local/lib/python3.8/site-packages/airflow/example_dags/tutorial_objectstorage.py
[2023-12-21T19:24:19.702+0000] {processor.py:840} INFO - DAG(s) 'tutorial_objectstorage' retrieved from /home/airflow/.local/lib/python3.8/site-packages/airflow/example_dags/tutorial_objectstorage.py
[2023-12-21T19:24:19.748+0000] {logging_mixin.py:188} INFO - [2023-12-21T19:24:19.747+0000] {dag.py:3033} INFO - Sync 1 DAGs
[2023-12-21T19:24:19.774+0000] {logging_mixin.py:188} INFO - [2023-12-21T19:24:19.773+0000] {dag.py:3820} INFO - Setting next_dagrun for tutorial_objectstorage to None, run_after=None
[2023-12-21T19:24:19.826+0000] {processor.py:183} INFO - Processing /home/airflow/.local/lib/python3.8/site-packages/airflow/example_dags/tutorial_objectstorage.py took 0.187 seconds
[2023-12-21T19:24:49.973+0000] {processor.py:161} INFO - Started process (PID=767) to work on /home/airflow/.local/lib/python3.8/site-packages/airflow/example_dags/tutorial_objectstorage.py
[2023-12-21T19:24:49.981+0000] {processor.py:830} INFO - Processing file /home/airflow/.local/lib/python3.8/site-packages/airflow/example_dags/tutorial_objectstorage.py for tasks to queue
[2023-12-21T19:24:49.991+0000] {logging_mixin.py:188} INFO - [2023-12-21T19:24:49.990+0000] {dagbag.py:538} INFO - Filling up the DagBag from /home/airflow/.local/lib/python3.8/site-packages/airflow/example_dags/tutorial_objectstorage.py
[2023-12-21T19:24:50.016+0000] {processor.py:840} INFO - DAG(s) 'tutorial_objectstorage' retrieved from /home/airflow/.local/lib/python3.8/site-packages/airflow/example_dags/tutorial_objectstorage.py
[2023-12-21T19:24:50.068+0000] {logging_mixin.py:188} INFO - [2023-12-21T19:24:50.068+0000] {dag.py:3033} INFO - Sync 1 DAGs
[2023-12-21T19:24:50.097+0000] {logging_mixin.py:188} INFO - [2023-12-21T19:24:50.097+0000] {dag.py:3820} INFO - Setting next_dagrun for tutorial_objectstorage to None, run_after=None
[2023-12-21T19:24:50.148+0000] {processor.py:183} INFO - Processing /home/airflow/.local/lib/python3.8/site-packages/airflow/example_dags/tutorial_objectstorage.py took 0.182 seconds
[2023-12-21T19:25:20.577+0000] {processor.py:161} INFO - Started process (PID=822) to work on /home/airflow/.local/lib/python3.8/site-packages/airflow/example_dags/tutorial_objectstorage.py
[2023-12-21T19:25:20.587+0000] {processor.py:830} INFO - Processing file /home/airflow/.local/lib/python3.8/site-packages/airflow/example_dags/tutorial_objectstorage.py for tasks to queue
[2023-12-21T19:25:20.595+0000] {logging_mixin.py:188} INFO - [2023-12-21T19:25:20.594+0000] {dagbag.py:538} INFO - Filling up the DagBag from /home/airflow/.local/lib/python3.8/site-packages/airflow/example_dags/tutorial_objectstorage.py
[2023-12-21T19:25:20.610+0000] {processor.py:840} INFO - DAG(s) 'tutorial_objectstorage' retrieved from /home/airflow/.local/lib/python3.8/site-packages/airflow/example_dags/tutorial_objectstorage.py
[2023-12-21T19:25:20.659+0000] {logging_mixin.py:188} INFO - [2023-12-21T19:25:20.659+0000] {dag.py:3033} INFO - Sync 1 DAGs
[2023-12-21T19:25:20.683+0000] {logging_mixin.py:188} INFO - [2023-12-21T19:25:20.682+0000] {dag.py:3820} INFO - Setting next_dagrun for tutorial_objectstorage to None, run_after=None
[2023-12-21T19:25:20.727+0000] {processor.py:183} INFO - Processing /home/airflow/.local/lib/python3.8/site-packages/airflow/example_dags/tutorial_objectstorage.py took 0.160 seconds
[2023-12-21T19:25:51.579+0000] {processor.py:161} INFO - Started process (PID=877) to work on /home/airflow/.local/lib/python3.8/site-packages/airflow/example_dags/tutorial_objectstorage.py
[2023-12-21T19:25:51.588+0000] {processor.py:830} INFO - Processing file /home/airflow/.local/lib/python3.8/site-packages/airflow/example_dags/tutorial_objectstorage.py for tasks to queue
[2023-12-21T19:25:51.595+0000] {logging_mixin.py:188} INFO - [2023-12-21T19:25:51.594+0000] {dagbag.py:538} INFO - Filling up the DagBag from /home/airflow/.local/lib/python3.8/site-packages/airflow/example_dags/tutorial_objectstorage.py
[2023-12-21T19:25:51.625+0000] {processor.py:840} INFO - DAG(s) 'tutorial_objectstorage' retrieved from /home/airflow/.local/lib/python3.8/site-packages/airflow/example_dags/tutorial_objectstorage.py
[2023-12-21T19:25:51.662+0000] {logging_mixin.py:188} INFO - [2023-12-21T19:25:51.662+0000] {dag.py:3033} INFO - Sync 1 DAGs
[2023-12-21T19:25:51.689+0000] {logging_mixin.py:188} INFO - [2023-12-21T19:25:51.689+0000] {dag.py:3820} INFO - Setting next_dagrun for tutorial_objectstorage to None, run_after=None
[2023-12-21T19:25:51.732+0000] {processor.py:183} INFO - Processing /home/airflow/.local/lib/python3.8/site-packages/airflow/example_dags/tutorial_objectstorage.py took 0.164 seconds
[2023-12-21T19:26:22.057+0000] {processor.py:161} INFO - Started process (PID=931) to work on /home/airflow/.local/lib/python3.8/site-packages/airflow/example_dags/tutorial_objectstorage.py
[2023-12-21T19:26:22.058+0000] {processor.py:830} INFO - Processing file /home/airflow/.local/lib/python3.8/site-packages/airflow/example_dags/tutorial_objectstorage.py for tasks to queue
[2023-12-21T19:26:22.065+0000] {logging_mixin.py:188} INFO - [2023-12-21T19:26:22.064+0000] {dagbag.py:538} INFO - Filling up the DagBag from /home/airflow/.local/lib/python3.8/site-packages/airflow/example_dags/tutorial_objectstorage.py
[2023-12-21T19:26:22.085+0000] {processor.py:840} INFO - DAG(s) 'tutorial_objectstorage' retrieved from /home/airflow/.local/lib/python3.8/site-packages/airflow/example_dags/tutorial_objectstorage.py
[2023-12-21T19:26:22.158+0000] {logging_mixin.py:188} INFO - [2023-12-21T19:26:22.158+0000] {dag.py:3033} INFO - Sync 1 DAGs
[2023-12-21T19:26:22.191+0000] {logging_mixin.py:188} INFO - [2023-12-21T19:26:22.191+0000] {dag.py:3820} INFO - Setting next_dagrun for tutorial_objectstorage to None, run_after=None
[2023-12-21T19:26:22.248+0000] {processor.py:183} INFO - Processing /home/airflow/.local/lib/python3.8/site-packages/airflow/example_dags/tutorial_objectstorage.py took 0.201 seconds
[2023-12-21T19:26:52.366+0000] {processor.py:161} INFO - Started process (PID=986) to work on /home/airflow/.local/lib/python3.8/site-packages/airflow/example_dags/tutorial_objectstorage.py
[2023-12-21T19:26:52.375+0000] {processor.py:830} INFO - Processing file /home/airflow/.local/lib/python3.8/site-packages/airflow/example_dags/tutorial_objectstorage.py for tasks to queue
[2023-12-21T19:26:52.379+0000] {logging_mixin.py:188} INFO - [2023-12-21T19:26:52.378+0000] {dagbag.py:538} INFO - Filling up the DagBag from /home/airflow/.local/lib/python3.8/site-packages/airflow/example_dags/tutorial_objectstorage.py
[2023-12-21T19:26:52.393+0000] {processor.py:840} INFO - DAG(s) 'tutorial_objectstorage' retrieved from /home/airflow/.local/lib/python3.8/site-packages/airflow/example_dags/tutorial_objectstorage.py
[2023-12-21T19:26:52.439+0000] {logging_mixin.py:188} INFO - [2023-12-21T19:26:52.438+0000] {dag.py:3033} INFO - Sync 1 DAGs
[2023-12-21T19:26:52.477+0000] {logging_mixin.py:188} INFO - [2023-12-21T19:26:52.476+0000] {dag.py:3820} INFO - Setting next_dagrun for tutorial_objectstorage to None, run_after=None
[2023-12-21T19:26:52.529+0000] {processor.py:183} INFO - Processing /home/airflow/.local/lib/python3.8/site-packages/airflow/example_dags/tutorial_objectstorage.py took 0.169 seconds
[2023-12-21T19:27:22.945+0000] {processor.py:161} INFO - Started process (PID=1046) to work on /home/airflow/.local/lib/python3.8/site-packages/airflow/example_dags/tutorial_objectstorage.py
[2023-12-21T19:27:22.946+0000] {processor.py:830} INFO - Processing file /home/airflow/.local/lib/python3.8/site-packages/airflow/example_dags/tutorial_objectstorage.py for tasks to queue
[2023-12-21T19:27:22.949+0000] {logging_mixin.py:188} INFO - [2023-12-21T19:27:22.949+0000] {dagbag.py:538} INFO - Filling up the DagBag from /home/airflow/.local/lib/python3.8/site-packages/airflow/example_dags/tutorial_objectstorage.py
[2023-12-21T19:27:22.962+0000] {processor.py:840} INFO - DAG(s) 'tutorial_objectstorage' retrieved from /home/airflow/.local/lib/python3.8/site-packages/airflow/example_dags/tutorial_objectstorage.py
[2023-12-21T19:27:23.005+0000] {logging_mixin.py:188} INFO - [2023-12-21T19:27:23.004+0000] {dag.py:3033} INFO - Sync 1 DAGs
[2023-12-21T19:27:23.032+0000] {logging_mixin.py:188} INFO - [2023-12-21T19:27:23.032+0000] {dag.py:3820} INFO - Setting next_dagrun for tutorial_objectstorage to None, run_after=None
[2023-12-21T19:27:23.078+0000] {processor.py:183} INFO - Processing /home/airflow/.local/lib/python3.8/site-packages/airflow/example_dags/tutorial_objectstorage.py took 0.137 seconds
[2023-12-21T19:27:53.611+0000] {processor.py:161} INFO - Started process (PID=1102) to work on /home/airflow/.local/lib/python3.8/site-packages/airflow/example_dags/tutorial_objectstorage.py
[2023-12-21T19:27:53.620+0000] {processor.py:830} INFO - Processing file /home/airflow/.local/lib/python3.8/site-packages/airflow/example_dags/tutorial_objectstorage.py for tasks to queue
[2023-12-21T19:27:53.630+0000] {logging_mixin.py:188} INFO - [2023-12-21T19:27:53.629+0000] {dagbag.py:538} INFO - Filling up the DagBag from /home/airflow/.local/lib/python3.8/site-packages/airflow/example_dags/tutorial_objectstorage.py
[2023-12-21T19:27:53.642+0000] {processor.py:840} INFO - DAG(s) 'tutorial_objectstorage' retrieved from /home/airflow/.local/lib/python3.8/site-packages/airflow/example_dags/tutorial_objectstorage.py
[2023-12-21T19:27:53.682+0000] {logging_mixin.py:188} INFO - [2023-12-21T19:27:53.682+0000] {dag.py:3033} INFO - Sync 1 DAGs
[2023-12-21T19:27:53.705+0000] {logging_mixin.py:188} INFO - [2023-12-21T19:27:53.704+0000] {dag.py:3820} INFO - Setting next_dagrun for tutorial_objectstorage to None, run_after=None
[2023-12-21T19:27:53.745+0000] {processor.py:183} INFO - Processing /home/airflow/.local/lib/python3.8/site-packages/airflow/example_dags/tutorial_objectstorage.py took 0.149 seconds
[2023-12-21T19:28:23.879+0000] {processor.py:161} INFO - Started process (PID=1156) to work on /home/airflow/.local/lib/python3.8/site-packages/airflow/example_dags/tutorial_objectstorage.py
[2023-12-21T19:28:23.880+0000] {processor.py:830} INFO - Processing file /home/airflow/.local/lib/python3.8/site-packages/airflow/example_dags/tutorial_objectstorage.py for tasks to queue
[2023-12-21T19:28:23.885+0000] {logging_mixin.py:188} INFO - [2023-12-21T19:28:23.884+0000] {dagbag.py:538} INFO - Filling up the DagBag from /home/airflow/.local/lib/python3.8/site-packages/airflow/example_dags/tutorial_objectstorage.py
[2023-12-21T19:28:23.898+0000] {processor.py:840} INFO - DAG(s) 'tutorial_objectstorage' retrieved from /home/airflow/.local/lib/python3.8/site-packages/airflow/example_dags/tutorial_objectstorage.py
[2023-12-21T19:28:23.935+0000] {logging_mixin.py:188} INFO - [2023-12-21T19:28:23.935+0000] {dag.py:3033} INFO - Sync 1 DAGs
[2023-12-21T19:28:23.968+0000] {logging_mixin.py:188} INFO - [2023-12-21T19:28:23.967+0000] {dag.py:3820} INFO - Setting next_dagrun for tutorial_objectstorage to None, run_after=None
[2023-12-21T19:28:24.035+0000] {processor.py:183} INFO - Processing /home/airflow/.local/lib/python3.8/site-packages/airflow/example_dags/tutorial_objectstorage.py took 0.166 seconds
[2023-12-21T19:28:54.138+0000] {processor.py:161} INFO - Started process (PID=1211) to work on /home/airflow/.local/lib/python3.8/site-packages/airflow/example_dags/tutorial_objectstorage.py
[2023-12-21T19:28:54.139+0000] {processor.py:830} INFO - Processing file /home/airflow/.local/lib/python3.8/site-packages/airflow/example_dags/tutorial_objectstorage.py for tasks to queue
[2023-12-21T19:28:54.142+0000] {logging_mixin.py:188} INFO - [2023-12-21T19:28:54.141+0000] {dagbag.py:538} INFO - Filling up the DagBag from /home/airflow/.local/lib/python3.8/site-packages/airflow/example_dags/tutorial_objectstorage.py
[2023-12-21T19:28:54.154+0000] {processor.py:840} INFO - DAG(s) 'tutorial_objectstorage' retrieved from /home/airflow/.local/lib/python3.8/site-packages/airflow/example_dags/tutorial_objectstorage.py
[2023-12-21T19:28:54.189+0000] {logging_mixin.py:188} INFO - [2023-12-21T19:28:54.188+0000] {dag.py:3033} INFO - Sync 1 DAGs
[2023-12-21T19:28:54.220+0000] {logging_mixin.py:188} INFO - [2023-12-21T19:28:54.220+0000] {dag.py:3820} INFO - Setting next_dagrun for tutorial_objectstorage to None, run_after=None
[2023-12-21T19:28:54.269+0000] {processor.py:183} INFO - Processing /home/airflow/.local/lib/python3.8/site-packages/airflow/example_dags/tutorial_objectstorage.py took 0.138 seconds
[2023-12-21T19:29:24.938+0000] {processor.py:161} INFO - Started process (PID=1266) to work on /home/airflow/.local/lib/python3.8/site-packages/airflow/example_dags/tutorial_objectstorage.py
[2023-12-21T19:29:24.943+0000] {processor.py:830} INFO - Processing file /home/airflow/.local/lib/python3.8/site-packages/airflow/example_dags/tutorial_objectstorage.py for tasks to queue
[2023-12-21T19:29:24.947+0000] {logging_mixin.py:188} INFO - [2023-12-21T19:29:24.947+0000] {dagbag.py:538} INFO - Filling up the DagBag from /home/airflow/.local/lib/python3.8/site-packages/airflow/example_dags/tutorial_objectstorage.py
[2023-12-21T19:29:24.963+0000] {processor.py:840} INFO - DAG(s) 'tutorial_objectstorage' retrieved from /home/airflow/.local/lib/python3.8/site-packages/airflow/example_dags/tutorial_objectstorage.py
[2023-12-21T19:29:25.044+0000] {logging_mixin.py:188} INFO - [2023-12-21T19:29:25.044+0000] {dag.py:3033} INFO - Sync 1 DAGs
[2023-12-21T19:29:25.073+0000] {logging_mixin.py:188} INFO - [2023-12-21T19:29:25.073+0000] {dag.py:3820} INFO - Setting next_dagrun for tutorial_objectstorage to None, run_after=None
[2023-12-21T19:29:25.126+0000] {processor.py:183} INFO - Processing /home/airflow/.local/lib/python3.8/site-packages/airflow/example_dags/tutorial_objectstorage.py took 0.195 seconds
[2023-12-21T19:29:55.471+0000] {processor.py:161} INFO - Started process (PID=1321) to work on /home/airflow/.local/lib/python3.8/site-packages/airflow/example_dags/tutorial_objectstorage.py
[2023-12-21T19:29:55.471+0000] {processor.py:830} INFO - Processing file /home/airflow/.local/lib/python3.8/site-packages/airflow/example_dags/tutorial_objectstorage.py for tasks to queue
[2023-12-21T19:29:55.474+0000] {logging_mixin.py:188} INFO - [2023-12-21T19:29:55.474+0000] {dagbag.py:538} INFO - Filling up the DagBag from /home/airflow/.local/lib/python3.8/site-packages/airflow/example_dags/tutorial_objectstorage.py
[2023-12-21T19:29:55.482+0000] {processor.py:840} INFO - DAG(s) 'tutorial_objectstorage' retrieved from /home/airflow/.local/lib/python3.8/site-packages/airflow/example_dags/tutorial_objectstorage.py
[2023-12-21T19:29:55.509+0000] {logging_mixin.py:188} INFO - [2023-12-21T19:29:55.508+0000] {dag.py:3033} INFO - Sync 1 DAGs
[2023-12-21T19:29:55.528+0000] {logging_mixin.py:188} INFO - [2023-12-21T19:29:55.528+0000] {dag.py:3820} INFO - Setting next_dagrun for tutorial_objectstorage to None, run_after=None
[2023-12-21T19:29:55.549+0000] {processor.py:183} INFO - Processing /home/airflow/.local/lib/python3.8/site-packages/airflow/example_dags/tutorial_objectstorage.py took 0.083 seconds
[2023-12-21T19:30:26.128+0000] {processor.py:161} INFO - Started process (PID=1375) to work on /home/airflow/.local/lib/python3.8/site-packages/airflow/example_dags/tutorial_objectstorage.py
[2023-12-21T19:30:26.130+0000] {processor.py:830} INFO - Processing file /home/airflow/.local/lib/python3.8/site-packages/airflow/example_dags/tutorial_objectstorage.py for tasks to queue
[2023-12-21T19:30:26.136+0000] {logging_mixin.py:188} INFO - [2023-12-21T19:30:26.133+0000] {dagbag.py:538} INFO - Filling up the DagBag from /home/airflow/.local/lib/python3.8/site-packages/airflow/example_dags/tutorial_objectstorage.py
[2023-12-21T19:30:26.151+0000] {processor.py:840} INFO - DAG(s) 'tutorial_objectstorage' retrieved from /home/airflow/.local/lib/python3.8/site-packages/airflow/example_dags/tutorial_objectstorage.py
[2023-12-21T19:30:26.196+0000] {logging_mixin.py:188} INFO - [2023-12-21T19:30:26.196+0000] {dag.py:3033} INFO - Sync 1 DAGs
[2023-12-21T19:30:26.225+0000] {logging_mixin.py:188} INFO - [2023-12-21T19:30:26.225+0000] {dag.py:3820} INFO - Setting next_dagrun for tutorial_objectstorage to None, run_after=None
[2023-12-21T19:30:26.267+0000] {processor.py:183} INFO - Processing /home/airflow/.local/lib/python3.8/site-packages/airflow/example_dags/tutorial_objectstorage.py took 0.144 seconds
[2023-12-21T19:30:56.349+0000] {processor.py:161} INFO - Started process (PID=1429) to work on /home/airflow/.local/lib/python3.8/site-packages/airflow/example_dags/tutorial_objectstorage.py
[2023-12-21T19:30:56.351+0000] {processor.py:830} INFO - Processing file /home/airflow/.local/lib/python3.8/site-packages/airflow/example_dags/tutorial_objectstorage.py for tasks to queue
[2023-12-21T19:30:56.355+0000] {logging_mixin.py:188} INFO - [2023-12-21T19:30:56.354+0000] {dagbag.py:538} INFO - Filling up the DagBag from /home/airflow/.local/lib/python3.8/site-packages/airflow/example_dags/tutorial_objectstorage.py
[2023-12-21T19:30:56.365+0000] {processor.py:840} INFO - DAG(s) 'tutorial_objectstorage' retrieved from /home/airflow/.local/lib/python3.8/site-packages/airflow/example_dags/tutorial_objectstorage.py
[2023-12-21T19:30:56.414+0000] {logging_mixin.py:188} INFO - [2023-12-21T19:30:56.414+0000] {dag.py:3033} INFO - Sync 1 DAGs
[2023-12-21T19:30:56.449+0000] {logging_mixin.py:188} INFO - [2023-12-21T19:30:56.448+0000] {dag.py:3820} INFO - Setting next_dagrun for tutorial_objectstorage to None, run_after=None
[2023-12-21T19:30:56.497+0000] {processor.py:183} INFO - Processing /home/airflow/.local/lib/python3.8/site-packages/airflow/example_dags/tutorial_objectstorage.py took 0.153 seconds
[2023-12-21T19:31:26.757+0000] {processor.py:161} INFO - Started process (PID=1484) to work on /home/airflow/.local/lib/python3.8/site-packages/airflow/example_dags/tutorial_objectstorage.py
[2023-12-21T19:31:26.759+0000] {processor.py:830} INFO - Processing file /home/airflow/.local/lib/python3.8/site-packages/airflow/example_dags/tutorial_objectstorage.py for tasks to queue
[2023-12-21T19:31:26.761+0000] {logging_mixin.py:188} INFO - [2023-12-21T19:31:26.761+0000] {dagbag.py:538} INFO - Filling up the DagBag from /home/airflow/.local/lib/python3.8/site-packages/airflow/example_dags/tutorial_objectstorage.py
[2023-12-21T19:31:26.768+0000] {processor.py:840} INFO - DAG(s) 'tutorial_objectstorage' retrieved from /home/airflow/.local/lib/python3.8/site-packages/airflow/example_dags/tutorial_objectstorage.py
[2023-12-21T19:31:26.795+0000] {logging_mixin.py:188} INFO - [2023-12-21T19:31:26.794+0000] {dag.py:3033} INFO - Sync 1 DAGs
[2023-12-21T19:31:26.813+0000] {logging_mixin.py:188} INFO - [2023-12-21T19:31:26.813+0000] {dag.py:3820} INFO - Setting next_dagrun for tutorial_objectstorage to None, run_after=None
[2023-12-21T19:31:26.850+0000] {processor.py:183} INFO - Processing /home/airflow/.local/lib/python3.8/site-packages/airflow/example_dags/tutorial_objectstorage.py took 0.097 seconds
[2023-12-21T19:34:28.060+0000] {processor.py:161} INFO - Started process (PID=53) to work on /home/airflow/.local/lib/python3.8/site-packages/airflow/example_dags/tutorial_objectstorage.py
[2023-12-21T19:34:28.075+0000] {processor.py:830} INFO - Processing file /home/airflow/.local/lib/python3.8/site-packages/airflow/example_dags/tutorial_objectstorage.py for tasks to queue
[2023-12-21T19:34:28.079+0000] {logging_mixin.py:188} INFO - [2023-12-21T19:34:28.078+0000] {dagbag.py:538} INFO - Filling up the DagBag from /home/airflow/.local/lib/python3.8/site-packages/airflow/example_dags/tutorial_objectstorage.py
[2023-12-21T19:34:28.099+0000] {processor.py:840} INFO - DAG(s) 'tutorial_objectstorage' retrieved from /home/airflow/.local/lib/python3.8/site-packages/airflow/example_dags/tutorial_objectstorage.py
[2023-12-21T19:34:28.492+0000] {logging_mixin.py:188} INFO - [2023-12-21T19:34:28.492+0000] {dag.py:3033} INFO - Sync 1 DAGs
[2023-12-21T19:34:28.556+0000] {logging_mixin.py:188} INFO - [2023-12-21T19:34:28.556+0000] {dag.py:3820} INFO - Setting next_dagrun for tutorial_objectstorage to None, run_after=None
[2023-12-21T19:34:28.617+0000] {processor.py:183} INFO - Processing /home/airflow/.local/lib/python3.8/site-packages/airflow/example_dags/tutorial_objectstorage.py took 0.563 seconds
