[2023-12-20T17:20:58.238+0000] {processor.py:161} INFO - Started process (PID=299) to work on /home/airflow/.local/lib/python3.8/site-packages/airflow/example_dags/example_latest_only_with_trigger.py
[2023-12-20T17:20:58.239+0000] {processor.py:830} INFO - Processing file /home/airflow/.local/lib/python3.8/site-packages/airflow/example_dags/example_latest_only_with_trigger.py for tasks to queue
[2023-12-20T17:20:58.241+0000] {logging_mixin.py:188} INFO - [2023-12-20T17:20:58.240+0000] {dagbag.py:538} INFO - Filling up the DagBag from /home/airflow/.local/lib/python3.8/site-packages/airflow/example_dags/example_latest_only_with_trigger.py
[2023-12-20T17:20:58.255+0000] {processor.py:840} INFO - DAG(s) 'latest_only_with_trigger' retrieved from /home/airflow/.local/lib/python3.8/site-packages/airflow/example_dags/example_latest_only_with_trigger.py
[2023-12-20T17:20:58.501+0000] {logging_mixin.py:188} INFO - [2023-12-20T17:20:58.501+0000] {dag.py:3033} INFO - Sync 1 DAGs
[2023-12-20T17:20:58.560+0000] {logging_mixin.py:188} INFO - [2023-12-20T17:20:58.560+0000] {dag.py:3820} INFO - Setting next_dagrun for latest_only_with_trigger to 2023-12-20T12:00:00+00:00, run_after=2023-12-20T16:00:00+00:00
[2023-12-20T17:20:58.640+0000] {processor.py:183} INFO - Processing /home/airflow/.local/lib/python3.8/site-packages/airflow/example_dags/example_latest_only_with_trigger.py took 0.434 seconds
[2023-12-20T17:21:28.871+0000] {processor.py:161} INFO - Started process (PID=546) to work on /home/airflow/.local/lib/python3.8/site-packages/airflow/example_dags/example_latest_only_with_trigger.py
[2023-12-20T17:21:28.877+0000] {processor.py:830} INFO - Processing file /home/airflow/.local/lib/python3.8/site-packages/airflow/example_dags/example_latest_only_with_trigger.py for tasks to queue
[2023-12-20T17:21:28.880+0000] {logging_mixin.py:188} INFO - [2023-12-20T17:21:28.878+0000] {dagbag.py:538} INFO - Filling up the DagBag from /home/airflow/.local/lib/python3.8/site-packages/airflow/example_dags/example_latest_only_with_trigger.py
[2023-12-20T17:21:28.900+0000] {processor.py:840} INFO - DAG(s) 'latest_only_with_trigger' retrieved from /home/airflow/.local/lib/python3.8/site-packages/airflow/example_dags/example_latest_only_with_trigger.py
[2023-12-20T17:21:28.953+0000] {logging_mixin.py:188} INFO - [2023-12-20T17:21:28.952+0000] {dag.py:3033} INFO - Sync 1 DAGs
[2023-12-20T17:21:28.994+0000] {logging_mixin.py:188} INFO - [2023-12-20T17:21:28.994+0000] {dag.py:3820} INFO - Setting next_dagrun for latest_only_with_trigger to 2023-12-20T12:00:00+00:00, run_after=2023-12-20T16:00:00+00:00
[2023-12-20T17:21:29.094+0000] {processor.py:183} INFO - Processing /home/airflow/.local/lib/python3.8/site-packages/airflow/example_dags/example_latest_only_with_trigger.py took 0.236 seconds
[2023-12-20T17:21:59.242+0000] {processor.py:161} INFO - Started process (PID=792) to work on /home/airflow/.local/lib/python3.8/site-packages/airflow/example_dags/example_latest_only_with_trigger.py
[2023-12-20T17:21:59.246+0000] {processor.py:830} INFO - Processing file /home/airflow/.local/lib/python3.8/site-packages/airflow/example_dags/example_latest_only_with_trigger.py for tasks to queue
[2023-12-20T17:21:59.248+0000] {logging_mixin.py:188} INFO - [2023-12-20T17:21:59.247+0000] {dagbag.py:538} INFO - Filling up the DagBag from /home/airflow/.local/lib/python3.8/site-packages/airflow/example_dags/example_latest_only_with_trigger.py
[2023-12-20T17:21:59.260+0000] {processor.py:840} INFO - DAG(s) 'latest_only_with_trigger' retrieved from /home/airflow/.local/lib/python3.8/site-packages/airflow/example_dags/example_latest_only_with_trigger.py
[2023-12-20T17:21:59.306+0000] {logging_mixin.py:188} INFO - [2023-12-20T17:21:59.306+0000] {dag.py:3033} INFO - Sync 1 DAGs
[2023-12-20T17:21:59.350+0000] {logging_mixin.py:188} INFO - [2023-12-20T17:21:59.350+0000] {dag.py:3820} INFO - Setting next_dagrun for latest_only_with_trigger to 2023-12-20T12:00:00+00:00, run_after=2023-12-20T16:00:00+00:00
[2023-12-20T17:21:59.387+0000] {processor.py:183} INFO - Processing /home/airflow/.local/lib/python3.8/site-packages/airflow/example_dags/example_latest_only_with_trigger.py took 0.162 seconds
[2023-12-20T17:22:29.883+0000] {processor.py:161} INFO - Started process (PID=1041) to work on /home/airflow/.local/lib/python3.8/site-packages/airflow/example_dags/example_latest_only_with_trigger.py
[2023-12-20T17:22:29.884+0000] {processor.py:830} INFO - Processing file /home/airflow/.local/lib/python3.8/site-packages/airflow/example_dags/example_latest_only_with_trigger.py for tasks to queue
[2023-12-20T17:22:29.885+0000] {logging_mixin.py:188} INFO - [2023-12-20T17:22:29.885+0000] {dagbag.py:538} INFO - Filling up the DagBag from /home/airflow/.local/lib/python3.8/site-packages/airflow/example_dags/example_latest_only_with_trigger.py
[2023-12-20T17:22:29.895+0000] {processor.py:840} INFO - DAG(s) 'latest_only_with_trigger' retrieved from /home/airflow/.local/lib/python3.8/site-packages/airflow/example_dags/example_latest_only_with_trigger.py
[2023-12-20T17:22:29.924+0000] {logging_mixin.py:188} INFO - [2023-12-20T17:22:29.923+0000] {dag.py:3033} INFO - Sync 1 DAGs
[2023-12-20T17:22:29.953+0000] {logging_mixin.py:188} INFO - [2023-12-20T17:22:29.952+0000] {dag.py:3820} INFO - Setting next_dagrun for latest_only_with_trigger to 2023-12-20T12:00:00+00:00, run_after=2023-12-20T16:00:00+00:00
[2023-12-20T17:22:29.987+0000] {processor.py:183} INFO - Processing /home/airflow/.local/lib/python3.8/site-packages/airflow/example_dags/example_latest_only_with_trigger.py took 0.110 seconds
[2023-12-20T17:23:00.675+0000] {processor.py:161} INFO - Started process (PID=1286) to work on /home/airflow/.local/lib/python3.8/site-packages/airflow/example_dags/example_latest_only_with_trigger.py
[2023-12-20T17:23:00.685+0000] {processor.py:830} INFO - Processing file /home/airflow/.local/lib/python3.8/site-packages/airflow/example_dags/example_latest_only_with_trigger.py for tasks to queue
[2023-12-20T17:23:00.686+0000] {logging_mixin.py:188} INFO - [2023-12-20T17:23:00.686+0000] {dagbag.py:538} INFO - Filling up the DagBag from /home/airflow/.local/lib/python3.8/site-packages/airflow/example_dags/example_latest_only_with_trigger.py
[2023-12-20T17:23:00.697+0000] {processor.py:840} INFO - DAG(s) 'latest_only_with_trigger' retrieved from /home/airflow/.local/lib/python3.8/site-packages/airflow/example_dags/example_latest_only_with_trigger.py
[2023-12-20T17:23:00.741+0000] {logging_mixin.py:188} INFO - [2023-12-20T17:23:00.741+0000] {dag.py:3033} INFO - Sync 1 DAGs
[2023-12-20T17:23:00.783+0000] {logging_mixin.py:188} INFO - [2023-12-20T17:23:00.783+0000] {dag.py:3820} INFO - Setting next_dagrun for latest_only_with_trigger to 2023-12-20T12:00:00+00:00, run_after=2023-12-20T16:00:00+00:00
[2023-12-20T17:23:00.814+0000] {processor.py:183} INFO - Processing /home/airflow/.local/lib/python3.8/site-packages/airflow/example_dags/example_latest_only_with_trigger.py took 0.145 seconds
[2023-12-20T17:23:31.645+0000] {processor.py:161} INFO - Started process (PID=1534) to work on /home/airflow/.local/lib/python3.8/site-packages/airflow/example_dags/example_latest_only_with_trigger.py
[2023-12-20T17:23:31.646+0000] {processor.py:830} INFO - Processing file /home/airflow/.local/lib/python3.8/site-packages/airflow/example_dags/example_latest_only_with_trigger.py for tasks to queue
[2023-12-20T17:23:31.647+0000] {logging_mixin.py:188} INFO - [2023-12-20T17:23:31.647+0000] {dagbag.py:538} INFO - Filling up the DagBag from /home/airflow/.local/lib/python3.8/site-packages/airflow/example_dags/example_latest_only_with_trigger.py
[2023-12-20T17:23:31.655+0000] {processor.py:840} INFO - DAG(s) 'latest_only_with_trigger' retrieved from /home/airflow/.local/lib/python3.8/site-packages/airflow/example_dags/example_latest_only_with_trigger.py
[2023-12-20T17:23:31.692+0000] {logging_mixin.py:188} INFO - [2023-12-20T17:23:31.691+0000] {dag.py:3033} INFO - Sync 1 DAGs
[2023-12-20T17:23:31.736+0000] {logging_mixin.py:188} INFO - [2023-12-20T17:23:31.736+0000] {dag.py:3820} INFO - Setting next_dagrun for latest_only_with_trigger to 2023-12-20T12:00:00+00:00, run_after=2023-12-20T16:00:00+00:00
[2023-12-20T17:23:31.767+0000] {processor.py:183} INFO - Processing /home/airflow/.local/lib/python3.8/site-packages/airflow/example_dags/example_latest_only_with_trigger.py took 0.128 seconds
[2023-12-20T17:24:02.239+0000] {processor.py:161} INFO - Started process (PID=1782) to work on /home/airflow/.local/lib/python3.8/site-packages/airflow/example_dags/example_latest_only_with_trigger.py
[2023-12-20T17:24:02.241+0000] {processor.py:830} INFO - Processing file /home/airflow/.local/lib/python3.8/site-packages/airflow/example_dags/example_latest_only_with_trigger.py for tasks to queue
[2023-12-20T17:24:02.243+0000] {logging_mixin.py:188} INFO - [2023-12-20T17:24:02.242+0000] {dagbag.py:538} INFO - Filling up the DagBag from /home/airflow/.local/lib/python3.8/site-packages/airflow/example_dags/example_latest_only_with_trigger.py
[2023-12-20T17:24:02.254+0000] {processor.py:840} INFO - DAG(s) 'latest_only_with_trigger' retrieved from /home/airflow/.local/lib/python3.8/site-packages/airflow/example_dags/example_latest_only_with_trigger.py
[2023-12-20T17:24:02.298+0000] {logging_mixin.py:188} INFO - [2023-12-20T17:24:02.298+0000] {dag.py:3033} INFO - Sync 1 DAGs
[2023-12-20T17:24:02.345+0000] {logging_mixin.py:188} INFO - [2023-12-20T17:24:02.345+0000] {dag.py:3820} INFO - Setting next_dagrun for latest_only_with_trigger to 2023-12-20T12:00:00+00:00, run_after=2023-12-20T16:00:00+00:00
[2023-12-20T17:24:02.380+0000] {processor.py:183} INFO - Processing /home/airflow/.local/lib/python3.8/site-packages/airflow/example_dags/example_latest_only_with_trigger.py took 0.147 seconds
[2023-12-20T17:24:32.683+0000] {processor.py:161} INFO - Started process (PID=2027) to work on /home/airflow/.local/lib/python3.8/site-packages/airflow/example_dags/example_latest_only_with_trigger.py
[2023-12-20T17:24:32.691+0000] {processor.py:830} INFO - Processing file /home/airflow/.local/lib/python3.8/site-packages/airflow/example_dags/example_latest_only_with_trigger.py for tasks to queue
[2023-12-20T17:24:32.693+0000] {logging_mixin.py:188} INFO - [2023-12-20T17:24:32.692+0000] {dagbag.py:538} INFO - Filling up the DagBag from /home/airflow/.local/lib/python3.8/site-packages/airflow/example_dags/example_latest_only_with_trigger.py
[2023-12-20T17:24:32.703+0000] {processor.py:840} INFO - DAG(s) 'latest_only_with_trigger' retrieved from /home/airflow/.local/lib/python3.8/site-packages/airflow/example_dags/example_latest_only_with_trigger.py
[2023-12-20T17:24:32.747+0000] {logging_mixin.py:188} INFO - [2023-12-20T17:24:32.747+0000] {dag.py:3033} INFO - Sync 1 DAGs
[2023-12-20T17:24:32.803+0000] {logging_mixin.py:188} INFO - [2023-12-20T17:24:32.803+0000] {dag.py:3820} INFO - Setting next_dagrun for latest_only_with_trigger to 2023-12-20T12:00:00+00:00, run_after=2023-12-20T16:00:00+00:00
[2023-12-20T17:24:32.843+0000] {processor.py:183} INFO - Processing /home/airflow/.local/lib/python3.8/site-packages/airflow/example_dags/example_latest_only_with_trigger.py took 0.167 seconds
[2023-12-20T17:25:58.343+0000] {processor.py:161} INFO - Started process (PID=63) to work on /home/airflow/.local/lib/python3.8/site-packages/airflow/example_dags/example_latest_only_with_trigger.py
[2023-12-20T17:25:58.349+0000] {processor.py:830} INFO - Processing file /home/airflow/.local/lib/python3.8/site-packages/airflow/example_dags/example_latest_only_with_trigger.py for tasks to queue
[2023-12-20T17:25:58.352+0000] {logging_mixin.py:188} INFO - [2023-12-20T17:25:58.351+0000] {dagbag.py:538} INFO - Filling up the DagBag from /home/airflow/.local/lib/python3.8/site-packages/airflow/example_dags/example_latest_only_with_trigger.py
[2023-12-20T17:25:58.362+0000] {processor.py:840} INFO - DAG(s) 'latest_only_with_trigger' retrieved from /home/airflow/.local/lib/python3.8/site-packages/airflow/example_dags/example_latest_only_with_trigger.py
[2023-12-20T17:25:58.679+0000] {logging_mixin.py:188} INFO - [2023-12-20T17:25:58.679+0000] {dag.py:3033} INFO - Sync 1 DAGs
[2023-12-20T17:25:58.721+0000] {logging_mixin.py:188} INFO - [2023-12-20T17:25:58.719+0000] {dag.py:3820} INFO - Setting next_dagrun for latest_only_with_trigger to 2023-12-20T12:00:00+00:00, run_after=2023-12-20T16:00:00+00:00
[2023-12-20T17:25:58.754+0000] {processor.py:183} INFO - Processing /home/airflow/.local/lib/python3.8/site-packages/airflow/example_dags/example_latest_only_with_trigger.py took 0.416 seconds
[2023-12-20T17:26:29.194+0000] {processor.py:161} INFO - Started process (PID=117) to work on /home/airflow/.local/lib/python3.8/site-packages/airflow/example_dags/example_latest_only_with_trigger.py
[2023-12-20T17:26:29.231+0000] {processor.py:830} INFO - Processing file /home/airflow/.local/lib/python3.8/site-packages/airflow/example_dags/example_latest_only_with_trigger.py for tasks to queue
[2023-12-20T17:26:29.235+0000] {logging_mixin.py:188} INFO - [2023-12-20T17:26:29.235+0000] {dagbag.py:538} INFO - Filling up the DagBag from /home/airflow/.local/lib/python3.8/site-packages/airflow/example_dags/example_latest_only_with_trigger.py
[2023-12-20T17:26:29.246+0000] {processor.py:840} INFO - DAG(s) 'latest_only_with_trigger' retrieved from /home/airflow/.local/lib/python3.8/site-packages/airflow/example_dags/example_latest_only_with_trigger.py
[2023-12-20T17:26:29.332+0000] {logging_mixin.py:188} INFO - [2023-12-20T17:26:29.332+0000] {dag.py:3033} INFO - Sync 1 DAGs
[2023-12-20T17:26:29.450+0000] {logging_mixin.py:188} INFO - [2023-12-20T17:26:29.450+0000] {dag.py:3820} INFO - Setting next_dagrun for latest_only_with_trigger to 2023-12-20T12:00:00+00:00, run_after=2023-12-20T16:00:00+00:00
[2023-12-20T17:26:29.505+0000] {processor.py:183} INFO - Processing /home/airflow/.local/lib/python3.8/site-packages/airflow/example_dags/example_latest_only_with_trigger.py took 0.319 seconds
[2023-12-20T17:26:59.602+0000] {processor.py:161} INFO - Started process (PID=171) to work on /home/airflow/.local/lib/python3.8/site-packages/airflow/example_dags/example_latest_only_with_trigger.py
[2023-12-20T17:26:59.604+0000] {processor.py:830} INFO - Processing file /home/airflow/.local/lib/python3.8/site-packages/airflow/example_dags/example_latest_only_with_trigger.py for tasks to queue
[2023-12-20T17:26:59.608+0000] {logging_mixin.py:188} INFO - [2023-12-20T17:26:59.608+0000] {dagbag.py:538} INFO - Filling up the DagBag from /home/airflow/.local/lib/python3.8/site-packages/airflow/example_dags/example_latest_only_with_trigger.py
[2023-12-20T17:26:59.617+0000] {processor.py:840} INFO - DAG(s) 'latest_only_with_trigger' retrieved from /home/airflow/.local/lib/python3.8/site-packages/airflow/example_dags/example_latest_only_with_trigger.py
[2023-12-20T17:26:59.663+0000] {logging_mixin.py:188} INFO - [2023-12-20T17:26:59.663+0000] {dag.py:3033} INFO - Sync 1 DAGs
[2023-12-20T17:26:59.707+0000] {logging_mixin.py:188} INFO - [2023-12-20T17:26:59.706+0000] {dag.py:3820} INFO - Setting next_dagrun for latest_only_with_trigger to 2023-12-20T12:00:00+00:00, run_after=2023-12-20T16:00:00+00:00
[2023-12-20T17:26:59.747+0000] {processor.py:183} INFO - Processing /home/airflow/.local/lib/python3.8/site-packages/airflow/example_dags/example_latest_only_with_trigger.py took 0.150 seconds
[2023-12-20T17:27:30.071+0000] {processor.py:161} INFO - Started process (PID=226) to work on /home/airflow/.local/lib/python3.8/site-packages/airflow/example_dags/example_latest_only_with_trigger.py
[2023-12-20T17:27:30.074+0000] {processor.py:830} INFO - Processing file /home/airflow/.local/lib/python3.8/site-packages/airflow/example_dags/example_latest_only_with_trigger.py for tasks to queue
[2023-12-20T17:27:30.078+0000] {logging_mixin.py:188} INFO - [2023-12-20T17:27:30.077+0000] {dagbag.py:538} INFO - Filling up the DagBag from /home/airflow/.local/lib/python3.8/site-packages/airflow/example_dags/example_latest_only_with_trigger.py
[2023-12-20T17:27:30.094+0000] {processor.py:840} INFO - DAG(s) 'latest_only_with_trigger' retrieved from /home/airflow/.local/lib/python3.8/site-packages/airflow/example_dags/example_latest_only_with_trigger.py
[2023-12-20T17:27:30.150+0000] {logging_mixin.py:188} INFO - [2023-12-20T17:27:30.149+0000] {dag.py:3033} INFO - Sync 1 DAGs
[2023-12-20T17:27:30.257+0000] {logging_mixin.py:188} INFO - [2023-12-20T17:27:30.257+0000] {dag.py:3820} INFO - Setting next_dagrun for latest_only_with_trigger to 2023-12-20T12:00:00+00:00, run_after=2023-12-20T16:00:00+00:00
[2023-12-20T17:27:30.337+0000] {processor.py:183} INFO - Processing /home/airflow/.local/lib/python3.8/site-packages/airflow/example_dags/example_latest_only_with_trigger.py took 0.279 seconds
[2023-12-20T17:28:00.559+0000] {processor.py:161} INFO - Started process (PID=281) to work on /home/airflow/.local/lib/python3.8/site-packages/airflow/example_dags/example_latest_only_with_trigger.py
[2023-12-20T17:28:00.560+0000] {processor.py:830} INFO - Processing file /home/airflow/.local/lib/python3.8/site-packages/airflow/example_dags/example_latest_only_with_trigger.py for tasks to queue
[2023-12-20T17:28:00.564+0000] {logging_mixin.py:188} INFO - [2023-12-20T17:28:00.564+0000] {dagbag.py:538} INFO - Filling up the DagBag from /home/airflow/.local/lib/python3.8/site-packages/airflow/example_dags/example_latest_only_with_trigger.py
[2023-12-20T17:28:00.577+0000] {processor.py:840} INFO - DAG(s) 'latest_only_with_trigger' retrieved from /home/airflow/.local/lib/python3.8/site-packages/airflow/example_dags/example_latest_only_with_trigger.py
[2023-12-20T17:28:00.674+0000] {logging_mixin.py:188} INFO - [2023-12-20T17:28:00.674+0000] {dag.py:3033} INFO - Sync 1 DAGs
[2023-12-20T17:28:00.744+0000] {logging_mixin.py:188} INFO - [2023-12-20T17:28:00.743+0000] {dag.py:3820} INFO - Setting next_dagrun for latest_only_with_trigger to 2023-12-20T12:00:00+00:00, run_after=2023-12-20T16:00:00+00:00
[2023-12-20T17:28:00.809+0000] {processor.py:183} INFO - Processing /home/airflow/.local/lib/python3.8/site-packages/airflow/example_dags/example_latest_only_with_trigger.py took 0.260 seconds
[2023-12-20T17:28:31.034+0000] {processor.py:161} INFO - Started process (PID=335) to work on /home/airflow/.local/lib/python3.8/site-packages/airflow/example_dags/example_latest_only_with_trigger.py
[2023-12-20T17:28:31.035+0000] {processor.py:830} INFO - Processing file /home/airflow/.local/lib/python3.8/site-packages/airflow/example_dags/example_latest_only_with_trigger.py for tasks to queue
[2023-12-20T17:28:31.045+0000] {logging_mixin.py:188} INFO - [2023-12-20T17:28:31.045+0000] {dagbag.py:538} INFO - Filling up the DagBag from /home/airflow/.local/lib/python3.8/site-packages/airflow/example_dags/example_latest_only_with_trigger.py
[2023-12-20T17:28:31.063+0000] {processor.py:840} INFO - DAG(s) 'latest_only_with_trigger' retrieved from /home/airflow/.local/lib/python3.8/site-packages/airflow/example_dags/example_latest_only_with_trigger.py
[2023-12-20T17:28:31.125+0000] {logging_mixin.py:188} INFO - [2023-12-20T17:28:31.125+0000] {dag.py:3033} INFO - Sync 1 DAGs
[2023-12-20T17:28:31.190+0000] {logging_mixin.py:188} INFO - [2023-12-20T17:28:31.190+0000] {dag.py:3820} INFO - Setting next_dagrun for latest_only_with_trigger to 2023-12-20T12:00:00+00:00, run_after=2023-12-20T16:00:00+00:00
[2023-12-20T17:28:31.308+0000] {processor.py:183} INFO - Processing /home/airflow/.local/lib/python3.8/site-packages/airflow/example_dags/example_latest_only_with_trigger.py took 0.287 seconds
[2023-12-20T17:29:02.066+0000] {processor.py:161} INFO - Started process (PID=390) to work on /home/airflow/.local/lib/python3.8/site-packages/airflow/example_dags/example_latest_only_with_trigger.py
[2023-12-20T17:29:02.068+0000] {processor.py:830} INFO - Processing file /home/airflow/.local/lib/python3.8/site-packages/airflow/example_dags/example_latest_only_with_trigger.py for tasks to queue
[2023-12-20T17:29:02.072+0000] {logging_mixin.py:188} INFO - [2023-12-20T17:29:02.072+0000] {dagbag.py:538} INFO - Filling up the DagBag from /home/airflow/.local/lib/python3.8/site-packages/airflow/example_dags/example_latest_only_with_trigger.py
[2023-12-20T17:29:02.086+0000] {processor.py:840} INFO - DAG(s) 'latest_only_with_trigger' retrieved from /home/airflow/.local/lib/python3.8/site-packages/airflow/example_dags/example_latest_only_with_trigger.py
[2023-12-20T17:29:02.133+0000] {logging_mixin.py:188} INFO - [2023-12-20T17:29:02.132+0000] {dag.py:3033} INFO - Sync 1 DAGs
[2023-12-20T17:29:02.181+0000] {logging_mixin.py:188} INFO - [2023-12-20T17:29:02.181+0000] {dag.py:3820} INFO - Setting next_dagrun for latest_only_with_trigger to 2023-12-20T12:00:00+00:00, run_after=2023-12-20T16:00:00+00:00
[2023-12-20T17:29:02.217+0000] {processor.py:183} INFO - Processing /home/airflow/.local/lib/python3.8/site-packages/airflow/example_dags/example_latest_only_with_trigger.py took 0.157 seconds
[2023-12-20T17:29:32.737+0000] {processor.py:161} INFO - Started process (PID=445) to work on /home/airflow/.local/lib/python3.8/site-packages/airflow/example_dags/example_latest_only_with_trigger.py
[2023-12-20T17:29:32.738+0000] {processor.py:830} INFO - Processing file /home/airflow/.local/lib/python3.8/site-packages/airflow/example_dags/example_latest_only_with_trigger.py for tasks to queue
[2023-12-20T17:29:32.741+0000] {logging_mixin.py:188} INFO - [2023-12-20T17:29:32.741+0000] {dagbag.py:538} INFO - Filling up the DagBag from /home/airflow/.local/lib/python3.8/site-packages/airflow/example_dags/example_latest_only_with_trigger.py
[2023-12-20T17:29:32.749+0000] {processor.py:840} INFO - DAG(s) 'latest_only_with_trigger' retrieved from /home/airflow/.local/lib/python3.8/site-packages/airflow/example_dags/example_latest_only_with_trigger.py
[2023-12-20T17:29:32.785+0000] {logging_mixin.py:188} INFO - [2023-12-20T17:29:32.785+0000] {dag.py:3033} INFO - Sync 1 DAGs
[2023-12-20T17:29:32.824+0000] {logging_mixin.py:188} INFO - [2023-12-20T17:29:32.824+0000] {dag.py:3820} INFO - Setting next_dagrun for latest_only_with_trigger to 2023-12-20T12:00:00+00:00, run_after=2023-12-20T16:00:00+00:00
[2023-12-20T17:29:32.857+0000] {processor.py:183} INFO - Processing /home/airflow/.local/lib/python3.8/site-packages/airflow/example_dags/example_latest_only_with_trigger.py took 0.128 seconds
[2023-12-20T17:30:03.906+0000] {processor.py:161} INFO - Started process (PID=500) to work on /home/airflow/.local/lib/python3.8/site-packages/airflow/example_dags/example_latest_only_with_trigger.py
[2023-12-20T17:30:03.910+0000] {processor.py:830} INFO - Processing file /home/airflow/.local/lib/python3.8/site-packages/airflow/example_dags/example_latest_only_with_trigger.py for tasks to queue
[2023-12-20T17:30:03.920+0000] {logging_mixin.py:188} INFO - [2023-12-20T17:30:03.919+0000] {dagbag.py:538} INFO - Filling up the DagBag from /home/airflow/.local/lib/python3.8/site-packages/airflow/example_dags/example_latest_only_with_trigger.py
[2023-12-20T17:30:03.951+0000] {processor.py:840} INFO - DAG(s) 'latest_only_with_trigger' retrieved from /home/airflow/.local/lib/python3.8/site-packages/airflow/example_dags/example_latest_only_with_trigger.py
[2023-12-20T17:30:04.041+0000] {logging_mixin.py:188} INFO - [2023-12-20T17:30:04.041+0000] {dag.py:3033} INFO - Sync 1 DAGs
[2023-12-20T17:30:04.183+0000] {logging_mixin.py:188} INFO - [2023-12-20T17:30:04.183+0000] {dag.py:3820} INFO - Setting next_dagrun for latest_only_with_trigger to 2023-12-20T12:00:00+00:00, run_after=2023-12-20T16:00:00+00:00
[2023-12-20T17:30:04.373+0000] {processor.py:183} INFO - Processing /home/airflow/.local/lib/python3.8/site-packages/airflow/example_dags/example_latest_only_with_trigger.py took 0.477 seconds
[2023-12-20T17:30:34.945+0000] {processor.py:161} INFO - Started process (PID=555) to work on /home/airflow/.local/lib/python3.8/site-packages/airflow/example_dags/example_latest_only_with_trigger.py
[2023-12-20T17:30:34.948+0000] {processor.py:830} INFO - Processing file /home/airflow/.local/lib/python3.8/site-packages/airflow/example_dags/example_latest_only_with_trigger.py for tasks to queue
[2023-12-20T17:30:34.952+0000] {logging_mixin.py:188} INFO - [2023-12-20T17:30:34.952+0000] {dagbag.py:538} INFO - Filling up the DagBag from /home/airflow/.local/lib/python3.8/site-packages/airflow/example_dags/example_latest_only_with_trigger.py
[2023-12-20T17:30:34.966+0000] {processor.py:840} INFO - DAG(s) 'latest_only_with_trigger' retrieved from /home/airflow/.local/lib/python3.8/site-packages/airflow/example_dags/example_latest_only_with_trigger.py
[2023-12-20T17:30:35.008+0000] {logging_mixin.py:188} INFO - [2023-12-20T17:30:35.008+0000] {dag.py:3033} INFO - Sync 1 DAGs
[2023-12-20T17:30:35.048+0000] {logging_mixin.py:188} INFO - [2023-12-20T17:30:35.048+0000] {dag.py:3820} INFO - Setting next_dagrun for latest_only_with_trigger to 2023-12-20T12:00:00+00:00, run_after=2023-12-20T16:00:00+00:00
[2023-12-20T17:30:35.101+0000] {processor.py:183} INFO - Processing /home/airflow/.local/lib/python3.8/site-packages/airflow/example_dags/example_latest_only_with_trigger.py took 0.163 seconds
[2023-12-20T17:31:05.489+0000] {processor.py:161} INFO - Started process (PID=610) to work on /home/airflow/.local/lib/python3.8/site-packages/airflow/example_dags/example_latest_only_with_trigger.py
[2023-12-20T17:31:05.490+0000] {processor.py:830} INFO - Processing file /home/airflow/.local/lib/python3.8/site-packages/airflow/example_dags/example_latest_only_with_trigger.py for tasks to queue
[2023-12-20T17:31:05.496+0000] {logging_mixin.py:188} INFO - [2023-12-20T17:31:05.495+0000] {dagbag.py:538} INFO - Filling up the DagBag from /home/airflow/.local/lib/python3.8/site-packages/airflow/example_dags/example_latest_only_with_trigger.py
[2023-12-20T17:31:05.511+0000] {processor.py:840} INFO - DAG(s) 'latest_only_with_trigger' retrieved from /home/airflow/.local/lib/python3.8/site-packages/airflow/example_dags/example_latest_only_with_trigger.py
[2023-12-20T17:31:05.552+0000] {logging_mixin.py:188} INFO - [2023-12-20T17:31:05.552+0000] {dag.py:3033} INFO - Sync 1 DAGs
[2023-12-20T17:31:05.604+0000] {logging_mixin.py:188} INFO - [2023-12-20T17:31:05.604+0000] {dag.py:3820} INFO - Setting next_dagrun for latest_only_with_trigger to 2023-12-20T12:00:00+00:00, run_after=2023-12-20T16:00:00+00:00
[2023-12-20T17:31:05.666+0000] {processor.py:183} INFO - Processing /home/airflow/.local/lib/python3.8/site-packages/airflow/example_dags/example_latest_only_with_trigger.py took 0.184 seconds
[2023-12-20T17:31:35.814+0000] {processor.py:161} INFO - Started process (PID=664) to work on /home/airflow/.local/lib/python3.8/site-packages/airflow/example_dags/example_latest_only_with_trigger.py
[2023-12-20T17:31:35.819+0000] {processor.py:830} INFO - Processing file /home/airflow/.local/lib/python3.8/site-packages/airflow/example_dags/example_latest_only_with_trigger.py for tasks to queue
[2023-12-20T17:31:35.823+0000] {logging_mixin.py:188} INFO - [2023-12-20T17:31:35.822+0000] {dagbag.py:538} INFO - Filling up the DagBag from /home/airflow/.local/lib/python3.8/site-packages/airflow/example_dags/example_latest_only_with_trigger.py
[2023-12-20T17:31:35.833+0000] {processor.py:840} INFO - DAG(s) 'latest_only_with_trigger' retrieved from /home/airflow/.local/lib/python3.8/site-packages/airflow/example_dags/example_latest_only_with_trigger.py
[2023-12-20T17:31:35.905+0000] {logging_mixin.py:188} INFO - [2023-12-20T17:31:35.905+0000] {dag.py:3033} INFO - Sync 1 DAGs
[2023-12-20T17:31:35.977+0000] {logging_mixin.py:188} INFO - [2023-12-20T17:31:35.976+0000] {dag.py:3820} INFO - Setting next_dagrun for latest_only_with_trigger to 2023-12-20T12:00:00+00:00, run_after=2023-12-20T16:00:00+00:00
[2023-12-20T17:31:36.032+0000] {processor.py:183} INFO - Processing /home/airflow/.local/lib/python3.8/site-packages/airflow/example_dags/example_latest_only_with_trigger.py took 0.225 seconds
[2023-12-20T17:32:06.663+0000] {processor.py:161} INFO - Started process (PID=719) to work on /home/airflow/.local/lib/python3.8/site-packages/airflow/example_dags/example_latest_only_with_trigger.py
[2023-12-20T17:32:06.665+0000] {processor.py:830} INFO - Processing file /home/airflow/.local/lib/python3.8/site-packages/airflow/example_dags/example_latest_only_with_trigger.py for tasks to queue
[2023-12-20T17:32:06.670+0000] {logging_mixin.py:188} INFO - [2023-12-20T17:32:06.670+0000] {dagbag.py:538} INFO - Filling up the DagBag from /home/airflow/.local/lib/python3.8/site-packages/airflow/example_dags/example_latest_only_with_trigger.py
[2023-12-20T17:32:06.696+0000] {processor.py:840} INFO - DAG(s) 'latest_only_with_trigger' retrieved from /home/airflow/.local/lib/python3.8/site-packages/airflow/example_dags/example_latest_only_with_trigger.py
[2023-12-20T17:32:06.763+0000] {logging_mixin.py:188} INFO - [2023-12-20T17:32:06.761+0000] {dag.py:3033} INFO - Sync 1 DAGs
[2023-12-20T17:32:06.826+0000] {logging_mixin.py:188} INFO - [2023-12-20T17:32:06.825+0000] {dag.py:3820} INFO - Setting next_dagrun for latest_only_with_trigger to 2023-12-20T12:00:00+00:00, run_after=2023-12-20T16:00:00+00:00
[2023-12-20T17:32:06.907+0000] {processor.py:183} INFO - Processing /home/airflow/.local/lib/python3.8/site-packages/airflow/example_dags/example_latest_only_with_trigger.py took 0.256 seconds
[2023-12-20T17:32:37.188+0000] {processor.py:161} INFO - Started process (PID=774) to work on /home/airflow/.local/lib/python3.8/site-packages/airflow/example_dags/example_latest_only_with_trigger.py
[2023-12-20T17:32:37.189+0000] {processor.py:830} INFO - Processing file /home/airflow/.local/lib/python3.8/site-packages/airflow/example_dags/example_latest_only_with_trigger.py for tasks to queue
[2023-12-20T17:32:37.193+0000] {logging_mixin.py:188} INFO - [2023-12-20T17:32:37.192+0000] {dagbag.py:538} INFO - Filling up the DagBag from /home/airflow/.local/lib/python3.8/site-packages/airflow/example_dags/example_latest_only_with_trigger.py
[2023-12-20T17:32:37.206+0000] {processor.py:840} INFO - DAG(s) 'latest_only_with_trigger' retrieved from /home/airflow/.local/lib/python3.8/site-packages/airflow/example_dags/example_latest_only_with_trigger.py
[2023-12-20T17:32:37.250+0000] {logging_mixin.py:188} INFO - [2023-12-20T17:32:37.250+0000] {dag.py:3033} INFO - Sync 1 DAGs
[2023-12-20T17:32:37.309+0000] {logging_mixin.py:188} INFO - [2023-12-20T17:32:37.308+0000] {dag.py:3820} INFO - Setting next_dagrun for latest_only_with_trigger to 2023-12-20T12:00:00+00:00, run_after=2023-12-20T16:00:00+00:00
[2023-12-20T17:32:37.361+0000] {processor.py:183} INFO - Processing /home/airflow/.local/lib/python3.8/site-packages/airflow/example_dags/example_latest_only_with_trigger.py took 0.181 seconds
[2023-12-20T17:33:07.811+0000] {processor.py:161} INFO - Started process (PID=830) to work on /home/airflow/.local/lib/python3.8/site-packages/airflow/example_dags/example_latest_only_with_trigger.py
[2023-12-20T17:33:07.812+0000] {processor.py:830} INFO - Processing file /home/airflow/.local/lib/python3.8/site-packages/airflow/example_dags/example_latest_only_with_trigger.py for tasks to queue
[2023-12-20T17:33:07.826+0000] {logging_mixin.py:188} INFO - [2023-12-20T17:33:07.826+0000] {dagbag.py:538} INFO - Filling up the DagBag from /home/airflow/.local/lib/python3.8/site-packages/airflow/example_dags/example_latest_only_with_trigger.py
[2023-12-20T17:33:07.853+0000] {processor.py:840} INFO - DAG(s) 'latest_only_with_trigger' retrieved from /home/airflow/.local/lib/python3.8/site-packages/airflow/example_dags/example_latest_only_with_trigger.py
[2023-12-20T17:33:07.983+0000] {logging_mixin.py:188} INFO - [2023-12-20T17:33:07.982+0000] {dag.py:3033} INFO - Sync 1 DAGs
[2023-12-20T17:33:08.041+0000] {logging_mixin.py:188} INFO - [2023-12-20T17:33:08.040+0000] {dag.py:3820} INFO - Setting next_dagrun for latest_only_with_trigger to 2023-12-20T12:00:00+00:00, run_after=2023-12-20T16:00:00+00:00
[2023-12-20T17:33:08.124+0000] {processor.py:183} INFO - Processing /home/airflow/.local/lib/python3.8/site-packages/airflow/example_dags/example_latest_only_with_trigger.py took 0.333 seconds
[2023-12-20T17:33:38.335+0000] {processor.py:161} INFO - Started process (PID=885) to work on /home/airflow/.local/lib/python3.8/site-packages/airflow/example_dags/example_latest_only_with_trigger.py
[2023-12-20T17:33:38.336+0000] {processor.py:830} INFO - Processing file /home/airflow/.local/lib/python3.8/site-packages/airflow/example_dags/example_latest_only_with_trigger.py for tasks to queue
[2023-12-20T17:33:38.341+0000] {logging_mixin.py:188} INFO - [2023-12-20T17:33:38.340+0000] {dagbag.py:538} INFO - Filling up the DagBag from /home/airflow/.local/lib/python3.8/site-packages/airflow/example_dags/example_latest_only_with_trigger.py
[2023-12-20T17:33:38.354+0000] {processor.py:840} INFO - DAG(s) 'latest_only_with_trigger' retrieved from /home/airflow/.local/lib/python3.8/site-packages/airflow/example_dags/example_latest_only_with_trigger.py
[2023-12-20T17:33:38.412+0000] {logging_mixin.py:188} INFO - [2023-12-20T17:33:38.412+0000] {dag.py:3033} INFO - Sync 1 DAGs
[2023-12-20T17:33:38.481+0000] {logging_mixin.py:188} INFO - [2023-12-20T17:33:38.480+0000] {dag.py:3820} INFO - Setting next_dagrun for latest_only_with_trigger to 2023-12-20T12:00:00+00:00, run_after=2023-12-20T16:00:00+00:00
[2023-12-20T17:33:38.579+0000] {processor.py:183} INFO - Processing /home/airflow/.local/lib/python3.8/site-packages/airflow/example_dags/example_latest_only_with_trigger.py took 0.255 seconds
[2023-12-20T17:34:09.014+0000] {processor.py:161} INFO - Started process (PID=940) to work on /home/airflow/.local/lib/python3.8/site-packages/airflow/example_dags/example_latest_only_with_trigger.py
[2023-12-20T17:34:09.015+0000] {processor.py:830} INFO - Processing file /home/airflow/.local/lib/python3.8/site-packages/airflow/example_dags/example_latest_only_with_trigger.py for tasks to queue
[2023-12-20T17:34:09.018+0000] {logging_mixin.py:188} INFO - [2023-12-20T17:34:09.018+0000] {dagbag.py:538} INFO - Filling up the DagBag from /home/airflow/.local/lib/python3.8/site-packages/airflow/example_dags/example_latest_only_with_trigger.py
[2023-12-20T17:34:09.027+0000] {processor.py:840} INFO - DAG(s) 'latest_only_with_trigger' retrieved from /home/airflow/.local/lib/python3.8/site-packages/airflow/example_dags/example_latest_only_with_trigger.py
[2023-12-20T17:34:09.066+0000] {logging_mixin.py:188} INFO - [2023-12-20T17:34:09.066+0000] {dag.py:3033} INFO - Sync 1 DAGs
[2023-12-20T17:34:09.106+0000] {logging_mixin.py:188} INFO - [2023-12-20T17:34:09.106+0000] {dag.py:3820} INFO - Setting next_dagrun for latest_only_with_trigger to 2023-12-20T12:00:00+00:00, run_after=2023-12-20T16:00:00+00:00
[2023-12-20T17:34:09.135+0000] {processor.py:183} INFO - Processing /home/airflow/.local/lib/python3.8/site-packages/airflow/example_dags/example_latest_only_with_trigger.py took 0.126 seconds
[2023-12-20T17:34:39.505+0000] {processor.py:161} INFO - Started process (PID=995) to work on /home/airflow/.local/lib/python3.8/site-packages/airflow/example_dags/example_latest_only_with_trigger.py
[2023-12-20T17:34:39.506+0000] {processor.py:830} INFO - Processing file /home/airflow/.local/lib/python3.8/site-packages/airflow/example_dags/example_latest_only_with_trigger.py for tasks to queue
[2023-12-20T17:34:39.509+0000] {logging_mixin.py:188} INFO - [2023-12-20T17:34:39.509+0000] {dagbag.py:538} INFO - Filling up the DagBag from /home/airflow/.local/lib/python3.8/site-packages/airflow/example_dags/example_latest_only_with_trigger.py
[2023-12-20T17:34:39.518+0000] {processor.py:840} INFO - DAG(s) 'latest_only_with_trigger' retrieved from /home/airflow/.local/lib/python3.8/site-packages/airflow/example_dags/example_latest_only_with_trigger.py
[2023-12-20T17:34:39.564+0000] {logging_mixin.py:188} INFO - [2023-12-20T17:34:39.563+0000] {dag.py:3033} INFO - Sync 1 DAGs
[2023-12-20T17:34:39.615+0000] {logging_mixin.py:188} INFO - [2023-12-20T17:34:39.614+0000] {dag.py:3820} INFO - Setting next_dagrun for latest_only_with_trigger to 2023-12-20T12:00:00+00:00, run_after=2023-12-20T16:00:00+00:00
[2023-12-20T17:34:39.652+0000] {processor.py:183} INFO - Processing /home/airflow/.local/lib/python3.8/site-packages/airflow/example_dags/example_latest_only_with_trigger.py took 0.152 seconds
[2023-12-20T17:35:10.081+0000] {processor.py:161} INFO - Started process (PID=1049) to work on /home/airflow/.local/lib/python3.8/site-packages/airflow/example_dags/example_latest_only_with_trigger.py
[2023-12-20T17:35:10.083+0000] {processor.py:830} INFO - Processing file /home/airflow/.local/lib/python3.8/site-packages/airflow/example_dags/example_latest_only_with_trigger.py for tasks to queue
[2023-12-20T17:35:10.086+0000] {logging_mixin.py:188} INFO - [2023-12-20T17:35:10.085+0000] {dagbag.py:538} INFO - Filling up the DagBag from /home/airflow/.local/lib/python3.8/site-packages/airflow/example_dags/example_latest_only_with_trigger.py
[2023-12-20T17:35:10.096+0000] {processor.py:840} INFO - DAG(s) 'latest_only_with_trigger' retrieved from /home/airflow/.local/lib/python3.8/site-packages/airflow/example_dags/example_latest_only_with_trigger.py
[2023-12-20T17:35:10.130+0000] {logging_mixin.py:188} INFO - [2023-12-20T17:35:10.130+0000] {dag.py:3033} INFO - Sync 1 DAGs
[2023-12-20T17:35:10.172+0000] {logging_mixin.py:188} INFO - [2023-12-20T17:35:10.171+0000] {dag.py:3820} INFO - Setting next_dagrun for latest_only_with_trigger to 2023-12-20T12:00:00+00:00, run_after=2023-12-20T16:00:00+00:00
[2023-12-20T17:35:10.209+0000] {processor.py:183} INFO - Processing /home/airflow/.local/lib/python3.8/site-packages/airflow/example_dags/example_latest_only_with_trigger.py took 0.136 seconds
[2023-12-20T17:35:40.479+0000] {processor.py:161} INFO - Started process (PID=1104) to work on /home/airflow/.local/lib/python3.8/site-packages/airflow/example_dags/example_latest_only_with_trigger.py
[2023-12-20T17:35:40.480+0000] {processor.py:830} INFO - Processing file /home/airflow/.local/lib/python3.8/site-packages/airflow/example_dags/example_latest_only_with_trigger.py for tasks to queue
[2023-12-20T17:35:40.488+0000] {logging_mixin.py:188} INFO - [2023-12-20T17:35:40.488+0000] {dagbag.py:538} INFO - Filling up the DagBag from /home/airflow/.local/lib/python3.8/site-packages/airflow/example_dags/example_latest_only_with_trigger.py
[2023-12-20T17:35:40.497+0000] {processor.py:840} INFO - DAG(s) 'latest_only_with_trigger' retrieved from /home/airflow/.local/lib/python3.8/site-packages/airflow/example_dags/example_latest_only_with_trigger.py
[2023-12-20T17:35:40.530+0000] {logging_mixin.py:188} INFO - [2023-12-20T17:35:40.529+0000] {dag.py:3033} INFO - Sync 1 DAGs
[2023-12-20T17:35:40.566+0000] {logging_mixin.py:188} INFO - [2023-12-20T17:35:40.566+0000] {dag.py:3820} INFO - Setting next_dagrun for latest_only_with_trigger to 2023-12-20T12:00:00+00:00, run_after=2023-12-20T16:00:00+00:00
[2023-12-20T17:35:40.600+0000] {processor.py:183} INFO - Processing /home/airflow/.local/lib/python3.8/site-packages/airflow/example_dags/example_latest_only_with_trigger.py took 0.125 seconds
[2023-12-20T17:36:10.787+0000] {processor.py:161} INFO - Started process (PID=1159) to work on /home/airflow/.local/lib/python3.8/site-packages/airflow/example_dags/example_latest_only_with_trigger.py
[2023-12-20T17:36:10.788+0000] {processor.py:830} INFO - Processing file /home/airflow/.local/lib/python3.8/site-packages/airflow/example_dags/example_latest_only_with_trigger.py for tasks to queue
[2023-12-20T17:36:10.791+0000] {logging_mixin.py:188} INFO - [2023-12-20T17:36:10.790+0000] {dagbag.py:538} INFO - Filling up the DagBag from /home/airflow/.local/lib/python3.8/site-packages/airflow/example_dags/example_latest_only_with_trigger.py
[2023-12-20T17:36:10.799+0000] {processor.py:840} INFO - DAG(s) 'latest_only_with_trigger' retrieved from /home/airflow/.local/lib/python3.8/site-packages/airflow/example_dags/example_latest_only_with_trigger.py
[2023-12-20T17:36:10.852+0000] {logging_mixin.py:188} INFO - [2023-12-20T17:36:10.852+0000] {dag.py:3033} INFO - Sync 1 DAGs
[2023-12-20T17:36:10.914+0000] {logging_mixin.py:188} INFO - [2023-12-20T17:36:10.914+0000] {dag.py:3820} INFO - Setting next_dagrun for latest_only_with_trigger to 2023-12-20T12:00:00+00:00, run_after=2023-12-20T16:00:00+00:00
[2023-12-20T17:36:10.959+0000] {processor.py:183} INFO - Processing /home/airflow/.local/lib/python3.8/site-packages/airflow/example_dags/example_latest_only_with_trigger.py took 0.178 seconds
[2023-12-20T17:36:41.199+0000] {processor.py:161} INFO - Started process (PID=1214) to work on /home/airflow/.local/lib/python3.8/site-packages/airflow/example_dags/example_latest_only_with_trigger.py
[2023-12-20T17:36:41.200+0000] {processor.py:830} INFO - Processing file /home/airflow/.local/lib/python3.8/site-packages/airflow/example_dags/example_latest_only_with_trigger.py for tasks to queue
[2023-12-20T17:36:41.204+0000] {logging_mixin.py:188} INFO - [2023-12-20T17:36:41.203+0000] {dagbag.py:538} INFO - Filling up the DagBag from /home/airflow/.local/lib/python3.8/site-packages/airflow/example_dags/example_latest_only_with_trigger.py
[2023-12-20T17:36:41.215+0000] {processor.py:840} INFO - DAG(s) 'latest_only_with_trigger' retrieved from /home/airflow/.local/lib/python3.8/site-packages/airflow/example_dags/example_latest_only_with_trigger.py
[2023-12-20T17:36:41.262+0000] {logging_mixin.py:188} INFO - [2023-12-20T17:36:41.262+0000] {dag.py:3033} INFO - Sync 1 DAGs
[2023-12-20T17:36:41.298+0000] {logging_mixin.py:188} INFO - [2023-12-20T17:36:41.297+0000] {dag.py:3820} INFO - Setting next_dagrun for latest_only_with_trigger to 2023-12-20T12:00:00+00:00, run_after=2023-12-20T16:00:00+00:00
[2023-12-20T17:36:41.330+0000] {processor.py:183} INFO - Processing /home/airflow/.local/lib/python3.8/site-packages/airflow/example_dags/example_latest_only_with_trigger.py took 0.138 seconds
[2023-12-20T17:37:11.533+0000] {processor.py:161} INFO - Started process (PID=1268) to work on /home/airflow/.local/lib/python3.8/site-packages/airflow/example_dags/example_latest_only_with_trigger.py
[2023-12-20T17:37:11.534+0000] {processor.py:830} INFO - Processing file /home/airflow/.local/lib/python3.8/site-packages/airflow/example_dags/example_latest_only_with_trigger.py for tasks to queue
[2023-12-20T17:37:11.537+0000] {logging_mixin.py:188} INFO - [2023-12-20T17:37:11.536+0000] {dagbag.py:538} INFO - Filling up the DagBag from /home/airflow/.local/lib/python3.8/site-packages/airflow/example_dags/example_latest_only_with_trigger.py
[2023-12-20T17:37:11.546+0000] {processor.py:840} INFO - DAG(s) 'latest_only_with_trigger' retrieved from /home/airflow/.local/lib/python3.8/site-packages/airflow/example_dags/example_latest_only_with_trigger.py
[2023-12-20T17:37:11.611+0000] {logging_mixin.py:188} INFO - [2023-12-20T17:37:11.610+0000] {dag.py:3033} INFO - Sync 1 DAGs
[2023-12-20T17:37:11.660+0000] {logging_mixin.py:188} INFO - [2023-12-20T17:37:11.659+0000] {dag.py:3820} INFO - Setting next_dagrun for latest_only_with_trigger to 2023-12-20T12:00:00+00:00, run_after=2023-12-20T16:00:00+00:00
[2023-12-20T17:37:11.696+0000] {processor.py:183} INFO - Processing /home/airflow/.local/lib/python3.8/site-packages/airflow/example_dags/example_latest_only_with_trigger.py took 0.169 seconds
