[2023-12-20T17:20:58.762+0000] {processor.py:161} INFO - Started process (PID=314) to work on /home/airflow/.local/lib/python3.8/site-packages/airflow/example_dags/example_short_circuit_decorator.py
[2023-12-20T17:20:58.764+0000] {processor.py:830} INFO - Processing file /home/airflow/.local/lib/python3.8/site-packages/airflow/example_dags/example_short_circuit_decorator.py for tasks to queue
[2023-12-20T17:20:58.765+0000] {logging_mixin.py:188} INFO - [2023-12-20T17:20:58.764+0000] {dagbag.py:538} INFO - Filling up the DagBag from /home/airflow/.local/lib/python3.8/site-packages/airflow/example_dags/example_short_circuit_decorator.py
[2023-12-20T17:20:58.786+0000] {processor.py:840} INFO - DAG(s) 'example_short_circuit_decorator' retrieved from /home/airflow/.local/lib/python3.8/site-packages/airflow/example_dags/example_short_circuit_decorator.py
[2023-12-20T17:20:59.000+0000] {logging_mixin.py:188} INFO - [2023-12-20T17:20:59.000+0000] {dag.py:3033} INFO - Sync 1 DAGs
[2023-12-20T17:20:59.037+0000] {logging_mixin.py:188} INFO - [2023-12-20T17:20:59.036+0000] {dag.py:3820} INFO - Setting next_dagrun for example_short_circuit_decorator to 2023-12-19T00:00:00+00:00, run_after=2023-12-20T00:00:00+00:00
[2023-12-20T17:20:59.088+0000] {processor.py:183} INFO - Processing /home/airflow/.local/lib/python3.8/site-packages/airflow/example_dags/example_short_circuit_decorator.py took 0.331 seconds
[2023-12-20T17:21:29.163+0000] {processor.py:161} INFO - Started process (PID=558) to work on /home/airflow/.local/lib/python3.8/site-packages/airflow/example_dags/example_short_circuit_decorator.py
[2023-12-20T17:21:29.164+0000] {processor.py:830} INFO - Processing file /home/airflow/.local/lib/python3.8/site-packages/airflow/example_dags/example_short_circuit_decorator.py for tasks to queue
[2023-12-20T17:21:29.166+0000] {logging_mixin.py:188} INFO - [2023-12-20T17:21:29.165+0000] {dagbag.py:538} INFO - Filling up the DagBag from /home/airflow/.local/lib/python3.8/site-packages/airflow/example_dags/example_short_circuit_decorator.py
[2023-12-20T17:21:29.181+0000] {processor.py:840} INFO - DAG(s) 'example_short_circuit_decorator' retrieved from /home/airflow/.local/lib/python3.8/site-packages/airflow/example_dags/example_short_circuit_decorator.py
[2023-12-20T17:21:29.226+0000] {logging_mixin.py:188} INFO - [2023-12-20T17:21:29.226+0000] {dag.py:3033} INFO - Sync 1 DAGs
[2023-12-20T17:21:29.266+0000] {logging_mixin.py:188} INFO - [2023-12-20T17:21:29.265+0000] {dag.py:3820} INFO - Setting next_dagrun for example_short_circuit_decorator to 2023-12-19T00:00:00+00:00, run_after=2023-12-20T00:00:00+00:00
[2023-12-20T17:21:29.306+0000] {processor.py:183} INFO - Processing /home/airflow/.local/lib/python3.8/site-packages/airflow/example_dags/example_short_circuit_decorator.py took 0.148 seconds
[2023-12-20T17:21:59.448+0000] {processor.py:161} INFO - Started process (PID=804) to work on /home/airflow/.local/lib/python3.8/site-packages/airflow/example_dags/example_short_circuit_decorator.py
[2023-12-20T17:21:59.450+0000] {processor.py:830} INFO - Processing file /home/airflow/.local/lib/python3.8/site-packages/airflow/example_dags/example_short_circuit_decorator.py for tasks to queue
[2023-12-20T17:21:59.451+0000] {logging_mixin.py:188} INFO - [2023-12-20T17:21:59.451+0000] {dagbag.py:538} INFO - Filling up the DagBag from /home/airflow/.local/lib/python3.8/site-packages/airflow/example_dags/example_short_circuit_decorator.py
[2023-12-20T17:21:59.497+0000] {processor.py:840} INFO - DAG(s) 'example_short_circuit_decorator' retrieved from /home/airflow/.local/lib/python3.8/site-packages/airflow/example_dags/example_short_circuit_decorator.py
[2023-12-20T17:21:59.579+0000] {logging_mixin.py:188} INFO - [2023-12-20T17:21:59.579+0000] {dag.py:3033} INFO - Sync 1 DAGs
[2023-12-20T17:21:59.630+0000] {logging_mixin.py:188} INFO - [2023-12-20T17:21:59.629+0000] {dag.py:3820} INFO - Setting next_dagrun for example_short_circuit_decorator to 2023-12-19T00:00:00+00:00, run_after=2023-12-20T00:00:00+00:00
[2023-12-20T17:21:59.672+0000] {processor.py:183} INFO - Processing /home/airflow/.local/lib/python3.8/site-packages/airflow/example_dags/example_short_circuit_decorator.py took 0.229 seconds
[2023-12-20T17:22:30.223+0000] {processor.py:161} INFO - Started process (PID=1054) to work on /home/airflow/.local/lib/python3.8/site-packages/airflow/example_dags/example_short_circuit_decorator.py
[2023-12-20T17:22:30.225+0000] {processor.py:830} INFO - Processing file /home/airflow/.local/lib/python3.8/site-packages/airflow/example_dags/example_short_circuit_decorator.py for tasks to queue
[2023-12-20T17:22:30.226+0000] {logging_mixin.py:188} INFO - [2023-12-20T17:22:30.226+0000] {dagbag.py:538} INFO - Filling up the DagBag from /home/airflow/.local/lib/python3.8/site-packages/airflow/example_dags/example_short_circuit_decorator.py
[2023-12-20T17:22:30.246+0000] {processor.py:840} INFO - DAG(s) 'example_short_circuit_decorator' retrieved from /home/airflow/.local/lib/python3.8/site-packages/airflow/example_dags/example_short_circuit_decorator.py
[2023-12-20T17:22:30.331+0000] {logging_mixin.py:188} INFO - [2023-12-20T17:22:30.330+0000] {dag.py:3033} INFO - Sync 1 DAGs
[2023-12-20T17:22:30.364+0000] {logging_mixin.py:188} INFO - [2023-12-20T17:22:30.364+0000] {dag.py:3820} INFO - Setting next_dagrun for example_short_circuit_decorator to 2023-12-19T00:00:00+00:00, run_after=2023-12-20T00:00:00+00:00
[2023-12-20T17:22:30.404+0000] {processor.py:183} INFO - Processing /home/airflow/.local/lib/python3.8/site-packages/airflow/example_dags/example_short_circuit_decorator.py took 0.186 seconds
[2023-12-20T17:23:00.927+0000] {processor.py:161} INFO - Started process (PID=1301) to work on /home/airflow/.local/lib/python3.8/site-packages/airflow/example_dags/example_short_circuit_decorator.py
[2023-12-20T17:23:00.928+0000] {processor.py:830} INFO - Processing file /home/airflow/.local/lib/python3.8/site-packages/airflow/example_dags/example_short_circuit_decorator.py for tasks to queue
[2023-12-20T17:23:00.930+0000] {logging_mixin.py:188} INFO - [2023-12-20T17:23:00.929+0000] {dagbag.py:538} INFO - Filling up the DagBag from /home/airflow/.local/lib/python3.8/site-packages/airflow/example_dags/example_short_circuit_decorator.py
[2023-12-20T17:23:00.949+0000] {processor.py:840} INFO - DAG(s) 'example_short_circuit_decorator' retrieved from /home/airflow/.local/lib/python3.8/site-packages/airflow/example_dags/example_short_circuit_decorator.py
[2023-12-20T17:23:00.994+0000] {logging_mixin.py:188} INFO - [2023-12-20T17:23:00.993+0000] {dag.py:3033} INFO - Sync 1 DAGs
[2023-12-20T17:23:01.065+0000] {logging_mixin.py:188} INFO - [2023-12-20T17:23:01.062+0000] {dag.py:3820} INFO - Setting next_dagrun for example_short_circuit_decorator to 2023-12-19T00:00:00+00:00, run_after=2023-12-20T00:00:00+00:00
[2023-12-20T17:23:01.141+0000] {processor.py:183} INFO - Processing /home/airflow/.local/lib/python3.8/site-packages/airflow/example_dags/example_short_circuit_decorator.py took 0.220 seconds
[2023-12-20T17:23:31.963+0000] {processor.py:161} INFO - Started process (PID=1550) to work on /home/airflow/.local/lib/python3.8/site-packages/airflow/example_dags/example_short_circuit_decorator.py
[2023-12-20T17:23:31.964+0000] {processor.py:830} INFO - Processing file /home/airflow/.local/lib/python3.8/site-packages/airflow/example_dags/example_short_circuit_decorator.py for tasks to queue
[2023-12-20T17:23:31.965+0000] {logging_mixin.py:188} INFO - [2023-12-20T17:23:31.964+0000] {dagbag.py:538} INFO - Filling up the DagBag from /home/airflow/.local/lib/python3.8/site-packages/airflow/example_dags/example_short_circuit_decorator.py
[2023-12-20T17:23:31.979+0000] {processor.py:840} INFO - DAG(s) 'example_short_circuit_decorator' retrieved from /home/airflow/.local/lib/python3.8/site-packages/airflow/example_dags/example_short_circuit_decorator.py
[2023-12-20T17:23:32.011+0000] {logging_mixin.py:188} INFO - [2023-12-20T17:23:32.011+0000] {dag.py:3033} INFO - Sync 1 DAGs
[2023-12-20T17:23:32.040+0000] {logging_mixin.py:188} INFO - [2023-12-20T17:23:32.039+0000] {dag.py:3820} INFO - Setting next_dagrun for example_short_circuit_decorator to 2023-12-19T00:00:00+00:00, run_after=2023-12-20T00:00:00+00:00
[2023-12-20T17:23:32.078+0000] {processor.py:183} INFO - Processing /home/airflow/.local/lib/python3.8/site-packages/airflow/example_dags/example_short_circuit_decorator.py took 0.119 seconds
[2023-12-20T17:24:02.554+0000] {processor.py:161} INFO - Started process (PID=1797) to work on /home/airflow/.local/lib/python3.8/site-packages/airflow/example_dags/example_short_circuit_decorator.py
[2023-12-20T17:24:02.556+0000] {processor.py:830} INFO - Processing file /home/airflow/.local/lib/python3.8/site-packages/airflow/example_dags/example_short_circuit_decorator.py for tasks to queue
[2023-12-20T17:24:02.558+0000] {logging_mixin.py:188} INFO - [2023-12-20T17:24:02.557+0000] {dagbag.py:538} INFO - Filling up the DagBag from /home/airflow/.local/lib/python3.8/site-packages/airflow/example_dags/example_short_circuit_decorator.py
[2023-12-20T17:24:02.577+0000] {processor.py:840} INFO - DAG(s) 'example_short_circuit_decorator' retrieved from /home/airflow/.local/lib/python3.8/site-packages/airflow/example_dags/example_short_circuit_decorator.py
[2023-12-20T17:24:02.614+0000] {logging_mixin.py:188} INFO - [2023-12-20T17:24:02.614+0000] {dag.py:3033} INFO - Sync 1 DAGs
[2023-12-20T17:24:02.649+0000] {logging_mixin.py:188} INFO - [2023-12-20T17:24:02.649+0000] {dag.py:3820} INFO - Setting next_dagrun for example_short_circuit_decorator to 2023-12-19T00:00:00+00:00, run_after=2023-12-20T00:00:00+00:00
[2023-12-20T17:24:02.690+0000] {processor.py:183} INFO - Processing /home/airflow/.local/lib/python3.8/site-packages/airflow/example_dags/example_short_circuit_decorator.py took 0.142 seconds
[2023-12-20T17:24:32.989+0000] {processor.py:161} INFO - Started process (PID=2042) to work on /home/airflow/.local/lib/python3.8/site-packages/airflow/example_dags/example_short_circuit_decorator.py
[2023-12-20T17:24:32.993+0000] {processor.py:830} INFO - Processing file /home/airflow/.local/lib/python3.8/site-packages/airflow/example_dags/example_short_circuit_decorator.py for tasks to queue
[2023-12-20T17:24:32.995+0000] {logging_mixin.py:188} INFO - [2023-12-20T17:24:32.994+0000] {dagbag.py:538} INFO - Filling up the DagBag from /home/airflow/.local/lib/python3.8/site-packages/airflow/example_dags/example_short_circuit_decorator.py
[2023-12-20T17:24:33.017+0000] {processor.py:840} INFO - DAG(s) 'example_short_circuit_decorator' retrieved from /home/airflow/.local/lib/python3.8/site-packages/airflow/example_dags/example_short_circuit_decorator.py
[2023-12-20T17:24:33.069+0000] {logging_mixin.py:188} INFO - [2023-12-20T17:24:33.068+0000] {dag.py:3033} INFO - Sync 1 DAGs
[2023-12-20T17:24:33.104+0000] {logging_mixin.py:188} INFO - [2023-12-20T17:24:33.104+0000] {dag.py:3820} INFO - Setting next_dagrun for example_short_circuit_decorator to 2023-12-19T00:00:00+00:00, run_after=2023-12-20T00:00:00+00:00
[2023-12-20T17:24:33.137+0000] {processor.py:183} INFO - Processing /home/airflow/.local/lib/python3.8/site-packages/airflow/example_dags/example_short_circuit_decorator.py took 0.153 seconds
[2023-12-20T17:25:58.955+0000] {processor.py:161} INFO - Started process (PID=66) to work on /home/airflow/.local/lib/python3.8/site-packages/airflow/example_dags/example_short_circuit_decorator.py
[2023-12-20T17:25:58.959+0000] {processor.py:830} INFO - Processing file /home/airflow/.local/lib/python3.8/site-packages/airflow/example_dags/example_short_circuit_decorator.py for tasks to queue
[2023-12-20T17:25:58.964+0000] {logging_mixin.py:188} INFO - [2023-12-20T17:25:58.963+0000] {dagbag.py:538} INFO - Filling up the DagBag from /home/airflow/.local/lib/python3.8/site-packages/airflow/example_dags/example_short_circuit_decorator.py
[2023-12-20T17:25:58.997+0000] {processor.py:840} INFO - DAG(s) 'example_short_circuit_decorator' retrieved from /home/airflow/.local/lib/python3.8/site-packages/airflow/example_dags/example_short_circuit_decorator.py
[2023-12-20T17:25:59.252+0000] {logging_mixin.py:188} INFO - [2023-12-20T17:25:59.252+0000] {dag.py:3033} INFO - Sync 1 DAGs
[2023-12-20T17:25:59.292+0000] {logging_mixin.py:188} INFO - [2023-12-20T17:25:59.291+0000] {dag.py:3820} INFO - Setting next_dagrun for example_short_circuit_decorator to 2023-12-19T00:00:00+00:00, run_after=2023-12-20T00:00:00+00:00
[2023-12-20T17:25:59.336+0000] {processor.py:183} INFO - Processing /home/airflow/.local/lib/python3.8/site-packages/airflow/example_dags/example_short_circuit_decorator.py took 0.386 seconds
[2023-12-20T17:26:29.745+0000] {processor.py:161} INFO - Started process (PID=120) to work on /home/airflow/.local/lib/python3.8/site-packages/airflow/example_dags/example_short_circuit_decorator.py
[2023-12-20T17:26:29.749+0000] {processor.py:830} INFO - Processing file /home/airflow/.local/lib/python3.8/site-packages/airflow/example_dags/example_short_circuit_decorator.py for tasks to queue
[2023-12-20T17:26:29.755+0000] {logging_mixin.py:188} INFO - [2023-12-20T17:26:29.754+0000] {dagbag.py:538} INFO - Filling up the DagBag from /home/airflow/.local/lib/python3.8/site-packages/airflow/example_dags/example_short_circuit_decorator.py
[2023-12-20T17:26:29.774+0000] {processor.py:840} INFO - DAG(s) 'example_short_circuit_decorator' retrieved from /home/airflow/.local/lib/python3.8/site-packages/airflow/example_dags/example_short_circuit_decorator.py
[2023-12-20T17:26:29.839+0000] {logging_mixin.py:188} INFO - [2023-12-20T17:26:29.839+0000] {dag.py:3033} INFO - Sync 1 DAGs
[2023-12-20T17:26:29.888+0000] {logging_mixin.py:188} INFO - [2023-12-20T17:26:29.887+0000] {dag.py:3820} INFO - Setting next_dagrun for example_short_circuit_decorator to 2023-12-19T00:00:00+00:00, run_after=2023-12-20T00:00:00+00:00
[2023-12-20T17:26:29.926+0000] {processor.py:183} INFO - Processing /home/airflow/.local/lib/python3.8/site-packages/airflow/example_dags/example_short_circuit_decorator.py took 0.186 seconds
[2023-12-20T17:27:00.003+0000] {processor.py:161} INFO - Started process (PID=174) to work on /home/airflow/.local/lib/python3.8/site-packages/airflow/example_dags/example_short_circuit_decorator.py
[2023-12-20T17:27:00.004+0000] {processor.py:830} INFO - Processing file /home/airflow/.local/lib/python3.8/site-packages/airflow/example_dags/example_short_circuit_decorator.py for tasks to queue
[2023-12-20T17:27:00.008+0000] {logging_mixin.py:188} INFO - [2023-12-20T17:27:00.007+0000] {dagbag.py:538} INFO - Filling up the DagBag from /home/airflow/.local/lib/python3.8/site-packages/airflow/example_dags/example_short_circuit_decorator.py
[2023-12-20T17:27:00.027+0000] {processor.py:840} INFO - DAG(s) 'example_short_circuit_decorator' retrieved from /home/airflow/.local/lib/python3.8/site-packages/airflow/example_dags/example_short_circuit_decorator.py
[2023-12-20T17:27:00.071+0000] {logging_mixin.py:188} INFO - [2023-12-20T17:27:00.070+0000] {dag.py:3033} INFO - Sync 1 DAGs
[2023-12-20T17:27:00.109+0000] {logging_mixin.py:188} INFO - [2023-12-20T17:27:00.108+0000] {dag.py:3820} INFO - Setting next_dagrun for example_short_circuit_decorator to 2023-12-19T00:00:00+00:00, run_after=2023-12-20T00:00:00+00:00
[2023-12-20T17:27:00.138+0000] {processor.py:183} INFO - Processing /home/airflow/.local/lib/python3.8/site-packages/airflow/example_dags/example_short_circuit_decorator.py took 0.141 seconds
[2023-12-20T17:27:30.612+0000] {processor.py:161} INFO - Started process (PID=229) to work on /home/airflow/.local/lib/python3.8/site-packages/airflow/example_dags/example_short_circuit_decorator.py
[2023-12-20T17:27:30.623+0000] {processor.py:830} INFO - Processing file /home/airflow/.local/lib/python3.8/site-packages/airflow/example_dags/example_short_circuit_decorator.py for tasks to queue
[2023-12-20T17:27:30.627+0000] {logging_mixin.py:188} INFO - [2023-12-20T17:27:30.626+0000] {dagbag.py:538} INFO - Filling up the DagBag from /home/airflow/.local/lib/python3.8/site-packages/airflow/example_dags/example_short_circuit_decorator.py
[2023-12-20T17:27:30.666+0000] {processor.py:840} INFO - DAG(s) 'example_short_circuit_decorator' retrieved from /home/airflow/.local/lib/python3.8/site-packages/airflow/example_dags/example_short_circuit_decorator.py
[2023-12-20T17:27:30.734+0000] {logging_mixin.py:188} INFO - [2023-12-20T17:27:30.733+0000] {dag.py:3033} INFO - Sync 1 DAGs
[2023-12-20T17:27:30.776+0000] {logging_mixin.py:188} INFO - [2023-12-20T17:27:30.776+0000] {dag.py:3820} INFO - Setting next_dagrun for example_short_circuit_decorator to 2023-12-19T00:00:00+00:00, run_after=2023-12-20T00:00:00+00:00
[2023-12-20T17:27:30.819+0000] {processor.py:183} INFO - Processing /home/airflow/.local/lib/python3.8/site-packages/airflow/example_dags/example_short_circuit_decorator.py took 0.229 seconds
[2023-12-20T17:28:01.071+0000] {processor.py:161} INFO - Started process (PID=284) to work on /home/airflow/.local/lib/python3.8/site-packages/airflow/example_dags/example_short_circuit_decorator.py
[2023-12-20T17:28:01.074+0000] {processor.py:830} INFO - Processing file /home/airflow/.local/lib/python3.8/site-packages/airflow/example_dags/example_short_circuit_decorator.py for tasks to queue
[2023-12-20T17:28:01.078+0000] {logging_mixin.py:188} INFO - [2023-12-20T17:28:01.077+0000] {dagbag.py:538} INFO - Filling up the DagBag from /home/airflow/.local/lib/python3.8/site-packages/airflow/example_dags/example_short_circuit_decorator.py
[2023-12-20T17:28:01.101+0000] {processor.py:840} INFO - DAG(s) 'example_short_circuit_decorator' retrieved from /home/airflow/.local/lib/python3.8/site-packages/airflow/example_dags/example_short_circuit_decorator.py
[2023-12-20T17:28:01.162+0000] {logging_mixin.py:188} INFO - [2023-12-20T17:28:01.161+0000] {dag.py:3033} INFO - Sync 1 DAGs
[2023-12-20T17:28:01.221+0000] {logging_mixin.py:188} INFO - [2023-12-20T17:28:01.220+0000] {dag.py:3820} INFO - Setting next_dagrun for example_short_circuit_decorator to 2023-12-19T00:00:00+00:00, run_after=2023-12-20T00:00:00+00:00
[2023-12-20T17:28:01.266+0000] {processor.py:183} INFO - Processing /home/airflow/.local/lib/python3.8/site-packages/airflow/example_dags/example_short_circuit_decorator.py took 0.202 seconds
[2023-12-20T17:28:31.456+0000] {processor.py:161} INFO - Started process (PID=338) to work on /home/airflow/.local/lib/python3.8/site-packages/airflow/example_dags/example_short_circuit_decorator.py
[2023-12-20T17:28:31.457+0000] {processor.py:830} INFO - Processing file /home/airflow/.local/lib/python3.8/site-packages/airflow/example_dags/example_short_circuit_decorator.py for tasks to queue
[2023-12-20T17:28:31.463+0000] {logging_mixin.py:188} INFO - [2023-12-20T17:28:31.462+0000] {dagbag.py:538} INFO - Filling up the DagBag from /home/airflow/.local/lib/python3.8/site-packages/airflow/example_dags/example_short_circuit_decorator.py
[2023-12-20T17:28:31.488+0000] {processor.py:840} INFO - DAG(s) 'example_short_circuit_decorator' retrieved from /home/airflow/.local/lib/python3.8/site-packages/airflow/example_dags/example_short_circuit_decorator.py
[2023-12-20T17:28:31.547+0000] {logging_mixin.py:188} INFO - [2023-12-20T17:28:31.547+0000] {dag.py:3033} INFO - Sync 1 DAGs
[2023-12-20T17:28:31.588+0000] {logging_mixin.py:188} INFO - [2023-12-20T17:28:31.588+0000] {dag.py:3820} INFO - Setting next_dagrun for example_short_circuit_decorator to 2023-12-19T00:00:00+00:00, run_after=2023-12-20T00:00:00+00:00
[2023-12-20T17:28:31.622+0000] {processor.py:183} INFO - Processing /home/airflow/.local/lib/python3.8/site-packages/airflow/example_dags/example_short_circuit_decorator.py took 0.173 seconds
[2023-12-20T17:29:02.395+0000] {processor.py:161} INFO - Started process (PID=393) to work on /home/airflow/.local/lib/python3.8/site-packages/airflow/example_dags/example_short_circuit_decorator.py
[2023-12-20T17:29:02.401+0000] {processor.py:830} INFO - Processing file /home/airflow/.local/lib/python3.8/site-packages/airflow/example_dags/example_short_circuit_decorator.py for tasks to queue
[2023-12-20T17:29:02.407+0000] {logging_mixin.py:188} INFO - [2023-12-20T17:29:02.406+0000] {dagbag.py:538} INFO - Filling up the DagBag from /home/airflow/.local/lib/python3.8/site-packages/airflow/example_dags/example_short_circuit_decorator.py
[2023-12-20T17:29:02.429+0000] {processor.py:840} INFO - DAG(s) 'example_short_circuit_decorator' retrieved from /home/airflow/.local/lib/python3.8/site-packages/airflow/example_dags/example_short_circuit_decorator.py
[2023-12-20T17:29:02.473+0000] {logging_mixin.py:188} INFO - [2023-12-20T17:29:02.472+0000] {dag.py:3033} INFO - Sync 1 DAGs
[2023-12-20T17:29:02.509+0000] {logging_mixin.py:188} INFO - [2023-12-20T17:29:02.509+0000] {dag.py:3820} INFO - Setting next_dagrun for example_short_circuit_decorator to 2023-12-19T00:00:00+00:00, run_after=2023-12-20T00:00:00+00:00
[2023-12-20T17:29:02.542+0000] {processor.py:183} INFO - Processing /home/airflow/.local/lib/python3.8/site-packages/airflow/example_dags/example_short_circuit_decorator.py took 0.165 seconds
[2023-12-20T17:29:33.029+0000] {processor.py:161} INFO - Started process (PID=448) to work on /home/airflow/.local/lib/python3.8/site-packages/airflow/example_dags/example_short_circuit_decorator.py
[2023-12-20T17:29:33.031+0000] {processor.py:830} INFO - Processing file /home/airflow/.local/lib/python3.8/site-packages/airflow/example_dags/example_short_circuit_decorator.py for tasks to queue
[2023-12-20T17:29:33.034+0000] {logging_mixin.py:188} INFO - [2023-12-20T17:29:33.034+0000] {dagbag.py:538} INFO - Filling up the DagBag from /home/airflow/.local/lib/python3.8/site-packages/airflow/example_dags/example_short_circuit_decorator.py
[2023-12-20T17:29:33.050+0000] {processor.py:840} INFO - DAG(s) 'example_short_circuit_decorator' retrieved from /home/airflow/.local/lib/python3.8/site-packages/airflow/example_dags/example_short_circuit_decorator.py
[2023-12-20T17:29:33.088+0000] {logging_mixin.py:188} INFO - [2023-12-20T17:29:33.088+0000] {dag.py:3033} INFO - Sync 1 DAGs
[2023-12-20T17:29:33.122+0000] {logging_mixin.py:188} INFO - [2023-12-20T17:29:33.121+0000] {dag.py:3820} INFO - Setting next_dagrun for example_short_circuit_decorator to 2023-12-19T00:00:00+00:00, run_after=2023-12-20T00:00:00+00:00
[2023-12-20T17:29:33.152+0000] {processor.py:183} INFO - Processing /home/airflow/.local/lib/python3.8/site-packages/airflow/example_dags/example_short_circuit_decorator.py took 0.128 seconds
[2023-12-20T17:30:04.914+0000] {processor.py:161} INFO - Started process (PID=503) to work on /home/airflow/.local/lib/python3.8/site-packages/airflow/example_dags/example_short_circuit_decorator.py
[2023-12-20T17:30:04.919+0000] {processor.py:830} INFO - Processing file /home/airflow/.local/lib/python3.8/site-packages/airflow/example_dags/example_short_circuit_decorator.py for tasks to queue
[2023-12-20T17:30:04.932+0000] {logging_mixin.py:188} INFO - [2023-12-20T17:30:04.932+0000] {dagbag.py:538} INFO - Filling up the DagBag from /home/airflow/.local/lib/python3.8/site-packages/airflow/example_dags/example_short_circuit_decorator.py
[2023-12-20T17:30:05.008+0000] {processor.py:840} INFO - DAG(s) 'example_short_circuit_decorator' retrieved from /home/airflow/.local/lib/python3.8/site-packages/airflow/example_dags/example_short_circuit_decorator.py
[2023-12-20T17:30:05.116+0000] {logging_mixin.py:188} INFO - [2023-12-20T17:30:05.116+0000] {dag.py:3033} INFO - Sync 1 DAGs
[2023-12-20T17:30:05.227+0000] {logging_mixin.py:188} INFO - [2023-12-20T17:30:05.224+0000] {dag.py:3820} INFO - Setting next_dagrun for example_short_circuit_decorator to 2023-12-19T00:00:00+00:00, run_after=2023-12-20T00:00:00+00:00
[2023-12-20T17:30:05.373+0000] {processor.py:183} INFO - Processing /home/airflow/.local/lib/python3.8/site-packages/airflow/example_dags/example_short_circuit_decorator.py took 0.494 seconds
[2023-12-20T17:30:35.566+0000] {processor.py:161} INFO - Started process (PID=558) to work on /home/airflow/.local/lib/python3.8/site-packages/airflow/example_dags/example_short_circuit_decorator.py
[2023-12-20T17:30:35.568+0000] {processor.py:830} INFO - Processing file /home/airflow/.local/lib/python3.8/site-packages/airflow/example_dags/example_short_circuit_decorator.py for tasks to queue
[2023-12-20T17:30:35.572+0000] {logging_mixin.py:188} INFO - [2023-12-20T17:30:35.572+0000] {dagbag.py:538} INFO - Filling up the DagBag from /home/airflow/.local/lib/python3.8/site-packages/airflow/example_dags/example_short_circuit_decorator.py
[2023-12-20T17:30:35.598+0000] {processor.py:840} INFO - DAG(s) 'example_short_circuit_decorator' retrieved from /home/airflow/.local/lib/python3.8/site-packages/airflow/example_dags/example_short_circuit_decorator.py
[2023-12-20T17:30:35.650+0000] {logging_mixin.py:188} INFO - [2023-12-20T17:30:35.650+0000] {dag.py:3033} INFO - Sync 1 DAGs
[2023-12-20T17:30:35.701+0000] {logging_mixin.py:188} INFO - [2023-12-20T17:30:35.701+0000] {dag.py:3820} INFO - Setting next_dagrun for example_short_circuit_decorator to 2023-12-19T00:00:00+00:00, run_after=2023-12-20T00:00:00+00:00
[2023-12-20T17:30:35.760+0000] {processor.py:183} INFO - Processing /home/airflow/.local/lib/python3.8/site-packages/airflow/example_dags/example_short_circuit_decorator.py took 0.200 seconds
[2023-12-20T17:31:06.019+0000] {processor.py:161} INFO - Started process (PID=613) to work on /home/airflow/.local/lib/python3.8/site-packages/airflow/example_dags/example_short_circuit_decorator.py
[2023-12-20T17:31:06.022+0000] {processor.py:830} INFO - Processing file /home/airflow/.local/lib/python3.8/site-packages/airflow/example_dags/example_short_circuit_decorator.py for tasks to queue
[2023-12-20T17:31:06.025+0000] {logging_mixin.py:188} INFO - [2023-12-20T17:31:06.024+0000] {dagbag.py:538} INFO - Filling up the DagBag from /home/airflow/.local/lib/python3.8/site-packages/airflow/example_dags/example_short_circuit_decorator.py
[2023-12-20T17:31:06.070+0000] {processor.py:840} INFO - DAG(s) 'example_short_circuit_decorator' retrieved from /home/airflow/.local/lib/python3.8/site-packages/airflow/example_dags/example_short_circuit_decorator.py
[2023-12-20T17:31:06.173+0000] {logging_mixin.py:188} INFO - [2023-12-20T17:31:06.172+0000] {dag.py:3033} INFO - Sync 1 DAGs
[2023-12-20T17:31:06.232+0000] {logging_mixin.py:188} INFO - [2023-12-20T17:31:06.231+0000] {dag.py:3820} INFO - Setting next_dagrun for example_short_circuit_decorator to 2023-12-19T00:00:00+00:00, run_after=2023-12-20T00:00:00+00:00
[2023-12-20T17:31:06.282+0000] {processor.py:183} INFO - Processing /home/airflow/.local/lib/python3.8/site-packages/airflow/example_dags/example_short_circuit_decorator.py took 0.282 seconds
[2023-12-20T17:31:37.113+0000] {processor.py:161} INFO - Started process (PID=667) to work on /home/airflow/.local/lib/python3.8/site-packages/airflow/example_dags/example_short_circuit_decorator.py
[2023-12-20T17:31:37.117+0000] {processor.py:830} INFO - Processing file /home/airflow/.local/lib/python3.8/site-packages/airflow/example_dags/example_short_circuit_decorator.py for tasks to queue
[2023-12-20T17:31:37.121+0000] {logging_mixin.py:188} INFO - [2023-12-20T17:31:37.120+0000] {dagbag.py:538} INFO - Filling up the DagBag from /home/airflow/.local/lib/python3.8/site-packages/airflow/example_dags/example_short_circuit_decorator.py
[2023-12-20T17:31:37.156+0000] {processor.py:840} INFO - DAG(s) 'example_short_circuit_decorator' retrieved from /home/airflow/.local/lib/python3.8/site-packages/airflow/example_dags/example_short_circuit_decorator.py
[2023-12-20T17:31:37.219+0000] {logging_mixin.py:188} INFO - [2023-12-20T17:31:37.219+0000] {dag.py:3033} INFO - Sync 1 DAGs
[2023-12-20T17:31:37.270+0000] {logging_mixin.py:188} INFO - [2023-12-20T17:31:37.270+0000] {dag.py:3820} INFO - Setting next_dagrun for example_short_circuit_decorator to 2023-12-19T00:00:00+00:00, run_after=2023-12-20T00:00:00+00:00
[2023-12-20T17:31:37.316+0000] {processor.py:183} INFO - Processing /home/airflow/.local/lib/python3.8/site-packages/airflow/example_dags/example_short_circuit_decorator.py took 0.213 seconds
[2023-12-20T17:32:07.981+0000] {processor.py:161} INFO - Started process (PID=722) to work on /home/airflow/.local/lib/python3.8/site-packages/airflow/example_dags/example_short_circuit_decorator.py
[2023-12-20T17:32:07.982+0000] {processor.py:830} INFO - Processing file /home/airflow/.local/lib/python3.8/site-packages/airflow/example_dags/example_short_circuit_decorator.py for tasks to queue
[2023-12-20T17:32:07.986+0000] {logging_mixin.py:188} INFO - [2023-12-20T17:32:07.985+0000] {dagbag.py:538} INFO - Filling up the DagBag from /home/airflow/.local/lib/python3.8/site-packages/airflow/example_dags/example_short_circuit_decorator.py
[2023-12-20T17:32:08.017+0000] {processor.py:840} INFO - DAG(s) 'example_short_circuit_decorator' retrieved from /home/airflow/.local/lib/python3.8/site-packages/airflow/example_dags/example_short_circuit_decorator.py
[2023-12-20T17:32:08.077+0000] {logging_mixin.py:188} INFO - [2023-12-20T17:32:08.075+0000] {dag.py:3033} INFO - Sync 1 DAGs
[2023-12-20T17:32:08.132+0000] {logging_mixin.py:188} INFO - [2023-12-20T17:32:08.131+0000] {dag.py:3820} INFO - Setting next_dagrun for example_short_circuit_decorator to 2023-12-19T00:00:00+00:00, run_after=2023-12-20T00:00:00+00:00
[2023-12-20T17:32:08.175+0000] {processor.py:183} INFO - Processing /home/airflow/.local/lib/python3.8/site-packages/airflow/example_dags/example_short_circuit_decorator.py took 0.206 seconds
[2023-12-20T17:32:38.501+0000] {processor.py:161} INFO - Started process (PID=777) to work on /home/airflow/.local/lib/python3.8/site-packages/airflow/example_dags/example_short_circuit_decorator.py
[2023-12-20T17:32:38.503+0000] {processor.py:830} INFO - Processing file /home/airflow/.local/lib/python3.8/site-packages/airflow/example_dags/example_short_circuit_decorator.py for tasks to queue
[2023-12-20T17:32:38.511+0000] {logging_mixin.py:188} INFO - [2023-12-20T17:32:38.508+0000] {dagbag.py:538} INFO - Filling up the DagBag from /home/airflow/.local/lib/python3.8/site-packages/airflow/example_dags/example_short_circuit_decorator.py
[2023-12-20T17:32:38.536+0000] {processor.py:840} INFO - DAG(s) 'example_short_circuit_decorator' retrieved from /home/airflow/.local/lib/python3.8/site-packages/airflow/example_dags/example_short_circuit_decorator.py
[2023-12-20T17:32:38.623+0000] {logging_mixin.py:188} INFO - [2023-12-20T17:32:38.622+0000] {dag.py:3033} INFO - Sync 1 DAGs
[2023-12-20T17:32:38.685+0000] {logging_mixin.py:188} INFO - [2023-12-20T17:32:38.685+0000] {dag.py:3820} INFO - Setting next_dagrun for example_short_circuit_decorator to 2023-12-19T00:00:00+00:00, run_after=2023-12-20T00:00:00+00:00
[2023-12-20T17:32:38.731+0000] {processor.py:183} INFO - Processing /home/airflow/.local/lib/python3.8/site-packages/airflow/example_dags/example_short_circuit_decorator.py took 0.240 seconds
[2023-12-20T17:33:09.250+0000] {processor.py:161} INFO - Started process (PID=833) to work on /home/airflow/.local/lib/python3.8/site-packages/airflow/example_dags/example_short_circuit_decorator.py
[2023-12-20T17:33:09.252+0000] {processor.py:830} INFO - Processing file /home/airflow/.local/lib/python3.8/site-packages/airflow/example_dags/example_short_circuit_decorator.py for tasks to queue
[2023-12-20T17:33:09.301+0000] {logging_mixin.py:188} INFO - [2023-12-20T17:33:09.301+0000] {dagbag.py:538} INFO - Filling up the DagBag from /home/airflow/.local/lib/python3.8/site-packages/airflow/example_dags/example_short_circuit_decorator.py
[2023-12-20T17:33:09.379+0000] {processor.py:840} INFO - DAG(s) 'example_short_circuit_decorator' retrieved from /home/airflow/.local/lib/python3.8/site-packages/airflow/example_dags/example_short_circuit_decorator.py
[2023-12-20T17:33:09.530+0000] {logging_mixin.py:188} INFO - [2023-12-20T17:33:09.529+0000] {dag.py:3033} INFO - Sync 1 DAGs
[2023-12-20T17:33:09.600+0000] {logging_mixin.py:188} INFO - [2023-12-20T17:33:09.600+0000] {dag.py:3820} INFO - Setting next_dagrun for example_short_circuit_decorator to 2023-12-19T00:00:00+00:00, run_after=2023-12-20T00:00:00+00:00
[2023-12-20T17:33:09.697+0000] {processor.py:183} INFO - Processing /home/airflow/.local/lib/python3.8/site-packages/airflow/example_dags/example_short_circuit_decorator.py took 0.467 seconds
[2023-12-20T17:33:39.832+0000] {processor.py:161} INFO - Started process (PID=888) to work on /home/airflow/.local/lib/python3.8/site-packages/airflow/example_dags/example_short_circuit_decorator.py
[2023-12-20T17:33:39.834+0000] {processor.py:830} INFO - Processing file /home/airflow/.local/lib/python3.8/site-packages/airflow/example_dags/example_short_circuit_decorator.py for tasks to queue
[2023-12-20T17:33:39.837+0000] {logging_mixin.py:188} INFO - [2023-12-20T17:33:39.837+0000] {dagbag.py:538} INFO - Filling up the DagBag from /home/airflow/.local/lib/python3.8/site-packages/airflow/example_dags/example_short_circuit_decorator.py
[2023-12-20T17:33:39.857+0000] {processor.py:840} INFO - DAG(s) 'example_short_circuit_decorator' retrieved from /home/airflow/.local/lib/python3.8/site-packages/airflow/example_dags/example_short_circuit_decorator.py
[2023-12-20T17:33:39.905+0000] {logging_mixin.py:188} INFO - [2023-12-20T17:33:39.905+0000] {dag.py:3033} INFO - Sync 1 DAGs
[2023-12-20T17:33:39.949+0000] {logging_mixin.py:188} INFO - [2023-12-20T17:33:39.949+0000] {dag.py:3820} INFO - Setting next_dagrun for example_short_circuit_decorator to 2023-12-19T00:00:00+00:00, run_after=2023-12-20T00:00:00+00:00
[2023-12-20T17:33:40.003+0000] {processor.py:183} INFO - Processing /home/airflow/.local/lib/python3.8/site-packages/airflow/example_dags/example_short_circuit_decorator.py took 0.177 seconds
[2023-12-20T17:34:10.206+0000] {processor.py:161} INFO - Started process (PID=943) to work on /home/airflow/.local/lib/python3.8/site-packages/airflow/example_dags/example_short_circuit_decorator.py
[2023-12-20T17:34:10.210+0000] {processor.py:830} INFO - Processing file /home/airflow/.local/lib/python3.8/site-packages/airflow/example_dags/example_short_circuit_decorator.py for tasks to queue
[2023-12-20T17:34:10.213+0000] {logging_mixin.py:188} INFO - [2023-12-20T17:34:10.213+0000] {dagbag.py:538} INFO - Filling up the DagBag from /home/airflow/.local/lib/python3.8/site-packages/airflow/example_dags/example_short_circuit_decorator.py
[2023-12-20T17:34:10.234+0000] {processor.py:840} INFO - DAG(s) 'example_short_circuit_decorator' retrieved from /home/airflow/.local/lib/python3.8/site-packages/airflow/example_dags/example_short_circuit_decorator.py
[2023-12-20T17:34:10.287+0000] {logging_mixin.py:188} INFO - [2023-12-20T17:34:10.286+0000] {dag.py:3033} INFO - Sync 1 DAGs
[2023-12-20T17:34:10.333+0000] {logging_mixin.py:188} INFO - [2023-12-20T17:34:10.333+0000] {dag.py:3820} INFO - Setting next_dagrun for example_short_circuit_decorator to 2023-12-19T00:00:00+00:00, run_after=2023-12-20T00:00:00+00:00
[2023-12-20T17:34:10.373+0000] {processor.py:183} INFO - Processing /home/airflow/.local/lib/python3.8/site-packages/airflow/example_dags/example_short_circuit_decorator.py took 0.174 seconds
[2023-12-20T17:34:40.714+0000] {processor.py:161} INFO - Started process (PID=998) to work on /home/airflow/.local/lib/python3.8/site-packages/airflow/example_dags/example_short_circuit_decorator.py
[2023-12-20T17:34:40.717+0000] {processor.py:830} INFO - Processing file /home/airflow/.local/lib/python3.8/site-packages/airflow/example_dags/example_short_circuit_decorator.py for tasks to queue
[2023-12-20T17:34:40.720+0000] {logging_mixin.py:188} INFO - [2023-12-20T17:34:40.720+0000] {dagbag.py:538} INFO - Filling up the DagBag from /home/airflow/.local/lib/python3.8/site-packages/airflow/example_dags/example_short_circuit_decorator.py
[2023-12-20T17:34:40.741+0000] {processor.py:840} INFO - DAG(s) 'example_short_circuit_decorator' retrieved from /home/airflow/.local/lib/python3.8/site-packages/airflow/example_dags/example_short_circuit_decorator.py
[2023-12-20T17:34:40.790+0000] {logging_mixin.py:188} INFO - [2023-12-20T17:34:40.789+0000] {dag.py:3033} INFO - Sync 1 DAGs
[2023-12-20T17:34:40.834+0000] {logging_mixin.py:188} INFO - [2023-12-20T17:34:40.833+0000] {dag.py:3820} INFO - Setting next_dagrun for example_short_circuit_decorator to 2023-12-19T00:00:00+00:00, run_after=2023-12-20T00:00:00+00:00
[2023-12-20T17:34:40.878+0000] {processor.py:183} INFO - Processing /home/airflow/.local/lib/python3.8/site-packages/airflow/example_dags/example_short_circuit_decorator.py took 0.169 seconds
[2023-12-20T17:35:11.317+0000] {processor.py:161} INFO - Started process (PID=1052) to work on /home/airflow/.local/lib/python3.8/site-packages/airflow/example_dags/example_short_circuit_decorator.py
[2023-12-20T17:35:11.319+0000] {processor.py:830} INFO - Processing file /home/airflow/.local/lib/python3.8/site-packages/airflow/example_dags/example_short_circuit_decorator.py for tasks to queue
[2023-12-20T17:35:11.324+0000] {logging_mixin.py:188} INFO - [2023-12-20T17:35:11.323+0000] {dagbag.py:538} INFO - Filling up the DagBag from /home/airflow/.local/lib/python3.8/site-packages/airflow/example_dags/example_short_circuit_decorator.py
[2023-12-20T17:35:11.350+0000] {processor.py:840} INFO - DAG(s) 'example_short_circuit_decorator' retrieved from /home/airflow/.local/lib/python3.8/site-packages/airflow/example_dags/example_short_circuit_decorator.py
[2023-12-20T17:35:11.402+0000] {logging_mixin.py:188} INFO - [2023-12-20T17:35:11.400+0000] {dag.py:3033} INFO - Sync 1 DAGs
[2023-12-20T17:35:11.440+0000] {logging_mixin.py:188} INFO - [2023-12-20T17:35:11.440+0000] {dag.py:3820} INFO - Setting next_dagrun for example_short_circuit_decorator to 2023-12-19T00:00:00+00:00, run_after=2023-12-20T00:00:00+00:00
[2023-12-20T17:35:11.473+0000] {processor.py:183} INFO - Processing /home/airflow/.local/lib/python3.8/site-packages/airflow/example_dags/example_short_circuit_decorator.py took 0.163 seconds
[2023-12-20T17:35:41.661+0000] {processor.py:161} INFO - Started process (PID=1107) to work on /home/airflow/.local/lib/python3.8/site-packages/airflow/example_dags/example_short_circuit_decorator.py
[2023-12-20T17:35:41.662+0000] {processor.py:830} INFO - Processing file /home/airflow/.local/lib/python3.8/site-packages/airflow/example_dags/example_short_circuit_decorator.py for tasks to queue
[2023-12-20T17:35:41.667+0000] {logging_mixin.py:188} INFO - [2023-12-20T17:35:41.666+0000] {dagbag.py:538} INFO - Filling up the DagBag from /home/airflow/.local/lib/python3.8/site-packages/airflow/example_dags/example_short_circuit_decorator.py
[2023-12-20T17:35:41.683+0000] {processor.py:840} INFO - DAG(s) 'example_short_circuit_decorator' retrieved from /home/airflow/.local/lib/python3.8/site-packages/airflow/example_dags/example_short_circuit_decorator.py
[2023-12-20T17:35:41.726+0000] {logging_mixin.py:188} INFO - [2023-12-20T17:35:41.725+0000] {dag.py:3033} INFO - Sync 1 DAGs
[2023-12-20T17:35:41.765+0000] {logging_mixin.py:188} INFO - [2023-12-20T17:35:41.765+0000] {dag.py:3820} INFO - Setting next_dagrun for example_short_circuit_decorator to 2023-12-19T00:00:00+00:00, run_after=2023-12-20T00:00:00+00:00
[2023-12-20T17:35:41.797+0000] {processor.py:183} INFO - Processing /home/airflow/.local/lib/python3.8/site-packages/airflow/example_dags/example_short_circuit_decorator.py took 0.144 seconds
[2023-12-20T17:36:12.063+0000] {processor.py:161} INFO - Started process (PID=1162) to work on /home/airflow/.local/lib/python3.8/site-packages/airflow/example_dags/example_short_circuit_decorator.py
[2023-12-20T17:36:12.064+0000] {processor.py:830} INFO - Processing file /home/airflow/.local/lib/python3.8/site-packages/airflow/example_dags/example_short_circuit_decorator.py for tasks to queue
[2023-12-20T17:36:12.068+0000] {logging_mixin.py:188} INFO - [2023-12-20T17:36:12.067+0000] {dagbag.py:538} INFO - Filling up the DagBag from /home/airflow/.local/lib/python3.8/site-packages/airflow/example_dags/example_short_circuit_decorator.py
[2023-12-20T17:36:12.092+0000] {processor.py:840} INFO - DAG(s) 'example_short_circuit_decorator' retrieved from /home/airflow/.local/lib/python3.8/site-packages/airflow/example_dags/example_short_circuit_decorator.py
[2023-12-20T17:36:12.179+0000] {logging_mixin.py:188} INFO - [2023-12-20T17:36:12.179+0000] {dag.py:3033} INFO - Sync 1 DAGs
[2023-12-20T17:36:12.227+0000] {logging_mixin.py:188} INFO - [2023-12-20T17:36:12.227+0000] {dag.py:3820} INFO - Setting next_dagrun for example_short_circuit_decorator to 2023-12-19T00:00:00+00:00, run_after=2023-12-20T00:00:00+00:00
[2023-12-20T17:36:12.267+0000] {processor.py:183} INFO - Processing /home/airflow/.local/lib/python3.8/site-packages/airflow/example_dags/example_short_circuit_decorator.py took 0.213 seconds
[2023-12-20T17:36:42.384+0000] {processor.py:161} INFO - Started process (PID=1217) to work on /home/airflow/.local/lib/python3.8/site-packages/airflow/example_dags/example_short_circuit_decorator.py
[2023-12-20T17:36:42.386+0000] {processor.py:830} INFO - Processing file /home/airflow/.local/lib/python3.8/site-packages/airflow/example_dags/example_short_circuit_decorator.py for tasks to queue
[2023-12-20T17:36:42.389+0000] {logging_mixin.py:188} INFO - [2023-12-20T17:36:42.389+0000] {dagbag.py:538} INFO - Filling up the DagBag from /home/airflow/.local/lib/python3.8/site-packages/airflow/example_dags/example_short_circuit_decorator.py
[2023-12-20T17:36:42.406+0000] {processor.py:840} INFO - DAG(s) 'example_short_circuit_decorator' retrieved from /home/airflow/.local/lib/python3.8/site-packages/airflow/example_dags/example_short_circuit_decorator.py
[2023-12-20T17:36:42.450+0000] {logging_mixin.py:188} INFO - [2023-12-20T17:36:42.449+0000] {dag.py:3033} INFO - Sync 1 DAGs
[2023-12-20T17:36:42.487+0000] {logging_mixin.py:188} INFO - [2023-12-20T17:36:42.487+0000] {dag.py:3820} INFO - Setting next_dagrun for example_short_circuit_decorator to 2023-12-19T00:00:00+00:00, run_after=2023-12-20T00:00:00+00:00
[2023-12-20T17:36:42.521+0000] {processor.py:183} INFO - Processing /home/airflow/.local/lib/python3.8/site-packages/airflow/example_dags/example_short_circuit_decorator.py took 0.142 seconds
[2023-12-20T17:37:12.766+0000] {processor.py:161} INFO - Started process (PID=1271) to work on /home/airflow/.local/lib/python3.8/site-packages/airflow/example_dags/example_short_circuit_decorator.py
[2023-12-20T17:37:12.770+0000] {processor.py:830} INFO - Processing file /home/airflow/.local/lib/python3.8/site-packages/airflow/example_dags/example_short_circuit_decorator.py for tasks to queue
[2023-12-20T17:37:12.775+0000] {logging_mixin.py:188} INFO - [2023-12-20T17:37:12.775+0000] {dagbag.py:538} INFO - Filling up the DagBag from /home/airflow/.local/lib/python3.8/site-packages/airflow/example_dags/example_short_circuit_decorator.py
[2023-12-20T17:37:12.795+0000] {processor.py:840} INFO - DAG(s) 'example_short_circuit_decorator' retrieved from /home/airflow/.local/lib/python3.8/site-packages/airflow/example_dags/example_short_circuit_decorator.py
[2023-12-20T17:37:12.841+0000] {logging_mixin.py:188} INFO - [2023-12-20T17:37:12.841+0000] {dag.py:3033} INFO - Sync 1 DAGs
[2023-12-20T17:37:12.887+0000] {logging_mixin.py:188} INFO - [2023-12-20T17:37:12.886+0000] {dag.py:3820} INFO - Setting next_dagrun for example_short_circuit_decorator to 2023-12-19T00:00:00+00:00, run_after=2023-12-20T00:00:00+00:00
[2023-12-20T17:37:12.935+0000] {processor.py:183} INFO - Processing /home/airflow/.local/lib/python3.8/site-packages/airflow/example_dags/example_short_circuit_decorator.py took 0.174 seconds
