[2023-12-20T17:20:52.134+0000] {processor.py:161} INFO - Started process (PID=234) to work on /home/airflow/.local/lib/python3.8/site-packages/airflow/example_dags/example_python_operator.py
[2023-12-20T17:20:52.135+0000] {processor.py:830} INFO - Processing file /home/airflow/.local/lib/python3.8/site-packages/airflow/example_dags/example_python_operator.py for tasks to queue
[2023-12-20T17:20:52.136+0000] {logging_mixin.py:188} INFO - [2023-12-20T17:20:52.136+0000] {dagbag.py:538} INFO - Filling up the DagBag from /home/airflow/.local/lib/python3.8/site-packages/airflow/example_dags/example_python_operator.py
[2023-12-20T17:20:52.253+0000] {processor.py:840} INFO - DAG(s) 'example_python_operator' retrieved from /home/airflow/.local/lib/python3.8/site-packages/airflow/example_dags/example_python_operator.py
[2023-12-20T17:20:52.513+0000] {logging_mixin.py:188} INFO - [2023-12-20T17:20:52.513+0000] {dag.py:3033} INFO - Sync 1 DAGs
[2023-12-20T17:20:52.536+0000] {logging_mixin.py:188} INFO - [2023-12-20T17:20:52.535+0000] {dag.py:3820} INFO - Setting next_dagrun for example_python_operator to None, run_after=None
[2023-12-20T17:20:52.592+0000] {processor.py:183} INFO - Processing /home/airflow/.local/lib/python3.8/site-packages/airflow/example_dags/example_python_operator.py took 0.469 seconds
[2023-12-20T17:21:23.419+0000] {processor.py:161} INFO - Started process (PID=483) to work on /home/airflow/.local/lib/python3.8/site-packages/airflow/example_dags/example_python_operator.py
[2023-12-20T17:21:23.428+0000] {processor.py:830} INFO - Processing file /home/airflow/.local/lib/python3.8/site-packages/airflow/example_dags/example_python_operator.py for tasks to queue
[2023-12-20T17:21:23.429+0000] {logging_mixin.py:188} INFO - [2023-12-20T17:21:23.428+0000] {dagbag.py:538} INFO - Filling up the DagBag from /home/airflow/.local/lib/python3.8/site-packages/airflow/example_dags/example_python_operator.py
[2023-12-20T17:21:23.448+0000] {processor.py:840} INFO - DAG(s) 'example_python_operator' retrieved from /home/airflow/.local/lib/python3.8/site-packages/airflow/example_dags/example_python_operator.py
[2023-12-20T17:21:23.484+0000] {logging_mixin.py:188} INFO - [2023-12-20T17:21:23.484+0000] {dag.py:3033} INFO - Sync 1 DAGs
[2023-12-20T17:21:23.504+0000] {logging_mixin.py:188} INFO - [2023-12-20T17:21:23.504+0000] {dag.py:3820} INFO - Setting next_dagrun for example_python_operator to None, run_after=None
[2023-12-20T17:21:23.538+0000] {processor.py:183} INFO - Processing /home/airflow/.local/lib/python3.8/site-packages/airflow/example_dags/example_python_operator.py took 0.125 seconds
[2023-12-20T17:21:54.234+0000] {processor.py:161} INFO - Started process (PID=729) to work on /home/airflow/.local/lib/python3.8/site-packages/airflow/example_dags/example_python_operator.py
[2023-12-20T17:21:54.243+0000] {processor.py:830} INFO - Processing file /home/airflow/.local/lib/python3.8/site-packages/airflow/example_dags/example_python_operator.py for tasks to queue
[2023-12-20T17:21:54.244+0000] {logging_mixin.py:188} INFO - [2023-12-20T17:21:54.244+0000] {dagbag.py:538} INFO - Filling up the DagBag from /home/airflow/.local/lib/python3.8/site-packages/airflow/example_dags/example_python_operator.py
[2023-12-20T17:21:54.262+0000] {processor.py:840} INFO - DAG(s) 'example_python_operator' retrieved from /home/airflow/.local/lib/python3.8/site-packages/airflow/example_dags/example_python_operator.py
[2023-12-20T17:21:54.301+0000] {logging_mixin.py:188} INFO - [2023-12-20T17:21:54.301+0000] {dag.py:3033} INFO - Sync 1 DAGs
[2023-12-20T17:21:54.322+0000] {logging_mixin.py:188} INFO - [2023-12-20T17:21:54.322+0000] {dag.py:3820} INFO - Setting next_dagrun for example_python_operator to None, run_after=None
[2023-12-20T17:21:54.374+0000] {processor.py:183} INFO - Processing /home/airflow/.local/lib/python3.8/site-packages/airflow/example_dags/example_python_operator.py took 0.145 seconds
[2023-12-20T17:22:24.749+0000] {processor.py:161} INFO - Started process (PID=976) to work on /home/airflow/.local/lib/python3.8/site-packages/airflow/example_dags/example_python_operator.py
[2023-12-20T17:22:24.751+0000] {processor.py:830} INFO - Processing file /home/airflow/.local/lib/python3.8/site-packages/airflow/example_dags/example_python_operator.py for tasks to queue
[2023-12-20T17:22:24.755+0000] {logging_mixin.py:188} INFO - [2023-12-20T17:22:24.754+0000] {dagbag.py:538} INFO - Filling up the DagBag from /home/airflow/.local/lib/python3.8/site-packages/airflow/example_dags/example_python_operator.py
[2023-12-20T17:22:24.777+0000] {processor.py:840} INFO - DAG(s) 'example_python_operator' retrieved from /home/airflow/.local/lib/python3.8/site-packages/airflow/example_dags/example_python_operator.py
[2023-12-20T17:22:24.824+0000] {logging_mixin.py:188} INFO - [2023-12-20T17:22:24.824+0000] {dag.py:3033} INFO - Sync 1 DAGs
[2023-12-20T17:22:24.849+0000] {logging_mixin.py:188} INFO - [2023-12-20T17:22:24.849+0000] {dag.py:3820} INFO - Setting next_dagrun for example_python_operator to None, run_after=None
[2023-12-20T17:22:24.884+0000] {processor.py:183} INFO - Processing /home/airflow/.local/lib/python3.8/site-packages/airflow/example_dags/example_python_operator.py took 0.141 seconds
[2023-12-20T17:22:55.702+0000] {processor.py:161} INFO - Started process (PID=1223) to work on /home/airflow/.local/lib/python3.8/site-packages/airflow/example_dags/example_python_operator.py
[2023-12-20T17:22:55.712+0000] {processor.py:830} INFO - Processing file /home/airflow/.local/lib/python3.8/site-packages/airflow/example_dags/example_python_operator.py for tasks to queue
[2023-12-20T17:22:55.714+0000] {logging_mixin.py:188} INFO - [2023-12-20T17:22:55.713+0000] {dagbag.py:538} INFO - Filling up the DagBag from /home/airflow/.local/lib/python3.8/site-packages/airflow/example_dags/example_python_operator.py
[2023-12-20T17:22:55.735+0000] {processor.py:840} INFO - DAG(s) 'example_python_operator' retrieved from /home/airflow/.local/lib/python3.8/site-packages/airflow/example_dags/example_python_operator.py
[2023-12-20T17:22:55.778+0000] {logging_mixin.py:188} INFO - [2023-12-20T17:22:55.778+0000] {dag.py:3033} INFO - Sync 1 DAGs
[2023-12-20T17:22:55.800+0000] {logging_mixin.py:188} INFO - [2023-12-20T17:22:55.800+0000] {dag.py:3820} INFO - Setting next_dagrun for example_python_operator to None, run_after=None
[2023-12-20T17:22:55.833+0000] {processor.py:183} INFO - Processing /home/airflow/.local/lib/python3.8/site-packages/airflow/example_dags/example_python_operator.py took 0.136 seconds
[2023-12-20T17:23:26.245+0000] {processor.py:161} INFO - Started process (PID=1470) to work on /home/airflow/.local/lib/python3.8/site-packages/airflow/example_dags/example_python_operator.py
[2023-12-20T17:23:26.254+0000] {processor.py:830} INFO - Processing file /home/airflow/.local/lib/python3.8/site-packages/airflow/example_dags/example_python_operator.py for tasks to queue
[2023-12-20T17:23:26.258+0000] {logging_mixin.py:188} INFO - [2023-12-20T17:23:26.257+0000] {dagbag.py:538} INFO - Filling up the DagBag from /home/airflow/.local/lib/python3.8/site-packages/airflow/example_dags/example_python_operator.py
[2023-12-20T17:23:26.293+0000] {processor.py:840} INFO - DAG(s) 'example_python_operator' retrieved from /home/airflow/.local/lib/python3.8/site-packages/airflow/example_dags/example_python_operator.py
[2023-12-20T17:23:26.409+0000] {logging_mixin.py:188} INFO - [2023-12-20T17:23:26.409+0000] {dag.py:3033} INFO - Sync 1 DAGs
[2023-12-20T17:23:26.445+0000] {logging_mixin.py:188} INFO - [2023-12-20T17:23:26.444+0000] {dag.py:3820} INFO - Setting next_dagrun for example_python_operator to None, run_after=None
[2023-12-20T17:23:26.537+0000] {processor.py:183} INFO - Processing /home/airflow/.local/lib/python3.8/site-packages/airflow/example_dags/example_python_operator.py took 0.298 seconds
[2023-12-20T17:23:56.879+0000] {processor.py:161} INFO - Started process (PID=1717) to work on /home/airflow/.local/lib/python3.8/site-packages/airflow/example_dags/example_python_operator.py
[2023-12-20T17:23:56.881+0000] {processor.py:830} INFO - Processing file /home/airflow/.local/lib/python3.8/site-packages/airflow/example_dags/example_python_operator.py for tasks to queue
[2023-12-20T17:23:56.883+0000] {logging_mixin.py:188} INFO - [2023-12-20T17:23:56.882+0000] {dagbag.py:538} INFO - Filling up the DagBag from /home/airflow/.local/lib/python3.8/site-packages/airflow/example_dags/example_python_operator.py
[2023-12-20T17:23:56.901+0000] {processor.py:840} INFO - DAG(s) 'example_python_operator' retrieved from /home/airflow/.local/lib/python3.8/site-packages/airflow/example_dags/example_python_operator.py
[2023-12-20T17:23:56.945+0000] {logging_mixin.py:188} INFO - [2023-12-20T17:23:56.945+0000] {dag.py:3033} INFO - Sync 1 DAGs
[2023-12-20T17:23:56.968+0000] {logging_mixin.py:188} INFO - [2023-12-20T17:23:56.968+0000] {dag.py:3820} INFO - Setting next_dagrun for example_python_operator to None, run_after=None
[2023-12-20T17:23:57.004+0000] {processor.py:183} INFO - Processing /home/airflow/.local/lib/python3.8/site-packages/airflow/example_dags/example_python_operator.py took 0.129 seconds
[2023-12-20T17:24:27.400+0000] {processor.py:161} INFO - Started process (PID=1964) to work on /home/airflow/.local/lib/python3.8/site-packages/airflow/example_dags/example_python_operator.py
[2023-12-20T17:24:27.408+0000] {processor.py:830} INFO - Processing file /home/airflow/.local/lib/python3.8/site-packages/airflow/example_dags/example_python_operator.py for tasks to queue
[2023-12-20T17:24:27.410+0000] {logging_mixin.py:188} INFO - [2023-12-20T17:24:27.409+0000] {dagbag.py:538} INFO - Filling up the DagBag from /home/airflow/.local/lib/python3.8/site-packages/airflow/example_dags/example_python_operator.py
[2023-12-20T17:24:27.433+0000] {processor.py:840} INFO - DAG(s) 'example_python_operator' retrieved from /home/airflow/.local/lib/python3.8/site-packages/airflow/example_dags/example_python_operator.py
[2023-12-20T17:24:27.499+0000] {logging_mixin.py:188} INFO - [2023-12-20T17:24:27.499+0000] {dag.py:3033} INFO - Sync 1 DAGs
[2023-12-20T17:24:27.523+0000] {logging_mixin.py:188} INFO - [2023-12-20T17:24:27.523+0000] {dag.py:3820} INFO - Setting next_dagrun for example_python_operator to None, run_after=None
[2023-12-20T17:24:27.567+0000] {processor.py:183} INFO - Processing /home/airflow/.local/lib/python3.8/site-packages/airflow/example_dags/example_python_operator.py took 0.175 seconds
[2023-12-20T17:25:53.705+0000] {processor.py:161} INFO - Started process (PID=50) to work on /home/airflow/.local/lib/python3.8/site-packages/airflow/example_dags/example_python_operator.py
[2023-12-20T17:25:53.706+0000] {processor.py:830} INFO - Processing file /home/airflow/.local/lib/python3.8/site-packages/airflow/example_dags/example_python_operator.py for tasks to queue
[2023-12-20T17:25:53.710+0000] {logging_mixin.py:188} INFO - [2023-12-20T17:25:53.709+0000] {dagbag.py:538} INFO - Filling up the DagBag from /home/airflow/.local/lib/python3.8/site-packages/airflow/example_dags/example_python_operator.py
[2023-12-20T17:25:53.772+0000] {processor.py:840} INFO - DAG(s) 'example_python_operator' retrieved from /home/airflow/.local/lib/python3.8/site-packages/airflow/example_dags/example_python_operator.py
[2023-12-20T17:25:54.209+0000] {logging_mixin.py:188} INFO - [2023-12-20T17:25:54.208+0000] {dag.py:3033} INFO - Sync 1 DAGs
[2023-12-20T17:25:54.261+0000] {logging_mixin.py:188} INFO - [2023-12-20T17:25:54.260+0000] {dag.py:3820} INFO - Setting next_dagrun for example_python_operator to None, run_after=None
[2023-12-20T17:25:54.346+0000] {processor.py:183} INFO - Processing /home/airflow/.local/lib/python3.8/site-packages/airflow/example_dags/example_python_operator.py took 0.648 seconds
[2023-12-20T17:26:24.453+0000] {processor.py:161} INFO - Started process (PID=103) to work on /home/airflow/.local/lib/python3.8/site-packages/airflow/example_dags/example_python_operator.py
[2023-12-20T17:26:24.455+0000] {processor.py:830} INFO - Processing file /home/airflow/.local/lib/python3.8/site-packages/airflow/example_dags/example_python_operator.py for tasks to queue
[2023-12-20T17:26:24.457+0000] {logging_mixin.py:188} INFO - [2023-12-20T17:26:24.457+0000] {dagbag.py:538} INFO - Filling up the DagBag from /home/airflow/.local/lib/python3.8/site-packages/airflow/example_dags/example_python_operator.py
[2023-12-20T17:26:24.480+0000] {processor.py:840} INFO - DAG(s) 'example_python_operator' retrieved from /home/airflow/.local/lib/python3.8/site-packages/airflow/example_dags/example_python_operator.py
[2023-12-20T17:26:24.531+0000] {logging_mixin.py:188} INFO - [2023-12-20T17:26:24.531+0000] {dag.py:3033} INFO - Sync 1 DAGs
[2023-12-20T17:26:24.561+0000] {logging_mixin.py:188} INFO - [2023-12-20T17:26:24.560+0000] {dag.py:3820} INFO - Setting next_dagrun for example_python_operator to None, run_after=None
[2023-12-20T17:26:24.619+0000] {processor.py:183} INFO - Processing /home/airflow/.local/lib/python3.8/site-packages/airflow/example_dags/example_python_operator.py took 0.170 seconds
[2023-12-20T17:26:55.169+0000] {processor.py:161} INFO - Started process (PID=158) to work on /home/airflow/.local/lib/python3.8/site-packages/airflow/example_dags/example_python_operator.py
[2023-12-20T17:26:55.170+0000] {processor.py:830} INFO - Processing file /home/airflow/.local/lib/python3.8/site-packages/airflow/example_dags/example_python_operator.py for tasks to queue
[2023-12-20T17:26:55.174+0000] {logging_mixin.py:188} INFO - [2023-12-20T17:26:55.173+0000] {dagbag.py:538} INFO - Filling up the DagBag from /home/airflow/.local/lib/python3.8/site-packages/airflow/example_dags/example_python_operator.py
[2023-12-20T17:26:55.199+0000] {processor.py:840} INFO - DAG(s) 'example_python_operator' retrieved from /home/airflow/.local/lib/python3.8/site-packages/airflow/example_dags/example_python_operator.py
[2023-12-20T17:26:55.231+0000] {logging_mixin.py:188} INFO - [2023-12-20T17:26:55.230+0000] {dag.py:3033} INFO - Sync 1 DAGs
[2023-12-20T17:26:55.270+0000] {logging_mixin.py:188} INFO - [2023-12-20T17:26:55.270+0000] {dag.py:3820} INFO - Setting next_dagrun for example_python_operator to None, run_after=None
[2023-12-20T17:26:55.328+0000] {processor.py:183} INFO - Processing /home/airflow/.local/lib/python3.8/site-packages/airflow/example_dags/example_python_operator.py took 0.180 seconds
[2023-12-20T17:27:25.932+0000] {processor.py:161} INFO - Started process (PID=213) to work on /home/airflow/.local/lib/python3.8/site-packages/airflow/example_dags/example_python_operator.py
[2023-12-20T17:27:25.933+0000] {processor.py:830} INFO - Processing file /home/airflow/.local/lib/python3.8/site-packages/airflow/example_dags/example_python_operator.py for tasks to queue
[2023-12-20T17:27:25.935+0000] {logging_mixin.py:188} INFO - [2023-12-20T17:27:25.935+0000] {dagbag.py:538} INFO - Filling up the DagBag from /home/airflow/.local/lib/python3.8/site-packages/airflow/example_dags/example_python_operator.py
[2023-12-20T17:27:25.950+0000] {processor.py:840} INFO - DAG(s) 'example_python_operator' retrieved from /home/airflow/.local/lib/python3.8/site-packages/airflow/example_dags/example_python_operator.py
[2023-12-20T17:27:25.982+0000] {logging_mixin.py:188} INFO - [2023-12-20T17:27:25.982+0000] {dag.py:3033} INFO - Sync 1 DAGs
[2023-12-20T17:27:26.004+0000] {logging_mixin.py:188} INFO - [2023-12-20T17:27:26.004+0000] {dag.py:3820} INFO - Setting next_dagrun for example_python_operator to None, run_after=None
[2023-12-20T17:27:26.034+0000] {processor.py:183} INFO - Processing /home/airflow/.local/lib/python3.8/site-packages/airflow/example_dags/example_python_operator.py took 0.106 seconds
[2023-12-20T17:27:56.244+0000] {processor.py:161} INFO - Started process (PID=268) to work on /home/airflow/.local/lib/python3.8/site-packages/airflow/example_dags/example_python_operator.py
[2023-12-20T17:27:56.246+0000] {processor.py:830} INFO - Processing file /home/airflow/.local/lib/python3.8/site-packages/airflow/example_dags/example_python_operator.py for tasks to queue
[2023-12-20T17:27:56.248+0000] {logging_mixin.py:188} INFO - [2023-12-20T17:27:56.248+0000] {dagbag.py:538} INFO - Filling up the DagBag from /home/airflow/.local/lib/python3.8/site-packages/airflow/example_dags/example_python_operator.py
[2023-12-20T17:27:56.262+0000] {processor.py:840} INFO - DAG(s) 'example_python_operator' retrieved from /home/airflow/.local/lib/python3.8/site-packages/airflow/example_dags/example_python_operator.py
[2023-12-20T17:27:56.294+0000] {logging_mixin.py:188} INFO - [2023-12-20T17:27:56.294+0000] {dag.py:3033} INFO - Sync 1 DAGs
[2023-12-20T17:27:56.313+0000] {logging_mixin.py:188} INFO - [2023-12-20T17:27:56.313+0000] {dag.py:3820} INFO - Setting next_dagrun for example_python_operator to None, run_after=None
[2023-12-20T17:27:56.346+0000] {processor.py:183} INFO - Processing /home/airflow/.local/lib/python3.8/site-packages/airflow/example_dags/example_python_operator.py took 0.106 seconds
[2023-12-20T17:28:27.109+0000] {processor.py:161} INFO - Started process (PID=322) to work on /home/airflow/.local/lib/python3.8/site-packages/airflow/example_dags/example_python_operator.py
[2023-12-20T17:28:27.112+0000] {processor.py:830} INFO - Processing file /home/airflow/.local/lib/python3.8/site-packages/airflow/example_dags/example_python_operator.py for tasks to queue
[2023-12-20T17:28:27.119+0000] {logging_mixin.py:188} INFO - [2023-12-20T17:28:27.118+0000] {dagbag.py:538} INFO - Filling up the DagBag from /home/airflow/.local/lib/python3.8/site-packages/airflow/example_dags/example_python_operator.py
[2023-12-20T17:28:27.141+0000] {processor.py:840} INFO - DAG(s) 'example_python_operator' retrieved from /home/airflow/.local/lib/python3.8/site-packages/airflow/example_dags/example_python_operator.py
[2023-12-20T17:28:27.198+0000] {logging_mixin.py:188} INFO - [2023-12-20T17:28:27.197+0000] {dag.py:3033} INFO - Sync 1 DAGs
[2023-12-20T17:28:27.233+0000] {logging_mixin.py:188} INFO - [2023-12-20T17:28:27.232+0000] {dag.py:3820} INFO - Setting next_dagrun for example_python_operator to None, run_after=None
[2023-12-20T17:28:27.275+0000] {processor.py:183} INFO - Processing /home/airflow/.local/lib/python3.8/site-packages/airflow/example_dags/example_python_operator.py took 0.175 seconds
[2023-12-20T17:28:57.667+0000] {processor.py:161} INFO - Started process (PID=377) to work on /home/airflow/.local/lib/python3.8/site-packages/airflow/example_dags/example_python_operator.py
[2023-12-20T17:28:57.668+0000] {processor.py:830} INFO - Processing file /home/airflow/.local/lib/python3.8/site-packages/airflow/example_dags/example_python_operator.py for tasks to queue
[2023-12-20T17:28:57.671+0000] {logging_mixin.py:188} INFO - [2023-12-20T17:28:57.671+0000] {dagbag.py:538} INFO - Filling up the DagBag from /home/airflow/.local/lib/python3.8/site-packages/airflow/example_dags/example_python_operator.py
[2023-12-20T17:28:57.692+0000] {processor.py:840} INFO - DAG(s) 'example_python_operator' retrieved from /home/airflow/.local/lib/python3.8/site-packages/airflow/example_dags/example_python_operator.py
[2023-12-20T17:28:57.735+0000] {logging_mixin.py:188} INFO - [2023-12-20T17:28:57.735+0000] {dag.py:3033} INFO - Sync 1 DAGs
[2023-12-20T17:28:57.761+0000] {logging_mixin.py:188} INFO - [2023-12-20T17:28:57.761+0000] {dag.py:3820} INFO - Setting next_dagrun for example_python_operator to None, run_after=None
[2023-12-20T17:28:57.790+0000] {processor.py:183} INFO - Processing /home/airflow/.local/lib/python3.8/site-packages/airflow/example_dags/example_python_operator.py took 0.127 seconds
[2023-12-20T17:29:28.703+0000] {processor.py:161} INFO - Started process (PID=432) to work on /home/airflow/.local/lib/python3.8/site-packages/airflow/example_dags/example_python_operator.py
[2023-12-20T17:29:28.705+0000] {processor.py:830} INFO - Processing file /home/airflow/.local/lib/python3.8/site-packages/airflow/example_dags/example_python_operator.py for tasks to queue
[2023-12-20T17:29:28.715+0000] {logging_mixin.py:188} INFO - [2023-12-20T17:29:28.715+0000] {dagbag.py:538} INFO - Filling up the DagBag from /home/airflow/.local/lib/python3.8/site-packages/airflow/example_dags/example_python_operator.py
[2023-12-20T17:29:28.762+0000] {processor.py:840} INFO - DAG(s) 'example_python_operator' retrieved from /home/airflow/.local/lib/python3.8/site-packages/airflow/example_dags/example_python_operator.py
[2023-12-20T17:29:28.826+0000] {logging_mixin.py:188} INFO - [2023-12-20T17:29:28.825+0000] {dag.py:3033} INFO - Sync 1 DAGs
[2023-12-20T17:29:28.854+0000] {logging_mixin.py:188} INFO - [2023-12-20T17:29:28.853+0000] {dag.py:3820} INFO - Setting next_dagrun for example_python_operator to None, run_after=None
[2023-12-20T17:29:28.900+0000] {processor.py:183} INFO - Processing /home/airflow/.local/lib/python3.8/site-packages/airflow/example_dags/example_python_operator.py took 0.225 seconds
[2023-12-20T17:29:59.018+0000] {processor.py:161} INFO - Started process (PID=487) to work on /home/airflow/.local/lib/python3.8/site-packages/airflow/example_dags/example_python_operator.py
[2023-12-20T17:29:59.021+0000] {processor.py:830} INFO - Processing file /home/airflow/.local/lib/python3.8/site-packages/airflow/example_dags/example_python_operator.py for tasks to queue
[2023-12-20T17:29:59.028+0000] {logging_mixin.py:188} INFO - [2023-12-20T17:29:59.028+0000] {dagbag.py:538} INFO - Filling up the DagBag from /home/airflow/.local/lib/python3.8/site-packages/airflow/example_dags/example_python_operator.py
[2023-12-20T17:29:59.056+0000] {processor.py:840} INFO - DAG(s) 'example_python_operator' retrieved from /home/airflow/.local/lib/python3.8/site-packages/airflow/example_dags/example_python_operator.py
[2023-12-20T17:29:59.136+0000] {logging_mixin.py:188} INFO - [2023-12-20T17:29:59.136+0000] {dag.py:3033} INFO - Sync 1 DAGs
[2023-12-20T17:29:59.193+0000] {logging_mixin.py:188} INFO - [2023-12-20T17:29:59.193+0000] {dag.py:3820} INFO - Setting next_dagrun for example_python_operator to None, run_after=None
[2023-12-20T17:29:59.256+0000] {processor.py:183} INFO - Processing /home/airflow/.local/lib/python3.8/site-packages/airflow/example_dags/example_python_operator.py took 0.253 seconds
[2023-12-20T17:30:29.552+0000] {processor.py:161} INFO - Started process (PID=542) to work on /home/airflow/.local/lib/python3.8/site-packages/airflow/example_dags/example_python_operator.py
[2023-12-20T17:30:29.553+0000] {processor.py:830} INFO - Processing file /home/airflow/.local/lib/python3.8/site-packages/airflow/example_dags/example_python_operator.py for tasks to queue
[2023-12-20T17:30:29.561+0000] {logging_mixin.py:188} INFO - [2023-12-20T17:30:29.560+0000] {dagbag.py:538} INFO - Filling up the DagBag from /home/airflow/.local/lib/python3.8/site-packages/airflow/example_dags/example_python_operator.py
[2023-12-20T17:30:29.582+0000] {processor.py:840} INFO - DAG(s) 'example_python_operator' retrieved from /home/airflow/.local/lib/python3.8/site-packages/airflow/example_dags/example_python_operator.py
[2023-12-20T17:30:29.645+0000] {logging_mixin.py:188} INFO - [2023-12-20T17:30:29.645+0000] {dag.py:3033} INFO - Sync 1 DAGs
[2023-12-20T17:30:29.677+0000] {logging_mixin.py:188} INFO - [2023-12-20T17:30:29.677+0000] {dag.py:3820} INFO - Setting next_dagrun for example_python_operator to None, run_after=None
[2023-12-20T17:30:29.728+0000] {processor.py:183} INFO - Processing /home/airflow/.local/lib/python3.8/site-packages/airflow/example_dags/example_python_operator.py took 0.201 seconds
[2023-12-20T17:31:00.149+0000] {processor.py:161} INFO - Started process (PID=597) to work on /home/airflow/.local/lib/python3.8/site-packages/airflow/example_dags/example_python_operator.py
[2023-12-20T17:31:00.153+0000] {processor.py:830} INFO - Processing file /home/airflow/.local/lib/python3.8/site-packages/airflow/example_dags/example_python_operator.py for tasks to queue
[2023-12-20T17:31:00.157+0000] {logging_mixin.py:188} INFO - [2023-12-20T17:31:00.156+0000] {dagbag.py:538} INFO - Filling up the DagBag from /home/airflow/.local/lib/python3.8/site-packages/airflow/example_dags/example_python_operator.py
[2023-12-20T17:31:00.182+0000] {processor.py:840} INFO - DAG(s) 'example_python_operator' retrieved from /home/airflow/.local/lib/python3.8/site-packages/airflow/example_dags/example_python_operator.py
[2023-12-20T17:31:00.225+0000] {logging_mixin.py:188} INFO - [2023-12-20T17:31:00.225+0000] {dag.py:3033} INFO - Sync 1 DAGs
[2023-12-20T17:31:00.258+0000] {logging_mixin.py:188} INFO - [2023-12-20T17:31:00.257+0000] {dag.py:3820} INFO - Setting next_dagrun for example_python_operator to None, run_after=None
[2023-12-20T17:31:00.311+0000] {processor.py:183} INFO - Processing /home/airflow/.local/lib/python3.8/site-packages/airflow/example_dags/example_python_operator.py took 0.172 seconds
[2023-12-20T17:31:30.368+0000] {processor.py:161} INFO - Started process (PID=650) to work on /home/airflow/.local/lib/python3.8/site-packages/airflow/example_dags/example_python_operator.py
[2023-12-20T17:31:30.373+0000] {processor.py:830} INFO - Processing file /home/airflow/.local/lib/python3.8/site-packages/airflow/example_dags/example_python_operator.py for tasks to queue
[2023-12-20T17:31:30.383+0000] {logging_mixin.py:188} INFO - [2023-12-20T17:31:30.383+0000] {dagbag.py:538} INFO - Filling up the DagBag from /home/airflow/.local/lib/python3.8/site-packages/airflow/example_dags/example_python_operator.py
[2023-12-20T17:31:30.432+0000] {processor.py:840} INFO - DAG(s) 'example_python_operator' retrieved from /home/airflow/.local/lib/python3.8/site-packages/airflow/example_dags/example_python_operator.py
[2023-12-20T17:31:30.554+0000] {logging_mixin.py:188} INFO - [2023-12-20T17:31:30.550+0000] {dag.py:3033} INFO - Sync 1 DAGs
[2023-12-20T17:31:30.625+0000] {logging_mixin.py:188} INFO - [2023-12-20T17:31:30.622+0000] {dag.py:3820} INFO - Setting next_dagrun for example_python_operator to None, run_after=None
[2023-12-20T17:31:30.683+0000] {processor.py:183} INFO - Processing /home/airflow/.local/lib/python3.8/site-packages/airflow/example_dags/example_python_operator.py took 0.327 seconds
[2023-12-20T17:32:01.435+0000] {processor.py:161} INFO - Started process (PID=706) to work on /home/airflow/.local/lib/python3.8/site-packages/airflow/example_dags/example_python_operator.py
[2023-12-20T17:32:01.436+0000] {processor.py:830} INFO - Processing file /home/airflow/.local/lib/python3.8/site-packages/airflow/example_dags/example_python_operator.py for tasks to queue
[2023-12-20T17:32:01.441+0000] {logging_mixin.py:188} INFO - [2023-12-20T17:32:01.440+0000] {dagbag.py:538} INFO - Filling up the DagBag from /home/airflow/.local/lib/python3.8/site-packages/airflow/example_dags/example_python_operator.py
[2023-12-20T17:32:01.465+0000] {processor.py:840} INFO - DAG(s) 'example_python_operator' retrieved from /home/airflow/.local/lib/python3.8/site-packages/airflow/example_dags/example_python_operator.py
[2023-12-20T17:32:01.523+0000] {logging_mixin.py:188} INFO - [2023-12-20T17:32:01.522+0000] {dag.py:3033} INFO - Sync 1 DAGs
[2023-12-20T17:32:01.561+0000] {logging_mixin.py:188} INFO - [2023-12-20T17:32:01.560+0000] {dag.py:3820} INFO - Setting next_dagrun for example_python_operator to None, run_after=None
[2023-12-20T17:32:01.613+0000] {processor.py:183} INFO - Processing /home/airflow/.local/lib/python3.8/site-packages/airflow/example_dags/example_python_operator.py took 0.189 seconds
[2023-12-20T17:32:32.044+0000] {processor.py:161} INFO - Started process (PID=761) to work on /home/airflow/.local/lib/python3.8/site-packages/airflow/example_dags/example_python_operator.py
[2023-12-20T17:32:32.046+0000] {processor.py:830} INFO - Processing file /home/airflow/.local/lib/python3.8/site-packages/airflow/example_dags/example_python_operator.py for tasks to queue
[2023-12-20T17:32:32.050+0000] {logging_mixin.py:188} INFO - [2023-12-20T17:32:32.049+0000] {dagbag.py:538} INFO - Filling up the DagBag from /home/airflow/.local/lib/python3.8/site-packages/airflow/example_dags/example_python_operator.py
[2023-12-20T17:32:32.079+0000] {processor.py:840} INFO - DAG(s) 'example_python_operator' retrieved from /home/airflow/.local/lib/python3.8/site-packages/airflow/example_dags/example_python_operator.py
[2023-12-20T17:32:32.134+0000] {logging_mixin.py:188} INFO - [2023-12-20T17:32:32.134+0000] {dag.py:3033} INFO - Sync 1 DAGs
[2023-12-20T17:32:32.162+0000] {logging_mixin.py:188} INFO - [2023-12-20T17:32:32.162+0000] {dag.py:3820} INFO - Setting next_dagrun for example_python_operator to None, run_after=None
[2023-12-20T17:32:32.244+0000] {processor.py:183} INFO - Processing /home/airflow/.local/lib/python3.8/site-packages/airflow/example_dags/example_python_operator.py took 0.210 seconds
[2023-12-20T17:33:02.679+0000] {processor.py:161} INFO - Started process (PID=817) to work on /home/airflow/.local/lib/python3.8/site-packages/airflow/example_dags/example_python_operator.py
[2023-12-20T17:33:02.685+0000] {processor.py:830} INFO - Processing file /home/airflow/.local/lib/python3.8/site-packages/airflow/example_dags/example_python_operator.py for tasks to queue
[2023-12-20T17:33:02.693+0000] {logging_mixin.py:188} INFO - [2023-12-20T17:33:02.693+0000] {dagbag.py:538} INFO - Filling up the DagBag from /home/airflow/.local/lib/python3.8/site-packages/airflow/example_dags/example_python_operator.py
[2023-12-20T17:33:02.732+0000] {processor.py:840} INFO - DAG(s) 'example_python_operator' retrieved from /home/airflow/.local/lib/python3.8/site-packages/airflow/example_dags/example_python_operator.py
[2023-12-20T17:33:02.818+0000] {logging_mixin.py:188} INFO - [2023-12-20T17:33:02.818+0000] {dag.py:3033} INFO - Sync 1 DAGs
[2023-12-20T17:33:02.850+0000] {logging_mixin.py:188} INFO - [2023-12-20T17:33:02.850+0000] {dag.py:3820} INFO - Setting next_dagrun for example_python_operator to None, run_after=None
[2023-12-20T17:33:02.906+0000] {processor.py:183} INFO - Processing /home/airflow/.local/lib/python3.8/site-packages/airflow/example_dags/example_python_operator.py took 0.233 seconds
[2023-12-20T17:33:33.606+0000] {processor.py:161} INFO - Started process (PID=872) to work on /home/airflow/.local/lib/python3.8/site-packages/airflow/example_dags/example_python_operator.py
[2023-12-20T17:33:33.615+0000] {processor.py:830} INFO - Processing file /home/airflow/.local/lib/python3.8/site-packages/airflow/example_dags/example_python_operator.py for tasks to queue
[2023-12-20T17:33:33.618+0000] {logging_mixin.py:188} INFO - [2023-12-20T17:33:33.618+0000] {dagbag.py:538} INFO - Filling up the DagBag from /home/airflow/.local/lib/python3.8/site-packages/airflow/example_dags/example_python_operator.py
[2023-12-20T17:33:33.637+0000] {processor.py:840} INFO - DAG(s) 'example_python_operator' retrieved from /home/airflow/.local/lib/python3.8/site-packages/airflow/example_dags/example_python_operator.py
[2023-12-20T17:33:33.674+0000] {logging_mixin.py:188} INFO - [2023-12-20T17:33:33.674+0000] {dag.py:3033} INFO - Sync 1 DAGs
[2023-12-20T17:33:33.698+0000] {logging_mixin.py:188} INFO - [2023-12-20T17:33:33.698+0000] {dag.py:3820} INFO - Setting next_dagrun for example_python_operator to None, run_after=None
[2023-12-20T17:33:33.737+0000] {processor.py:183} INFO - Processing /home/airflow/.local/lib/python3.8/site-packages/airflow/example_dags/example_python_operator.py took 0.138 seconds
[2023-12-20T17:34:04.667+0000] {processor.py:161} INFO - Started process (PID=927) to work on /home/airflow/.local/lib/python3.8/site-packages/airflow/example_dags/example_python_operator.py
[2023-12-20T17:34:04.669+0000] {processor.py:830} INFO - Processing file /home/airflow/.local/lib/python3.8/site-packages/airflow/example_dags/example_python_operator.py for tasks to queue
[2023-12-20T17:34:04.672+0000] {logging_mixin.py:188} INFO - [2023-12-20T17:34:04.672+0000] {dagbag.py:538} INFO - Filling up the DagBag from /home/airflow/.local/lib/python3.8/site-packages/airflow/example_dags/example_python_operator.py
[2023-12-20T17:34:04.699+0000] {processor.py:840} INFO - DAG(s) 'example_python_operator' retrieved from /home/airflow/.local/lib/python3.8/site-packages/airflow/example_dags/example_python_operator.py
[2023-12-20T17:34:04.743+0000] {logging_mixin.py:188} INFO - [2023-12-20T17:34:04.742+0000] {dag.py:3033} INFO - Sync 1 DAGs
[2023-12-20T17:34:04.763+0000] {logging_mixin.py:188} INFO - [2023-12-20T17:34:04.763+0000] {dag.py:3820} INFO - Setting next_dagrun for example_python_operator to None, run_after=None
[2023-12-20T17:34:04.804+0000] {processor.py:183} INFO - Processing /home/airflow/.local/lib/python3.8/site-packages/airflow/example_dags/example_python_operator.py took 0.146 seconds
[2023-12-20T17:34:35.156+0000] {processor.py:161} INFO - Started process (PID=982) to work on /home/airflow/.local/lib/python3.8/site-packages/airflow/example_dags/example_python_operator.py
[2023-12-20T17:34:35.158+0000] {processor.py:830} INFO - Processing file /home/airflow/.local/lib/python3.8/site-packages/airflow/example_dags/example_python_operator.py for tasks to queue
[2023-12-20T17:34:35.161+0000] {logging_mixin.py:188} INFO - [2023-12-20T17:34:35.161+0000] {dagbag.py:538} INFO - Filling up the DagBag from /home/airflow/.local/lib/python3.8/site-packages/airflow/example_dags/example_python_operator.py
[2023-12-20T17:34:35.177+0000] {processor.py:840} INFO - DAG(s) 'example_python_operator' retrieved from /home/airflow/.local/lib/python3.8/site-packages/airflow/example_dags/example_python_operator.py
[2023-12-20T17:34:35.215+0000] {logging_mixin.py:188} INFO - [2023-12-20T17:34:35.215+0000] {dag.py:3033} INFO - Sync 1 DAGs
[2023-12-20T17:34:35.240+0000] {logging_mixin.py:188} INFO - [2023-12-20T17:34:35.239+0000] {dag.py:3820} INFO - Setting next_dagrun for example_python_operator to None, run_after=None
[2023-12-20T17:34:35.272+0000] {processor.py:183} INFO - Processing /home/airflow/.local/lib/python3.8/site-packages/airflow/example_dags/example_python_operator.py took 0.121 seconds
[2023-12-20T17:35:05.786+0000] {processor.py:161} INFO - Started process (PID=1036) to work on /home/airflow/.local/lib/python3.8/site-packages/airflow/example_dags/example_python_operator.py
[2023-12-20T17:35:05.787+0000] {processor.py:830} INFO - Processing file /home/airflow/.local/lib/python3.8/site-packages/airflow/example_dags/example_python_operator.py for tasks to queue
[2023-12-20T17:35:05.791+0000] {logging_mixin.py:188} INFO - [2023-12-20T17:35:05.790+0000] {dagbag.py:538} INFO - Filling up the DagBag from /home/airflow/.local/lib/python3.8/site-packages/airflow/example_dags/example_python_operator.py
[2023-12-20T17:35:05.812+0000] {processor.py:840} INFO - DAG(s) 'example_python_operator' retrieved from /home/airflow/.local/lib/python3.8/site-packages/airflow/example_dags/example_python_operator.py
[2023-12-20T17:35:05.870+0000] {logging_mixin.py:188} INFO - [2023-12-20T17:35:05.870+0000] {dag.py:3033} INFO - Sync 1 DAGs
[2023-12-20T17:35:05.896+0000] {logging_mixin.py:188} INFO - [2023-12-20T17:35:05.896+0000] {dag.py:3820} INFO - Setting next_dagrun for example_python_operator to None, run_after=None
[2023-12-20T17:35:05.937+0000] {processor.py:183} INFO - Processing /home/airflow/.local/lib/python3.8/site-packages/airflow/example_dags/example_python_operator.py took 0.156 seconds
[2023-12-20T17:35:36.180+0000] {processor.py:161} INFO - Started process (PID=1091) to work on /home/airflow/.local/lib/python3.8/site-packages/airflow/example_dags/example_python_operator.py
[2023-12-20T17:35:36.182+0000] {processor.py:830} INFO - Processing file /home/airflow/.local/lib/python3.8/site-packages/airflow/example_dags/example_python_operator.py for tasks to queue
[2023-12-20T17:35:36.185+0000] {logging_mixin.py:188} INFO - [2023-12-20T17:35:36.185+0000] {dagbag.py:538} INFO - Filling up the DagBag from /home/airflow/.local/lib/python3.8/site-packages/airflow/example_dags/example_python_operator.py
[2023-12-20T17:35:36.209+0000] {processor.py:840} INFO - DAG(s) 'example_python_operator' retrieved from /home/airflow/.local/lib/python3.8/site-packages/airflow/example_dags/example_python_operator.py
[2023-12-20T17:35:36.262+0000] {logging_mixin.py:188} INFO - [2023-12-20T17:35:36.261+0000] {dag.py:3033} INFO - Sync 1 DAGs
[2023-12-20T17:35:36.289+0000] {logging_mixin.py:188} INFO - [2023-12-20T17:35:36.289+0000] {dag.py:3820} INFO - Setting next_dagrun for example_python_operator to None, run_after=None
[2023-12-20T17:35:36.340+0000] {processor.py:183} INFO - Processing /home/airflow/.local/lib/python3.8/site-packages/airflow/example_dags/example_python_operator.py took 0.167 seconds
[2023-12-20T17:36:06.535+0000] {processor.py:161} INFO - Started process (PID=1146) to work on /home/airflow/.local/lib/python3.8/site-packages/airflow/example_dags/example_python_operator.py
[2023-12-20T17:36:06.544+0000] {processor.py:830} INFO - Processing file /home/airflow/.local/lib/python3.8/site-packages/airflow/example_dags/example_python_operator.py for tasks to queue
[2023-12-20T17:36:06.547+0000] {logging_mixin.py:188} INFO - [2023-12-20T17:36:06.547+0000] {dagbag.py:538} INFO - Filling up the DagBag from /home/airflow/.local/lib/python3.8/site-packages/airflow/example_dags/example_python_operator.py
[2023-12-20T17:36:06.570+0000] {processor.py:840} INFO - DAG(s) 'example_python_operator' retrieved from /home/airflow/.local/lib/python3.8/site-packages/airflow/example_dags/example_python_operator.py
[2023-12-20T17:36:06.609+0000] {logging_mixin.py:188} INFO - [2023-12-20T17:36:06.609+0000] {dag.py:3033} INFO - Sync 1 DAGs
[2023-12-20T17:36:06.631+0000] {logging_mixin.py:188} INFO - [2023-12-20T17:36:06.631+0000] {dag.py:3820} INFO - Setting next_dagrun for example_python_operator to None, run_after=None
[2023-12-20T17:36:06.669+0000] {processor.py:183} INFO - Processing /home/airflow/.local/lib/python3.8/site-packages/airflow/example_dags/example_python_operator.py took 0.143 seconds
[2023-12-20T17:36:37.669+0000] {processor.py:161} INFO - Started process (PID=1201) to work on /home/airflow/.local/lib/python3.8/site-packages/airflow/example_dags/example_python_operator.py
[2023-12-20T17:36:37.672+0000] {processor.py:830} INFO - Processing file /home/airflow/.local/lib/python3.8/site-packages/airflow/example_dags/example_python_operator.py for tasks to queue
[2023-12-20T17:36:37.681+0000] {logging_mixin.py:188} INFO - [2023-12-20T17:36:37.681+0000] {dagbag.py:538} INFO - Filling up the DagBag from /home/airflow/.local/lib/python3.8/site-packages/airflow/example_dags/example_python_operator.py
[2023-12-20T17:36:37.723+0000] {processor.py:840} INFO - DAG(s) 'example_python_operator' retrieved from /home/airflow/.local/lib/python3.8/site-packages/airflow/example_dags/example_python_operator.py
[2023-12-20T17:36:37.792+0000] {logging_mixin.py:188} INFO - [2023-12-20T17:36:37.792+0000] {dag.py:3033} INFO - Sync 1 DAGs
[2023-12-20T17:36:37.828+0000] {logging_mixin.py:188} INFO - [2023-12-20T17:36:37.828+0000] {dag.py:3820} INFO - Setting next_dagrun for example_python_operator to None, run_after=None
[2023-12-20T17:36:37.877+0000] {processor.py:183} INFO - Processing /home/airflow/.local/lib/python3.8/site-packages/airflow/example_dags/example_python_operator.py took 0.222 seconds
[2023-12-20T17:37:08.429+0000] {processor.py:161} INFO - Started process (PID=1255) to work on /home/airflow/.local/lib/python3.8/site-packages/airflow/example_dags/example_python_operator.py
[2023-12-20T17:37:08.430+0000] {processor.py:830} INFO - Processing file /home/airflow/.local/lib/python3.8/site-packages/airflow/example_dags/example_python_operator.py for tasks to queue
[2023-12-20T17:37:08.432+0000] {logging_mixin.py:188} INFO - [2023-12-20T17:37:08.432+0000] {dagbag.py:538} INFO - Filling up the DagBag from /home/airflow/.local/lib/python3.8/site-packages/airflow/example_dags/example_python_operator.py
[2023-12-20T17:37:08.447+0000] {processor.py:840} INFO - DAG(s) 'example_python_operator' retrieved from /home/airflow/.local/lib/python3.8/site-packages/airflow/example_dags/example_python_operator.py
[2023-12-20T17:37:08.492+0000] {logging_mixin.py:188} INFO - [2023-12-20T17:37:08.492+0000] {dag.py:3033} INFO - Sync 1 DAGs
[2023-12-20T17:37:08.513+0000] {logging_mixin.py:188} INFO - [2023-12-20T17:37:08.513+0000] {dag.py:3820} INFO - Setting next_dagrun for example_python_operator to None, run_after=None
[2023-12-20T17:37:08.540+0000] {processor.py:183} INFO - Processing /home/airflow/.local/lib/python3.8/site-packages/airflow/example_dags/example_python_operator.py took 0.116 seconds
