[2023-12-20T17:21:01.881+0000] {processor.py:161} INFO - Started process (PID=374) to work on /home/airflow/.local/lib/python3.8/site-packages/airflow/example_dags/example_xcom.py
[2023-12-20T17:21:01.883+0000] {processor.py:830} INFO - Processing file /home/airflow/.local/lib/python3.8/site-packages/airflow/example_dags/example_xcom.py for tasks to queue
[2023-12-20T17:21:01.886+0000] {logging_mixin.py:188} INFO - [2023-12-20T17:21:01.885+0000] {dagbag.py:538} INFO - Filling up the DagBag from /home/airflow/.local/lib/python3.8/site-packages/airflow/example_dags/example_xcom.py
[2023-12-20T17:21:01.906+0000] {processor.py:840} INFO - DAG(s) 'example_xcom' retrieved from /home/airflow/.local/lib/python3.8/site-packages/airflow/example_dags/example_xcom.py
[2023-12-20T17:21:02.138+0000] {logging_mixin.py:188} INFO - [2023-12-20T17:21:02.138+0000] {dag.py:3033} INFO - Sync 1 DAGs
[2023-12-20T17:21:02.185+0000] {logging_mixin.py:188} INFO - [2023-12-20T17:21:02.184+0000] {dag.py:3820} INFO - Setting next_dagrun for example_xcom to 2021-01-01T00:00:00+00:00, run_after=2021-01-01T00:00:00+00:00
[2023-12-20T17:21:02.245+0000] {processor.py:183} INFO - Processing /home/airflow/.local/lib/python3.8/site-packages/airflow/example_dags/example_xcom.py took 0.369 seconds
[2023-12-20T17:21:32.886+0000] {processor.py:161} INFO - Started process (PID=623) to work on /home/airflow/.local/lib/python3.8/site-packages/airflow/example_dags/example_xcom.py
[2023-12-20T17:21:32.887+0000] {processor.py:830} INFO - Processing file /home/airflow/.local/lib/python3.8/site-packages/airflow/example_dags/example_xcom.py for tasks to queue
[2023-12-20T17:21:32.889+0000] {logging_mixin.py:188} INFO - [2023-12-20T17:21:32.888+0000] {dagbag.py:538} INFO - Filling up the DagBag from /home/airflow/.local/lib/python3.8/site-packages/airflow/example_dags/example_xcom.py
[2023-12-20T17:21:32.901+0000] {processor.py:840} INFO - DAG(s) 'example_xcom' retrieved from /home/airflow/.local/lib/python3.8/site-packages/airflow/example_dags/example_xcom.py
[2023-12-20T17:21:32.946+0000] {logging_mixin.py:188} INFO - [2023-12-20T17:21:32.945+0000] {dag.py:3033} INFO - Sync 1 DAGs
[2023-12-20T17:21:32.981+0000] {logging_mixin.py:188} INFO - [2023-12-20T17:21:32.981+0000] {dag.py:3820} INFO - Setting next_dagrun for example_xcom to 2021-01-01T00:00:00+00:00, run_after=2021-01-01T00:00:00+00:00
[2023-12-20T17:21:33.016+0000] {processor.py:183} INFO - Processing /home/airflow/.local/lib/python3.8/site-packages/airflow/example_dags/example_xcom.py took 0.136 seconds
[2023-12-20T17:22:03.111+0000] {processor.py:161} INFO - Started process (PID=867) to work on /home/airflow/.local/lib/python3.8/site-packages/airflow/example_dags/example_xcom.py
[2023-12-20T17:22:03.113+0000] {processor.py:830} INFO - Processing file /home/airflow/.local/lib/python3.8/site-packages/airflow/example_dags/example_xcom.py for tasks to queue
[2023-12-20T17:22:03.115+0000] {logging_mixin.py:188} INFO - [2023-12-20T17:22:03.114+0000] {dagbag.py:538} INFO - Filling up the DagBag from /home/airflow/.local/lib/python3.8/site-packages/airflow/example_dags/example_xcom.py
[2023-12-20T17:22:03.127+0000] {processor.py:840} INFO - DAG(s) 'example_xcom' retrieved from /home/airflow/.local/lib/python3.8/site-packages/airflow/example_dags/example_xcom.py
[2023-12-20T17:22:03.161+0000] {logging_mixin.py:188} INFO - [2023-12-20T17:22:03.161+0000] {dag.py:3033} INFO - Sync 1 DAGs
[2023-12-20T17:22:03.191+0000] {logging_mixin.py:188} INFO - [2023-12-20T17:22:03.191+0000] {dag.py:3820} INFO - Setting next_dagrun for example_xcom to 2021-01-01T00:00:00+00:00, run_after=2021-01-01T00:00:00+00:00
[2023-12-20T17:22:03.214+0000] {processor.py:183} INFO - Processing /home/airflow/.local/lib/python3.8/site-packages/airflow/example_dags/example_xcom.py took 0.113 seconds
[2023-12-20T17:22:33.531+0000] {processor.py:161} INFO - Started process (PID=1114) to work on /home/airflow/.local/lib/python3.8/site-packages/airflow/example_dags/example_xcom.py
[2023-12-20T17:22:33.540+0000] {processor.py:830} INFO - Processing file /home/airflow/.local/lib/python3.8/site-packages/airflow/example_dags/example_xcom.py for tasks to queue
[2023-12-20T17:22:33.541+0000] {logging_mixin.py:188} INFO - [2023-12-20T17:22:33.541+0000] {dagbag.py:538} INFO - Filling up the DagBag from /home/airflow/.local/lib/python3.8/site-packages/airflow/example_dags/example_xcom.py
[2023-12-20T17:22:33.555+0000] {processor.py:840} INFO - DAG(s) 'example_xcom' retrieved from /home/airflow/.local/lib/python3.8/site-packages/airflow/example_dags/example_xcom.py
[2023-12-20T17:22:33.631+0000] {logging_mixin.py:188} INFO - [2023-12-20T17:22:33.631+0000] {dag.py:3033} INFO - Sync 1 DAGs
[2023-12-20T17:22:33.696+0000] {logging_mixin.py:188} INFO - [2023-12-20T17:22:33.696+0000] {dag.py:3820} INFO - Setting next_dagrun for example_xcom to 2021-01-01T00:00:00+00:00, run_after=2021-01-01T00:00:00+00:00
[2023-12-20T17:22:33.745+0000] {processor.py:183} INFO - Processing /home/airflow/.local/lib/python3.8/site-packages/airflow/example_dags/example_xcom.py took 0.224 seconds
[2023-12-20T17:23:04.961+0000] {processor.py:161} INFO - Started process (PID=1361) to work on /home/airflow/.local/lib/python3.8/site-packages/airflow/example_dags/example_xcom.py
[2023-12-20T17:23:04.971+0000] {processor.py:830} INFO - Processing file /home/airflow/.local/lib/python3.8/site-packages/airflow/example_dags/example_xcom.py for tasks to queue
[2023-12-20T17:23:04.972+0000] {logging_mixin.py:188} INFO - [2023-12-20T17:23:04.972+0000] {dagbag.py:538} INFO - Filling up the DagBag from /home/airflow/.local/lib/python3.8/site-packages/airflow/example_dags/example_xcom.py
[2023-12-20T17:23:04.989+0000] {processor.py:840} INFO - DAG(s) 'example_xcom' retrieved from /home/airflow/.local/lib/python3.8/site-packages/airflow/example_dags/example_xcom.py
[2023-12-20T17:23:05.042+0000] {logging_mixin.py:188} INFO - [2023-12-20T17:23:05.041+0000] {dag.py:3033} INFO - Sync 1 DAGs
[2023-12-20T17:23:05.103+0000] {logging_mixin.py:188} INFO - [2023-12-20T17:23:05.103+0000] {dag.py:3820} INFO - Setting next_dagrun for example_xcom to 2021-01-01T00:00:00+00:00, run_after=2021-01-01T00:00:00+00:00
[2023-12-20T17:23:05.145+0000] {processor.py:183} INFO - Processing /home/airflow/.local/lib/python3.8/site-packages/airflow/example_dags/example_xcom.py took 0.193 seconds
[2023-12-20T17:23:35.965+0000] {processor.py:161} INFO - Started process (PID=1608) to work on /home/airflow/.local/lib/python3.8/site-packages/airflow/example_dags/example_xcom.py
[2023-12-20T17:23:35.966+0000] {processor.py:830} INFO - Processing file /home/airflow/.local/lib/python3.8/site-packages/airflow/example_dags/example_xcom.py for tasks to queue
[2023-12-20T17:23:35.968+0000] {logging_mixin.py:188} INFO - [2023-12-20T17:23:35.967+0000] {dagbag.py:538} INFO - Filling up the DagBag from /home/airflow/.local/lib/python3.8/site-packages/airflow/example_dags/example_xcom.py
[2023-12-20T17:23:35.982+0000] {processor.py:840} INFO - DAG(s) 'example_xcom' retrieved from /home/airflow/.local/lib/python3.8/site-packages/airflow/example_dags/example_xcom.py
[2023-12-20T17:23:36.031+0000] {logging_mixin.py:188} INFO - [2023-12-20T17:23:36.031+0000] {dag.py:3033} INFO - Sync 1 DAGs
[2023-12-20T17:23:36.070+0000] {logging_mixin.py:188} INFO - [2023-12-20T17:23:36.070+0000] {dag.py:3820} INFO - Setting next_dagrun for example_xcom to 2021-01-01T00:00:00+00:00, run_after=2021-01-01T00:00:00+00:00
[2023-12-20T17:23:36.105+0000] {processor.py:183} INFO - Processing /home/airflow/.local/lib/python3.8/site-packages/airflow/example_dags/example_xcom.py took 0.146 seconds
[2023-12-20T17:24:06.620+0000] {processor.py:161} INFO - Started process (PID=1855) to work on /home/airflow/.local/lib/python3.8/site-packages/airflow/example_dags/example_xcom.py
[2023-12-20T17:24:06.622+0000] {processor.py:830} INFO - Processing file /home/airflow/.local/lib/python3.8/site-packages/airflow/example_dags/example_xcom.py for tasks to queue
[2023-12-20T17:24:06.624+0000] {logging_mixin.py:188} INFO - [2023-12-20T17:24:06.624+0000] {dagbag.py:538} INFO - Filling up the DagBag from /home/airflow/.local/lib/python3.8/site-packages/airflow/example_dags/example_xcom.py
[2023-12-20T17:24:06.637+0000] {processor.py:840} INFO - DAG(s) 'example_xcom' retrieved from /home/airflow/.local/lib/python3.8/site-packages/airflow/example_dags/example_xcom.py
[2023-12-20T17:24:06.682+0000] {logging_mixin.py:188} INFO - [2023-12-20T17:24:06.681+0000] {dag.py:3033} INFO - Sync 1 DAGs
[2023-12-20T17:24:06.724+0000] {logging_mixin.py:188} INFO - [2023-12-20T17:24:06.724+0000] {dag.py:3820} INFO - Setting next_dagrun for example_xcom to 2021-01-01T00:00:00+00:00, run_after=2021-01-01T00:00:00+00:00
[2023-12-20T17:24:06.758+0000] {processor.py:183} INFO - Processing /home/airflow/.local/lib/python3.8/site-packages/airflow/example_dags/example_xcom.py took 0.145 seconds
[2023-12-20T17:26:01.227+0000] {processor.py:161} INFO - Started process (PID=78) to work on /home/airflow/.local/lib/python3.8/site-packages/airflow/example_dags/example_xcom.py
[2023-12-20T17:26:01.228+0000] {processor.py:830} INFO - Processing file /home/airflow/.local/lib/python3.8/site-packages/airflow/example_dags/example_xcom.py for tasks to queue
[2023-12-20T17:26:01.231+0000] {logging_mixin.py:188} INFO - [2023-12-20T17:26:01.231+0000] {dagbag.py:538} INFO - Filling up the DagBag from /home/airflow/.local/lib/python3.8/site-packages/airflow/example_dags/example_xcom.py
[2023-12-20T17:26:01.243+0000] {processor.py:840} INFO - DAG(s) 'example_xcom' retrieved from /home/airflow/.local/lib/python3.8/site-packages/airflow/example_dags/example_xcom.py
[2023-12-20T17:26:01.465+0000] {logging_mixin.py:188} INFO - [2023-12-20T17:26:01.464+0000] {dag.py:3033} INFO - Sync 1 DAGs
[2023-12-20T17:26:01.500+0000] {logging_mixin.py:188} INFO - [2023-12-20T17:26:01.500+0000] {dag.py:3820} INFO - Setting next_dagrun for example_xcom to 2021-01-01T00:00:00+00:00, run_after=2021-01-01T00:00:00+00:00
[2023-12-20T17:26:01.534+0000] {processor.py:183} INFO - Processing /home/airflow/.local/lib/python3.8/site-packages/airflow/example_dags/example_xcom.py took 0.312 seconds
[2023-12-20T17:26:31.784+0000] {processor.py:161} INFO - Started process (PID=132) to work on /home/airflow/.local/lib/python3.8/site-packages/airflow/example_dags/example_xcom.py
[2023-12-20T17:26:31.785+0000] {processor.py:830} INFO - Processing file /home/airflow/.local/lib/python3.8/site-packages/airflow/example_dags/example_xcom.py for tasks to queue
[2023-12-20T17:26:31.791+0000] {logging_mixin.py:188} INFO - [2023-12-20T17:26:31.790+0000] {dagbag.py:538} INFO - Filling up the DagBag from /home/airflow/.local/lib/python3.8/site-packages/airflow/example_dags/example_xcom.py
[2023-12-20T17:26:31.815+0000] {processor.py:840} INFO - DAG(s) 'example_xcom' retrieved from /home/airflow/.local/lib/python3.8/site-packages/airflow/example_dags/example_xcom.py
[2023-12-20T17:26:31.885+0000] {logging_mixin.py:188} INFO - [2023-12-20T17:26:31.884+0000] {dag.py:3033} INFO - Sync 1 DAGs
[2023-12-20T17:26:31.931+0000] {logging_mixin.py:188} INFO - [2023-12-20T17:26:31.931+0000] {dag.py:3820} INFO - Setting next_dagrun for example_xcom to 2021-01-01T00:00:00+00:00, run_after=2021-01-01T00:00:00+00:00
[2023-12-20T17:26:31.987+0000] {processor.py:183} INFO - Processing /home/airflow/.local/lib/python3.8/site-packages/airflow/example_dags/example_xcom.py took 0.208 seconds
[2023-12-20T17:27:02.099+0000] {processor.py:161} INFO - Started process (PID=186) to work on /home/airflow/.local/lib/python3.8/site-packages/airflow/example_dags/example_xcom.py
[2023-12-20T17:27:02.100+0000] {processor.py:830} INFO - Processing file /home/airflow/.local/lib/python3.8/site-packages/airflow/example_dags/example_xcom.py for tasks to queue
[2023-12-20T17:27:02.104+0000] {logging_mixin.py:188} INFO - [2023-12-20T17:27:02.104+0000] {dagbag.py:538} INFO - Filling up the DagBag from /home/airflow/.local/lib/python3.8/site-packages/airflow/example_dags/example_xcom.py
[2023-12-20T17:27:02.118+0000] {processor.py:840} INFO - DAG(s) 'example_xcom' retrieved from /home/airflow/.local/lib/python3.8/site-packages/airflow/example_dags/example_xcom.py
[2023-12-20T17:27:02.155+0000] {logging_mixin.py:188} INFO - [2023-12-20T17:27:02.154+0000] {dag.py:3033} INFO - Sync 1 DAGs
[2023-12-20T17:27:02.187+0000] {logging_mixin.py:188} INFO - [2023-12-20T17:27:02.186+0000] {dag.py:3820} INFO - Setting next_dagrun for example_xcom to 2021-01-01T00:00:00+00:00, run_after=2021-01-01T00:00:00+00:00
[2023-12-20T17:27:02.220+0000] {processor.py:183} INFO - Processing /home/airflow/.local/lib/python3.8/site-packages/airflow/example_dags/example_xcom.py took 0.126 seconds
[2023-12-20T17:27:32.617+0000] {processor.py:161} INFO - Started process (PID=241) to work on /home/airflow/.local/lib/python3.8/site-packages/airflow/example_dags/example_xcom.py
[2023-12-20T17:27:32.618+0000] {processor.py:830} INFO - Processing file /home/airflow/.local/lib/python3.8/site-packages/airflow/example_dags/example_xcom.py for tasks to queue
[2023-12-20T17:27:32.621+0000] {logging_mixin.py:188} INFO - [2023-12-20T17:27:32.621+0000] {dagbag.py:538} INFO - Filling up the DagBag from /home/airflow/.local/lib/python3.8/site-packages/airflow/example_dags/example_xcom.py
[2023-12-20T17:27:32.632+0000] {processor.py:840} INFO - DAG(s) 'example_xcom' retrieved from /home/airflow/.local/lib/python3.8/site-packages/airflow/example_dags/example_xcom.py
[2023-12-20T17:27:32.666+0000] {logging_mixin.py:188} INFO - [2023-12-20T17:27:32.666+0000] {dag.py:3033} INFO - Sync 1 DAGs
[2023-12-20T17:27:32.705+0000] {logging_mixin.py:188} INFO - [2023-12-20T17:27:32.704+0000] {dag.py:3820} INFO - Setting next_dagrun for example_xcom to 2021-01-01T00:00:00+00:00, run_after=2021-01-01T00:00:00+00:00
[2023-12-20T17:27:32.737+0000] {processor.py:183} INFO - Processing /home/airflow/.local/lib/python3.8/site-packages/airflow/example_dags/example_xcom.py took 0.125 seconds
[2023-12-20T17:28:03.452+0000] {processor.py:161} INFO - Started process (PID=296) to work on /home/airflow/.local/lib/python3.8/site-packages/airflow/example_dags/example_xcom.py
[2023-12-20T17:28:03.453+0000] {processor.py:830} INFO - Processing file /home/airflow/.local/lib/python3.8/site-packages/airflow/example_dags/example_xcom.py for tasks to queue
[2023-12-20T17:28:03.458+0000] {logging_mixin.py:188} INFO - [2023-12-20T17:28:03.457+0000] {dagbag.py:538} INFO - Filling up the DagBag from /home/airflow/.local/lib/python3.8/site-packages/airflow/example_dags/example_xcom.py
[2023-12-20T17:28:03.479+0000] {processor.py:840} INFO - DAG(s) 'example_xcom' retrieved from /home/airflow/.local/lib/python3.8/site-packages/airflow/example_dags/example_xcom.py
[2023-12-20T17:28:03.533+0000] {logging_mixin.py:188} INFO - [2023-12-20T17:28:03.533+0000] {dag.py:3033} INFO - Sync 1 DAGs
[2023-12-20T17:28:03.580+0000] {logging_mixin.py:188} INFO - [2023-12-20T17:28:03.579+0000] {dag.py:3820} INFO - Setting next_dagrun for example_xcom to 2021-01-01T00:00:00+00:00, run_after=2021-01-01T00:00:00+00:00
[2023-12-20T17:28:03.625+0000] {processor.py:183} INFO - Processing /home/airflow/.local/lib/python3.8/site-packages/airflow/example_dags/example_xcom.py took 0.181 seconds
[2023-12-20T17:28:33.713+0000] {processor.py:161} INFO - Started process (PID=350) to work on /home/airflow/.local/lib/python3.8/site-packages/airflow/example_dags/example_xcom.py
[2023-12-20T17:28:33.716+0000] {processor.py:830} INFO - Processing file /home/airflow/.local/lib/python3.8/site-packages/airflow/example_dags/example_xcom.py for tasks to queue
[2023-12-20T17:28:33.723+0000] {logging_mixin.py:188} INFO - [2023-12-20T17:28:33.722+0000] {dagbag.py:538} INFO - Filling up the DagBag from /home/airflow/.local/lib/python3.8/site-packages/airflow/example_dags/example_xcom.py
[2023-12-20T17:28:33.737+0000] {processor.py:840} INFO - DAG(s) 'example_xcom' retrieved from /home/airflow/.local/lib/python3.8/site-packages/airflow/example_dags/example_xcom.py
[2023-12-20T17:28:33.783+0000] {logging_mixin.py:188} INFO - [2023-12-20T17:28:33.783+0000] {dag.py:3033} INFO - Sync 1 DAGs
[2023-12-20T17:28:33.832+0000] {logging_mixin.py:188} INFO - [2023-12-20T17:28:33.831+0000] {dag.py:3820} INFO - Setting next_dagrun for example_xcom to 2021-01-01T00:00:00+00:00, run_after=2021-01-01T00:00:00+00:00
[2023-12-20T17:28:33.877+0000] {processor.py:183} INFO - Processing /home/airflow/.local/lib/python3.8/site-packages/airflow/example_dags/example_xcom.py took 0.171 seconds
[2023-12-20T17:29:04.633+0000] {processor.py:161} INFO - Started process (PID=405) to work on /home/airflow/.local/lib/python3.8/site-packages/airflow/example_dags/example_xcom.py
[2023-12-20T17:29:04.635+0000] {processor.py:830} INFO - Processing file /home/airflow/.local/lib/python3.8/site-packages/airflow/example_dags/example_xcom.py for tasks to queue
[2023-12-20T17:29:04.641+0000] {logging_mixin.py:188} INFO - [2023-12-20T17:29:04.641+0000] {dagbag.py:538} INFO - Filling up the DagBag from /home/airflow/.local/lib/python3.8/site-packages/airflow/example_dags/example_xcom.py
[2023-12-20T17:29:04.668+0000] {processor.py:840} INFO - DAG(s) 'example_xcom' retrieved from /home/airflow/.local/lib/python3.8/site-packages/airflow/example_dags/example_xcom.py
[2023-12-20T17:29:04.724+0000] {logging_mixin.py:188} INFO - [2023-12-20T17:29:04.724+0000] {dag.py:3033} INFO - Sync 1 DAGs
[2023-12-20T17:29:04.781+0000] {logging_mixin.py:188} INFO - [2023-12-20T17:29:04.781+0000] {dag.py:3820} INFO - Setting next_dagrun for example_xcom to 2021-01-01T00:00:00+00:00, run_after=2021-01-01T00:00:00+00:00
[2023-12-20T17:29:04.827+0000] {processor.py:183} INFO - Processing /home/airflow/.local/lib/python3.8/site-packages/airflow/example_dags/example_xcom.py took 0.201 seconds
[2023-12-20T17:29:35.105+0000] {processor.py:161} INFO - Started process (PID=460) to work on /home/airflow/.local/lib/python3.8/site-packages/airflow/example_dags/example_xcom.py
[2023-12-20T17:29:35.106+0000] {processor.py:830} INFO - Processing file /home/airflow/.local/lib/python3.8/site-packages/airflow/example_dags/example_xcom.py for tasks to queue
[2023-12-20T17:29:35.111+0000] {logging_mixin.py:188} INFO - [2023-12-20T17:29:35.111+0000] {dagbag.py:538} INFO - Filling up the DagBag from /home/airflow/.local/lib/python3.8/site-packages/airflow/example_dags/example_xcom.py
[2023-12-20T17:29:35.124+0000] {processor.py:840} INFO - DAG(s) 'example_xcom' retrieved from /home/airflow/.local/lib/python3.8/site-packages/airflow/example_dags/example_xcom.py
[2023-12-20T17:29:35.166+0000] {logging_mixin.py:188} INFO - [2023-12-20T17:29:35.166+0000] {dag.py:3033} INFO - Sync 1 DAGs
[2023-12-20T17:29:35.206+0000] {logging_mixin.py:188} INFO - [2023-12-20T17:29:35.205+0000] {dag.py:3820} INFO - Setting next_dagrun for example_xcom to 2021-01-01T00:00:00+00:00, run_after=2021-01-01T00:00:00+00:00
[2023-12-20T17:29:35.243+0000] {processor.py:183} INFO - Processing /home/airflow/.local/lib/python3.8/site-packages/airflow/example_dags/example_xcom.py took 0.144 seconds
[2023-12-20T17:30:08.008+0000] {processor.py:161} INFO - Started process (PID=515) to work on /home/airflow/.local/lib/python3.8/site-packages/airflow/example_dags/example_xcom.py
[2023-12-20T17:30:08.009+0000] {processor.py:830} INFO - Processing file /home/airflow/.local/lib/python3.8/site-packages/airflow/example_dags/example_xcom.py for tasks to queue
[2023-12-20T17:30:08.015+0000] {logging_mixin.py:188} INFO - [2023-12-20T17:30:08.014+0000] {dagbag.py:538} INFO - Filling up the DagBag from /home/airflow/.local/lib/python3.8/site-packages/airflow/example_dags/example_xcom.py
[2023-12-20T17:30:08.042+0000] {processor.py:840} INFO - DAG(s) 'example_xcom' retrieved from /home/airflow/.local/lib/python3.8/site-packages/airflow/example_dags/example_xcom.py
[2023-12-20T17:30:08.180+0000] {logging_mixin.py:188} INFO - [2023-12-20T17:30:08.179+0000] {dag.py:3033} INFO - Sync 1 DAGs
[2023-12-20T17:30:08.282+0000] {logging_mixin.py:188} INFO - [2023-12-20T17:30:08.282+0000] {dag.py:3820} INFO - Setting next_dagrun for example_xcom to 2021-01-01T00:00:00+00:00, run_after=2021-01-01T00:00:00+00:00
[2023-12-20T17:30:08.341+0000] {processor.py:183} INFO - Processing /home/airflow/.local/lib/python3.8/site-packages/airflow/example_dags/example_xcom.py took 0.340 seconds
[2023-12-20T17:30:38.575+0000] {processor.py:161} INFO - Started process (PID=570) to work on /home/airflow/.local/lib/python3.8/site-packages/airflow/example_dags/example_xcom.py
[2023-12-20T17:30:38.577+0000] {processor.py:830} INFO - Processing file /home/airflow/.local/lib/python3.8/site-packages/airflow/example_dags/example_xcom.py for tasks to queue
[2023-12-20T17:30:38.587+0000] {logging_mixin.py:188} INFO - [2023-12-20T17:30:38.586+0000] {dagbag.py:538} INFO - Filling up the DagBag from /home/airflow/.local/lib/python3.8/site-packages/airflow/example_dags/example_xcom.py
[2023-12-20T17:30:38.612+0000] {processor.py:840} INFO - DAG(s) 'example_xcom' retrieved from /home/airflow/.local/lib/python3.8/site-packages/airflow/example_dags/example_xcom.py
[2023-12-20T17:30:38.680+0000] {logging_mixin.py:188} INFO - [2023-12-20T17:30:38.680+0000] {dag.py:3033} INFO - Sync 1 DAGs
[2023-12-20T17:30:38.731+0000] {logging_mixin.py:188} INFO - [2023-12-20T17:30:38.731+0000] {dag.py:3820} INFO - Setting next_dagrun for example_xcom to 2021-01-01T00:00:00+00:00, run_after=2021-01-01T00:00:00+00:00
[2023-12-20T17:30:38.777+0000] {processor.py:183} INFO - Processing /home/airflow/.local/lib/python3.8/site-packages/airflow/example_dags/example_xcom.py took 0.210 seconds
[2023-12-20T17:31:08.865+0000] {processor.py:161} INFO - Started process (PID=625) to work on /home/airflow/.local/lib/python3.8/site-packages/airflow/example_dags/example_xcom.py
[2023-12-20T17:31:08.866+0000] {processor.py:830} INFO - Processing file /home/airflow/.local/lib/python3.8/site-packages/airflow/example_dags/example_xcom.py for tasks to queue
[2023-12-20T17:31:08.870+0000] {logging_mixin.py:188} INFO - [2023-12-20T17:31:08.870+0000] {dagbag.py:538} INFO - Filling up the DagBag from /home/airflow/.local/lib/python3.8/site-packages/airflow/example_dags/example_xcom.py
[2023-12-20T17:31:08.882+0000] {processor.py:840} INFO - DAG(s) 'example_xcom' retrieved from /home/airflow/.local/lib/python3.8/site-packages/airflow/example_dags/example_xcom.py
[2023-12-20T17:31:08.925+0000] {logging_mixin.py:188} INFO - [2023-12-20T17:31:08.925+0000] {dag.py:3033} INFO - Sync 1 DAGs
[2023-12-20T17:31:08.964+0000] {logging_mixin.py:188} INFO - [2023-12-20T17:31:08.964+0000] {dag.py:3820} INFO - Setting next_dagrun for example_xcom to 2021-01-01T00:00:00+00:00, run_after=2021-01-01T00:00:00+00:00
[2023-12-20T17:31:09.016+0000] {processor.py:183} INFO - Processing /home/airflow/.local/lib/python3.8/site-packages/airflow/example_dags/example_xcom.py took 0.156 seconds
[2023-12-20T17:31:39.591+0000] {processor.py:161} INFO - Started process (PID=679) to work on /home/airflow/.local/lib/python3.8/site-packages/airflow/example_dags/example_xcom.py
[2023-12-20T17:31:39.600+0000] {processor.py:830} INFO - Processing file /home/airflow/.local/lib/python3.8/site-packages/airflow/example_dags/example_xcom.py for tasks to queue
[2023-12-20T17:31:39.606+0000] {logging_mixin.py:188} INFO - [2023-12-20T17:31:39.606+0000] {dagbag.py:538} INFO - Filling up the DagBag from /home/airflow/.local/lib/python3.8/site-packages/airflow/example_dags/example_xcom.py
[2023-12-20T17:31:39.627+0000] {processor.py:840} INFO - DAG(s) 'example_xcom' retrieved from /home/airflow/.local/lib/python3.8/site-packages/airflow/example_dags/example_xcom.py
[2023-12-20T17:31:39.684+0000] {logging_mixin.py:188} INFO - [2023-12-20T17:31:39.683+0000] {dag.py:3033} INFO - Sync 1 DAGs
[2023-12-20T17:31:39.745+0000] {logging_mixin.py:188} INFO - [2023-12-20T17:31:39.745+0000] {dag.py:3820} INFO - Setting next_dagrun for example_xcom to 2021-01-01T00:00:00+00:00, run_after=2021-01-01T00:00:00+00:00
[2023-12-20T17:31:39.804+0000] {processor.py:183} INFO - Processing /home/airflow/.local/lib/python3.8/site-packages/airflow/example_dags/example_xcom.py took 0.224 seconds
[2023-12-20T17:32:10.425+0000] {processor.py:161} INFO - Started process (PID=734) to work on /home/airflow/.local/lib/python3.8/site-packages/airflow/example_dags/example_xcom.py
[2023-12-20T17:32:10.427+0000] {processor.py:830} INFO - Processing file /home/airflow/.local/lib/python3.8/site-packages/airflow/example_dags/example_xcom.py for tasks to queue
[2023-12-20T17:32:10.431+0000] {logging_mixin.py:188} INFO - [2023-12-20T17:32:10.431+0000] {dagbag.py:538} INFO - Filling up the DagBag from /home/airflow/.local/lib/python3.8/site-packages/airflow/example_dags/example_xcom.py
[2023-12-20T17:32:10.448+0000] {processor.py:840} INFO - DAG(s) 'example_xcom' retrieved from /home/airflow/.local/lib/python3.8/site-packages/airflow/example_dags/example_xcom.py
[2023-12-20T17:32:10.495+0000] {logging_mixin.py:188} INFO - [2023-12-20T17:32:10.494+0000] {dag.py:3033} INFO - Sync 1 DAGs
[2023-12-20T17:32:10.543+0000] {logging_mixin.py:188} INFO - [2023-12-20T17:32:10.543+0000] {dag.py:3820} INFO - Setting next_dagrun for example_xcom to 2021-01-01T00:00:00+00:00, run_after=2021-01-01T00:00:00+00:00
[2023-12-20T17:32:10.588+0000] {processor.py:183} INFO - Processing /home/airflow/.local/lib/python3.8/site-packages/airflow/example_dags/example_xcom.py took 0.169 seconds
[2023-12-20T17:32:41.050+0000] {processor.py:161} INFO - Started process (PID=789) to work on /home/airflow/.local/lib/python3.8/site-packages/airflow/example_dags/example_xcom.py
[2023-12-20T17:32:41.051+0000] {processor.py:830} INFO - Processing file /home/airflow/.local/lib/python3.8/site-packages/airflow/example_dags/example_xcom.py for tasks to queue
[2023-12-20T17:32:41.054+0000] {logging_mixin.py:188} INFO - [2023-12-20T17:32:41.053+0000] {dagbag.py:538} INFO - Filling up the DagBag from /home/airflow/.local/lib/python3.8/site-packages/airflow/example_dags/example_xcom.py
[2023-12-20T17:32:41.068+0000] {processor.py:840} INFO - DAG(s) 'example_xcom' retrieved from /home/airflow/.local/lib/python3.8/site-packages/airflow/example_dags/example_xcom.py
[2023-12-20T17:32:41.107+0000] {logging_mixin.py:188} INFO - [2023-12-20T17:32:41.106+0000] {dag.py:3033} INFO - Sync 1 DAGs
[2023-12-20T17:32:41.162+0000] {logging_mixin.py:188} INFO - [2023-12-20T17:32:41.162+0000] {dag.py:3820} INFO - Setting next_dagrun for example_xcom to 2021-01-01T00:00:00+00:00, run_after=2021-01-01T00:00:00+00:00
[2023-12-20T17:32:41.202+0000] {processor.py:183} INFO - Processing /home/airflow/.local/lib/python3.8/site-packages/airflow/example_dags/example_xcom.py took 0.160 seconds
[2023-12-20T17:33:11.982+0000] {processor.py:161} INFO - Started process (PID=845) to work on /home/airflow/.local/lib/python3.8/site-packages/airflow/example_dags/example_xcom.py
[2023-12-20T17:33:11.983+0000] {processor.py:830} INFO - Processing file /home/airflow/.local/lib/python3.8/site-packages/airflow/example_dags/example_xcom.py for tasks to queue
[2023-12-20T17:33:11.990+0000] {logging_mixin.py:188} INFO - [2023-12-20T17:33:11.989+0000] {dagbag.py:538} INFO - Filling up the DagBag from /home/airflow/.local/lib/python3.8/site-packages/airflow/example_dags/example_xcom.py
[2023-12-20T17:33:12.004+0000] {processor.py:840} INFO - DAG(s) 'example_xcom' retrieved from /home/airflow/.local/lib/python3.8/site-packages/airflow/example_dags/example_xcom.py
[2023-12-20T17:33:12.076+0000] {logging_mixin.py:188} INFO - [2023-12-20T17:33:12.075+0000] {dag.py:3033} INFO - Sync 1 DAGs
[2023-12-20T17:33:12.137+0000] {logging_mixin.py:188} INFO - [2023-12-20T17:33:12.136+0000] {dag.py:3820} INFO - Setting next_dagrun for example_xcom to 2021-01-01T00:00:00+00:00, run_after=2021-01-01T00:00:00+00:00
[2023-12-20T17:33:12.241+0000] {processor.py:183} INFO - Processing /home/airflow/.local/lib/python3.8/site-packages/airflow/example_dags/example_xcom.py took 0.267 seconds
[2023-12-20T17:33:43.018+0000] {processor.py:161} INFO - Started process (PID=900) to work on /home/airflow/.local/lib/python3.8/site-packages/airflow/example_dags/example_xcom.py
[2023-12-20T17:33:43.031+0000] {processor.py:830} INFO - Processing file /home/airflow/.local/lib/python3.8/site-packages/airflow/example_dags/example_xcom.py for tasks to queue
[2023-12-20T17:33:43.034+0000] {logging_mixin.py:188} INFO - [2023-12-20T17:33:43.033+0000] {dagbag.py:538} INFO - Filling up the DagBag from /home/airflow/.local/lib/python3.8/site-packages/airflow/example_dags/example_xcom.py
[2023-12-20T17:33:43.068+0000] {processor.py:840} INFO - DAG(s) 'example_xcom' retrieved from /home/airflow/.local/lib/python3.8/site-packages/airflow/example_dags/example_xcom.py
[2023-12-20T17:33:43.194+0000] {logging_mixin.py:188} INFO - [2023-12-20T17:33:43.194+0000] {dag.py:3033} INFO - Sync 1 DAGs
[2023-12-20T17:33:43.296+0000] {logging_mixin.py:188} INFO - [2023-12-20T17:33:43.294+0000] {dag.py:3820} INFO - Setting next_dagrun for example_xcom to 2021-01-01T00:00:00+00:00, run_after=2021-01-01T00:00:00+00:00
[2023-12-20T17:33:43.345+0000] {processor.py:183} INFO - Processing /home/airflow/.local/lib/python3.8/site-packages/airflow/example_dags/example_xcom.py took 0.342 seconds
[2023-12-20T17:34:13.975+0000] {processor.py:161} INFO - Started process (PID=955) to work on /home/airflow/.local/lib/python3.8/site-packages/airflow/example_dags/example_xcom.py
[2023-12-20T17:34:13.977+0000] {processor.py:830} INFO - Processing file /home/airflow/.local/lib/python3.8/site-packages/airflow/example_dags/example_xcom.py for tasks to queue
[2023-12-20T17:34:13.981+0000] {logging_mixin.py:188} INFO - [2023-12-20T17:34:13.980+0000] {dagbag.py:538} INFO - Filling up the DagBag from /home/airflow/.local/lib/python3.8/site-packages/airflow/example_dags/example_xcom.py
[2023-12-20T17:34:14.021+0000] {processor.py:840} INFO - DAG(s) 'example_xcom' retrieved from /home/airflow/.local/lib/python3.8/site-packages/airflow/example_dags/example_xcom.py
[2023-12-20T17:34:14.108+0000] {logging_mixin.py:188} INFO - [2023-12-20T17:34:14.107+0000] {dag.py:3033} INFO - Sync 1 DAGs
[2023-12-20T17:34:14.157+0000] {logging_mixin.py:188} INFO - [2023-12-20T17:34:14.157+0000] {dag.py:3820} INFO - Setting next_dagrun for example_xcom to 2021-01-01T00:00:00+00:00, run_after=2021-01-01T00:00:00+00:00
[2023-12-20T17:34:14.222+0000] {processor.py:183} INFO - Processing /home/airflow/.local/lib/python3.8/site-packages/airflow/example_dags/example_xcom.py took 0.276 seconds
[2023-12-20T17:34:44.411+0000] {processor.py:161} INFO - Started process (PID=1010) to work on /home/airflow/.local/lib/python3.8/site-packages/airflow/example_dags/example_xcom.py
[2023-12-20T17:34:44.412+0000] {processor.py:830} INFO - Processing file /home/airflow/.local/lib/python3.8/site-packages/airflow/example_dags/example_xcom.py for tasks to queue
[2023-12-20T17:34:44.422+0000] {logging_mixin.py:188} INFO - [2023-12-20T17:34:44.422+0000] {dagbag.py:538} INFO - Filling up the DagBag from /home/airflow/.local/lib/python3.8/site-packages/airflow/example_dags/example_xcom.py
[2023-12-20T17:34:44.452+0000] {processor.py:840} INFO - DAG(s) 'example_xcom' retrieved from /home/airflow/.local/lib/python3.8/site-packages/airflow/example_dags/example_xcom.py
[2023-12-20T17:34:44.508+0000] {logging_mixin.py:188} INFO - [2023-12-20T17:34:44.508+0000] {dag.py:3033} INFO - Sync 1 DAGs
[2023-12-20T17:34:44.596+0000] {logging_mixin.py:188} INFO - [2023-12-20T17:34:44.596+0000] {dag.py:3820} INFO - Setting next_dagrun for example_xcom to 2021-01-01T00:00:00+00:00, run_after=2021-01-01T00:00:00+00:00
[2023-12-20T17:34:44.650+0000] {processor.py:183} INFO - Processing /home/airflow/.local/lib/python3.8/site-packages/airflow/example_dags/example_xcom.py took 0.247 seconds
[2023-12-20T17:35:14.797+0000] {processor.py:161} INFO - Started process (PID=1064) to work on /home/airflow/.local/lib/python3.8/site-packages/airflow/example_dags/example_xcom.py
[2023-12-20T17:35:14.806+0000] {processor.py:830} INFO - Processing file /home/airflow/.local/lib/python3.8/site-packages/airflow/example_dags/example_xcom.py for tasks to queue
[2023-12-20T17:35:14.810+0000] {logging_mixin.py:188} INFO - [2023-12-20T17:35:14.810+0000] {dagbag.py:538} INFO - Filling up the DagBag from /home/airflow/.local/lib/python3.8/site-packages/airflow/example_dags/example_xcom.py
[2023-12-20T17:35:14.841+0000] {processor.py:840} INFO - DAG(s) 'example_xcom' retrieved from /home/airflow/.local/lib/python3.8/site-packages/airflow/example_dags/example_xcom.py
[2023-12-20T17:35:14.885+0000] {logging_mixin.py:188} INFO - [2023-12-20T17:35:14.885+0000] {dag.py:3033} INFO - Sync 1 DAGs
[2023-12-20T17:35:14.926+0000] {logging_mixin.py:188} INFO - [2023-12-20T17:35:14.926+0000] {dag.py:3820} INFO - Setting next_dagrun for example_xcom to 2021-01-01T00:00:00+00:00, run_after=2021-01-01T00:00:00+00:00
[2023-12-20T17:35:14.962+0000] {processor.py:183} INFO - Processing /home/airflow/.local/lib/python3.8/site-packages/airflow/example_dags/example_xcom.py took 0.172 seconds
[2023-12-20T17:35:45.115+0000] {processor.py:161} INFO - Started process (PID=1119) to work on /home/airflow/.local/lib/python3.8/site-packages/airflow/example_dags/example_xcom.py
[2023-12-20T17:35:45.117+0000] {processor.py:830} INFO - Processing file /home/airflow/.local/lib/python3.8/site-packages/airflow/example_dags/example_xcom.py for tasks to queue
[2023-12-20T17:35:45.120+0000] {logging_mixin.py:188} INFO - [2023-12-20T17:35:45.120+0000] {dagbag.py:538} INFO - Filling up the DagBag from /home/airflow/.local/lib/python3.8/site-packages/airflow/example_dags/example_xcom.py
[2023-12-20T17:35:45.135+0000] {processor.py:840} INFO - DAG(s) 'example_xcom' retrieved from /home/airflow/.local/lib/python3.8/site-packages/airflow/example_dags/example_xcom.py
[2023-12-20T17:35:45.170+0000] {logging_mixin.py:188} INFO - [2023-12-20T17:35:45.169+0000] {dag.py:3033} INFO - Sync 1 DAGs
[2023-12-20T17:35:45.209+0000] {logging_mixin.py:188} INFO - [2023-12-20T17:35:45.209+0000] {dag.py:3820} INFO - Setting next_dagrun for example_xcom to 2021-01-01T00:00:00+00:00, run_after=2021-01-01T00:00:00+00:00
[2023-12-20T17:35:45.241+0000] {processor.py:183} INFO - Processing /home/airflow/.local/lib/python3.8/site-packages/airflow/example_dags/example_xcom.py took 0.133 seconds
[2023-12-20T17:36:15.417+0000] {processor.py:161} INFO - Started process (PID=1174) to work on /home/airflow/.local/lib/python3.8/site-packages/airflow/example_dags/example_xcom.py
[2023-12-20T17:36:15.419+0000] {processor.py:830} INFO - Processing file /home/airflow/.local/lib/python3.8/site-packages/airflow/example_dags/example_xcom.py for tasks to queue
[2023-12-20T17:36:15.424+0000] {logging_mixin.py:188} INFO - [2023-12-20T17:36:15.423+0000] {dagbag.py:538} INFO - Filling up the DagBag from /home/airflow/.local/lib/python3.8/site-packages/airflow/example_dags/example_xcom.py
[2023-12-20T17:36:15.439+0000] {processor.py:840} INFO - DAG(s) 'example_xcom' retrieved from /home/airflow/.local/lib/python3.8/site-packages/airflow/example_dags/example_xcom.py
[2023-12-20T17:36:15.492+0000] {logging_mixin.py:188} INFO - [2023-12-20T17:36:15.491+0000] {dag.py:3033} INFO - Sync 1 DAGs
[2023-12-20T17:36:15.541+0000] {logging_mixin.py:188} INFO - [2023-12-20T17:36:15.541+0000] {dag.py:3820} INFO - Setting next_dagrun for example_xcom to 2021-01-01T00:00:00+00:00, run_after=2021-01-01T00:00:00+00:00
[2023-12-20T17:36:15.579+0000] {processor.py:183} INFO - Processing /home/airflow/.local/lib/python3.8/site-packages/airflow/example_dags/example_xcom.py took 0.168 seconds
[2023-12-20T17:36:45.769+0000] {processor.py:161} INFO - Started process (PID=1229) to work on /home/airflow/.local/lib/python3.8/site-packages/airflow/example_dags/example_xcom.py
[2023-12-20T17:36:45.771+0000] {processor.py:830} INFO - Processing file /home/airflow/.local/lib/python3.8/site-packages/airflow/example_dags/example_xcom.py for tasks to queue
[2023-12-20T17:36:45.774+0000] {logging_mixin.py:188} INFO - [2023-12-20T17:36:45.774+0000] {dagbag.py:538} INFO - Filling up the DagBag from /home/airflow/.local/lib/python3.8/site-packages/airflow/example_dags/example_xcom.py
[2023-12-20T17:36:45.797+0000] {processor.py:840} INFO - DAG(s) 'example_xcom' retrieved from /home/airflow/.local/lib/python3.8/site-packages/airflow/example_dags/example_xcom.py
[2023-12-20T17:36:45.842+0000] {logging_mixin.py:188} INFO - [2023-12-20T17:36:45.841+0000] {dag.py:3033} INFO - Sync 1 DAGs
[2023-12-20T17:36:45.879+0000] {logging_mixin.py:188} INFO - [2023-12-20T17:36:45.879+0000] {dag.py:3820} INFO - Setting next_dagrun for example_xcom to 2021-01-01T00:00:00+00:00, run_after=2021-01-01T00:00:00+00:00
[2023-12-20T17:36:45.906+0000] {processor.py:183} INFO - Processing /home/airflow/.local/lib/python3.8/site-packages/airflow/example_dags/example_xcom.py took 0.143 seconds
[2023-12-20T17:37:17.812+0000] {processor.py:161} INFO - Started process (PID=1283) to work on /home/airflow/.local/lib/python3.8/site-packages/airflow/example_dags/example_xcom.py
[2023-12-20T17:37:17.814+0000] {processor.py:830} INFO - Processing file /home/airflow/.local/lib/python3.8/site-packages/airflow/example_dags/example_xcom.py for tasks to queue
[2023-12-20T17:37:17.840+0000] {logging_mixin.py:188} INFO - [2023-12-20T17:37:17.839+0000] {dagbag.py:538} INFO - Filling up the DagBag from /home/airflow/.local/lib/python3.8/site-packages/airflow/example_dags/example_xcom.py
[2023-12-20T17:37:17.879+0000] {processor.py:840} INFO - DAG(s) 'example_xcom' retrieved from /home/airflow/.local/lib/python3.8/site-packages/airflow/example_dags/example_xcom.py
[2023-12-20T17:37:17.929+0000] {logging_mixin.py:188} INFO - [2023-12-20T17:37:17.929+0000] {dag.py:3033} INFO - Sync 1 DAGs
[2023-12-20T17:37:17.965+0000] {logging_mixin.py:188} INFO - [2023-12-20T17:37:17.965+0000] {dag.py:3820} INFO - Setting next_dagrun for example_xcom to 2021-01-01T00:00:00+00:00, run_after=2021-01-01T00:00:00+00:00
[2023-12-20T17:37:18.052+0000] {processor.py:183} INFO - Processing /home/airflow/.local/lib/python3.8/site-packages/airflow/example_dags/example_xcom.py took 0.278 seconds
