[2023-12-20T17:20:51.639+0000] {processor.py:161} INFO - Started process (PID=226) to work on /home/airflow/.local/lib/python3.8/site-packages/airflow/example_dags/example_nested_branch_dag.py
[2023-12-20T17:20:51.640+0000] {processor.py:830} INFO - Processing file /home/airflow/.local/lib/python3.8/site-packages/airflow/example_dags/example_nested_branch_dag.py for tasks to queue
[2023-12-20T17:20:51.642+0000] {logging_mixin.py:188} INFO - [2023-12-20T17:20:51.641+0000] {dagbag.py:538} INFO - Filling up the DagBag from /home/airflow/.local/lib/python3.8/site-packages/airflow/example_dags/example_nested_branch_dag.py
[2023-12-20T17:20:51.669+0000] {processor.py:840} INFO - DAG(s) 'example_nested_branch_dag' retrieved from /home/airflow/.local/lib/python3.8/site-packages/airflow/example_dags/example_nested_branch_dag.py
[2023-12-20T17:20:51.939+0000] {logging_mixin.py:188} INFO - [2023-12-20T17:20:51.939+0000] {dag.py:3033} INFO - Sync 1 DAGs
[2023-12-20T17:20:51.983+0000] {logging_mixin.py:188} INFO - [2023-12-20T17:20:51.983+0000] {dag.py:3820} INFO - Setting next_dagrun for example_nested_branch_dag to 2023-12-19T00:00:00+00:00, run_after=2023-12-20T00:00:00+00:00
[2023-12-20T17:20:52.060+0000] {processor.py:183} INFO - Processing /home/airflow/.local/lib/python3.8/site-packages/airflow/example_dags/example_nested_branch_dag.py took 0.426 seconds
[2023-12-20T17:21:22.211+0000] {processor.py:161} INFO - Started process (PID=471) to work on /home/airflow/.local/lib/python3.8/site-packages/airflow/example_dags/example_nested_branch_dag.py
[2023-12-20T17:21:22.212+0000] {processor.py:830} INFO - Processing file /home/airflow/.local/lib/python3.8/site-packages/airflow/example_dags/example_nested_branch_dag.py for tasks to queue
[2023-12-20T17:21:22.213+0000] {logging_mixin.py:188} INFO - [2023-12-20T17:21:22.213+0000] {dagbag.py:538} INFO - Filling up the DagBag from /home/airflow/.local/lib/python3.8/site-packages/airflow/example_dags/example_nested_branch_dag.py
[2023-12-20T17:21:22.229+0000] {processor.py:840} INFO - DAG(s) 'example_nested_branch_dag' retrieved from /home/airflow/.local/lib/python3.8/site-packages/airflow/example_dags/example_nested_branch_dag.py
[2023-12-20T17:21:22.273+0000] {logging_mixin.py:188} INFO - [2023-12-20T17:21:22.273+0000] {dag.py:3033} INFO - Sync 1 DAGs
[2023-12-20T17:21:22.324+0000] {logging_mixin.py:188} INFO - [2023-12-20T17:21:22.324+0000] {dag.py:3820} INFO - Setting next_dagrun for example_nested_branch_dag to 2023-12-19T00:00:00+00:00, run_after=2023-12-20T00:00:00+00:00
[2023-12-20T17:21:22.374+0000] {processor.py:183} INFO - Processing /home/airflow/.local/lib/python3.8/site-packages/airflow/example_dags/example_nested_branch_dag.py took 0.167 seconds
[2023-12-20T17:21:53.054+0000] {processor.py:161} INFO - Started process (PID=717) to work on /home/airflow/.local/lib/python3.8/site-packages/airflow/example_dags/example_nested_branch_dag.py
[2023-12-20T17:21:53.056+0000] {processor.py:830} INFO - Processing file /home/airflow/.local/lib/python3.8/site-packages/airflow/example_dags/example_nested_branch_dag.py for tasks to queue
[2023-12-20T17:21:53.057+0000] {logging_mixin.py:188} INFO - [2023-12-20T17:21:53.057+0000] {dagbag.py:538} INFO - Filling up the DagBag from /home/airflow/.local/lib/python3.8/site-packages/airflow/example_dags/example_nested_branch_dag.py
[2023-12-20T17:21:53.074+0000] {processor.py:840} INFO - DAG(s) 'example_nested_branch_dag' retrieved from /home/airflow/.local/lib/python3.8/site-packages/airflow/example_dags/example_nested_branch_dag.py
[2023-12-20T17:21:53.104+0000] {logging_mixin.py:188} INFO - [2023-12-20T17:21:53.104+0000] {dag.py:3033} INFO - Sync 1 DAGs
[2023-12-20T17:21:53.155+0000] {logging_mixin.py:188} INFO - [2023-12-20T17:21:53.155+0000] {dag.py:3820} INFO - Setting next_dagrun for example_nested_branch_dag to 2023-12-19T00:00:00+00:00, run_after=2023-12-20T00:00:00+00:00
[2023-12-20T17:21:53.184+0000] {processor.py:183} INFO - Processing /home/airflow/.local/lib/python3.8/site-packages/airflow/example_dags/example_nested_branch_dag.py took 0.134 seconds
[2023-12-20T17:22:23.513+0000] {processor.py:161} INFO - Started process (PID=965) to work on /home/airflow/.local/lib/python3.8/site-packages/airflow/example_dags/example_nested_branch_dag.py
[2023-12-20T17:22:23.514+0000] {processor.py:830} INFO - Processing file /home/airflow/.local/lib/python3.8/site-packages/airflow/example_dags/example_nested_branch_dag.py for tasks to queue
[2023-12-20T17:22:23.516+0000] {logging_mixin.py:188} INFO - [2023-12-20T17:22:23.515+0000] {dagbag.py:538} INFO - Filling up the DagBag from /home/airflow/.local/lib/python3.8/site-packages/airflow/example_dags/example_nested_branch_dag.py
[2023-12-20T17:22:23.536+0000] {processor.py:840} INFO - DAG(s) 'example_nested_branch_dag' retrieved from /home/airflow/.local/lib/python3.8/site-packages/airflow/example_dags/example_nested_branch_dag.py
[2023-12-20T17:22:23.580+0000] {logging_mixin.py:188} INFO - [2023-12-20T17:22:23.580+0000] {dag.py:3033} INFO - Sync 1 DAGs
[2023-12-20T17:22:23.628+0000] {logging_mixin.py:188} INFO - [2023-12-20T17:22:23.627+0000] {dag.py:3820} INFO - Setting next_dagrun for example_nested_branch_dag to 2023-12-19T00:00:00+00:00, run_after=2023-12-20T00:00:00+00:00
[2023-12-20T17:22:23.669+0000] {processor.py:183} INFO - Processing /home/airflow/.local/lib/python3.8/site-packages/airflow/example_dags/example_nested_branch_dag.py took 0.162 seconds
[2023-12-20T17:22:54.481+0000] {processor.py:161} INFO - Started process (PID=1211) to work on /home/airflow/.local/lib/python3.8/site-packages/airflow/example_dags/example_nested_branch_dag.py
[2023-12-20T17:22:54.482+0000] {processor.py:830} INFO - Processing file /home/airflow/.local/lib/python3.8/site-packages/airflow/example_dags/example_nested_branch_dag.py for tasks to queue
[2023-12-20T17:22:54.483+0000] {logging_mixin.py:188} INFO - [2023-12-20T17:22:54.482+0000] {dagbag.py:538} INFO - Filling up the DagBag from /home/airflow/.local/lib/python3.8/site-packages/airflow/example_dags/example_nested_branch_dag.py
[2023-12-20T17:22:54.497+0000] {processor.py:840} INFO - DAG(s) 'example_nested_branch_dag' retrieved from /home/airflow/.local/lib/python3.8/site-packages/airflow/example_dags/example_nested_branch_dag.py
[2023-12-20T17:22:54.534+0000] {logging_mixin.py:188} INFO - [2023-12-20T17:22:54.534+0000] {dag.py:3033} INFO - Sync 1 DAGs
[2023-12-20T17:22:54.586+0000] {logging_mixin.py:188} INFO - [2023-12-20T17:22:54.585+0000] {dag.py:3820} INFO - Setting next_dagrun for example_nested_branch_dag to 2023-12-19T00:00:00+00:00, run_after=2023-12-20T00:00:00+00:00
[2023-12-20T17:22:54.649+0000] {processor.py:183} INFO - Processing /home/airflow/.local/lib/python3.8/site-packages/airflow/example_dags/example_nested_branch_dag.py took 0.173 seconds
[2023-12-20T17:23:25.029+0000] {processor.py:161} INFO - Started process (PID=1458) to work on /home/airflow/.local/lib/python3.8/site-packages/airflow/example_dags/example_nested_branch_dag.py
[2023-12-20T17:23:25.031+0000] {processor.py:830} INFO - Processing file /home/airflow/.local/lib/python3.8/site-packages/airflow/example_dags/example_nested_branch_dag.py for tasks to queue
[2023-12-20T17:23:25.032+0000] {logging_mixin.py:188} INFO - [2023-12-20T17:23:25.032+0000] {dagbag.py:538} INFO - Filling up the DagBag from /home/airflow/.local/lib/python3.8/site-packages/airflow/example_dags/example_nested_branch_dag.py
[2023-12-20T17:23:25.050+0000] {processor.py:840} INFO - DAG(s) 'example_nested_branch_dag' retrieved from /home/airflow/.local/lib/python3.8/site-packages/airflow/example_dags/example_nested_branch_dag.py
[2023-12-20T17:23:25.094+0000] {logging_mixin.py:188} INFO - [2023-12-20T17:23:25.094+0000] {dag.py:3033} INFO - Sync 1 DAGs
[2023-12-20T17:23:25.151+0000] {logging_mixin.py:188} INFO - [2023-12-20T17:23:25.150+0000] {dag.py:3820} INFO - Setting next_dagrun for example_nested_branch_dag to 2023-12-19T00:00:00+00:00, run_after=2023-12-20T00:00:00+00:00
[2023-12-20T17:23:25.190+0000] {processor.py:183} INFO - Processing /home/airflow/.local/lib/python3.8/site-packages/airflow/example_dags/example_nested_branch_dag.py took 0.167 seconds
[2023-12-20T17:23:55.646+0000] {processor.py:161} INFO - Started process (PID=1705) to work on /home/airflow/.local/lib/python3.8/site-packages/airflow/example_dags/example_nested_branch_dag.py
[2023-12-20T17:23:55.655+0000] {processor.py:830} INFO - Processing file /home/airflow/.local/lib/python3.8/site-packages/airflow/example_dags/example_nested_branch_dag.py for tasks to queue
[2023-12-20T17:23:55.657+0000] {logging_mixin.py:188} INFO - [2023-12-20T17:23:55.656+0000] {dagbag.py:538} INFO - Filling up the DagBag from /home/airflow/.local/lib/python3.8/site-packages/airflow/example_dags/example_nested_branch_dag.py
[2023-12-20T17:23:55.687+0000] {processor.py:840} INFO - DAG(s) 'example_nested_branch_dag' retrieved from /home/airflow/.local/lib/python3.8/site-packages/airflow/example_dags/example_nested_branch_dag.py
[2023-12-20T17:23:55.737+0000] {logging_mixin.py:188} INFO - [2023-12-20T17:23:55.736+0000] {dag.py:3033} INFO - Sync 1 DAGs
[2023-12-20T17:23:55.784+0000] {logging_mixin.py:188} INFO - [2023-12-20T17:23:55.784+0000] {dag.py:3820} INFO - Setting next_dagrun for example_nested_branch_dag to 2023-12-19T00:00:00+00:00, run_after=2023-12-20T00:00:00+00:00
[2023-12-20T17:23:55.823+0000] {processor.py:183} INFO - Processing /home/airflow/.local/lib/python3.8/site-packages/airflow/example_dags/example_nested_branch_dag.py took 0.183 seconds
[2023-12-20T17:24:26.170+0000] {processor.py:161} INFO - Started process (PID=1954) to work on /home/airflow/.local/lib/python3.8/site-packages/airflow/example_dags/example_nested_branch_dag.py
[2023-12-20T17:24:26.171+0000] {processor.py:830} INFO - Processing file /home/airflow/.local/lib/python3.8/site-packages/airflow/example_dags/example_nested_branch_dag.py for tasks to queue
[2023-12-20T17:24:26.172+0000] {logging_mixin.py:188} INFO - [2023-12-20T17:24:26.172+0000] {dagbag.py:538} INFO - Filling up the DagBag from /home/airflow/.local/lib/python3.8/site-packages/airflow/example_dags/example_nested_branch_dag.py
[2023-12-20T17:24:26.191+0000] {processor.py:840} INFO - DAG(s) 'example_nested_branch_dag' retrieved from /home/airflow/.local/lib/python3.8/site-packages/airflow/example_dags/example_nested_branch_dag.py
[2023-12-20T17:24:26.232+0000] {logging_mixin.py:188} INFO - [2023-12-20T17:24:26.231+0000] {dag.py:3033} INFO - Sync 1 DAGs
[2023-12-20T17:24:26.314+0000] {logging_mixin.py:188} INFO - [2023-12-20T17:24:26.314+0000] {dag.py:3820} INFO - Setting next_dagrun for example_nested_branch_dag to 2023-12-19T00:00:00+00:00, run_after=2023-12-20T00:00:00+00:00
[2023-12-20T17:24:26.348+0000] {processor.py:183} INFO - Processing /home/airflow/.local/lib/python3.8/site-packages/airflow/example_dags/example_nested_branch_dag.py took 0.184 seconds
[2023-12-20T17:25:53.047+0000] {processor.py:161} INFO - Started process (PID=48) to work on /home/airflow/.local/lib/python3.8/site-packages/airflow/example_dags/example_nested_branch_dag.py
[2023-12-20T17:25:53.050+0000] {processor.py:830} INFO - Processing file /home/airflow/.local/lib/python3.8/site-packages/airflow/example_dags/example_nested_branch_dag.py for tasks to queue
[2023-12-20T17:25:53.053+0000] {logging_mixin.py:188} INFO - [2023-12-20T17:25:53.052+0000] {dagbag.py:538} INFO - Filling up the DagBag from /home/airflow/.local/lib/python3.8/site-packages/airflow/example_dags/example_nested_branch_dag.py
[2023-12-20T17:25:53.106+0000] {processor.py:840} INFO - DAG(s) 'example_nested_branch_dag' retrieved from /home/airflow/.local/lib/python3.8/site-packages/airflow/example_dags/example_nested_branch_dag.py
[2023-12-20T17:25:53.489+0000] {logging_mixin.py:188} INFO - [2023-12-20T17:25:53.489+0000] {dag.py:3033} INFO - Sync 1 DAGs
[2023-12-20T17:25:53.527+0000] {logging_mixin.py:188} INFO - [2023-12-20T17:25:53.527+0000] {dag.py:3820} INFO - Setting next_dagrun for example_nested_branch_dag to 2023-12-19T00:00:00+00:00, run_after=2023-12-20T00:00:00+00:00
[2023-12-20T17:25:53.646+0000] {processor.py:183} INFO - Processing /home/airflow/.local/lib/python3.8/site-packages/airflow/example_dags/example_nested_branch_dag.py took 0.616 seconds
[2023-12-20T17:26:24.308+0000] {processor.py:161} INFO - Started process (PID=102) to work on /home/airflow/.local/lib/python3.8/site-packages/airflow/example_dags/example_nested_branch_dag.py
[2023-12-20T17:26:24.310+0000] {processor.py:830} INFO - Processing file /home/airflow/.local/lib/python3.8/site-packages/airflow/example_dags/example_nested_branch_dag.py for tasks to queue
[2023-12-20T17:26:24.313+0000] {logging_mixin.py:188} INFO - [2023-12-20T17:26:24.313+0000] {dagbag.py:538} INFO - Filling up the DagBag from /home/airflow/.local/lib/python3.8/site-packages/airflow/example_dags/example_nested_branch_dag.py
[2023-12-20T17:26:24.330+0000] {processor.py:840} INFO - DAG(s) 'example_nested_branch_dag' retrieved from /home/airflow/.local/lib/python3.8/site-packages/airflow/example_dags/example_nested_branch_dag.py
[2023-12-20T17:26:24.365+0000] {logging_mixin.py:188} INFO - [2023-12-20T17:26:24.365+0000] {dag.py:3033} INFO - Sync 1 DAGs
[2023-12-20T17:26:24.401+0000] {logging_mixin.py:188} INFO - [2023-12-20T17:26:24.401+0000] {dag.py:3820} INFO - Setting next_dagrun for example_nested_branch_dag to 2023-12-19T00:00:00+00:00, run_after=2023-12-20T00:00:00+00:00
[2023-12-20T17:26:24.433+0000] {processor.py:183} INFO - Processing /home/airflow/.local/lib/python3.8/site-packages/airflow/example_dags/example_nested_branch_dag.py took 0.131 seconds
[2023-12-20T17:26:54.961+0000] {processor.py:161} INFO - Started process (PID=156) to work on /home/airflow/.local/lib/python3.8/site-packages/airflow/example_dags/example_nested_branch_dag.py
[2023-12-20T17:26:54.962+0000] {processor.py:830} INFO - Processing file /home/airflow/.local/lib/python3.8/site-packages/airflow/example_dags/example_nested_branch_dag.py for tasks to queue
[2023-12-20T17:26:54.966+0000] {logging_mixin.py:188} INFO - [2023-12-20T17:26:54.966+0000] {dagbag.py:538} INFO - Filling up the DagBag from /home/airflow/.local/lib/python3.8/site-packages/airflow/example_dags/example_nested_branch_dag.py
[2023-12-20T17:26:54.986+0000] {processor.py:840} INFO - DAG(s) 'example_nested_branch_dag' retrieved from /home/airflow/.local/lib/python3.8/site-packages/airflow/example_dags/example_nested_branch_dag.py
[2023-12-20T17:26:55.026+0000] {logging_mixin.py:188} INFO - [2023-12-20T17:26:55.026+0000] {dag.py:3033} INFO - Sync 1 DAGs
[2023-12-20T17:26:55.067+0000] {logging_mixin.py:188} INFO - [2023-12-20T17:26:55.066+0000] {dag.py:3820} INFO - Setting next_dagrun for example_nested_branch_dag to 2023-12-19T00:00:00+00:00, run_after=2023-12-20T00:00:00+00:00
[2023-12-20T17:26:55.110+0000] {processor.py:183} INFO - Processing /home/airflow/.local/lib/python3.8/site-packages/airflow/example_dags/example_nested_branch_dag.py took 0.157 seconds
[2023-12-20T17:27:25.653+0000] {processor.py:161} INFO - Started process (PID=211) to work on /home/airflow/.local/lib/python3.8/site-packages/airflow/example_dags/example_nested_branch_dag.py
[2023-12-20T17:27:25.654+0000] {processor.py:830} INFO - Processing file /home/airflow/.local/lib/python3.8/site-packages/airflow/example_dags/example_nested_branch_dag.py for tasks to queue
[2023-12-20T17:27:25.657+0000] {logging_mixin.py:188} INFO - [2023-12-20T17:27:25.657+0000] {dagbag.py:538} INFO - Filling up the DagBag from /home/airflow/.local/lib/python3.8/site-packages/airflow/example_dags/example_nested_branch_dag.py
[2023-12-20T17:27:25.674+0000] {processor.py:840} INFO - DAG(s) 'example_nested_branch_dag' retrieved from /home/airflow/.local/lib/python3.8/site-packages/airflow/example_dags/example_nested_branch_dag.py
[2023-12-20T17:27:25.714+0000] {logging_mixin.py:188} INFO - [2023-12-20T17:27:25.713+0000] {dag.py:3033} INFO - Sync 1 DAGs
[2023-12-20T17:27:25.747+0000] {logging_mixin.py:188} INFO - [2023-12-20T17:27:25.747+0000] {dag.py:3820} INFO - Setting next_dagrun for example_nested_branch_dag to 2023-12-19T00:00:00+00:00, run_after=2023-12-20T00:00:00+00:00
[2023-12-20T17:27:25.774+0000] {processor.py:183} INFO - Processing /home/airflow/.local/lib/python3.8/site-packages/airflow/example_dags/example_nested_branch_dag.py took 0.128 seconds
[2023-12-20T17:27:55.891+0000] {processor.py:161} INFO - Started process (PID=266) to work on /home/airflow/.local/lib/python3.8/site-packages/airflow/example_dags/example_nested_branch_dag.py
[2023-12-20T17:27:55.893+0000] {processor.py:830} INFO - Processing file /home/airflow/.local/lib/python3.8/site-packages/airflow/example_dags/example_nested_branch_dag.py for tasks to queue
[2023-12-20T17:27:55.896+0000] {logging_mixin.py:188} INFO - [2023-12-20T17:27:55.896+0000] {dagbag.py:538} INFO - Filling up the DagBag from /home/airflow/.local/lib/python3.8/site-packages/airflow/example_dags/example_nested_branch_dag.py
[2023-12-20T17:27:55.914+0000] {processor.py:840} INFO - DAG(s) 'example_nested_branch_dag' retrieved from /home/airflow/.local/lib/python3.8/site-packages/airflow/example_dags/example_nested_branch_dag.py
[2023-12-20T17:27:55.977+0000] {logging_mixin.py:188} INFO - [2023-12-20T17:27:55.976+0000] {dag.py:3033} INFO - Sync 1 DAGs
[2023-12-20T17:27:56.029+0000] {logging_mixin.py:188} INFO - [2023-12-20T17:27:56.029+0000] {dag.py:3820} INFO - Setting next_dagrun for example_nested_branch_dag to 2023-12-19T00:00:00+00:00, run_after=2023-12-20T00:00:00+00:00
[2023-12-20T17:27:56.064+0000] {processor.py:183} INFO - Processing /home/airflow/.local/lib/python3.8/site-packages/airflow/example_dags/example_nested_branch_dag.py took 0.178 seconds
[2023-12-20T17:28:26.846+0000] {processor.py:161} INFO - Started process (PID=320) to work on /home/airflow/.local/lib/python3.8/site-packages/airflow/example_dags/example_nested_branch_dag.py
[2023-12-20T17:28:26.848+0000] {processor.py:830} INFO - Processing file /home/airflow/.local/lib/python3.8/site-packages/airflow/example_dags/example_nested_branch_dag.py for tasks to queue
[2023-12-20T17:28:26.853+0000] {logging_mixin.py:188} INFO - [2023-12-20T17:28:26.852+0000] {dagbag.py:538} INFO - Filling up the DagBag from /home/airflow/.local/lib/python3.8/site-packages/airflow/example_dags/example_nested_branch_dag.py
[2023-12-20T17:28:26.879+0000] {processor.py:840} INFO - DAG(s) 'example_nested_branch_dag' retrieved from /home/airflow/.local/lib/python3.8/site-packages/airflow/example_dags/example_nested_branch_dag.py
[2023-12-20T17:28:26.922+0000] {logging_mixin.py:188} INFO - [2023-12-20T17:28:26.921+0000] {dag.py:3033} INFO - Sync 1 DAGs
[2023-12-20T17:28:26.979+0000] {logging_mixin.py:188} INFO - [2023-12-20T17:28:26.979+0000] {dag.py:3820} INFO - Setting next_dagrun for example_nested_branch_dag to 2023-12-19T00:00:00+00:00, run_after=2023-12-20T00:00:00+00:00
[2023-12-20T17:28:27.043+0000] {processor.py:183} INFO - Processing /home/airflow/.local/lib/python3.8/site-packages/airflow/example_dags/example_nested_branch_dag.py took 0.206 seconds
[2023-12-20T17:28:57.454+0000] {processor.py:161} INFO - Started process (PID=375) to work on /home/airflow/.local/lib/python3.8/site-packages/airflow/example_dags/example_nested_branch_dag.py
[2023-12-20T17:28:57.465+0000] {processor.py:830} INFO - Processing file /home/airflow/.local/lib/python3.8/site-packages/airflow/example_dags/example_nested_branch_dag.py for tasks to queue
[2023-12-20T17:28:57.469+0000] {logging_mixin.py:188} INFO - [2023-12-20T17:28:57.469+0000] {dagbag.py:538} INFO - Filling up the DagBag from /home/airflow/.local/lib/python3.8/site-packages/airflow/example_dags/example_nested_branch_dag.py
[2023-12-20T17:28:57.498+0000] {processor.py:840} INFO - DAG(s) 'example_nested_branch_dag' retrieved from /home/airflow/.local/lib/python3.8/site-packages/airflow/example_dags/example_nested_branch_dag.py
[2023-12-20T17:28:57.546+0000] {logging_mixin.py:188} INFO - [2023-12-20T17:28:57.546+0000] {dag.py:3033} INFO - Sync 1 DAGs
[2023-12-20T17:28:57.591+0000] {logging_mixin.py:188} INFO - [2023-12-20T17:28:57.591+0000] {dag.py:3820} INFO - Setting next_dagrun for example_nested_branch_dag to 2023-12-19T00:00:00+00:00, run_after=2023-12-20T00:00:00+00:00
[2023-12-20T17:28:57.628+0000] {processor.py:183} INFO - Processing /home/airflow/.local/lib/python3.8/site-packages/airflow/example_dags/example_nested_branch_dag.py took 0.182 seconds
[2023-12-20T17:29:28.236+0000] {processor.py:161} INFO - Started process (PID=430) to work on /home/airflow/.local/lib/python3.8/site-packages/airflow/example_dags/example_nested_branch_dag.py
[2023-12-20T17:29:28.237+0000] {processor.py:830} INFO - Processing file /home/airflow/.local/lib/python3.8/site-packages/airflow/example_dags/example_nested_branch_dag.py for tasks to queue
[2023-12-20T17:29:28.240+0000] {logging_mixin.py:188} INFO - [2023-12-20T17:29:28.240+0000] {dagbag.py:538} INFO - Filling up the DagBag from /home/airflow/.local/lib/python3.8/site-packages/airflow/example_dags/example_nested_branch_dag.py
[2023-12-20T17:29:28.265+0000] {processor.py:840} INFO - DAG(s) 'example_nested_branch_dag' retrieved from /home/airflow/.local/lib/python3.8/site-packages/airflow/example_dags/example_nested_branch_dag.py
[2023-12-20T17:29:28.355+0000] {logging_mixin.py:188} INFO - [2023-12-20T17:29:28.354+0000] {dag.py:3033} INFO - Sync 1 DAGs
[2023-12-20T17:29:28.432+0000] {logging_mixin.py:188} INFO - [2023-12-20T17:29:28.432+0000] {dag.py:3820} INFO - Setting next_dagrun for example_nested_branch_dag to 2023-12-19T00:00:00+00:00, run_after=2023-12-20T00:00:00+00:00
[2023-12-20T17:29:28.502+0000] {processor.py:183} INFO - Processing /home/airflow/.local/lib/python3.8/site-packages/airflow/example_dags/example_nested_branch_dag.py took 0.276 seconds
[2023-12-20T17:29:58.748+0000] {processor.py:161} INFO - Started process (PID=485) to work on /home/airflow/.local/lib/python3.8/site-packages/airflow/example_dags/example_nested_branch_dag.py
[2023-12-20T17:29:58.750+0000] {processor.py:830} INFO - Processing file /home/airflow/.local/lib/python3.8/site-packages/airflow/example_dags/example_nested_branch_dag.py for tasks to queue
[2023-12-20T17:29:58.755+0000] {logging_mixin.py:188} INFO - [2023-12-20T17:29:58.753+0000] {dagbag.py:538} INFO - Filling up the DagBag from /home/airflow/.local/lib/python3.8/site-packages/airflow/example_dags/example_nested_branch_dag.py
[2023-12-20T17:29:58.778+0000] {processor.py:840} INFO - DAG(s) 'example_nested_branch_dag' retrieved from /home/airflow/.local/lib/python3.8/site-packages/airflow/example_dags/example_nested_branch_dag.py
[2023-12-20T17:29:58.821+0000] {logging_mixin.py:188} INFO - [2023-12-20T17:29:58.820+0000] {dag.py:3033} INFO - Sync 1 DAGs
[2023-12-20T17:29:58.886+0000] {logging_mixin.py:188} INFO - [2023-12-20T17:29:58.886+0000] {dag.py:3820} INFO - Setting next_dagrun for example_nested_branch_dag to 2023-12-19T00:00:00+00:00, run_after=2023-12-20T00:00:00+00:00
[2023-12-20T17:29:58.943+0000] {processor.py:183} INFO - Processing /home/airflow/.local/lib/python3.8/site-packages/airflow/example_dags/example_nested_branch_dag.py took 0.201 seconds
[2023-12-20T17:30:29.109+0000] {processor.py:161} INFO - Started process (PID=540) to work on /home/airflow/.local/lib/python3.8/site-packages/airflow/example_dags/example_nested_branch_dag.py
[2023-12-20T17:30:29.111+0000] {processor.py:830} INFO - Processing file /home/airflow/.local/lib/python3.8/site-packages/airflow/example_dags/example_nested_branch_dag.py for tasks to queue
[2023-12-20T17:30:29.116+0000] {logging_mixin.py:188} INFO - [2023-12-20T17:30:29.115+0000] {dagbag.py:538} INFO - Filling up the DagBag from /home/airflow/.local/lib/python3.8/site-packages/airflow/example_dags/example_nested_branch_dag.py
[2023-12-20T17:30:29.156+0000] {processor.py:840} INFO - DAG(s) 'example_nested_branch_dag' retrieved from /home/airflow/.local/lib/python3.8/site-packages/airflow/example_dags/example_nested_branch_dag.py
[2023-12-20T17:30:29.200+0000] {logging_mixin.py:188} INFO - [2023-12-20T17:30:29.200+0000] {dag.py:3033} INFO - Sync 1 DAGs
[2023-12-20T17:30:29.248+0000] {logging_mixin.py:188} INFO - [2023-12-20T17:30:29.248+0000] {dag.py:3820} INFO - Setting next_dagrun for example_nested_branch_dag to 2023-12-19T00:00:00+00:00, run_after=2023-12-20T00:00:00+00:00
[2023-12-20T17:30:29.287+0000] {processor.py:183} INFO - Processing /home/airflow/.local/lib/python3.8/site-packages/airflow/example_dags/example_nested_branch_dag.py took 0.186 seconds
[2023-12-20T17:30:59.805+0000] {processor.py:161} INFO - Started process (PID=595) to work on /home/airflow/.local/lib/python3.8/site-packages/airflow/example_dags/example_nested_branch_dag.py
[2023-12-20T17:30:59.811+0000] {processor.py:830} INFO - Processing file /home/airflow/.local/lib/python3.8/site-packages/airflow/example_dags/example_nested_branch_dag.py for tasks to queue
[2023-12-20T17:30:59.815+0000] {logging_mixin.py:188} INFO - [2023-12-20T17:30:59.815+0000] {dagbag.py:538} INFO - Filling up the DagBag from /home/airflow/.local/lib/python3.8/site-packages/airflow/example_dags/example_nested_branch_dag.py
[2023-12-20T17:30:59.843+0000] {processor.py:840} INFO - DAG(s) 'example_nested_branch_dag' retrieved from /home/airflow/.local/lib/python3.8/site-packages/airflow/example_dags/example_nested_branch_dag.py
[2023-12-20T17:30:59.897+0000] {logging_mixin.py:188} INFO - [2023-12-20T17:30:59.897+0000] {dag.py:3033} INFO - Sync 1 DAGs
[2023-12-20T17:30:59.948+0000] {logging_mixin.py:188} INFO - [2023-12-20T17:30:59.947+0000] {dag.py:3820} INFO - Setting next_dagrun for example_nested_branch_dag to 2023-12-19T00:00:00+00:00, run_after=2023-12-20T00:00:00+00:00
[2023-12-20T17:31:00.043+0000] {processor.py:183} INFO - Processing /home/airflow/.local/lib/python3.8/site-packages/airflow/example_dags/example_nested_branch_dag.py took 0.244 seconds
[2023-12-20T17:31:30.126+0000] {processor.py:161} INFO - Started process (PID=649) to work on /home/airflow/.local/lib/python3.8/site-packages/airflow/example_dags/example_nested_branch_dag.py
[2023-12-20T17:31:30.131+0000] {processor.py:830} INFO - Processing file /home/airflow/.local/lib/python3.8/site-packages/airflow/example_dags/example_nested_branch_dag.py for tasks to queue
[2023-12-20T17:31:30.135+0000] {logging_mixin.py:188} INFO - [2023-12-20T17:31:30.134+0000] {dagbag.py:538} INFO - Filling up the DagBag from /home/airflow/.local/lib/python3.8/site-packages/airflow/example_dags/example_nested_branch_dag.py
[2023-12-20T17:31:30.160+0000] {processor.py:840} INFO - DAG(s) 'example_nested_branch_dag' retrieved from /home/airflow/.local/lib/python3.8/site-packages/airflow/example_dags/example_nested_branch_dag.py
[2023-12-20T17:31:30.247+0000] {logging_mixin.py:188} INFO - [2023-12-20T17:31:30.247+0000] {dag.py:3033} INFO - Sync 1 DAGs
[2023-12-20T17:31:30.323+0000] {logging_mixin.py:188} INFO - [2023-12-20T17:31:30.323+0000] {dag.py:3820} INFO - Setting next_dagrun for example_nested_branch_dag to 2023-12-19T00:00:00+00:00, run_after=2023-12-20T00:00:00+00:00
[2023-12-20T17:31:30.393+0000] {processor.py:183} INFO - Processing /home/airflow/.local/lib/python3.8/site-packages/airflow/example_dags/example_nested_branch_dag.py took 0.274 seconds
[2023-12-20T17:32:01.081+0000] {processor.py:161} INFO - Started process (PID=704) to work on /home/airflow/.local/lib/python3.8/site-packages/airflow/example_dags/example_nested_branch_dag.py
[2023-12-20T17:32:01.085+0000] {processor.py:830} INFO - Processing file /home/airflow/.local/lib/python3.8/site-packages/airflow/example_dags/example_nested_branch_dag.py for tasks to queue
[2023-12-20T17:32:01.089+0000] {logging_mixin.py:188} INFO - [2023-12-20T17:32:01.089+0000] {dagbag.py:538} INFO - Filling up the DagBag from /home/airflow/.local/lib/python3.8/site-packages/airflow/example_dags/example_nested_branch_dag.py
[2023-12-20T17:32:01.115+0000] {processor.py:840} INFO - DAG(s) 'example_nested_branch_dag' retrieved from /home/airflow/.local/lib/python3.8/site-packages/airflow/example_dags/example_nested_branch_dag.py
[2023-12-20T17:32:01.221+0000] {logging_mixin.py:188} INFO - [2023-12-20T17:32:01.221+0000] {dag.py:3033} INFO - Sync 1 DAGs
[2023-12-20T17:32:01.319+0000] {logging_mixin.py:188} INFO - [2023-12-20T17:32:01.319+0000] {dag.py:3820} INFO - Setting next_dagrun for example_nested_branch_dag to 2023-12-19T00:00:00+00:00, run_after=2023-12-20T00:00:00+00:00
[2023-12-20T17:32:01.377+0000] {processor.py:183} INFO - Processing /home/airflow/.local/lib/python3.8/site-packages/airflow/example_dags/example_nested_branch_dag.py took 0.306 seconds
[2023-12-20T17:32:31.746+0000] {processor.py:161} INFO - Started process (PID=759) to work on /home/airflow/.local/lib/python3.8/site-packages/airflow/example_dags/example_nested_branch_dag.py
[2023-12-20T17:32:31.754+0000] {processor.py:830} INFO - Processing file /home/airflow/.local/lib/python3.8/site-packages/airflow/example_dags/example_nested_branch_dag.py for tasks to queue
[2023-12-20T17:32:31.758+0000] {logging_mixin.py:188} INFO - [2023-12-20T17:32:31.757+0000] {dagbag.py:538} INFO - Filling up the DagBag from /home/airflow/.local/lib/python3.8/site-packages/airflow/example_dags/example_nested_branch_dag.py
[2023-12-20T17:32:31.779+0000] {processor.py:840} INFO - DAG(s) 'example_nested_branch_dag' retrieved from /home/airflow/.local/lib/python3.8/site-packages/airflow/example_dags/example_nested_branch_dag.py
[2023-12-20T17:32:31.850+0000] {logging_mixin.py:188} INFO - [2023-12-20T17:32:31.850+0000] {dag.py:3033} INFO - Sync 1 DAGs
[2023-12-20T17:32:31.920+0000] {logging_mixin.py:188} INFO - [2023-12-20T17:32:31.920+0000] {dag.py:3820} INFO - Setting next_dagrun for example_nested_branch_dag to 2023-12-19T00:00:00+00:00, run_after=2023-12-20T00:00:00+00:00
[2023-12-20T17:32:31.974+0000] {processor.py:183} INFO - Processing /home/airflow/.local/lib/python3.8/site-packages/airflow/example_dags/example_nested_branch_dag.py took 0.237 seconds
[2023-12-20T17:33:02.193+0000] {processor.py:161} INFO - Started process (PID=815) to work on /home/airflow/.local/lib/python3.8/site-packages/airflow/example_dags/example_nested_branch_dag.py
[2023-12-20T17:33:02.195+0000] {processor.py:830} INFO - Processing file /home/airflow/.local/lib/python3.8/site-packages/airflow/example_dags/example_nested_branch_dag.py for tasks to queue
[2023-12-20T17:33:02.201+0000] {logging_mixin.py:188} INFO - [2023-12-20T17:33:02.200+0000] {dagbag.py:538} INFO - Filling up the DagBag from /home/airflow/.local/lib/python3.8/site-packages/airflow/example_dags/example_nested_branch_dag.py
[2023-12-20T17:33:02.237+0000] {processor.py:840} INFO - DAG(s) 'example_nested_branch_dag' retrieved from /home/airflow/.local/lib/python3.8/site-packages/airflow/example_dags/example_nested_branch_dag.py
[2023-12-20T17:33:02.354+0000] {logging_mixin.py:188} INFO - [2023-12-20T17:33:02.353+0000] {dag.py:3033} INFO - Sync 1 DAGs
[2023-12-20T17:33:02.461+0000] {logging_mixin.py:188} INFO - [2023-12-20T17:33:02.461+0000] {dag.py:3820} INFO - Setting next_dagrun for example_nested_branch_dag to 2023-12-19T00:00:00+00:00, run_after=2023-12-20T00:00:00+00:00
[2023-12-20T17:33:02.590+0000] {processor.py:183} INFO - Processing /home/airflow/.local/lib/python3.8/site-packages/airflow/example_dags/example_nested_branch_dag.py took 0.413 seconds
[2023-12-20T17:33:33.183+0000] {processor.py:161} INFO - Started process (PID=870) to work on /home/airflow/.local/lib/python3.8/site-packages/airflow/example_dags/example_nested_branch_dag.py
[2023-12-20T17:33:33.187+0000] {processor.py:830} INFO - Processing file /home/airflow/.local/lib/python3.8/site-packages/airflow/example_dags/example_nested_branch_dag.py for tasks to queue
[2023-12-20T17:33:33.192+0000] {logging_mixin.py:188} INFO - [2023-12-20T17:33:33.191+0000] {dagbag.py:538} INFO - Filling up the DagBag from /home/airflow/.local/lib/python3.8/site-packages/airflow/example_dags/example_nested_branch_dag.py
[2023-12-20T17:33:33.217+0000] {processor.py:840} INFO - DAG(s) 'example_nested_branch_dag' retrieved from /home/airflow/.local/lib/python3.8/site-packages/airflow/example_dags/example_nested_branch_dag.py
[2023-12-20T17:33:33.254+0000] {logging_mixin.py:188} INFO - [2023-12-20T17:33:33.254+0000] {dag.py:3033} INFO - Sync 1 DAGs
[2023-12-20T17:33:33.294+0000] {logging_mixin.py:188} INFO - [2023-12-20T17:33:33.294+0000] {dag.py:3820} INFO - Setting next_dagrun for example_nested_branch_dag to 2023-12-19T00:00:00+00:00, run_after=2023-12-20T00:00:00+00:00
[2023-12-20T17:33:33.343+0000] {processor.py:183} INFO - Processing /home/airflow/.local/lib/python3.8/site-packages/airflow/example_dags/example_nested_branch_dag.py took 0.167 seconds
[2023-12-20T17:34:04.199+0000] {processor.py:161} INFO - Started process (PID=925) to work on /home/airflow/.local/lib/python3.8/site-packages/airflow/example_dags/example_nested_branch_dag.py
[2023-12-20T17:34:04.201+0000] {processor.py:830} INFO - Processing file /home/airflow/.local/lib/python3.8/site-packages/airflow/example_dags/example_nested_branch_dag.py for tasks to queue
[2023-12-20T17:34:04.204+0000] {logging_mixin.py:188} INFO - [2023-12-20T17:34:04.204+0000] {dagbag.py:538} INFO - Filling up the DagBag from /home/airflow/.local/lib/python3.8/site-packages/airflow/example_dags/example_nested_branch_dag.py
[2023-12-20T17:34:04.227+0000] {processor.py:840} INFO - DAG(s) 'example_nested_branch_dag' retrieved from /home/airflow/.local/lib/python3.8/site-packages/airflow/example_dags/example_nested_branch_dag.py
[2023-12-20T17:34:04.286+0000] {logging_mixin.py:188} INFO - [2023-12-20T17:34:04.286+0000] {dag.py:3033} INFO - Sync 1 DAGs
[2023-12-20T17:34:04.361+0000] {logging_mixin.py:188} INFO - [2023-12-20T17:34:04.360+0000] {dag.py:3820} INFO - Setting next_dagrun for example_nested_branch_dag to 2023-12-19T00:00:00+00:00, run_after=2023-12-20T00:00:00+00:00
[2023-12-20T17:34:04.409+0000] {processor.py:183} INFO - Processing /home/airflow/.local/lib/python3.8/site-packages/airflow/example_dags/example_nested_branch_dag.py took 0.216 seconds
[2023-12-20T17:34:34.800+0000] {processor.py:161} INFO - Started process (PID=980) to work on /home/airflow/.local/lib/python3.8/site-packages/airflow/example_dags/example_nested_branch_dag.py
[2023-12-20T17:34:34.802+0000] {processor.py:830} INFO - Processing file /home/airflow/.local/lib/python3.8/site-packages/airflow/example_dags/example_nested_branch_dag.py for tasks to queue
[2023-12-20T17:34:34.808+0000] {logging_mixin.py:188} INFO - [2023-12-20T17:34:34.808+0000] {dagbag.py:538} INFO - Filling up the DagBag from /home/airflow/.local/lib/python3.8/site-packages/airflow/example_dags/example_nested_branch_dag.py
[2023-12-20T17:34:34.830+0000] {processor.py:840} INFO - DAG(s) 'example_nested_branch_dag' retrieved from /home/airflow/.local/lib/python3.8/site-packages/airflow/example_dags/example_nested_branch_dag.py
[2023-12-20T17:34:34.872+0000] {logging_mixin.py:188} INFO - [2023-12-20T17:34:34.872+0000] {dag.py:3033} INFO - Sync 1 DAGs
[2023-12-20T17:34:34.914+0000] {logging_mixin.py:188} INFO - [2023-12-20T17:34:34.913+0000] {dag.py:3820} INFO - Setting next_dagrun for example_nested_branch_dag to 2023-12-19T00:00:00+00:00, run_after=2023-12-20T00:00:00+00:00
[2023-12-20T17:34:34.957+0000] {processor.py:183} INFO - Processing /home/airflow/.local/lib/python3.8/site-packages/airflow/example_dags/example_nested_branch_dag.py took 0.163 seconds
[2023-12-20T17:35:05.412+0000] {processor.py:161} INFO - Started process (PID=1034) to work on /home/airflow/.local/lib/python3.8/site-packages/airflow/example_dags/example_nested_branch_dag.py
[2023-12-20T17:35:05.413+0000] {processor.py:830} INFO - Processing file /home/airflow/.local/lib/python3.8/site-packages/airflow/example_dags/example_nested_branch_dag.py for tasks to queue
[2023-12-20T17:35:05.417+0000] {logging_mixin.py:188} INFO - [2023-12-20T17:35:05.416+0000] {dagbag.py:538} INFO - Filling up the DagBag from /home/airflow/.local/lib/python3.8/site-packages/airflow/example_dags/example_nested_branch_dag.py
[2023-12-20T17:35:05.436+0000] {processor.py:840} INFO - DAG(s) 'example_nested_branch_dag' retrieved from /home/airflow/.local/lib/python3.8/site-packages/airflow/example_dags/example_nested_branch_dag.py
[2023-12-20T17:35:05.485+0000] {logging_mixin.py:188} INFO - [2023-12-20T17:35:05.485+0000] {dag.py:3033} INFO - Sync 1 DAGs
[2023-12-20T17:35:05.537+0000] {logging_mixin.py:188} INFO - [2023-12-20T17:35:05.537+0000] {dag.py:3820} INFO - Setting next_dagrun for example_nested_branch_dag to 2023-12-19T00:00:00+00:00, run_after=2023-12-20T00:00:00+00:00
[2023-12-20T17:35:05.576+0000] {processor.py:183} INFO - Processing /home/airflow/.local/lib/python3.8/site-packages/airflow/example_dags/example_nested_branch_dag.py took 0.171 seconds
[2023-12-20T17:35:35.685+0000] {processor.py:161} INFO - Started process (PID=1089) to work on /home/airflow/.local/lib/python3.8/site-packages/airflow/example_dags/example_nested_branch_dag.py
[2023-12-20T17:35:35.687+0000] {processor.py:830} INFO - Processing file /home/airflow/.local/lib/python3.8/site-packages/airflow/example_dags/example_nested_branch_dag.py for tasks to queue
[2023-12-20T17:35:35.690+0000] {logging_mixin.py:188} INFO - [2023-12-20T17:35:35.690+0000] {dagbag.py:538} INFO - Filling up the DagBag from /home/airflow/.local/lib/python3.8/site-packages/airflow/example_dags/example_nested_branch_dag.py
[2023-12-20T17:35:35.724+0000] {processor.py:840} INFO - DAG(s) 'example_nested_branch_dag' retrieved from /home/airflow/.local/lib/python3.8/site-packages/airflow/example_dags/example_nested_branch_dag.py
[2023-12-20T17:35:35.775+0000] {logging_mixin.py:188} INFO - [2023-12-20T17:35:35.774+0000] {dag.py:3033} INFO - Sync 1 DAGs
[2023-12-20T17:35:35.830+0000] {logging_mixin.py:188} INFO - [2023-12-20T17:35:35.830+0000] {dag.py:3820} INFO - Setting next_dagrun for example_nested_branch_dag to 2023-12-19T00:00:00+00:00, run_after=2023-12-20T00:00:00+00:00
[2023-12-20T17:35:35.892+0000] {processor.py:183} INFO - Processing /home/airflow/.local/lib/python3.8/site-packages/airflow/example_dags/example_nested_branch_dag.py took 0.213 seconds
[2023-12-20T17:36:06.268+0000] {processor.py:161} INFO - Started process (PID=1144) to work on /home/airflow/.local/lib/python3.8/site-packages/airflow/example_dags/example_nested_branch_dag.py
[2023-12-20T17:36:06.270+0000] {processor.py:830} INFO - Processing file /home/airflow/.local/lib/python3.8/site-packages/airflow/example_dags/example_nested_branch_dag.py for tasks to queue
[2023-12-20T17:36:06.274+0000] {logging_mixin.py:188} INFO - [2023-12-20T17:36:06.273+0000] {dagbag.py:538} INFO - Filling up the DagBag from /home/airflow/.local/lib/python3.8/site-packages/airflow/example_dags/example_nested_branch_dag.py
[2023-12-20T17:36:06.296+0000] {processor.py:840} INFO - DAG(s) 'example_nested_branch_dag' retrieved from /home/airflow/.local/lib/python3.8/site-packages/airflow/example_dags/example_nested_branch_dag.py
[2023-12-20T17:36:06.349+0000] {logging_mixin.py:188} INFO - [2023-12-20T17:36:06.348+0000] {dag.py:3033} INFO - Sync 1 DAGs
[2023-12-20T17:36:06.410+0000] {logging_mixin.py:188} INFO - [2023-12-20T17:36:06.409+0000] {dag.py:3820} INFO - Setting next_dagrun for example_nested_branch_dag to 2023-12-19T00:00:00+00:00, run_after=2023-12-20T00:00:00+00:00
[2023-12-20T17:36:06.472+0000] {processor.py:183} INFO - Processing /home/airflow/.local/lib/python3.8/site-packages/airflow/example_dags/example_nested_branch_dag.py took 0.209 seconds
[2023-12-20T17:36:37.376+0000] {processor.py:161} INFO - Started process (PID=1199) to work on /home/airflow/.local/lib/python3.8/site-packages/airflow/example_dags/example_nested_branch_dag.py
[2023-12-20T17:36:37.377+0000] {processor.py:830} INFO - Processing file /home/airflow/.local/lib/python3.8/site-packages/airflow/example_dags/example_nested_branch_dag.py for tasks to queue
[2023-12-20T17:36:37.383+0000] {logging_mixin.py:188} INFO - [2023-12-20T17:36:37.382+0000] {dagbag.py:538} INFO - Filling up the DagBag from /home/airflow/.local/lib/python3.8/site-packages/airflow/example_dags/example_nested_branch_dag.py
[2023-12-20T17:36:37.415+0000] {processor.py:840} INFO - DAG(s) 'example_nested_branch_dag' retrieved from /home/airflow/.local/lib/python3.8/site-packages/airflow/example_dags/example_nested_branch_dag.py
[2023-12-20T17:36:37.490+0000] {logging_mixin.py:188} INFO - [2023-12-20T17:36:37.489+0000] {dag.py:3033} INFO - Sync 1 DAGs
[2023-12-20T17:36:37.590+0000] {logging_mixin.py:188} INFO - [2023-12-20T17:36:37.589+0000] {dag.py:3820} INFO - Setting next_dagrun for example_nested_branch_dag to 2023-12-19T00:00:00+00:00, run_after=2023-12-20T00:00:00+00:00
[2023-12-20T17:36:37.653+0000] {processor.py:183} INFO - Processing /home/airflow/.local/lib/python3.8/site-packages/airflow/example_dags/example_nested_branch_dag.py took 0.286 seconds
[2023-12-20T17:37:08.290+0000] {processor.py:161} INFO - Started process (PID=1253) to work on /home/airflow/.local/lib/python3.8/site-packages/airflow/example_dags/example_nested_branch_dag.py
[2023-12-20T17:37:08.291+0000] {processor.py:830} INFO - Processing file /home/airflow/.local/lib/python3.8/site-packages/airflow/example_dags/example_nested_branch_dag.py for tasks to queue
[2023-12-20T17:37:08.293+0000] {logging_mixin.py:188} INFO - [2023-12-20T17:37:08.293+0000] {dagbag.py:538} INFO - Filling up the DagBag from /home/airflow/.local/lib/python3.8/site-packages/airflow/example_dags/example_nested_branch_dag.py
[2023-12-20T17:37:08.305+0000] {processor.py:840} INFO - DAG(s) 'example_nested_branch_dag' retrieved from /home/airflow/.local/lib/python3.8/site-packages/airflow/example_dags/example_nested_branch_dag.py
[2023-12-20T17:37:08.337+0000] {logging_mixin.py:188} INFO - [2023-12-20T17:37:08.336+0000] {dag.py:3033} INFO - Sync 1 DAGs
[2023-12-20T17:37:08.371+0000] {logging_mixin.py:188} INFO - [2023-12-20T17:37:08.371+0000] {dag.py:3820} INFO - Setting next_dagrun for example_nested_branch_dag to 2023-12-19T00:00:00+00:00, run_after=2023-12-20T00:00:00+00:00
[2023-12-20T17:37:08.396+0000] {processor.py:183} INFO - Processing /home/airflow/.local/lib/python3.8/site-packages/airflow/example_dags/example_nested_branch_dag.py took 0.110 seconds
