[2023-12-20T17:20:49.998+0000] {processor.py:161} INFO - Started process (PID=203) to work on /home/airflow/.local/lib/python3.8/site-packages/airflow/example_dags/example_setup_teardown_taskflow.py
[2023-12-20T17:20:50.010+0000] {processor.py:830} INFO - Processing file /home/airflow/.local/lib/python3.8/site-packages/airflow/example_dags/example_setup_teardown_taskflow.py for tasks to queue
[2023-12-20T17:20:50.011+0000] {logging_mixin.py:188} INFO - [2023-12-20T17:20:50.011+0000] {dagbag.py:538} INFO - Filling up the DagBag from /home/airflow/.local/lib/python3.8/site-packages/airflow/example_dags/example_setup_teardown_taskflow.py
[2023-12-20T17:20:50.118+0000] {processor.py:840} INFO - DAG(s) 'example_setup_teardown_taskflow' retrieved from /home/airflow/.local/lib/python3.8/site-packages/airflow/example_dags/example_setup_teardown_taskflow.py
[2023-12-20T17:20:50.584+0000] {logging_mixin.py:188} INFO - [2023-12-20T17:20:50.584+0000] {dag.py:3033} INFO - Sync 1 DAGs
[2023-12-20T17:20:50.673+0000] {logging_mixin.py:188} INFO - [2023-12-20T17:20:50.673+0000] {dag.py:3820} INFO - Setting next_dagrun for example_setup_teardown_taskflow to 2023-12-19T00:00:00+00:00, run_after=2023-12-20T00:00:00+00:00
[2023-12-20T17:20:50.745+0000] {processor.py:183} INFO - Processing /home/airflow/.local/lib/python3.8/site-packages/airflow/example_dags/example_setup_teardown_taskflow.py took 0.763 seconds
[2023-12-20T17:21:20.964+0000] {processor.py:161} INFO - Started process (PID=452) to work on /home/airflow/.local/lib/python3.8/site-packages/airflow/example_dags/example_setup_teardown_taskflow.py
[2023-12-20T17:21:20.966+0000] {processor.py:830} INFO - Processing file /home/airflow/.local/lib/python3.8/site-packages/airflow/example_dags/example_setup_teardown_taskflow.py for tasks to queue
[2023-12-20T17:21:20.967+0000] {logging_mixin.py:188} INFO - [2023-12-20T17:21:20.967+0000] {dagbag.py:538} INFO - Filling up the DagBag from /home/airflow/.local/lib/python3.8/site-packages/airflow/example_dags/example_setup_teardown_taskflow.py
[2023-12-20T17:21:20.994+0000] {processor.py:840} INFO - DAG(s) 'example_setup_teardown_taskflow' retrieved from /home/airflow/.local/lib/python3.8/site-packages/airflow/example_dags/example_setup_teardown_taskflow.py
[2023-12-20T17:21:21.040+0000] {logging_mixin.py:188} INFO - [2023-12-20T17:21:21.039+0000] {dag.py:3033} INFO - Sync 1 DAGs
[2023-12-20T17:21:21.084+0000] {logging_mixin.py:188} INFO - [2023-12-20T17:21:21.083+0000] {dag.py:3820} INFO - Setting next_dagrun for example_setup_teardown_taskflow to 2023-12-19T00:00:00+00:00, run_after=2023-12-20T00:00:00+00:00
[2023-12-20T17:21:21.108+0000] {processor.py:183} INFO - Processing /home/airflow/.local/lib/python3.8/site-packages/airflow/example_dags/example_setup_teardown_taskflow.py took 0.150 seconds
[2023-12-20T17:21:51.827+0000] {processor.py:161} INFO - Started process (PID=704) to work on /home/airflow/.local/lib/python3.8/site-packages/airflow/example_dags/example_setup_teardown_taskflow.py
[2023-12-20T17:21:51.833+0000] {processor.py:830} INFO - Processing file /home/airflow/.local/lib/python3.8/site-packages/airflow/example_dags/example_setup_teardown_taskflow.py for tasks to queue
[2023-12-20T17:21:51.835+0000] {logging_mixin.py:188} INFO - [2023-12-20T17:21:51.834+0000] {dagbag.py:538} INFO - Filling up the DagBag from /home/airflow/.local/lib/python3.8/site-packages/airflow/example_dags/example_setup_teardown_taskflow.py
[2023-12-20T17:21:51.864+0000] {processor.py:840} INFO - DAG(s) 'example_setup_teardown_taskflow' retrieved from /home/airflow/.local/lib/python3.8/site-packages/airflow/example_dags/example_setup_teardown_taskflow.py
[2023-12-20T17:21:51.894+0000] {logging_mixin.py:188} INFO - [2023-12-20T17:21:51.894+0000] {dag.py:3033} INFO - Sync 1 DAGs
[2023-12-20T17:21:51.927+0000] {logging_mixin.py:188} INFO - [2023-12-20T17:21:51.926+0000] {dag.py:3820} INFO - Setting next_dagrun for example_setup_teardown_taskflow to 2023-12-19T00:00:00+00:00, run_after=2023-12-20T00:00:00+00:00
[2023-12-20T17:21:51.949+0000] {processor.py:183} INFO - Processing /home/airflow/.local/lib/python3.8/site-packages/airflow/example_dags/example_setup_teardown_taskflow.py took 0.129 seconds
[2023-12-20T17:22:22.923+0000] {processor.py:161} INFO - Started process (PID=949) to work on /home/airflow/.local/lib/python3.8/site-packages/airflow/example_dags/example_setup_teardown_taskflow.py
[2023-12-20T17:22:22.924+0000] {processor.py:830} INFO - Processing file /home/airflow/.local/lib/python3.8/site-packages/airflow/example_dags/example_setup_teardown_taskflow.py for tasks to queue
[2023-12-20T17:22:22.925+0000] {logging_mixin.py:188} INFO - [2023-12-20T17:22:22.925+0000] {dagbag.py:538} INFO - Filling up the DagBag from /home/airflow/.local/lib/python3.8/site-packages/airflow/example_dags/example_setup_teardown_taskflow.py
[2023-12-20T17:22:22.940+0000] {processor.py:840} INFO - DAG(s) 'example_setup_teardown_taskflow' retrieved from /home/airflow/.local/lib/python3.8/site-packages/airflow/example_dags/example_setup_teardown_taskflow.py
[2023-12-20T17:22:22.978+0000] {logging_mixin.py:188} INFO - [2023-12-20T17:22:22.978+0000] {dag.py:3033} INFO - Sync 1 DAGs
[2023-12-20T17:22:23.032+0000] {logging_mixin.py:188} INFO - [2023-12-20T17:22:23.032+0000] {dag.py:3820} INFO - Setting next_dagrun for example_setup_teardown_taskflow to 2023-12-19T00:00:00+00:00, run_after=2023-12-20T00:00:00+00:00
[2023-12-20T17:22:23.106+0000] {processor.py:183} INFO - Processing /home/airflow/.local/lib/python3.8/site-packages/airflow/example_dags/example_setup_teardown_taskflow.py took 0.187 seconds
[2023-12-20T17:22:53.253+0000] {processor.py:161} INFO - Started process (PID=1196) to work on /home/airflow/.local/lib/python3.8/site-packages/airflow/example_dags/example_setup_teardown_taskflow.py
[2023-12-20T17:22:53.255+0000] {processor.py:830} INFO - Processing file /home/airflow/.local/lib/python3.8/site-packages/airflow/example_dags/example_setup_teardown_taskflow.py for tasks to queue
[2023-12-20T17:22:53.256+0000] {logging_mixin.py:188} INFO - [2023-12-20T17:22:53.256+0000] {dagbag.py:538} INFO - Filling up the DagBag from /home/airflow/.local/lib/python3.8/site-packages/airflow/example_dags/example_setup_teardown_taskflow.py
[2023-12-20T17:22:53.273+0000] {processor.py:840} INFO - DAG(s) 'example_setup_teardown_taskflow' retrieved from /home/airflow/.local/lib/python3.8/site-packages/airflow/example_dags/example_setup_teardown_taskflow.py
[2023-12-20T17:22:53.309+0000] {logging_mixin.py:188} INFO - [2023-12-20T17:22:53.308+0000] {dag.py:3033} INFO - Sync 1 DAGs
[2023-12-20T17:22:53.340+0000] {logging_mixin.py:188} INFO - [2023-12-20T17:22:53.340+0000] {dag.py:3820} INFO - Setting next_dagrun for example_setup_teardown_taskflow to 2023-12-19T00:00:00+00:00, run_after=2023-12-20T00:00:00+00:00
[2023-12-20T17:22:53.366+0000] {processor.py:183} INFO - Processing /home/airflow/.local/lib/python3.8/site-packages/airflow/example_dags/example_setup_teardown_taskflow.py took 0.118 seconds
[2023-12-20T17:23:23.693+0000] {processor.py:161} INFO - Started process (PID=1443) to work on /home/airflow/.local/lib/python3.8/site-packages/airflow/example_dags/example_setup_teardown_taskflow.py
[2023-12-20T17:23:23.695+0000] {processor.py:830} INFO - Processing file /home/airflow/.local/lib/python3.8/site-packages/airflow/example_dags/example_setup_teardown_taskflow.py for tasks to queue
[2023-12-20T17:23:23.695+0000] {logging_mixin.py:188} INFO - [2023-12-20T17:23:23.695+0000] {dagbag.py:538} INFO - Filling up the DagBag from /home/airflow/.local/lib/python3.8/site-packages/airflow/example_dags/example_setup_teardown_taskflow.py
[2023-12-20T17:23:23.712+0000] {processor.py:840} INFO - DAG(s) 'example_setup_teardown_taskflow' retrieved from /home/airflow/.local/lib/python3.8/site-packages/airflow/example_dags/example_setup_teardown_taskflow.py
[2023-12-20T17:23:23.750+0000] {logging_mixin.py:188} INFO - [2023-12-20T17:23:23.750+0000] {dag.py:3033} INFO - Sync 1 DAGs
[2023-12-20T17:23:23.791+0000] {logging_mixin.py:188} INFO - [2023-12-20T17:23:23.791+0000] {dag.py:3820} INFO - Setting next_dagrun for example_setup_teardown_taskflow to 2023-12-19T00:00:00+00:00, run_after=2023-12-20T00:00:00+00:00
[2023-12-20T17:23:23.821+0000] {processor.py:183} INFO - Processing /home/airflow/.local/lib/python3.8/site-packages/airflow/example_dags/example_setup_teardown_taskflow.py took 0.134 seconds
[2023-12-20T17:23:54.196+0000] {processor.py:161} INFO - Started process (PID=1690) to work on /home/airflow/.local/lib/python3.8/site-packages/airflow/example_dags/example_setup_teardown_taskflow.py
[2023-12-20T17:23:54.198+0000] {processor.py:830} INFO - Processing file /home/airflow/.local/lib/python3.8/site-packages/airflow/example_dags/example_setup_teardown_taskflow.py for tasks to queue
[2023-12-20T17:23:54.199+0000] {logging_mixin.py:188} INFO - [2023-12-20T17:23:54.198+0000] {dagbag.py:538} INFO - Filling up the DagBag from /home/airflow/.local/lib/python3.8/site-packages/airflow/example_dags/example_setup_teardown_taskflow.py
[2023-12-20T17:23:54.216+0000] {processor.py:840} INFO - DAG(s) 'example_setup_teardown_taskflow' retrieved from /home/airflow/.local/lib/python3.8/site-packages/airflow/example_dags/example_setup_teardown_taskflow.py
[2023-12-20T17:23:54.260+0000] {logging_mixin.py:188} INFO - [2023-12-20T17:23:54.260+0000] {dag.py:3033} INFO - Sync 1 DAGs
[2023-12-20T17:23:54.296+0000] {logging_mixin.py:188} INFO - [2023-12-20T17:23:54.296+0000] {dag.py:3820} INFO - Setting next_dagrun for example_setup_teardown_taskflow to 2023-12-19T00:00:00+00:00, run_after=2023-12-20T00:00:00+00:00
[2023-12-20T17:23:54.317+0000] {processor.py:183} INFO - Processing /home/airflow/.local/lib/python3.8/site-packages/airflow/example_dags/example_setup_teardown_taskflow.py took 0.125 seconds
[2023-12-20T17:24:24.473+0000] {processor.py:161} INFO - Started process (PID=1937) to work on /home/airflow/.local/lib/python3.8/site-packages/airflow/example_dags/example_setup_teardown_taskflow.py
[2023-12-20T17:24:24.481+0000] {processor.py:830} INFO - Processing file /home/airflow/.local/lib/python3.8/site-packages/airflow/example_dags/example_setup_teardown_taskflow.py for tasks to queue
[2023-12-20T17:24:24.482+0000] {logging_mixin.py:188} INFO - [2023-12-20T17:24:24.482+0000] {dagbag.py:538} INFO - Filling up the DagBag from /home/airflow/.local/lib/python3.8/site-packages/airflow/example_dags/example_setup_teardown_taskflow.py
[2023-12-20T17:24:24.509+0000] {processor.py:840} INFO - DAG(s) 'example_setup_teardown_taskflow' retrieved from /home/airflow/.local/lib/python3.8/site-packages/airflow/example_dags/example_setup_teardown_taskflow.py
[2023-12-20T17:24:24.575+0000] {logging_mixin.py:188} INFO - [2023-12-20T17:24:24.575+0000] {dag.py:3033} INFO - Sync 1 DAGs
[2023-12-20T17:24:24.617+0000] {logging_mixin.py:188} INFO - [2023-12-20T17:24:24.617+0000] {dag.py:3820} INFO - Setting next_dagrun for example_setup_teardown_taskflow to 2023-12-19T00:00:00+00:00, run_after=2023-12-20T00:00:00+00:00
[2023-12-20T17:24:24.649+0000] {processor.py:183} INFO - Processing /home/airflow/.local/lib/python3.8/site-packages/airflow/example_dags/example_setup_teardown_taskflow.py took 0.184 seconds
[2023-12-20T17:25:51.797+0000] {processor.py:161} INFO - Started process (PID=45) to work on /home/airflow/.local/lib/python3.8/site-packages/airflow/example_dags/example_setup_teardown_taskflow.py
[2023-12-20T17:25:51.805+0000] {processor.py:830} INFO - Processing file /home/airflow/.local/lib/python3.8/site-packages/airflow/example_dags/example_setup_teardown_taskflow.py for tasks to queue
[2023-12-20T17:25:51.820+0000] {logging_mixin.py:188} INFO - [2023-12-20T17:25:51.820+0000] {dagbag.py:538} INFO - Filling up the DagBag from /home/airflow/.local/lib/python3.8/site-packages/airflow/example_dags/example_setup_teardown_taskflow.py
[2023-12-20T17:25:51.896+0000] {processor.py:840} INFO - DAG(s) 'example_setup_teardown_taskflow' retrieved from /home/airflow/.local/lib/python3.8/site-packages/airflow/example_dags/example_setup_teardown_taskflow.py
[2023-12-20T17:25:52.591+0000] {logging_mixin.py:188} INFO - [2023-12-20T17:25:52.591+0000] {dag.py:3033} INFO - Sync 1 DAGs
[2023-12-20T17:25:52.692+0000] {logging_mixin.py:188} INFO - [2023-12-20T17:25:52.692+0000] {dag.py:3820} INFO - Setting next_dagrun for example_setup_teardown_taskflow to 2023-12-19T00:00:00+00:00, run_after=2023-12-20T00:00:00+00:00
[2023-12-20T17:25:52.803+0000] {processor.py:183} INFO - Processing /home/airflow/.local/lib/python3.8/site-packages/airflow/example_dags/example_setup_teardown_taskflow.py took 1.033 seconds
[2023-12-20T17:26:23.073+0000] {processor.py:161} INFO - Started process (PID=99) to work on /home/airflow/.local/lib/python3.8/site-packages/airflow/example_dags/example_setup_teardown_taskflow.py
[2023-12-20T17:26:23.075+0000] {processor.py:830} INFO - Processing file /home/airflow/.local/lib/python3.8/site-packages/airflow/example_dags/example_setup_teardown_taskflow.py for tasks to queue
[2023-12-20T17:26:23.079+0000] {logging_mixin.py:188} INFO - [2023-12-20T17:26:23.078+0000] {dagbag.py:538} INFO - Filling up the DagBag from /home/airflow/.local/lib/python3.8/site-packages/airflow/example_dags/example_setup_teardown_taskflow.py
[2023-12-20T17:26:23.096+0000] {processor.py:840} INFO - DAG(s) 'example_setup_teardown_taskflow' retrieved from /home/airflow/.local/lib/python3.8/site-packages/airflow/example_dags/example_setup_teardown_taskflow.py
[2023-12-20T17:26:23.132+0000] {logging_mixin.py:188} INFO - [2023-12-20T17:26:23.132+0000] {dag.py:3033} INFO - Sync 1 DAGs
[2023-12-20T17:26:23.168+0000] {logging_mixin.py:188} INFO - [2023-12-20T17:26:23.168+0000] {dag.py:3820} INFO - Setting next_dagrun for example_setup_teardown_taskflow to 2023-12-19T00:00:00+00:00, run_after=2023-12-20T00:00:00+00:00
[2023-12-20T17:26:23.206+0000] {processor.py:183} INFO - Processing /home/airflow/.local/lib/python3.8/site-packages/airflow/example_dags/example_setup_teardown_taskflow.py took 0.137 seconds
[2023-12-20T17:26:53.679+0000] {processor.py:161} INFO - Started process (PID=153) to work on /home/airflow/.local/lib/python3.8/site-packages/airflow/example_dags/example_setup_teardown_taskflow.py
[2023-12-20T17:26:53.680+0000] {processor.py:830} INFO - Processing file /home/airflow/.local/lib/python3.8/site-packages/airflow/example_dags/example_setup_teardown_taskflow.py for tasks to queue
[2023-12-20T17:26:53.684+0000] {logging_mixin.py:188} INFO - [2023-12-20T17:26:53.684+0000] {dagbag.py:538} INFO - Filling up the DagBag from /home/airflow/.local/lib/python3.8/site-packages/airflow/example_dags/example_setup_teardown_taskflow.py
[2023-12-20T17:26:53.705+0000] {processor.py:840} INFO - DAG(s) 'example_setup_teardown_taskflow' retrieved from /home/airflow/.local/lib/python3.8/site-packages/airflow/example_dags/example_setup_teardown_taskflow.py
[2023-12-20T17:26:53.747+0000] {logging_mixin.py:188} INFO - [2023-12-20T17:26:53.747+0000] {dag.py:3033} INFO - Sync 1 DAGs
[2023-12-20T17:26:53.804+0000] {logging_mixin.py:188} INFO - [2023-12-20T17:26:53.804+0000] {dag.py:3820} INFO - Setting next_dagrun for example_setup_teardown_taskflow to 2023-12-19T00:00:00+00:00, run_after=2023-12-20T00:00:00+00:00
[2023-12-20T17:26:53.843+0000] {processor.py:183} INFO - Processing /home/airflow/.local/lib/python3.8/site-packages/airflow/example_dags/example_setup_teardown_taskflow.py took 0.171 seconds
[2023-12-20T17:27:24.279+0000] {processor.py:161} INFO - Started process (PID=208) to work on /home/airflow/.local/lib/python3.8/site-packages/airflow/example_dags/example_setup_teardown_taskflow.py
[2023-12-20T17:27:24.284+0000] {processor.py:830} INFO - Processing file /home/airflow/.local/lib/python3.8/site-packages/airflow/example_dags/example_setup_teardown_taskflow.py for tasks to queue
[2023-12-20T17:27:24.287+0000] {logging_mixin.py:188} INFO - [2023-12-20T17:27:24.286+0000] {dagbag.py:538} INFO - Filling up the DagBag from /home/airflow/.local/lib/python3.8/site-packages/airflow/example_dags/example_setup_teardown_taskflow.py
[2023-12-20T17:27:24.309+0000] {processor.py:840} INFO - DAG(s) 'example_setup_teardown_taskflow' retrieved from /home/airflow/.local/lib/python3.8/site-packages/airflow/example_dags/example_setup_teardown_taskflow.py
[2023-12-20T17:27:24.363+0000] {logging_mixin.py:188} INFO - [2023-12-20T17:27:24.362+0000] {dag.py:3033} INFO - Sync 1 DAGs
[2023-12-20T17:27:24.417+0000] {logging_mixin.py:188} INFO - [2023-12-20T17:27:24.417+0000] {dag.py:3820} INFO - Setting next_dagrun for example_setup_teardown_taskflow to 2023-12-19T00:00:00+00:00, run_after=2023-12-20T00:00:00+00:00
[2023-12-20T17:27:24.468+0000] {processor.py:183} INFO - Processing /home/airflow/.local/lib/python3.8/site-packages/airflow/example_dags/example_setup_teardown_taskflow.py took 0.193 seconds
[2023-12-20T17:27:54.638+0000] {processor.py:161} INFO - Started process (PID=263) to work on /home/airflow/.local/lib/python3.8/site-packages/airflow/example_dags/example_setup_teardown_taskflow.py
[2023-12-20T17:27:54.643+0000] {processor.py:830} INFO - Processing file /home/airflow/.local/lib/python3.8/site-packages/airflow/example_dags/example_setup_teardown_taskflow.py for tasks to queue
[2023-12-20T17:27:54.648+0000] {logging_mixin.py:188} INFO - [2023-12-20T17:27:54.647+0000] {dagbag.py:538} INFO - Filling up the DagBag from /home/airflow/.local/lib/python3.8/site-packages/airflow/example_dags/example_setup_teardown_taskflow.py
[2023-12-20T17:27:54.669+0000] {processor.py:840} INFO - DAG(s) 'example_setup_teardown_taskflow' retrieved from /home/airflow/.local/lib/python3.8/site-packages/airflow/example_dags/example_setup_teardown_taskflow.py
[2023-12-20T17:27:54.711+0000] {logging_mixin.py:188} INFO - [2023-12-20T17:27:54.711+0000] {dag.py:3033} INFO - Sync 1 DAGs
[2023-12-20T17:27:54.746+0000] {logging_mixin.py:188} INFO - [2023-12-20T17:27:54.746+0000] {dag.py:3820} INFO - Setting next_dagrun for example_setup_teardown_taskflow to 2023-12-19T00:00:00+00:00, run_after=2023-12-20T00:00:00+00:00
[2023-12-20T17:27:54.785+0000] {processor.py:183} INFO - Processing /home/airflow/.local/lib/python3.8/site-packages/airflow/example_dags/example_setup_teardown_taskflow.py took 0.155 seconds
[2023-12-20T17:28:25.498+0000] {processor.py:161} INFO - Started process (PID=317) to work on /home/airflow/.local/lib/python3.8/site-packages/airflow/example_dags/example_setup_teardown_taskflow.py
[2023-12-20T17:28:25.501+0000] {processor.py:830} INFO - Processing file /home/airflow/.local/lib/python3.8/site-packages/airflow/example_dags/example_setup_teardown_taskflow.py for tasks to queue
[2023-12-20T17:28:25.505+0000] {logging_mixin.py:188} INFO - [2023-12-20T17:28:25.504+0000] {dagbag.py:538} INFO - Filling up the DagBag from /home/airflow/.local/lib/python3.8/site-packages/airflow/example_dags/example_setup_teardown_taskflow.py
[2023-12-20T17:28:25.522+0000] {processor.py:840} INFO - DAG(s) 'example_setup_teardown_taskflow' retrieved from /home/airflow/.local/lib/python3.8/site-packages/airflow/example_dags/example_setup_teardown_taskflow.py
[2023-12-20T17:28:25.567+0000] {logging_mixin.py:188} INFO - [2023-12-20T17:28:25.567+0000] {dag.py:3033} INFO - Sync 1 DAGs
[2023-12-20T17:28:25.614+0000] {logging_mixin.py:188} INFO - [2023-12-20T17:28:25.614+0000] {dag.py:3820} INFO - Setting next_dagrun for example_setup_teardown_taskflow to 2023-12-19T00:00:00+00:00, run_after=2023-12-20T00:00:00+00:00
[2023-12-20T17:28:25.654+0000] {processor.py:183} INFO - Processing /home/airflow/.local/lib/python3.8/site-packages/airflow/example_dags/example_setup_teardown_taskflow.py took 0.166 seconds
[2023-12-20T17:28:56.138+0000] {processor.py:161} INFO - Started process (PID=372) to work on /home/airflow/.local/lib/python3.8/site-packages/airflow/example_dags/example_setup_teardown_taskflow.py
[2023-12-20T17:28:56.139+0000] {processor.py:830} INFO - Processing file /home/airflow/.local/lib/python3.8/site-packages/airflow/example_dags/example_setup_teardown_taskflow.py for tasks to queue
[2023-12-20T17:28:56.145+0000] {logging_mixin.py:188} INFO - [2023-12-20T17:28:56.144+0000] {dagbag.py:538} INFO - Filling up the DagBag from /home/airflow/.local/lib/python3.8/site-packages/airflow/example_dags/example_setup_teardown_taskflow.py
[2023-12-20T17:28:56.158+0000] {processor.py:840} INFO - DAG(s) 'example_setup_teardown_taskflow' retrieved from /home/airflow/.local/lib/python3.8/site-packages/airflow/example_dags/example_setup_teardown_taskflow.py
[2023-12-20T17:28:56.209+0000] {logging_mixin.py:188} INFO - [2023-12-20T17:28:56.209+0000] {dag.py:3033} INFO - Sync 1 DAGs
[2023-12-20T17:28:56.256+0000] {logging_mixin.py:188} INFO - [2023-12-20T17:28:56.255+0000] {dag.py:3820} INFO - Setting next_dagrun for example_setup_teardown_taskflow to 2023-12-19T00:00:00+00:00, run_after=2023-12-20T00:00:00+00:00
[2023-12-20T17:28:56.294+0000] {processor.py:183} INFO - Processing /home/airflow/.local/lib/python3.8/site-packages/airflow/example_dags/example_setup_teardown_taskflow.py took 0.162 seconds
[2023-12-20T17:29:26.817+0000] {processor.py:161} INFO - Started process (PID=427) to work on /home/airflow/.local/lib/python3.8/site-packages/airflow/example_dags/example_setup_teardown_taskflow.py
[2023-12-20T17:29:26.818+0000] {processor.py:830} INFO - Processing file /home/airflow/.local/lib/python3.8/site-packages/airflow/example_dags/example_setup_teardown_taskflow.py for tasks to queue
[2023-12-20T17:29:26.821+0000] {logging_mixin.py:188} INFO - [2023-12-20T17:29:26.821+0000] {dagbag.py:538} INFO - Filling up the DagBag from /home/airflow/.local/lib/python3.8/site-packages/airflow/example_dags/example_setup_teardown_taskflow.py
[2023-12-20T17:29:26.844+0000] {processor.py:840} INFO - DAG(s) 'example_setup_teardown_taskflow' retrieved from /home/airflow/.local/lib/python3.8/site-packages/airflow/example_dags/example_setup_teardown_taskflow.py
[2023-12-20T17:29:26.912+0000] {logging_mixin.py:188} INFO - [2023-12-20T17:29:26.912+0000] {dag.py:3033} INFO - Sync 1 DAGs
[2023-12-20T17:29:26.985+0000] {logging_mixin.py:188} INFO - [2023-12-20T17:29:26.984+0000] {dag.py:3820} INFO - Setting next_dagrun for example_setup_teardown_taskflow to 2023-12-19T00:00:00+00:00, run_after=2023-12-20T00:00:00+00:00
[2023-12-20T17:29:27.042+0000] {processor.py:183} INFO - Processing /home/airflow/.local/lib/python3.8/site-packages/airflow/example_dags/example_setup_teardown_taskflow.py took 0.238 seconds
[2023-12-20T17:29:57.396+0000] {processor.py:161} INFO - Started process (PID=482) to work on /home/airflow/.local/lib/python3.8/site-packages/airflow/example_dags/example_setup_teardown_taskflow.py
[2023-12-20T17:29:57.398+0000] {processor.py:830} INFO - Processing file /home/airflow/.local/lib/python3.8/site-packages/airflow/example_dags/example_setup_teardown_taskflow.py for tasks to queue
[2023-12-20T17:29:57.402+0000] {logging_mixin.py:188} INFO - [2023-12-20T17:29:57.401+0000] {dagbag.py:538} INFO - Filling up the DagBag from /home/airflow/.local/lib/python3.8/site-packages/airflow/example_dags/example_setup_teardown_taskflow.py
[2023-12-20T17:29:57.431+0000] {processor.py:840} INFO - DAG(s) 'example_setup_teardown_taskflow' retrieved from /home/airflow/.local/lib/python3.8/site-packages/airflow/example_dags/example_setup_teardown_taskflow.py
[2023-12-20T17:29:57.469+0000] {logging_mixin.py:188} INFO - [2023-12-20T17:29:57.469+0000] {dag.py:3033} INFO - Sync 1 DAGs
[2023-12-20T17:29:57.516+0000] {logging_mixin.py:188} INFO - [2023-12-20T17:29:57.516+0000] {dag.py:3820} INFO - Setting next_dagrun for example_setup_teardown_taskflow to 2023-12-19T00:00:00+00:00, run_after=2023-12-20T00:00:00+00:00
[2023-12-20T17:29:57.571+0000] {processor.py:183} INFO - Processing /home/airflow/.local/lib/python3.8/site-packages/airflow/example_dags/example_setup_teardown_taskflow.py took 0.186 seconds
[2023-12-20T17:30:27.805+0000] {processor.py:161} INFO - Started process (PID=537) to work on /home/airflow/.local/lib/python3.8/site-packages/airflow/example_dags/example_setup_teardown_taskflow.py
[2023-12-20T17:30:27.807+0000] {processor.py:830} INFO - Processing file /home/airflow/.local/lib/python3.8/site-packages/airflow/example_dags/example_setup_teardown_taskflow.py for tasks to queue
[2023-12-20T17:30:27.812+0000] {logging_mixin.py:188} INFO - [2023-12-20T17:30:27.811+0000] {dagbag.py:538} INFO - Filling up the DagBag from /home/airflow/.local/lib/python3.8/site-packages/airflow/example_dags/example_setup_teardown_taskflow.py
[2023-12-20T17:30:27.834+0000] {processor.py:840} INFO - DAG(s) 'example_setup_teardown_taskflow' retrieved from /home/airflow/.local/lib/python3.8/site-packages/airflow/example_dags/example_setup_teardown_taskflow.py
[2023-12-20T17:30:27.885+0000] {logging_mixin.py:188} INFO - [2023-12-20T17:30:27.884+0000] {dag.py:3033} INFO - Sync 1 DAGs
[2023-12-20T17:30:27.927+0000] {logging_mixin.py:188} INFO - [2023-12-20T17:30:27.927+0000] {dag.py:3820} INFO - Setting next_dagrun for example_setup_teardown_taskflow to 2023-12-19T00:00:00+00:00, run_after=2023-12-20T00:00:00+00:00
[2023-12-20T17:30:27.972+0000] {processor.py:183} INFO - Processing /home/airflow/.local/lib/python3.8/site-packages/airflow/example_dags/example_setup_teardown_taskflow.py took 0.175 seconds
[2023-12-20T17:30:58.500+0000] {processor.py:161} INFO - Started process (PID=592) to work on /home/airflow/.local/lib/python3.8/site-packages/airflow/example_dags/example_setup_teardown_taskflow.py
[2023-12-20T17:30:58.504+0000] {processor.py:830} INFO - Processing file /home/airflow/.local/lib/python3.8/site-packages/airflow/example_dags/example_setup_teardown_taskflow.py for tasks to queue
[2023-12-20T17:30:58.509+0000] {logging_mixin.py:188} INFO - [2023-12-20T17:30:58.509+0000] {dagbag.py:538} INFO - Filling up the DagBag from /home/airflow/.local/lib/python3.8/site-packages/airflow/example_dags/example_setup_teardown_taskflow.py
[2023-12-20T17:30:58.530+0000] {processor.py:840} INFO - DAG(s) 'example_setup_teardown_taskflow' retrieved from /home/airflow/.local/lib/python3.8/site-packages/airflow/example_dags/example_setup_teardown_taskflow.py
[2023-12-20T17:30:58.574+0000] {logging_mixin.py:188} INFO - [2023-12-20T17:30:58.574+0000] {dag.py:3033} INFO - Sync 1 DAGs
[2023-12-20T17:30:58.625+0000] {logging_mixin.py:188} INFO - [2023-12-20T17:30:58.624+0000] {dag.py:3820} INFO - Setting next_dagrun for example_setup_teardown_taskflow to 2023-12-19T00:00:00+00:00, run_after=2023-12-20T00:00:00+00:00
[2023-12-20T17:30:58.672+0000] {processor.py:183} INFO - Processing /home/airflow/.local/lib/python3.8/site-packages/airflow/example_dags/example_setup_teardown_taskflow.py took 0.180 seconds
[2023-12-20T17:31:29.598+0000] {processor.py:161} INFO - Started process (PID=646) to work on /home/airflow/.local/lib/python3.8/site-packages/airflow/example_dags/example_setup_teardown_taskflow.py
[2023-12-20T17:31:29.601+0000] {processor.py:830} INFO - Processing file /home/airflow/.local/lib/python3.8/site-packages/airflow/example_dags/example_setup_teardown_taskflow.py for tasks to queue
[2023-12-20T17:31:29.607+0000] {logging_mixin.py:188} INFO - [2023-12-20T17:31:29.607+0000] {dagbag.py:538} INFO - Filling up the DagBag from /home/airflow/.local/lib/python3.8/site-packages/airflow/example_dags/example_setup_teardown_taskflow.py
[2023-12-20T17:31:29.635+0000] {processor.py:840} INFO - DAG(s) 'example_setup_teardown_taskflow' retrieved from /home/airflow/.local/lib/python3.8/site-packages/airflow/example_dags/example_setup_teardown_taskflow.py
[2023-12-20T17:31:29.697+0000] {logging_mixin.py:188} INFO - [2023-12-20T17:31:29.697+0000] {dag.py:3033} INFO - Sync 1 DAGs
[2023-12-20T17:31:29.747+0000] {logging_mixin.py:188} INFO - [2023-12-20T17:31:29.747+0000] {dag.py:3820} INFO - Setting next_dagrun for example_setup_teardown_taskflow to 2023-12-19T00:00:00+00:00, run_after=2023-12-20T00:00:00+00:00
[2023-12-20T17:31:29.801+0000] {processor.py:183} INFO - Processing /home/airflow/.local/lib/python3.8/site-packages/airflow/example_dags/example_setup_teardown_taskflow.py took 0.212 seconds
[2023-12-20T17:32:00.397+0000] {processor.py:161} INFO - Started process (PID=701) to work on /home/airflow/.local/lib/python3.8/site-packages/airflow/example_dags/example_setup_teardown_taskflow.py
[2023-12-20T17:32:00.399+0000] {processor.py:830} INFO - Processing file /home/airflow/.local/lib/python3.8/site-packages/airflow/example_dags/example_setup_teardown_taskflow.py for tasks to queue
[2023-12-20T17:32:00.411+0000] {logging_mixin.py:188} INFO - [2023-12-20T17:32:00.410+0000] {dagbag.py:538} INFO - Filling up the DagBag from /home/airflow/.local/lib/python3.8/site-packages/airflow/example_dags/example_setup_teardown_taskflow.py
[2023-12-20T17:32:00.440+0000] {processor.py:840} INFO - DAG(s) 'example_setup_teardown_taskflow' retrieved from /home/airflow/.local/lib/python3.8/site-packages/airflow/example_dags/example_setup_teardown_taskflow.py
[2023-12-20T17:32:00.496+0000] {logging_mixin.py:188} INFO - [2023-12-20T17:32:00.496+0000] {dag.py:3033} INFO - Sync 1 DAGs
[2023-12-20T17:32:00.555+0000] {logging_mixin.py:188} INFO - [2023-12-20T17:32:00.554+0000] {dag.py:3820} INFO - Setting next_dagrun for example_setup_teardown_taskflow to 2023-12-19T00:00:00+00:00, run_after=2023-12-20T00:00:00+00:00
[2023-12-20T17:32:00.611+0000] {processor.py:183} INFO - Processing /home/airflow/.local/lib/python3.8/site-packages/airflow/example_dags/example_setup_teardown_taskflow.py took 0.224 seconds
[2023-12-20T17:32:30.798+0000] {processor.py:161} INFO - Started process (PID=756) to work on /home/airflow/.local/lib/python3.8/site-packages/airflow/example_dags/example_setup_teardown_taskflow.py
[2023-12-20T17:32:30.803+0000] {processor.py:830} INFO - Processing file /home/airflow/.local/lib/python3.8/site-packages/airflow/example_dags/example_setup_teardown_taskflow.py for tasks to queue
[2023-12-20T17:32:30.807+0000] {logging_mixin.py:188} INFO - [2023-12-20T17:32:30.806+0000] {dagbag.py:538} INFO - Filling up the DagBag from /home/airflow/.local/lib/python3.8/site-packages/airflow/example_dags/example_setup_teardown_taskflow.py
[2023-12-20T17:32:30.837+0000] {processor.py:840} INFO - DAG(s) 'example_setup_teardown_taskflow' retrieved from /home/airflow/.local/lib/python3.8/site-packages/airflow/example_dags/example_setup_teardown_taskflow.py
[2023-12-20T17:32:30.903+0000] {logging_mixin.py:188} INFO - [2023-12-20T17:32:30.903+0000] {dag.py:3033} INFO - Sync 1 DAGs
[2023-12-20T17:32:30.985+0000] {logging_mixin.py:188} INFO - [2023-12-20T17:32:30.985+0000] {dag.py:3820} INFO - Setting next_dagrun for example_setup_teardown_taskflow to 2023-12-19T00:00:00+00:00, run_after=2023-12-20T00:00:00+00:00
[2023-12-20T17:32:31.048+0000] {processor.py:183} INFO - Processing /home/airflow/.local/lib/python3.8/site-packages/airflow/example_dags/example_setup_teardown_taskflow.py took 0.259 seconds
[2023-12-20T17:33:01.338+0000] {processor.py:161} INFO - Started process (PID=812) to work on /home/airflow/.local/lib/python3.8/site-packages/airflow/example_dags/example_setup_teardown_taskflow.py
[2023-12-20T17:33:01.347+0000] {processor.py:830} INFO - Processing file /home/airflow/.local/lib/python3.8/site-packages/airflow/example_dags/example_setup_teardown_taskflow.py for tasks to queue
[2023-12-20T17:33:01.351+0000] {logging_mixin.py:188} INFO - [2023-12-20T17:33:01.351+0000] {dagbag.py:538} INFO - Filling up the DagBag from /home/airflow/.local/lib/python3.8/site-packages/airflow/example_dags/example_setup_teardown_taskflow.py
[2023-12-20T17:33:01.387+0000] {processor.py:840} INFO - DAG(s) 'example_setup_teardown_taskflow' retrieved from /home/airflow/.local/lib/python3.8/site-packages/airflow/example_dags/example_setup_teardown_taskflow.py
[2023-12-20T17:33:01.455+0000] {logging_mixin.py:188} INFO - [2023-12-20T17:33:01.454+0000] {dag.py:3033} INFO - Sync 1 DAGs
[2023-12-20T17:33:01.520+0000] {logging_mixin.py:188} INFO - [2023-12-20T17:33:01.519+0000] {dag.py:3820} INFO - Setting next_dagrun for example_setup_teardown_taskflow to 2023-12-19T00:00:00+00:00, run_after=2023-12-20T00:00:00+00:00
[2023-12-20T17:33:01.591+0000] {processor.py:183} INFO - Processing /home/airflow/.local/lib/python3.8/site-packages/airflow/example_dags/example_setup_teardown_taskflow.py took 0.269 seconds
[2023-12-20T17:33:31.724+0000] {processor.py:161} INFO - Started process (PID=866) to work on /home/airflow/.local/lib/python3.8/site-packages/airflow/example_dags/example_setup_teardown_taskflow.py
[2023-12-20T17:33:31.727+0000] {processor.py:830} INFO - Processing file /home/airflow/.local/lib/python3.8/site-packages/airflow/example_dags/example_setup_teardown_taskflow.py for tasks to queue
[2023-12-20T17:33:31.730+0000] {logging_mixin.py:188} INFO - [2023-12-20T17:33:31.730+0000] {dagbag.py:538} INFO - Filling up the DagBag from /home/airflow/.local/lib/python3.8/site-packages/airflow/example_dags/example_setup_teardown_taskflow.py
[2023-12-20T17:33:31.750+0000] {processor.py:840} INFO - DAG(s) 'example_setup_teardown_taskflow' retrieved from /home/airflow/.local/lib/python3.8/site-packages/airflow/example_dags/example_setup_teardown_taskflow.py
[2023-12-20T17:33:31.790+0000] {logging_mixin.py:188} INFO - [2023-12-20T17:33:31.789+0000] {dag.py:3033} INFO - Sync 1 DAGs
[2023-12-20T17:33:31.828+0000] {logging_mixin.py:188} INFO - [2023-12-20T17:33:31.828+0000] {dag.py:3820} INFO - Setting next_dagrun for example_setup_teardown_taskflow to 2023-12-19T00:00:00+00:00, run_after=2023-12-20T00:00:00+00:00
[2023-12-20T17:33:31.871+0000] {processor.py:183} INFO - Processing /home/airflow/.local/lib/python3.8/site-packages/airflow/example_dags/example_setup_teardown_taskflow.py took 0.154 seconds
[2023-12-20T17:34:02.763+0000] {processor.py:161} INFO - Started process (PID=921) to work on /home/airflow/.local/lib/python3.8/site-packages/airflow/example_dags/example_setup_teardown_taskflow.py
[2023-12-20T17:34:02.764+0000] {processor.py:830} INFO - Processing file /home/airflow/.local/lib/python3.8/site-packages/airflow/example_dags/example_setup_teardown_taskflow.py for tasks to queue
[2023-12-20T17:34:02.766+0000] {logging_mixin.py:188} INFO - [2023-12-20T17:34:02.766+0000] {dagbag.py:538} INFO - Filling up the DagBag from /home/airflow/.local/lib/python3.8/site-packages/airflow/example_dags/example_setup_teardown_taskflow.py
[2023-12-20T17:34:02.782+0000] {processor.py:840} INFO - DAG(s) 'example_setup_teardown_taskflow' retrieved from /home/airflow/.local/lib/python3.8/site-packages/airflow/example_dags/example_setup_teardown_taskflow.py
[2023-12-20T17:34:02.817+0000] {logging_mixin.py:188} INFO - [2023-12-20T17:34:02.817+0000] {dag.py:3033} INFO - Sync 1 DAGs
[2023-12-20T17:34:02.856+0000] {logging_mixin.py:188} INFO - [2023-12-20T17:34:02.856+0000] {dag.py:3820} INFO - Setting next_dagrun for example_setup_teardown_taskflow to 2023-12-19T00:00:00+00:00, run_after=2023-12-20T00:00:00+00:00
[2023-12-20T17:34:02.900+0000] {processor.py:183} INFO - Processing /home/airflow/.local/lib/python3.8/site-packages/airflow/example_dags/example_setup_teardown_taskflow.py took 0.142 seconds
[2023-12-20T17:34:33.498+0000] {processor.py:161} INFO - Started process (PID=977) to work on /home/airflow/.local/lib/python3.8/site-packages/airflow/example_dags/example_setup_teardown_taskflow.py
[2023-12-20T17:34:33.507+0000] {processor.py:830} INFO - Processing file /home/airflow/.local/lib/python3.8/site-packages/airflow/example_dags/example_setup_teardown_taskflow.py for tasks to queue
[2023-12-20T17:34:33.510+0000] {logging_mixin.py:188} INFO - [2023-12-20T17:34:33.510+0000] {dagbag.py:538} INFO - Filling up the DagBag from /home/airflow/.local/lib/python3.8/site-packages/airflow/example_dags/example_setup_teardown_taskflow.py
[2023-12-20T17:34:33.562+0000] {processor.py:840} INFO - DAG(s) 'example_setup_teardown_taskflow' retrieved from /home/airflow/.local/lib/python3.8/site-packages/airflow/example_dags/example_setup_teardown_taskflow.py
[2023-12-20T17:34:33.612+0000] {logging_mixin.py:188} INFO - [2023-12-20T17:34:33.611+0000] {dag.py:3033} INFO - Sync 1 DAGs
[2023-12-20T17:34:33.660+0000] {logging_mixin.py:188} INFO - [2023-12-20T17:34:33.660+0000] {dag.py:3820} INFO - Setting next_dagrun for example_setup_teardown_taskflow to 2023-12-19T00:00:00+00:00, run_after=2023-12-20T00:00:00+00:00
[2023-12-20T17:34:33.706+0000] {processor.py:183} INFO - Processing /home/airflow/.local/lib/python3.8/site-packages/airflow/example_dags/example_setup_teardown_taskflow.py took 0.225 seconds
[2023-12-20T17:35:04.108+0000] {processor.py:161} INFO - Started process (PID=1031) to work on /home/airflow/.local/lib/python3.8/site-packages/airflow/example_dags/example_setup_teardown_taskflow.py
[2023-12-20T17:35:04.109+0000] {processor.py:830} INFO - Processing file /home/airflow/.local/lib/python3.8/site-packages/airflow/example_dags/example_setup_teardown_taskflow.py for tasks to queue
[2023-12-20T17:35:04.114+0000] {logging_mixin.py:188} INFO - [2023-12-20T17:35:04.114+0000] {dagbag.py:538} INFO - Filling up the DagBag from /home/airflow/.local/lib/python3.8/site-packages/airflow/example_dags/example_setup_teardown_taskflow.py
[2023-12-20T17:35:04.156+0000] {processor.py:840} INFO - DAG(s) 'example_setup_teardown_taskflow' retrieved from /home/airflow/.local/lib/python3.8/site-packages/airflow/example_dags/example_setup_teardown_taskflow.py
[2023-12-20T17:35:04.213+0000] {logging_mixin.py:188} INFO - [2023-12-20T17:35:04.213+0000] {dag.py:3033} INFO - Sync 1 DAGs
[2023-12-20T17:35:04.263+0000] {logging_mixin.py:188} INFO - [2023-12-20T17:35:04.263+0000] {dag.py:3820} INFO - Setting next_dagrun for example_setup_teardown_taskflow to 2023-12-19T00:00:00+00:00, run_after=2023-12-20T00:00:00+00:00
[2023-12-20T17:35:04.306+0000] {processor.py:183} INFO - Processing /home/airflow/.local/lib/python3.8/site-packages/airflow/example_dags/example_setup_teardown_taskflow.py took 0.205 seconds
[2023-12-20T17:35:35.163+0000] {processor.py:161} INFO - Started process (PID=1086) to work on /home/airflow/.local/lib/python3.8/site-packages/airflow/example_dags/example_setup_teardown_taskflow.py
[2023-12-20T17:35:35.167+0000] {processor.py:830} INFO - Processing file /home/airflow/.local/lib/python3.8/site-packages/airflow/example_dags/example_setup_teardown_taskflow.py for tasks to queue
[2023-12-20T17:35:35.173+0000] {logging_mixin.py:188} INFO - [2023-12-20T17:35:35.173+0000] {dagbag.py:538} INFO - Filling up the DagBag from /home/airflow/.local/lib/python3.8/site-packages/airflow/example_dags/example_setup_teardown_taskflow.py
[2023-12-20T17:35:35.216+0000] {processor.py:840} INFO - DAG(s) 'example_setup_teardown_taskflow' retrieved from /home/airflow/.local/lib/python3.8/site-packages/airflow/example_dags/example_setup_teardown_taskflow.py
[2023-12-20T17:35:35.284+0000] {logging_mixin.py:188} INFO - [2023-12-20T17:35:35.284+0000] {dag.py:3033} INFO - Sync 1 DAGs
[2023-12-20T17:35:35.333+0000] {logging_mixin.py:188} INFO - [2023-12-20T17:35:35.332+0000] {dag.py:3820} INFO - Setting next_dagrun for example_setup_teardown_taskflow to 2023-12-19T00:00:00+00:00, run_after=2023-12-20T00:00:00+00:00
[2023-12-20T17:35:35.387+0000] {processor.py:183} INFO - Processing /home/airflow/.local/lib/python3.8/site-packages/airflow/example_dags/example_setup_teardown_taskflow.py took 0.237 seconds
[2023-12-20T17:36:05.825+0000] {processor.py:161} INFO - Started process (PID=1141) to work on /home/airflow/.local/lib/python3.8/site-packages/airflow/example_dags/example_setup_teardown_taskflow.py
[2023-12-20T17:36:05.827+0000] {processor.py:830} INFO - Processing file /home/airflow/.local/lib/python3.8/site-packages/airflow/example_dags/example_setup_teardown_taskflow.py for tasks to queue
[2023-12-20T17:36:05.831+0000] {logging_mixin.py:188} INFO - [2023-12-20T17:36:05.830+0000] {dagbag.py:538} INFO - Filling up the DagBag from /home/airflow/.local/lib/python3.8/site-packages/airflow/example_dags/example_setup_teardown_taskflow.py
[2023-12-20T17:36:05.856+0000] {processor.py:840} INFO - DAG(s) 'example_setup_teardown_taskflow' retrieved from /home/airflow/.local/lib/python3.8/site-packages/airflow/example_dags/example_setup_teardown_taskflow.py
[2023-12-20T17:36:05.944+0000] {logging_mixin.py:188} INFO - [2023-12-20T17:36:05.944+0000] {dag.py:3033} INFO - Sync 1 DAGs
[2023-12-20T17:36:05.997+0000] {logging_mixin.py:188} INFO - [2023-12-20T17:36:05.996+0000] {dag.py:3820} INFO - Setting next_dagrun for example_setup_teardown_taskflow to 2023-12-19T00:00:00+00:00, run_after=2023-12-20T00:00:00+00:00
[2023-12-20T17:36:06.044+0000] {processor.py:183} INFO - Processing /home/airflow/.local/lib/python3.8/site-packages/airflow/example_dags/example_setup_teardown_taskflow.py took 0.226 seconds
[2023-12-20T17:36:36.912+0000] {processor.py:161} INFO - Started process (PID=1196) to work on /home/airflow/.local/lib/python3.8/site-packages/airflow/example_dags/example_setup_teardown_taskflow.py
[2023-12-20T17:36:36.915+0000] {processor.py:830} INFO - Processing file /home/airflow/.local/lib/python3.8/site-packages/airflow/example_dags/example_setup_teardown_taskflow.py for tasks to queue
[2023-12-20T17:36:36.918+0000] {logging_mixin.py:188} INFO - [2023-12-20T17:36:36.917+0000] {dagbag.py:538} INFO - Filling up the DagBag from /home/airflow/.local/lib/python3.8/site-packages/airflow/example_dags/example_setup_teardown_taskflow.py
[2023-12-20T17:36:36.949+0000] {processor.py:840} INFO - DAG(s) 'example_setup_teardown_taskflow' retrieved from /home/airflow/.local/lib/python3.8/site-packages/airflow/example_dags/example_setup_teardown_taskflow.py
[2023-12-20T17:36:37.032+0000] {logging_mixin.py:188} INFO - [2023-12-20T17:36:37.032+0000] {dag.py:3033} INFO - Sync 1 DAGs
[2023-12-20T17:36:37.089+0000] {logging_mixin.py:188} INFO - [2023-12-20T17:36:37.089+0000] {dag.py:3820} INFO - Setting next_dagrun for example_setup_teardown_taskflow to 2023-12-19T00:00:00+00:00, run_after=2023-12-20T00:00:00+00:00
[2023-12-20T17:36:37.141+0000] {processor.py:183} INFO - Processing /home/airflow/.local/lib/python3.8/site-packages/airflow/example_dags/example_setup_teardown_taskflow.py took 0.239 seconds
[2023-12-20T17:37:08.098+0000] {processor.py:161} INFO - Started process (PID=1250) to work on /home/airflow/.local/lib/python3.8/site-packages/airflow/example_dags/example_setup_teardown_taskflow.py
[2023-12-20T17:37:08.099+0000] {processor.py:830} INFO - Processing file /home/airflow/.local/lib/python3.8/site-packages/airflow/example_dags/example_setup_teardown_taskflow.py for tasks to queue
[2023-12-20T17:37:08.102+0000] {logging_mixin.py:188} INFO - [2023-12-20T17:37:08.102+0000] {dagbag.py:538} INFO - Filling up the DagBag from /home/airflow/.local/lib/python3.8/site-packages/airflow/example_dags/example_setup_teardown_taskflow.py
[2023-12-20T17:37:08.119+0000] {processor.py:840} INFO - DAG(s) 'example_setup_teardown_taskflow' retrieved from /home/airflow/.local/lib/python3.8/site-packages/airflow/example_dags/example_setup_teardown_taskflow.py
[2023-12-20T17:37:08.151+0000] {logging_mixin.py:188} INFO - [2023-12-20T17:37:08.151+0000] {dag.py:3033} INFO - Sync 1 DAGs
[2023-12-20T17:37:08.189+0000] {logging_mixin.py:188} INFO - [2023-12-20T17:37:08.188+0000] {dag.py:3820} INFO - Setting next_dagrun for example_setup_teardown_taskflow to 2023-12-19T00:00:00+00:00, run_after=2023-12-20T00:00:00+00:00
[2023-12-20T17:37:08.228+0000] {processor.py:183} INFO - Processing /home/airflow/.local/lib/python3.8/site-packages/airflow/example_dags/example_setup_teardown_taskflow.py took 0.135 seconds
