[2023-12-20T17:21:01.095+0000] {processor.py:161} INFO - Started process (PID=359) to work on /home/airflow/.local/lib/python3.8/site-packages/airflow/example_dags/example_sensor_decorator.py
[2023-12-20T17:21:01.096+0000] {processor.py:830} INFO - Processing file /home/airflow/.local/lib/python3.8/site-packages/airflow/example_dags/example_sensor_decorator.py for tasks to queue
[2023-12-20T17:21:01.108+0000] {logging_mixin.py:188} INFO - [2023-12-20T17:21:01.107+0000] {dagbag.py:538} INFO - Filling up the DagBag from /home/airflow/.local/lib/python3.8/site-packages/airflow/example_dags/example_sensor_decorator.py
[2023-12-20T17:21:01.127+0000] {processor.py:840} INFO - DAG(s) 'example_sensor_decorator' retrieved from /home/airflow/.local/lib/python3.8/site-packages/airflow/example_dags/example_sensor_decorator.py
[2023-12-20T17:21:01.452+0000] {logging_mixin.py:188} INFO - [2023-12-20T17:21:01.451+0000] {dag.py:3033} INFO - Sync 1 DAGs
[2023-12-20T17:21:01.537+0000] {logging_mixin.py:188} INFO - [2023-12-20T17:21:01.537+0000] {dag.py:3820} INFO - Setting next_dagrun for example_sensor_decorator to None, run_after=None
[2023-12-20T17:21:01.643+0000] {processor.py:183} INFO - Processing /home/airflow/.local/lib/python3.8/site-packages/airflow/example_dags/example_sensor_decorator.py took 0.554 seconds
[2023-12-20T17:21:32.468+0000] {processor.py:161} INFO - Started process (PID=608) to work on /home/airflow/.local/lib/python3.8/site-packages/airflow/example_dags/example_sensor_decorator.py
[2023-12-20T17:21:32.476+0000] {processor.py:830} INFO - Processing file /home/airflow/.local/lib/python3.8/site-packages/airflow/example_dags/example_sensor_decorator.py for tasks to queue
[2023-12-20T17:21:32.481+0000] {logging_mixin.py:188} INFO - [2023-12-20T17:21:32.480+0000] {dagbag.py:538} INFO - Filling up the DagBag from /home/airflow/.local/lib/python3.8/site-packages/airflow/example_dags/example_sensor_decorator.py
[2023-12-20T17:21:32.495+0000] {processor.py:840} INFO - DAG(s) 'example_sensor_decorator' retrieved from /home/airflow/.local/lib/python3.8/site-packages/airflow/example_dags/example_sensor_decorator.py
[2023-12-20T17:21:32.561+0000] {logging_mixin.py:188} INFO - [2023-12-20T17:21:32.561+0000] {dag.py:3033} INFO - Sync 1 DAGs
[2023-12-20T17:21:32.583+0000] {logging_mixin.py:188} INFO - [2023-12-20T17:21:32.582+0000] {dag.py:3820} INFO - Setting next_dagrun for example_sensor_decorator to None, run_after=None
[2023-12-20T17:21:32.637+0000] {processor.py:183} INFO - Processing /home/airflow/.local/lib/python3.8/site-packages/airflow/example_dags/example_sensor_decorator.py took 0.176 seconds
[2023-12-20T17:22:02.760+0000] {processor.py:161} INFO - Started process (PID=852) to work on /home/airflow/.local/lib/python3.8/site-packages/airflow/example_dags/example_sensor_decorator.py
[2023-12-20T17:22:02.766+0000] {processor.py:830} INFO - Processing file /home/airflow/.local/lib/python3.8/site-packages/airflow/example_dags/example_sensor_decorator.py for tasks to queue
[2023-12-20T17:22:02.768+0000] {logging_mixin.py:188} INFO - [2023-12-20T17:22:02.767+0000] {dagbag.py:538} INFO - Filling up the DagBag from /home/airflow/.local/lib/python3.8/site-packages/airflow/example_dags/example_sensor_decorator.py
[2023-12-20T17:22:02.788+0000] {processor.py:840} INFO - DAG(s) 'example_sensor_decorator' retrieved from /home/airflow/.local/lib/python3.8/site-packages/airflow/example_dags/example_sensor_decorator.py
[2023-12-20T17:22:02.835+0000] {logging_mixin.py:188} INFO - [2023-12-20T17:22:02.835+0000] {dag.py:3033} INFO - Sync 1 DAGs
[2023-12-20T17:22:02.859+0000] {logging_mixin.py:188} INFO - [2023-12-20T17:22:02.859+0000] {dag.py:3820} INFO - Setting next_dagrun for example_sensor_decorator to None, run_after=None
[2023-12-20T17:22:02.916+0000] {processor.py:183} INFO - Processing /home/airflow/.local/lib/python3.8/site-packages/airflow/example_dags/example_sensor_decorator.py took 0.163 seconds
[2023-12-20T17:22:33.231+0000] {processor.py:161} INFO - Started process (PID=1099) to work on /home/airflow/.local/lib/python3.8/site-packages/airflow/example_dags/example_sensor_decorator.py
[2023-12-20T17:22:33.232+0000] {processor.py:830} INFO - Processing file /home/airflow/.local/lib/python3.8/site-packages/airflow/example_dags/example_sensor_decorator.py for tasks to queue
[2023-12-20T17:22:33.234+0000] {logging_mixin.py:188} INFO - [2023-12-20T17:22:33.233+0000] {dagbag.py:538} INFO - Filling up the DagBag from /home/airflow/.local/lib/python3.8/site-packages/airflow/example_dags/example_sensor_decorator.py
[2023-12-20T17:22:33.248+0000] {processor.py:840} INFO - DAG(s) 'example_sensor_decorator' retrieved from /home/airflow/.local/lib/python3.8/site-packages/airflow/example_dags/example_sensor_decorator.py
[2023-12-20T17:22:33.287+0000] {logging_mixin.py:188} INFO - [2023-12-20T17:22:33.287+0000] {dag.py:3033} INFO - Sync 1 DAGs
[2023-12-20T17:22:33.307+0000] {logging_mixin.py:188} INFO - [2023-12-20T17:22:33.306+0000] {dag.py:3820} INFO - Setting next_dagrun for example_sensor_decorator to None, run_after=None
[2023-12-20T17:22:33.340+0000] {processor.py:183} INFO - Processing /home/airflow/.local/lib/python3.8/site-packages/airflow/example_dags/example_sensor_decorator.py took 0.116 seconds
[2023-12-20T17:23:04.503+0000] {processor.py:161} INFO - Started process (PID=1346) to work on /home/airflow/.local/lib/python3.8/site-packages/airflow/example_dags/example_sensor_decorator.py
[2023-12-20T17:23:04.506+0000] {processor.py:830} INFO - Processing file /home/airflow/.local/lib/python3.8/site-packages/airflow/example_dags/example_sensor_decorator.py for tasks to queue
[2023-12-20T17:23:04.507+0000] {logging_mixin.py:188} INFO - [2023-12-20T17:23:04.507+0000] {dagbag.py:538} INFO - Filling up the DagBag from /home/airflow/.local/lib/python3.8/site-packages/airflow/example_dags/example_sensor_decorator.py
[2023-12-20T17:23:04.533+0000] {processor.py:840} INFO - DAG(s) 'example_sensor_decorator' retrieved from /home/airflow/.local/lib/python3.8/site-packages/airflow/example_dags/example_sensor_decorator.py
[2023-12-20T17:23:04.587+0000] {logging_mixin.py:188} INFO - [2023-12-20T17:23:04.587+0000] {dag.py:3033} INFO - Sync 1 DAGs
[2023-12-20T17:23:04.616+0000] {logging_mixin.py:188} INFO - [2023-12-20T17:23:04.615+0000] {dag.py:3820} INFO - Setting next_dagrun for example_sensor_decorator to None, run_after=None
[2023-12-20T17:23:04.659+0000] {processor.py:183} INFO - Processing /home/airflow/.local/lib/python3.8/site-packages/airflow/example_dags/example_sensor_decorator.py took 0.166 seconds
[2023-12-20T17:23:35.674+0000] {processor.py:161} INFO - Started process (PID=1593) to work on /home/airflow/.local/lib/python3.8/site-packages/airflow/example_dags/example_sensor_decorator.py
[2023-12-20T17:23:35.675+0000] {processor.py:830} INFO - Processing file /home/airflow/.local/lib/python3.8/site-packages/airflow/example_dags/example_sensor_decorator.py for tasks to queue
[2023-12-20T17:23:35.680+0000] {logging_mixin.py:188} INFO - [2023-12-20T17:23:35.679+0000] {dagbag.py:538} INFO - Filling up the DagBag from /home/airflow/.local/lib/python3.8/site-packages/airflow/example_dags/example_sensor_decorator.py
[2023-12-20T17:23:35.689+0000] {processor.py:840} INFO - DAG(s) 'example_sensor_decorator' retrieved from /home/airflow/.local/lib/python3.8/site-packages/airflow/example_dags/example_sensor_decorator.py
[2023-12-20T17:23:35.720+0000] {logging_mixin.py:188} INFO - [2023-12-20T17:23:35.720+0000] {dag.py:3033} INFO - Sync 1 DAGs
[2023-12-20T17:23:35.742+0000] {logging_mixin.py:188} INFO - [2023-12-20T17:23:35.742+0000] {dag.py:3820} INFO - Setting next_dagrun for example_sensor_decorator to None, run_after=None
[2023-12-20T17:23:35.782+0000] {processor.py:183} INFO - Processing /home/airflow/.local/lib/python3.8/site-packages/airflow/example_dags/example_sensor_decorator.py took 0.113 seconds
[2023-12-20T17:24:06.320+0000] {processor.py:161} INFO - Started process (PID=1840) to work on /home/airflow/.local/lib/python3.8/site-packages/airflow/example_dags/example_sensor_decorator.py
[2023-12-20T17:24:06.321+0000] {processor.py:830} INFO - Processing file /home/airflow/.local/lib/python3.8/site-packages/airflow/example_dags/example_sensor_decorator.py for tasks to queue
[2023-12-20T17:24:06.322+0000] {logging_mixin.py:188} INFO - [2023-12-20T17:24:06.322+0000] {dagbag.py:538} INFO - Filling up the DagBag from /home/airflow/.local/lib/python3.8/site-packages/airflow/example_dags/example_sensor_decorator.py
[2023-12-20T17:24:06.333+0000] {processor.py:840} INFO - DAG(s) 'example_sensor_decorator' retrieved from /home/airflow/.local/lib/python3.8/site-packages/airflow/example_dags/example_sensor_decorator.py
[2023-12-20T17:24:06.383+0000] {logging_mixin.py:188} INFO - [2023-12-20T17:24:06.383+0000] {dag.py:3033} INFO - Sync 1 DAGs
[2023-12-20T17:24:06.401+0000] {logging_mixin.py:188} INFO - [2023-12-20T17:24:06.401+0000] {dag.py:3820} INFO - Setting next_dagrun for example_sensor_decorator to None, run_after=None
[2023-12-20T17:24:06.431+0000] {processor.py:183} INFO - Processing /home/airflow/.local/lib/python3.8/site-packages/airflow/example_dags/example_sensor_decorator.py took 0.117 seconds
[2023-12-20T17:26:00.693+0000] {processor.py:161} INFO - Started process (PID=75) to work on /home/airflow/.local/lib/python3.8/site-packages/airflow/example_dags/example_sensor_decorator.py
[2023-12-20T17:26:00.694+0000] {processor.py:830} INFO - Processing file /home/airflow/.local/lib/python3.8/site-packages/airflow/example_dags/example_sensor_decorator.py for tasks to queue
[2023-12-20T17:26:00.698+0000] {logging_mixin.py:188} INFO - [2023-12-20T17:26:00.697+0000] {dagbag.py:538} INFO - Filling up the DagBag from /home/airflow/.local/lib/python3.8/site-packages/airflow/example_dags/example_sensor_decorator.py
[2023-12-20T17:26:00.708+0000] {processor.py:840} INFO - DAG(s) 'example_sensor_decorator' retrieved from /home/airflow/.local/lib/python3.8/site-packages/airflow/example_dags/example_sensor_decorator.py
[2023-12-20T17:26:00.917+0000] {logging_mixin.py:188} INFO - [2023-12-20T17:26:00.916+0000] {dag.py:3033} INFO - Sync 1 DAGs
[2023-12-20T17:26:00.936+0000] {logging_mixin.py:188} INFO - [2023-12-20T17:26:00.936+0000] {dag.py:3820} INFO - Setting next_dagrun for example_sensor_decorator to None, run_after=None
[2023-12-20T17:26:00.985+0000] {processor.py:183} INFO - Processing /home/airflow/.local/lib/python3.8/site-packages/airflow/example_dags/example_sensor_decorator.py took 0.297 seconds
[2023-12-20T17:26:31.404+0000] {processor.py:161} INFO - Started process (PID=129) to work on /home/airflow/.local/lib/python3.8/site-packages/airflow/example_dags/example_sensor_decorator.py
[2023-12-20T17:26:31.412+0000] {processor.py:830} INFO - Processing file /home/airflow/.local/lib/python3.8/site-packages/airflow/example_dags/example_sensor_decorator.py for tasks to queue
[2023-12-20T17:26:31.418+0000] {logging_mixin.py:188} INFO - [2023-12-20T17:26:31.415+0000] {dagbag.py:538} INFO - Filling up the DagBag from /home/airflow/.local/lib/python3.8/site-packages/airflow/example_dags/example_sensor_decorator.py
[2023-12-20T17:26:31.430+0000] {processor.py:840} INFO - DAG(s) 'example_sensor_decorator' retrieved from /home/airflow/.local/lib/python3.8/site-packages/airflow/example_dags/example_sensor_decorator.py
[2023-12-20T17:26:31.466+0000] {logging_mixin.py:188} INFO - [2023-12-20T17:26:31.466+0000] {dag.py:3033} INFO - Sync 1 DAGs
[2023-12-20T17:26:31.492+0000] {logging_mixin.py:188} INFO - [2023-12-20T17:26:31.492+0000] {dag.py:3820} INFO - Setting next_dagrun for example_sensor_decorator to None, run_after=None
[2023-12-20T17:26:31.534+0000] {processor.py:183} INFO - Processing /home/airflow/.local/lib/python3.8/site-packages/airflow/example_dags/example_sensor_decorator.py took 0.137 seconds
[2023-12-20T17:27:01.855+0000] {processor.py:161} INFO - Started process (PID=183) to work on /home/airflow/.local/lib/python3.8/site-packages/airflow/example_dags/example_sensor_decorator.py
[2023-12-20T17:27:01.857+0000] {processor.py:830} INFO - Processing file /home/airflow/.local/lib/python3.8/site-packages/airflow/example_dags/example_sensor_decorator.py for tasks to queue
[2023-12-20T17:27:01.860+0000] {logging_mixin.py:188} INFO - [2023-12-20T17:27:01.860+0000] {dagbag.py:538} INFO - Filling up the DagBag from /home/airflow/.local/lib/python3.8/site-packages/airflow/example_dags/example_sensor_decorator.py
[2023-12-20T17:27:01.870+0000] {processor.py:840} INFO - DAG(s) 'example_sensor_decorator' retrieved from /home/airflow/.local/lib/python3.8/site-packages/airflow/example_dags/example_sensor_decorator.py
[2023-12-20T17:27:01.895+0000] {logging_mixin.py:188} INFO - [2023-12-20T17:27:01.895+0000] {dag.py:3033} INFO - Sync 1 DAGs
[2023-12-20T17:27:01.912+0000] {logging_mixin.py:188} INFO - [2023-12-20T17:27:01.912+0000] {dag.py:3820} INFO - Setting next_dagrun for example_sensor_decorator to None, run_after=None
[2023-12-20T17:27:01.936+0000] {processor.py:183} INFO - Processing /home/airflow/.local/lib/python3.8/site-packages/airflow/example_dags/example_sensor_decorator.py took 0.087 seconds
[2023-12-20T17:27:32.459+0000] {processor.py:161} INFO - Started process (PID=238) to work on /home/airflow/.local/lib/python3.8/site-packages/airflow/example_dags/example_sensor_decorator.py
[2023-12-20T17:27:32.462+0000] {processor.py:830} INFO - Processing file /home/airflow/.local/lib/python3.8/site-packages/airflow/example_dags/example_sensor_decorator.py for tasks to queue
[2023-12-20T17:27:32.465+0000] {logging_mixin.py:188} INFO - [2023-12-20T17:27:32.464+0000] {dagbag.py:538} INFO - Filling up the DagBag from /home/airflow/.local/lib/python3.8/site-packages/airflow/example_dags/example_sensor_decorator.py
[2023-12-20T17:27:32.474+0000] {processor.py:840} INFO - DAG(s) 'example_sensor_decorator' retrieved from /home/airflow/.local/lib/python3.8/site-packages/airflow/example_dags/example_sensor_decorator.py
[2023-12-20T17:27:32.505+0000] {logging_mixin.py:188} INFO - [2023-12-20T17:27:32.505+0000] {dag.py:3033} INFO - Sync 1 DAGs
[2023-12-20T17:27:32.524+0000] {logging_mixin.py:188} INFO - [2023-12-20T17:27:32.524+0000] {dag.py:3820} INFO - Setting next_dagrun for example_sensor_decorator to None, run_after=None
[2023-12-20T17:27:32.556+0000] {processor.py:183} INFO - Processing /home/airflow/.local/lib/python3.8/site-packages/airflow/example_dags/example_sensor_decorator.py took 0.104 seconds
[2023-12-20T17:28:03.080+0000] {processor.py:161} INFO - Started process (PID=293) to work on /home/airflow/.local/lib/python3.8/site-packages/airflow/example_dags/example_sensor_decorator.py
[2023-12-20T17:28:03.081+0000] {processor.py:830} INFO - Processing file /home/airflow/.local/lib/python3.8/site-packages/airflow/example_dags/example_sensor_decorator.py for tasks to queue
[2023-12-20T17:28:03.089+0000] {logging_mixin.py:188} INFO - [2023-12-20T17:28:03.089+0000] {dagbag.py:538} INFO - Filling up the DagBag from /home/airflow/.local/lib/python3.8/site-packages/airflow/example_dags/example_sensor_decorator.py
[2023-12-20T17:28:03.100+0000] {processor.py:840} INFO - DAG(s) 'example_sensor_decorator' retrieved from /home/airflow/.local/lib/python3.8/site-packages/airflow/example_dags/example_sensor_decorator.py
[2023-12-20T17:28:03.153+0000] {logging_mixin.py:188} INFO - [2023-12-20T17:28:03.153+0000] {dag.py:3033} INFO - Sync 1 DAGs
[2023-12-20T17:28:03.193+0000] {logging_mixin.py:188} INFO - [2023-12-20T17:28:03.192+0000] {dag.py:3820} INFO - Setting next_dagrun for example_sensor_decorator to None, run_after=None
[2023-12-20T17:28:03.278+0000] {processor.py:183} INFO - Processing /home/airflow/.local/lib/python3.8/site-packages/airflow/example_dags/example_sensor_decorator.py took 0.205 seconds
[2023-12-20T17:28:33.501+0000] {processor.py:161} INFO - Started process (PID=347) to work on /home/airflow/.local/lib/python3.8/site-packages/airflow/example_dags/example_sensor_decorator.py
[2023-12-20T17:28:33.503+0000] {processor.py:830} INFO - Processing file /home/airflow/.local/lib/python3.8/site-packages/airflow/example_dags/example_sensor_decorator.py for tasks to queue
[2023-12-20T17:28:33.507+0000] {logging_mixin.py:188} INFO - [2023-12-20T17:28:33.507+0000] {dagbag.py:538} INFO - Filling up the DagBag from /home/airflow/.local/lib/python3.8/site-packages/airflow/example_dags/example_sensor_decorator.py
[2023-12-20T17:28:33.517+0000] {processor.py:840} INFO - DAG(s) 'example_sensor_decorator' retrieved from /home/airflow/.local/lib/python3.8/site-packages/airflow/example_dags/example_sensor_decorator.py
[2023-12-20T17:28:33.552+0000] {logging_mixin.py:188} INFO - [2023-12-20T17:28:33.551+0000] {dag.py:3033} INFO - Sync 1 DAGs
[2023-12-20T17:28:33.576+0000] {logging_mixin.py:188} INFO - [2023-12-20T17:28:33.576+0000] {dag.py:3820} INFO - Setting next_dagrun for example_sensor_decorator to None, run_after=None
[2023-12-20T17:28:33.619+0000] {processor.py:183} INFO - Processing /home/airflow/.local/lib/python3.8/site-packages/airflow/example_dags/example_sensor_decorator.py took 0.123 seconds
[2023-12-20T17:29:04.359+0000] {processor.py:161} INFO - Started process (PID=402) to work on /home/airflow/.local/lib/python3.8/site-packages/airflow/example_dags/example_sensor_decorator.py
[2023-12-20T17:29:04.367+0000] {processor.py:830} INFO - Processing file /home/airflow/.local/lib/python3.8/site-packages/airflow/example_dags/example_sensor_decorator.py for tasks to queue
[2023-12-20T17:29:04.370+0000] {logging_mixin.py:188} INFO - [2023-12-20T17:29:04.369+0000] {dagbag.py:538} INFO - Filling up the DagBag from /home/airflow/.local/lib/python3.8/site-packages/airflow/example_dags/example_sensor_decorator.py
[2023-12-20T17:29:04.381+0000] {processor.py:840} INFO - DAG(s) 'example_sensor_decorator' retrieved from /home/airflow/.local/lib/python3.8/site-packages/airflow/example_dags/example_sensor_decorator.py
[2023-12-20T17:29:04.423+0000] {logging_mixin.py:188} INFO - [2023-12-20T17:29:04.423+0000] {dag.py:3033} INFO - Sync 1 DAGs
[2023-12-20T17:29:04.448+0000] {logging_mixin.py:188} INFO - [2023-12-20T17:29:04.448+0000] {dag.py:3820} INFO - Setting next_dagrun for example_sensor_decorator to None, run_after=None
[2023-12-20T17:29:04.480+0000] {processor.py:183} INFO - Processing /home/airflow/.local/lib/python3.8/site-packages/airflow/example_dags/example_sensor_decorator.py took 0.127 seconds
[2023-12-20T17:29:34.863+0000] {processor.py:161} INFO - Started process (PID=457) to work on /home/airflow/.local/lib/python3.8/site-packages/airflow/example_dags/example_sensor_decorator.py
[2023-12-20T17:29:34.864+0000] {processor.py:830} INFO - Processing file /home/airflow/.local/lib/python3.8/site-packages/airflow/example_dags/example_sensor_decorator.py for tasks to queue
[2023-12-20T17:29:34.867+0000] {logging_mixin.py:188} INFO - [2023-12-20T17:29:34.867+0000] {dagbag.py:538} INFO - Filling up the DagBag from /home/airflow/.local/lib/python3.8/site-packages/airflow/example_dags/example_sensor_decorator.py
[2023-12-20T17:29:34.878+0000] {processor.py:840} INFO - DAG(s) 'example_sensor_decorator' retrieved from /home/airflow/.local/lib/python3.8/site-packages/airflow/example_dags/example_sensor_decorator.py
[2023-12-20T17:29:34.921+0000] {logging_mixin.py:188} INFO - [2023-12-20T17:29:34.920+0000] {dag.py:3033} INFO - Sync 1 DAGs
[2023-12-20T17:29:34.951+0000] {logging_mixin.py:188} INFO - [2023-12-20T17:29:34.950+0000] {dag.py:3820} INFO - Setting next_dagrun for example_sensor_decorator to None, run_after=None
[2023-12-20T17:29:34.989+0000] {processor.py:183} INFO - Processing /home/airflow/.local/lib/python3.8/site-packages/airflow/example_dags/example_sensor_decorator.py took 0.131 seconds
[2023-12-20T17:30:07.559+0000] {processor.py:161} INFO - Started process (PID=512) to work on /home/airflow/.local/lib/python3.8/site-packages/airflow/example_dags/example_sensor_decorator.py
[2023-12-20T17:30:07.570+0000] {processor.py:830} INFO - Processing file /home/airflow/.local/lib/python3.8/site-packages/airflow/example_dags/example_sensor_decorator.py for tasks to queue
[2023-12-20T17:30:07.574+0000] {logging_mixin.py:188} INFO - [2023-12-20T17:30:07.574+0000] {dagbag.py:538} INFO - Filling up the DagBag from /home/airflow/.local/lib/python3.8/site-packages/airflow/example_dags/example_sensor_decorator.py
[2023-12-20T17:30:07.605+0000] {processor.py:840} INFO - DAG(s) 'example_sensor_decorator' retrieved from /home/airflow/.local/lib/python3.8/site-packages/airflow/example_dags/example_sensor_decorator.py
[2023-12-20T17:30:07.671+0000] {logging_mixin.py:188} INFO - [2023-12-20T17:30:07.671+0000] {dag.py:3033} INFO - Sync 1 DAGs
[2023-12-20T17:30:07.700+0000] {logging_mixin.py:188} INFO - [2023-12-20T17:30:07.700+0000] {dag.py:3820} INFO - Setting next_dagrun for example_sensor_decorator to None, run_after=None
[2023-12-20T17:30:07.744+0000] {processor.py:183} INFO - Processing /home/airflow/.local/lib/python3.8/site-packages/airflow/example_dags/example_sensor_decorator.py took 0.200 seconds
[2023-12-20T17:30:38.033+0000] {processor.py:161} INFO - Started process (PID=567) to work on /home/airflow/.local/lib/python3.8/site-packages/airflow/example_dags/example_sensor_decorator.py
[2023-12-20T17:30:38.035+0000] {processor.py:830} INFO - Processing file /home/airflow/.local/lib/python3.8/site-packages/airflow/example_dags/example_sensor_decorator.py for tasks to queue
[2023-12-20T17:30:38.038+0000] {logging_mixin.py:188} INFO - [2023-12-20T17:30:38.038+0000] {dagbag.py:538} INFO - Filling up the DagBag from /home/airflow/.local/lib/python3.8/site-packages/airflow/example_dags/example_sensor_decorator.py
[2023-12-20T17:30:38.075+0000] {processor.py:840} INFO - DAG(s) 'example_sensor_decorator' retrieved from /home/airflow/.local/lib/python3.8/site-packages/airflow/example_dags/example_sensor_decorator.py
[2023-12-20T17:30:38.209+0000] {logging_mixin.py:188} INFO - [2023-12-20T17:30:38.208+0000] {dag.py:3033} INFO - Sync 1 DAGs
[2023-12-20T17:30:38.251+0000] {logging_mixin.py:188} INFO - [2023-12-20T17:30:38.251+0000] {dag.py:3820} INFO - Setting next_dagrun for example_sensor_decorator to None, run_after=None
[2023-12-20T17:30:38.309+0000] {processor.py:183} INFO - Processing /home/airflow/.local/lib/python3.8/site-packages/airflow/example_dags/example_sensor_decorator.py took 0.285 seconds
[2023-12-20T17:31:08.400+0000] {processor.py:161} INFO - Started process (PID=622) to work on /home/airflow/.local/lib/python3.8/site-packages/airflow/example_dags/example_sensor_decorator.py
[2023-12-20T17:31:08.401+0000] {processor.py:830} INFO - Processing file /home/airflow/.local/lib/python3.8/site-packages/airflow/example_dags/example_sensor_decorator.py for tasks to queue
[2023-12-20T17:31:08.404+0000] {logging_mixin.py:188} INFO - [2023-12-20T17:31:08.403+0000] {dagbag.py:538} INFO - Filling up the DagBag from /home/airflow/.local/lib/python3.8/site-packages/airflow/example_dags/example_sensor_decorator.py
[2023-12-20T17:31:08.413+0000] {processor.py:840} INFO - DAG(s) 'example_sensor_decorator' retrieved from /home/airflow/.local/lib/python3.8/site-packages/airflow/example_dags/example_sensor_decorator.py
[2023-12-20T17:31:08.450+0000] {logging_mixin.py:188} INFO - [2023-12-20T17:31:08.450+0000] {dag.py:3033} INFO - Sync 1 DAGs
[2023-12-20T17:31:08.477+0000] {logging_mixin.py:188} INFO - [2023-12-20T17:31:08.477+0000] {dag.py:3820} INFO - Setting next_dagrun for example_sensor_decorator to None, run_after=None
[2023-12-20T17:31:08.511+0000] {processor.py:183} INFO - Processing /home/airflow/.local/lib/python3.8/site-packages/airflow/example_dags/example_sensor_decorator.py took 0.118 seconds
[2023-12-20T17:31:39.312+0000] {processor.py:161} INFO - Started process (PID=676) to work on /home/airflow/.local/lib/python3.8/site-packages/airflow/example_dags/example_sensor_decorator.py
[2023-12-20T17:31:39.313+0000] {processor.py:830} INFO - Processing file /home/airflow/.local/lib/python3.8/site-packages/airflow/example_dags/example_sensor_decorator.py for tasks to queue
[2023-12-20T17:31:39.316+0000] {logging_mixin.py:188} INFO - [2023-12-20T17:31:39.316+0000] {dagbag.py:538} INFO - Filling up the DagBag from /home/airflow/.local/lib/python3.8/site-packages/airflow/example_dags/example_sensor_decorator.py
[2023-12-20T17:31:39.330+0000] {processor.py:840} INFO - DAG(s) 'example_sensor_decorator' retrieved from /home/airflow/.local/lib/python3.8/site-packages/airflow/example_dags/example_sensor_decorator.py
[2023-12-20T17:31:39.377+0000] {logging_mixin.py:188} INFO - [2023-12-20T17:31:39.377+0000] {dag.py:3033} INFO - Sync 1 DAGs
[2023-12-20T17:31:39.415+0000] {logging_mixin.py:188} INFO - [2023-12-20T17:31:39.415+0000] {dag.py:3820} INFO - Setting next_dagrun for example_sensor_decorator to None, run_after=None
[2023-12-20T17:31:39.456+0000] {processor.py:183} INFO - Processing /home/airflow/.local/lib/python3.8/site-packages/airflow/example_dags/example_sensor_decorator.py took 0.154 seconds
[2023-12-20T17:32:10.160+0000] {processor.py:161} INFO - Started process (PID=731) to work on /home/airflow/.local/lib/python3.8/site-packages/airflow/example_dags/example_sensor_decorator.py
[2023-12-20T17:32:10.161+0000] {processor.py:830} INFO - Processing file /home/airflow/.local/lib/python3.8/site-packages/airflow/example_dags/example_sensor_decorator.py for tasks to queue
[2023-12-20T17:32:10.165+0000] {logging_mixin.py:188} INFO - [2023-12-20T17:32:10.164+0000] {dagbag.py:538} INFO - Filling up the DagBag from /home/airflow/.local/lib/python3.8/site-packages/airflow/example_dags/example_sensor_decorator.py
[2023-12-20T17:32:10.182+0000] {processor.py:840} INFO - DAG(s) 'example_sensor_decorator' retrieved from /home/airflow/.local/lib/python3.8/site-packages/airflow/example_dags/example_sensor_decorator.py
[2023-12-20T17:32:10.229+0000] {logging_mixin.py:188} INFO - [2023-12-20T17:32:10.228+0000] {dag.py:3033} INFO - Sync 1 DAGs
[2023-12-20T17:32:10.252+0000] {logging_mixin.py:188} INFO - [2023-12-20T17:32:10.252+0000] {dag.py:3820} INFO - Setting next_dagrun for example_sensor_decorator to None, run_after=None
[2023-12-20T17:32:10.293+0000] {processor.py:183} INFO - Processing /home/airflow/.local/lib/python3.8/site-packages/airflow/example_dags/example_sensor_decorator.py took 0.140 seconds
[2023-12-20T17:32:40.699+0000] {processor.py:161} INFO - Started process (PID=786) to work on /home/airflow/.local/lib/python3.8/site-packages/airflow/example_dags/example_sensor_decorator.py
[2023-12-20T17:32:40.701+0000] {processor.py:830} INFO - Processing file /home/airflow/.local/lib/python3.8/site-packages/airflow/example_dags/example_sensor_decorator.py for tasks to queue
[2023-12-20T17:32:40.704+0000] {logging_mixin.py:188} INFO - [2023-12-20T17:32:40.704+0000] {dagbag.py:538} INFO - Filling up the DagBag from /home/airflow/.local/lib/python3.8/site-packages/airflow/example_dags/example_sensor_decorator.py
[2023-12-20T17:32:40.717+0000] {processor.py:840} INFO - DAG(s) 'example_sensor_decorator' retrieved from /home/airflow/.local/lib/python3.8/site-packages/airflow/example_dags/example_sensor_decorator.py
[2023-12-20T17:32:40.754+0000] {logging_mixin.py:188} INFO - [2023-12-20T17:32:40.754+0000] {dag.py:3033} INFO - Sync 1 DAGs
[2023-12-20T17:32:40.780+0000] {logging_mixin.py:188} INFO - [2023-12-20T17:32:40.779+0000] {dag.py:3820} INFO - Setting next_dagrun for example_sensor_decorator to None, run_after=None
[2023-12-20T17:32:40.822+0000] {processor.py:183} INFO - Processing /home/airflow/.local/lib/python3.8/site-packages/airflow/example_dags/example_sensor_decorator.py took 0.128 seconds
[2023-12-20T17:33:11.692+0000] {processor.py:161} INFO - Started process (PID=842) to work on /home/airflow/.local/lib/python3.8/site-packages/airflow/example_dags/example_sensor_decorator.py
[2023-12-20T17:33:11.693+0000] {processor.py:830} INFO - Processing file /home/airflow/.local/lib/python3.8/site-packages/airflow/example_dags/example_sensor_decorator.py for tasks to queue
[2023-12-20T17:33:11.697+0000] {logging_mixin.py:188} INFO - [2023-12-20T17:33:11.697+0000] {dagbag.py:538} INFO - Filling up the DagBag from /home/airflow/.local/lib/python3.8/site-packages/airflow/example_dags/example_sensor_decorator.py
[2023-12-20T17:33:11.710+0000] {processor.py:840} INFO - DAG(s) 'example_sensor_decorator' retrieved from /home/airflow/.local/lib/python3.8/site-packages/airflow/example_dags/example_sensor_decorator.py
[2023-12-20T17:33:11.780+0000] {logging_mixin.py:188} INFO - [2023-12-20T17:33:11.779+0000] {dag.py:3033} INFO - Sync 1 DAGs
[2023-12-20T17:33:11.815+0000] {logging_mixin.py:188} INFO - [2023-12-20T17:33:11.814+0000] {dag.py:3820} INFO - Setting next_dagrun for example_sensor_decorator to None, run_after=None
[2023-12-20T17:33:11.877+0000] {processor.py:183} INFO - Processing /home/airflow/.local/lib/python3.8/site-packages/airflow/example_dags/example_sensor_decorator.py took 0.192 seconds
[2023-12-20T17:33:42.474+0000] {processor.py:161} INFO - Started process (PID=897) to work on /home/airflow/.local/lib/python3.8/site-packages/airflow/example_dags/example_sensor_decorator.py
[2023-12-20T17:33:42.490+0000] {processor.py:830} INFO - Processing file /home/airflow/.local/lib/python3.8/site-packages/airflow/example_dags/example_sensor_decorator.py for tasks to queue
[2023-12-20T17:33:42.493+0000] {logging_mixin.py:188} INFO - [2023-12-20T17:33:42.493+0000] {dagbag.py:538} INFO - Filling up the DagBag from /home/airflow/.local/lib/python3.8/site-packages/airflow/example_dags/example_sensor_decorator.py
[2023-12-20T17:33:42.517+0000] {processor.py:840} INFO - DAG(s) 'example_sensor_decorator' retrieved from /home/airflow/.local/lib/python3.8/site-packages/airflow/example_dags/example_sensor_decorator.py
[2023-12-20T17:33:42.621+0000] {logging_mixin.py:188} INFO - [2023-12-20T17:33:42.621+0000] {dag.py:3033} INFO - Sync 1 DAGs
[2023-12-20T17:33:42.654+0000] {logging_mixin.py:188} INFO - [2023-12-20T17:33:42.654+0000] {dag.py:3820} INFO - Setting next_dagrun for example_sensor_decorator to None, run_after=None
[2023-12-20T17:33:42.767+0000] {processor.py:183} INFO - Processing /home/airflow/.local/lib/python3.8/site-packages/airflow/example_dags/example_sensor_decorator.py took 0.303 seconds
[2023-12-20T17:34:13.560+0000] {processor.py:161} INFO - Started process (PID=952) to work on /home/airflow/.local/lib/python3.8/site-packages/airflow/example_dags/example_sensor_decorator.py
[2023-12-20T17:34:13.564+0000] {processor.py:830} INFO - Processing file /home/airflow/.local/lib/python3.8/site-packages/airflow/example_dags/example_sensor_decorator.py for tasks to queue
[2023-12-20T17:34:13.586+0000] {logging_mixin.py:188} INFO - [2023-12-20T17:34:13.575+0000] {dagbag.py:538} INFO - Filling up the DagBag from /home/airflow/.local/lib/python3.8/site-packages/airflow/example_dags/example_sensor_decorator.py
[2023-12-20T17:34:13.601+0000] {processor.py:840} INFO - DAG(s) 'example_sensor_decorator' retrieved from /home/airflow/.local/lib/python3.8/site-packages/airflow/example_dags/example_sensor_decorator.py
[2023-12-20T17:34:13.669+0000] {logging_mixin.py:188} INFO - [2023-12-20T17:34:13.669+0000] {dag.py:3033} INFO - Sync 1 DAGs
[2023-12-20T17:34:13.709+0000] {logging_mixin.py:188} INFO - [2023-12-20T17:34:13.709+0000] {dag.py:3820} INFO - Setting next_dagrun for example_sensor_decorator to None, run_after=None
[2023-12-20T17:34:13.786+0000] {processor.py:183} INFO - Processing /home/airflow/.local/lib/python3.8/site-packages/airflow/example_dags/example_sensor_decorator.py took 0.261 seconds
[2023-12-20T17:34:44.024+0000] {processor.py:161} INFO - Started process (PID=1007) to work on /home/airflow/.local/lib/python3.8/site-packages/airflow/example_dags/example_sensor_decorator.py
[2023-12-20T17:34:44.026+0000] {processor.py:830} INFO - Processing file /home/airflow/.local/lib/python3.8/site-packages/airflow/example_dags/example_sensor_decorator.py for tasks to queue
[2023-12-20T17:34:44.032+0000] {logging_mixin.py:188} INFO - [2023-12-20T17:34:44.031+0000] {dagbag.py:538} INFO - Filling up the DagBag from /home/airflow/.local/lib/python3.8/site-packages/airflow/example_dags/example_sensor_decorator.py
[2023-12-20T17:34:44.048+0000] {processor.py:840} INFO - DAG(s) 'example_sensor_decorator' retrieved from /home/airflow/.local/lib/python3.8/site-packages/airflow/example_dags/example_sensor_decorator.py
[2023-12-20T17:34:44.105+0000] {logging_mixin.py:188} INFO - [2023-12-20T17:34:44.104+0000] {dag.py:3033} INFO - Sync 1 DAGs
[2023-12-20T17:34:44.134+0000] {logging_mixin.py:188} INFO - [2023-12-20T17:34:44.133+0000] {dag.py:3820} INFO - Setting next_dagrun for example_sensor_decorator to None, run_after=None
[2023-12-20T17:34:44.183+0000] {processor.py:183} INFO - Processing /home/airflow/.local/lib/python3.8/site-packages/airflow/example_dags/example_sensor_decorator.py took 0.171 seconds
[2023-12-20T17:35:14.466+0000] {processor.py:161} INFO - Started process (PID=1061) to work on /home/airflow/.local/lib/python3.8/site-packages/airflow/example_dags/example_sensor_decorator.py
[2023-12-20T17:35:14.468+0000] {processor.py:830} INFO - Processing file /home/airflow/.local/lib/python3.8/site-packages/airflow/example_dags/example_sensor_decorator.py for tasks to queue
[2023-12-20T17:35:14.473+0000] {logging_mixin.py:188} INFO - [2023-12-20T17:35:14.472+0000] {dagbag.py:538} INFO - Filling up the DagBag from /home/airflow/.local/lib/python3.8/site-packages/airflow/example_dags/example_sensor_decorator.py
[2023-12-20T17:35:14.483+0000] {processor.py:840} INFO - DAG(s) 'example_sensor_decorator' retrieved from /home/airflow/.local/lib/python3.8/site-packages/airflow/example_dags/example_sensor_decorator.py
[2023-12-20T17:35:14.531+0000] {logging_mixin.py:188} INFO - [2023-12-20T17:35:14.531+0000] {dag.py:3033} INFO - Sync 1 DAGs
[2023-12-20T17:35:14.561+0000] {logging_mixin.py:188} INFO - [2023-12-20T17:35:14.560+0000] {dag.py:3820} INFO - Setting next_dagrun for example_sensor_decorator to None, run_after=None
[2023-12-20T17:35:14.610+0000] {processor.py:183} INFO - Processing /home/airflow/.local/lib/python3.8/site-packages/airflow/example_dags/example_sensor_decorator.py took 0.155 seconds
[2023-12-20T17:35:44.877+0000] {processor.py:161} INFO - Started process (PID=1116) to work on /home/airflow/.local/lib/python3.8/site-packages/airflow/example_dags/example_sensor_decorator.py
[2023-12-20T17:35:44.879+0000] {processor.py:830} INFO - Processing file /home/airflow/.local/lib/python3.8/site-packages/airflow/example_dags/example_sensor_decorator.py for tasks to queue
[2023-12-20T17:35:44.895+0000] {logging_mixin.py:188} INFO - [2023-12-20T17:35:44.895+0000] {dagbag.py:538} INFO - Filling up the DagBag from /home/airflow/.local/lib/python3.8/site-packages/airflow/example_dags/example_sensor_decorator.py
[2023-12-20T17:35:44.919+0000] {processor.py:840} INFO - DAG(s) 'example_sensor_decorator' retrieved from /home/airflow/.local/lib/python3.8/site-packages/airflow/example_dags/example_sensor_decorator.py
[2023-12-20T17:35:44.979+0000] {logging_mixin.py:188} INFO - [2023-12-20T17:35:44.978+0000] {dag.py:3033} INFO - Sync 1 DAGs
[2023-12-20T17:35:45.022+0000] {logging_mixin.py:188} INFO - [2023-12-20T17:35:45.022+0000] {dag.py:3820} INFO - Setting next_dagrun for example_sensor_decorator to None, run_after=None
[2023-12-20T17:35:45.060+0000] {processor.py:183} INFO - Processing /home/airflow/.local/lib/python3.8/site-packages/airflow/example_dags/example_sensor_decorator.py took 0.193 seconds
[2023-12-20T17:36:15.123+0000] {processor.py:161} INFO - Started process (PID=1171) to work on /home/airflow/.local/lib/python3.8/site-packages/airflow/example_dags/example_sensor_decorator.py
[2023-12-20T17:36:15.124+0000] {processor.py:830} INFO - Processing file /home/airflow/.local/lib/python3.8/site-packages/airflow/example_dags/example_sensor_decorator.py for tasks to queue
[2023-12-20T17:36:15.128+0000] {logging_mixin.py:188} INFO - [2023-12-20T17:36:15.127+0000] {dagbag.py:538} INFO - Filling up the DagBag from /home/airflow/.local/lib/python3.8/site-packages/airflow/example_dags/example_sensor_decorator.py
[2023-12-20T17:36:15.143+0000] {processor.py:840} INFO - DAG(s) 'example_sensor_decorator' retrieved from /home/airflow/.local/lib/python3.8/site-packages/airflow/example_dags/example_sensor_decorator.py
[2023-12-20T17:36:15.215+0000] {logging_mixin.py:188} INFO - [2023-12-20T17:36:15.215+0000] {dag.py:3033} INFO - Sync 1 DAGs
[2023-12-20T17:36:15.254+0000] {logging_mixin.py:188} INFO - [2023-12-20T17:36:15.253+0000] {dag.py:3820} INFO - Setting next_dagrun for example_sensor_decorator to None, run_after=None
[2023-12-20T17:36:15.328+0000] {processor.py:183} INFO - Processing /home/airflow/.local/lib/python3.8/site-packages/airflow/example_dags/example_sensor_decorator.py took 0.213 seconds
[2023-12-20T17:36:45.548+0000] {processor.py:161} INFO - Started process (PID=1226) to work on /home/airflow/.local/lib/python3.8/site-packages/airflow/example_dags/example_sensor_decorator.py
[2023-12-20T17:36:45.550+0000] {processor.py:830} INFO - Processing file /home/airflow/.local/lib/python3.8/site-packages/airflow/example_dags/example_sensor_decorator.py for tasks to queue
[2023-12-20T17:36:45.552+0000] {logging_mixin.py:188} INFO - [2023-12-20T17:36:45.552+0000] {dagbag.py:538} INFO - Filling up the DagBag from /home/airflow/.local/lib/python3.8/site-packages/airflow/example_dags/example_sensor_decorator.py
[2023-12-20T17:36:45.560+0000] {processor.py:840} INFO - DAG(s) 'example_sensor_decorator' retrieved from /home/airflow/.local/lib/python3.8/site-packages/airflow/example_dags/example_sensor_decorator.py
[2023-12-20T17:36:45.593+0000] {logging_mixin.py:188} INFO - [2023-12-20T17:36:45.592+0000] {dag.py:3033} INFO - Sync 1 DAGs
[2023-12-20T17:36:45.619+0000] {logging_mixin.py:188} INFO - [2023-12-20T17:36:45.619+0000] {dag.py:3820} INFO - Setting next_dagrun for example_sensor_decorator to None, run_after=None
[2023-12-20T17:36:45.677+0000] {processor.py:183} INFO - Processing /home/airflow/.local/lib/python3.8/site-packages/airflow/example_dags/example_sensor_decorator.py took 0.135 seconds
[2023-12-20T17:37:16.836+0000] {processor.py:161} INFO - Started process (PID=1280) to work on /home/airflow/.local/lib/python3.8/site-packages/airflow/example_dags/example_sensor_decorator.py
[2023-12-20T17:37:16.837+0000] {processor.py:830} INFO - Processing file /home/airflow/.local/lib/python3.8/site-packages/airflow/example_dags/example_sensor_decorator.py for tasks to queue
[2023-12-20T17:37:16.841+0000] {logging_mixin.py:188} INFO - [2023-12-20T17:37:16.840+0000] {dagbag.py:538} INFO - Filling up the DagBag from /home/airflow/.local/lib/python3.8/site-packages/airflow/example_dags/example_sensor_decorator.py
[2023-12-20T17:37:16.890+0000] {processor.py:840} INFO - DAG(s) 'example_sensor_decorator' retrieved from /home/airflow/.local/lib/python3.8/site-packages/airflow/example_dags/example_sensor_decorator.py
[2023-12-20T17:37:16.983+0000] {logging_mixin.py:188} INFO - [2023-12-20T17:37:16.983+0000] {dag.py:3033} INFO - Sync 1 DAGs
[2023-12-20T17:37:17.116+0000] {logging_mixin.py:188} INFO - [2023-12-20T17:37:17.116+0000] {dag.py:3820} INFO - Setting next_dagrun for example_sensor_decorator to None, run_after=None
[2023-12-20T17:37:17.299+0000] {processor.py:183} INFO - Processing /home/airflow/.local/lib/python3.8/site-packages/airflow/example_dags/example_sensor_decorator.py took 0.479 seconds
