[2023-12-20T17:20:50.429+0000] {processor.py:161} INFO - Started process (PID=208) to work on /home/airflow/.local/lib/python3.8/site-packages/airflow/example_dags/example_bash_operator.py
[2023-12-20T17:20:50.430+0000] {processor.py:830} INFO - Processing file /home/airflow/.local/lib/python3.8/site-packages/airflow/example_dags/example_bash_operator.py for tasks to queue
[2023-12-20T17:20:50.446+0000] {logging_mixin.py:188} INFO - [2023-12-20T17:20:50.445+0000] {dagbag.py:538} INFO - Filling up the DagBag from /home/airflow/.local/lib/python3.8/site-packages/airflow/example_dags/example_bash_operator.py
[2023-12-20T17:20:50.604+0000] {processor.py:840} INFO - DAG(s) 'example_bash_operator' retrieved from /home/airflow/.local/lib/python3.8/site-packages/airflow/example_dags/example_bash_operator.py
[2023-12-20T17:20:51.385+0000] {logging_mixin.py:188} INFO - [2023-12-20T17:20:51.385+0000] {dag.py:3033} INFO - Sync 1 DAGs
[2023-12-20T17:20:51.538+0000] {logging_mixin.py:188} INFO - [2023-12-20T17:20:51.538+0000] {dag.py:3820} INFO - Setting next_dagrun for example_bash_operator to 2023-12-19T00:00:00+00:00, run_after=2023-12-20T00:00:00+00:00
[2023-12-20T17:20:51.589+0000] {processor.py:183} INFO - Processing /home/airflow/.local/lib/python3.8/site-packages/airflow/example_dags/example_bash_operator.py took 1.166 seconds
[2023-12-20T17:21:21.998+0000] {processor.py:161} INFO - Started process (PID=463) to work on /home/airflow/.local/lib/python3.8/site-packages/airflow/example_dags/example_bash_operator.py
[2023-12-20T17:21:22.008+0000] {processor.py:830} INFO - Processing file /home/airflow/.local/lib/python3.8/site-packages/airflow/example_dags/example_bash_operator.py for tasks to queue
[2023-12-20T17:21:22.009+0000] {logging_mixin.py:188} INFO - [2023-12-20T17:21:22.008+0000] {dagbag.py:538} INFO - Filling up the DagBag from /home/airflow/.local/lib/python3.8/site-packages/airflow/example_dags/example_bash_operator.py
[2023-12-20T17:21:22.042+0000] {processor.py:840} INFO - DAG(s) 'example_bash_operator' retrieved from /home/airflow/.local/lib/python3.8/site-packages/airflow/example_dags/example_bash_operator.py
[2023-12-20T17:21:22.117+0000] {logging_mixin.py:188} INFO - [2023-12-20T17:21:22.117+0000] {dag.py:3033} INFO - Sync 1 DAGs
[2023-12-20T17:21:22.164+0000] {logging_mixin.py:188} INFO - [2023-12-20T17:21:22.163+0000] {dag.py:3820} INFO - Setting next_dagrun for example_bash_operator to 2023-12-19T00:00:00+00:00, run_after=2023-12-20T00:00:00+00:00
[2023-12-20T17:21:22.198+0000] {processor.py:183} INFO - Processing /home/airflow/.local/lib/python3.8/site-packages/airflow/example_dags/example_bash_operator.py took 0.207 seconds
[2023-12-20T17:21:52.882+0000] {processor.py:161} INFO - Started process (PID=709) to work on /home/airflow/.local/lib/python3.8/site-packages/airflow/example_dags/example_bash_operator.py
[2023-12-20T17:21:52.891+0000] {processor.py:830} INFO - Processing file /home/airflow/.local/lib/python3.8/site-packages/airflow/example_dags/example_bash_operator.py for tasks to queue
[2023-12-20T17:21:52.892+0000] {logging_mixin.py:188} INFO - [2023-12-20T17:21:52.892+0000] {dagbag.py:538} INFO - Filling up the DagBag from /home/airflow/.local/lib/python3.8/site-packages/airflow/example_dags/example_bash_operator.py
[2023-12-20T17:21:52.920+0000] {processor.py:840} INFO - DAG(s) 'example_bash_operator' retrieved from /home/airflow/.local/lib/python3.8/site-packages/airflow/example_dags/example_bash_operator.py
[2023-12-20T17:21:52.977+0000] {logging_mixin.py:188} INFO - [2023-12-20T17:21:52.977+0000] {dag.py:3033} INFO - Sync 1 DAGs
[2023-12-20T17:21:53.009+0000] {logging_mixin.py:188} INFO - [2023-12-20T17:21:53.008+0000] {dag.py:3820} INFO - Setting next_dagrun for example_bash_operator to 2023-12-19T00:00:00+00:00, run_after=2023-12-20T00:00:00+00:00
[2023-12-20T17:21:53.039+0000] {processor.py:183} INFO - Processing /home/airflow/.local/lib/python3.8/site-packages/airflow/example_dags/example_bash_operator.py took 0.165 seconds
[2023-12-20T17:22:23.214+0000] {processor.py:161} INFO - Started process (PID=956) to work on /home/airflow/.local/lib/python3.8/site-packages/airflow/example_dags/example_bash_operator.py
[2023-12-20T17:22:23.216+0000] {processor.py:830} INFO - Processing file /home/airflow/.local/lib/python3.8/site-packages/airflow/example_dags/example_bash_operator.py for tasks to queue
[2023-12-20T17:22:23.217+0000] {logging_mixin.py:188} INFO - [2023-12-20T17:22:23.216+0000] {dagbag.py:538} INFO - Filling up the DagBag from /home/airflow/.local/lib/python3.8/site-packages/airflow/example_dags/example_bash_operator.py
[2023-12-20T17:22:23.264+0000] {processor.py:840} INFO - DAG(s) 'example_bash_operator' retrieved from /home/airflow/.local/lib/python3.8/site-packages/airflow/example_dags/example_bash_operator.py
[2023-12-20T17:22:23.409+0000] {logging_mixin.py:188} INFO - [2023-12-20T17:22:23.408+0000] {dag.py:3033} INFO - Sync 1 DAGs
[2023-12-20T17:22:23.464+0000] {logging_mixin.py:188} INFO - [2023-12-20T17:22:23.463+0000] {dag.py:3820} INFO - Setting next_dagrun for example_bash_operator to 2023-12-19T00:00:00+00:00, run_after=2023-12-20T00:00:00+00:00
[2023-12-20T17:22:23.497+0000] {processor.py:183} INFO - Processing /home/airflow/.local/lib/python3.8/site-packages/airflow/example_dags/example_bash_operator.py took 0.298 seconds
[2023-12-20T17:22:54.325+0000] {processor.py:161} INFO - Started process (PID=1203) to work on /home/airflow/.local/lib/python3.8/site-packages/airflow/example_dags/example_bash_operator.py
[2023-12-20T17:22:54.334+0000] {processor.py:830} INFO - Processing file /home/airflow/.local/lib/python3.8/site-packages/airflow/example_dags/example_bash_operator.py for tasks to queue
[2023-12-20T17:22:54.335+0000] {logging_mixin.py:188} INFO - [2023-12-20T17:22:54.335+0000] {dagbag.py:538} INFO - Filling up the DagBag from /home/airflow/.local/lib/python3.8/site-packages/airflow/example_dags/example_bash_operator.py
[2023-12-20T17:22:54.356+0000] {processor.py:840} INFO - DAG(s) 'example_bash_operator' retrieved from /home/airflow/.local/lib/python3.8/site-packages/airflow/example_dags/example_bash_operator.py
[2023-12-20T17:22:54.412+0000] {logging_mixin.py:188} INFO - [2023-12-20T17:22:54.412+0000] {dag.py:3033} INFO - Sync 1 DAGs
[2023-12-20T17:22:54.452+0000] {logging_mixin.py:188} INFO - [2023-12-20T17:22:54.451+0000] {dag.py:3820} INFO - Setting next_dagrun for example_bash_operator to 2023-12-19T00:00:00+00:00, run_after=2023-12-20T00:00:00+00:00
[2023-12-20T17:22:54.482+0000] {processor.py:183} INFO - Processing /home/airflow/.local/lib/python3.8/site-packages/airflow/example_dags/example_bash_operator.py took 0.165 seconds
[2023-12-20T17:23:24.824+0000] {processor.py:161} INFO - Started process (PID=1450) to work on /home/airflow/.local/lib/python3.8/site-packages/airflow/example_dags/example_bash_operator.py
[2023-12-20T17:23:24.833+0000] {processor.py:830} INFO - Processing file /home/airflow/.local/lib/python3.8/site-packages/airflow/example_dags/example_bash_operator.py for tasks to queue
[2023-12-20T17:23:24.835+0000] {logging_mixin.py:188} INFO - [2023-12-20T17:23:24.834+0000] {dagbag.py:538} INFO - Filling up the DagBag from /home/airflow/.local/lib/python3.8/site-packages/airflow/example_dags/example_bash_operator.py
[2023-12-20T17:23:24.860+0000] {processor.py:840} INFO - DAG(s) 'example_bash_operator' retrieved from /home/airflow/.local/lib/python3.8/site-packages/airflow/example_dags/example_bash_operator.py
[2023-12-20T17:23:24.948+0000] {logging_mixin.py:188} INFO - [2023-12-20T17:23:24.948+0000] {dag.py:3033} INFO - Sync 1 DAGs
[2023-12-20T17:23:24.989+0000] {logging_mixin.py:188} INFO - [2023-12-20T17:23:24.989+0000] {dag.py:3820} INFO - Setting next_dagrun for example_bash_operator to 2023-12-19T00:00:00+00:00, run_after=2023-12-20T00:00:00+00:00
[2023-12-20T17:23:25.026+0000] {processor.py:183} INFO - Processing /home/airflow/.local/lib/python3.8/site-packages/airflow/example_dags/example_bash_operator.py took 0.210 seconds
[2023-12-20T17:23:55.353+0000] {processor.py:161} INFO - Started process (PID=1697) to work on /home/airflow/.local/lib/python3.8/site-packages/airflow/example_dags/example_bash_operator.py
[2023-12-20T17:23:55.367+0000] {processor.py:830} INFO - Processing file /home/airflow/.local/lib/python3.8/site-packages/airflow/example_dags/example_bash_operator.py for tasks to queue
[2023-12-20T17:23:55.368+0000] {logging_mixin.py:188} INFO - [2023-12-20T17:23:55.368+0000] {dagbag.py:538} INFO - Filling up the DagBag from /home/airflow/.local/lib/python3.8/site-packages/airflow/example_dags/example_bash_operator.py
[2023-12-20T17:23:55.457+0000] {processor.py:840} INFO - DAG(s) 'example_bash_operator' retrieved from /home/airflow/.local/lib/python3.8/site-packages/airflow/example_dags/example_bash_operator.py
[2023-12-20T17:23:55.584+0000] {logging_mixin.py:188} INFO - [2023-12-20T17:23:55.584+0000] {dag.py:3033} INFO - Sync 1 DAGs
[2023-12-20T17:23:55.653+0000] {logging_mixin.py:188} INFO - [2023-12-20T17:23:55.653+0000] {dag.py:3820} INFO - Setting next_dagrun for example_bash_operator to 2023-12-19T00:00:00+00:00, run_after=2023-12-20T00:00:00+00:00
[2023-12-20T17:23:55.704+0000] {processor.py:183} INFO - Processing /home/airflow/.local/lib/python3.8/site-packages/airflow/example_dags/example_bash_operator.py took 0.374 seconds
[2023-12-20T17:24:25.891+0000] {processor.py:161} INFO - Started process (PID=1949) to work on /home/airflow/.local/lib/python3.8/site-packages/airflow/example_dags/example_bash_operator.py
[2023-12-20T17:24:25.900+0000] {processor.py:830} INFO - Processing file /home/airflow/.local/lib/python3.8/site-packages/airflow/example_dags/example_bash_operator.py for tasks to queue
[2023-12-20T17:24:25.901+0000] {logging_mixin.py:188} INFO - [2023-12-20T17:24:25.901+0000] {dagbag.py:538} INFO - Filling up the DagBag from /home/airflow/.local/lib/python3.8/site-packages/airflow/example_dags/example_bash_operator.py
[2023-12-20T17:24:25.926+0000] {processor.py:840} INFO - DAG(s) 'example_bash_operator' retrieved from /home/airflow/.local/lib/python3.8/site-packages/airflow/example_dags/example_bash_operator.py
[2023-12-20T17:24:26.006+0000] {logging_mixin.py:188} INFO - [2023-12-20T17:24:26.006+0000] {dag.py:3033} INFO - Sync 1 DAGs
[2023-12-20T17:24:26.054+0000] {logging_mixin.py:188} INFO - [2023-12-20T17:24:26.053+0000] {dag.py:3820} INFO - Setting next_dagrun for example_bash_operator to 2023-12-19T00:00:00+00:00, run_after=2023-12-20T00:00:00+00:00
[2023-12-20T17:24:26.110+0000] {processor.py:183} INFO - Processing /home/airflow/.local/lib/python3.8/site-packages/airflow/example_dags/example_bash_operator.py took 0.250 seconds
[2023-12-20T17:25:52.264+0000] {processor.py:161} INFO - Started process (PID=46) to work on /home/airflow/.local/lib/python3.8/site-packages/airflow/example_dags/example_bash_operator.py
[2023-12-20T17:25:52.273+0000] {processor.py:830} INFO - Processing file /home/airflow/.local/lib/python3.8/site-packages/airflow/example_dags/example_bash_operator.py for tasks to queue
[2023-12-20T17:25:52.276+0000] {logging_mixin.py:188} INFO - [2023-12-20T17:25:52.275+0000] {dagbag.py:538} INFO - Filling up the DagBag from /home/airflow/.local/lib/python3.8/site-packages/airflow/example_dags/example_bash_operator.py
[2023-12-20T17:25:52.325+0000] {processor.py:840} INFO - DAG(s) 'example_bash_operator' retrieved from /home/airflow/.local/lib/python3.8/site-packages/airflow/example_dags/example_bash_operator.py
[2023-12-20T17:25:52.824+0000] {logging_mixin.py:188} INFO - [2023-12-20T17:25:52.823+0000] {dag.py:3033} INFO - Sync 1 DAGs
[2023-12-20T17:25:52.907+0000] {logging_mixin.py:188} INFO - [2023-12-20T17:25:52.906+0000] {dag.py:3820} INFO - Setting next_dagrun for example_bash_operator to 2023-12-19T00:00:00+00:00, run_after=2023-12-20T00:00:00+00:00
[2023-12-20T17:25:52.988+0000] {processor.py:183} INFO - Processing /home/airflow/.local/lib/python3.8/site-packages/airflow/example_dags/example_bash_operator.py took 0.737 seconds
[2023-12-20T17:26:23.233+0000] {processor.py:161} INFO - Started process (PID=100) to work on /home/airflow/.local/lib/python3.8/site-packages/airflow/example_dags/example_bash_operator.py
[2023-12-20T17:26:23.234+0000] {processor.py:830} INFO - Processing file /home/airflow/.local/lib/python3.8/site-packages/airflow/example_dags/example_bash_operator.py for tasks to queue
[2023-12-20T17:26:23.237+0000] {logging_mixin.py:188} INFO - [2023-12-20T17:26:23.236+0000] {dagbag.py:538} INFO - Filling up the DagBag from /home/airflow/.local/lib/python3.8/site-packages/airflow/example_dags/example_bash_operator.py
[2023-12-20T17:26:23.253+0000] {processor.py:840} INFO - DAG(s) 'example_bash_operator' retrieved from /home/airflow/.local/lib/python3.8/site-packages/airflow/example_dags/example_bash_operator.py
[2023-12-20T17:26:23.289+0000] {logging_mixin.py:188} INFO - [2023-12-20T17:26:23.289+0000] {dag.py:3033} INFO - Sync 1 DAGs
[2023-12-20T17:26:23.322+0000] {logging_mixin.py:188} INFO - [2023-12-20T17:26:23.321+0000] {dag.py:3820} INFO - Setting next_dagrun for example_bash_operator to 2023-12-19T00:00:00+00:00, run_after=2023-12-20T00:00:00+00:00
[2023-12-20T17:26:23.347+0000] {processor.py:183} INFO - Processing /home/airflow/.local/lib/python3.8/site-packages/airflow/example_dags/example_bash_operator.py took 0.119 seconds
[2023-12-20T17:26:53.880+0000] {processor.py:161} INFO - Started process (PID=154) to work on /home/airflow/.local/lib/python3.8/site-packages/airflow/example_dags/example_bash_operator.py
[2023-12-20T17:26:53.881+0000] {processor.py:830} INFO - Processing file /home/airflow/.local/lib/python3.8/site-packages/airflow/example_dags/example_bash_operator.py for tasks to queue
[2023-12-20T17:26:53.884+0000] {logging_mixin.py:188} INFO - [2023-12-20T17:26:53.884+0000] {dagbag.py:538} INFO - Filling up the DagBag from /home/airflow/.local/lib/python3.8/site-packages/airflow/example_dags/example_bash_operator.py
[2023-12-20T17:26:53.905+0000] {processor.py:840} INFO - DAG(s) 'example_bash_operator' retrieved from /home/airflow/.local/lib/python3.8/site-packages/airflow/example_dags/example_bash_operator.py
[2023-12-20T17:26:53.960+0000] {logging_mixin.py:188} INFO - [2023-12-20T17:26:53.960+0000] {dag.py:3033} INFO - Sync 1 DAGs
[2023-12-20T17:26:53.992+0000] {logging_mixin.py:188} INFO - [2023-12-20T17:26:53.992+0000] {dag.py:3820} INFO - Setting next_dagrun for example_bash_operator to 2023-12-19T00:00:00+00:00, run_after=2023-12-20T00:00:00+00:00
[2023-12-20T17:26:54.018+0000] {processor.py:183} INFO - Processing /home/airflow/.local/lib/python3.8/site-packages/airflow/example_dags/example_bash_operator.py took 0.143 seconds
[2023-12-20T17:27:24.512+0000] {processor.py:161} INFO - Started process (PID=209) to work on /home/airflow/.local/lib/python3.8/site-packages/airflow/example_dags/example_bash_operator.py
[2023-12-20T17:27:24.522+0000] {processor.py:830} INFO - Processing file /home/airflow/.local/lib/python3.8/site-packages/airflow/example_dags/example_bash_operator.py for tasks to queue
[2023-12-20T17:27:24.526+0000] {logging_mixin.py:188} INFO - [2023-12-20T17:27:24.525+0000] {dagbag.py:538} INFO - Filling up the DagBag from /home/airflow/.local/lib/python3.8/site-packages/airflow/example_dags/example_bash_operator.py
[2023-12-20T17:27:24.548+0000] {processor.py:840} INFO - DAG(s) 'example_bash_operator' retrieved from /home/airflow/.local/lib/python3.8/site-packages/airflow/example_dags/example_bash_operator.py
[2023-12-20T17:27:24.613+0000] {logging_mixin.py:188} INFO - [2023-12-20T17:27:24.612+0000] {dag.py:3033} INFO - Sync 1 DAGs
[2023-12-20T17:27:24.653+0000] {logging_mixin.py:188} INFO - [2023-12-20T17:27:24.653+0000] {dag.py:3820} INFO - Setting next_dagrun for example_bash_operator to 2023-12-19T00:00:00+00:00, run_after=2023-12-20T00:00:00+00:00
[2023-12-20T17:27:24.682+0000] {processor.py:183} INFO - Processing /home/airflow/.local/lib/python3.8/site-packages/airflow/example_dags/example_bash_operator.py took 0.176 seconds
[2023-12-20T17:27:54.822+0000] {processor.py:161} INFO - Started process (PID=264) to work on /home/airflow/.local/lib/python3.8/site-packages/airflow/example_dags/example_bash_operator.py
[2023-12-20T17:27:54.824+0000] {processor.py:830} INFO - Processing file /home/airflow/.local/lib/python3.8/site-packages/airflow/example_dags/example_bash_operator.py for tasks to queue
[2023-12-20T17:27:54.827+0000] {logging_mixin.py:188} INFO - [2023-12-20T17:27:54.827+0000] {dagbag.py:538} INFO - Filling up the DagBag from /home/airflow/.local/lib/python3.8/site-packages/airflow/example_dags/example_bash_operator.py
[2023-12-20T17:27:54.846+0000] {processor.py:840} INFO - DAG(s) 'example_bash_operator' retrieved from /home/airflow/.local/lib/python3.8/site-packages/airflow/example_dags/example_bash_operator.py
[2023-12-20T17:27:54.897+0000] {logging_mixin.py:188} INFO - [2023-12-20T17:27:54.896+0000] {dag.py:3033} INFO - Sync 1 DAGs
[2023-12-20T17:27:54.937+0000] {logging_mixin.py:188} INFO - [2023-12-20T17:27:54.936+0000] {dag.py:3820} INFO - Setting next_dagrun for example_bash_operator to 2023-12-19T00:00:00+00:00, run_after=2023-12-20T00:00:00+00:00
[2023-12-20T17:27:54.964+0000] {processor.py:183} INFO - Processing /home/airflow/.local/lib/python3.8/site-packages/airflow/example_dags/example_bash_operator.py took 0.148 seconds
[2023-12-20T17:28:25.693+0000] {processor.py:161} INFO - Started process (PID=318) to work on /home/airflow/.local/lib/python3.8/site-packages/airflow/example_dags/example_bash_operator.py
[2023-12-20T17:28:25.694+0000] {processor.py:830} INFO - Processing file /home/airflow/.local/lib/python3.8/site-packages/airflow/example_dags/example_bash_operator.py for tasks to queue
[2023-12-20T17:28:25.698+0000] {logging_mixin.py:188} INFO - [2023-12-20T17:28:25.697+0000] {dagbag.py:538} INFO - Filling up the DagBag from /home/airflow/.local/lib/python3.8/site-packages/airflow/example_dags/example_bash_operator.py
[2023-12-20T17:28:25.731+0000] {processor.py:840} INFO - DAG(s) 'example_bash_operator' retrieved from /home/airflow/.local/lib/python3.8/site-packages/airflow/example_dags/example_bash_operator.py
[2023-12-20T17:28:25.797+0000] {logging_mixin.py:188} INFO - [2023-12-20T17:28:25.797+0000] {dag.py:3033} INFO - Sync 1 DAGs
[2023-12-20T17:28:25.840+0000] {logging_mixin.py:188} INFO - [2023-12-20T17:28:25.840+0000] {dag.py:3820} INFO - Setting next_dagrun for example_bash_operator to 2023-12-19T00:00:00+00:00, run_after=2023-12-20T00:00:00+00:00
[2023-12-20T17:28:25.880+0000] {processor.py:183} INFO - Processing /home/airflow/.local/lib/python3.8/site-packages/airflow/example_dags/example_bash_operator.py took 0.195 seconds
[2023-12-20T17:28:56.327+0000] {processor.py:161} INFO - Started process (PID=373) to work on /home/airflow/.local/lib/python3.8/site-packages/airflow/example_dags/example_bash_operator.py
[2023-12-20T17:28:56.329+0000] {processor.py:830} INFO - Processing file /home/airflow/.local/lib/python3.8/site-packages/airflow/example_dags/example_bash_operator.py for tasks to queue
[2023-12-20T17:28:56.332+0000] {logging_mixin.py:188} INFO - [2023-12-20T17:28:56.331+0000] {dagbag.py:538} INFO - Filling up the DagBag from /home/airflow/.local/lib/python3.8/site-packages/airflow/example_dags/example_bash_operator.py
[2023-12-20T17:28:56.358+0000] {processor.py:840} INFO - DAG(s) 'example_bash_operator' retrieved from /home/airflow/.local/lib/python3.8/site-packages/airflow/example_dags/example_bash_operator.py
[2023-12-20T17:28:56.411+0000] {logging_mixin.py:188} INFO - [2023-12-20T17:28:56.411+0000] {dag.py:3033} INFO - Sync 1 DAGs
[2023-12-20T17:28:56.444+0000] {logging_mixin.py:188} INFO - [2023-12-20T17:28:56.444+0000] {dag.py:3820} INFO - Setting next_dagrun for example_bash_operator to 2023-12-19T00:00:00+00:00, run_after=2023-12-20T00:00:00+00:00
[2023-12-20T17:28:56.492+0000] {processor.py:183} INFO - Processing /home/airflow/.local/lib/python3.8/site-packages/airflow/example_dags/example_bash_operator.py took 0.170 seconds
[2023-12-20T17:29:27.105+0000] {processor.py:161} INFO - Started process (PID=428) to work on /home/airflow/.local/lib/python3.8/site-packages/airflow/example_dags/example_bash_operator.py
[2023-12-20T17:29:27.106+0000] {processor.py:830} INFO - Processing file /home/airflow/.local/lib/python3.8/site-packages/airflow/example_dags/example_bash_operator.py for tasks to queue
[2023-12-20T17:29:27.127+0000] {logging_mixin.py:188} INFO - [2023-12-20T17:29:27.122+0000] {dagbag.py:538} INFO - Filling up the DagBag from /home/airflow/.local/lib/python3.8/site-packages/airflow/example_dags/example_bash_operator.py
[2023-12-20T17:29:27.167+0000] {processor.py:840} INFO - DAG(s) 'example_bash_operator' retrieved from /home/airflow/.local/lib/python3.8/site-packages/airflow/example_dags/example_bash_operator.py
[2023-12-20T17:29:27.255+0000] {logging_mixin.py:188} INFO - [2023-12-20T17:29:27.254+0000] {dag.py:3033} INFO - Sync 1 DAGs
[2023-12-20T17:29:27.310+0000] {logging_mixin.py:188} INFO - [2023-12-20T17:29:27.309+0000] {dag.py:3820} INFO - Setting next_dagrun for example_bash_operator to 2023-12-19T00:00:00+00:00, run_after=2023-12-20T00:00:00+00:00
[2023-12-20T17:29:27.355+0000] {processor.py:183} INFO - Processing /home/airflow/.local/lib/python3.8/site-packages/airflow/example_dags/example_bash_operator.py took 0.257 seconds
[2023-12-20T17:29:57.636+0000] {processor.py:161} INFO - Started process (PID=483) to work on /home/airflow/.local/lib/python3.8/site-packages/airflow/example_dags/example_bash_operator.py
[2023-12-20T17:29:57.638+0000] {processor.py:830} INFO - Processing file /home/airflow/.local/lib/python3.8/site-packages/airflow/example_dags/example_bash_operator.py for tasks to queue
[2023-12-20T17:29:57.645+0000] {logging_mixin.py:188} INFO - [2023-12-20T17:29:57.644+0000] {dagbag.py:538} INFO - Filling up the DagBag from /home/airflow/.local/lib/python3.8/site-packages/airflow/example_dags/example_bash_operator.py
[2023-12-20T17:29:57.679+0000] {processor.py:840} INFO - DAG(s) 'example_bash_operator' retrieved from /home/airflow/.local/lib/python3.8/site-packages/airflow/example_dags/example_bash_operator.py
[2023-12-20T17:29:57.749+0000] {logging_mixin.py:188} INFO - [2023-12-20T17:29:57.748+0000] {dag.py:3033} INFO - Sync 1 DAGs
[2023-12-20T17:29:57.797+0000] {logging_mixin.py:188} INFO - [2023-12-20T17:29:57.797+0000] {dag.py:3820} INFO - Setting next_dagrun for example_bash_operator to 2023-12-19T00:00:00+00:00, run_after=2023-12-20T00:00:00+00:00
[2023-12-20T17:29:57.839+0000] {processor.py:183} INFO - Processing /home/airflow/.local/lib/python3.8/site-packages/airflow/example_dags/example_bash_operator.py took 0.212 seconds
[2023-12-20T17:30:28.012+0000] {processor.py:161} INFO - Started process (PID=538) to work on /home/airflow/.local/lib/python3.8/site-packages/airflow/example_dags/example_bash_operator.py
[2023-12-20T17:30:28.014+0000] {processor.py:830} INFO - Processing file /home/airflow/.local/lib/python3.8/site-packages/airflow/example_dags/example_bash_operator.py for tasks to queue
[2023-12-20T17:30:28.017+0000] {logging_mixin.py:188} INFO - [2023-12-20T17:30:28.017+0000] {dagbag.py:538} INFO - Filling up the DagBag from /home/airflow/.local/lib/python3.8/site-packages/airflow/example_dags/example_bash_operator.py
[2023-12-20T17:30:28.045+0000] {processor.py:840} INFO - DAG(s) 'example_bash_operator' retrieved from /home/airflow/.local/lib/python3.8/site-packages/airflow/example_dags/example_bash_operator.py
[2023-12-20T17:30:28.105+0000] {logging_mixin.py:188} INFO - [2023-12-20T17:30:28.105+0000] {dag.py:3033} INFO - Sync 1 DAGs
[2023-12-20T17:30:28.152+0000] {logging_mixin.py:188} INFO - [2023-12-20T17:30:28.152+0000] {dag.py:3820} INFO - Setting next_dagrun for example_bash_operator to 2023-12-19T00:00:00+00:00, run_after=2023-12-20T00:00:00+00:00
[2023-12-20T17:30:28.181+0000] {processor.py:183} INFO - Processing /home/airflow/.local/lib/python3.8/site-packages/airflow/example_dags/example_bash_operator.py took 0.174 seconds
[2023-12-20T17:30:58.715+0000] {processor.py:161} INFO - Started process (PID=593) to work on /home/airflow/.local/lib/python3.8/site-packages/airflow/example_dags/example_bash_operator.py
[2023-12-20T17:30:58.716+0000] {processor.py:830} INFO - Processing file /home/airflow/.local/lib/python3.8/site-packages/airflow/example_dags/example_bash_operator.py for tasks to queue
[2023-12-20T17:30:58.719+0000] {logging_mixin.py:188} INFO - [2023-12-20T17:30:58.719+0000] {dagbag.py:538} INFO - Filling up the DagBag from /home/airflow/.local/lib/python3.8/site-packages/airflow/example_dags/example_bash_operator.py
[2023-12-20T17:30:58.745+0000] {processor.py:840} INFO - DAG(s) 'example_bash_operator' retrieved from /home/airflow/.local/lib/python3.8/site-packages/airflow/example_dags/example_bash_operator.py
[2023-12-20T17:30:58.803+0000] {logging_mixin.py:188} INFO - [2023-12-20T17:30:58.803+0000] {dag.py:3033} INFO - Sync 1 DAGs
[2023-12-20T17:30:58.844+0000] {logging_mixin.py:188} INFO - [2023-12-20T17:30:58.844+0000] {dag.py:3820} INFO - Setting next_dagrun for example_bash_operator to 2023-12-19T00:00:00+00:00, run_after=2023-12-20T00:00:00+00:00
[2023-12-20T17:30:58.871+0000] {processor.py:183} INFO - Processing /home/airflow/.local/lib/python3.8/site-packages/airflow/example_dags/example_bash_operator.py took 0.162 seconds
[2023-12-20T17:31:29.853+0000] {processor.py:161} INFO - Started process (PID=647) to work on /home/airflow/.local/lib/python3.8/site-packages/airflow/example_dags/example_bash_operator.py
[2023-12-20T17:31:29.856+0000] {processor.py:830} INFO - Processing file /home/airflow/.local/lib/python3.8/site-packages/airflow/example_dags/example_bash_operator.py for tasks to queue
[2023-12-20T17:31:29.860+0000] {logging_mixin.py:188} INFO - [2023-12-20T17:31:29.860+0000] {dagbag.py:538} INFO - Filling up the DagBag from /home/airflow/.local/lib/python3.8/site-packages/airflow/example_dags/example_bash_operator.py
[2023-12-20T17:31:29.896+0000] {processor.py:840} INFO - DAG(s) 'example_bash_operator' retrieved from /home/airflow/.local/lib/python3.8/site-packages/airflow/example_dags/example_bash_operator.py
[2023-12-20T17:31:29.971+0000] {logging_mixin.py:188} INFO - [2023-12-20T17:31:29.971+0000] {dag.py:3033} INFO - Sync 1 DAGs
[2023-12-20T17:31:30.022+0000] {logging_mixin.py:188} INFO - [2023-12-20T17:31:30.022+0000] {dag.py:3820} INFO - Setting next_dagrun for example_bash_operator to 2023-12-19T00:00:00+00:00, run_after=2023-12-20T00:00:00+00:00
[2023-12-20T17:31:30.066+0000] {processor.py:183} INFO - Processing /home/airflow/.local/lib/python3.8/site-packages/airflow/example_dags/example_bash_operator.py took 0.220 seconds
[2023-12-20T17:32:00.666+0000] {processor.py:161} INFO - Started process (PID=702) to work on /home/airflow/.local/lib/python3.8/site-packages/airflow/example_dags/example_bash_operator.py
[2023-12-20T17:32:00.668+0000] {processor.py:830} INFO - Processing file /home/airflow/.local/lib/python3.8/site-packages/airflow/example_dags/example_bash_operator.py for tasks to queue
[2023-12-20T17:32:00.700+0000] {logging_mixin.py:188} INFO - [2023-12-20T17:32:00.694+0000] {dagbag.py:538} INFO - Filling up the DagBag from /home/airflow/.local/lib/python3.8/site-packages/airflow/example_dags/example_bash_operator.py
[2023-12-20T17:32:00.730+0000] {processor.py:840} INFO - DAG(s) 'example_bash_operator' retrieved from /home/airflow/.local/lib/python3.8/site-packages/airflow/example_dags/example_bash_operator.py
[2023-12-20T17:32:00.828+0000] {logging_mixin.py:188} INFO - [2023-12-20T17:32:00.828+0000] {dag.py:3033} INFO - Sync 1 DAGs
[2023-12-20T17:32:00.913+0000] {logging_mixin.py:188} INFO - [2023-12-20T17:32:00.913+0000] {dag.py:3820} INFO - Setting next_dagrun for example_bash_operator to 2023-12-19T00:00:00+00:00, run_after=2023-12-20T00:00:00+00:00
[2023-12-20T17:32:01.008+0000] {processor.py:183} INFO - Processing /home/airflow/.local/lib/python3.8/site-packages/airflow/example_dags/example_bash_operator.py took 0.355 seconds
[2023-12-20T17:32:31.164+0000] {processor.py:161} INFO - Started process (PID=757) to work on /home/airflow/.local/lib/python3.8/site-packages/airflow/example_dags/example_bash_operator.py
[2023-12-20T17:32:31.175+0000] {processor.py:830} INFO - Processing file /home/airflow/.local/lib/python3.8/site-packages/airflow/example_dags/example_bash_operator.py for tasks to queue
[2023-12-20T17:32:31.191+0000] {logging_mixin.py:188} INFO - [2023-12-20T17:32:31.178+0000] {dagbag.py:538} INFO - Filling up the DagBag from /home/airflow/.local/lib/python3.8/site-packages/airflow/example_dags/example_bash_operator.py
[2023-12-20T17:32:31.220+0000] {processor.py:840} INFO - DAG(s) 'example_bash_operator' retrieved from /home/airflow/.local/lib/python3.8/site-packages/airflow/example_dags/example_bash_operator.py
[2023-12-20T17:32:31.353+0000] {logging_mixin.py:188} INFO - [2023-12-20T17:32:31.353+0000] {dag.py:3033} INFO - Sync 1 DAGs
[2023-12-20T17:32:31.544+0000] {logging_mixin.py:188} INFO - [2023-12-20T17:32:31.544+0000] {dag.py:3820} INFO - Setting next_dagrun for example_bash_operator to 2023-12-19T00:00:00+00:00, run_after=2023-12-20T00:00:00+00:00
[2023-12-20T17:32:31.638+0000] {processor.py:183} INFO - Processing /home/airflow/.local/lib/python3.8/site-packages/airflow/example_dags/example_bash_operator.py took 0.486 seconds
[2023-12-20T17:33:01.752+0000] {processor.py:161} INFO - Started process (PID=813) to work on /home/airflow/.local/lib/python3.8/site-packages/airflow/example_dags/example_bash_operator.py
[2023-12-20T17:33:01.755+0000] {processor.py:830} INFO - Processing file /home/airflow/.local/lib/python3.8/site-packages/airflow/example_dags/example_bash_operator.py for tasks to queue
[2023-12-20T17:33:01.759+0000] {logging_mixin.py:188} INFO - [2023-12-20T17:33:01.759+0000] {dagbag.py:538} INFO - Filling up the DagBag from /home/airflow/.local/lib/python3.8/site-packages/airflow/example_dags/example_bash_operator.py
[2023-12-20T17:33:01.796+0000] {processor.py:840} INFO - DAG(s) 'example_bash_operator' retrieved from /home/airflow/.local/lib/python3.8/site-packages/airflow/example_dags/example_bash_operator.py
[2023-12-20T17:33:01.922+0000] {logging_mixin.py:188} INFO - [2023-12-20T17:33:01.922+0000] {dag.py:3033} INFO - Sync 1 DAGs
[2023-12-20T17:33:02.148+0000] {logging_mixin.py:188} INFO - [2023-12-20T17:33:02.147+0000] {dag.py:3820} INFO - Setting next_dagrun for example_bash_operator to 2023-12-19T00:00:00+00:00, run_after=2023-12-20T00:00:00+00:00
[2023-12-20T17:33:02.270+0000] {processor.py:183} INFO - Processing /home/airflow/.local/lib/python3.8/site-packages/airflow/example_dags/example_bash_operator.py took 0.524 seconds
[2023-12-20T17:33:33.166+0000] {processor.py:161} INFO - Started process (PID=869) to work on /home/airflow/.local/lib/python3.8/site-packages/airflow/example_dags/example_bash_operator.py
[2023-12-20T17:33:33.177+0000] {processor.py:830} INFO - Processing file /home/airflow/.local/lib/python3.8/site-packages/airflow/example_dags/example_bash_operator.py for tasks to queue
[2023-12-20T17:33:33.181+0000] {logging_mixin.py:188} INFO - [2023-12-20T17:33:33.180+0000] {dagbag.py:538} INFO - Filling up the DagBag from /home/airflow/.local/lib/python3.8/site-packages/airflow/example_dags/example_bash_operator.py
[2023-12-20T17:33:33.214+0000] {processor.py:840} INFO - DAG(s) 'example_bash_operator' retrieved from /home/airflow/.local/lib/python3.8/site-packages/airflow/example_dags/example_bash_operator.py
[2023-12-20T17:33:33.273+0000] {logging_mixin.py:188} INFO - [2023-12-20T17:33:33.273+0000] {dag.py:3033} INFO - Sync 1 DAGs
[2023-12-20T17:33:33.316+0000] {logging_mixin.py:188} INFO - [2023-12-20T17:33:33.316+0000] {dag.py:3820} INFO - Setting next_dagrun for example_bash_operator to 2023-12-19T00:00:00+00:00, run_after=2023-12-20T00:00:00+00:00
[2023-12-20T17:33:33.352+0000] {processor.py:183} INFO - Processing /home/airflow/.local/lib/python3.8/site-packages/airflow/example_dags/example_bash_operator.py took 0.196 seconds
[2023-12-20T17:34:04.171+0000] {processor.py:161} INFO - Started process (PID=924) to work on /home/airflow/.local/lib/python3.8/site-packages/airflow/example_dags/example_bash_operator.py
[2023-12-20T17:34:04.172+0000] {processor.py:830} INFO - Processing file /home/airflow/.local/lib/python3.8/site-packages/airflow/example_dags/example_bash_operator.py for tasks to queue
[2023-12-20T17:34:04.176+0000] {logging_mixin.py:188} INFO - [2023-12-20T17:34:04.176+0000] {dagbag.py:538} INFO - Filling up the DagBag from /home/airflow/.local/lib/python3.8/site-packages/airflow/example_dags/example_bash_operator.py
[2023-12-20T17:34:04.201+0000] {processor.py:840} INFO - DAG(s) 'example_bash_operator' retrieved from /home/airflow/.local/lib/python3.8/site-packages/airflow/example_dags/example_bash_operator.py
[2023-12-20T17:34:04.269+0000] {logging_mixin.py:188} INFO - [2023-12-20T17:34:04.269+0000] {dag.py:3033} INFO - Sync 1 DAGs
[2023-12-20T17:34:04.329+0000] {logging_mixin.py:188} INFO - [2023-12-20T17:34:04.328+0000] {dag.py:3820} INFO - Setting next_dagrun for example_bash_operator to 2023-12-19T00:00:00+00:00, run_after=2023-12-20T00:00:00+00:00
[2023-12-20T17:34:04.400+0000] {processor.py:183} INFO - Processing /home/airflow/.local/lib/python3.8/site-packages/airflow/example_dags/example_bash_operator.py took 0.239 seconds
[2023-12-20T17:34:34.773+0000] {processor.py:161} INFO - Started process (PID=979) to work on /home/airflow/.local/lib/python3.8/site-packages/airflow/example_dags/example_bash_operator.py
[2023-12-20T17:34:34.774+0000] {processor.py:830} INFO - Processing file /home/airflow/.local/lib/python3.8/site-packages/airflow/example_dags/example_bash_operator.py for tasks to queue
[2023-12-20T17:34:34.778+0000] {logging_mixin.py:188} INFO - [2023-12-20T17:34:34.778+0000] {dagbag.py:538} INFO - Filling up the DagBag from /home/airflow/.local/lib/python3.8/site-packages/airflow/example_dags/example_bash_operator.py
[2023-12-20T17:34:34.802+0000] {processor.py:840} INFO - DAG(s) 'example_bash_operator' retrieved from /home/airflow/.local/lib/python3.8/site-packages/airflow/example_dags/example_bash_operator.py
[2023-12-20T17:34:34.870+0000] {logging_mixin.py:188} INFO - [2023-12-20T17:34:34.869+0000] {dag.py:3033} INFO - Sync 1 DAGs
[2023-12-20T17:34:34.912+0000] {logging_mixin.py:188} INFO - [2023-12-20T17:34:34.912+0000] {dag.py:3820} INFO - Setting next_dagrun for example_bash_operator to 2023-12-19T00:00:00+00:00, run_after=2023-12-20T00:00:00+00:00
[2023-12-20T17:34:34.958+0000] {processor.py:183} INFO - Processing /home/airflow/.local/lib/python3.8/site-packages/airflow/example_dags/example_bash_operator.py took 0.191 seconds
[2023-12-20T17:35:05.398+0000] {processor.py:161} INFO - Started process (PID=1033) to work on /home/airflow/.local/lib/python3.8/site-packages/airflow/example_dags/example_bash_operator.py
[2023-12-20T17:35:05.407+0000] {processor.py:830} INFO - Processing file /home/airflow/.local/lib/python3.8/site-packages/airflow/example_dags/example_bash_operator.py for tasks to queue
[2023-12-20T17:35:05.411+0000] {logging_mixin.py:188} INFO - [2023-12-20T17:35:05.410+0000] {dagbag.py:538} INFO - Filling up the DagBag from /home/airflow/.local/lib/python3.8/site-packages/airflow/example_dags/example_bash_operator.py
[2023-12-20T17:35:05.436+0000] {processor.py:840} INFO - DAG(s) 'example_bash_operator' retrieved from /home/airflow/.local/lib/python3.8/site-packages/airflow/example_dags/example_bash_operator.py
[2023-12-20T17:35:05.500+0000] {logging_mixin.py:188} INFO - [2023-12-20T17:35:05.500+0000] {dag.py:3033} INFO - Sync 1 DAGs
[2023-12-20T17:35:05.545+0000] {logging_mixin.py:188} INFO - [2023-12-20T17:35:05.545+0000] {dag.py:3820} INFO - Setting next_dagrun for example_bash_operator to 2023-12-19T00:00:00+00:00, run_after=2023-12-20T00:00:00+00:00
[2023-12-20T17:35:05.580+0000] {processor.py:183} INFO - Processing /home/airflow/.local/lib/python3.8/site-packages/airflow/example_dags/example_bash_operator.py took 0.189 seconds
[2023-12-20T17:35:35.671+0000] {processor.py:161} INFO - Started process (PID=1088) to work on /home/airflow/.local/lib/python3.8/site-packages/airflow/example_dags/example_bash_operator.py
[2023-12-20T17:35:35.672+0000] {processor.py:830} INFO - Processing file /home/airflow/.local/lib/python3.8/site-packages/airflow/example_dags/example_bash_operator.py for tasks to queue
[2023-12-20T17:35:35.676+0000] {logging_mixin.py:188} INFO - [2023-12-20T17:35:35.675+0000] {dagbag.py:538} INFO - Filling up the DagBag from /home/airflow/.local/lib/python3.8/site-packages/airflow/example_dags/example_bash_operator.py
[2023-12-20T17:35:35.699+0000] {processor.py:840} INFO - DAG(s) 'example_bash_operator' retrieved from /home/airflow/.local/lib/python3.8/site-packages/airflow/example_dags/example_bash_operator.py
[2023-12-20T17:35:35.777+0000] {logging_mixin.py:188} INFO - [2023-12-20T17:35:35.777+0000] {dag.py:3033} INFO - Sync 1 DAGs
[2023-12-20T17:35:35.829+0000] {logging_mixin.py:188} INFO - [2023-12-20T17:35:35.829+0000] {dag.py:3820} INFO - Setting next_dagrun for example_bash_operator to 2023-12-19T00:00:00+00:00, run_after=2023-12-20T00:00:00+00:00
[2023-12-20T17:35:35.873+0000] {processor.py:183} INFO - Processing /home/airflow/.local/lib/python3.8/site-packages/airflow/example_dags/example_bash_operator.py took 0.210 seconds
[2023-12-20T17:36:05.973+0000] {processor.py:161} INFO - Started process (PID=1142) to work on /home/airflow/.local/lib/python3.8/site-packages/airflow/example_dags/example_bash_operator.py
[2023-12-20T17:36:05.980+0000] {processor.py:830} INFO - Processing file /home/airflow/.local/lib/python3.8/site-packages/airflow/example_dags/example_bash_operator.py for tasks to queue
[2023-12-20T17:36:05.983+0000] {logging_mixin.py:188} INFO - [2023-12-20T17:36:05.983+0000] {dagbag.py:538} INFO - Filling up the DagBag from /home/airflow/.local/lib/python3.8/site-packages/airflow/example_dags/example_bash_operator.py
[2023-12-20T17:36:06.029+0000] {processor.py:840} INFO - DAG(s) 'example_bash_operator' retrieved from /home/airflow/.local/lib/python3.8/site-packages/airflow/example_dags/example_bash_operator.py
[2023-12-20T17:36:06.130+0000] {logging_mixin.py:188} INFO - [2023-12-20T17:36:06.129+0000] {dag.py:3033} INFO - Sync 1 DAGs
[2023-12-20T17:36:06.181+0000] {logging_mixin.py:188} INFO - [2023-12-20T17:36:06.181+0000] {dag.py:3820} INFO - Setting next_dagrun for example_bash_operator to 2023-12-19T00:00:00+00:00, run_after=2023-12-20T00:00:00+00:00
[2023-12-20T17:36:06.222+0000] {processor.py:183} INFO - Processing /home/airflow/.local/lib/python3.8/site-packages/airflow/example_dags/example_bash_operator.py took 0.255 seconds
[2023-12-20T17:36:36.919+0000] {processor.py:161} INFO - Started process (PID=1197) to work on /home/airflow/.local/lib/python3.8/site-packages/airflow/example_dags/example_bash_operator.py
[2023-12-20T17:36:36.920+0000] {processor.py:830} INFO - Processing file /home/airflow/.local/lib/python3.8/site-packages/airflow/example_dags/example_bash_operator.py for tasks to queue
[2023-12-20T17:36:36.922+0000] {logging_mixin.py:188} INFO - [2023-12-20T17:36:36.922+0000] {dagbag.py:538} INFO - Filling up the DagBag from /home/airflow/.local/lib/python3.8/site-packages/airflow/example_dags/example_bash_operator.py
[2023-12-20T17:36:36.943+0000] {processor.py:840} INFO - DAG(s) 'example_bash_operator' retrieved from /home/airflow/.local/lib/python3.8/site-packages/airflow/example_dags/example_bash_operator.py
[2023-12-20T17:36:37.015+0000] {logging_mixin.py:188} INFO - [2023-12-20T17:36:37.014+0000] {dag.py:3033} INFO - Sync 1 DAGs
[2023-12-20T17:36:37.088+0000] {logging_mixin.py:188} INFO - [2023-12-20T17:36:37.087+0000] {dag.py:3820} INFO - Setting next_dagrun for example_bash_operator to 2023-12-19T00:00:00+00:00, run_after=2023-12-20T00:00:00+00:00
[2023-12-20T17:36:37.144+0000] {processor.py:183} INFO - Processing /home/airflow/.local/lib/python3.8/site-packages/airflow/example_dags/example_bash_operator.py took 0.230 seconds
[2023-12-20T17:37:08.109+0000] {processor.py:161} INFO - Started process (PID=1251) to work on /home/airflow/.local/lib/python3.8/site-packages/airflow/example_dags/example_bash_operator.py
[2023-12-20T17:37:08.110+0000] {processor.py:830} INFO - Processing file /home/airflow/.local/lib/python3.8/site-packages/airflow/example_dags/example_bash_operator.py for tasks to queue
[2023-12-20T17:37:08.113+0000] {logging_mixin.py:188} INFO - [2023-12-20T17:37:08.113+0000] {dagbag.py:538} INFO - Filling up the DagBag from /home/airflow/.local/lib/python3.8/site-packages/airflow/example_dags/example_bash_operator.py
[2023-12-20T17:37:08.131+0000] {processor.py:840} INFO - DAG(s) 'example_bash_operator' retrieved from /home/airflow/.local/lib/python3.8/site-packages/airflow/example_dags/example_bash_operator.py
[2023-12-20T17:37:08.177+0000] {logging_mixin.py:188} INFO - [2023-12-20T17:37:08.176+0000] {dag.py:3033} INFO - Sync 1 DAGs
[2023-12-20T17:37:08.217+0000] {logging_mixin.py:188} INFO - [2023-12-20T17:37:08.217+0000] {dag.py:3820} INFO - Setting next_dagrun for example_bash_operator to 2023-12-19T00:00:00+00:00, run_after=2023-12-20T00:00:00+00:00
[2023-12-20T17:37:08.252+0000] {processor.py:183} INFO - Processing /home/airflow/.local/lib/python3.8/site-packages/airflow/example_dags/example_bash_operator.py took 0.149 seconds
