[2023-12-20T17:20:46.761+0000] {processor.py:161} INFO - Started process (PID=168) to work on /home/airflow/.local/lib/python3.8/site-packages/airflow/example_dags/example_python_decorator.py
[2023-12-20T17:20:46.762+0000] {processor.py:830} INFO - Processing file /home/airflow/.local/lib/python3.8/site-packages/airflow/example_dags/example_python_decorator.py for tasks to queue
[2023-12-20T17:20:46.770+0000] {logging_mixin.py:188} INFO - [2023-12-20T17:20:46.769+0000] {dagbag.py:538} INFO - Filling up the DagBag from /home/airflow/.local/lib/python3.8/site-packages/airflow/example_dags/example_python_decorator.py
[2023-12-20T17:20:46.915+0000] {processor.py:840} INFO - DAG(s) 'example_python_decorator' retrieved from /home/airflow/.local/lib/python3.8/site-packages/airflow/example_dags/example_python_decorator.py
[2023-12-20T17:20:47.546+0000] {logging_mixin.py:188} INFO - [2023-12-20T17:20:47.546+0000] {dag.py:3033} INFO - Sync 1 DAGs
[2023-12-20T17:20:47.593+0000] {logging_mixin.py:188} INFO - [2023-12-20T17:20:47.593+0000] {dag.py:3820} INFO - Setting next_dagrun for example_python_decorator to None, run_after=None
[2023-12-20T17:20:47.646+0000] {processor.py:183} INFO - Processing /home/airflow/.local/lib/python3.8/site-packages/airflow/example_dags/example_python_decorator.py took 0.900 seconds
[2023-12-20T17:21:18.189+0000] {processor.py:161} INFO - Started process (PID=415) to work on /home/airflow/.local/lib/python3.8/site-packages/airflow/example_dags/example_python_decorator.py
[2023-12-20T17:21:18.191+0000] {processor.py:830} INFO - Processing file /home/airflow/.local/lib/python3.8/site-packages/airflow/example_dags/example_python_decorator.py for tasks to queue
[2023-12-20T17:21:18.192+0000] {logging_mixin.py:188} INFO - [2023-12-20T17:21:18.192+0000] {dagbag.py:538} INFO - Filling up the DagBag from /home/airflow/.local/lib/python3.8/site-packages/airflow/example_dags/example_python_decorator.py
[2023-12-20T17:21:18.212+0000] {processor.py:840} INFO - DAG(s) 'example_python_decorator' retrieved from /home/airflow/.local/lib/python3.8/site-packages/airflow/example_dags/example_python_decorator.py
[2023-12-20T17:21:18.261+0000] {logging_mixin.py:188} INFO - [2023-12-20T17:21:18.261+0000] {dag.py:3033} INFO - Sync 1 DAGs
[2023-12-20T17:21:18.284+0000] {logging_mixin.py:188} INFO - [2023-12-20T17:21:18.284+0000] {dag.py:3820} INFO - Setting next_dagrun for example_python_decorator to None, run_after=None
[2023-12-20T17:21:18.319+0000] {processor.py:183} INFO - Processing /home/airflow/.local/lib/python3.8/site-packages/airflow/example_dags/example_python_decorator.py took 0.135 seconds
[2023-12-20T17:21:48.896+0000] {processor.py:161} INFO - Started process (PID=662) to work on /home/airflow/.local/lib/python3.8/site-packages/airflow/example_dags/example_python_decorator.py
[2023-12-20T17:21:48.897+0000] {processor.py:830} INFO - Processing file /home/airflow/.local/lib/python3.8/site-packages/airflow/example_dags/example_python_decorator.py for tasks to queue
[2023-12-20T17:21:48.899+0000] {logging_mixin.py:188} INFO - [2023-12-20T17:21:48.898+0000] {dagbag.py:538} INFO - Filling up the DagBag from /home/airflow/.local/lib/python3.8/site-packages/airflow/example_dags/example_python_decorator.py
[2023-12-20T17:21:48.915+0000] {processor.py:840} INFO - DAG(s) 'example_python_decorator' retrieved from /home/airflow/.local/lib/python3.8/site-packages/airflow/example_dags/example_python_decorator.py
[2023-12-20T17:21:48.956+0000] {logging_mixin.py:188} INFO - [2023-12-20T17:21:48.955+0000] {dag.py:3033} INFO - Sync 1 DAGs
[2023-12-20T17:21:48.977+0000] {logging_mixin.py:188} INFO - [2023-12-20T17:21:48.977+0000] {dag.py:3820} INFO - Setting next_dagrun for example_python_decorator to None, run_after=None
[2023-12-20T17:21:49.028+0000] {processor.py:183} INFO - Processing /home/airflow/.local/lib/python3.8/site-packages/airflow/example_dags/example_python_decorator.py took 0.145 seconds
[2023-12-20T17:22:19.160+0000] {processor.py:161} INFO - Started process (PID=908) to work on /home/airflow/.local/lib/python3.8/site-packages/airflow/example_dags/example_python_decorator.py
[2023-12-20T17:22:19.161+0000] {processor.py:830} INFO - Processing file /home/airflow/.local/lib/python3.8/site-packages/airflow/example_dags/example_python_decorator.py for tasks to queue
[2023-12-20T17:22:19.163+0000] {logging_mixin.py:188} INFO - [2023-12-20T17:22:19.162+0000] {dagbag.py:538} INFO - Filling up the DagBag from /home/airflow/.local/lib/python3.8/site-packages/airflow/example_dags/example_python_decorator.py
[2023-12-20T17:22:19.176+0000] {processor.py:840} INFO - DAG(s) 'example_python_decorator' retrieved from /home/airflow/.local/lib/python3.8/site-packages/airflow/example_dags/example_python_decorator.py
[2023-12-20T17:22:19.221+0000] {logging_mixin.py:188} INFO - [2023-12-20T17:22:19.220+0000] {dag.py:3033} INFO - Sync 1 DAGs
[2023-12-20T17:22:19.241+0000] {logging_mixin.py:188} INFO - [2023-12-20T17:22:19.240+0000] {dag.py:3820} INFO - Setting next_dagrun for example_python_decorator to None, run_after=None
[2023-12-20T17:22:19.285+0000] {processor.py:183} INFO - Processing /home/airflow/.local/lib/python3.8/site-packages/airflow/example_dags/example_python_decorator.py took 0.130 seconds
[2023-12-20T17:22:49.533+0000] {processor.py:161} INFO - Started process (PID=1155) to work on /home/airflow/.local/lib/python3.8/site-packages/airflow/example_dags/example_python_decorator.py
[2023-12-20T17:22:49.536+0000] {processor.py:830} INFO - Processing file /home/airflow/.local/lib/python3.8/site-packages/airflow/example_dags/example_python_decorator.py for tasks to queue
[2023-12-20T17:22:49.538+0000] {logging_mixin.py:188} INFO - [2023-12-20T17:22:49.537+0000] {dagbag.py:538} INFO - Filling up the DagBag from /home/airflow/.local/lib/python3.8/site-packages/airflow/example_dags/example_python_decorator.py
[2023-12-20T17:22:49.561+0000] {processor.py:840} INFO - DAG(s) 'example_python_decorator' retrieved from /home/airflow/.local/lib/python3.8/site-packages/airflow/example_dags/example_python_decorator.py
[2023-12-20T17:22:49.626+0000] {logging_mixin.py:188} INFO - [2023-12-20T17:22:49.626+0000] {dag.py:3033} INFO - Sync 1 DAGs
[2023-12-20T17:22:49.649+0000] {logging_mixin.py:188} INFO - [2023-12-20T17:22:49.649+0000] {dag.py:3820} INFO - Setting next_dagrun for example_python_decorator to None, run_after=None
[2023-12-20T17:22:49.707+0000] {processor.py:183} INFO - Processing /home/airflow/.local/lib/python3.8/site-packages/airflow/example_dags/example_python_decorator.py took 0.180 seconds
[2023-12-20T17:23:20.038+0000] {processor.py:161} INFO - Started process (PID=1402) to work on /home/airflow/.local/lib/python3.8/site-packages/airflow/example_dags/example_python_decorator.py
[2023-12-20T17:23:20.039+0000] {processor.py:830} INFO - Processing file /home/airflow/.local/lib/python3.8/site-packages/airflow/example_dags/example_python_decorator.py for tasks to queue
[2023-12-20T17:23:20.041+0000] {logging_mixin.py:188} INFO - [2023-12-20T17:23:20.040+0000] {dagbag.py:538} INFO - Filling up the DagBag from /home/airflow/.local/lib/python3.8/site-packages/airflow/example_dags/example_python_decorator.py
[2023-12-20T17:23:20.061+0000] {processor.py:840} INFO - DAG(s) 'example_python_decorator' retrieved from /home/airflow/.local/lib/python3.8/site-packages/airflow/example_dags/example_python_decorator.py
[2023-12-20T17:23:20.109+0000] {logging_mixin.py:188} INFO - [2023-12-20T17:23:20.109+0000] {dag.py:3033} INFO - Sync 1 DAGs
[2023-12-20T17:23:20.133+0000] {logging_mixin.py:188} INFO - [2023-12-20T17:23:20.132+0000] {dag.py:3820} INFO - Setting next_dagrun for example_python_decorator to None, run_after=None
[2023-12-20T17:23:20.171+0000] {processor.py:183} INFO - Processing /home/airflow/.local/lib/python3.8/site-packages/airflow/example_dags/example_python_decorator.py took 0.139 seconds
[2023-12-20T17:23:50.414+0000] {processor.py:161} INFO - Started process (PID=1648) to work on /home/airflow/.local/lib/python3.8/site-packages/airflow/example_dags/example_python_decorator.py
[2023-12-20T17:23:50.424+0000] {processor.py:830} INFO - Processing file /home/airflow/.local/lib/python3.8/site-packages/airflow/example_dags/example_python_decorator.py for tasks to queue
[2023-12-20T17:23:50.428+0000] {logging_mixin.py:188} INFO - [2023-12-20T17:23:50.427+0000] {dagbag.py:538} INFO - Filling up the DagBag from /home/airflow/.local/lib/python3.8/site-packages/airflow/example_dags/example_python_decorator.py
[2023-12-20T17:23:50.467+0000] {processor.py:840} INFO - DAG(s) 'example_python_decorator' retrieved from /home/airflow/.local/lib/python3.8/site-packages/airflow/example_dags/example_python_decorator.py
[2023-12-20T17:23:50.510+0000] {logging_mixin.py:188} INFO - [2023-12-20T17:23:50.510+0000] {dag.py:3033} INFO - Sync 1 DAGs
[2023-12-20T17:23:50.531+0000] {logging_mixin.py:188} INFO - [2023-12-20T17:23:50.531+0000] {dag.py:3820} INFO - Setting next_dagrun for example_python_decorator to None, run_after=None
[2023-12-20T17:23:50.571+0000] {processor.py:183} INFO - Processing /home/airflow/.local/lib/python3.8/site-packages/airflow/example_dags/example_python_decorator.py took 0.163 seconds
[2023-12-20T17:24:21.259+0000] {processor.py:161} INFO - Started process (PID=1896) to work on /home/airflow/.local/lib/python3.8/site-packages/airflow/example_dags/example_python_decorator.py
[2023-12-20T17:24:21.264+0000] {processor.py:830} INFO - Processing file /home/airflow/.local/lib/python3.8/site-packages/airflow/example_dags/example_python_decorator.py for tasks to queue
[2023-12-20T17:24:21.266+0000] {logging_mixin.py:188} INFO - [2023-12-20T17:24:21.265+0000] {dagbag.py:538} INFO - Filling up the DagBag from /home/airflow/.local/lib/python3.8/site-packages/airflow/example_dags/example_python_decorator.py
[2023-12-20T17:24:21.294+0000] {processor.py:840} INFO - DAG(s) 'example_python_decorator' retrieved from /home/airflow/.local/lib/python3.8/site-packages/airflow/example_dags/example_python_decorator.py
[2023-12-20T17:24:21.361+0000] {logging_mixin.py:188} INFO - [2023-12-20T17:24:21.361+0000] {dag.py:3033} INFO - Sync 1 DAGs
[2023-12-20T17:24:21.390+0000] {logging_mixin.py:188} INFO - [2023-12-20T17:24:21.389+0000] {dag.py:3820} INFO - Setting next_dagrun for example_python_decorator to None, run_after=None
[2023-12-20T17:24:21.435+0000] {processor.py:183} INFO - Processing /home/airflow/.local/lib/python3.8/site-packages/airflow/example_dags/example_python_decorator.py took 0.189 seconds
[2023-12-20T17:25:48.052+0000] {processor.py:161} INFO - Started process (PID=32) to work on /home/airflow/.local/lib/python3.8/site-packages/airflow/example_dags/example_python_decorator.py
[2023-12-20T17:25:48.055+0000] {processor.py:830} INFO - Processing file /home/airflow/.local/lib/python3.8/site-packages/airflow/example_dags/example_python_decorator.py for tasks to queue
[2023-12-20T17:25:48.080+0000] {logging_mixin.py:188} INFO - [2023-12-20T17:25:48.080+0000] {dagbag.py:538} INFO - Filling up the DagBag from /home/airflow/.local/lib/python3.8/site-packages/airflow/example_dags/example_python_decorator.py
[2023-12-20T17:25:48.125+0000] {processor.py:840} INFO - DAG(s) 'example_python_decorator' retrieved from /home/airflow/.local/lib/python3.8/site-packages/airflow/example_dags/example_python_decorator.py
[2023-12-20T17:25:49.095+0000] {logging_mixin.py:188} INFO - [2023-12-20T17:25:49.094+0000] {dag.py:3033} INFO - Sync 1 DAGs
[2023-12-20T17:25:49.159+0000] {logging_mixin.py:188} INFO - [2023-12-20T17:25:49.159+0000] {dag.py:3820} INFO - Setting next_dagrun for example_python_decorator to None, run_after=None
[2023-12-20T17:25:49.246+0000] {processor.py:183} INFO - Processing /home/airflow/.local/lib/python3.8/site-packages/airflow/example_dags/example_python_decorator.py took 1.218 seconds
[2023-12-20T17:26:19.618+0000] {processor.py:161} INFO - Started process (PID=92) to work on /home/airflow/.local/lib/python3.8/site-packages/airflow/example_dags/example_python_decorator.py
[2023-12-20T17:26:19.621+0000] {processor.py:830} INFO - Processing file /home/airflow/.local/lib/python3.8/site-packages/airflow/example_dags/example_python_decorator.py for tasks to queue
[2023-12-20T17:26:19.625+0000] {logging_mixin.py:188} INFO - [2023-12-20T17:26:19.624+0000] {dagbag.py:538} INFO - Filling up the DagBag from /home/airflow/.local/lib/python3.8/site-packages/airflow/example_dags/example_python_decorator.py
[2023-12-20T17:26:19.646+0000] {processor.py:840} INFO - DAG(s) 'example_python_decorator' retrieved from /home/airflow/.local/lib/python3.8/site-packages/airflow/example_dags/example_python_decorator.py
[2023-12-20T17:26:19.682+0000] {logging_mixin.py:188} INFO - [2023-12-20T17:26:19.682+0000] {dag.py:3033} INFO - Sync 1 DAGs
[2023-12-20T17:26:19.700+0000] {logging_mixin.py:188} INFO - [2023-12-20T17:26:19.700+0000] {dag.py:3820} INFO - Setting next_dagrun for example_python_decorator to None, run_after=None
[2023-12-20T17:26:19.737+0000] {processor.py:183} INFO - Processing /home/airflow/.local/lib/python3.8/site-packages/airflow/example_dags/example_python_decorator.py took 0.125 seconds
[2023-12-20T17:26:50.011+0000] {processor.py:161} INFO - Started process (PID=146) to work on /home/airflow/.local/lib/python3.8/site-packages/airflow/example_dags/example_python_decorator.py
[2023-12-20T17:26:50.013+0000] {processor.py:830} INFO - Processing file /home/airflow/.local/lib/python3.8/site-packages/airflow/example_dags/example_python_decorator.py for tasks to queue
[2023-12-20T17:26:50.018+0000] {logging_mixin.py:188} INFO - [2023-12-20T17:26:50.017+0000] {dagbag.py:538} INFO - Filling up the DagBag from /home/airflow/.local/lib/python3.8/site-packages/airflow/example_dags/example_python_decorator.py
[2023-12-20T17:26:50.035+0000] {processor.py:840} INFO - DAG(s) 'example_python_decorator' retrieved from /home/airflow/.local/lib/python3.8/site-packages/airflow/example_dags/example_python_decorator.py
[2023-12-20T17:26:50.069+0000] {logging_mixin.py:188} INFO - [2023-12-20T17:26:50.069+0000] {dag.py:3033} INFO - Sync 1 DAGs
[2023-12-20T17:26:50.087+0000] {logging_mixin.py:188} INFO - [2023-12-20T17:26:50.087+0000] {dag.py:3820} INFO - Setting next_dagrun for example_python_decorator to None, run_after=None
[2023-12-20T17:26:50.120+0000] {processor.py:183} INFO - Processing /home/airflow/.local/lib/python3.8/site-packages/airflow/example_dags/example_python_decorator.py took 0.120 seconds
[2023-12-20T17:27:20.615+0000] {processor.py:161} INFO - Started process (PID=201) to work on /home/airflow/.local/lib/python3.8/site-packages/airflow/example_dags/example_python_decorator.py
[2023-12-20T17:27:20.621+0000] {processor.py:830} INFO - Processing file /home/airflow/.local/lib/python3.8/site-packages/airflow/example_dags/example_python_decorator.py for tasks to queue
[2023-12-20T17:27:20.624+0000] {logging_mixin.py:188} INFO - [2023-12-20T17:27:20.624+0000] {dagbag.py:538} INFO - Filling up the DagBag from /home/airflow/.local/lib/python3.8/site-packages/airflow/example_dags/example_python_decorator.py
[2023-12-20T17:27:20.639+0000] {processor.py:840} INFO - DAG(s) 'example_python_decorator' retrieved from /home/airflow/.local/lib/python3.8/site-packages/airflow/example_dags/example_python_decorator.py
[2023-12-20T17:27:20.675+0000] {logging_mixin.py:188} INFO - [2023-12-20T17:27:20.675+0000] {dag.py:3033} INFO - Sync 1 DAGs
[2023-12-20T17:27:20.706+0000] {logging_mixin.py:188} INFO - [2023-12-20T17:27:20.705+0000] {dag.py:3820} INFO - Setting next_dagrun for example_python_decorator to None, run_after=None
[2023-12-20T17:27:20.748+0000] {processor.py:183} INFO - Processing /home/airflow/.local/lib/python3.8/site-packages/airflow/example_dags/example_python_decorator.py took 0.139 seconds
[2023-12-20T17:27:50.996+0000] {processor.py:161} INFO - Started process (PID=256) to work on /home/airflow/.local/lib/python3.8/site-packages/airflow/example_dags/example_python_decorator.py
[2023-12-20T17:27:50.997+0000] {processor.py:830} INFO - Processing file /home/airflow/.local/lib/python3.8/site-packages/airflow/example_dags/example_python_decorator.py for tasks to queue
[2023-12-20T17:27:51.000+0000] {logging_mixin.py:188} INFO - [2023-12-20T17:27:50.999+0000] {dagbag.py:538} INFO - Filling up the DagBag from /home/airflow/.local/lib/python3.8/site-packages/airflow/example_dags/example_python_decorator.py
[2023-12-20T17:27:51.011+0000] {processor.py:840} INFO - DAG(s) 'example_python_decorator' retrieved from /home/airflow/.local/lib/python3.8/site-packages/airflow/example_dags/example_python_decorator.py
[2023-12-20T17:27:51.051+0000] {logging_mixin.py:188} INFO - [2023-12-20T17:27:51.051+0000] {dag.py:3033} INFO - Sync 1 DAGs
[2023-12-20T17:27:51.072+0000] {logging_mixin.py:188} INFO - [2023-12-20T17:27:51.072+0000] {dag.py:3820} INFO - Setting next_dagrun for example_python_decorator to None, run_after=None
[2023-12-20T17:27:51.110+0000] {processor.py:183} INFO - Processing /home/airflow/.local/lib/python3.8/site-packages/airflow/example_dags/example_python_decorator.py took 0.119 seconds
[2023-12-20T17:28:21.677+0000] {processor.py:161} INFO - Started process (PID=310) to work on /home/airflow/.local/lib/python3.8/site-packages/airflow/example_dags/example_python_decorator.py
[2023-12-20T17:28:21.679+0000] {processor.py:830} INFO - Processing file /home/airflow/.local/lib/python3.8/site-packages/airflow/example_dags/example_python_decorator.py for tasks to queue
[2023-12-20T17:28:21.687+0000] {logging_mixin.py:188} INFO - [2023-12-20T17:28:21.686+0000] {dagbag.py:538} INFO - Filling up the DagBag from /home/airflow/.local/lib/python3.8/site-packages/airflow/example_dags/example_python_decorator.py
[2023-12-20T17:28:21.735+0000] {processor.py:840} INFO - DAG(s) 'example_python_decorator' retrieved from /home/airflow/.local/lib/python3.8/site-packages/airflow/example_dags/example_python_decorator.py
[2023-12-20T17:28:21.827+0000] {logging_mixin.py:188} INFO - [2023-12-20T17:28:21.827+0000] {dag.py:3033} INFO - Sync 1 DAGs
[2023-12-20T17:28:21.862+0000] {logging_mixin.py:188} INFO - [2023-12-20T17:28:21.862+0000] {dag.py:3820} INFO - Setting next_dagrun for example_python_decorator to None, run_after=None
[2023-12-20T17:28:21.922+0000] {processor.py:183} INFO - Processing /home/airflow/.local/lib/python3.8/site-packages/airflow/example_dags/example_python_decorator.py took 0.268 seconds
[2023-12-20T17:28:52.319+0000] {processor.py:161} INFO - Started process (PID=365) to work on /home/airflow/.local/lib/python3.8/site-packages/airflow/example_dags/example_python_decorator.py
[2023-12-20T17:28:52.331+0000] {processor.py:830} INFO - Processing file /home/airflow/.local/lib/python3.8/site-packages/airflow/example_dags/example_python_decorator.py for tasks to queue
[2023-12-20T17:28:52.334+0000] {logging_mixin.py:188} INFO - [2023-12-20T17:28:52.334+0000] {dagbag.py:538} INFO - Filling up the DagBag from /home/airflow/.local/lib/python3.8/site-packages/airflow/example_dags/example_python_decorator.py
[2023-12-20T17:28:52.389+0000] {processor.py:840} INFO - DAG(s) 'example_python_decorator' retrieved from /home/airflow/.local/lib/python3.8/site-packages/airflow/example_dags/example_python_decorator.py
[2023-12-20T17:28:52.580+0000] {logging_mixin.py:188} INFO - [2023-12-20T17:28:52.580+0000] {dag.py:3033} INFO - Sync 1 DAGs
[2023-12-20T17:28:52.691+0000] {logging_mixin.py:188} INFO - [2023-12-20T17:28:52.687+0000] {dag.py:3820} INFO - Setting next_dagrun for example_python_decorator to None, run_after=None
[2023-12-20T17:28:52.792+0000] {processor.py:183} INFO - Processing /home/airflow/.local/lib/python3.8/site-packages/airflow/example_dags/example_python_decorator.py took 0.495 seconds
[2023-12-20T17:29:23.294+0000] {processor.py:161} INFO - Started process (PID=420) to work on /home/airflow/.local/lib/python3.8/site-packages/airflow/example_dags/example_python_decorator.py
[2023-12-20T17:29:23.295+0000] {processor.py:830} INFO - Processing file /home/airflow/.local/lib/python3.8/site-packages/airflow/example_dags/example_python_decorator.py for tasks to queue
[2023-12-20T17:29:23.299+0000] {logging_mixin.py:188} INFO - [2023-12-20T17:29:23.298+0000] {dagbag.py:538} INFO - Filling up the DagBag from /home/airflow/.local/lib/python3.8/site-packages/airflow/example_dags/example_python_decorator.py
[2023-12-20T17:29:23.329+0000] {processor.py:840} INFO - DAG(s) 'example_python_decorator' retrieved from /home/airflow/.local/lib/python3.8/site-packages/airflow/example_dags/example_python_decorator.py
[2023-12-20T17:29:23.434+0000] {logging_mixin.py:188} INFO - [2023-12-20T17:29:23.434+0000] {dag.py:3033} INFO - Sync 1 DAGs
[2023-12-20T17:29:23.468+0000] {logging_mixin.py:188} INFO - [2023-12-20T17:29:23.468+0000] {dag.py:3820} INFO - Setting next_dagrun for example_python_decorator to None, run_after=None
[2023-12-20T17:29:23.545+0000] {processor.py:183} INFO - Processing /home/airflow/.local/lib/python3.8/site-packages/airflow/example_dags/example_python_decorator.py took 0.258 seconds
[2023-12-20T17:29:54.261+0000] {processor.py:161} INFO - Started process (PID=475) to work on /home/airflow/.local/lib/python3.8/site-packages/airflow/example_dags/example_python_decorator.py
[2023-12-20T17:29:54.266+0000] {processor.py:830} INFO - Processing file /home/airflow/.local/lib/python3.8/site-packages/airflow/example_dags/example_python_decorator.py for tasks to queue
[2023-12-20T17:29:54.275+0000] {logging_mixin.py:188} INFO - [2023-12-20T17:29:54.269+0000] {dagbag.py:538} INFO - Filling up the DagBag from /home/airflow/.local/lib/python3.8/site-packages/airflow/example_dags/example_python_decorator.py
[2023-12-20T17:29:54.315+0000] {processor.py:840} INFO - DAG(s) 'example_python_decorator' retrieved from /home/airflow/.local/lib/python3.8/site-packages/airflow/example_dags/example_python_decorator.py
[2023-12-20T17:29:54.364+0000] {logging_mixin.py:188} INFO - [2023-12-20T17:29:54.363+0000] {dag.py:3033} INFO - Sync 1 DAGs
[2023-12-20T17:29:54.390+0000] {logging_mixin.py:188} INFO - [2023-12-20T17:29:54.389+0000] {dag.py:3820} INFO - Setting next_dagrun for example_python_decorator to None, run_after=None
[2023-12-20T17:29:54.435+0000] {processor.py:183} INFO - Processing /home/airflow/.local/lib/python3.8/site-packages/airflow/example_dags/example_python_decorator.py took 0.181 seconds
[2023-12-20T17:30:24.785+0000] {processor.py:161} INFO - Started process (PID=530) to work on /home/airflow/.local/lib/python3.8/site-packages/airflow/example_dags/example_python_decorator.py
[2023-12-20T17:30:24.786+0000] {processor.py:830} INFO - Processing file /home/airflow/.local/lib/python3.8/site-packages/airflow/example_dags/example_python_decorator.py for tasks to queue
[2023-12-20T17:30:24.792+0000] {logging_mixin.py:188} INFO - [2023-12-20T17:30:24.791+0000] {dagbag.py:538} INFO - Filling up the DagBag from /home/airflow/.local/lib/python3.8/site-packages/airflow/example_dags/example_python_decorator.py
[2023-12-20T17:30:24.813+0000] {processor.py:840} INFO - DAG(s) 'example_python_decorator' retrieved from /home/airflow/.local/lib/python3.8/site-packages/airflow/example_dags/example_python_decorator.py
[2023-12-20T17:30:24.866+0000] {logging_mixin.py:188} INFO - [2023-12-20T17:30:24.866+0000] {dag.py:3033} INFO - Sync 1 DAGs
[2023-12-20T17:30:24.894+0000] {logging_mixin.py:188} INFO - [2023-12-20T17:30:24.894+0000] {dag.py:3820} INFO - Setting next_dagrun for example_python_decorator to None, run_after=None
[2023-12-20T17:30:24.984+0000] {processor.py:183} INFO - Processing /home/airflow/.local/lib/python3.8/site-packages/airflow/example_dags/example_python_decorator.py took 0.208 seconds
[2023-12-20T17:30:55.497+0000] {processor.py:161} INFO - Started process (PID=585) to work on /home/airflow/.local/lib/python3.8/site-packages/airflow/example_dags/example_python_decorator.py
[2023-12-20T17:30:55.501+0000] {processor.py:830} INFO - Processing file /home/airflow/.local/lib/python3.8/site-packages/airflow/example_dags/example_python_decorator.py for tasks to queue
[2023-12-20T17:30:55.506+0000] {logging_mixin.py:188} INFO - [2023-12-20T17:30:55.505+0000] {dagbag.py:538} INFO - Filling up the DagBag from /home/airflow/.local/lib/python3.8/site-packages/airflow/example_dags/example_python_decorator.py
[2023-12-20T17:30:55.531+0000] {processor.py:840} INFO - DAG(s) 'example_python_decorator' retrieved from /home/airflow/.local/lib/python3.8/site-packages/airflow/example_dags/example_python_decorator.py
[2023-12-20T17:30:55.582+0000] {logging_mixin.py:188} INFO - [2023-12-20T17:30:55.581+0000] {dag.py:3033} INFO - Sync 1 DAGs
[2023-12-20T17:30:55.682+0000] {logging_mixin.py:188} INFO - [2023-12-20T17:30:55.681+0000] {dag.py:3820} INFO - Setting next_dagrun for example_python_decorator to None, run_after=None
[2023-12-20T17:30:55.759+0000] {processor.py:183} INFO - Processing /home/airflow/.local/lib/python3.8/site-packages/airflow/example_dags/example_python_decorator.py took 0.269 seconds
[2023-12-20T17:31:26.632+0000] {processor.py:161} INFO - Started process (PID=639) to work on /home/airflow/.local/lib/python3.8/site-packages/airflow/example_dags/example_python_decorator.py
[2023-12-20T17:31:26.650+0000] {processor.py:830} INFO - Processing file /home/airflow/.local/lib/python3.8/site-packages/airflow/example_dags/example_python_decorator.py for tasks to queue
[2023-12-20T17:31:26.657+0000] {logging_mixin.py:188} INFO - [2023-12-20T17:31:26.657+0000] {dagbag.py:538} INFO - Filling up the DagBag from /home/airflow/.local/lib/python3.8/site-packages/airflow/example_dags/example_python_decorator.py
[2023-12-20T17:31:26.700+0000] {processor.py:840} INFO - DAG(s) 'example_python_decorator' retrieved from /home/airflow/.local/lib/python3.8/site-packages/airflow/example_dags/example_python_decorator.py
[2023-12-20T17:31:26.789+0000] {logging_mixin.py:188} INFO - [2023-12-20T17:31:26.788+0000] {dag.py:3033} INFO - Sync 1 DAGs
[2023-12-20T17:31:26.847+0000] {logging_mixin.py:188} INFO - [2023-12-20T17:31:26.847+0000] {dag.py:3820} INFO - Setting next_dagrun for example_python_decorator to None, run_after=None
[2023-12-20T17:31:26.896+0000] {processor.py:183} INFO - Processing /home/airflow/.local/lib/python3.8/site-packages/airflow/example_dags/example_python_decorator.py took 0.289 seconds
[2023-12-20T17:31:57.411+0000] {processor.py:161} INFO - Started process (PID=694) to work on /home/airflow/.local/lib/python3.8/site-packages/airflow/example_dags/example_python_decorator.py
[2023-12-20T17:31:57.414+0000] {processor.py:830} INFO - Processing file /home/airflow/.local/lib/python3.8/site-packages/airflow/example_dags/example_python_decorator.py for tasks to queue
[2023-12-20T17:31:57.418+0000] {logging_mixin.py:188} INFO - [2023-12-20T17:31:57.417+0000] {dagbag.py:538} INFO - Filling up the DagBag from /home/airflow/.local/lib/python3.8/site-packages/airflow/example_dags/example_python_decorator.py
[2023-12-20T17:31:57.444+0000] {processor.py:840} INFO - DAG(s) 'example_python_decorator' retrieved from /home/airflow/.local/lib/python3.8/site-packages/airflow/example_dags/example_python_decorator.py
[2023-12-20T17:31:57.519+0000] {logging_mixin.py:188} INFO - [2023-12-20T17:31:57.518+0000] {dag.py:3033} INFO - Sync 1 DAGs
[2023-12-20T17:31:57.558+0000] {logging_mixin.py:188} INFO - [2023-12-20T17:31:57.558+0000] {dag.py:3820} INFO - Setting next_dagrun for example_python_decorator to None, run_after=None
[2023-12-20T17:31:57.615+0000] {processor.py:183} INFO - Processing /home/airflow/.local/lib/python3.8/site-packages/airflow/example_dags/example_python_decorator.py took 0.212 seconds
[2023-12-20T17:32:28.259+0000] {processor.py:161} INFO - Started process (PID=749) to work on /home/airflow/.local/lib/python3.8/site-packages/airflow/example_dags/example_python_decorator.py
[2023-12-20T17:32:28.265+0000] {processor.py:830} INFO - Processing file /home/airflow/.local/lib/python3.8/site-packages/airflow/example_dags/example_python_decorator.py for tasks to queue
[2023-12-20T17:32:28.275+0000] {logging_mixin.py:188} INFO - [2023-12-20T17:32:28.274+0000] {dagbag.py:538} INFO - Filling up the DagBag from /home/airflow/.local/lib/python3.8/site-packages/airflow/example_dags/example_python_decorator.py
[2023-12-20T17:32:28.341+0000] {processor.py:840} INFO - DAG(s) 'example_python_decorator' retrieved from /home/airflow/.local/lib/python3.8/site-packages/airflow/example_dags/example_python_decorator.py
[2023-12-20T17:32:28.440+0000] {logging_mixin.py:188} INFO - [2023-12-20T17:32:28.440+0000] {dag.py:3033} INFO - Sync 1 DAGs
[2023-12-20T17:32:28.475+0000] {logging_mixin.py:188} INFO - [2023-12-20T17:32:28.475+0000] {dag.py:3820} INFO - Setting next_dagrun for example_python_decorator to None, run_after=None
[2023-12-20T17:32:28.534+0000] {processor.py:183} INFO - Processing /home/airflow/.local/lib/python3.8/site-packages/airflow/example_dags/example_python_decorator.py took 0.306 seconds
[2023-12-20T17:32:58.820+0000] {processor.py:161} INFO - Started process (PID=805) to work on /home/airflow/.local/lib/python3.8/site-packages/airflow/example_dags/example_python_decorator.py
[2023-12-20T17:32:58.821+0000] {processor.py:830} INFO - Processing file /home/airflow/.local/lib/python3.8/site-packages/airflow/example_dags/example_python_decorator.py for tasks to queue
[2023-12-20T17:32:58.827+0000] {logging_mixin.py:188} INFO - [2023-12-20T17:32:58.826+0000] {dagbag.py:538} INFO - Filling up the DagBag from /home/airflow/.local/lib/python3.8/site-packages/airflow/example_dags/example_python_decorator.py
[2023-12-20T17:32:58.848+0000] {processor.py:840} INFO - DAG(s) 'example_python_decorator' retrieved from /home/airflow/.local/lib/python3.8/site-packages/airflow/example_dags/example_python_decorator.py
[2023-12-20T17:32:58.998+0000] {logging_mixin.py:188} INFO - [2023-12-20T17:32:58.998+0000] {dag.py:3033} INFO - Sync 1 DAGs
[2023-12-20T17:32:59.068+0000] {logging_mixin.py:188} INFO - [2023-12-20T17:32:59.067+0000] {dag.py:3820} INFO - Setting next_dagrun for example_python_decorator to None, run_after=None
[2023-12-20T17:32:59.206+0000] {processor.py:183} INFO - Processing /home/airflow/.local/lib/python3.8/site-packages/airflow/example_dags/example_python_decorator.py took 0.391 seconds
[2023-12-20T17:33:29.904+0000] {processor.py:161} INFO - Started process (PID=860) to work on /home/airflow/.local/lib/python3.8/site-packages/airflow/example_dags/example_python_decorator.py
[2023-12-20T17:33:29.906+0000] {processor.py:830} INFO - Processing file /home/airflow/.local/lib/python3.8/site-packages/airflow/example_dags/example_python_decorator.py for tasks to queue
[2023-12-20T17:33:29.909+0000] {logging_mixin.py:188} INFO - [2023-12-20T17:33:29.909+0000] {dagbag.py:538} INFO - Filling up the DagBag from /home/airflow/.local/lib/python3.8/site-packages/airflow/example_dags/example_python_decorator.py
[2023-12-20T17:33:29.941+0000] {processor.py:840} INFO - DAG(s) 'example_python_decorator' retrieved from /home/airflow/.local/lib/python3.8/site-packages/airflow/example_dags/example_python_decorator.py
[2023-12-20T17:33:30.043+0000] {logging_mixin.py:188} INFO - [2023-12-20T17:33:30.039+0000] {dag.py:3033} INFO - Sync 1 DAGs
[2023-12-20T17:33:30.084+0000] {logging_mixin.py:188} INFO - [2023-12-20T17:33:30.084+0000] {dag.py:3820} INFO - Setting next_dagrun for example_python_decorator to None, run_after=None
[2023-12-20T17:33:30.152+0000] {processor.py:183} INFO - Processing /home/airflow/.local/lib/python3.8/site-packages/airflow/example_dags/example_python_decorator.py took 0.261 seconds
[2023-12-20T17:34:00.903+0000] {processor.py:161} INFO - Started process (PID=915) to work on /home/airflow/.local/lib/python3.8/site-packages/airflow/example_dags/example_python_decorator.py
[2023-12-20T17:34:00.905+0000] {processor.py:830} INFO - Processing file /home/airflow/.local/lib/python3.8/site-packages/airflow/example_dags/example_python_decorator.py for tasks to queue
[2023-12-20T17:34:00.908+0000] {logging_mixin.py:188} INFO - [2023-12-20T17:34:00.908+0000] {dagbag.py:538} INFO - Filling up the DagBag from /home/airflow/.local/lib/python3.8/site-packages/airflow/example_dags/example_python_decorator.py
[2023-12-20T17:34:00.929+0000] {processor.py:840} INFO - DAG(s) 'example_python_decorator' retrieved from /home/airflow/.local/lib/python3.8/site-packages/airflow/example_dags/example_python_decorator.py
[2023-12-20T17:34:00.974+0000] {logging_mixin.py:188} INFO - [2023-12-20T17:34:00.973+0000] {dag.py:3033} INFO - Sync 1 DAGs
[2023-12-20T17:34:00.997+0000] {logging_mixin.py:188} INFO - [2023-12-20T17:34:00.997+0000] {dag.py:3820} INFO - Setting next_dagrun for example_python_decorator to None, run_after=None
[2023-12-20T17:34:01.040+0000] {processor.py:183} INFO - Processing /home/airflow/.local/lib/python3.8/site-packages/airflow/example_dags/example_python_decorator.py took 0.143 seconds
[2023-12-20T17:34:31.427+0000] {processor.py:161} INFO - Started process (PID=970) to work on /home/airflow/.local/lib/python3.8/site-packages/airflow/example_dags/example_python_decorator.py
[2023-12-20T17:34:31.431+0000] {processor.py:830} INFO - Processing file /home/airflow/.local/lib/python3.8/site-packages/airflow/example_dags/example_python_decorator.py for tasks to queue
[2023-12-20T17:34:31.434+0000] {logging_mixin.py:188} INFO - [2023-12-20T17:34:31.434+0000] {dagbag.py:538} INFO - Filling up the DagBag from /home/airflow/.local/lib/python3.8/site-packages/airflow/example_dags/example_python_decorator.py
[2023-12-20T17:34:31.459+0000] {processor.py:840} INFO - DAG(s) 'example_python_decorator' retrieved from /home/airflow/.local/lib/python3.8/site-packages/airflow/example_dags/example_python_decorator.py
[2023-12-20T17:34:31.515+0000] {logging_mixin.py:188} INFO - [2023-12-20T17:34:31.514+0000] {dag.py:3033} INFO - Sync 1 DAGs
[2023-12-20T17:34:31.547+0000] {logging_mixin.py:188} INFO - [2023-12-20T17:34:31.547+0000] {dag.py:3820} INFO - Setting next_dagrun for example_python_decorator to None, run_after=None
[2023-12-20T17:34:31.614+0000] {processor.py:183} INFO - Processing /home/airflow/.local/lib/python3.8/site-packages/airflow/example_dags/example_python_decorator.py took 0.194 seconds
[2023-12-20T17:35:02.172+0000] {processor.py:161} INFO - Started process (PID=1024) to work on /home/airflow/.local/lib/python3.8/site-packages/airflow/example_dags/example_python_decorator.py
[2023-12-20T17:35:02.173+0000] {processor.py:830} INFO - Processing file /home/airflow/.local/lib/python3.8/site-packages/airflow/example_dags/example_python_decorator.py for tasks to queue
[2023-12-20T17:35:02.177+0000] {logging_mixin.py:188} INFO - [2023-12-20T17:35:02.177+0000] {dagbag.py:538} INFO - Filling up the DagBag from /home/airflow/.local/lib/python3.8/site-packages/airflow/example_dags/example_python_decorator.py
[2023-12-20T17:35:02.200+0000] {processor.py:840} INFO - DAG(s) 'example_python_decorator' retrieved from /home/airflow/.local/lib/python3.8/site-packages/airflow/example_dags/example_python_decorator.py
[2023-12-20T17:35:02.247+0000] {logging_mixin.py:188} INFO - [2023-12-20T17:35:02.246+0000] {dag.py:3033} INFO - Sync 1 DAGs
[2023-12-20T17:35:02.272+0000] {logging_mixin.py:188} INFO - [2023-12-20T17:35:02.271+0000] {dag.py:3820} INFO - Setting next_dagrun for example_python_decorator to None, run_after=None
[2023-12-20T17:35:02.315+0000] {processor.py:183} INFO - Processing /home/airflow/.local/lib/python3.8/site-packages/airflow/example_dags/example_python_decorator.py took 0.166 seconds
[2023-12-20T17:35:33.211+0000] {processor.py:161} INFO - Started process (PID=1079) to work on /home/airflow/.local/lib/python3.8/site-packages/airflow/example_dags/example_python_decorator.py
[2023-12-20T17:35:33.215+0000] {processor.py:830} INFO - Processing file /home/airflow/.local/lib/python3.8/site-packages/airflow/example_dags/example_python_decorator.py for tasks to queue
[2023-12-20T17:35:33.218+0000] {logging_mixin.py:188} INFO - [2023-12-20T17:35:33.218+0000] {dagbag.py:538} INFO - Filling up the DagBag from /home/airflow/.local/lib/python3.8/site-packages/airflow/example_dags/example_python_decorator.py
[2023-12-20T17:35:33.239+0000] {processor.py:840} INFO - DAG(s) 'example_python_decorator' retrieved from /home/airflow/.local/lib/python3.8/site-packages/airflow/example_dags/example_python_decorator.py
[2023-12-20T17:35:33.292+0000] {logging_mixin.py:188} INFO - [2023-12-20T17:35:33.292+0000] {dag.py:3033} INFO - Sync 1 DAGs
[2023-12-20T17:35:33.323+0000] {logging_mixin.py:188} INFO - [2023-12-20T17:35:33.323+0000] {dag.py:3820} INFO - Setting next_dagrun for example_python_decorator to None, run_after=None
[2023-12-20T17:35:33.369+0000] {processor.py:183} INFO - Processing /home/airflow/.local/lib/python3.8/site-packages/airflow/example_dags/example_python_decorator.py took 0.169 seconds
[2023-12-20T17:36:03.717+0000] {processor.py:161} INFO - Started process (PID=1134) to work on /home/airflow/.local/lib/python3.8/site-packages/airflow/example_dags/example_python_decorator.py
[2023-12-20T17:36:03.718+0000] {processor.py:830} INFO - Processing file /home/airflow/.local/lib/python3.8/site-packages/airflow/example_dags/example_python_decorator.py for tasks to queue
[2023-12-20T17:36:03.722+0000] {logging_mixin.py:188} INFO - [2023-12-20T17:36:03.721+0000] {dagbag.py:538} INFO - Filling up the DagBag from /home/airflow/.local/lib/python3.8/site-packages/airflow/example_dags/example_python_decorator.py
[2023-12-20T17:36:03.744+0000] {processor.py:840} INFO - DAG(s) 'example_python_decorator' retrieved from /home/airflow/.local/lib/python3.8/site-packages/airflow/example_dags/example_python_decorator.py
[2023-12-20T17:36:03.796+0000] {logging_mixin.py:188} INFO - [2023-12-20T17:36:03.796+0000] {dag.py:3033} INFO - Sync 1 DAGs
[2023-12-20T17:36:03.820+0000] {logging_mixin.py:188} INFO - [2023-12-20T17:36:03.820+0000] {dag.py:3820} INFO - Setting next_dagrun for example_python_decorator to None, run_after=None
[2023-12-20T17:36:03.860+0000] {processor.py:183} INFO - Processing /home/airflow/.local/lib/python3.8/site-packages/airflow/example_dags/example_python_decorator.py took 0.150 seconds
[2023-12-20T17:36:34.111+0000] {processor.py:161} INFO - Started process (PID=1189) to work on /home/airflow/.local/lib/python3.8/site-packages/airflow/example_dags/example_python_decorator.py
[2023-12-20T17:36:34.114+0000] {processor.py:830} INFO - Processing file /home/airflow/.local/lib/python3.8/site-packages/airflow/example_dags/example_python_decorator.py for tasks to queue
[2023-12-20T17:36:34.118+0000] {logging_mixin.py:188} INFO - [2023-12-20T17:36:34.118+0000] {dagbag.py:538} INFO - Filling up the DagBag from /home/airflow/.local/lib/python3.8/site-packages/airflow/example_dags/example_python_decorator.py
[2023-12-20T17:36:34.142+0000] {processor.py:840} INFO - DAG(s) 'example_python_decorator' retrieved from /home/airflow/.local/lib/python3.8/site-packages/airflow/example_dags/example_python_decorator.py
[2023-12-20T17:36:34.177+0000] {logging_mixin.py:188} INFO - [2023-12-20T17:36:34.177+0000] {dag.py:3033} INFO - Sync 1 DAGs
[2023-12-20T17:36:34.192+0000] {logging_mixin.py:188} INFO - [2023-12-20T17:36:34.191+0000] {dag.py:3820} INFO - Setting next_dagrun for example_python_decorator to None, run_after=None
[2023-12-20T17:36:34.223+0000] {processor.py:183} INFO - Processing /home/airflow/.local/lib/python3.8/site-packages/airflow/example_dags/example_python_decorator.py took 0.119 seconds
[2023-12-20T17:37:04.383+0000] {processor.py:161} INFO - Started process (PID=1243) to work on /home/airflow/.local/lib/python3.8/site-packages/airflow/example_dags/example_python_decorator.py
[2023-12-20T17:37:04.384+0000] {processor.py:830} INFO - Processing file /home/airflow/.local/lib/python3.8/site-packages/airflow/example_dags/example_python_decorator.py for tasks to queue
[2023-12-20T17:37:04.392+0000] {logging_mixin.py:188} INFO - [2023-12-20T17:37:04.392+0000] {dagbag.py:538} INFO - Filling up the DagBag from /home/airflow/.local/lib/python3.8/site-packages/airflow/example_dags/example_python_decorator.py
[2023-12-20T17:37:04.415+0000] {processor.py:840} INFO - DAG(s) 'example_python_decorator' retrieved from /home/airflow/.local/lib/python3.8/site-packages/airflow/example_dags/example_python_decorator.py
[2023-12-20T17:37:04.463+0000] {logging_mixin.py:188} INFO - [2023-12-20T17:37:04.462+0000] {dag.py:3033} INFO - Sync 1 DAGs
[2023-12-20T17:37:04.496+0000] {logging_mixin.py:188} INFO - [2023-12-20T17:37:04.496+0000] {dag.py:3820} INFO - Setting next_dagrun for example_python_decorator to None, run_after=None
[2023-12-20T17:37:04.534+0000] {processor.py:183} INFO - Processing /home/airflow/.local/lib/python3.8/site-packages/airflow/example_dags/example_python_decorator.py took 0.157 seconds
