[2023-12-20T17:20:59.587+0000] {processor.py:161} INFO - Started process (PID=329) to work on /home/airflow/.local/lib/python3.8/site-packages/airflow/example_dags/example_branch_operator_decorator.py
[2023-12-20T17:20:59.588+0000] {processor.py:830} INFO - Processing file /home/airflow/.local/lib/python3.8/site-packages/airflow/example_dags/example_branch_operator_decorator.py for tasks to queue
[2023-12-20T17:20:59.592+0000] {logging_mixin.py:188} INFO - [2023-12-20T17:20:59.591+0000] {dagbag.py:538} INFO - Filling up the DagBag from /home/airflow/.local/lib/python3.8/site-packages/airflow/example_dags/example_branch_operator_decorator.py
[2023-12-20T17:20:59.640+0000] {processor.py:840} INFO - DAG(s) 'example_branch_python_operator_decorator' retrieved from /home/airflow/.local/lib/python3.8/site-packages/airflow/example_dags/example_branch_operator_decorator.py
[2023-12-20T17:20:59.901+0000] {logging_mixin.py:188} INFO - [2023-12-20T17:20:59.900+0000] {dag.py:3033} INFO - Sync 1 DAGs
[2023-12-20T17:20:59.970+0000] {logging_mixin.py:188} INFO - [2023-12-20T17:20:59.970+0000] {dag.py:3820} INFO - Setting next_dagrun for example_branch_python_operator_decorator to 2023-12-19T00:00:00+00:00, run_after=2023-12-20T00:00:00+00:00
[2023-12-20T17:21:00.051+0000] {processor.py:183} INFO - Processing /home/airflow/.local/lib/python3.8/site-packages/airflow/example_dags/example_branch_operator_decorator.py took 0.472 seconds
[2023-12-20T17:21:30.610+0000] {processor.py:161} INFO - Started process (PID=576) to work on /home/airflow/.local/lib/python3.8/site-packages/airflow/example_dags/example_branch_operator_decorator.py
[2023-12-20T17:21:30.611+0000] {processor.py:830} INFO - Processing file /home/airflow/.local/lib/python3.8/site-packages/airflow/example_dags/example_branch_operator_decorator.py for tasks to queue
[2023-12-20T17:21:30.613+0000] {logging_mixin.py:188} INFO - [2023-12-20T17:21:30.612+0000] {dagbag.py:538} INFO - Filling up the DagBag from /home/airflow/.local/lib/python3.8/site-packages/airflow/example_dags/example_branch_operator_decorator.py
[2023-12-20T17:21:30.709+0000] {processor.py:840} INFO - DAG(s) 'example_branch_python_operator_decorator' retrieved from /home/airflow/.local/lib/python3.8/site-packages/airflow/example_dags/example_branch_operator_decorator.py
[2023-12-20T17:21:30.806+0000] {logging_mixin.py:188} INFO - [2023-12-20T17:21:30.805+0000] {dag.py:3033} INFO - Sync 1 DAGs
[2023-12-20T17:21:30.855+0000] {logging_mixin.py:188} INFO - [2023-12-20T17:21:30.855+0000] {dag.py:3820} INFO - Setting next_dagrun for example_branch_python_operator_decorator to 2023-12-19T00:00:00+00:00, run_after=2023-12-20T00:00:00+00:00
[2023-12-20T17:21:30.901+0000] {processor.py:183} INFO - Processing /home/airflow/.local/lib/python3.8/site-packages/airflow/example_dags/example_branch_operator_decorator.py took 0.297 seconds
[2023-12-20T17:22:01.910+0000] {processor.py:161} INFO - Started process (PID=824) to work on /home/airflow/.local/lib/python3.8/site-packages/airflow/example_dags/example_branch_operator_decorator.py
[2023-12-20T17:22:01.918+0000] {processor.py:830} INFO - Processing file /home/airflow/.local/lib/python3.8/site-packages/airflow/example_dags/example_branch_operator_decorator.py for tasks to queue
[2023-12-20T17:22:01.926+0000] {logging_mixin.py:188} INFO - [2023-12-20T17:22:01.925+0000] {dagbag.py:538} INFO - Filling up the DagBag from /home/airflow/.local/lib/python3.8/site-packages/airflow/example_dags/example_branch_operator_decorator.py
[2023-12-20T17:22:01.968+0000] {processor.py:840} INFO - DAG(s) 'example_branch_python_operator_decorator' retrieved from /home/airflow/.local/lib/python3.8/site-packages/airflow/example_dags/example_branch_operator_decorator.py
[2023-12-20T17:22:02.025+0000] {logging_mixin.py:188} INFO - [2023-12-20T17:22:02.023+0000] {dag.py:3033} INFO - Sync 1 DAGs
[2023-12-20T17:22:02.067+0000] {logging_mixin.py:188} INFO - [2023-12-20T17:22:02.066+0000] {dag.py:3820} INFO - Setting next_dagrun for example_branch_python_operator_decorator to 2023-12-19T00:00:00+00:00, run_after=2023-12-20T00:00:00+00:00
[2023-12-20T17:22:02.113+0000] {processor.py:183} INFO - Processing /home/airflow/.local/lib/python3.8/site-packages/airflow/example_dags/example_branch_operator_decorator.py took 0.209 seconds
[2023-12-20T17:22:32.691+0000] {processor.py:161} INFO - Started process (PID=1071) to work on /home/airflow/.local/lib/python3.8/site-packages/airflow/example_dags/example_branch_operator_decorator.py
[2023-12-20T17:22:32.699+0000] {processor.py:830} INFO - Processing file /home/airflow/.local/lib/python3.8/site-packages/airflow/example_dags/example_branch_operator_decorator.py for tasks to queue
[2023-12-20T17:22:32.700+0000] {logging_mixin.py:188} INFO - [2023-12-20T17:22:32.700+0000] {dagbag.py:538} INFO - Filling up the DagBag from /home/airflow/.local/lib/python3.8/site-packages/airflow/example_dags/example_branch_operator_decorator.py
[2023-12-20T17:22:32.740+0000] {processor.py:840} INFO - DAG(s) 'example_branch_python_operator_decorator' retrieved from /home/airflow/.local/lib/python3.8/site-packages/airflow/example_dags/example_branch_operator_decorator.py
[2023-12-20T17:22:32.791+0000] {logging_mixin.py:188} INFO - [2023-12-20T17:22:32.790+0000] {dag.py:3033} INFO - Sync 1 DAGs
[2023-12-20T17:22:32.841+0000] {logging_mixin.py:188} INFO - [2023-12-20T17:22:32.841+0000] {dag.py:3820} INFO - Setting next_dagrun for example_branch_python_operator_decorator to 2023-12-19T00:00:00+00:00, run_after=2023-12-20T00:00:00+00:00
[2023-12-20T17:22:32.870+0000] {processor.py:183} INFO - Processing /home/airflow/.local/lib/python3.8/site-packages/airflow/example_dags/example_branch_operator_decorator.py took 0.189 seconds
[2023-12-20T17:23:03.301+0000] {processor.py:161} INFO - Started process (PID=1318) to work on /home/airflow/.local/lib/python3.8/site-packages/airflow/example_dags/example_branch_operator_decorator.py
[2023-12-20T17:23:03.304+0000] {processor.py:830} INFO - Processing file /home/airflow/.local/lib/python3.8/site-packages/airflow/example_dags/example_branch_operator_decorator.py for tasks to queue
[2023-12-20T17:23:03.305+0000] {logging_mixin.py:188} INFO - [2023-12-20T17:23:03.305+0000] {dagbag.py:538} INFO - Filling up the DagBag from /home/airflow/.local/lib/python3.8/site-packages/airflow/example_dags/example_branch_operator_decorator.py
[2023-12-20T17:23:03.345+0000] {processor.py:840} INFO - DAG(s) 'example_branch_python_operator_decorator' retrieved from /home/airflow/.local/lib/python3.8/site-packages/airflow/example_dags/example_branch_operator_decorator.py
[2023-12-20T17:23:03.494+0000] {logging_mixin.py:188} INFO - [2023-12-20T17:23:03.494+0000] {dag.py:3033} INFO - Sync 1 DAGs
[2023-12-20T17:23:03.587+0000] {logging_mixin.py:188} INFO - [2023-12-20T17:23:03.587+0000] {dag.py:3820} INFO - Setting next_dagrun for example_branch_python_operator_decorator to 2023-12-19T00:00:00+00:00, run_after=2023-12-20T00:00:00+00:00
[2023-12-20T17:23:03.664+0000] {processor.py:183} INFO - Processing /home/airflow/.local/lib/python3.8/site-packages/airflow/example_dags/example_branch_operator_decorator.py took 0.370 seconds
[2023-12-20T17:23:34.150+0000] {processor.py:161} INFO - Started process (PID=1565) to work on /home/airflow/.local/lib/python3.8/site-packages/airflow/example_dags/example_branch_operator_decorator.py
[2023-12-20T17:23:34.158+0000] {processor.py:830} INFO - Processing file /home/airflow/.local/lib/python3.8/site-packages/airflow/example_dags/example_branch_operator_decorator.py for tasks to queue
[2023-12-20T17:23:34.160+0000] {logging_mixin.py:188} INFO - [2023-12-20T17:23:34.159+0000] {dagbag.py:538} INFO - Filling up the DagBag from /home/airflow/.local/lib/python3.8/site-packages/airflow/example_dags/example_branch_operator_decorator.py
[2023-12-20T17:23:34.204+0000] {processor.py:840} INFO - DAG(s) 'example_branch_python_operator_decorator' retrieved from /home/airflow/.local/lib/python3.8/site-packages/airflow/example_dags/example_branch_operator_decorator.py
[2023-12-20T17:23:34.244+0000] {logging_mixin.py:188} INFO - [2023-12-20T17:23:34.244+0000] {dag.py:3033} INFO - Sync 1 DAGs
[2023-12-20T17:23:34.284+0000] {logging_mixin.py:188} INFO - [2023-12-20T17:23:34.283+0000] {dag.py:3820} INFO - Setting next_dagrun for example_branch_python_operator_decorator to 2023-12-19T00:00:00+00:00, run_after=2023-12-20T00:00:00+00:00
[2023-12-20T17:23:34.306+0000] {processor.py:183} INFO - Processing /home/airflow/.local/lib/python3.8/site-packages/airflow/example_dags/example_branch_operator_decorator.py took 0.162 seconds
[2023-12-20T17:24:04.874+0000] {processor.py:161} INFO - Started process (PID=1812) to work on /home/airflow/.local/lib/python3.8/site-packages/airflow/example_dags/example_branch_operator_decorator.py
[2023-12-20T17:24:04.879+0000] {processor.py:830} INFO - Processing file /home/airflow/.local/lib/python3.8/site-packages/airflow/example_dags/example_branch_operator_decorator.py for tasks to queue
[2023-12-20T17:24:04.880+0000] {logging_mixin.py:188} INFO - [2023-12-20T17:24:04.880+0000] {dagbag.py:538} INFO - Filling up the DagBag from /home/airflow/.local/lib/python3.8/site-packages/airflow/example_dags/example_branch_operator_decorator.py
[2023-12-20T17:24:04.919+0000] {processor.py:840} INFO - DAG(s) 'example_branch_python_operator_decorator' retrieved from /home/airflow/.local/lib/python3.8/site-packages/airflow/example_dags/example_branch_operator_decorator.py
[2023-12-20T17:24:04.975+0000] {logging_mixin.py:188} INFO - [2023-12-20T17:24:04.975+0000] {dag.py:3033} INFO - Sync 1 DAGs
[2023-12-20T17:24:05.019+0000] {logging_mixin.py:188} INFO - [2023-12-20T17:24:05.019+0000] {dag.py:3820} INFO - Setting next_dagrun for example_branch_python_operator_decorator to 2023-12-19T00:00:00+00:00, run_after=2023-12-20T00:00:00+00:00
[2023-12-20T17:24:05.062+0000] {processor.py:183} INFO - Processing /home/airflow/.local/lib/python3.8/site-packages/airflow/example_dags/example_branch_operator_decorator.py took 0.196 seconds
[2023-12-20T17:24:35.394+0000] {processor.py:161} INFO - Started process (PID=2059) to work on /home/airflow/.local/lib/python3.8/site-packages/airflow/example_dags/example_branch_operator_decorator.py
[2023-12-20T17:24:35.402+0000] {processor.py:830} INFO - Processing file /home/airflow/.local/lib/python3.8/site-packages/airflow/example_dags/example_branch_operator_decorator.py for tasks to queue
[2023-12-20T17:24:35.405+0000] {logging_mixin.py:188} INFO - [2023-12-20T17:24:35.403+0000] {dagbag.py:538} INFO - Filling up the DagBag from /home/airflow/.local/lib/python3.8/site-packages/airflow/example_dags/example_branch_operator_decorator.py
[2023-12-20T17:24:35.487+0000] {processor.py:840} INFO - DAG(s) 'example_branch_python_operator_decorator' retrieved from /home/airflow/.local/lib/python3.8/site-packages/airflow/example_dags/example_branch_operator_decorator.py
[2023-12-20T17:24:35.604+0000] {logging_mixin.py:188} INFO - [2023-12-20T17:24:35.602+0000] {dag.py:3033} INFO - Sync 1 DAGs
[2023-12-20T17:24:35.709+0000] {logging_mixin.py:188} INFO - [2023-12-20T17:24:35.708+0000] {dag.py:3820} INFO - Setting next_dagrun for example_branch_python_operator_decorator to 2023-12-19T00:00:00+00:00, run_after=2023-12-20T00:00:00+00:00
[2023-12-20T17:24:35.868+0000] {processor.py:183} INFO - Processing /home/airflow/.local/lib/python3.8/site-packages/airflow/example_dags/example_branch_operator_decorator.py took 0.480 seconds
[2023-12-20T17:25:59.616+0000] {processor.py:161} INFO - Started process (PID=69) to work on /home/airflow/.local/lib/python3.8/site-packages/airflow/example_dags/example_branch_operator_decorator.py
[2023-12-20T17:25:59.617+0000] {processor.py:830} INFO - Processing file /home/airflow/.local/lib/python3.8/site-packages/airflow/example_dags/example_branch_operator_decorator.py for tasks to queue
[2023-12-20T17:25:59.621+0000] {logging_mixin.py:188} INFO - [2023-12-20T17:25:59.620+0000] {dagbag.py:538} INFO - Filling up the DagBag from /home/airflow/.local/lib/python3.8/site-packages/airflow/example_dags/example_branch_operator_decorator.py
[2023-12-20T17:25:59.659+0000] {processor.py:840} INFO - DAG(s) 'example_branch_python_operator_decorator' retrieved from /home/airflow/.local/lib/python3.8/site-packages/airflow/example_dags/example_branch_operator_decorator.py
[2023-12-20T17:25:59.876+0000] {logging_mixin.py:188} INFO - [2023-12-20T17:25:59.876+0000] {dag.py:3033} INFO - Sync 1 DAGs
[2023-12-20T17:25:59.925+0000] {logging_mixin.py:188} INFO - [2023-12-20T17:25:59.925+0000] {dag.py:3820} INFO - Setting next_dagrun for example_branch_python_operator_decorator to 2023-12-19T00:00:00+00:00, run_after=2023-12-20T00:00:00+00:00
[2023-12-20T17:25:59.954+0000] {processor.py:183} INFO - Processing /home/airflow/.local/lib/python3.8/site-packages/airflow/example_dags/example_branch_operator_decorator.py took 0.347 seconds
[2023-12-20T17:26:30.402+0000] {processor.py:161} INFO - Started process (PID=123) to work on /home/airflow/.local/lib/python3.8/site-packages/airflow/example_dags/example_branch_operator_decorator.py
[2023-12-20T17:26:30.412+0000] {processor.py:830} INFO - Processing file /home/airflow/.local/lib/python3.8/site-packages/airflow/example_dags/example_branch_operator_decorator.py for tasks to queue
[2023-12-20T17:26:30.416+0000] {logging_mixin.py:188} INFO - [2023-12-20T17:26:30.416+0000] {dagbag.py:538} INFO - Filling up the DagBag from /home/airflow/.local/lib/python3.8/site-packages/airflow/example_dags/example_branch_operator_decorator.py
[2023-12-20T17:26:30.478+0000] {processor.py:840} INFO - DAG(s) 'example_branch_python_operator_decorator' retrieved from /home/airflow/.local/lib/python3.8/site-packages/airflow/example_dags/example_branch_operator_decorator.py
[2023-12-20T17:26:30.570+0000] {logging_mixin.py:188} INFO - [2023-12-20T17:26:30.569+0000] {dag.py:3033} INFO - Sync 1 DAGs
[2023-12-20T17:26:30.612+0000] {logging_mixin.py:188} INFO - [2023-12-20T17:26:30.611+0000] {dag.py:3820} INFO - Setting next_dagrun for example_branch_python_operator_decorator to 2023-12-19T00:00:00+00:00, run_after=2023-12-20T00:00:00+00:00
[2023-12-20T17:26:30.664+0000] {processor.py:183} INFO - Processing /home/airflow/.local/lib/python3.8/site-packages/airflow/example_dags/example_branch_operator_decorator.py took 0.268 seconds
[2023-12-20T17:27:01.252+0000] {processor.py:161} INFO - Started process (PID=177) to work on /home/airflow/.local/lib/python3.8/site-packages/airflow/example_dags/example_branch_operator_decorator.py
[2023-12-20T17:27:01.253+0000] {processor.py:830} INFO - Processing file /home/airflow/.local/lib/python3.8/site-packages/airflow/example_dags/example_branch_operator_decorator.py for tasks to queue
[2023-12-20T17:27:01.257+0000] {logging_mixin.py:188} INFO - [2023-12-20T17:27:01.256+0000] {dagbag.py:538} INFO - Filling up the DagBag from /home/airflow/.local/lib/python3.8/site-packages/airflow/example_dags/example_branch_operator_decorator.py
[2023-12-20T17:27:01.300+0000] {processor.py:840} INFO - DAG(s) 'example_branch_python_operator_decorator' retrieved from /home/airflow/.local/lib/python3.8/site-packages/airflow/example_dags/example_branch_operator_decorator.py
[2023-12-20T17:27:01.373+0000] {logging_mixin.py:188} INFO - [2023-12-20T17:27:01.372+0000] {dag.py:3033} INFO - Sync 1 DAGs
[2023-12-20T17:27:01.419+0000] {logging_mixin.py:188} INFO - [2023-12-20T17:27:01.419+0000] {dag.py:3820} INFO - Setting next_dagrun for example_branch_python_operator_decorator to 2023-12-19T00:00:00+00:00, run_after=2023-12-20T00:00:00+00:00
[2023-12-20T17:27:01.444+0000] {processor.py:183} INFO - Processing /home/airflow/.local/lib/python3.8/site-packages/airflow/example_dags/example_branch_operator_decorator.py took 0.198 seconds
[2023-12-20T17:27:31.964+0000] {processor.py:161} INFO - Started process (PID=232) to work on /home/airflow/.local/lib/python3.8/site-packages/airflow/example_dags/example_branch_operator_decorator.py
[2023-12-20T17:27:31.965+0000] {processor.py:830} INFO - Processing file /home/airflow/.local/lib/python3.8/site-packages/airflow/example_dags/example_branch_operator_decorator.py for tasks to queue
[2023-12-20T17:27:31.969+0000] {logging_mixin.py:188} INFO - [2023-12-20T17:27:31.968+0000] {dagbag.py:538} INFO - Filling up the DagBag from /home/airflow/.local/lib/python3.8/site-packages/airflow/example_dags/example_branch_operator_decorator.py
[2023-12-20T17:27:32.002+0000] {processor.py:840} INFO - DAG(s) 'example_branch_python_operator_decorator' retrieved from /home/airflow/.local/lib/python3.8/site-packages/airflow/example_dags/example_branch_operator_decorator.py
[2023-12-20T17:27:32.051+0000] {logging_mixin.py:188} INFO - [2023-12-20T17:27:32.051+0000] {dag.py:3033} INFO - Sync 1 DAGs
[2023-12-20T17:27:32.088+0000] {logging_mixin.py:188} INFO - [2023-12-20T17:27:32.088+0000] {dag.py:3820} INFO - Setting next_dagrun for example_branch_python_operator_decorator to 2023-12-19T00:00:00+00:00, run_after=2023-12-20T00:00:00+00:00
[2023-12-20T17:27:32.112+0000] {processor.py:183} INFO - Processing /home/airflow/.local/lib/python3.8/site-packages/airflow/example_dags/example_branch_operator_decorator.py took 0.154 seconds
[2023-12-20T17:28:02.338+0000] {processor.py:161} INFO - Started process (PID=287) to work on /home/airflow/.local/lib/python3.8/site-packages/airflow/example_dags/example_branch_operator_decorator.py
[2023-12-20T17:28:02.346+0000] {processor.py:830} INFO - Processing file /home/airflow/.local/lib/python3.8/site-packages/airflow/example_dags/example_branch_operator_decorator.py for tasks to queue
[2023-12-20T17:28:02.351+0000] {logging_mixin.py:188} INFO - [2023-12-20T17:28:02.351+0000] {dagbag.py:538} INFO - Filling up the DagBag from /home/airflow/.local/lib/python3.8/site-packages/airflow/example_dags/example_branch_operator_decorator.py
[2023-12-20T17:28:02.403+0000] {processor.py:840} INFO - DAG(s) 'example_branch_python_operator_decorator' retrieved from /home/airflow/.local/lib/python3.8/site-packages/airflow/example_dags/example_branch_operator_decorator.py
[2023-12-20T17:28:02.483+0000] {logging_mixin.py:188} INFO - [2023-12-20T17:28:02.483+0000] {dag.py:3033} INFO - Sync 1 DAGs
[2023-12-20T17:28:02.542+0000] {logging_mixin.py:188} INFO - [2023-12-20T17:28:02.540+0000] {dag.py:3820} INFO - Setting next_dagrun for example_branch_python_operator_decorator to 2023-12-19T00:00:00+00:00, run_after=2023-12-20T00:00:00+00:00
[2023-12-20T17:28:02.591+0000] {processor.py:183} INFO - Processing /home/airflow/.local/lib/python3.8/site-packages/airflow/example_dags/example_branch_operator_decorator.py took 0.261 seconds
[2023-12-20T17:28:32.801+0000] {processor.py:161} INFO - Started process (PID=341) to work on /home/airflow/.local/lib/python3.8/site-packages/airflow/example_dags/example_branch_operator_decorator.py
[2023-12-20T17:28:32.803+0000] {processor.py:830} INFO - Processing file /home/airflow/.local/lib/python3.8/site-packages/airflow/example_dags/example_branch_operator_decorator.py for tasks to queue
[2023-12-20T17:28:32.808+0000] {logging_mixin.py:188} INFO - [2023-12-20T17:28:32.807+0000] {dagbag.py:538} INFO - Filling up the DagBag from /home/airflow/.local/lib/python3.8/site-packages/airflow/example_dags/example_branch_operator_decorator.py
[2023-12-20T17:28:32.844+0000] {processor.py:840} INFO - DAG(s) 'example_branch_python_operator_decorator' retrieved from /home/airflow/.local/lib/python3.8/site-packages/airflow/example_dags/example_branch_operator_decorator.py
[2023-12-20T17:28:32.906+0000] {logging_mixin.py:188} INFO - [2023-12-20T17:28:32.906+0000] {dag.py:3033} INFO - Sync 1 DAGs
[2023-12-20T17:28:32.969+0000] {logging_mixin.py:188} INFO - [2023-12-20T17:28:32.969+0000] {dag.py:3820} INFO - Setting next_dagrun for example_branch_python_operator_decorator to 2023-12-19T00:00:00+00:00, run_after=2023-12-20T00:00:00+00:00
[2023-12-20T17:28:33.025+0000] {processor.py:183} INFO - Processing /home/airflow/.local/lib/python3.8/site-packages/airflow/example_dags/example_branch_operator_decorator.py took 0.230 seconds
[2023-12-20T17:29:03.729+0000] {processor.py:161} INFO - Started process (PID=396) to work on /home/airflow/.local/lib/python3.8/site-packages/airflow/example_dags/example_branch_operator_decorator.py
[2023-12-20T17:29:03.730+0000] {processor.py:830} INFO - Processing file /home/airflow/.local/lib/python3.8/site-packages/airflow/example_dags/example_branch_operator_decorator.py for tasks to queue
[2023-12-20T17:29:03.734+0000] {logging_mixin.py:188} INFO - [2023-12-20T17:29:03.733+0000] {dagbag.py:538} INFO - Filling up the DagBag from /home/airflow/.local/lib/python3.8/site-packages/airflow/example_dags/example_branch_operator_decorator.py
[2023-12-20T17:29:03.773+0000] {processor.py:840} INFO - DAG(s) 'example_branch_python_operator_decorator' retrieved from /home/airflow/.local/lib/python3.8/site-packages/airflow/example_dags/example_branch_operator_decorator.py
[2023-12-20T17:29:03.836+0000] {logging_mixin.py:188} INFO - [2023-12-20T17:29:03.836+0000] {dag.py:3033} INFO - Sync 1 DAGs
[2023-12-20T17:29:03.888+0000] {logging_mixin.py:188} INFO - [2023-12-20T17:29:03.888+0000] {dag.py:3820} INFO - Setting next_dagrun for example_branch_python_operator_decorator to 2023-12-19T00:00:00+00:00, run_after=2023-12-20T00:00:00+00:00
[2023-12-20T17:29:03.924+0000] {processor.py:183} INFO - Processing /home/airflow/.local/lib/python3.8/site-packages/airflow/example_dags/example_branch_operator_decorator.py took 0.203 seconds
[2023-12-20T17:29:34.266+0000] {processor.py:161} INFO - Started process (PID=451) to work on /home/airflow/.local/lib/python3.8/site-packages/airflow/example_dags/example_branch_operator_decorator.py
[2023-12-20T17:29:34.267+0000] {processor.py:830} INFO - Processing file /home/airflow/.local/lib/python3.8/site-packages/airflow/example_dags/example_branch_operator_decorator.py for tasks to queue
[2023-12-20T17:29:34.270+0000] {logging_mixin.py:188} INFO - [2023-12-20T17:29:34.270+0000] {dagbag.py:538} INFO - Filling up the DagBag from /home/airflow/.local/lib/python3.8/site-packages/airflow/example_dags/example_branch_operator_decorator.py
[2023-12-20T17:29:34.310+0000] {processor.py:840} INFO - DAG(s) 'example_branch_python_operator_decorator' retrieved from /home/airflow/.local/lib/python3.8/site-packages/airflow/example_dags/example_branch_operator_decorator.py
[2023-12-20T17:29:34.365+0000] {logging_mixin.py:188} INFO - [2023-12-20T17:29:34.364+0000] {dag.py:3033} INFO - Sync 1 DAGs
[2023-12-20T17:29:34.413+0000] {logging_mixin.py:188} INFO - [2023-12-20T17:29:34.412+0000] {dag.py:3820} INFO - Setting next_dagrun for example_branch_python_operator_decorator to 2023-12-19T00:00:00+00:00, run_after=2023-12-20T00:00:00+00:00
[2023-12-20T17:29:34.447+0000] {processor.py:183} INFO - Processing /home/airflow/.local/lib/python3.8/site-packages/airflow/example_dags/example_branch_operator_decorator.py took 0.186 seconds
[2023-12-20T17:30:06.024+0000] {processor.py:161} INFO - Started process (PID=506) to work on /home/airflow/.local/lib/python3.8/site-packages/airflow/example_dags/example_branch_operator_decorator.py
[2023-12-20T17:30:06.038+0000] {processor.py:830} INFO - Processing file /home/airflow/.local/lib/python3.8/site-packages/airflow/example_dags/example_branch_operator_decorator.py for tasks to queue
[2023-12-20T17:30:06.041+0000] {logging_mixin.py:188} INFO - [2023-12-20T17:30:06.041+0000] {dagbag.py:538} INFO - Filling up the DagBag from /home/airflow/.local/lib/python3.8/site-packages/airflow/example_dags/example_branch_operator_decorator.py
[2023-12-20T17:30:06.193+0000] {processor.py:840} INFO - DAG(s) 'example_branch_python_operator_decorator' retrieved from /home/airflow/.local/lib/python3.8/site-packages/airflow/example_dags/example_branch_operator_decorator.py
[2023-12-20T17:30:06.404+0000] {logging_mixin.py:188} INFO - [2023-12-20T17:30:06.403+0000] {dag.py:3033} INFO - Sync 1 DAGs
[2023-12-20T17:30:06.548+0000] {logging_mixin.py:188} INFO - [2023-12-20T17:30:06.547+0000] {dag.py:3820} INFO - Setting next_dagrun for example_branch_python_operator_decorator to 2023-12-19T00:00:00+00:00, run_after=2023-12-20T00:00:00+00:00
[2023-12-20T17:30:06.677+0000] {processor.py:183} INFO - Processing /home/airflow/.local/lib/python3.8/site-packages/airflow/example_dags/example_branch_operator_decorator.py took 0.678 seconds
[2023-12-20T17:30:36.851+0000] {processor.py:161} INFO - Started process (PID=561) to work on /home/airflow/.local/lib/python3.8/site-packages/airflow/example_dags/example_branch_operator_decorator.py
[2023-12-20T17:30:36.852+0000] {processor.py:830} INFO - Processing file /home/airflow/.local/lib/python3.8/site-packages/airflow/example_dags/example_branch_operator_decorator.py for tasks to queue
[2023-12-20T17:30:36.855+0000] {logging_mixin.py:188} INFO - [2023-12-20T17:30:36.854+0000] {dagbag.py:538} INFO - Filling up the DagBag from /home/airflow/.local/lib/python3.8/site-packages/airflow/example_dags/example_branch_operator_decorator.py
[2023-12-20T17:30:36.895+0000] {processor.py:840} INFO - DAG(s) 'example_branch_python_operator_decorator' retrieved from /home/airflow/.local/lib/python3.8/site-packages/airflow/example_dags/example_branch_operator_decorator.py
[2023-12-20T17:30:37.000+0000] {logging_mixin.py:188} INFO - [2023-12-20T17:30:36.999+0000] {dag.py:3033} INFO - Sync 1 DAGs
[2023-12-20T17:30:37.074+0000] {logging_mixin.py:188} INFO - [2023-12-20T17:30:37.074+0000] {dag.py:3820} INFO - Setting next_dagrun for example_branch_python_operator_decorator to 2023-12-19T00:00:00+00:00, run_after=2023-12-20T00:00:00+00:00
[2023-12-20T17:30:37.159+0000] {processor.py:183} INFO - Processing /home/airflow/.local/lib/python3.8/site-packages/airflow/example_dags/example_branch_operator_decorator.py took 0.316 seconds
[2023-12-20T17:31:07.360+0000] {processor.py:161} INFO - Started process (PID=616) to work on /home/airflow/.local/lib/python3.8/site-packages/airflow/example_dags/example_branch_operator_decorator.py
[2023-12-20T17:31:07.361+0000] {processor.py:830} INFO - Processing file /home/airflow/.local/lib/python3.8/site-packages/airflow/example_dags/example_branch_operator_decorator.py for tasks to queue
[2023-12-20T17:31:07.365+0000] {logging_mixin.py:188} INFO - [2023-12-20T17:31:07.365+0000] {dagbag.py:538} INFO - Filling up the DagBag from /home/airflow/.local/lib/python3.8/site-packages/airflow/example_dags/example_branch_operator_decorator.py
[2023-12-20T17:31:07.429+0000] {processor.py:840} INFO - DAG(s) 'example_branch_python_operator_decorator' retrieved from /home/airflow/.local/lib/python3.8/site-packages/airflow/example_dags/example_branch_operator_decorator.py
[2023-12-20T17:31:07.502+0000] {logging_mixin.py:188} INFO - [2023-12-20T17:31:07.502+0000] {dag.py:3033} INFO - Sync 1 DAGs
[2023-12-20T17:31:07.558+0000] {logging_mixin.py:188} INFO - [2023-12-20T17:31:07.557+0000] {dag.py:3820} INFO - Setting next_dagrun for example_branch_python_operator_decorator to 2023-12-19T00:00:00+00:00, run_after=2023-12-20T00:00:00+00:00
[2023-12-20T17:31:07.609+0000] {processor.py:183} INFO - Processing /home/airflow/.local/lib/python3.8/site-packages/airflow/example_dags/example_branch_operator_decorator.py took 0.264 seconds
[2023-12-20T17:31:38.397+0000] {processor.py:161} INFO - Started process (PID=670) to work on /home/airflow/.local/lib/python3.8/site-packages/airflow/example_dags/example_branch_operator_decorator.py
[2023-12-20T17:31:38.401+0000] {processor.py:830} INFO - Processing file /home/airflow/.local/lib/python3.8/site-packages/airflow/example_dags/example_branch_operator_decorator.py for tasks to queue
[2023-12-20T17:31:38.408+0000] {logging_mixin.py:188} INFO - [2023-12-20T17:31:38.407+0000] {dagbag.py:538} INFO - Filling up the DagBag from /home/airflow/.local/lib/python3.8/site-packages/airflow/example_dags/example_branch_operator_decorator.py
[2023-12-20T17:31:38.456+0000] {processor.py:840} INFO - DAG(s) 'example_branch_python_operator_decorator' retrieved from /home/airflow/.local/lib/python3.8/site-packages/airflow/example_dags/example_branch_operator_decorator.py
[2023-12-20T17:31:38.516+0000] {logging_mixin.py:188} INFO - [2023-12-20T17:31:38.515+0000] {dag.py:3033} INFO - Sync 1 DAGs
[2023-12-20T17:31:38.573+0000] {logging_mixin.py:188} INFO - [2023-12-20T17:31:38.572+0000] {dag.py:3820} INFO - Setting next_dagrun for example_branch_python_operator_decorator to 2023-12-19T00:00:00+00:00, run_after=2023-12-20T00:00:00+00:00
[2023-12-20T17:31:38.622+0000] {processor.py:183} INFO - Processing /home/airflow/.local/lib/python3.8/site-packages/airflow/example_dags/example_branch_operator_decorator.py took 0.233 seconds
[2023-12-20T17:32:09.313+0000] {processor.py:161} INFO - Started process (PID=725) to work on /home/airflow/.local/lib/python3.8/site-packages/airflow/example_dags/example_branch_operator_decorator.py
[2023-12-20T17:32:09.315+0000] {processor.py:830} INFO - Processing file /home/airflow/.local/lib/python3.8/site-packages/airflow/example_dags/example_branch_operator_decorator.py for tasks to queue
[2023-12-20T17:32:09.319+0000] {logging_mixin.py:188} INFO - [2023-12-20T17:32:09.319+0000] {dagbag.py:538} INFO - Filling up the DagBag from /home/airflow/.local/lib/python3.8/site-packages/airflow/example_dags/example_branch_operator_decorator.py
[2023-12-20T17:32:09.362+0000] {processor.py:840} INFO - DAG(s) 'example_branch_python_operator_decorator' retrieved from /home/airflow/.local/lib/python3.8/site-packages/airflow/example_dags/example_branch_operator_decorator.py
[2023-12-20T17:32:09.410+0000] {logging_mixin.py:188} INFO - [2023-12-20T17:32:09.410+0000] {dag.py:3033} INFO - Sync 1 DAGs
[2023-12-20T17:32:09.452+0000] {logging_mixin.py:188} INFO - [2023-12-20T17:32:09.452+0000] {dag.py:3820} INFO - Setting next_dagrun for example_branch_python_operator_decorator to 2023-12-19T00:00:00+00:00, run_after=2023-12-20T00:00:00+00:00
[2023-12-20T17:32:09.493+0000] {processor.py:183} INFO - Processing /home/airflow/.local/lib/python3.8/site-packages/airflow/example_dags/example_branch_operator_decorator.py took 0.187 seconds
[2023-12-20T17:32:39.867+0000] {processor.py:161} INFO - Started process (PID=780) to work on /home/airflow/.local/lib/python3.8/site-packages/airflow/example_dags/example_branch_operator_decorator.py
[2023-12-20T17:32:39.869+0000] {processor.py:830} INFO - Processing file /home/airflow/.local/lib/python3.8/site-packages/airflow/example_dags/example_branch_operator_decorator.py for tasks to queue
[2023-12-20T17:32:39.873+0000] {logging_mixin.py:188} INFO - [2023-12-20T17:32:39.872+0000] {dagbag.py:538} INFO - Filling up the DagBag from /home/airflow/.local/lib/python3.8/site-packages/airflow/example_dags/example_branch_operator_decorator.py
[2023-12-20T17:32:39.969+0000] {processor.py:840} INFO - DAG(s) 'example_branch_python_operator_decorator' retrieved from /home/airflow/.local/lib/python3.8/site-packages/airflow/example_dags/example_branch_operator_decorator.py
[2023-12-20T17:32:40.020+0000] {logging_mixin.py:188} INFO - [2023-12-20T17:32:40.020+0000] {dag.py:3033} INFO - Sync 1 DAGs
[2023-12-20T17:32:40.066+0000] {logging_mixin.py:188} INFO - [2023-12-20T17:32:40.065+0000] {dag.py:3820} INFO - Setting next_dagrun for example_branch_python_operator_decorator to 2023-12-19T00:00:00+00:00, run_after=2023-12-20T00:00:00+00:00
[2023-12-20T17:32:40.109+0000] {processor.py:183} INFO - Processing /home/airflow/.local/lib/python3.8/site-packages/airflow/example_dags/example_branch_operator_decorator.py took 0.248 seconds
[2023-12-20T17:33:10.853+0000] {processor.py:161} INFO - Started process (PID=836) to work on /home/airflow/.local/lib/python3.8/site-packages/airflow/example_dags/example_branch_operator_decorator.py
[2023-12-20T17:33:10.855+0000] {processor.py:830} INFO - Processing file /home/airflow/.local/lib/python3.8/site-packages/airflow/example_dags/example_branch_operator_decorator.py for tasks to queue
[2023-12-20T17:33:10.862+0000] {logging_mixin.py:188} INFO - [2023-12-20T17:33:10.862+0000] {dagbag.py:538} INFO - Filling up the DagBag from /home/airflow/.local/lib/python3.8/site-packages/airflow/example_dags/example_branch_operator_decorator.py
[2023-12-20T17:33:10.908+0000] {processor.py:840} INFO - DAG(s) 'example_branch_python_operator_decorator' retrieved from /home/airflow/.local/lib/python3.8/site-packages/airflow/example_dags/example_branch_operator_decorator.py
[2023-12-20T17:33:10.953+0000] {logging_mixin.py:188} INFO - [2023-12-20T17:33:10.953+0000] {dag.py:3033} INFO - Sync 1 DAGs
[2023-12-20T17:33:11.000+0000] {logging_mixin.py:188} INFO - [2023-12-20T17:33:10.999+0000] {dag.py:3820} INFO - Setting next_dagrun for example_branch_python_operator_decorator to 2023-12-19T00:00:00+00:00, run_after=2023-12-20T00:00:00+00:00
[2023-12-20T17:33:11.044+0000] {processor.py:183} INFO - Processing /home/airflow/.local/lib/python3.8/site-packages/airflow/example_dags/example_branch_operator_decorator.py took 0.201 seconds
[2023-12-20T17:33:41.487+0000] {processor.py:161} INFO - Started process (PID=891) to work on /home/airflow/.local/lib/python3.8/site-packages/airflow/example_dags/example_branch_operator_decorator.py
[2023-12-20T17:33:41.492+0000] {processor.py:830} INFO - Processing file /home/airflow/.local/lib/python3.8/site-packages/airflow/example_dags/example_branch_operator_decorator.py for tasks to queue
[2023-12-20T17:33:41.496+0000] {logging_mixin.py:188} INFO - [2023-12-20T17:33:41.495+0000] {dagbag.py:538} INFO - Filling up the DagBag from /home/airflow/.local/lib/python3.8/site-packages/airflow/example_dags/example_branch_operator_decorator.py
[2023-12-20T17:33:41.532+0000] {processor.py:840} INFO - DAG(s) 'example_branch_python_operator_decorator' retrieved from /home/airflow/.local/lib/python3.8/site-packages/airflow/example_dags/example_branch_operator_decorator.py
[2023-12-20T17:33:41.604+0000] {logging_mixin.py:188} INFO - [2023-12-20T17:33:41.603+0000] {dag.py:3033} INFO - Sync 1 DAGs
[2023-12-20T17:33:41.675+0000] {logging_mixin.py:188} INFO - [2023-12-20T17:33:41.674+0000] {dag.py:3820} INFO - Setting next_dagrun for example_branch_python_operator_decorator to 2023-12-19T00:00:00+00:00, run_after=2023-12-20T00:00:00+00:00
[2023-12-20T17:33:41.727+0000] {processor.py:183} INFO - Processing /home/airflow/.local/lib/python3.8/site-packages/airflow/example_dags/example_branch_operator_decorator.py took 0.247 seconds
[2023-12-20T17:34:12.453+0000] {processor.py:161} INFO - Started process (PID=946) to work on /home/airflow/.local/lib/python3.8/site-packages/airflow/example_dags/example_branch_operator_decorator.py
[2023-12-20T17:34:12.454+0000] {processor.py:830} INFO - Processing file /home/airflow/.local/lib/python3.8/site-packages/airflow/example_dags/example_branch_operator_decorator.py for tasks to queue
[2023-12-20T17:34:12.463+0000] {logging_mixin.py:188} INFO - [2023-12-20T17:34:12.462+0000] {dagbag.py:538} INFO - Filling up the DagBag from /home/airflow/.local/lib/python3.8/site-packages/airflow/example_dags/example_branch_operator_decorator.py
[2023-12-20T17:34:12.520+0000] {processor.py:840} INFO - DAG(s) 'example_branch_python_operator_decorator' retrieved from /home/airflow/.local/lib/python3.8/site-packages/airflow/example_dags/example_branch_operator_decorator.py
[2023-12-20T17:34:12.613+0000] {logging_mixin.py:188} INFO - [2023-12-20T17:34:12.613+0000] {dag.py:3033} INFO - Sync 1 DAGs
[2023-12-20T17:34:12.699+0000] {logging_mixin.py:188} INFO - [2023-12-20T17:34:12.699+0000] {dag.py:3820} INFO - Setting next_dagrun for example_branch_python_operator_decorator to 2023-12-19T00:00:00+00:00, run_after=2023-12-20T00:00:00+00:00
[2023-12-20T17:34:12.764+0000] {processor.py:183} INFO - Processing /home/airflow/.local/lib/python3.8/site-packages/airflow/example_dags/example_branch_operator_decorator.py took 0.317 seconds
[2023-12-20T17:34:42.967+0000] {processor.py:161} INFO - Started process (PID=1001) to work on /home/airflow/.local/lib/python3.8/site-packages/airflow/example_dags/example_branch_operator_decorator.py
[2023-12-20T17:34:42.968+0000] {processor.py:830} INFO - Processing file /home/airflow/.local/lib/python3.8/site-packages/airflow/example_dags/example_branch_operator_decorator.py for tasks to queue
[2023-12-20T17:34:42.972+0000] {logging_mixin.py:188} INFO - [2023-12-20T17:34:42.972+0000] {dagbag.py:538} INFO - Filling up the DagBag from /home/airflow/.local/lib/python3.8/site-packages/airflow/example_dags/example_branch_operator_decorator.py
[2023-12-20T17:34:43.013+0000] {processor.py:840} INFO - DAG(s) 'example_branch_python_operator_decorator' retrieved from /home/airflow/.local/lib/python3.8/site-packages/airflow/example_dags/example_branch_operator_decorator.py
[2023-12-20T17:34:43.068+0000] {logging_mixin.py:188} INFO - [2023-12-20T17:34:43.068+0000] {dag.py:3033} INFO - Sync 1 DAGs
[2023-12-20T17:34:43.142+0000] {logging_mixin.py:188} INFO - [2023-12-20T17:34:43.142+0000] {dag.py:3820} INFO - Setting next_dagrun for example_branch_python_operator_decorator to 2023-12-19T00:00:00+00:00, run_after=2023-12-20T00:00:00+00:00
[2023-12-20T17:34:43.181+0000] {processor.py:183} INFO - Processing /home/airflow/.local/lib/python3.8/site-packages/airflow/example_dags/example_branch_operator_decorator.py took 0.221 seconds
[2023-12-20T17:35:13.559+0000] {processor.py:161} INFO - Started process (PID=1055) to work on /home/airflow/.local/lib/python3.8/site-packages/airflow/example_dags/example_branch_operator_decorator.py
[2023-12-20T17:35:13.561+0000] {processor.py:830} INFO - Processing file /home/airflow/.local/lib/python3.8/site-packages/airflow/example_dags/example_branch_operator_decorator.py for tasks to queue
[2023-12-20T17:35:13.564+0000] {logging_mixin.py:188} INFO - [2023-12-20T17:35:13.564+0000] {dagbag.py:538} INFO - Filling up the DagBag from /home/airflow/.local/lib/python3.8/site-packages/airflow/example_dags/example_branch_operator_decorator.py
[2023-12-20T17:35:13.629+0000] {processor.py:840} INFO - DAG(s) 'example_branch_python_operator_decorator' retrieved from /home/airflow/.local/lib/python3.8/site-packages/airflow/example_dags/example_branch_operator_decorator.py
[2023-12-20T17:35:13.692+0000] {logging_mixin.py:188} INFO - [2023-12-20T17:35:13.691+0000] {dag.py:3033} INFO - Sync 1 DAGs
[2023-12-20T17:35:13.762+0000] {logging_mixin.py:188} INFO - [2023-12-20T17:35:13.762+0000] {dag.py:3820} INFO - Setting next_dagrun for example_branch_python_operator_decorator to 2023-12-19T00:00:00+00:00, run_after=2023-12-20T00:00:00+00:00
[2023-12-20T17:35:13.806+0000] {processor.py:183} INFO - Processing /home/airflow/.local/lib/python3.8/site-packages/airflow/example_dags/example_branch_operator_decorator.py took 0.262 seconds
[2023-12-20T17:35:43.865+0000] {processor.py:161} INFO - Started process (PID=1110) to work on /home/airflow/.local/lib/python3.8/site-packages/airflow/example_dags/example_branch_operator_decorator.py
[2023-12-20T17:35:43.868+0000] {processor.py:830} INFO - Processing file /home/airflow/.local/lib/python3.8/site-packages/airflow/example_dags/example_branch_operator_decorator.py for tasks to queue
[2023-12-20T17:35:43.873+0000] {logging_mixin.py:188} INFO - [2023-12-20T17:35:43.873+0000] {dagbag.py:538} INFO - Filling up the DagBag from /home/airflow/.local/lib/python3.8/site-packages/airflow/example_dags/example_branch_operator_decorator.py
[2023-12-20T17:35:43.915+0000] {processor.py:840} INFO - DAG(s) 'example_branch_python_operator_decorator' retrieved from /home/airflow/.local/lib/python3.8/site-packages/airflow/example_dags/example_branch_operator_decorator.py
[2023-12-20T17:35:43.971+0000] {logging_mixin.py:188} INFO - [2023-12-20T17:35:43.970+0000] {dag.py:3033} INFO - Sync 1 DAGs
[2023-12-20T17:35:44.017+0000] {logging_mixin.py:188} INFO - [2023-12-20T17:35:44.017+0000] {dag.py:3820} INFO - Setting next_dagrun for example_branch_python_operator_decorator to 2023-12-19T00:00:00+00:00, run_after=2023-12-20T00:00:00+00:00
[2023-12-20T17:35:44.067+0000] {processor.py:183} INFO - Processing /home/airflow/.local/lib/python3.8/site-packages/airflow/example_dags/example_branch_operator_decorator.py took 0.209 seconds
[2023-12-20T17:36:14.352+0000] {processor.py:161} INFO - Started process (PID=1165) to work on /home/airflow/.local/lib/python3.8/site-packages/airflow/example_dags/example_branch_operator_decorator.py
[2023-12-20T17:36:14.354+0000] {processor.py:830} INFO - Processing file /home/airflow/.local/lib/python3.8/site-packages/airflow/example_dags/example_branch_operator_decorator.py for tasks to queue
[2023-12-20T17:36:14.359+0000] {logging_mixin.py:188} INFO - [2023-12-20T17:36:14.358+0000] {dagbag.py:538} INFO - Filling up the DagBag from /home/airflow/.local/lib/python3.8/site-packages/airflow/example_dags/example_branch_operator_decorator.py
[2023-12-20T17:36:14.412+0000] {processor.py:840} INFO - DAG(s) 'example_branch_python_operator_decorator' retrieved from /home/airflow/.local/lib/python3.8/site-packages/airflow/example_dags/example_branch_operator_decorator.py
[2023-12-20T17:36:14.484+0000] {logging_mixin.py:188} INFO - [2023-12-20T17:36:14.483+0000] {dag.py:3033} INFO - Sync 1 DAGs
[2023-12-20T17:36:14.540+0000] {logging_mixin.py:188} INFO - [2023-12-20T17:36:14.540+0000] {dag.py:3820} INFO - Setting next_dagrun for example_branch_python_operator_decorator to 2023-12-19T00:00:00+00:00, run_after=2023-12-20T00:00:00+00:00
[2023-12-20T17:36:14.593+0000] {processor.py:183} INFO - Processing /home/airflow/.local/lib/python3.8/site-packages/airflow/example_dags/example_branch_operator_decorator.py took 0.249 seconds
[2023-12-20T17:36:44.805+0000] {processor.py:161} INFO - Started process (PID=1220) to work on /home/airflow/.local/lib/python3.8/site-packages/airflow/example_dags/example_branch_operator_decorator.py
[2023-12-20T17:36:44.807+0000] {processor.py:830} INFO - Processing file /home/airflow/.local/lib/python3.8/site-packages/airflow/example_dags/example_branch_operator_decorator.py for tasks to queue
[2023-12-20T17:36:44.811+0000] {logging_mixin.py:188} INFO - [2023-12-20T17:36:44.811+0000] {dagbag.py:538} INFO - Filling up the DagBag from /home/airflow/.local/lib/python3.8/site-packages/airflow/example_dags/example_branch_operator_decorator.py
[2023-12-20T17:36:44.851+0000] {processor.py:840} INFO - DAG(s) 'example_branch_python_operator_decorator' retrieved from /home/airflow/.local/lib/python3.8/site-packages/airflow/example_dags/example_branch_operator_decorator.py
[2023-12-20T17:36:44.889+0000] {logging_mixin.py:188} INFO - [2023-12-20T17:36:44.889+0000] {dag.py:3033} INFO - Sync 1 DAGs
[2023-12-20T17:36:44.922+0000] {logging_mixin.py:188} INFO - [2023-12-20T17:36:44.922+0000] {dag.py:3820} INFO - Setting next_dagrun for example_branch_python_operator_decorator to 2023-12-19T00:00:00+00:00, run_after=2023-12-20T00:00:00+00:00
[2023-12-20T17:36:44.949+0000] {processor.py:183} INFO - Processing /home/airflow/.local/lib/python3.8/site-packages/airflow/example_dags/example_branch_operator_decorator.py took 0.151 seconds
[2023-12-20T17:37:15.068+0000] {processor.py:161} INFO - Started process (PID=1274) to work on /home/airflow/.local/lib/python3.8/site-packages/airflow/example_dags/example_branch_operator_decorator.py
[2023-12-20T17:37:15.069+0000] {processor.py:830} INFO - Processing file /home/airflow/.local/lib/python3.8/site-packages/airflow/example_dags/example_branch_operator_decorator.py for tasks to queue
[2023-12-20T17:37:15.073+0000] {logging_mixin.py:188} INFO - [2023-12-20T17:37:15.072+0000] {dagbag.py:538} INFO - Filling up the DagBag from /home/airflow/.local/lib/python3.8/site-packages/airflow/example_dags/example_branch_operator_decorator.py
[2023-12-20T17:37:15.128+0000] {processor.py:840} INFO - DAG(s) 'example_branch_python_operator_decorator' retrieved from /home/airflow/.local/lib/python3.8/site-packages/airflow/example_dags/example_branch_operator_decorator.py
[2023-12-20T17:37:15.187+0000] {logging_mixin.py:188} INFO - [2023-12-20T17:37:15.187+0000] {dag.py:3033} INFO - Sync 1 DAGs
[2023-12-20T17:37:15.218+0000] {logging_mixin.py:188} INFO - [2023-12-20T17:37:15.218+0000] {dag.py:3820} INFO - Setting next_dagrun for example_branch_python_operator_decorator to 2023-12-19T00:00:00+00:00, run_after=2023-12-20T00:00:00+00:00
[2023-12-20T17:37:15.243+0000] {processor.py:183} INFO - Processing /home/airflow/.local/lib/python3.8/site-packages/airflow/example_dags/example_branch_operator_decorator.py took 0.183 seconds
