[2023-12-20T17:20:55.230+0000] {processor.py:161} INFO - Started process (PID=271) to work on /home/airflow/.local/lib/python3.8/site-packages/airflow/example_dags/example_trigger_controller_dag.py
[2023-12-20T17:20:55.242+0000] {processor.py:830} INFO - Processing file /home/airflow/.local/lib/python3.8/site-packages/airflow/example_dags/example_trigger_controller_dag.py for tasks to queue
[2023-12-20T17:20:55.244+0000] {logging_mixin.py:188} INFO - [2023-12-20T17:20:55.244+0000] {dagbag.py:538} INFO - Filling up the DagBag from /home/airflow/.local/lib/python3.8/site-packages/airflow/example_dags/example_trigger_controller_dag.py
[2023-12-20T17:20:55.269+0000] {processor.py:840} INFO - DAG(s) 'example_trigger_controller_dag' retrieved from /home/airflow/.local/lib/python3.8/site-packages/airflow/example_dags/example_trigger_controller_dag.py
[2023-12-20T17:20:56.300+0000] {logging_mixin.py:188} INFO - [2023-12-20T17:20:56.300+0000] {dag.py:3033} INFO - Sync 1 DAGs
[2023-12-20T17:20:56.432+0000] {logging_mixin.py:188} INFO - [2023-12-20T17:20:56.431+0000] {dag.py:3820} INFO - Setting next_dagrun for example_trigger_controller_dag to 2021-01-01T00:00:00+00:00, run_after=2021-01-01T00:00:00+00:00
[2023-12-20T17:20:56.628+0000] {processor.py:183} INFO - Processing /home/airflow/.local/lib/python3.8/site-packages/airflow/example_dags/example_trigger_controller_dag.py took 1.420 seconds
[2023-12-20T17:21:26.979+0000] {processor.py:161} INFO - Started process (PID=518) to work on /home/airflow/.local/lib/python3.8/site-packages/airflow/example_dags/example_trigger_controller_dag.py
[2023-12-20T17:21:26.990+0000] {processor.py:830} INFO - Processing file /home/airflow/.local/lib/python3.8/site-packages/airflow/example_dags/example_trigger_controller_dag.py for tasks to queue
[2023-12-20T17:21:26.997+0000] {logging_mixin.py:188} INFO - [2023-12-20T17:21:26.996+0000] {dagbag.py:538} INFO - Filling up the DagBag from /home/airflow/.local/lib/python3.8/site-packages/airflow/example_dags/example_trigger_controller_dag.py
[2023-12-20T17:21:27.007+0000] {processor.py:840} INFO - DAG(s) 'example_trigger_controller_dag' retrieved from /home/airflow/.local/lib/python3.8/site-packages/airflow/example_dags/example_trigger_controller_dag.py
[2023-12-20T17:21:27.052+0000] {logging_mixin.py:188} INFO - [2023-12-20T17:21:27.052+0000] {dag.py:3033} INFO - Sync 1 DAGs
[2023-12-20T17:21:27.097+0000] {logging_mixin.py:188} INFO - [2023-12-20T17:21:27.096+0000] {dag.py:3820} INFO - Setting next_dagrun for example_trigger_controller_dag to 2021-01-01T00:00:00+00:00, run_after=2021-01-01T00:00:00+00:00
[2023-12-20T17:21:27.138+0000] {processor.py:183} INFO - Processing /home/airflow/.local/lib/python3.8/site-packages/airflow/example_dags/example_trigger_controller_dag.py took 0.171 seconds
[2023-12-20T17:21:57.765+0000] {processor.py:161} INFO - Started process (PID=764) to work on /home/airflow/.local/lib/python3.8/site-packages/airflow/example_dags/example_trigger_controller_dag.py
[2023-12-20T17:21:57.766+0000] {processor.py:830} INFO - Processing file /home/airflow/.local/lib/python3.8/site-packages/airflow/example_dags/example_trigger_controller_dag.py for tasks to queue
[2023-12-20T17:21:57.770+0000] {logging_mixin.py:188} INFO - [2023-12-20T17:21:57.769+0000] {dagbag.py:538} INFO - Filling up the DagBag from /home/airflow/.local/lib/python3.8/site-packages/airflow/example_dags/example_trigger_controller_dag.py
[2023-12-20T17:21:57.777+0000] {processor.py:840} INFO - DAG(s) 'example_trigger_controller_dag' retrieved from /home/airflow/.local/lib/python3.8/site-packages/airflow/example_dags/example_trigger_controller_dag.py
[2023-12-20T17:21:57.817+0000] {logging_mixin.py:188} INFO - [2023-12-20T17:21:57.816+0000] {dag.py:3033} INFO - Sync 1 DAGs
[2023-12-20T17:21:57.855+0000] {logging_mixin.py:188} INFO - [2023-12-20T17:21:57.855+0000] {dag.py:3820} INFO - Setting next_dagrun for example_trigger_controller_dag to 2021-01-01T00:00:00+00:00, run_after=2021-01-01T00:00:00+00:00
[2023-12-20T17:21:57.888+0000] {processor.py:183} INFO - Processing /home/airflow/.local/lib/python3.8/site-packages/airflow/example_dags/example_trigger_controller_dag.py took 0.129 seconds
[2023-12-20T17:22:28.281+0000] {processor.py:161} INFO - Started process (PID=1011) to work on /home/airflow/.local/lib/python3.8/site-packages/airflow/example_dags/example_trigger_controller_dag.py
[2023-12-20T17:22:28.289+0000] {processor.py:830} INFO - Processing file /home/airflow/.local/lib/python3.8/site-packages/airflow/example_dags/example_trigger_controller_dag.py for tasks to queue
[2023-12-20T17:22:28.290+0000] {logging_mixin.py:188} INFO - [2023-12-20T17:22:28.290+0000] {dagbag.py:538} INFO - Filling up the DagBag from /home/airflow/.local/lib/python3.8/site-packages/airflow/example_dags/example_trigger_controller_dag.py
[2023-12-20T17:22:28.297+0000] {processor.py:840} INFO - DAG(s) 'example_trigger_controller_dag' retrieved from /home/airflow/.local/lib/python3.8/site-packages/airflow/example_dags/example_trigger_controller_dag.py
[2023-12-20T17:22:28.331+0000] {logging_mixin.py:188} INFO - [2023-12-20T17:22:28.330+0000] {dag.py:3033} INFO - Sync 1 DAGs
[2023-12-20T17:22:28.371+0000] {logging_mixin.py:188} INFO - [2023-12-20T17:22:28.371+0000] {dag.py:3820} INFO - Setting next_dagrun for example_trigger_controller_dag to 2021-01-01T00:00:00+00:00, run_after=2021-01-01T00:00:00+00:00
[2023-12-20T17:22:28.410+0000] {processor.py:183} INFO - Processing /home/airflow/.local/lib/python3.8/site-packages/airflow/example_dags/example_trigger_controller_dag.py took 0.133 seconds
[2023-12-20T17:22:59.226+0000] {processor.py:161} INFO - Started process (PID=1258) to work on /home/airflow/.local/lib/python3.8/site-packages/airflow/example_dags/example_trigger_controller_dag.py
[2023-12-20T17:22:59.228+0000] {processor.py:830} INFO - Processing file /home/airflow/.local/lib/python3.8/site-packages/airflow/example_dags/example_trigger_controller_dag.py for tasks to queue
[2023-12-20T17:22:59.229+0000] {logging_mixin.py:188} INFO - [2023-12-20T17:22:59.229+0000] {dagbag.py:538} INFO - Filling up the DagBag from /home/airflow/.local/lib/python3.8/site-packages/airflow/example_dags/example_trigger_controller_dag.py
[2023-12-20T17:22:59.237+0000] {processor.py:840} INFO - DAG(s) 'example_trigger_controller_dag' retrieved from /home/airflow/.local/lib/python3.8/site-packages/airflow/example_dags/example_trigger_controller_dag.py
[2023-12-20T17:22:59.277+0000] {logging_mixin.py:188} INFO - [2023-12-20T17:22:59.277+0000] {dag.py:3033} INFO - Sync 1 DAGs
[2023-12-20T17:22:59.318+0000] {logging_mixin.py:188} INFO - [2023-12-20T17:22:59.317+0000] {dag.py:3820} INFO - Setting next_dagrun for example_trigger_controller_dag to 2021-01-01T00:00:00+00:00, run_after=2021-01-01T00:00:00+00:00
[2023-12-20T17:22:59.355+0000] {processor.py:183} INFO - Processing /home/airflow/.local/lib/python3.8/site-packages/airflow/example_dags/example_trigger_controller_dag.py took 0.133 seconds
[2023-12-20T17:23:30.034+0000] {processor.py:161} INFO - Started process (PID=1505) to work on /home/airflow/.local/lib/python3.8/site-packages/airflow/example_dags/example_trigger_controller_dag.py
[2023-12-20T17:23:30.042+0000] {processor.py:830} INFO - Processing file /home/airflow/.local/lib/python3.8/site-packages/airflow/example_dags/example_trigger_controller_dag.py for tasks to queue
[2023-12-20T17:23:30.044+0000] {logging_mixin.py:188} INFO - [2023-12-20T17:23:30.043+0000] {dagbag.py:538} INFO - Filling up the DagBag from /home/airflow/.local/lib/python3.8/site-packages/airflow/example_dags/example_trigger_controller_dag.py
[2023-12-20T17:23:30.052+0000] {processor.py:840} INFO - DAG(s) 'example_trigger_controller_dag' retrieved from /home/airflow/.local/lib/python3.8/site-packages/airflow/example_dags/example_trigger_controller_dag.py
[2023-12-20T17:23:30.116+0000] {logging_mixin.py:188} INFO - [2023-12-20T17:23:30.115+0000] {dag.py:3033} INFO - Sync 1 DAGs
[2023-12-20T17:23:30.159+0000] {logging_mixin.py:188} INFO - [2023-12-20T17:23:30.159+0000] {dag.py:3820} INFO - Setting next_dagrun for example_trigger_controller_dag to 2021-01-01T00:00:00+00:00, run_after=2021-01-01T00:00:00+00:00
[2023-12-20T17:23:30.203+0000] {processor.py:183} INFO - Processing /home/airflow/.local/lib/python3.8/site-packages/airflow/example_dags/example_trigger_controller_dag.py took 0.178 seconds
[2023-12-20T17:24:00.529+0000] {processor.py:161} INFO - Started process (PID=1752) to work on /home/airflow/.local/lib/python3.8/site-packages/airflow/example_dags/example_trigger_controller_dag.py
[2023-12-20T17:24:00.541+0000] {processor.py:830} INFO - Processing file /home/airflow/.local/lib/python3.8/site-packages/airflow/example_dags/example_trigger_controller_dag.py for tasks to queue
[2023-12-20T17:24:00.543+0000] {logging_mixin.py:188} INFO - [2023-12-20T17:24:00.542+0000] {dagbag.py:538} INFO - Filling up the DagBag from /home/airflow/.local/lib/python3.8/site-packages/airflow/example_dags/example_trigger_controller_dag.py
[2023-12-20T17:24:00.567+0000] {processor.py:840} INFO - DAG(s) 'example_trigger_controller_dag' retrieved from /home/airflow/.local/lib/python3.8/site-packages/airflow/example_dags/example_trigger_controller_dag.py
[2023-12-20T17:24:00.601+0000] {logging_mixin.py:188} INFO - [2023-12-20T17:24:00.601+0000] {dag.py:3033} INFO - Sync 1 DAGs
[2023-12-20T17:24:00.647+0000] {logging_mixin.py:188} INFO - [2023-12-20T17:24:00.646+0000] {dag.py:3820} INFO - Setting next_dagrun for example_trigger_controller_dag to 2021-01-01T00:00:00+00:00, run_after=2021-01-01T00:00:00+00:00
[2023-12-20T17:24:00.696+0000] {processor.py:183} INFO - Processing /home/airflow/.local/lib/python3.8/site-packages/airflow/example_dags/example_trigger_controller_dag.py took 0.176 seconds
[2023-12-20T17:24:31.015+0000] {processor.py:161} INFO - Started process (PID=1999) to work on /home/airflow/.local/lib/python3.8/site-packages/airflow/example_dags/example_trigger_controller_dag.py
[2023-12-20T17:24:31.023+0000] {processor.py:830} INFO - Processing file /home/airflow/.local/lib/python3.8/site-packages/airflow/example_dags/example_trigger_controller_dag.py for tasks to queue
[2023-12-20T17:24:31.025+0000] {logging_mixin.py:188} INFO - [2023-12-20T17:24:31.024+0000] {dagbag.py:538} INFO - Filling up the DagBag from /home/airflow/.local/lib/python3.8/site-packages/airflow/example_dags/example_trigger_controller_dag.py
[2023-12-20T17:24:31.040+0000] {processor.py:840} INFO - DAG(s) 'example_trigger_controller_dag' retrieved from /home/airflow/.local/lib/python3.8/site-packages/airflow/example_dags/example_trigger_controller_dag.py
[2023-12-20T17:24:31.095+0000] {logging_mixin.py:188} INFO - [2023-12-20T17:24:31.095+0000] {dag.py:3033} INFO - Sync 1 DAGs
[2023-12-20T17:24:31.129+0000] {logging_mixin.py:188} INFO - [2023-12-20T17:24:31.129+0000] {dag.py:3820} INFO - Setting next_dagrun for example_trigger_controller_dag to 2021-01-01T00:00:00+00:00, run_after=2021-01-01T00:00:00+00:00
[2023-12-20T17:24:31.180+0000] {processor.py:183} INFO - Processing /home/airflow/.local/lib/python3.8/site-packages/airflow/example_dags/example_trigger_controller_dag.py took 0.172 seconds
[2023-12-20T17:25:57.030+0000] {processor.py:161} INFO - Started process (PID=57) to work on /home/airflow/.local/lib/python3.8/site-packages/airflow/example_dags/example_trigger_controller_dag.py
[2023-12-20T17:25:57.038+0000] {processor.py:830} INFO - Processing file /home/airflow/.local/lib/python3.8/site-packages/airflow/example_dags/example_trigger_controller_dag.py for tasks to queue
[2023-12-20T17:25:57.041+0000] {logging_mixin.py:188} INFO - [2023-12-20T17:25:57.041+0000] {dagbag.py:538} INFO - Filling up the DagBag from /home/airflow/.local/lib/python3.8/site-packages/airflow/example_dags/example_trigger_controller_dag.py
[2023-12-20T17:25:57.048+0000] {processor.py:840} INFO - DAG(s) 'example_trigger_controller_dag' retrieved from /home/airflow/.local/lib/python3.8/site-packages/airflow/example_dags/example_trigger_controller_dag.py
[2023-12-20T17:25:57.328+0000] {logging_mixin.py:188} INFO - [2023-12-20T17:25:57.328+0000] {dag.py:3033} INFO - Sync 1 DAGs
[2023-12-20T17:25:57.364+0000] {logging_mixin.py:188} INFO - [2023-12-20T17:25:57.364+0000] {dag.py:3820} INFO - Setting next_dagrun for example_trigger_controller_dag to 2021-01-01T00:00:00+00:00, run_after=2021-01-01T00:00:00+00:00
[2023-12-20T17:25:57.421+0000] {processor.py:183} INFO - Processing /home/airflow/.local/lib/python3.8/site-packages/airflow/example_dags/example_trigger_controller_dag.py took 0.397 seconds
[2023-12-20T17:26:27.471+0000] {processor.py:161} INFO - Started process (PID=111) to work on /home/airflow/.local/lib/python3.8/site-packages/airflow/example_dags/example_trigger_controller_dag.py
[2023-12-20T17:26:27.474+0000] {processor.py:830} INFO - Processing file /home/airflow/.local/lib/python3.8/site-packages/airflow/example_dags/example_trigger_controller_dag.py for tasks to queue
[2023-12-20T17:26:27.478+0000] {logging_mixin.py:188} INFO - [2023-12-20T17:26:27.477+0000] {dagbag.py:538} INFO - Filling up the DagBag from /home/airflow/.local/lib/python3.8/site-packages/airflow/example_dags/example_trigger_controller_dag.py
[2023-12-20T17:26:27.486+0000] {processor.py:840} INFO - DAG(s) 'example_trigger_controller_dag' retrieved from /home/airflow/.local/lib/python3.8/site-packages/airflow/example_dags/example_trigger_controller_dag.py
[2023-12-20T17:26:27.524+0000] {logging_mixin.py:188} INFO - [2023-12-20T17:26:27.523+0000] {dag.py:3033} INFO - Sync 1 DAGs
[2023-12-20T17:26:27.569+0000] {logging_mixin.py:188} INFO - [2023-12-20T17:26:27.569+0000] {dag.py:3820} INFO - Setting next_dagrun for example_trigger_controller_dag to 2021-01-01T00:00:00+00:00, run_after=2021-01-01T00:00:00+00:00
[2023-12-20T17:26:27.603+0000] {processor.py:183} INFO - Processing /home/airflow/.local/lib/python3.8/site-packages/airflow/example_dags/example_trigger_controller_dag.py took 0.140 seconds
[2023-12-20T17:26:57.813+0000] {processor.py:161} INFO - Started process (PID=165) to work on /home/airflow/.local/lib/python3.8/site-packages/airflow/example_dags/example_trigger_controller_dag.py
[2023-12-20T17:26:57.814+0000] {processor.py:830} INFO - Processing file /home/airflow/.local/lib/python3.8/site-packages/airflow/example_dags/example_trigger_controller_dag.py for tasks to queue
[2023-12-20T17:26:57.818+0000] {logging_mixin.py:188} INFO - [2023-12-20T17:26:57.817+0000] {dagbag.py:538} INFO - Filling up the DagBag from /home/airflow/.local/lib/python3.8/site-packages/airflow/example_dags/example_trigger_controller_dag.py
[2023-12-20T17:26:57.826+0000] {processor.py:840} INFO - DAG(s) 'example_trigger_controller_dag' retrieved from /home/airflow/.local/lib/python3.8/site-packages/airflow/example_dags/example_trigger_controller_dag.py
[2023-12-20T17:26:57.855+0000] {logging_mixin.py:188} INFO - [2023-12-20T17:26:57.854+0000] {dag.py:3033} INFO - Sync 1 DAGs
[2023-12-20T17:26:57.888+0000] {logging_mixin.py:188} INFO - [2023-12-20T17:26:57.888+0000] {dag.py:3820} INFO - Setting next_dagrun for example_trigger_controller_dag to 2021-01-01T00:00:00+00:00, run_after=2021-01-01T00:00:00+00:00
[2023-12-20T17:26:57.915+0000] {processor.py:183} INFO - Processing /home/airflow/.local/lib/python3.8/site-packages/airflow/example_dags/example_trigger_controller_dag.py took 0.109 seconds
[2023-12-20T17:27:28.424+0000] {processor.py:161} INFO - Started process (PID=220) to work on /home/airflow/.local/lib/python3.8/site-packages/airflow/example_dags/example_trigger_controller_dag.py
[2023-12-20T17:27:28.425+0000] {processor.py:830} INFO - Processing file /home/airflow/.local/lib/python3.8/site-packages/airflow/example_dags/example_trigger_controller_dag.py for tasks to queue
[2023-12-20T17:27:28.427+0000] {logging_mixin.py:188} INFO - [2023-12-20T17:27:28.427+0000] {dagbag.py:538} INFO - Filling up the DagBag from /home/airflow/.local/lib/python3.8/site-packages/airflow/example_dags/example_trigger_controller_dag.py
[2023-12-20T17:27:28.433+0000] {processor.py:840} INFO - DAG(s) 'example_trigger_controller_dag' retrieved from /home/airflow/.local/lib/python3.8/site-packages/airflow/example_dags/example_trigger_controller_dag.py
[2023-12-20T17:27:28.461+0000] {logging_mixin.py:188} INFO - [2023-12-20T17:27:28.461+0000] {dag.py:3033} INFO - Sync 1 DAGs
[2023-12-20T17:27:28.488+0000] {logging_mixin.py:188} INFO - [2023-12-20T17:27:28.488+0000] {dag.py:3820} INFO - Setting next_dagrun for example_trigger_controller_dag to 2021-01-01T00:00:00+00:00, run_after=2021-01-01T00:00:00+00:00
[2023-12-20T17:27:28.513+0000] {processor.py:183} INFO - Processing /home/airflow/.local/lib/python3.8/site-packages/airflow/example_dags/example_trigger_controller_dag.py took 0.094 seconds
[2023-12-20T17:27:58.905+0000] {processor.py:161} INFO - Started process (PID=275) to work on /home/airflow/.local/lib/python3.8/site-packages/airflow/example_dags/example_trigger_controller_dag.py
[2023-12-20T17:27:58.913+0000] {processor.py:830} INFO - Processing file /home/airflow/.local/lib/python3.8/site-packages/airflow/example_dags/example_trigger_controller_dag.py for tasks to queue
[2023-12-20T17:27:58.916+0000] {logging_mixin.py:188} INFO - [2023-12-20T17:27:58.916+0000] {dagbag.py:538} INFO - Filling up the DagBag from /home/airflow/.local/lib/python3.8/site-packages/airflow/example_dags/example_trigger_controller_dag.py
[2023-12-20T17:27:58.923+0000] {processor.py:840} INFO - DAG(s) 'example_trigger_controller_dag' retrieved from /home/airflow/.local/lib/python3.8/site-packages/airflow/example_dags/example_trigger_controller_dag.py
[2023-12-20T17:27:58.981+0000] {logging_mixin.py:188} INFO - [2023-12-20T17:27:58.981+0000] {dag.py:3033} INFO - Sync 1 DAGs
[2023-12-20T17:27:59.019+0000] {logging_mixin.py:188} INFO - [2023-12-20T17:27:59.019+0000] {dag.py:3820} INFO - Setting next_dagrun for example_trigger_controller_dag to 2021-01-01T00:00:00+00:00, run_after=2021-01-01T00:00:00+00:00
[2023-12-20T17:27:59.055+0000] {processor.py:183} INFO - Processing /home/airflow/.local/lib/python3.8/site-packages/airflow/example_dags/example_trigger_controller_dag.py took 0.155 seconds
[2023-12-20T17:28:29.953+0000] {processor.py:161} INFO - Started process (PID=329) to work on /home/airflow/.local/lib/python3.8/site-packages/airflow/example_dags/example_trigger_controller_dag.py
[2023-12-20T17:28:29.954+0000] {processor.py:830} INFO - Processing file /home/airflow/.local/lib/python3.8/site-packages/airflow/example_dags/example_trigger_controller_dag.py for tasks to queue
[2023-12-20T17:28:29.958+0000] {logging_mixin.py:188} INFO - [2023-12-20T17:28:29.957+0000] {dagbag.py:538} INFO - Filling up the DagBag from /home/airflow/.local/lib/python3.8/site-packages/airflow/example_dags/example_trigger_controller_dag.py
[2023-12-20T17:28:29.966+0000] {processor.py:840} INFO - DAG(s) 'example_trigger_controller_dag' retrieved from /home/airflow/.local/lib/python3.8/site-packages/airflow/example_dags/example_trigger_controller_dag.py
[2023-12-20T17:28:30.042+0000] {logging_mixin.py:188} INFO - [2023-12-20T17:28:30.042+0000] {dag.py:3033} INFO - Sync 1 DAGs
[2023-12-20T17:28:30.092+0000] {logging_mixin.py:188} INFO - [2023-12-20T17:28:30.092+0000] {dag.py:3820} INFO - Setting next_dagrun for example_trigger_controller_dag to 2021-01-01T00:00:00+00:00, run_after=2021-01-01T00:00:00+00:00
[2023-12-20T17:28:30.132+0000] {processor.py:183} INFO - Processing /home/airflow/.local/lib/python3.8/site-packages/airflow/example_dags/example_trigger_controller_dag.py took 0.187 seconds
[2023-12-20T17:29:00.454+0000] {processor.py:161} INFO - Started process (PID=384) to work on /home/airflow/.local/lib/python3.8/site-packages/airflow/example_dags/example_trigger_controller_dag.py
[2023-12-20T17:29:00.455+0000] {processor.py:830} INFO - Processing file /home/airflow/.local/lib/python3.8/site-packages/airflow/example_dags/example_trigger_controller_dag.py for tasks to queue
[2023-12-20T17:29:00.459+0000] {logging_mixin.py:188} INFO - [2023-12-20T17:29:00.458+0000] {dagbag.py:538} INFO - Filling up the DagBag from /home/airflow/.local/lib/python3.8/site-packages/airflow/example_dags/example_trigger_controller_dag.py
[2023-12-20T17:29:00.466+0000] {processor.py:840} INFO - DAG(s) 'example_trigger_controller_dag' retrieved from /home/airflow/.local/lib/python3.8/site-packages/airflow/example_dags/example_trigger_controller_dag.py
[2023-12-20T17:29:00.505+0000] {logging_mixin.py:188} INFO - [2023-12-20T17:29:00.505+0000] {dag.py:3033} INFO - Sync 1 DAGs
[2023-12-20T17:29:00.554+0000] {logging_mixin.py:188} INFO - [2023-12-20T17:29:00.553+0000] {dag.py:3820} INFO - Setting next_dagrun for example_trigger_controller_dag to 2021-01-01T00:00:00+00:00, run_after=2021-01-01T00:00:00+00:00
[2023-12-20T17:29:00.589+0000] {processor.py:183} INFO - Processing /home/airflow/.local/lib/python3.8/site-packages/airflow/example_dags/example_trigger_controller_dag.py took 0.143 seconds
[2023-12-20T17:29:30.941+0000] {processor.py:161} INFO - Started process (PID=439) to work on /home/airflow/.local/lib/python3.8/site-packages/airflow/example_dags/example_trigger_controller_dag.py
[2023-12-20T17:29:30.948+0000] {processor.py:830} INFO - Processing file /home/airflow/.local/lib/python3.8/site-packages/airflow/example_dags/example_trigger_controller_dag.py for tasks to queue
[2023-12-20T17:29:30.953+0000] {logging_mixin.py:188} INFO - [2023-12-20T17:29:30.952+0000] {dagbag.py:538} INFO - Filling up the DagBag from /home/airflow/.local/lib/python3.8/site-packages/airflow/example_dags/example_trigger_controller_dag.py
[2023-12-20T17:29:30.978+0000] {processor.py:840} INFO - DAG(s) 'example_trigger_controller_dag' retrieved from /home/airflow/.local/lib/python3.8/site-packages/airflow/example_dags/example_trigger_controller_dag.py
[2023-12-20T17:29:31.081+0000] {logging_mixin.py:188} INFO - [2023-12-20T17:29:31.080+0000] {dag.py:3033} INFO - Sync 1 DAGs
[2023-12-20T17:29:31.133+0000] {logging_mixin.py:188} INFO - [2023-12-20T17:29:31.132+0000] {dag.py:3820} INFO - Setting next_dagrun for example_trigger_controller_dag to 2021-01-01T00:00:00+00:00, run_after=2021-01-01T00:00:00+00:00
[2023-12-20T17:29:31.213+0000] {processor.py:183} INFO - Processing /home/airflow/.local/lib/python3.8/site-packages/airflow/example_dags/example_trigger_controller_dag.py took 0.279 seconds
[2023-12-20T17:30:01.458+0000] {processor.py:161} INFO - Started process (PID=494) to work on /home/airflow/.local/lib/python3.8/site-packages/airflow/example_dags/example_trigger_controller_dag.py
[2023-12-20T17:30:01.461+0000] {processor.py:830} INFO - Processing file /home/airflow/.local/lib/python3.8/site-packages/airflow/example_dags/example_trigger_controller_dag.py for tasks to queue
[2023-12-20T17:30:01.499+0000] {logging_mixin.py:188} INFO - [2023-12-20T17:30:01.499+0000] {dagbag.py:538} INFO - Filling up the DagBag from /home/airflow/.local/lib/python3.8/site-packages/airflow/example_dags/example_trigger_controller_dag.py
[2023-12-20T17:30:01.536+0000] {processor.py:840} INFO - DAG(s) 'example_trigger_controller_dag' retrieved from /home/airflow/.local/lib/python3.8/site-packages/airflow/example_dags/example_trigger_controller_dag.py
[2023-12-20T17:30:01.680+0000] {logging_mixin.py:188} INFO - [2023-12-20T17:30:01.679+0000] {dag.py:3033} INFO - Sync 1 DAGs
[2023-12-20T17:30:01.844+0000] {logging_mixin.py:188} INFO - [2023-12-20T17:30:01.843+0000] {dag.py:3820} INFO - Setting next_dagrun for example_trigger_controller_dag to 2021-01-01T00:00:00+00:00, run_after=2021-01-01T00:00:00+00:00
[2023-12-20T17:30:01.974+0000] {processor.py:183} INFO - Processing /home/airflow/.local/lib/python3.8/site-packages/airflow/example_dags/example_trigger_controller_dag.py took 0.556 seconds
[2023-12-20T17:30:32.405+0000] {processor.py:161} INFO - Started process (PID=549) to work on /home/airflow/.local/lib/python3.8/site-packages/airflow/example_dags/example_trigger_controller_dag.py
[2023-12-20T17:30:32.406+0000] {processor.py:830} INFO - Processing file /home/airflow/.local/lib/python3.8/site-packages/airflow/example_dags/example_trigger_controller_dag.py for tasks to queue
[2023-12-20T17:30:32.410+0000] {logging_mixin.py:188} INFO - [2023-12-20T17:30:32.410+0000] {dagbag.py:538} INFO - Filling up the DagBag from /home/airflow/.local/lib/python3.8/site-packages/airflow/example_dags/example_trigger_controller_dag.py
[2023-12-20T17:30:32.419+0000] {processor.py:840} INFO - DAG(s) 'example_trigger_controller_dag' retrieved from /home/airflow/.local/lib/python3.8/site-packages/airflow/example_dags/example_trigger_controller_dag.py
[2023-12-20T17:30:32.466+0000] {logging_mixin.py:188} INFO - [2023-12-20T17:30:32.465+0000] {dag.py:3033} INFO - Sync 1 DAGs
[2023-12-20T17:30:32.518+0000] {logging_mixin.py:188} INFO - [2023-12-20T17:30:32.517+0000] {dag.py:3820} INFO - Setting next_dagrun for example_trigger_controller_dag to 2021-01-01T00:00:00+00:00, run_after=2021-01-01T00:00:00+00:00
[2023-12-20T17:30:32.562+0000] {processor.py:183} INFO - Processing /home/airflow/.local/lib/python3.8/site-packages/airflow/example_dags/example_trigger_controller_dag.py took 0.172 seconds
[2023-12-20T17:31:02.959+0000] {processor.py:161} INFO - Started process (PID=604) to work on /home/airflow/.local/lib/python3.8/site-packages/airflow/example_dags/example_trigger_controller_dag.py
[2023-12-20T17:31:02.961+0000] {processor.py:830} INFO - Processing file /home/airflow/.local/lib/python3.8/site-packages/airflow/example_dags/example_trigger_controller_dag.py for tasks to queue
[2023-12-20T17:31:02.964+0000] {logging_mixin.py:188} INFO - [2023-12-20T17:31:02.964+0000] {dagbag.py:538} INFO - Filling up the DagBag from /home/airflow/.local/lib/python3.8/site-packages/airflow/example_dags/example_trigger_controller_dag.py
[2023-12-20T17:31:02.976+0000] {processor.py:840} INFO - DAG(s) 'example_trigger_controller_dag' retrieved from /home/airflow/.local/lib/python3.8/site-packages/airflow/example_dags/example_trigger_controller_dag.py
[2023-12-20T17:31:03.011+0000] {logging_mixin.py:188} INFO - [2023-12-20T17:31:03.011+0000] {dag.py:3033} INFO - Sync 1 DAGs
[2023-12-20T17:31:03.054+0000] {logging_mixin.py:188} INFO - [2023-12-20T17:31:03.053+0000] {dag.py:3820} INFO - Setting next_dagrun for example_trigger_controller_dag to 2021-01-01T00:00:00+00:00, run_after=2021-01-01T00:00:00+00:00
[2023-12-20T17:31:03.101+0000] {processor.py:183} INFO - Processing /home/airflow/.local/lib/python3.8/site-packages/airflow/example_dags/example_trigger_controller_dag.py took 0.149 seconds
[2023-12-20T17:31:33.300+0000] {processor.py:161} INFO - Started process (PID=658) to work on /home/airflow/.local/lib/python3.8/site-packages/airflow/example_dags/example_trigger_controller_dag.py
[2023-12-20T17:31:33.302+0000] {processor.py:830} INFO - Processing file /home/airflow/.local/lib/python3.8/site-packages/airflow/example_dags/example_trigger_controller_dag.py for tasks to queue
[2023-12-20T17:31:33.308+0000] {logging_mixin.py:188} INFO - [2023-12-20T17:31:33.307+0000] {dagbag.py:538} INFO - Filling up the DagBag from /home/airflow/.local/lib/python3.8/site-packages/airflow/example_dags/example_trigger_controller_dag.py
[2023-12-20T17:31:33.318+0000] {processor.py:840} INFO - DAG(s) 'example_trigger_controller_dag' retrieved from /home/airflow/.local/lib/python3.8/site-packages/airflow/example_dags/example_trigger_controller_dag.py
[2023-12-20T17:31:33.354+0000] {logging_mixin.py:188} INFO - [2023-12-20T17:31:33.353+0000] {dag.py:3033} INFO - Sync 1 DAGs
[2023-12-20T17:31:33.393+0000] {logging_mixin.py:188} INFO - [2023-12-20T17:31:33.392+0000] {dag.py:3820} INFO - Setting next_dagrun for example_trigger_controller_dag to 2021-01-01T00:00:00+00:00, run_after=2021-01-01T00:00:00+00:00
[2023-12-20T17:31:33.432+0000] {processor.py:183} INFO - Processing /home/airflow/.local/lib/python3.8/site-packages/airflow/example_dags/example_trigger_controller_dag.py took 0.138 seconds
[2023-12-20T17:32:04.071+0000] {processor.py:161} INFO - Started process (PID=713) to work on /home/airflow/.local/lib/python3.8/site-packages/airflow/example_dags/example_trigger_controller_dag.py
[2023-12-20T17:32:04.072+0000] {processor.py:830} INFO - Processing file /home/airflow/.local/lib/python3.8/site-packages/airflow/example_dags/example_trigger_controller_dag.py for tasks to queue
[2023-12-20T17:32:04.077+0000] {logging_mixin.py:188} INFO - [2023-12-20T17:32:04.075+0000] {dagbag.py:538} INFO - Filling up the DagBag from /home/airflow/.local/lib/python3.8/site-packages/airflow/example_dags/example_trigger_controller_dag.py
[2023-12-20T17:32:04.086+0000] {processor.py:840} INFO - DAG(s) 'example_trigger_controller_dag' retrieved from /home/airflow/.local/lib/python3.8/site-packages/airflow/example_dags/example_trigger_controller_dag.py
[2023-12-20T17:32:04.131+0000] {logging_mixin.py:188} INFO - [2023-12-20T17:32:04.130+0000] {dag.py:3033} INFO - Sync 1 DAGs
[2023-12-20T17:32:04.187+0000] {logging_mixin.py:188} INFO - [2023-12-20T17:32:04.187+0000] {dag.py:3820} INFO - Setting next_dagrun for example_trigger_controller_dag to 2021-01-01T00:00:00+00:00, run_after=2021-01-01T00:00:00+00:00
[2023-12-20T17:32:04.239+0000] {processor.py:183} INFO - Processing /home/airflow/.local/lib/python3.8/site-packages/airflow/example_dags/example_trigger_controller_dag.py took 0.176 seconds
[2023-12-20T17:32:34.602+0000] {processor.py:161} INFO - Started process (PID=768) to work on /home/airflow/.local/lib/python3.8/site-packages/airflow/example_dags/example_trigger_controller_dag.py
[2023-12-20T17:32:34.604+0000] {processor.py:830} INFO - Processing file /home/airflow/.local/lib/python3.8/site-packages/airflow/example_dags/example_trigger_controller_dag.py for tasks to queue
[2023-12-20T17:32:34.607+0000] {logging_mixin.py:188} INFO - [2023-12-20T17:32:34.607+0000] {dagbag.py:538} INFO - Filling up the DagBag from /home/airflow/.local/lib/python3.8/site-packages/airflow/example_dags/example_trigger_controller_dag.py
[2023-12-20T17:32:34.618+0000] {processor.py:840} INFO - DAG(s) 'example_trigger_controller_dag' retrieved from /home/airflow/.local/lib/python3.8/site-packages/airflow/example_dags/example_trigger_controller_dag.py
[2023-12-20T17:32:34.656+0000] {logging_mixin.py:188} INFO - [2023-12-20T17:32:34.656+0000] {dag.py:3033} INFO - Sync 1 DAGs
[2023-12-20T17:32:34.692+0000] {logging_mixin.py:188} INFO - [2023-12-20T17:32:34.692+0000] {dag.py:3820} INFO - Setting next_dagrun for example_trigger_controller_dag to 2021-01-01T00:00:00+00:00, run_after=2021-01-01T00:00:00+00:00
[2023-12-20T17:32:34.742+0000] {processor.py:183} INFO - Processing /home/airflow/.local/lib/python3.8/site-packages/airflow/example_dags/example_trigger_controller_dag.py took 0.151 seconds
[2023-12-20T17:33:05.494+0000] {processor.py:161} INFO - Started process (PID=824) to work on /home/airflow/.local/lib/python3.8/site-packages/airflow/example_dags/example_trigger_controller_dag.py
[2023-12-20T17:33:05.496+0000] {processor.py:830} INFO - Processing file /home/airflow/.local/lib/python3.8/site-packages/airflow/example_dags/example_trigger_controller_dag.py for tasks to queue
[2023-12-20T17:33:05.499+0000] {logging_mixin.py:188} INFO - [2023-12-20T17:33:05.498+0000] {dagbag.py:538} INFO - Filling up the DagBag from /home/airflow/.local/lib/python3.8/site-packages/airflow/example_dags/example_trigger_controller_dag.py
[2023-12-20T17:33:05.513+0000] {processor.py:840} INFO - DAG(s) 'example_trigger_controller_dag' retrieved from /home/airflow/.local/lib/python3.8/site-packages/airflow/example_dags/example_trigger_controller_dag.py
[2023-12-20T17:33:05.604+0000] {logging_mixin.py:188} INFO - [2023-12-20T17:33:05.603+0000] {dag.py:3033} INFO - Sync 1 DAGs
[2023-12-20T17:33:05.696+0000] {logging_mixin.py:188} INFO - [2023-12-20T17:33:05.695+0000] {dag.py:3820} INFO - Setting next_dagrun for example_trigger_controller_dag to 2021-01-01T00:00:00+00:00, run_after=2021-01-01T00:00:00+00:00
[2023-12-20T17:33:05.804+0000] {processor.py:183} INFO - Processing /home/airflow/.local/lib/python3.8/site-packages/airflow/example_dags/example_trigger_controller_dag.py took 0.322 seconds
[2023-12-20T17:33:36.392+0000] {processor.py:161} INFO - Started process (PID=879) to work on /home/airflow/.local/lib/python3.8/site-packages/airflow/example_dags/example_trigger_controller_dag.py
[2023-12-20T17:33:36.394+0000] {processor.py:830} INFO - Processing file /home/airflow/.local/lib/python3.8/site-packages/airflow/example_dags/example_trigger_controller_dag.py for tasks to queue
[2023-12-20T17:33:36.398+0000] {logging_mixin.py:188} INFO - [2023-12-20T17:33:36.398+0000] {dagbag.py:538} INFO - Filling up the DagBag from /home/airflow/.local/lib/python3.8/site-packages/airflow/example_dags/example_trigger_controller_dag.py
[2023-12-20T17:33:36.412+0000] {processor.py:840} INFO - DAG(s) 'example_trigger_controller_dag' retrieved from /home/airflow/.local/lib/python3.8/site-packages/airflow/example_dags/example_trigger_controller_dag.py
[2023-12-20T17:33:36.448+0000] {logging_mixin.py:188} INFO - [2023-12-20T17:33:36.448+0000] {dag.py:3033} INFO - Sync 1 DAGs
[2023-12-20T17:33:36.493+0000] {logging_mixin.py:188} INFO - [2023-12-20T17:33:36.493+0000] {dag.py:3820} INFO - Setting next_dagrun for example_trigger_controller_dag to 2021-01-01T00:00:00+00:00, run_after=2021-01-01T00:00:00+00:00
[2023-12-20T17:33:36.537+0000] {processor.py:183} INFO - Processing /home/airflow/.local/lib/python3.8/site-packages/airflow/example_dags/example_trigger_controller_dag.py took 0.153 seconds
[2023-12-20T17:34:07.353+0000] {processor.py:161} INFO - Started process (PID=934) to work on /home/airflow/.local/lib/python3.8/site-packages/airflow/example_dags/example_trigger_controller_dag.py
[2023-12-20T17:34:07.354+0000] {processor.py:830} INFO - Processing file /home/airflow/.local/lib/python3.8/site-packages/airflow/example_dags/example_trigger_controller_dag.py for tasks to queue
[2023-12-20T17:34:07.360+0000] {logging_mixin.py:188} INFO - [2023-12-20T17:34:07.359+0000] {dagbag.py:538} INFO - Filling up the DagBag from /home/airflow/.local/lib/python3.8/site-packages/airflow/example_dags/example_trigger_controller_dag.py
[2023-12-20T17:34:07.368+0000] {processor.py:840} INFO - DAG(s) 'example_trigger_controller_dag' retrieved from /home/airflow/.local/lib/python3.8/site-packages/airflow/example_dags/example_trigger_controller_dag.py
[2023-12-20T17:34:07.421+0000] {logging_mixin.py:188} INFO - [2023-12-20T17:34:07.421+0000] {dag.py:3033} INFO - Sync 1 DAGs
[2023-12-20T17:34:07.479+0000] {logging_mixin.py:188} INFO - [2023-12-20T17:34:07.477+0000] {dag.py:3820} INFO - Setting next_dagrun for example_trigger_controller_dag to 2021-01-01T00:00:00+00:00, run_after=2021-01-01T00:00:00+00:00
[2023-12-20T17:34:07.524+0000] {processor.py:183} INFO - Processing /home/airflow/.local/lib/python3.8/site-packages/airflow/example_dags/example_trigger_controller_dag.py took 0.179 seconds
[2023-12-20T17:34:37.817+0000] {processor.py:161} INFO - Started process (PID=989) to work on /home/airflow/.local/lib/python3.8/site-packages/airflow/example_dags/example_trigger_controller_dag.py
[2023-12-20T17:34:37.823+0000] {processor.py:830} INFO - Processing file /home/airflow/.local/lib/python3.8/site-packages/airflow/example_dags/example_trigger_controller_dag.py for tasks to queue
[2023-12-20T17:34:37.828+0000] {logging_mixin.py:188} INFO - [2023-12-20T17:34:37.827+0000] {dagbag.py:538} INFO - Filling up the DagBag from /home/airflow/.local/lib/python3.8/site-packages/airflow/example_dags/example_trigger_controller_dag.py
[2023-12-20T17:34:37.841+0000] {processor.py:840} INFO - DAG(s) 'example_trigger_controller_dag' retrieved from /home/airflow/.local/lib/python3.8/site-packages/airflow/example_dags/example_trigger_controller_dag.py
[2023-12-20T17:34:37.882+0000] {logging_mixin.py:188} INFO - [2023-12-20T17:34:37.882+0000] {dag.py:3033} INFO - Sync 1 DAGs
[2023-12-20T17:34:37.946+0000] {logging_mixin.py:188} INFO - [2023-12-20T17:34:37.946+0000] {dag.py:3820} INFO - Setting next_dagrun for example_trigger_controller_dag to 2021-01-01T00:00:00+00:00, run_after=2021-01-01T00:00:00+00:00
[2023-12-20T17:34:38.002+0000] {processor.py:183} INFO - Processing /home/airflow/.local/lib/python3.8/site-packages/airflow/example_dags/example_trigger_controller_dag.py took 0.191 seconds
[2023-12-20T17:35:08.413+0000] {processor.py:161} INFO - Started process (PID=1043) to work on /home/airflow/.local/lib/python3.8/site-packages/airflow/example_dags/example_trigger_controller_dag.py
[2023-12-20T17:35:08.414+0000] {processor.py:830} INFO - Processing file /home/airflow/.local/lib/python3.8/site-packages/airflow/example_dags/example_trigger_controller_dag.py for tasks to queue
[2023-12-20T17:35:08.418+0000] {logging_mixin.py:188} INFO - [2023-12-20T17:35:08.418+0000] {dagbag.py:538} INFO - Filling up the DagBag from /home/airflow/.local/lib/python3.8/site-packages/airflow/example_dags/example_trigger_controller_dag.py
[2023-12-20T17:35:08.431+0000] {processor.py:840} INFO - DAG(s) 'example_trigger_controller_dag' retrieved from /home/airflow/.local/lib/python3.8/site-packages/airflow/example_dags/example_trigger_controller_dag.py
[2023-12-20T17:35:08.472+0000] {logging_mixin.py:188} INFO - [2023-12-20T17:35:08.472+0000] {dag.py:3033} INFO - Sync 1 DAGs
[2023-12-20T17:35:08.516+0000] {logging_mixin.py:188} INFO - [2023-12-20T17:35:08.516+0000] {dag.py:3820} INFO - Setting next_dagrun for example_trigger_controller_dag to 2021-01-01T00:00:00+00:00, run_after=2021-01-01T00:00:00+00:00
[2023-12-20T17:35:08.559+0000] {processor.py:183} INFO - Processing /home/airflow/.local/lib/python3.8/site-packages/airflow/example_dags/example_trigger_controller_dag.py took 0.155 seconds
[2023-12-20T17:35:38.926+0000] {processor.py:161} INFO - Started process (PID=1098) to work on /home/airflow/.local/lib/python3.8/site-packages/airflow/example_dags/example_trigger_controller_dag.py
[2023-12-20T17:35:38.929+0000] {processor.py:830} INFO - Processing file /home/airflow/.local/lib/python3.8/site-packages/airflow/example_dags/example_trigger_controller_dag.py for tasks to queue
[2023-12-20T17:35:38.932+0000] {logging_mixin.py:188} INFO - [2023-12-20T17:35:38.932+0000] {dagbag.py:538} INFO - Filling up the DagBag from /home/airflow/.local/lib/python3.8/site-packages/airflow/example_dags/example_trigger_controller_dag.py
[2023-12-20T17:35:38.940+0000] {processor.py:840} INFO - DAG(s) 'example_trigger_controller_dag' retrieved from /home/airflow/.local/lib/python3.8/site-packages/airflow/example_dags/example_trigger_controller_dag.py
[2023-12-20T17:35:38.983+0000] {logging_mixin.py:188} INFO - [2023-12-20T17:35:38.982+0000] {dag.py:3033} INFO - Sync 1 DAGs
[2023-12-20T17:35:39.036+0000] {logging_mixin.py:188} INFO - [2023-12-20T17:35:39.035+0000] {dag.py:3820} INFO - Setting next_dagrun for example_trigger_controller_dag to 2021-01-01T00:00:00+00:00, run_after=2021-01-01T00:00:00+00:00
[2023-12-20T17:35:39.081+0000] {processor.py:183} INFO - Processing /home/airflow/.local/lib/python3.8/site-packages/airflow/example_dags/example_trigger_controller_dag.py took 0.162 seconds
[2023-12-20T17:36:09.216+0000] {processor.py:161} INFO - Started process (PID=1153) to work on /home/airflow/.local/lib/python3.8/site-packages/airflow/example_dags/example_trigger_controller_dag.py
[2023-12-20T17:36:09.218+0000] {processor.py:830} INFO - Processing file /home/airflow/.local/lib/python3.8/site-packages/airflow/example_dags/example_trigger_controller_dag.py for tasks to queue
[2023-12-20T17:36:09.221+0000] {logging_mixin.py:188} INFO - [2023-12-20T17:36:09.220+0000] {dagbag.py:538} INFO - Filling up the DagBag from /home/airflow/.local/lib/python3.8/site-packages/airflow/example_dags/example_trigger_controller_dag.py
[2023-12-20T17:36:09.228+0000] {processor.py:840} INFO - DAG(s) 'example_trigger_controller_dag' retrieved from /home/airflow/.local/lib/python3.8/site-packages/airflow/example_dags/example_trigger_controller_dag.py
[2023-12-20T17:36:09.255+0000] {logging_mixin.py:188} INFO - [2023-12-20T17:36:09.255+0000] {dag.py:3033} INFO - Sync 1 DAGs
[2023-12-20T17:36:09.282+0000] {logging_mixin.py:188} INFO - [2023-12-20T17:36:09.282+0000] {dag.py:3820} INFO - Setting next_dagrun for example_trigger_controller_dag to 2021-01-01T00:00:00+00:00, run_after=2021-01-01T00:00:00+00:00
[2023-12-20T17:36:09.314+0000] {processor.py:183} INFO - Processing /home/airflow/.local/lib/python3.8/site-packages/airflow/example_dags/example_trigger_controller_dag.py took 0.104 seconds
[2023-12-20T17:36:39.538+0000] {processor.py:161} INFO - Started process (PID=1208) to work on /home/airflow/.local/lib/python3.8/site-packages/airflow/example_dags/example_trigger_controller_dag.py
[2023-12-20T17:36:39.542+0000] {processor.py:830} INFO - Processing file /home/airflow/.local/lib/python3.8/site-packages/airflow/example_dags/example_trigger_controller_dag.py for tasks to queue
[2023-12-20T17:36:39.551+0000] {logging_mixin.py:188} INFO - [2023-12-20T17:36:39.551+0000] {dagbag.py:538} INFO - Filling up the DagBag from /home/airflow/.local/lib/python3.8/site-packages/airflow/example_dags/example_trigger_controller_dag.py
[2023-12-20T17:36:39.562+0000] {processor.py:840} INFO - DAG(s) 'example_trigger_controller_dag' retrieved from /home/airflow/.local/lib/python3.8/site-packages/airflow/example_dags/example_trigger_controller_dag.py
[2023-12-20T17:36:39.602+0000] {logging_mixin.py:188} INFO - [2023-12-20T17:36:39.602+0000] {dag.py:3033} INFO - Sync 1 DAGs
[2023-12-20T17:36:39.647+0000] {logging_mixin.py:188} INFO - [2023-12-20T17:36:39.646+0000] {dag.py:3820} INFO - Setting next_dagrun for example_trigger_controller_dag to 2021-01-01T00:00:00+00:00, run_after=2021-01-01T00:00:00+00:00
[2023-12-20T17:36:39.691+0000] {processor.py:183} INFO - Processing /home/airflow/.local/lib/python3.8/site-packages/airflow/example_dags/example_trigger_controller_dag.py took 0.160 seconds
[2023-12-20T17:37:09.988+0000] {processor.py:161} INFO - Started process (PID=1262) to work on /home/airflow/.local/lib/python3.8/site-packages/airflow/example_dags/example_trigger_controller_dag.py
[2023-12-20T17:37:09.989+0000] {processor.py:830} INFO - Processing file /home/airflow/.local/lib/python3.8/site-packages/airflow/example_dags/example_trigger_controller_dag.py for tasks to queue
[2023-12-20T17:37:09.992+0000] {logging_mixin.py:188} INFO - [2023-12-20T17:37:09.992+0000] {dagbag.py:538} INFO - Filling up the DagBag from /home/airflow/.local/lib/python3.8/site-packages/airflow/example_dags/example_trigger_controller_dag.py
[2023-12-20T17:37:09.998+0000] {processor.py:840} INFO - DAG(s) 'example_trigger_controller_dag' retrieved from /home/airflow/.local/lib/python3.8/site-packages/airflow/example_dags/example_trigger_controller_dag.py
[2023-12-20T17:37:10.030+0000] {logging_mixin.py:188} INFO - [2023-12-20T17:37:10.029+0000] {dag.py:3033} INFO - Sync 1 DAGs
[2023-12-20T17:37:10.056+0000] {logging_mixin.py:188} INFO - [2023-12-20T17:37:10.055+0000] {dag.py:3820} INFO - Setting next_dagrun for example_trigger_controller_dag to 2021-01-01T00:00:00+00:00, run_after=2021-01-01T00:00:00+00:00
[2023-12-20T17:37:10.089+0000] {processor.py:183} INFO - Processing /home/airflow/.local/lib/python3.8/site-packages/airflow/example_dags/example_trigger_controller_dag.py took 0.106 seconds
