[2023-12-20T17:20:51.148+0000] {processor.py:161} INFO - Started process (PID=219) to work on /home/airflow/.local/lib/python3.8/site-packages/airflow/example_dags/example_latest_only.py
[2023-12-20T17:20:51.149+0000] {processor.py:830} INFO - Processing file /home/airflow/.local/lib/python3.8/site-packages/airflow/example_dags/example_latest_only.py for tasks to queue
[2023-12-20T17:20:51.150+0000] {logging_mixin.py:188} INFO - [2023-12-20T17:20:51.150+0000] {dagbag.py:538} INFO - Filling up the DagBag from /home/airflow/.local/lib/python3.8/site-packages/airflow/example_dags/example_latest_only.py
[2023-12-20T17:20:51.170+0000] {processor.py:840} INFO - DAG(s) 'latest_only' retrieved from /home/airflow/.local/lib/python3.8/site-packages/airflow/example_dags/example_latest_only.py
[2023-12-20T17:20:51.501+0000] {logging_mixin.py:188} INFO - [2023-12-20T17:20:51.501+0000] {dag.py:3033} INFO - Sync 1 DAGs
[2023-12-20T17:20:51.538+0000] {logging_mixin.py:188} INFO - [2023-12-20T17:20:51.538+0000] {dag.py:3820} INFO - Setting next_dagrun for latest_only to 2023-12-20T12:00:00+00:00, run_after=2023-12-20T16:00:00+00:00
[2023-12-20T17:20:51.574+0000] {processor.py:183} INFO - Processing /home/airflow/.local/lib/python3.8/site-packages/airflow/example_dags/example_latest_only.py took 0.443 seconds
[2023-12-20T17:21:22.023+0000] {processor.py:161} INFO - Started process (PID=466) to work on /home/airflow/.local/lib/python3.8/site-packages/airflow/example_dags/example_latest_only.py
[2023-12-20T17:21:22.037+0000] {processor.py:830} INFO - Processing file /home/airflow/.local/lib/python3.8/site-packages/airflow/example_dags/example_latest_only.py for tasks to queue
[2023-12-20T17:21:22.038+0000] {logging_mixin.py:188} INFO - [2023-12-20T17:21:22.038+0000] {dagbag.py:538} INFO - Filling up the DagBag from /home/airflow/.local/lib/python3.8/site-packages/airflow/example_dags/example_latest_only.py
[2023-12-20T17:21:22.048+0000] {processor.py:840} INFO - DAG(s) 'latest_only' retrieved from /home/airflow/.local/lib/python3.8/site-packages/airflow/example_dags/example_latest_only.py
[2023-12-20T17:21:22.089+0000] {logging_mixin.py:188} INFO - [2023-12-20T17:21:22.089+0000] {dag.py:3033} INFO - Sync 1 DAGs
[2023-12-20T17:21:22.137+0000] {logging_mixin.py:188} INFO - [2023-12-20T17:21:22.137+0000] {dag.py:3820} INFO - Setting next_dagrun for latest_only to 2023-12-20T12:00:00+00:00, run_after=2023-12-20T16:00:00+00:00
[2023-12-20T17:21:22.168+0000] {processor.py:183} INFO - Processing /home/airflow/.local/lib/python3.8/site-packages/airflow/example_dags/example_latest_only.py took 0.150 seconds
[2023-12-20T17:21:52.889+0000] {processor.py:161} INFO - Started process (PID=712) to work on /home/airflow/.local/lib/python3.8/site-packages/airflow/example_dags/example_latest_only.py
[2023-12-20T17:21:52.891+0000] {processor.py:830} INFO - Processing file /home/airflow/.local/lib/python3.8/site-packages/airflow/example_dags/example_latest_only.py for tasks to queue
[2023-12-20T17:21:52.892+0000] {logging_mixin.py:188} INFO - [2023-12-20T17:21:52.892+0000] {dagbag.py:538} INFO - Filling up the DagBag from /home/airflow/.local/lib/python3.8/site-packages/airflow/example_dags/example_latest_only.py
[2023-12-20T17:21:52.902+0000] {processor.py:840} INFO - DAG(s) 'latest_only' retrieved from /home/airflow/.local/lib/python3.8/site-packages/airflow/example_dags/example_latest_only.py
[2023-12-20T17:21:52.936+0000] {logging_mixin.py:188} INFO - [2023-12-20T17:21:52.935+0000] {dag.py:3033} INFO - Sync 1 DAGs
[2023-12-20T17:21:52.984+0000] {logging_mixin.py:188} INFO - [2023-12-20T17:21:52.983+0000] {dag.py:3820} INFO - Setting next_dagrun for latest_only to 2023-12-20T12:00:00+00:00, run_after=2023-12-20T16:00:00+00:00
[2023-12-20T17:21:53.019+0000] {processor.py:183} INFO - Processing /home/airflow/.local/lib/python3.8/site-packages/airflow/example_dags/example_latest_only.py took 0.135 seconds
[2023-12-20T17:22:23.213+0000] {processor.py:161} INFO - Started process (PID=957) to work on /home/airflow/.local/lib/python3.8/site-packages/airflow/example_dags/example_latest_only.py
[2023-12-20T17:22:23.219+0000] {processor.py:830} INFO - Processing file /home/airflow/.local/lib/python3.8/site-packages/airflow/example_dags/example_latest_only.py for tasks to queue
[2023-12-20T17:22:23.220+0000] {logging_mixin.py:188} INFO - [2023-12-20T17:22:23.220+0000] {dagbag.py:538} INFO - Filling up the DagBag from /home/airflow/.local/lib/python3.8/site-packages/airflow/example_dags/example_latest_only.py
[2023-12-20T17:22:23.241+0000] {processor.py:840} INFO - DAG(s) 'latest_only' retrieved from /home/airflow/.local/lib/python3.8/site-packages/airflow/example_dags/example_latest_only.py
[2023-12-20T17:22:23.332+0000] {logging_mixin.py:188} INFO - [2023-12-20T17:22:23.332+0000] {dag.py:3033} INFO - Sync 1 DAGs
[2023-12-20T17:22:23.429+0000] {logging_mixin.py:188} INFO - [2023-12-20T17:22:23.429+0000] {dag.py:3820} INFO - Setting next_dagrun for latest_only to 2023-12-20T12:00:00+00:00, run_after=2023-12-20T16:00:00+00:00
[2023-12-20T17:22:23.471+0000] {processor.py:183} INFO - Processing /home/airflow/.local/lib/python3.8/site-packages/airflow/example_dags/example_latest_only.py took 0.264 seconds
[2023-12-20T17:22:54.339+0000] {processor.py:161} INFO - Started process (PID=1206) to work on /home/airflow/.local/lib/python3.8/site-packages/airflow/example_dags/example_latest_only.py
[2023-12-20T17:22:54.340+0000] {processor.py:830} INFO - Processing file /home/airflow/.local/lib/python3.8/site-packages/airflow/example_dags/example_latest_only.py for tasks to queue
[2023-12-20T17:22:54.342+0000] {logging_mixin.py:188} INFO - [2023-12-20T17:22:54.341+0000] {dagbag.py:538} INFO - Filling up the DagBag from /home/airflow/.local/lib/python3.8/site-packages/airflow/example_dags/example_latest_only.py
[2023-12-20T17:22:54.349+0000] {processor.py:840} INFO - DAG(s) 'latest_only' retrieved from /home/airflow/.local/lib/python3.8/site-packages/airflow/example_dags/example_latest_only.py
[2023-12-20T17:22:54.377+0000] {logging_mixin.py:188} INFO - [2023-12-20T17:22:54.377+0000] {dag.py:3033} INFO - Sync 1 DAGs
[2023-12-20T17:22:54.412+0000] {logging_mixin.py:188} INFO - [2023-12-20T17:22:54.412+0000] {dag.py:3820} INFO - Setting next_dagrun for latest_only to 2023-12-20T12:00:00+00:00, run_after=2023-12-20T16:00:00+00:00
[2023-12-20T17:22:54.444+0000] {processor.py:183} INFO - Processing /home/airflow/.local/lib/python3.8/site-packages/airflow/example_dags/example_latest_only.py took 0.114 seconds
[2023-12-20T17:23:24.854+0000] {processor.py:161} INFO - Started process (PID=1453) to work on /home/airflow/.local/lib/python3.8/site-packages/airflow/example_dags/example_latest_only.py
[2023-12-20T17:23:24.856+0000] {processor.py:830} INFO - Processing file /home/airflow/.local/lib/python3.8/site-packages/airflow/example_dags/example_latest_only.py for tasks to queue
[2023-12-20T17:23:24.857+0000] {logging_mixin.py:188} INFO - [2023-12-20T17:23:24.856+0000] {dagbag.py:538} INFO - Filling up the DagBag from /home/airflow/.local/lib/python3.8/site-packages/airflow/example_dags/example_latest_only.py
[2023-12-20T17:23:24.867+0000] {processor.py:840} INFO - DAG(s) 'latest_only' retrieved from /home/airflow/.local/lib/python3.8/site-packages/airflow/example_dags/example_latest_only.py
[2023-12-20T17:23:24.905+0000] {logging_mixin.py:188} INFO - [2023-12-20T17:23:24.905+0000] {dag.py:3033} INFO - Sync 1 DAGs
[2023-12-20T17:23:24.945+0000] {logging_mixin.py:188} INFO - [2023-12-20T17:23:24.945+0000] {dag.py:3820} INFO - Setting next_dagrun for latest_only to 2023-12-20T12:00:00+00:00, run_after=2023-12-20T16:00:00+00:00
[2023-12-20T17:23:24.980+0000] {processor.py:183} INFO - Processing /home/airflow/.local/lib/python3.8/site-packages/airflow/example_dags/example_latest_only.py took 0.147 seconds
[2023-12-20T17:23:55.380+0000] {processor.py:161} INFO - Started process (PID=1700) to work on /home/airflow/.local/lib/python3.8/site-packages/airflow/example_dags/example_latest_only.py
[2023-12-20T17:23:55.383+0000] {processor.py:830} INFO - Processing file /home/airflow/.local/lib/python3.8/site-packages/airflow/example_dags/example_latest_only.py for tasks to queue
[2023-12-20T17:23:55.384+0000] {logging_mixin.py:188} INFO - [2023-12-20T17:23:55.384+0000] {dagbag.py:538} INFO - Filling up the DagBag from /home/airflow/.local/lib/python3.8/site-packages/airflow/example_dags/example_latest_only.py
[2023-12-20T17:23:55.401+0000] {processor.py:840} INFO - DAG(s) 'latest_only' retrieved from /home/airflow/.local/lib/python3.8/site-packages/airflow/example_dags/example_latest_only.py
[2023-12-20T17:23:55.487+0000] {logging_mixin.py:188} INFO - [2023-12-20T17:23:55.482+0000] {dag.py:3033} INFO - Sync 1 DAGs
[2023-12-20T17:23:55.539+0000] {logging_mixin.py:188} INFO - [2023-12-20T17:23:55.538+0000] {dag.py:3820} INFO - Setting next_dagrun for latest_only to 2023-12-20T12:00:00+00:00, run_after=2023-12-20T16:00:00+00:00
[2023-12-20T17:23:55.597+0000] {processor.py:183} INFO - Processing /home/airflow/.local/lib/python3.8/site-packages/airflow/example_dags/example_latest_only.py took 0.240 seconds
[2023-12-20T17:24:25.696+0000] {processor.py:161} INFO - Started process (PID=1944) to work on /home/airflow/.local/lib/python3.8/site-packages/airflow/example_dags/example_latest_only.py
[2023-12-20T17:24:25.703+0000] {processor.py:830} INFO - Processing file /home/airflow/.local/lib/python3.8/site-packages/airflow/example_dags/example_latest_only.py for tasks to queue
[2023-12-20T17:24:25.705+0000] {logging_mixin.py:188} INFO - [2023-12-20T17:24:25.704+0000] {dagbag.py:538} INFO - Filling up the DagBag from /home/airflow/.local/lib/python3.8/site-packages/airflow/example_dags/example_latest_only.py
[2023-12-20T17:24:25.712+0000] {processor.py:840} INFO - DAG(s) 'latest_only' retrieved from /home/airflow/.local/lib/python3.8/site-packages/airflow/example_dags/example_latest_only.py
[2023-12-20T17:24:25.742+0000] {logging_mixin.py:188} INFO - [2023-12-20T17:24:25.741+0000] {dag.py:3033} INFO - Sync 1 DAGs
[2023-12-20T17:24:25.780+0000] {logging_mixin.py:188} INFO - [2023-12-20T17:24:25.780+0000] {dag.py:3820} INFO - Setting next_dagrun for latest_only to 2023-12-20T12:00:00+00:00, run_after=2023-12-20T16:00:00+00:00
[2023-12-20T17:24:25.813+0000] {processor.py:183} INFO - Processing /home/airflow/.local/lib/python3.8/site-packages/airflow/example_dags/example_latest_only.py took 0.122 seconds
[2023-12-20T17:25:52.881+0000] {processor.py:161} INFO - Started process (PID=47) to work on /home/airflow/.local/lib/python3.8/site-packages/airflow/example_dags/example_latest_only.py
[2023-12-20T17:25:52.887+0000] {processor.py:830} INFO - Processing file /home/airflow/.local/lib/python3.8/site-packages/airflow/example_dags/example_latest_only.py for tasks to queue
[2023-12-20T17:25:52.890+0000] {logging_mixin.py:188} INFO - [2023-12-20T17:25:52.889+0000] {dagbag.py:538} INFO - Filling up the DagBag from /home/airflow/.local/lib/python3.8/site-packages/airflow/example_dags/example_latest_only.py
[2023-12-20T17:25:52.913+0000] {processor.py:840} INFO - DAG(s) 'latest_only' retrieved from /home/airflow/.local/lib/python3.8/site-packages/airflow/example_dags/example_latest_only.py
[2023-12-20T17:25:53.429+0000] {logging_mixin.py:188} INFO - [2023-12-20T17:25:53.429+0000] {dag.py:3033} INFO - Sync 1 DAGs
[2023-12-20T17:25:53.511+0000] {logging_mixin.py:188} INFO - [2023-12-20T17:25:53.510+0000] {dag.py:3820} INFO - Setting next_dagrun for latest_only to 2023-12-20T12:00:00+00:00, run_after=2023-12-20T16:00:00+00:00
[2023-12-20T17:25:53.599+0000] {processor.py:183} INFO - Processing /home/airflow/.local/lib/python3.8/site-packages/airflow/example_dags/example_latest_only.py took 0.731 seconds
[2023-12-20T17:26:24.298+0000] {processor.py:161} INFO - Started process (PID=101) to work on /home/airflow/.local/lib/python3.8/site-packages/airflow/example_dags/example_latest_only.py
[2023-12-20T17:26:24.306+0000] {processor.py:830} INFO - Processing file /home/airflow/.local/lib/python3.8/site-packages/airflow/example_dags/example_latest_only.py for tasks to queue
[2023-12-20T17:26:24.310+0000] {logging_mixin.py:188} INFO - [2023-12-20T17:26:24.310+0000] {dagbag.py:538} INFO - Filling up the DagBag from /home/airflow/.local/lib/python3.8/site-packages/airflow/example_dags/example_latest_only.py
[2023-12-20T17:26:24.319+0000] {processor.py:840} INFO - DAG(s) 'latest_only' retrieved from /home/airflow/.local/lib/python3.8/site-packages/airflow/example_dags/example_latest_only.py
[2023-12-20T17:26:24.351+0000] {logging_mixin.py:188} INFO - [2023-12-20T17:26:24.350+0000] {dag.py:3033} INFO - Sync 1 DAGs
[2023-12-20T17:26:24.389+0000] {logging_mixin.py:188} INFO - [2023-12-20T17:26:24.389+0000] {dag.py:3820} INFO - Setting next_dagrun for latest_only to 2023-12-20T12:00:00+00:00, run_after=2023-12-20T16:00:00+00:00
[2023-12-20T17:26:24.424+0000] {processor.py:183} INFO - Processing /home/airflow/.local/lib/python3.8/site-packages/airflow/example_dags/example_latest_only.py took 0.133 seconds
[2023-12-20T17:26:54.947+0000] {processor.py:161} INFO - Started process (PID=155) to work on /home/airflow/.local/lib/python3.8/site-packages/airflow/example_dags/example_latest_only.py
[2023-12-20T17:26:54.948+0000] {processor.py:830} INFO - Processing file /home/airflow/.local/lib/python3.8/site-packages/airflow/example_dags/example_latest_only.py for tasks to queue
[2023-12-20T17:26:54.951+0000] {logging_mixin.py:188} INFO - [2023-12-20T17:26:54.951+0000] {dagbag.py:538} INFO - Filling up the DagBag from /home/airflow/.local/lib/python3.8/site-packages/airflow/example_dags/example_latest_only.py
[2023-12-20T17:26:54.959+0000] {processor.py:840} INFO - DAG(s) 'latest_only' retrieved from /home/airflow/.local/lib/python3.8/site-packages/airflow/example_dags/example_latest_only.py
[2023-12-20T17:26:55.001+0000] {logging_mixin.py:188} INFO - [2023-12-20T17:26:55.000+0000] {dag.py:3033} INFO - Sync 1 DAGs
[2023-12-20T17:26:55.031+0000] {logging_mixin.py:188} INFO - [2023-12-20T17:26:55.030+0000] {dag.py:3820} INFO - Setting next_dagrun for latest_only to 2023-12-20T12:00:00+00:00, run_after=2023-12-20T16:00:00+00:00
[2023-12-20T17:26:55.072+0000] {processor.py:183} INFO - Processing /home/airflow/.local/lib/python3.8/site-packages/airflow/example_dags/example_latest_only.py took 0.131 seconds
[2023-12-20T17:27:25.638+0000] {processor.py:161} INFO - Started process (PID=210) to work on /home/airflow/.local/lib/python3.8/site-packages/airflow/example_dags/example_latest_only.py
[2023-12-20T17:27:25.648+0000] {processor.py:830} INFO - Processing file /home/airflow/.local/lib/python3.8/site-packages/airflow/example_dags/example_latest_only.py for tasks to queue
[2023-12-20T17:27:25.652+0000] {logging_mixin.py:188} INFO - [2023-12-20T17:27:25.652+0000] {dagbag.py:538} INFO - Filling up the DagBag from /home/airflow/.local/lib/python3.8/site-packages/airflow/example_dags/example_latest_only.py
[2023-12-20T17:27:25.661+0000] {processor.py:840} INFO - DAG(s) 'latest_only' retrieved from /home/airflow/.local/lib/python3.8/site-packages/airflow/example_dags/example_latest_only.py
[2023-12-20T17:27:25.696+0000] {logging_mixin.py:188} INFO - [2023-12-20T17:27:25.696+0000] {dag.py:3033} INFO - Sync 1 DAGs
[2023-12-20T17:27:25.730+0000] {logging_mixin.py:188} INFO - [2023-12-20T17:27:25.729+0000] {dag.py:3820} INFO - Setting next_dagrun for latest_only to 2023-12-20T12:00:00+00:00, run_after=2023-12-20T16:00:00+00:00
[2023-12-20T17:27:25.773+0000] {processor.py:183} INFO - Processing /home/airflow/.local/lib/python3.8/site-packages/airflow/example_dags/example_latest_only.py took 0.147 seconds
[2023-12-20T17:27:55.883+0000] {processor.py:161} INFO - Started process (PID=265) to work on /home/airflow/.local/lib/python3.8/site-packages/airflow/example_dags/example_latest_only.py
[2023-12-20T17:27:55.893+0000] {processor.py:830} INFO - Processing file /home/airflow/.local/lib/python3.8/site-packages/airflow/example_dags/example_latest_only.py for tasks to queue
[2023-12-20T17:27:55.897+0000] {logging_mixin.py:188} INFO - [2023-12-20T17:27:55.896+0000] {dagbag.py:538} INFO - Filling up the DagBag from /home/airflow/.local/lib/python3.8/site-packages/airflow/example_dags/example_latest_only.py
[2023-12-20T17:27:55.905+0000] {processor.py:840} INFO - DAG(s) 'latest_only' retrieved from /home/airflow/.local/lib/python3.8/site-packages/airflow/example_dags/example_latest_only.py
[2023-12-20T17:27:55.968+0000] {logging_mixin.py:188} INFO - [2023-12-20T17:27:55.967+0000] {dag.py:3033} INFO - Sync 1 DAGs
[2023-12-20T17:27:56.008+0000] {logging_mixin.py:188} INFO - [2023-12-20T17:27:56.008+0000] {dag.py:3820} INFO - Setting next_dagrun for latest_only to 2023-12-20T12:00:00+00:00, run_after=2023-12-20T16:00:00+00:00
[2023-12-20T17:27:56.063+0000] {processor.py:183} INFO - Processing /home/airflow/.local/lib/python3.8/site-packages/airflow/example_dags/example_latest_only.py took 0.186 seconds
[2023-12-20T17:28:26.829+0000] {processor.py:161} INFO - Started process (PID=319) to work on /home/airflow/.local/lib/python3.8/site-packages/airflow/example_dags/example_latest_only.py
[2023-12-20T17:28:26.830+0000] {processor.py:830} INFO - Processing file /home/airflow/.local/lib/python3.8/site-packages/airflow/example_dags/example_latest_only.py for tasks to queue
[2023-12-20T17:28:26.836+0000] {logging_mixin.py:188} INFO - [2023-12-20T17:28:26.835+0000] {dagbag.py:538} INFO - Filling up the DagBag from /home/airflow/.local/lib/python3.8/site-packages/airflow/example_dags/example_latest_only.py
[2023-12-20T17:28:26.851+0000] {processor.py:840} INFO - DAG(s) 'latest_only' retrieved from /home/airflow/.local/lib/python3.8/site-packages/airflow/example_dags/example_latest_only.py
[2023-12-20T17:28:26.890+0000] {logging_mixin.py:188} INFO - [2023-12-20T17:28:26.890+0000] {dag.py:3033} INFO - Sync 1 DAGs
[2023-12-20T17:28:26.944+0000] {logging_mixin.py:188} INFO - [2023-12-20T17:28:26.943+0000] {dag.py:3820} INFO - Setting next_dagrun for latest_only to 2023-12-20T12:00:00+00:00, run_after=2023-12-20T16:00:00+00:00
[2023-12-20T17:28:27.001+0000] {processor.py:183} INFO - Processing /home/airflow/.local/lib/python3.8/site-packages/airflow/example_dags/example_latest_only.py took 0.182 seconds
[2023-12-20T17:28:57.440+0000] {processor.py:161} INFO - Started process (PID=374) to work on /home/airflow/.local/lib/python3.8/site-packages/airflow/example_dags/example_latest_only.py
[2023-12-20T17:28:57.465+0000] {processor.py:830} INFO - Processing file /home/airflow/.local/lib/python3.8/site-packages/airflow/example_dags/example_latest_only.py for tasks to queue
[2023-12-20T17:28:57.469+0000] {logging_mixin.py:188} INFO - [2023-12-20T17:28:57.468+0000] {dagbag.py:538} INFO - Filling up the DagBag from /home/airflow/.local/lib/python3.8/site-packages/airflow/example_dags/example_latest_only.py
[2023-12-20T17:28:57.480+0000] {processor.py:840} INFO - DAG(s) 'latest_only' retrieved from /home/airflow/.local/lib/python3.8/site-packages/airflow/example_dags/example_latest_only.py
[2023-12-20T17:28:57.527+0000] {logging_mixin.py:188} INFO - [2023-12-20T17:28:57.527+0000] {dag.py:3033} INFO - Sync 1 DAGs
[2023-12-20T17:28:57.567+0000] {logging_mixin.py:188} INFO - [2023-12-20T17:28:57.566+0000] {dag.py:3820} INFO - Setting next_dagrun for latest_only to 2023-12-20T12:00:00+00:00, run_after=2023-12-20T16:00:00+00:00
[2023-12-20T17:28:57.608+0000] {processor.py:183} INFO - Processing /home/airflow/.local/lib/python3.8/site-packages/airflow/example_dags/example_latest_only.py took 0.177 seconds
[2023-12-20T17:29:28.181+0000] {processor.py:161} INFO - Started process (PID=429) to work on /home/airflow/.local/lib/python3.8/site-packages/airflow/example_dags/example_latest_only.py
[2023-12-20T17:29:28.184+0000] {processor.py:830} INFO - Processing file /home/airflow/.local/lib/python3.8/site-packages/airflow/example_dags/example_latest_only.py for tasks to queue
[2023-12-20T17:29:28.187+0000] {logging_mixin.py:188} INFO - [2023-12-20T17:29:28.187+0000] {dagbag.py:538} INFO - Filling up the DagBag from /home/airflow/.local/lib/python3.8/site-packages/airflow/example_dags/example_latest_only.py
[2023-12-20T17:29:28.197+0000] {processor.py:840} INFO - DAG(s) 'latest_only' retrieved from /home/airflow/.local/lib/python3.8/site-packages/airflow/example_dags/example_latest_only.py
[2023-12-20T17:29:28.261+0000] {logging_mixin.py:188} INFO - [2023-12-20T17:29:28.261+0000] {dag.py:3033} INFO - Sync 1 DAGs
[2023-12-20T17:29:28.321+0000] {logging_mixin.py:188} INFO - [2023-12-20T17:29:28.321+0000] {dag.py:3820} INFO - Setting next_dagrun for latest_only to 2023-12-20T12:00:00+00:00, run_after=2023-12-20T16:00:00+00:00
[2023-12-20T17:29:28.373+0000] {processor.py:183} INFO - Processing /home/airflow/.local/lib/python3.8/site-packages/airflow/example_dags/example_latest_only.py took 0.199 seconds
[2023-12-20T17:29:58.731+0000] {processor.py:161} INFO - Started process (PID=484) to work on /home/airflow/.local/lib/python3.8/site-packages/airflow/example_dags/example_latest_only.py
[2023-12-20T17:29:58.741+0000] {processor.py:830} INFO - Processing file /home/airflow/.local/lib/python3.8/site-packages/airflow/example_dags/example_latest_only.py for tasks to queue
[2023-12-20T17:29:58.745+0000] {logging_mixin.py:188} INFO - [2023-12-20T17:29:58.745+0000] {dagbag.py:538} INFO - Filling up the DagBag from /home/airflow/.local/lib/python3.8/site-packages/airflow/example_dags/example_latest_only.py
[2023-12-20T17:29:58.759+0000] {processor.py:840} INFO - DAG(s) 'latest_only' retrieved from /home/airflow/.local/lib/python3.8/site-packages/airflow/example_dags/example_latest_only.py
[2023-12-20T17:29:58.802+0000] {logging_mixin.py:188} INFO - [2023-12-20T17:29:58.801+0000] {dag.py:3033} INFO - Sync 1 DAGs
[2023-12-20T17:29:58.847+0000] {logging_mixin.py:188} INFO - [2023-12-20T17:29:58.847+0000] {dag.py:3820} INFO - Setting next_dagrun for latest_only to 2023-12-20T12:00:00+00:00, run_after=2023-12-20T16:00:00+00:00
[2023-12-20T17:29:58.910+0000] {processor.py:183} INFO - Processing /home/airflow/.local/lib/python3.8/site-packages/airflow/example_dags/example_latest_only.py took 0.187 seconds
[2023-12-20T17:30:29.089+0000] {processor.py:161} INFO - Started process (PID=539) to work on /home/airflow/.local/lib/python3.8/site-packages/airflow/example_dags/example_latest_only.py
[2023-12-20T17:30:29.091+0000] {processor.py:830} INFO - Processing file /home/airflow/.local/lib/python3.8/site-packages/airflow/example_dags/example_latest_only.py for tasks to queue
[2023-12-20T17:30:29.095+0000] {logging_mixin.py:188} INFO - [2023-12-20T17:30:29.095+0000] {dagbag.py:538} INFO - Filling up the DagBag from /home/airflow/.local/lib/python3.8/site-packages/airflow/example_dags/example_latest_only.py
[2023-12-20T17:30:29.106+0000] {processor.py:840} INFO - DAG(s) 'latest_only' retrieved from /home/airflow/.local/lib/python3.8/site-packages/airflow/example_dags/example_latest_only.py
[2023-12-20T17:30:29.173+0000] {logging_mixin.py:188} INFO - [2023-12-20T17:30:29.172+0000] {dag.py:3033} INFO - Sync 1 DAGs
[2023-12-20T17:30:29.221+0000] {logging_mixin.py:188} INFO - [2023-12-20T17:30:29.220+0000] {dag.py:3820} INFO - Setting next_dagrun for latest_only to 2023-12-20T12:00:00+00:00, run_after=2023-12-20T16:00:00+00:00
[2023-12-20T17:30:29.276+0000] {processor.py:183} INFO - Processing /home/airflow/.local/lib/python3.8/site-packages/airflow/example_dags/example_latest_only.py took 0.199 seconds
[2023-12-20T17:30:59.786+0000] {processor.py:161} INFO - Started process (PID=594) to work on /home/airflow/.local/lib/python3.8/site-packages/airflow/example_dags/example_latest_only.py
[2023-12-20T17:30:59.796+0000] {processor.py:830} INFO - Processing file /home/airflow/.local/lib/python3.8/site-packages/airflow/example_dags/example_latest_only.py for tasks to queue
[2023-12-20T17:30:59.801+0000] {logging_mixin.py:188} INFO - [2023-12-20T17:30:59.800+0000] {dagbag.py:538} INFO - Filling up the DagBag from /home/airflow/.local/lib/python3.8/site-packages/airflow/example_dags/example_latest_only.py
[2023-12-20T17:30:59.817+0000] {processor.py:840} INFO - DAG(s) 'latest_only' retrieved from /home/airflow/.local/lib/python3.8/site-packages/airflow/example_dags/example_latest_only.py
[2023-12-20T17:30:59.871+0000] {logging_mixin.py:188} INFO - [2023-12-20T17:30:59.871+0000] {dag.py:3033} INFO - Sync 1 DAGs
[2023-12-20T17:30:59.919+0000] {logging_mixin.py:188} INFO - [2023-12-20T17:30:59.918+0000] {dag.py:3820} INFO - Setting next_dagrun for latest_only to 2023-12-20T12:00:00+00:00, run_after=2023-12-20T16:00:00+00:00
[2023-12-20T17:30:59.972+0000] {processor.py:183} INFO - Processing /home/airflow/.local/lib/python3.8/site-packages/airflow/example_dags/example_latest_only.py took 0.193 seconds
[2023-12-20T17:31:30.112+0000] {processor.py:161} INFO - Started process (PID=648) to work on /home/airflow/.local/lib/python3.8/site-packages/airflow/example_dags/example_latest_only.py
[2023-12-20T17:31:30.115+0000] {processor.py:830} INFO - Processing file /home/airflow/.local/lib/python3.8/site-packages/airflow/example_dags/example_latest_only.py for tasks to queue
[2023-12-20T17:31:30.119+0000] {logging_mixin.py:188} INFO - [2023-12-20T17:31:30.118+0000] {dagbag.py:538} INFO - Filling up the DagBag from /home/airflow/.local/lib/python3.8/site-packages/airflow/example_dags/example_latest_only.py
[2023-12-20T17:31:30.132+0000] {processor.py:840} INFO - DAG(s) 'latest_only' retrieved from /home/airflow/.local/lib/python3.8/site-packages/airflow/example_dags/example_latest_only.py
[2023-12-20T17:31:30.218+0000] {logging_mixin.py:188} INFO - [2023-12-20T17:31:30.218+0000] {dag.py:3033} INFO - Sync 1 DAGs
[2023-12-20T17:31:30.268+0000] {logging_mixin.py:188} INFO - [2023-12-20T17:31:30.268+0000] {dag.py:3820} INFO - Setting next_dagrun for latest_only to 2023-12-20T12:00:00+00:00, run_after=2023-12-20T16:00:00+00:00
[2023-12-20T17:31:30.308+0000] {processor.py:183} INFO - Processing /home/airflow/.local/lib/python3.8/site-packages/airflow/example_dags/example_latest_only.py took 0.202 seconds
[2023-12-20T17:32:00.756+0000] {processor.py:161} INFO - Started process (PID=703) to work on /home/airflow/.local/lib/python3.8/site-packages/airflow/example_dags/example_latest_only.py
[2023-12-20T17:32:00.757+0000] {processor.py:830} INFO - Processing file /home/airflow/.local/lib/python3.8/site-packages/airflow/example_dags/example_latest_only.py for tasks to queue
[2023-12-20T17:32:00.768+0000] {logging_mixin.py:188} INFO - [2023-12-20T17:32:00.767+0000] {dagbag.py:538} INFO - Filling up the DagBag from /home/airflow/.local/lib/python3.8/site-packages/airflow/example_dags/example_latest_only.py
[2023-12-20T17:32:00.781+0000] {processor.py:840} INFO - DAG(s) 'latest_only' retrieved from /home/airflow/.local/lib/python3.8/site-packages/airflow/example_dags/example_latest_only.py
[2023-12-20T17:32:00.837+0000] {logging_mixin.py:188} INFO - [2023-12-20T17:32:00.837+0000] {dag.py:3033} INFO - Sync 1 DAGs
[2023-12-20T17:32:00.893+0000] {logging_mixin.py:188} INFO - [2023-12-20T17:32:00.892+0000] {dag.py:3820} INFO - Setting next_dagrun for latest_only to 2023-12-20T12:00:00+00:00, run_after=2023-12-20T16:00:00+00:00
[2023-12-20T17:32:00.951+0000] {processor.py:183} INFO - Processing /home/airflow/.local/lib/python3.8/site-packages/airflow/example_dags/example_latest_only.py took 0.209 seconds
[2023-12-20T17:32:31.279+0000] {processor.py:161} INFO - Started process (PID=758) to work on /home/airflow/.local/lib/python3.8/site-packages/airflow/example_dags/example_latest_only.py
[2023-12-20T17:32:31.284+0000] {processor.py:830} INFO - Processing file /home/airflow/.local/lib/python3.8/site-packages/airflow/example_dags/example_latest_only.py for tasks to queue
[2023-12-20T17:32:31.288+0000] {logging_mixin.py:188} INFO - [2023-12-20T17:32:31.287+0000] {dagbag.py:538} INFO - Filling up the DagBag from /home/airflow/.local/lib/python3.8/site-packages/airflow/example_dags/example_latest_only.py
[2023-12-20T17:32:31.301+0000] {processor.py:840} INFO - DAG(s) 'latest_only' retrieved from /home/airflow/.local/lib/python3.8/site-packages/airflow/example_dags/example_latest_only.py
[2023-12-20T17:32:31.412+0000] {logging_mixin.py:188} INFO - [2023-12-20T17:32:31.412+0000] {dag.py:3033} INFO - Sync 1 DAGs
[2023-12-20T17:32:31.580+0000] {logging_mixin.py:188} INFO - [2023-12-20T17:32:31.580+0000] {dag.py:3820} INFO - Setting next_dagrun for latest_only to 2023-12-20T12:00:00+00:00, run_after=2023-12-20T16:00:00+00:00
[2023-12-20T17:32:31.673+0000] {processor.py:183} INFO - Processing /home/airflow/.local/lib/python3.8/site-packages/airflow/example_dags/example_latest_only.py took 0.402 seconds
[2023-12-20T17:33:01.785+0000] {processor.py:161} INFO - Started process (PID=814) to work on /home/airflow/.local/lib/python3.8/site-packages/airflow/example_dags/example_latest_only.py
[2023-12-20T17:33:01.787+0000] {processor.py:830} INFO - Processing file /home/airflow/.local/lib/python3.8/site-packages/airflow/example_dags/example_latest_only.py for tasks to queue
[2023-12-20T17:33:01.791+0000] {logging_mixin.py:188} INFO - [2023-12-20T17:33:01.790+0000] {dagbag.py:538} INFO - Filling up the DagBag from /home/airflow/.local/lib/python3.8/site-packages/airflow/example_dags/example_latest_only.py
[2023-12-20T17:33:01.800+0000] {processor.py:840} INFO - DAG(s) 'latest_only' retrieved from /home/airflow/.local/lib/python3.8/site-packages/airflow/example_dags/example_latest_only.py
[2023-12-20T17:33:01.856+0000] {logging_mixin.py:188} INFO - [2023-12-20T17:33:01.856+0000] {dag.py:3033} INFO - Sync 1 DAGs
[2023-12-20T17:33:01.911+0000] {logging_mixin.py:188} INFO - [2023-12-20T17:33:01.909+0000] {dag.py:3820} INFO - Setting next_dagrun for latest_only to 2023-12-20T12:00:00+00:00, run_after=2023-12-20T16:00:00+00:00
[2023-12-20T17:33:02.050+0000] {processor.py:183} INFO - Processing /home/airflow/.local/lib/python3.8/site-packages/airflow/example_dags/example_latest_only.py took 0.276 seconds
[2023-12-20T17:33:32.140+0000] {processor.py:161} INFO - Started process (PID=868) to work on /home/airflow/.local/lib/python3.8/site-packages/airflow/example_dags/example_latest_only.py
[2023-12-20T17:33:32.141+0000] {processor.py:830} INFO - Processing file /home/airflow/.local/lib/python3.8/site-packages/airflow/example_dags/example_latest_only.py for tasks to queue
[2023-12-20T17:33:32.144+0000] {logging_mixin.py:188} INFO - [2023-12-20T17:33:32.144+0000] {dagbag.py:538} INFO - Filling up the DagBag from /home/airflow/.local/lib/python3.8/site-packages/airflow/example_dags/example_latest_only.py
[2023-12-20T17:33:32.152+0000] {processor.py:840} INFO - DAG(s) 'latest_only' retrieved from /home/airflow/.local/lib/python3.8/site-packages/airflow/example_dags/example_latest_only.py
[2023-12-20T17:33:32.190+0000] {logging_mixin.py:188} INFO - [2023-12-20T17:33:32.189+0000] {dag.py:3033} INFO - Sync 1 DAGs
[2023-12-20T17:33:32.235+0000] {logging_mixin.py:188} INFO - [2023-12-20T17:33:32.234+0000] {dag.py:3820} INFO - Setting next_dagrun for latest_only to 2023-12-20T12:00:00+00:00, run_after=2023-12-20T16:00:00+00:00
[2023-12-20T17:33:32.264+0000] {processor.py:183} INFO - Processing /home/airflow/.local/lib/python3.8/site-packages/airflow/example_dags/example_latest_only.py took 0.129 seconds
[2023-12-20T17:34:02.941+0000] {processor.py:161} INFO - Started process (PID=923) to work on /home/airflow/.local/lib/python3.8/site-packages/airflow/example_dags/example_latest_only.py
[2023-12-20T17:34:02.943+0000] {processor.py:830} INFO - Processing file /home/airflow/.local/lib/python3.8/site-packages/airflow/example_dags/example_latest_only.py for tasks to queue
[2023-12-20T17:34:02.946+0000] {logging_mixin.py:188} INFO - [2023-12-20T17:34:02.946+0000] {dagbag.py:538} INFO - Filling up the DagBag from /home/airflow/.local/lib/python3.8/site-packages/airflow/example_dags/example_latest_only.py
[2023-12-20T17:34:02.955+0000] {processor.py:840} INFO - DAG(s) 'latest_only' retrieved from /home/airflow/.local/lib/python3.8/site-packages/airflow/example_dags/example_latest_only.py
[2023-12-20T17:34:03.032+0000] {logging_mixin.py:188} INFO - [2023-12-20T17:34:03.032+0000] {dag.py:3033} INFO - Sync 1 DAGs
[2023-12-20T17:34:03.091+0000] {logging_mixin.py:188} INFO - [2023-12-20T17:34:03.091+0000] {dag.py:3820} INFO - Setting next_dagrun for latest_only to 2023-12-20T12:00:00+00:00, run_after=2023-12-20T16:00:00+00:00
[2023-12-20T17:34:03.130+0000] {processor.py:183} INFO - Processing /home/airflow/.local/lib/python3.8/site-packages/airflow/example_dags/example_latest_only.py took 0.193 seconds
[2023-12-20T17:34:33.757+0000] {processor.py:161} INFO - Started process (PID=978) to work on /home/airflow/.local/lib/python3.8/site-packages/airflow/example_dags/example_latest_only.py
[2023-12-20T17:34:33.759+0000] {processor.py:830} INFO - Processing file /home/airflow/.local/lib/python3.8/site-packages/airflow/example_dags/example_latest_only.py for tasks to queue
[2023-12-20T17:34:33.763+0000] {logging_mixin.py:188} INFO - [2023-12-20T17:34:33.762+0000] {dagbag.py:538} INFO - Filling up the DagBag from /home/airflow/.local/lib/python3.8/site-packages/airflow/example_dags/example_latest_only.py
[2023-12-20T17:34:33.777+0000] {processor.py:840} INFO - DAG(s) 'latest_only' retrieved from /home/airflow/.local/lib/python3.8/site-packages/airflow/example_dags/example_latest_only.py
[2023-12-20T17:34:33.828+0000] {logging_mixin.py:188} INFO - [2023-12-20T17:34:33.828+0000] {dag.py:3033} INFO - Sync 1 DAGs
[2023-12-20T17:34:33.869+0000] {logging_mixin.py:188} INFO - [2023-12-20T17:34:33.868+0000] {dag.py:3820} INFO - Setting next_dagrun for latest_only to 2023-12-20T12:00:00+00:00, run_after=2023-12-20T16:00:00+00:00
[2023-12-20T17:34:33.902+0000] {processor.py:183} INFO - Processing /home/airflow/.local/lib/python3.8/site-packages/airflow/example_dags/example_latest_only.py took 0.151 seconds
[2023-12-20T17:35:04.350+0000] {processor.py:161} INFO - Started process (PID=1032) to work on /home/airflow/.local/lib/python3.8/site-packages/airflow/example_dags/example_latest_only.py
[2023-12-20T17:35:04.352+0000] {processor.py:830} INFO - Processing file /home/airflow/.local/lib/python3.8/site-packages/airflow/example_dags/example_latest_only.py for tasks to queue
[2023-12-20T17:35:04.355+0000] {logging_mixin.py:188} INFO - [2023-12-20T17:35:04.355+0000] {dagbag.py:538} INFO - Filling up the DagBag from /home/airflow/.local/lib/python3.8/site-packages/airflow/example_dags/example_latest_only.py
[2023-12-20T17:35:04.364+0000] {processor.py:840} INFO - DAG(s) 'latest_only' retrieved from /home/airflow/.local/lib/python3.8/site-packages/airflow/example_dags/example_latest_only.py
[2023-12-20T17:35:04.402+0000] {logging_mixin.py:188} INFO - [2023-12-20T17:35:04.401+0000] {dag.py:3033} INFO - Sync 1 DAGs
[2023-12-20T17:35:04.445+0000] {logging_mixin.py:188} INFO - [2023-12-20T17:35:04.444+0000] {dag.py:3820} INFO - Setting next_dagrun for latest_only to 2023-12-20T12:00:00+00:00, run_after=2023-12-20T16:00:00+00:00
[2023-12-20T17:35:04.482+0000] {processor.py:183} INFO - Processing /home/airflow/.local/lib/python3.8/site-packages/airflow/example_dags/example_latest_only.py took 0.139 seconds
[2023-12-20T17:35:35.440+0000] {processor.py:161} INFO - Started process (PID=1087) to work on /home/airflow/.local/lib/python3.8/site-packages/airflow/example_dags/example_latest_only.py
[2023-12-20T17:35:35.448+0000] {processor.py:830} INFO - Processing file /home/airflow/.local/lib/python3.8/site-packages/airflow/example_dags/example_latest_only.py for tasks to queue
[2023-12-20T17:35:35.452+0000] {logging_mixin.py:188} INFO - [2023-12-20T17:35:35.452+0000] {dagbag.py:538} INFO - Filling up the DagBag from /home/airflow/.local/lib/python3.8/site-packages/airflow/example_dags/example_latest_only.py
[2023-12-20T17:35:35.464+0000] {processor.py:840} INFO - DAG(s) 'latest_only' retrieved from /home/airflow/.local/lib/python3.8/site-packages/airflow/example_dags/example_latest_only.py
[2023-12-20T17:35:35.534+0000] {logging_mixin.py:188} INFO - [2023-12-20T17:35:35.534+0000] {dag.py:3033} INFO - Sync 1 DAGs
[2023-12-20T17:35:35.595+0000] {logging_mixin.py:188} INFO - [2023-12-20T17:35:35.594+0000] {dag.py:3820} INFO - Setting next_dagrun for latest_only to 2023-12-20T12:00:00+00:00, run_after=2023-12-20T16:00:00+00:00
[2023-12-20T17:35:35.634+0000] {processor.py:183} INFO - Processing /home/airflow/.local/lib/python3.8/site-packages/airflow/example_dags/example_latest_only.py took 0.201 seconds
[2023-12-20T17:36:06.119+0000] {processor.py:161} INFO - Started process (PID=1143) to work on /home/airflow/.local/lib/python3.8/site-packages/airflow/example_dags/example_latest_only.py
[2023-12-20T17:36:06.120+0000] {processor.py:830} INFO - Processing file /home/airflow/.local/lib/python3.8/site-packages/airflow/example_dags/example_latest_only.py for tasks to queue
[2023-12-20T17:36:06.123+0000] {logging_mixin.py:188} INFO - [2023-12-20T17:36:06.123+0000] {dagbag.py:538} INFO - Filling up the DagBag from /home/airflow/.local/lib/python3.8/site-packages/airflow/example_dags/example_latest_only.py
[2023-12-20T17:36:06.139+0000] {processor.py:840} INFO - DAG(s) 'latest_only' retrieved from /home/airflow/.local/lib/python3.8/site-packages/airflow/example_dags/example_latest_only.py
[2023-12-20T17:36:06.179+0000] {logging_mixin.py:188} INFO - [2023-12-20T17:36:06.179+0000] {dag.py:3033} INFO - Sync 1 DAGs
[2023-12-20T17:36:06.240+0000] {logging_mixin.py:188} INFO - [2023-12-20T17:36:06.239+0000] {dag.py:3820} INFO - Setting next_dagrun for latest_only to 2023-12-20T12:00:00+00:00, run_after=2023-12-20T16:00:00+00:00
[2023-12-20T17:36:06.279+0000] {processor.py:183} INFO - Processing /home/airflow/.local/lib/python3.8/site-packages/airflow/example_dags/example_latest_only.py took 0.171 seconds
[2023-12-20T17:36:37.200+0000] {processor.py:161} INFO - Started process (PID=1198) to work on /home/airflow/.local/lib/python3.8/site-packages/airflow/example_dags/example_latest_only.py
[2023-12-20T17:36:37.208+0000] {processor.py:830} INFO - Processing file /home/airflow/.local/lib/python3.8/site-packages/airflow/example_dags/example_latest_only.py for tasks to queue
[2023-12-20T17:36:37.212+0000] {logging_mixin.py:188} INFO - [2023-12-20T17:36:37.211+0000] {dagbag.py:538} INFO - Filling up the DagBag from /home/airflow/.local/lib/python3.8/site-packages/airflow/example_dags/example_latest_only.py
[2023-12-20T17:36:37.219+0000] {processor.py:840} INFO - DAG(s) 'latest_only' retrieved from /home/airflow/.local/lib/python3.8/site-packages/airflow/example_dags/example_latest_only.py
[2023-12-20T17:36:37.255+0000] {logging_mixin.py:188} INFO - [2023-12-20T17:36:37.255+0000] {dag.py:3033} INFO - Sync 1 DAGs
[2023-12-20T17:36:37.296+0000] {logging_mixin.py:188} INFO - [2023-12-20T17:36:37.295+0000] {dag.py:3820} INFO - Setting next_dagrun for latest_only to 2023-12-20T12:00:00+00:00, run_after=2023-12-20T16:00:00+00:00
[2023-12-20T17:36:37.333+0000] {processor.py:183} INFO - Processing /home/airflow/.local/lib/python3.8/site-packages/airflow/example_dags/example_latest_only.py took 0.147 seconds
[2023-12-20T17:37:08.270+0000] {processor.py:161} INFO - Started process (PID=1252) to work on /home/airflow/.local/lib/python3.8/site-packages/airflow/example_dags/example_latest_only.py
[2023-12-20T17:37:08.271+0000] {processor.py:830} INFO - Processing file /home/airflow/.local/lib/python3.8/site-packages/airflow/example_dags/example_latest_only.py for tasks to queue
[2023-12-20T17:37:08.275+0000] {logging_mixin.py:188} INFO - [2023-12-20T17:37:08.274+0000] {dagbag.py:538} INFO - Filling up the DagBag from /home/airflow/.local/lib/python3.8/site-packages/airflow/example_dags/example_latest_only.py
[2023-12-20T17:37:08.284+0000] {processor.py:840} INFO - DAG(s) 'latest_only' retrieved from /home/airflow/.local/lib/python3.8/site-packages/airflow/example_dags/example_latest_only.py
[2023-12-20T17:37:08.312+0000] {logging_mixin.py:188} INFO - [2023-12-20T17:37:08.312+0000] {dag.py:3033} INFO - Sync 1 DAGs
[2023-12-20T17:37:08.342+0000] {logging_mixin.py:188} INFO - [2023-12-20T17:37:08.342+0000] {dag.py:3820} INFO - Setting next_dagrun for latest_only to 2023-12-20T12:00:00+00:00, run_after=2023-12-20T16:00:00+00:00
[2023-12-20T17:37:08.373+0000] {processor.py:183} INFO - Processing /home/airflow/.local/lib/python3.8/site-packages/airflow/example_dags/example_latest_only.py took 0.109 seconds
