[2023-12-20T17:20:48.267+0000] {processor.py:161} INFO - Started process (PID=183) to work on /home/airflow/.local/lib/python3.8/site-packages/airflow/example_dags/example_datasets.py
[2023-12-20T17:20:48.268+0000] {processor.py:830} INFO - Processing file /home/airflow/.local/lib/python3.8/site-packages/airflow/example_dags/example_datasets.py for tasks to queue
[2023-12-20T17:20:48.270+0000] {logging_mixin.py:188} INFO - [2023-12-20T17:20:48.269+0000] {dagbag.py:538} INFO - Filling up the DagBag from /home/airflow/.local/lib/python3.8/site-packages/airflow/example_dags/example_datasets.py
[2023-12-20T17:20:48.311+0000] {processor.py:840} INFO - DAG(s) 'dataset_produces_1', 'dataset_consumes_1_and_2', 'dataset_consumes_unknown_never_scheduled', 'dataset_produces_2', 'dataset_consumes_1', 'dataset_consumes_1_never_scheduled' retrieved from /home/airflow/.local/lib/python3.8/site-packages/airflow/example_dags/example_datasets.py
[2023-12-20T17:20:49.003+0000] {logging_mixin.py:188} INFO - [2023-12-20T17:20:49.003+0000] {dag.py:3033} INFO - Sync 6 DAGs
[2023-12-20T17:20:49.048+0000] {logging_mixin.py:188} INFO - [2023-12-20T17:20:49.047+0000] {dag.py:3820} INFO - Setting next_dagrun for dataset_consumes_1 to None, run_after=None
[2023-12-20T17:20:49.054+0000] {logging_mixin.py:188} INFO - [2023-12-20T17:20:49.054+0000] {dag.py:3820} INFO - Setting next_dagrun for dataset_consumes_1_and_2 to None, run_after=None
[2023-12-20T17:20:49.057+0000] {logging_mixin.py:188} INFO - [2023-12-20T17:20:49.057+0000] {dag.py:3820} INFO - Setting next_dagrun for dataset_consumes_1_never_scheduled to None, run_after=None
[2023-12-20T17:20:49.060+0000] {logging_mixin.py:188} INFO - [2023-12-20T17:20:49.060+0000] {dag.py:3820} INFO - Setting next_dagrun for dataset_consumes_unknown_never_scheduled to None, run_after=None
[2023-12-20T17:20:49.067+0000] {logging_mixin.py:188} INFO - [2023-12-20T17:20:49.067+0000] {dag.py:3820} INFO - Setting next_dagrun for dataset_produces_1 to 2023-12-19T00:00:00+00:00, run_after=2023-12-20T00:00:00+00:00
[2023-12-20T17:20:49.070+0000] {logging_mixin.py:188} INFO - [2023-12-20T17:20:49.069+0000] {dag.py:3820} INFO - Setting next_dagrun for dataset_produces_2 to None, run_after=None
[2023-12-20T17:20:49.209+0000] {processor.py:183} INFO - Processing /home/airflow/.local/lib/python3.8/site-packages/airflow/example_dags/example_datasets.py took 0.954 seconds
[2023-12-20T17:21:19.376+0000] {processor.py:161} INFO - Started process (PID=430) to work on /home/airflow/.local/lib/python3.8/site-packages/airflow/example_dags/example_datasets.py
[2023-12-20T17:21:19.378+0000] {processor.py:830} INFO - Processing file /home/airflow/.local/lib/python3.8/site-packages/airflow/example_dags/example_datasets.py for tasks to queue
[2023-12-20T17:21:19.379+0000] {logging_mixin.py:188} INFO - [2023-12-20T17:21:19.379+0000] {dagbag.py:538} INFO - Filling up the DagBag from /home/airflow/.local/lib/python3.8/site-packages/airflow/example_dags/example_datasets.py
[2023-12-20T17:21:19.395+0000] {processor.py:840} INFO - DAG(s) 'dataset_consumes_1_never_scheduled', 'dataset_produces_1', 'dataset_produces_2', 'dataset_consumes_1', 'dataset_consumes_unknown_never_scheduled', 'dataset_consumes_1_and_2' retrieved from /home/airflow/.local/lib/python3.8/site-packages/airflow/example_dags/example_datasets.py
[2023-12-20T17:21:19.446+0000] {logging_mixin.py:188} INFO - [2023-12-20T17:21:19.446+0000] {dag.py:3033} INFO - Sync 6 DAGs
[2023-12-20T17:21:19.497+0000] {logging_mixin.py:188} INFO - [2023-12-20T17:21:19.496+0000] {dag.py:3820} INFO - Setting next_dagrun for dataset_consumes_1 to None, run_after=None
[2023-12-20T17:21:19.501+0000] {logging_mixin.py:188} INFO - [2023-12-20T17:21:19.501+0000] {dag.py:3820} INFO - Setting next_dagrun for dataset_consumes_1_and_2 to None, run_after=None
[2023-12-20T17:21:19.503+0000] {logging_mixin.py:188} INFO - [2023-12-20T17:21:19.503+0000] {dag.py:3820} INFO - Setting next_dagrun for dataset_consumes_1_never_scheduled to None, run_after=None
[2023-12-20T17:21:19.504+0000] {logging_mixin.py:188} INFO - [2023-12-20T17:21:19.504+0000] {dag.py:3820} INFO - Setting next_dagrun for dataset_consumes_unknown_never_scheduled to None, run_after=None
[2023-12-20T17:21:19.507+0000] {logging_mixin.py:188} INFO - [2023-12-20T17:21:19.507+0000] {dag.py:3820} INFO - Setting next_dagrun for dataset_produces_1 to 2023-12-19T00:00:00+00:00, run_after=2023-12-20T00:00:00+00:00
[2023-12-20T17:21:19.509+0000] {logging_mixin.py:188} INFO - [2023-12-20T17:21:19.509+0000] {dag.py:3820} INFO - Setting next_dagrun for dataset_produces_2 to None, run_after=None
[2023-12-20T17:21:19.559+0000] {processor.py:183} INFO - Processing /home/airflow/.local/lib/python3.8/site-packages/airflow/example_dags/example_datasets.py took 0.187 seconds
[2023-12-20T17:21:50.151+0000] {processor.py:161} INFO - Started process (PID=677) to work on /home/airflow/.local/lib/python3.8/site-packages/airflow/example_dags/example_datasets.py
[2023-12-20T17:21:50.152+0000] {processor.py:830} INFO - Processing file /home/airflow/.local/lib/python3.8/site-packages/airflow/example_dags/example_datasets.py for tasks to queue
[2023-12-20T17:21:50.153+0000] {logging_mixin.py:188} INFO - [2023-12-20T17:21:50.153+0000] {dagbag.py:538} INFO - Filling up the DagBag from /home/airflow/.local/lib/python3.8/site-packages/airflow/example_dags/example_datasets.py
[2023-12-20T17:21:50.174+0000] {processor.py:840} INFO - DAG(s) 'dataset_consumes_1_never_scheduled', 'dataset_produces_1', 'dataset_consumes_1', 'dataset_consumes_1_and_2', 'dataset_produces_2', 'dataset_consumes_unknown_never_scheduled' retrieved from /home/airflow/.local/lib/python3.8/site-packages/airflow/example_dags/example_datasets.py
[2023-12-20T17:21:50.241+0000] {logging_mixin.py:188} INFO - [2023-12-20T17:21:50.240+0000] {dag.py:3033} INFO - Sync 6 DAGs
[2023-12-20T17:21:50.282+0000] {logging_mixin.py:188} INFO - [2023-12-20T17:21:50.282+0000] {dag.py:3820} INFO - Setting next_dagrun for dataset_consumes_1 to None, run_after=None
[2023-12-20T17:21:50.291+0000] {logging_mixin.py:188} INFO - [2023-12-20T17:21:50.291+0000] {dag.py:3820} INFO - Setting next_dagrun for dataset_consumes_1_and_2 to None, run_after=None
[2023-12-20T17:21:50.292+0000] {logging_mixin.py:188} INFO - [2023-12-20T17:21:50.292+0000] {dag.py:3820} INFO - Setting next_dagrun for dataset_consumes_1_never_scheduled to None, run_after=None
[2023-12-20T17:21:50.293+0000] {logging_mixin.py:188} INFO - [2023-12-20T17:21:50.293+0000] {dag.py:3820} INFO - Setting next_dagrun for dataset_consumes_unknown_never_scheduled to None, run_after=None
[2023-12-20T17:21:50.299+0000] {logging_mixin.py:188} INFO - [2023-12-20T17:21:50.299+0000] {dag.py:3820} INFO - Setting next_dagrun for dataset_produces_1 to 2023-12-19T00:00:00+00:00, run_after=2023-12-20T00:00:00+00:00
[2023-12-20T17:21:50.301+0000] {logging_mixin.py:188} INFO - [2023-12-20T17:21:50.301+0000] {dag.py:3820} INFO - Setting next_dagrun for dataset_produces_2 to None, run_after=None
[2023-12-20T17:21:50.350+0000] {processor.py:183} INFO - Processing /home/airflow/.local/lib/python3.8/site-packages/airflow/example_dags/example_datasets.py took 0.204 seconds
[2023-12-20T17:22:20.513+0000] {processor.py:161} INFO - Started process (PID=925) to work on /home/airflow/.local/lib/python3.8/site-packages/airflow/example_dags/example_datasets.py
[2023-12-20T17:22:20.515+0000] {processor.py:830} INFO - Processing file /home/airflow/.local/lib/python3.8/site-packages/airflow/example_dags/example_datasets.py for tasks to queue
[2023-12-20T17:22:20.516+0000] {logging_mixin.py:188} INFO - [2023-12-20T17:22:20.515+0000] {dagbag.py:538} INFO - Filling up the DagBag from /home/airflow/.local/lib/python3.8/site-packages/airflow/example_dags/example_datasets.py
[2023-12-20T17:22:20.532+0000] {processor.py:840} INFO - DAG(s) 'dataset_consumes_unknown_never_scheduled', 'dataset_consumes_1_never_scheduled', 'dataset_produces_1', 'dataset_produces_2', 'dataset_consumes_1', 'dataset_consumes_1_and_2' retrieved from /home/airflow/.local/lib/python3.8/site-packages/airflow/example_dags/example_datasets.py
[2023-12-20T17:22:20.606+0000] {logging_mixin.py:188} INFO - [2023-12-20T17:22:20.605+0000] {dag.py:3033} INFO - Sync 6 DAGs
[2023-12-20T17:22:20.663+0000] {logging_mixin.py:188} INFO - [2023-12-20T17:22:20.663+0000] {dag.py:3820} INFO - Setting next_dagrun for dataset_consumes_1 to None, run_after=None
[2023-12-20T17:22:20.670+0000] {logging_mixin.py:188} INFO - [2023-12-20T17:22:20.669+0000] {dag.py:3820} INFO - Setting next_dagrun for dataset_consumes_1_and_2 to None, run_after=None
[2023-12-20T17:22:20.672+0000] {logging_mixin.py:188} INFO - [2023-12-20T17:22:20.671+0000] {dag.py:3820} INFO - Setting next_dagrun for dataset_consumes_1_never_scheduled to None, run_after=None
[2023-12-20T17:22:20.674+0000] {logging_mixin.py:188} INFO - [2023-12-20T17:22:20.674+0000] {dag.py:3820} INFO - Setting next_dagrun for dataset_consumes_unknown_never_scheduled to None, run_after=None
[2023-12-20T17:22:20.680+0000] {logging_mixin.py:188} INFO - [2023-12-20T17:22:20.679+0000] {dag.py:3820} INFO - Setting next_dagrun for dataset_produces_1 to 2023-12-19T00:00:00+00:00, run_after=2023-12-20T00:00:00+00:00
[2023-12-20T17:22:20.682+0000] {logging_mixin.py:188} INFO - [2023-12-20T17:22:20.682+0000] {dag.py:3820} INFO - Setting next_dagrun for dataset_produces_2 to None, run_after=None
[2023-12-20T17:22:20.745+0000] {processor.py:183} INFO - Processing /home/airflow/.local/lib/python3.8/site-packages/airflow/example_dags/example_datasets.py took 0.237 seconds
[2023-12-20T17:22:50.820+0000] {processor.py:161} INFO - Started process (PID=1170) to work on /home/airflow/.local/lib/python3.8/site-packages/airflow/example_dags/example_datasets.py
[2023-12-20T17:22:50.822+0000] {processor.py:830} INFO - Processing file /home/airflow/.local/lib/python3.8/site-packages/airflow/example_dags/example_datasets.py for tasks to queue
[2023-12-20T17:22:50.823+0000] {logging_mixin.py:188} INFO - [2023-12-20T17:22:50.823+0000] {dagbag.py:538} INFO - Filling up the DagBag from /home/airflow/.local/lib/python3.8/site-packages/airflow/example_dags/example_datasets.py
[2023-12-20T17:22:50.841+0000] {processor.py:840} INFO - DAG(s) 'dataset_consumes_unknown_never_scheduled', 'dataset_consumes_1', 'dataset_produces_1', 'dataset_consumes_1_and_2', 'dataset_consumes_1_never_scheduled', 'dataset_produces_2' retrieved from /home/airflow/.local/lib/python3.8/site-packages/airflow/example_dags/example_datasets.py
[2023-12-20T17:22:50.900+0000] {logging_mixin.py:188} INFO - [2023-12-20T17:22:50.900+0000] {dag.py:3033} INFO - Sync 6 DAGs
[2023-12-20T17:22:50.940+0000] {logging_mixin.py:188} INFO - [2023-12-20T17:22:50.940+0000] {dag.py:3820} INFO - Setting next_dagrun for dataset_consumes_1 to None, run_after=None
[2023-12-20T17:22:50.947+0000] {logging_mixin.py:188} INFO - [2023-12-20T17:22:50.947+0000] {dag.py:3820} INFO - Setting next_dagrun for dataset_consumes_1_and_2 to None, run_after=None
[2023-12-20T17:22:50.950+0000] {logging_mixin.py:188} INFO - [2023-12-20T17:22:50.949+0000] {dag.py:3820} INFO - Setting next_dagrun for dataset_consumes_1_never_scheduled to None, run_after=None
[2023-12-20T17:22:50.951+0000] {logging_mixin.py:188} INFO - [2023-12-20T17:22:50.951+0000] {dag.py:3820} INFO - Setting next_dagrun for dataset_consumes_unknown_never_scheduled to None, run_after=None
[2023-12-20T17:22:50.958+0000] {logging_mixin.py:188} INFO - [2023-12-20T17:22:50.958+0000] {dag.py:3820} INFO - Setting next_dagrun for dataset_produces_1 to 2023-12-19T00:00:00+00:00, run_after=2023-12-20T00:00:00+00:00
[2023-12-20T17:22:50.962+0000] {logging_mixin.py:188} INFO - [2023-12-20T17:22:50.962+0000] {dag.py:3820} INFO - Setting next_dagrun for dataset_produces_2 to None, run_after=None
[2023-12-20T17:22:51.012+0000] {processor.py:183} INFO - Processing /home/airflow/.local/lib/python3.8/site-packages/airflow/example_dags/example_datasets.py took 0.201 seconds
[2023-12-20T17:23:21.268+0000] {processor.py:161} INFO - Started process (PID=1417) to work on /home/airflow/.local/lib/python3.8/site-packages/airflow/example_dags/example_datasets.py
[2023-12-20T17:23:21.274+0000] {processor.py:830} INFO - Processing file /home/airflow/.local/lib/python3.8/site-packages/airflow/example_dags/example_datasets.py for tasks to queue
[2023-12-20T17:23:21.276+0000] {logging_mixin.py:188} INFO - [2023-12-20T17:23:21.275+0000] {dagbag.py:538} INFO - Filling up the DagBag from /home/airflow/.local/lib/python3.8/site-packages/airflow/example_dags/example_datasets.py
[2023-12-20T17:23:21.295+0000] {processor.py:840} INFO - DAG(s) 'dataset_consumes_1', 'dataset_produces_1', 'dataset_consumes_unknown_never_scheduled', 'dataset_consumes_1_and_2', 'dataset_produces_2', 'dataset_consumes_1_never_scheduled' retrieved from /home/airflow/.local/lib/python3.8/site-packages/airflow/example_dags/example_datasets.py
[2023-12-20T17:23:21.362+0000] {logging_mixin.py:188} INFO - [2023-12-20T17:23:21.361+0000] {dag.py:3033} INFO - Sync 6 DAGs
[2023-12-20T17:23:21.394+0000] {logging_mixin.py:188} INFO - [2023-12-20T17:23:21.394+0000] {dag.py:3820} INFO - Setting next_dagrun for dataset_consumes_1 to None, run_after=None
[2023-12-20T17:23:21.399+0000] {logging_mixin.py:188} INFO - [2023-12-20T17:23:21.398+0000] {dag.py:3820} INFO - Setting next_dagrun for dataset_consumes_1_and_2 to None, run_after=None
[2023-12-20T17:23:21.400+0000] {logging_mixin.py:188} INFO - [2023-12-20T17:23:21.400+0000] {dag.py:3820} INFO - Setting next_dagrun for dataset_consumes_1_never_scheduled to None, run_after=None
[2023-12-20T17:23:21.402+0000] {logging_mixin.py:188} INFO - [2023-12-20T17:23:21.402+0000] {dag.py:3820} INFO - Setting next_dagrun for dataset_consumes_unknown_never_scheduled to None, run_after=None
[2023-12-20T17:23:21.409+0000] {logging_mixin.py:188} INFO - [2023-12-20T17:23:21.408+0000] {dag.py:3820} INFO - Setting next_dagrun for dataset_produces_1 to 2023-12-19T00:00:00+00:00, run_after=2023-12-20T00:00:00+00:00
[2023-12-20T17:23:21.411+0000] {logging_mixin.py:188} INFO - [2023-12-20T17:23:21.411+0000] {dag.py:3820} INFO - Setting next_dagrun for dataset_produces_2 to None, run_after=None
[2023-12-20T17:23:21.468+0000] {processor.py:183} INFO - Processing /home/airflow/.local/lib/python3.8/site-packages/airflow/example_dags/example_datasets.py took 0.205 seconds
[2023-12-20T17:23:51.671+0000] {processor.py:161} INFO - Started process (PID=1664) to work on /home/airflow/.local/lib/python3.8/site-packages/airflow/example_dags/example_datasets.py
[2023-12-20T17:23:51.672+0000] {processor.py:830} INFO - Processing file /home/airflow/.local/lib/python3.8/site-packages/airflow/example_dags/example_datasets.py for tasks to queue
[2023-12-20T17:23:51.674+0000] {logging_mixin.py:188} INFO - [2023-12-20T17:23:51.673+0000] {dagbag.py:538} INFO - Filling up the DagBag from /home/airflow/.local/lib/python3.8/site-packages/airflow/example_dags/example_datasets.py
[2023-12-20T17:23:51.701+0000] {processor.py:840} INFO - DAG(s) 'dataset_consumes_unknown_never_scheduled', 'dataset_consumes_1_never_scheduled', 'dataset_produces_2', 'dataset_produces_1', 'dataset_consumes_1', 'dataset_consumes_1_and_2' retrieved from /home/airflow/.local/lib/python3.8/site-packages/airflow/example_dags/example_datasets.py
[2023-12-20T17:23:51.767+0000] {logging_mixin.py:188} INFO - [2023-12-20T17:23:51.767+0000] {dag.py:3033} INFO - Sync 6 DAGs
[2023-12-20T17:23:51.807+0000] {logging_mixin.py:188} INFO - [2023-12-20T17:23:51.807+0000] {dag.py:3820} INFO - Setting next_dagrun for dataset_consumes_1 to None, run_after=None
[2023-12-20T17:23:51.813+0000] {logging_mixin.py:188} INFO - [2023-12-20T17:23:51.813+0000] {dag.py:3820} INFO - Setting next_dagrun for dataset_consumes_1_and_2 to None, run_after=None
[2023-12-20T17:23:51.816+0000] {logging_mixin.py:188} INFO - [2023-12-20T17:23:51.815+0000] {dag.py:3820} INFO - Setting next_dagrun for dataset_consumes_1_never_scheduled to None, run_after=None
[2023-12-20T17:23:51.818+0000] {logging_mixin.py:188} INFO - [2023-12-20T17:23:51.818+0000] {dag.py:3820} INFO - Setting next_dagrun for dataset_consumes_unknown_never_scheduled to None, run_after=None
[2023-12-20T17:23:51.825+0000] {logging_mixin.py:188} INFO - [2023-12-20T17:23:51.825+0000] {dag.py:3820} INFO - Setting next_dagrun for dataset_produces_1 to 2023-12-19T00:00:00+00:00, run_after=2023-12-20T00:00:00+00:00
[2023-12-20T17:23:51.829+0000] {logging_mixin.py:188} INFO - [2023-12-20T17:23:51.829+0000] {dag.py:3820} INFO - Setting next_dagrun for dataset_produces_2 to None, run_after=None
[2023-12-20T17:23:51.919+0000] {processor.py:183} INFO - Processing /home/airflow/.local/lib/python3.8/site-packages/airflow/example_dags/example_datasets.py took 0.254 seconds
[2023-12-20T17:24:22.569+0000] {processor.py:161} INFO - Started process (PID=1912) to work on /home/airflow/.local/lib/python3.8/site-packages/airflow/example_dags/example_datasets.py
[2023-12-20T17:24:22.574+0000] {processor.py:830} INFO - Processing file /home/airflow/.local/lib/python3.8/site-packages/airflow/example_dags/example_datasets.py for tasks to queue
[2023-12-20T17:24:22.576+0000] {logging_mixin.py:188} INFO - [2023-12-20T17:24:22.575+0000] {dagbag.py:538} INFO - Filling up the DagBag from /home/airflow/.local/lib/python3.8/site-packages/airflow/example_dags/example_datasets.py
[2023-12-20T17:24:22.671+0000] {processor.py:840} INFO - DAG(s) 'dataset_consumes_1', 'dataset_consumes_1_and_2', 'dataset_consumes_unknown_never_scheduled', 'dataset_produces_2', 'dataset_consumes_1_never_scheduled', 'dataset_produces_1' retrieved from /home/airflow/.local/lib/python3.8/site-packages/airflow/example_dags/example_datasets.py
[2023-12-20T17:24:22.919+0000] {logging_mixin.py:188} INFO - [2023-12-20T17:24:22.919+0000] {dag.py:3033} INFO - Sync 6 DAGs
[2023-12-20T17:24:22.985+0000] {logging_mixin.py:188} INFO - [2023-12-20T17:24:22.985+0000] {dag.py:3820} INFO - Setting next_dagrun for dataset_consumes_1 to None, run_after=None
[2023-12-20T17:24:22.994+0000] {logging_mixin.py:188} INFO - [2023-12-20T17:24:22.994+0000] {dag.py:3820} INFO - Setting next_dagrun for dataset_consumes_1_and_2 to None, run_after=None
[2023-12-20T17:24:22.996+0000] {logging_mixin.py:188} INFO - [2023-12-20T17:24:22.996+0000] {dag.py:3820} INFO - Setting next_dagrun for dataset_consumes_1_never_scheduled to None, run_after=None
[2023-12-20T17:24:22.998+0000] {logging_mixin.py:188} INFO - [2023-12-20T17:24:22.998+0000] {dag.py:3820} INFO - Setting next_dagrun for dataset_consumes_unknown_never_scheduled to None, run_after=None
[2023-12-20T17:24:23.005+0000] {logging_mixin.py:188} INFO - [2023-12-20T17:24:23.004+0000] {dag.py:3820} INFO - Setting next_dagrun for dataset_produces_1 to 2023-12-19T00:00:00+00:00, run_after=2023-12-20T00:00:00+00:00
[2023-12-20T17:24:23.008+0000] {logging_mixin.py:188} INFO - [2023-12-20T17:24:23.007+0000] {dag.py:3820} INFO - Setting next_dagrun for dataset_produces_2 to None, run_after=None
[2023-12-20T17:24:23.120+0000] {processor.py:183} INFO - Processing /home/airflow/.local/lib/python3.8/site-packages/airflow/example_dags/example_datasets.py took 0.557 seconds
[2023-12-20T17:25:50.062+0000] {processor.py:161} INFO - Started process (PID=41) to work on /home/airflow/.local/lib/python3.8/site-packages/airflow/example_dags/example_datasets.py
[2023-12-20T17:25:50.070+0000] {processor.py:830} INFO - Processing file /home/airflow/.local/lib/python3.8/site-packages/airflow/example_dags/example_datasets.py for tasks to queue
[2023-12-20T17:25:50.073+0000] {logging_mixin.py:188} INFO - [2023-12-20T17:25:50.072+0000] {dagbag.py:538} INFO - Filling up the DagBag from /home/airflow/.local/lib/python3.8/site-packages/airflow/example_dags/example_datasets.py
[2023-12-20T17:25:50.131+0000] {processor.py:840} INFO - DAG(s) 'dataset_consumes_unknown_never_scheduled', 'dataset_consumes_1_never_scheduled', 'dataset_consumes_1_and_2', 'dataset_produces_1', 'dataset_consumes_1', 'dataset_produces_2' retrieved from /home/airflow/.local/lib/python3.8/site-packages/airflow/example_dags/example_datasets.py
[2023-12-20T17:25:50.716+0000] {logging_mixin.py:188} INFO - [2023-12-20T17:25:50.716+0000] {dag.py:3033} INFO - Sync 6 DAGs
[2023-12-20T17:25:50.825+0000] {logging_mixin.py:188} INFO - [2023-12-20T17:25:50.825+0000] {dag.py:3820} INFO - Setting next_dagrun for dataset_consumes_1 to None, run_after=None
[2023-12-20T17:25:50.844+0000] {logging_mixin.py:188} INFO - [2023-12-20T17:25:50.843+0000] {dag.py:3820} INFO - Setting next_dagrun for dataset_consumes_1_and_2 to None, run_after=None
[2023-12-20T17:25:50.850+0000] {logging_mixin.py:188} INFO - [2023-12-20T17:25:50.850+0000] {dag.py:3820} INFO - Setting next_dagrun for dataset_consumes_1_never_scheduled to None, run_after=None
[2023-12-20T17:25:50.858+0000] {logging_mixin.py:188} INFO - [2023-12-20T17:25:50.857+0000] {dag.py:3820} INFO - Setting next_dagrun for dataset_consumes_unknown_never_scheduled to None, run_after=None
[2023-12-20T17:25:50.871+0000] {logging_mixin.py:188} INFO - [2023-12-20T17:25:50.871+0000] {dag.py:3820} INFO - Setting next_dagrun for dataset_produces_1 to 2023-12-19T00:00:00+00:00, run_after=2023-12-20T00:00:00+00:00
[2023-12-20T17:25:50.884+0000] {logging_mixin.py:188} INFO - [2023-12-20T17:25:50.884+0000] {dag.py:3820} INFO - Setting next_dagrun for dataset_produces_2 to None, run_after=None
[2023-12-20T17:25:51.059+0000] {processor.py:183} INFO - Processing /home/airflow/.local/lib/python3.8/site-packages/airflow/example_dags/example_datasets.py took 1.002 seconds
[2023-12-20T17:26:21.847+0000] {processor.py:161} INFO - Started process (PID=95) to work on /home/airflow/.local/lib/python3.8/site-packages/airflow/example_dags/example_datasets.py
[2023-12-20T17:26:21.855+0000] {processor.py:830} INFO - Processing file /home/airflow/.local/lib/python3.8/site-packages/airflow/example_dags/example_datasets.py for tasks to queue
[2023-12-20T17:26:21.859+0000] {logging_mixin.py:188} INFO - [2023-12-20T17:26:21.859+0000] {dagbag.py:538} INFO - Filling up the DagBag from /home/airflow/.local/lib/python3.8/site-packages/airflow/example_dags/example_datasets.py
[2023-12-20T17:26:21.872+0000] {processor.py:840} INFO - DAG(s) 'dataset_produces_1', 'dataset_consumes_unknown_never_scheduled', 'dataset_consumes_1_never_scheduled', 'dataset_produces_2', 'dataset_consumes_1', 'dataset_consumes_1_and_2' retrieved from /home/airflow/.local/lib/python3.8/site-packages/airflow/example_dags/example_datasets.py
[2023-12-20T17:26:21.929+0000] {logging_mixin.py:188} INFO - [2023-12-20T17:26:21.929+0000] {dag.py:3033} INFO - Sync 6 DAGs
[2023-12-20T17:26:21.965+0000] {logging_mixin.py:188} INFO - [2023-12-20T17:26:21.965+0000] {dag.py:3820} INFO - Setting next_dagrun for dataset_consumes_1 to None, run_after=None
[2023-12-20T17:26:21.971+0000] {logging_mixin.py:188} INFO - [2023-12-20T17:26:21.971+0000] {dag.py:3820} INFO - Setting next_dagrun for dataset_consumes_1_and_2 to None, run_after=None
[2023-12-20T17:26:21.973+0000] {logging_mixin.py:188} INFO - [2023-12-20T17:26:21.973+0000] {dag.py:3820} INFO - Setting next_dagrun for dataset_consumes_1_never_scheduled to None, run_after=None
[2023-12-20T17:26:21.975+0000] {logging_mixin.py:188} INFO - [2023-12-20T17:26:21.975+0000] {dag.py:3820} INFO - Setting next_dagrun for dataset_consumes_unknown_never_scheduled to None, run_after=None
[2023-12-20T17:26:21.979+0000] {logging_mixin.py:188} INFO - [2023-12-20T17:26:21.979+0000] {dag.py:3820} INFO - Setting next_dagrun for dataset_produces_1 to 2023-12-19T00:00:00+00:00, run_after=2023-12-20T00:00:00+00:00
[2023-12-20T17:26:21.981+0000] {logging_mixin.py:188} INFO - [2023-12-20T17:26:21.981+0000] {dag.py:3820} INFO - Setting next_dagrun for dataset_produces_2 to None, run_after=None
[2023-12-20T17:26:22.029+0000] {processor.py:183} INFO - Processing /home/airflow/.local/lib/python3.8/site-packages/airflow/example_dags/example_datasets.py took 0.193 seconds
[2023-12-20T17:26:52.360+0000] {processor.py:161} INFO - Started process (PID=149) to work on /home/airflow/.local/lib/python3.8/site-packages/airflow/example_dags/example_datasets.py
[2023-12-20T17:26:52.361+0000] {processor.py:830} INFO - Processing file /home/airflow/.local/lib/python3.8/site-packages/airflow/example_dags/example_datasets.py for tasks to queue
[2023-12-20T17:26:52.372+0000] {logging_mixin.py:188} INFO - [2023-12-20T17:26:52.372+0000] {dagbag.py:538} INFO - Filling up the DagBag from /home/airflow/.local/lib/python3.8/site-packages/airflow/example_dags/example_datasets.py
[2023-12-20T17:26:52.396+0000] {processor.py:840} INFO - DAG(s) 'dataset_produces_2', 'dataset_consumes_1_and_2', 'dataset_consumes_unknown_never_scheduled', 'dataset_produces_1', 'dataset_consumes_1', 'dataset_consumes_1_never_scheduled' retrieved from /home/airflow/.local/lib/python3.8/site-packages/airflow/example_dags/example_datasets.py
[2023-12-20T17:26:52.486+0000] {logging_mixin.py:188} INFO - [2023-12-20T17:26:52.486+0000] {dag.py:3033} INFO - Sync 6 DAGs
[2023-12-20T17:26:52.521+0000] {logging_mixin.py:188} INFO - [2023-12-20T17:26:52.520+0000] {dag.py:3820} INFO - Setting next_dagrun for dataset_consumes_1 to None, run_after=None
[2023-12-20T17:26:52.525+0000] {logging_mixin.py:188} INFO - [2023-12-20T17:26:52.525+0000] {dag.py:3820} INFO - Setting next_dagrun for dataset_consumes_1_and_2 to None, run_after=None
[2023-12-20T17:26:52.527+0000] {logging_mixin.py:188} INFO - [2023-12-20T17:26:52.526+0000] {dag.py:3820} INFO - Setting next_dagrun for dataset_consumes_1_never_scheduled to None, run_after=None
[2023-12-20T17:26:52.532+0000] {logging_mixin.py:188} INFO - [2023-12-20T17:26:52.532+0000] {dag.py:3820} INFO - Setting next_dagrun for dataset_consumes_unknown_never_scheduled to None, run_after=None
[2023-12-20T17:26:52.536+0000] {logging_mixin.py:188} INFO - [2023-12-20T17:26:52.536+0000] {dag.py:3820} INFO - Setting next_dagrun for dataset_produces_1 to 2023-12-19T00:00:00+00:00, run_after=2023-12-20T00:00:00+00:00
[2023-12-20T17:26:52.537+0000] {logging_mixin.py:188} INFO - [2023-12-20T17:26:52.537+0000] {dag.py:3820} INFO - Setting next_dagrun for dataset_produces_2 to None, run_after=None
[2023-12-20T17:26:52.613+0000] {processor.py:183} INFO - Processing /home/airflow/.local/lib/python3.8/site-packages/airflow/example_dags/example_datasets.py took 0.260 seconds
[2023-12-20T17:27:23.031+0000] {processor.py:161} INFO - Started process (PID=204) to work on /home/airflow/.local/lib/python3.8/site-packages/airflow/example_dags/example_datasets.py
[2023-12-20T17:27:23.040+0000] {processor.py:830} INFO - Processing file /home/airflow/.local/lib/python3.8/site-packages/airflow/example_dags/example_datasets.py for tasks to queue
[2023-12-20T17:27:23.043+0000] {logging_mixin.py:188} INFO - [2023-12-20T17:27:23.042+0000] {dagbag.py:538} INFO - Filling up the DagBag from /home/airflow/.local/lib/python3.8/site-packages/airflow/example_dags/example_datasets.py
[2023-12-20T17:27:23.055+0000] {processor.py:840} INFO - DAG(s) 'dataset_consumes_1_never_scheduled', 'dataset_consumes_unknown_never_scheduled', 'dataset_produces_1', 'dataset_consumes_1_and_2', 'dataset_consumes_1', 'dataset_produces_2' retrieved from /home/airflow/.local/lib/python3.8/site-packages/airflow/example_dags/example_datasets.py
[2023-12-20T17:27:23.112+0000] {logging_mixin.py:188} INFO - [2023-12-20T17:27:23.112+0000] {dag.py:3033} INFO - Sync 6 DAGs
[2023-12-20T17:27:23.146+0000] {logging_mixin.py:188} INFO - [2023-12-20T17:27:23.146+0000] {dag.py:3820} INFO - Setting next_dagrun for dataset_consumes_1 to None, run_after=None
[2023-12-20T17:27:23.152+0000] {logging_mixin.py:188} INFO - [2023-12-20T17:27:23.152+0000] {dag.py:3820} INFO - Setting next_dagrun for dataset_consumes_1_and_2 to None, run_after=None
[2023-12-20T17:27:23.154+0000] {logging_mixin.py:188} INFO - [2023-12-20T17:27:23.154+0000] {dag.py:3820} INFO - Setting next_dagrun for dataset_consumes_1_never_scheduled to None, run_after=None
[2023-12-20T17:27:23.156+0000] {logging_mixin.py:188} INFO - [2023-12-20T17:27:23.156+0000] {dag.py:3820} INFO - Setting next_dagrun for dataset_consumes_unknown_never_scheduled to None, run_after=None
[2023-12-20T17:27:23.163+0000] {logging_mixin.py:188} INFO - [2023-12-20T17:27:23.163+0000] {dag.py:3820} INFO - Setting next_dagrun for dataset_produces_1 to 2023-12-19T00:00:00+00:00, run_after=2023-12-20T00:00:00+00:00
[2023-12-20T17:27:23.165+0000] {logging_mixin.py:188} INFO - [2023-12-20T17:27:23.165+0000] {dag.py:3820} INFO - Setting next_dagrun for dataset_produces_2 to None, run_after=None
[2023-12-20T17:27:23.221+0000] {processor.py:183} INFO - Processing /home/airflow/.local/lib/python3.8/site-packages/airflow/example_dags/example_datasets.py took 0.196 seconds
[2023-12-20T17:27:53.333+0000] {processor.py:161} INFO - Started process (PID=259) to work on /home/airflow/.local/lib/python3.8/site-packages/airflow/example_dags/example_datasets.py
[2023-12-20T17:27:53.342+0000] {processor.py:830} INFO - Processing file /home/airflow/.local/lib/python3.8/site-packages/airflow/example_dags/example_datasets.py for tasks to queue
[2023-12-20T17:27:53.346+0000] {logging_mixin.py:188} INFO - [2023-12-20T17:27:53.346+0000] {dagbag.py:538} INFO - Filling up the DagBag from /home/airflow/.local/lib/python3.8/site-packages/airflow/example_dags/example_datasets.py
[2023-12-20T17:27:53.369+0000] {processor.py:840} INFO - DAG(s) 'dataset_consumes_1', 'dataset_consumes_1_never_scheduled', 'dataset_produces_2', 'dataset_consumes_1_and_2', 'dataset_consumes_unknown_never_scheduled', 'dataset_produces_1' retrieved from /home/airflow/.local/lib/python3.8/site-packages/airflow/example_dags/example_datasets.py
[2023-12-20T17:27:53.443+0000] {logging_mixin.py:188} INFO - [2023-12-20T17:27:53.443+0000] {dag.py:3033} INFO - Sync 6 DAGs
[2023-12-20T17:27:53.486+0000] {logging_mixin.py:188} INFO - [2023-12-20T17:27:53.486+0000] {dag.py:3820} INFO - Setting next_dagrun for dataset_consumes_1 to None, run_after=None
[2023-12-20T17:27:53.492+0000] {logging_mixin.py:188} INFO - [2023-12-20T17:27:53.492+0000] {dag.py:3820} INFO - Setting next_dagrun for dataset_consumes_1_and_2 to None, run_after=None
[2023-12-20T17:27:53.495+0000] {logging_mixin.py:188} INFO - [2023-12-20T17:27:53.494+0000] {dag.py:3820} INFO - Setting next_dagrun for dataset_consumes_1_never_scheduled to None, run_after=None
[2023-12-20T17:27:53.497+0000] {logging_mixin.py:188} INFO - [2023-12-20T17:27:53.497+0000] {dag.py:3820} INFO - Setting next_dagrun for dataset_consumes_unknown_never_scheduled to None, run_after=None
[2023-12-20T17:27:53.502+0000] {logging_mixin.py:188} INFO - [2023-12-20T17:27:53.502+0000] {dag.py:3820} INFO - Setting next_dagrun for dataset_produces_1 to 2023-12-19T00:00:00+00:00, run_after=2023-12-20T00:00:00+00:00
[2023-12-20T17:27:53.504+0000] {logging_mixin.py:188} INFO - [2023-12-20T17:27:53.504+0000] {dag.py:3820} INFO - Setting next_dagrun for dataset_produces_2 to None, run_after=None
[2023-12-20T17:27:53.563+0000] {processor.py:183} INFO - Processing /home/airflow/.local/lib/python3.8/site-packages/airflow/example_dags/example_datasets.py took 0.237 seconds
[2023-12-20T17:28:24.061+0000] {processor.py:161} INFO - Started process (PID=313) to work on /home/airflow/.local/lib/python3.8/site-packages/airflow/example_dags/example_datasets.py
[2023-12-20T17:28:24.062+0000] {processor.py:830} INFO - Processing file /home/airflow/.local/lib/python3.8/site-packages/airflow/example_dags/example_datasets.py for tasks to queue
[2023-12-20T17:28:24.070+0000] {logging_mixin.py:188} INFO - [2023-12-20T17:28:24.065+0000] {dagbag.py:538} INFO - Filling up the DagBag from /home/airflow/.local/lib/python3.8/site-packages/airflow/example_dags/example_datasets.py
[2023-12-20T17:28:24.099+0000] {processor.py:840} INFO - DAG(s) 'dataset_consumes_1_and_2', 'dataset_consumes_unknown_never_scheduled', 'dataset_consumes_1', 'dataset_produces_2', 'dataset_produces_1', 'dataset_consumes_1_never_scheduled' retrieved from /home/airflow/.local/lib/python3.8/site-packages/airflow/example_dags/example_datasets.py
[2023-12-20T17:28:24.199+0000] {logging_mixin.py:188} INFO - [2023-12-20T17:28:24.199+0000] {dag.py:3033} INFO - Sync 6 DAGs
[2023-12-20T17:28:24.269+0000] {logging_mixin.py:188} INFO - [2023-12-20T17:28:24.268+0000] {dag.py:3820} INFO - Setting next_dagrun for dataset_consumes_1 to None, run_after=None
[2023-12-20T17:28:24.279+0000] {logging_mixin.py:188} INFO - [2023-12-20T17:28:24.279+0000] {dag.py:3820} INFO - Setting next_dagrun for dataset_consumes_1_and_2 to None, run_after=None
[2023-12-20T17:28:24.284+0000] {logging_mixin.py:188} INFO - [2023-12-20T17:28:24.284+0000] {dag.py:3820} INFO - Setting next_dagrun for dataset_consumes_1_never_scheduled to None, run_after=None
[2023-12-20T17:28:24.289+0000] {logging_mixin.py:188} INFO - [2023-12-20T17:28:24.288+0000] {dag.py:3820} INFO - Setting next_dagrun for dataset_consumes_unknown_never_scheduled to None, run_after=None
[2023-12-20T17:28:24.301+0000] {logging_mixin.py:188} INFO - [2023-12-20T17:28:24.300+0000] {dag.py:3820} INFO - Setting next_dagrun for dataset_produces_1 to 2023-12-19T00:00:00+00:00, run_after=2023-12-20T00:00:00+00:00
[2023-12-20T17:28:24.306+0000] {logging_mixin.py:188} INFO - [2023-12-20T17:28:24.304+0000] {dag.py:3820} INFO - Setting next_dagrun for dataset_produces_2 to None, run_after=None
[2023-12-20T17:28:24.409+0000] {processor.py:183} INFO - Processing /home/airflow/.local/lib/python3.8/site-packages/airflow/example_dags/example_datasets.py took 0.360 seconds
[2023-12-20T17:28:54.804+0000] {processor.py:161} INFO - Started process (PID=369) to work on /home/airflow/.local/lib/python3.8/site-packages/airflow/example_dags/example_datasets.py
[2023-12-20T17:28:54.806+0000] {processor.py:830} INFO - Processing file /home/airflow/.local/lib/python3.8/site-packages/airflow/example_dags/example_datasets.py for tasks to queue
[2023-12-20T17:28:54.811+0000] {logging_mixin.py:188} INFO - [2023-12-20T17:28:54.810+0000] {dagbag.py:538} INFO - Filling up the DagBag from /home/airflow/.local/lib/python3.8/site-packages/airflow/example_dags/example_datasets.py
[2023-12-20T17:28:54.832+0000] {processor.py:840} INFO - DAG(s) 'dataset_consumes_1', 'dataset_produces_1', 'dataset_consumes_unknown_never_scheduled', 'dataset_consumes_1_never_scheduled', 'dataset_produces_2', 'dataset_consumes_1_and_2' retrieved from /home/airflow/.local/lib/python3.8/site-packages/airflow/example_dags/example_datasets.py
[2023-12-20T17:28:54.916+0000] {logging_mixin.py:188} INFO - [2023-12-20T17:28:54.915+0000] {dag.py:3033} INFO - Sync 6 DAGs
[2023-12-20T17:28:54.967+0000] {logging_mixin.py:188} INFO - [2023-12-20T17:28:54.966+0000] {dag.py:3820} INFO - Setting next_dagrun for dataset_consumes_1 to None, run_after=None
[2023-12-20T17:28:54.974+0000] {logging_mixin.py:188} INFO - [2023-12-20T17:28:54.974+0000] {dag.py:3820} INFO - Setting next_dagrun for dataset_consumes_1_and_2 to None, run_after=None
[2023-12-20T17:28:54.977+0000] {logging_mixin.py:188} INFO - [2023-12-20T17:28:54.976+0000] {dag.py:3820} INFO - Setting next_dagrun for dataset_consumes_1_never_scheduled to None, run_after=None
[2023-12-20T17:28:54.980+0000] {logging_mixin.py:188} INFO - [2023-12-20T17:28:54.979+0000] {dag.py:3820} INFO - Setting next_dagrun for dataset_consumes_unknown_never_scheduled to None, run_after=None
[2023-12-20T17:28:54.986+0000] {logging_mixin.py:188} INFO - [2023-12-20T17:28:54.985+0000] {dag.py:3820} INFO - Setting next_dagrun for dataset_produces_1 to 2023-12-19T00:00:00+00:00, run_after=2023-12-20T00:00:00+00:00
[2023-12-20T17:28:54.988+0000] {logging_mixin.py:188} INFO - [2023-12-20T17:28:54.988+0000] {dag.py:3820} INFO - Setting next_dagrun for dataset_produces_2 to None, run_after=None
[2023-12-20T17:28:55.088+0000] {processor.py:183} INFO - Processing /home/airflow/.local/lib/python3.8/site-packages/airflow/example_dags/example_datasets.py took 0.288 seconds
[2023-12-20T17:29:25.403+0000] {processor.py:161} INFO - Started process (PID=424) to work on /home/airflow/.local/lib/python3.8/site-packages/airflow/example_dags/example_datasets.py
[2023-12-20T17:29:25.417+0000] {processor.py:830} INFO - Processing file /home/airflow/.local/lib/python3.8/site-packages/airflow/example_dags/example_datasets.py for tasks to queue
[2023-12-20T17:29:25.424+0000] {logging_mixin.py:188} INFO - [2023-12-20T17:29:25.420+0000] {dagbag.py:538} INFO - Filling up the DagBag from /home/airflow/.local/lib/python3.8/site-packages/airflow/example_dags/example_datasets.py
[2023-12-20T17:29:25.500+0000] {processor.py:840} INFO - DAG(s) 'dataset_consumes_1', 'dataset_consumes_1_never_scheduled', 'dataset_produces_1', 'dataset_consumes_1_and_2', 'dataset_produces_2', 'dataset_consumes_unknown_never_scheduled' retrieved from /home/airflow/.local/lib/python3.8/site-packages/airflow/example_dags/example_datasets.py
[2023-12-20T17:29:25.706+0000] {logging_mixin.py:188} INFO - [2023-12-20T17:29:25.706+0000] {dag.py:3033} INFO - Sync 6 DAGs
[2023-12-20T17:29:25.783+0000] {logging_mixin.py:188} INFO - [2023-12-20T17:29:25.782+0000] {dag.py:3820} INFO - Setting next_dagrun for dataset_consumes_1 to None, run_after=None
[2023-12-20T17:29:25.789+0000] {logging_mixin.py:188} INFO - [2023-12-20T17:29:25.789+0000] {dag.py:3820} INFO - Setting next_dagrun for dataset_consumes_1_and_2 to None, run_after=None
[2023-12-20T17:29:25.792+0000] {logging_mixin.py:188} INFO - [2023-12-20T17:29:25.792+0000] {dag.py:3820} INFO - Setting next_dagrun for dataset_consumes_1_never_scheduled to None, run_after=None
[2023-12-20T17:29:25.794+0000] {logging_mixin.py:188} INFO - [2023-12-20T17:29:25.794+0000] {dag.py:3820} INFO - Setting next_dagrun for dataset_consumes_unknown_never_scheduled to None, run_after=None
[2023-12-20T17:29:25.802+0000] {logging_mixin.py:188} INFO - [2023-12-20T17:29:25.801+0000] {dag.py:3820} INFO - Setting next_dagrun for dataset_produces_1 to 2023-12-19T00:00:00+00:00, run_after=2023-12-20T00:00:00+00:00
[2023-12-20T17:29:25.804+0000] {logging_mixin.py:188} INFO - [2023-12-20T17:29:25.804+0000] {dag.py:3820} INFO - Setting next_dagrun for dataset_produces_2 to None, run_after=None
[2023-12-20T17:29:25.880+0000] {processor.py:183} INFO - Processing /home/airflow/.local/lib/python3.8/site-packages/airflow/example_dags/example_datasets.py took 0.488 seconds
[2023-12-20T17:29:55.992+0000] {processor.py:161} INFO - Started process (PID=479) to work on /home/airflow/.local/lib/python3.8/site-packages/airflow/example_dags/example_datasets.py
[2023-12-20T17:29:55.998+0000] {processor.py:830} INFO - Processing file /home/airflow/.local/lib/python3.8/site-packages/airflow/example_dags/example_datasets.py for tasks to queue
[2023-12-20T17:29:56.002+0000] {logging_mixin.py:188} INFO - [2023-12-20T17:29:56.001+0000] {dagbag.py:538} INFO - Filling up the DagBag from /home/airflow/.local/lib/python3.8/site-packages/airflow/example_dags/example_datasets.py
[2023-12-20T17:29:56.037+0000] {processor.py:840} INFO - DAG(s) 'dataset_produces_2', 'dataset_consumes_1_and_2', 'dataset_consumes_unknown_never_scheduled', 'dataset_consumes_1', 'dataset_produces_1', 'dataset_consumes_1_never_scheduled' retrieved from /home/airflow/.local/lib/python3.8/site-packages/airflow/example_dags/example_datasets.py
[2023-12-20T17:29:56.136+0000] {logging_mixin.py:188} INFO - [2023-12-20T17:29:56.135+0000] {dag.py:3033} INFO - Sync 6 DAGs
[2023-12-20T17:29:56.188+0000] {logging_mixin.py:188} INFO - [2023-12-20T17:29:56.187+0000] {dag.py:3820} INFO - Setting next_dagrun for dataset_consumes_1 to None, run_after=None
[2023-12-20T17:29:56.194+0000] {logging_mixin.py:188} INFO - [2023-12-20T17:29:56.193+0000] {dag.py:3820} INFO - Setting next_dagrun for dataset_consumes_1_and_2 to None, run_after=None
[2023-12-20T17:29:56.199+0000] {logging_mixin.py:188} INFO - [2023-12-20T17:29:56.199+0000] {dag.py:3820} INFO - Setting next_dagrun for dataset_consumes_1_never_scheduled to None, run_after=None
[2023-12-20T17:29:56.202+0000] {logging_mixin.py:188} INFO - [2023-12-20T17:29:56.202+0000] {dag.py:3820} INFO - Setting next_dagrun for dataset_consumes_unknown_never_scheduled to None, run_after=None
[2023-12-20T17:29:56.208+0000] {logging_mixin.py:188} INFO - [2023-12-20T17:29:56.208+0000] {dag.py:3820} INFO - Setting next_dagrun for dataset_produces_1 to 2023-12-19T00:00:00+00:00, run_after=2023-12-20T00:00:00+00:00
[2023-12-20T17:29:56.211+0000] {logging_mixin.py:188} INFO - [2023-12-20T17:29:56.211+0000] {dag.py:3820} INFO - Setting next_dagrun for dataset_produces_2 to None, run_after=None
[2023-12-20T17:29:56.301+0000] {processor.py:183} INFO - Processing /home/airflow/.local/lib/python3.8/site-packages/airflow/example_dags/example_datasets.py took 0.315 seconds
[2023-12-20T17:30:26.554+0000] {processor.py:161} INFO - Started process (PID=534) to work on /home/airflow/.local/lib/python3.8/site-packages/airflow/example_dags/example_datasets.py
[2023-12-20T17:30:26.555+0000] {processor.py:830} INFO - Processing file /home/airflow/.local/lib/python3.8/site-packages/airflow/example_dags/example_datasets.py for tasks to queue
[2023-12-20T17:30:26.559+0000] {logging_mixin.py:188} INFO - [2023-12-20T17:30:26.559+0000] {dagbag.py:538} INFO - Filling up the DagBag from /home/airflow/.local/lib/python3.8/site-packages/airflow/example_dags/example_datasets.py
[2023-12-20T17:30:26.581+0000] {processor.py:840} INFO - DAG(s) 'dataset_consumes_1', 'dataset_produces_2', 'dataset_consumes_1_never_scheduled', 'dataset_consumes_1_and_2', 'dataset_produces_1', 'dataset_consumes_unknown_never_scheduled' retrieved from /home/airflow/.local/lib/python3.8/site-packages/airflow/example_dags/example_datasets.py
[2023-12-20T17:30:26.667+0000] {logging_mixin.py:188} INFO - [2023-12-20T17:30:26.667+0000] {dag.py:3033} INFO - Sync 6 DAGs
[2023-12-20T17:30:26.726+0000] {logging_mixin.py:188} INFO - [2023-12-20T17:30:26.725+0000] {dag.py:3820} INFO - Setting next_dagrun for dataset_consumes_1 to None, run_after=None
[2023-12-20T17:30:26.732+0000] {logging_mixin.py:188} INFO - [2023-12-20T17:30:26.732+0000] {dag.py:3820} INFO - Setting next_dagrun for dataset_consumes_1_and_2 to None, run_after=None
[2023-12-20T17:30:26.734+0000] {logging_mixin.py:188} INFO - [2023-12-20T17:30:26.734+0000] {dag.py:3820} INFO - Setting next_dagrun for dataset_consumes_1_never_scheduled to None, run_after=None
[2023-12-20T17:30:26.739+0000] {logging_mixin.py:188} INFO - [2023-12-20T17:30:26.737+0000] {dag.py:3820} INFO - Setting next_dagrun for dataset_consumes_unknown_never_scheduled to None, run_after=None
[2023-12-20T17:30:26.746+0000] {logging_mixin.py:188} INFO - [2023-12-20T17:30:26.746+0000] {dag.py:3820} INFO - Setting next_dagrun for dataset_produces_1 to 2023-12-19T00:00:00+00:00, run_after=2023-12-20T00:00:00+00:00
[2023-12-20T17:30:26.749+0000] {logging_mixin.py:188} INFO - [2023-12-20T17:30:26.749+0000] {dag.py:3820} INFO - Setting next_dagrun for dataset_produces_2 to None, run_after=None
[2023-12-20T17:30:26.820+0000] {processor.py:183} INFO - Processing /home/airflow/.local/lib/python3.8/site-packages/airflow/example_dags/example_datasets.py took 0.274 seconds
[2023-12-20T17:30:57.466+0000] {processor.py:161} INFO - Started process (PID=590) to work on /home/airflow/.local/lib/python3.8/site-packages/airflow/example_dags/example_datasets.py
[2023-12-20T17:30:57.474+0000] {processor.py:830} INFO - Processing file /home/airflow/.local/lib/python3.8/site-packages/airflow/example_dags/example_datasets.py for tasks to queue
[2023-12-20T17:30:57.480+0000] {logging_mixin.py:188} INFO - [2023-12-20T17:30:57.479+0000] {dagbag.py:538} INFO - Filling up the DagBag from /home/airflow/.local/lib/python3.8/site-packages/airflow/example_dags/example_datasets.py
[2023-12-20T17:30:57.499+0000] {processor.py:840} INFO - DAG(s) 'dataset_consumes_1_and_2', 'dataset_produces_1', 'dataset_consumes_1', 'dataset_consumes_1_never_scheduled', 'dataset_produces_2', 'dataset_consumes_unknown_never_scheduled' retrieved from /home/airflow/.local/lib/python3.8/site-packages/airflow/example_dags/example_datasets.py
[2023-12-20T17:30:57.566+0000] {logging_mixin.py:188} INFO - [2023-12-20T17:30:57.566+0000] {dag.py:3033} INFO - Sync 6 DAGs
[2023-12-20T17:30:57.610+0000] {logging_mixin.py:188} INFO - [2023-12-20T17:30:57.609+0000] {dag.py:3820} INFO - Setting next_dagrun for dataset_consumes_1 to None, run_after=None
[2023-12-20T17:30:57.615+0000] {logging_mixin.py:188} INFO - [2023-12-20T17:30:57.615+0000] {dag.py:3820} INFO - Setting next_dagrun for dataset_consumes_1_and_2 to None, run_after=None
[2023-12-20T17:30:57.618+0000] {logging_mixin.py:188} INFO - [2023-12-20T17:30:57.618+0000] {dag.py:3820} INFO - Setting next_dagrun for dataset_consumes_1_never_scheduled to None, run_after=None
[2023-12-20T17:30:57.620+0000] {logging_mixin.py:188} INFO - [2023-12-20T17:30:57.620+0000] {dag.py:3820} INFO - Setting next_dagrun for dataset_consumes_unknown_never_scheduled to None, run_after=None
[2023-12-20T17:30:57.626+0000] {logging_mixin.py:188} INFO - [2023-12-20T17:30:57.625+0000] {dag.py:3820} INFO - Setting next_dagrun for dataset_produces_1 to 2023-12-19T00:00:00+00:00, run_after=2023-12-20T00:00:00+00:00
[2023-12-20T17:30:57.632+0000] {logging_mixin.py:188} INFO - [2023-12-20T17:30:57.631+0000] {dag.py:3820} INFO - Setting next_dagrun for dataset_produces_2 to None, run_after=None
[2023-12-20T17:30:57.744+0000] {processor.py:183} INFO - Processing /home/airflow/.local/lib/python3.8/site-packages/airflow/example_dags/example_datasets.py took 0.289 seconds
[2023-12-20T17:31:28.226+0000] {processor.py:161} INFO - Started process (PID=642) to work on /home/airflow/.local/lib/python3.8/site-packages/airflow/example_dags/example_datasets.py
[2023-12-20T17:31:28.227+0000] {processor.py:830} INFO - Processing file /home/airflow/.local/lib/python3.8/site-packages/airflow/example_dags/example_datasets.py for tasks to queue
[2023-12-20T17:31:28.231+0000] {logging_mixin.py:188} INFO - [2023-12-20T17:31:28.231+0000] {dagbag.py:538} INFO - Filling up the DagBag from /home/airflow/.local/lib/python3.8/site-packages/airflow/example_dags/example_datasets.py
[2023-12-20T17:31:28.249+0000] {processor.py:840} INFO - DAG(s) 'dataset_consumes_1_and_2', 'dataset_consumes_unknown_never_scheduled', 'dataset_produces_1', 'dataset_produces_2', 'dataset_consumes_1', 'dataset_consumes_1_never_scheduled' retrieved from /home/airflow/.local/lib/python3.8/site-packages/airflow/example_dags/example_datasets.py
[2023-12-20T17:31:28.322+0000] {logging_mixin.py:188} INFO - [2023-12-20T17:31:28.322+0000] {dag.py:3033} INFO - Sync 6 DAGs
[2023-12-20T17:31:28.382+0000] {logging_mixin.py:188} INFO - [2023-12-20T17:31:28.382+0000] {dag.py:3820} INFO - Setting next_dagrun for dataset_consumes_1 to None, run_after=None
[2023-12-20T17:31:28.387+0000] {logging_mixin.py:188} INFO - [2023-12-20T17:31:28.387+0000] {dag.py:3820} INFO - Setting next_dagrun for dataset_consumes_1_and_2 to None, run_after=None
[2023-12-20T17:31:28.388+0000] {logging_mixin.py:188} INFO - [2023-12-20T17:31:28.388+0000] {dag.py:3820} INFO - Setting next_dagrun for dataset_consumes_1_never_scheduled to None, run_after=None
[2023-12-20T17:31:28.390+0000] {logging_mixin.py:188} INFO - [2023-12-20T17:31:28.390+0000] {dag.py:3820} INFO - Setting next_dagrun for dataset_consumes_unknown_never_scheduled to None, run_after=None
[2023-12-20T17:31:28.397+0000] {logging_mixin.py:188} INFO - [2023-12-20T17:31:28.397+0000] {dag.py:3820} INFO - Setting next_dagrun for dataset_produces_1 to 2023-12-19T00:00:00+00:00, run_after=2023-12-20T00:00:00+00:00
[2023-12-20T17:31:28.400+0000] {logging_mixin.py:188} INFO - [2023-12-20T17:31:28.399+0000] {dag.py:3820} INFO - Setting next_dagrun for dataset_produces_2 to None, run_after=None
[2023-12-20T17:31:28.467+0000] {processor.py:183} INFO - Processing /home/airflow/.local/lib/python3.8/site-packages/airflow/example_dags/example_datasets.py took 0.247 seconds
[2023-12-20T17:31:58.900+0000] {processor.py:161} INFO - Started process (PID=697) to work on /home/airflow/.local/lib/python3.8/site-packages/airflow/example_dags/example_datasets.py
[2023-12-20T17:31:58.901+0000] {processor.py:830} INFO - Processing file /home/airflow/.local/lib/python3.8/site-packages/airflow/example_dags/example_datasets.py for tasks to queue
[2023-12-20T17:31:58.904+0000] {logging_mixin.py:188} INFO - [2023-12-20T17:31:58.903+0000] {dagbag.py:538} INFO - Filling up the DagBag from /home/airflow/.local/lib/python3.8/site-packages/airflow/example_dags/example_datasets.py
[2023-12-20T17:31:58.920+0000] {processor.py:840} INFO - DAG(s) 'dataset_consumes_1_never_scheduled', 'dataset_produces_1', 'dataset_produces_2', 'dataset_consumes_1', 'dataset_consumes_1_and_2', 'dataset_consumes_unknown_never_scheduled' retrieved from /home/airflow/.local/lib/python3.8/site-packages/airflow/example_dags/example_datasets.py
[2023-12-20T17:31:58.987+0000] {logging_mixin.py:188} INFO - [2023-12-20T17:31:58.987+0000] {dag.py:3033} INFO - Sync 6 DAGs
[2023-12-20T17:31:59.030+0000] {logging_mixin.py:188} INFO - [2023-12-20T17:31:59.030+0000] {dag.py:3820} INFO - Setting next_dagrun for dataset_consumes_1 to None, run_after=None
[2023-12-20T17:31:59.036+0000] {logging_mixin.py:188} INFO - [2023-12-20T17:31:59.036+0000] {dag.py:3820} INFO - Setting next_dagrun for dataset_consumes_1_and_2 to None, run_after=None
[2023-12-20T17:31:59.039+0000] {logging_mixin.py:188} INFO - [2023-12-20T17:31:59.038+0000] {dag.py:3820} INFO - Setting next_dagrun for dataset_consumes_1_never_scheduled to None, run_after=None
[2023-12-20T17:31:59.040+0000] {logging_mixin.py:188} INFO - [2023-12-20T17:31:59.040+0000] {dag.py:3820} INFO - Setting next_dagrun for dataset_consumes_unknown_never_scheduled to None, run_after=None
[2023-12-20T17:31:59.045+0000] {logging_mixin.py:188} INFO - [2023-12-20T17:31:59.044+0000] {dag.py:3820} INFO - Setting next_dagrun for dataset_produces_1 to 2023-12-19T00:00:00+00:00, run_after=2023-12-20T00:00:00+00:00
[2023-12-20T17:31:59.049+0000] {logging_mixin.py:188} INFO - [2023-12-20T17:31:59.048+0000] {dag.py:3820} INFO - Setting next_dagrun for dataset_produces_2 to None, run_after=None
[2023-12-20T17:31:59.119+0000] {processor.py:183} INFO - Processing /home/airflow/.local/lib/python3.8/site-packages/airflow/example_dags/example_datasets.py took 0.226 seconds
[2023-12-20T17:32:29.997+0000] {processor.py:161} INFO - Started process (PID=752) to work on /home/airflow/.local/lib/python3.8/site-packages/airflow/example_dags/example_datasets.py
[2023-12-20T17:32:30.009+0000] {processor.py:830} INFO - Processing file /home/airflow/.local/lib/python3.8/site-packages/airflow/example_dags/example_datasets.py for tasks to queue
[2023-12-20T17:32:30.013+0000] {logging_mixin.py:188} INFO - [2023-12-20T17:32:30.012+0000] {dagbag.py:538} INFO - Filling up the DagBag from /home/airflow/.local/lib/python3.8/site-packages/airflow/example_dags/example_datasets.py
[2023-12-20T17:32:30.039+0000] {processor.py:840} INFO - DAG(s) 'dataset_consumes_1', 'dataset_produces_2', 'dataset_consumes_1_and_2', 'dataset_consumes_unknown_never_scheduled', 'dataset_produces_1', 'dataset_consumes_1_never_scheduled' retrieved from /home/airflow/.local/lib/python3.8/site-packages/airflow/example_dags/example_datasets.py
[2023-12-20T17:32:30.181+0000] {logging_mixin.py:188} INFO - [2023-12-20T17:32:30.180+0000] {dag.py:3033} INFO - Sync 6 DAGs
[2023-12-20T17:32:30.268+0000] {logging_mixin.py:188} INFO - [2023-12-20T17:32:30.267+0000] {dag.py:3820} INFO - Setting next_dagrun for dataset_consumes_1 to None, run_after=None
[2023-12-20T17:32:30.274+0000] {logging_mixin.py:188} INFO - [2023-12-20T17:32:30.274+0000] {dag.py:3820} INFO - Setting next_dagrun for dataset_consumes_1_and_2 to None, run_after=None
[2023-12-20T17:32:30.279+0000] {logging_mixin.py:188} INFO - [2023-12-20T17:32:30.278+0000] {dag.py:3820} INFO - Setting next_dagrun for dataset_consumes_1_never_scheduled to None, run_after=None
[2023-12-20T17:32:30.282+0000] {logging_mixin.py:188} INFO - [2023-12-20T17:32:30.281+0000] {dag.py:3820} INFO - Setting next_dagrun for dataset_consumes_unknown_never_scheduled to None, run_after=None
[2023-12-20T17:32:30.289+0000] {logging_mixin.py:188} INFO - [2023-12-20T17:32:30.289+0000] {dag.py:3820} INFO - Setting next_dagrun for dataset_produces_1 to 2023-12-19T00:00:00+00:00, run_after=2023-12-20T00:00:00+00:00
[2023-12-20T17:32:30.293+0000] {logging_mixin.py:188} INFO - [2023-12-20T17:32:30.291+0000] {dag.py:3820} INFO - Setting next_dagrun for dataset_produces_2 to None, run_after=None
[2023-12-20T17:32:30.438+0000] {processor.py:183} INFO - Processing /home/airflow/.local/lib/python3.8/site-packages/airflow/example_dags/example_datasets.py took 0.455 seconds
[2023-12-20T17:33:00.523+0000] {processor.py:161} INFO - Started process (PID=808) to work on /home/airflow/.local/lib/python3.8/site-packages/airflow/example_dags/example_datasets.py
[2023-12-20T17:33:00.524+0000] {processor.py:830} INFO - Processing file /home/airflow/.local/lib/python3.8/site-packages/airflow/example_dags/example_datasets.py for tasks to queue
[2023-12-20T17:33:00.531+0000] {logging_mixin.py:188} INFO - [2023-12-20T17:33:00.530+0000] {dagbag.py:538} INFO - Filling up the DagBag from /home/airflow/.local/lib/python3.8/site-packages/airflow/example_dags/example_datasets.py
[2023-12-20T17:33:00.548+0000] {processor.py:840} INFO - DAG(s) 'dataset_consumes_unknown_never_scheduled', 'dataset_consumes_1', 'dataset_consumes_1_never_scheduled', 'dataset_produces_2', 'dataset_produces_1', 'dataset_consumes_1_and_2' retrieved from /home/airflow/.local/lib/python3.8/site-packages/airflow/example_dags/example_datasets.py
[2023-12-20T17:33:00.683+0000] {logging_mixin.py:188} INFO - [2023-12-20T17:33:00.683+0000] {dag.py:3033} INFO - Sync 6 DAGs
[2023-12-20T17:33:00.751+0000] {logging_mixin.py:188} INFO - [2023-12-20T17:33:00.751+0000] {dag.py:3820} INFO - Setting next_dagrun for dataset_consumes_1 to None, run_after=None
[2023-12-20T17:33:00.764+0000] {logging_mixin.py:188} INFO - [2023-12-20T17:33:00.764+0000] {dag.py:3820} INFO - Setting next_dagrun for dataset_consumes_1_and_2 to None, run_after=None
[2023-12-20T17:33:00.771+0000] {logging_mixin.py:188} INFO - [2023-12-20T17:33:00.771+0000] {dag.py:3820} INFO - Setting next_dagrun for dataset_consumes_1_never_scheduled to None, run_after=None
[2023-12-20T17:33:00.774+0000] {logging_mixin.py:188} INFO - [2023-12-20T17:33:00.773+0000] {dag.py:3820} INFO - Setting next_dagrun for dataset_consumes_unknown_never_scheduled to None, run_after=None
[2023-12-20T17:33:00.786+0000] {logging_mixin.py:188} INFO - [2023-12-20T17:33:00.785+0000] {dag.py:3820} INFO - Setting next_dagrun for dataset_produces_1 to 2023-12-19T00:00:00+00:00, run_after=2023-12-20T00:00:00+00:00
[2023-12-20T17:33:00.791+0000] {logging_mixin.py:188} INFO - [2023-12-20T17:33:00.789+0000] {dag.py:3820} INFO - Setting next_dagrun for dataset_produces_2 to None, run_after=None
[2023-12-20T17:33:00.929+0000] {processor.py:183} INFO - Processing /home/airflow/.local/lib/python3.8/site-packages/airflow/example_dags/example_datasets.py took 0.414 seconds
[2023-12-20T17:33:31.153+0000] {processor.py:161} INFO - Started process (PID=863) to work on /home/airflow/.local/lib/python3.8/site-packages/airflow/example_dags/example_datasets.py
[2023-12-20T17:33:31.158+0000] {processor.py:830} INFO - Processing file /home/airflow/.local/lib/python3.8/site-packages/airflow/example_dags/example_datasets.py for tasks to queue
[2023-12-20T17:33:31.163+0000] {logging_mixin.py:188} INFO - [2023-12-20T17:33:31.162+0000] {dagbag.py:538} INFO - Filling up the DagBag from /home/airflow/.local/lib/python3.8/site-packages/airflow/example_dags/example_datasets.py
[2023-12-20T17:33:31.183+0000] {processor.py:840} INFO - DAG(s) 'dataset_consumes_1_never_scheduled', 'dataset_consumes_unknown_never_scheduled', 'dataset_consumes_1_and_2', 'dataset_produces_1', 'dataset_consumes_1', 'dataset_produces_2' retrieved from /home/airflow/.local/lib/python3.8/site-packages/airflow/example_dags/example_datasets.py
[2023-12-20T17:33:31.278+0000] {logging_mixin.py:188} INFO - [2023-12-20T17:33:31.277+0000] {dag.py:3033} INFO - Sync 6 DAGs
[2023-12-20T17:33:31.338+0000] {logging_mixin.py:188} INFO - [2023-12-20T17:33:31.338+0000] {dag.py:3820} INFO - Setting next_dagrun for dataset_consumes_1 to None, run_after=None
[2023-12-20T17:33:31.352+0000] {logging_mixin.py:188} INFO - [2023-12-20T17:33:31.351+0000] {dag.py:3820} INFO - Setting next_dagrun for dataset_consumes_1_and_2 to None, run_after=None
[2023-12-20T17:33:31.360+0000] {logging_mixin.py:188} INFO - [2023-12-20T17:33:31.359+0000] {dag.py:3820} INFO - Setting next_dagrun for dataset_consumes_1_never_scheduled to None, run_after=None
[2023-12-20T17:33:31.362+0000] {logging_mixin.py:188} INFO - [2023-12-20T17:33:31.362+0000] {dag.py:3820} INFO - Setting next_dagrun for dataset_consumes_unknown_never_scheduled to None, run_after=None
[2023-12-20T17:33:31.372+0000] {logging_mixin.py:188} INFO - [2023-12-20T17:33:31.372+0000] {dag.py:3820} INFO - Setting next_dagrun for dataset_produces_1 to 2023-12-19T00:00:00+00:00, run_after=2023-12-20T00:00:00+00:00
[2023-12-20T17:33:31.379+0000] {logging_mixin.py:188} INFO - [2023-12-20T17:33:31.379+0000] {dag.py:3820} INFO - Setting next_dagrun for dataset_produces_2 to None, run_after=None
[2023-12-20T17:33:31.473+0000] {processor.py:183} INFO - Processing /home/airflow/.local/lib/python3.8/site-packages/airflow/example_dags/example_datasets.py took 0.326 seconds
[2023-12-20T17:34:02.336+0000] {processor.py:161} INFO - Started process (PID=918) to work on /home/airflow/.local/lib/python3.8/site-packages/airflow/example_dags/example_datasets.py
[2023-12-20T17:34:02.337+0000] {processor.py:830} INFO - Processing file /home/airflow/.local/lib/python3.8/site-packages/airflow/example_dags/example_datasets.py for tasks to queue
[2023-12-20T17:34:02.340+0000] {logging_mixin.py:188} INFO - [2023-12-20T17:34:02.339+0000] {dagbag.py:538} INFO - Filling up the DagBag from /home/airflow/.local/lib/python3.8/site-packages/airflow/example_dags/example_datasets.py
[2023-12-20T17:34:02.353+0000] {processor.py:840} INFO - DAG(s) 'dataset_consumes_1', 'dataset_consumes_1_and_2', 'dataset_consumes_1_never_scheduled', 'dataset_produces_2', 'dataset_produces_1', 'dataset_consumes_unknown_never_scheduled' retrieved from /home/airflow/.local/lib/python3.8/site-packages/airflow/example_dags/example_datasets.py
[2023-12-20T17:34:02.414+0000] {logging_mixin.py:188} INFO - [2023-12-20T17:34:02.414+0000] {dag.py:3033} INFO - Sync 6 DAGs
[2023-12-20T17:34:02.453+0000] {logging_mixin.py:188} INFO - [2023-12-20T17:34:02.452+0000] {dag.py:3820} INFO - Setting next_dagrun for dataset_consumes_1 to None, run_after=None
[2023-12-20T17:34:02.459+0000] {logging_mixin.py:188} INFO - [2023-12-20T17:34:02.458+0000] {dag.py:3820} INFO - Setting next_dagrun for dataset_consumes_1_and_2 to None, run_after=None
[2023-12-20T17:34:02.461+0000] {logging_mixin.py:188} INFO - [2023-12-20T17:34:02.461+0000] {dag.py:3820} INFO - Setting next_dagrun for dataset_consumes_1_never_scheduled to None, run_after=None
[2023-12-20T17:34:02.463+0000] {logging_mixin.py:188} INFO - [2023-12-20T17:34:02.463+0000] {dag.py:3820} INFO - Setting next_dagrun for dataset_consumes_unknown_never_scheduled to None, run_after=None
[2023-12-20T17:34:02.470+0000] {logging_mixin.py:188} INFO - [2023-12-20T17:34:02.470+0000] {dag.py:3820} INFO - Setting next_dagrun for dataset_produces_1 to 2023-12-19T00:00:00+00:00, run_after=2023-12-20T00:00:00+00:00
[2023-12-20T17:34:02.472+0000] {logging_mixin.py:188} INFO - [2023-12-20T17:34:02.472+0000] {dag.py:3820} INFO - Setting next_dagrun for dataset_produces_2 to None, run_after=None
[2023-12-20T17:34:02.539+0000] {processor.py:183} INFO - Processing /home/airflow/.local/lib/python3.8/site-packages/airflow/example_dags/example_datasets.py took 0.209 seconds
[2023-12-20T17:34:32.948+0000] {processor.py:161} INFO - Started process (PID=973) to work on /home/airflow/.local/lib/python3.8/site-packages/airflow/example_dags/example_datasets.py
[2023-12-20T17:34:32.957+0000] {processor.py:830} INFO - Processing file /home/airflow/.local/lib/python3.8/site-packages/airflow/example_dags/example_datasets.py for tasks to queue
[2023-12-20T17:34:32.961+0000] {logging_mixin.py:188} INFO - [2023-12-20T17:34:32.961+0000] {dagbag.py:538} INFO - Filling up the DagBag from /home/airflow/.local/lib/python3.8/site-packages/airflow/example_dags/example_datasets.py
[2023-12-20T17:34:32.984+0000] {processor.py:840} INFO - DAG(s) 'dataset_produces_2', 'dataset_consumes_unknown_never_scheduled', 'dataset_consumes_1', 'dataset_produces_1', 'dataset_consumes_1_and_2', 'dataset_consumes_1_never_scheduled' retrieved from /home/airflow/.local/lib/python3.8/site-packages/airflow/example_dags/example_datasets.py
[2023-12-20T17:34:33.060+0000] {logging_mixin.py:188} INFO - [2023-12-20T17:34:33.060+0000] {dag.py:3033} INFO - Sync 6 DAGs
[2023-12-20T17:34:33.104+0000] {logging_mixin.py:188} INFO - [2023-12-20T17:34:33.104+0000] {dag.py:3820} INFO - Setting next_dagrun for dataset_consumes_1 to None, run_after=None
[2023-12-20T17:34:33.111+0000] {logging_mixin.py:188} INFO - [2023-12-20T17:34:33.110+0000] {dag.py:3820} INFO - Setting next_dagrun for dataset_consumes_1_and_2 to None, run_after=None
[2023-12-20T17:34:33.113+0000] {logging_mixin.py:188} INFO - [2023-12-20T17:34:33.112+0000] {dag.py:3820} INFO - Setting next_dagrun for dataset_consumes_1_never_scheduled to None, run_after=None
[2023-12-20T17:34:33.115+0000] {logging_mixin.py:188} INFO - [2023-12-20T17:34:33.115+0000] {dag.py:3820} INFO - Setting next_dagrun for dataset_consumes_unknown_never_scheduled to None, run_after=None
[2023-12-20T17:34:33.123+0000] {logging_mixin.py:188} INFO - [2023-12-20T17:34:33.122+0000] {dag.py:3820} INFO - Setting next_dagrun for dataset_produces_1 to 2023-12-19T00:00:00+00:00, run_after=2023-12-20T00:00:00+00:00
[2023-12-20T17:34:33.125+0000] {logging_mixin.py:188} INFO - [2023-12-20T17:34:33.125+0000] {dag.py:3820} INFO - Setting next_dagrun for dataset_produces_2 to None, run_after=None
[2023-12-20T17:34:33.184+0000] {processor.py:183} INFO - Processing /home/airflow/.local/lib/python3.8/site-packages/airflow/example_dags/example_datasets.py took 0.243 seconds
[2023-12-20T17:35:03.555+0000] {processor.py:161} INFO - Started process (PID=1027) to work on /home/airflow/.local/lib/python3.8/site-packages/airflow/example_dags/example_datasets.py
[2023-12-20T17:35:03.556+0000] {processor.py:830} INFO - Processing file /home/airflow/.local/lib/python3.8/site-packages/airflow/example_dags/example_datasets.py for tasks to queue
[2023-12-20T17:35:03.560+0000] {logging_mixin.py:188} INFO - [2023-12-20T17:35:03.559+0000] {dagbag.py:538} INFO - Filling up the DagBag from /home/airflow/.local/lib/python3.8/site-packages/airflow/example_dags/example_datasets.py
[2023-12-20T17:35:03.577+0000] {processor.py:840} INFO - DAG(s) 'dataset_produces_2', 'dataset_consumes_1', 'dataset_consumes_unknown_never_scheduled', 'dataset_produces_1', 'dataset_consumes_1_never_scheduled', 'dataset_consumes_1_and_2' retrieved from /home/airflow/.local/lib/python3.8/site-packages/airflow/example_dags/example_datasets.py
[2023-12-20T17:35:03.650+0000] {logging_mixin.py:188} INFO - [2023-12-20T17:35:03.649+0000] {dag.py:3033} INFO - Sync 6 DAGs
[2023-12-20T17:35:03.693+0000] {logging_mixin.py:188} INFO - [2023-12-20T17:35:03.693+0000] {dag.py:3820} INFO - Setting next_dagrun for dataset_consumes_1 to None, run_after=None
[2023-12-20T17:35:03.698+0000] {logging_mixin.py:188} INFO - [2023-12-20T17:35:03.697+0000] {dag.py:3820} INFO - Setting next_dagrun for dataset_consumes_1_and_2 to None, run_after=None
[2023-12-20T17:35:03.700+0000] {logging_mixin.py:188} INFO - [2023-12-20T17:35:03.699+0000] {dag.py:3820} INFO - Setting next_dagrun for dataset_consumes_1_never_scheduled to None, run_after=None
[2023-12-20T17:35:03.704+0000] {logging_mixin.py:188} INFO - [2023-12-20T17:35:03.703+0000] {dag.py:3820} INFO - Setting next_dagrun for dataset_consumes_unknown_never_scheduled to None, run_after=None
[2023-12-20T17:35:03.709+0000] {logging_mixin.py:188} INFO - [2023-12-20T17:35:03.708+0000] {dag.py:3820} INFO - Setting next_dagrun for dataset_produces_1 to 2023-12-19T00:00:00+00:00, run_after=2023-12-20T00:00:00+00:00
[2023-12-20T17:35:03.711+0000] {logging_mixin.py:188} INFO - [2023-12-20T17:35:03.711+0000] {dag.py:3820} INFO - Setting next_dagrun for dataset_produces_2 to None, run_after=None
[2023-12-20T17:35:03.774+0000] {processor.py:183} INFO - Processing /home/airflow/.local/lib/python3.8/site-packages/airflow/example_dags/example_datasets.py took 0.226 seconds
[2023-12-20T17:35:34.684+0000] {processor.py:161} INFO - Started process (PID=1082) to work on /home/airflow/.local/lib/python3.8/site-packages/airflow/example_dags/example_datasets.py
[2023-12-20T17:35:34.685+0000] {processor.py:830} INFO - Processing file /home/airflow/.local/lib/python3.8/site-packages/airflow/example_dags/example_datasets.py for tasks to queue
[2023-12-20T17:35:34.688+0000] {logging_mixin.py:188} INFO - [2023-12-20T17:35:34.688+0000] {dagbag.py:538} INFO - Filling up the DagBag from /home/airflow/.local/lib/python3.8/site-packages/airflow/example_dags/example_datasets.py
[2023-12-20T17:35:34.706+0000] {processor.py:840} INFO - DAG(s) 'dataset_consumes_1', 'dataset_consumes_1_and_2', 'dataset_consumes_1_never_scheduled', 'dataset_consumes_unknown_never_scheduled', 'dataset_produces_2', 'dataset_produces_1' retrieved from /home/airflow/.local/lib/python3.8/site-packages/airflow/example_dags/example_datasets.py
[2023-12-20T17:35:34.784+0000] {logging_mixin.py:188} INFO - [2023-12-20T17:35:34.784+0000] {dag.py:3033} INFO - Sync 6 DAGs
[2023-12-20T17:35:34.836+0000] {logging_mixin.py:188} INFO - [2023-12-20T17:35:34.835+0000] {dag.py:3820} INFO - Setting next_dagrun for dataset_consumes_1 to None, run_after=None
[2023-12-20T17:35:34.846+0000] {logging_mixin.py:188} INFO - [2023-12-20T17:35:34.846+0000] {dag.py:3820} INFO - Setting next_dagrun for dataset_consumes_1_and_2 to None, run_after=None
[2023-12-20T17:35:34.848+0000] {logging_mixin.py:188} INFO - [2023-12-20T17:35:34.848+0000] {dag.py:3820} INFO - Setting next_dagrun for dataset_consumes_1_never_scheduled to None, run_after=None
[2023-12-20T17:35:34.852+0000] {logging_mixin.py:188} INFO - [2023-12-20T17:35:34.852+0000] {dag.py:3820} INFO - Setting next_dagrun for dataset_consumes_unknown_never_scheduled to None, run_after=None
[2023-12-20T17:35:34.857+0000] {logging_mixin.py:188} INFO - [2023-12-20T17:35:34.857+0000] {dag.py:3820} INFO - Setting next_dagrun for dataset_produces_1 to 2023-12-19T00:00:00+00:00, run_after=2023-12-20T00:00:00+00:00
[2023-12-20T17:35:34.860+0000] {logging_mixin.py:188} INFO - [2023-12-20T17:35:34.860+0000] {dag.py:3820} INFO - Setting next_dagrun for dataset_produces_2 to None, run_after=None
[2023-12-20T17:35:34.919+0000] {processor.py:183} INFO - Processing /home/airflow/.local/lib/python3.8/site-packages/airflow/example_dags/example_datasets.py took 0.241 seconds
[2023-12-20T17:36:05.022+0000] {processor.py:161} INFO - Started process (PID=1137) to work on /home/airflow/.local/lib/python3.8/site-packages/airflow/example_dags/example_datasets.py
[2023-12-20T17:36:05.041+0000] {processor.py:830} INFO - Processing file /home/airflow/.local/lib/python3.8/site-packages/airflow/example_dags/example_datasets.py for tasks to queue
[2023-12-20T17:36:05.045+0000] {logging_mixin.py:188} INFO - [2023-12-20T17:36:05.045+0000] {dagbag.py:538} INFO - Filling up the DagBag from /home/airflow/.local/lib/python3.8/site-packages/airflow/example_dags/example_datasets.py
[2023-12-20T17:36:05.093+0000] {processor.py:840} INFO - DAG(s) 'dataset_produces_2', 'dataset_consumes_1', 'dataset_consumes_1_never_scheduled', 'dataset_consumes_1_and_2', 'dataset_produces_1', 'dataset_consumes_unknown_never_scheduled' retrieved from /home/airflow/.local/lib/python3.8/site-packages/airflow/example_dags/example_datasets.py
[2023-12-20T17:36:05.188+0000] {logging_mixin.py:188} INFO - [2023-12-20T17:36:05.188+0000] {dag.py:3033} INFO - Sync 6 DAGs
[2023-12-20T17:36:05.234+0000] {logging_mixin.py:188} INFO - [2023-12-20T17:36:05.233+0000] {dag.py:3820} INFO - Setting next_dagrun for dataset_consumes_1 to None, run_after=None
[2023-12-20T17:36:05.242+0000] {logging_mixin.py:188} INFO - [2023-12-20T17:36:05.242+0000] {dag.py:3820} INFO - Setting next_dagrun for dataset_consumes_1_and_2 to None, run_after=None
[2023-12-20T17:36:05.246+0000] {logging_mixin.py:188} INFO - [2023-12-20T17:36:05.246+0000] {dag.py:3820} INFO - Setting next_dagrun for dataset_consumes_1_never_scheduled to None, run_after=None
[2023-12-20T17:36:05.249+0000] {logging_mixin.py:188} INFO - [2023-12-20T17:36:05.248+0000] {dag.py:3820} INFO - Setting next_dagrun for dataset_consumes_unknown_never_scheduled to None, run_after=None
[2023-12-20T17:36:05.254+0000] {logging_mixin.py:188} INFO - [2023-12-20T17:36:05.254+0000] {dag.py:3820} INFO - Setting next_dagrun for dataset_produces_1 to 2023-12-19T00:00:00+00:00, run_after=2023-12-20T00:00:00+00:00
[2023-12-20T17:36:05.256+0000] {logging_mixin.py:188} INFO - [2023-12-20T17:36:05.255+0000] {dag.py:3820} INFO - Setting next_dagrun for dataset_produces_2 to None, run_after=None
[2023-12-20T17:36:05.313+0000] {processor.py:183} INFO - Processing /home/airflow/.local/lib/python3.8/site-packages/airflow/example_dags/example_datasets.py took 0.296 seconds
[2023-12-20T17:36:35.532+0000] {processor.py:161} INFO - Started process (PID=1192) to work on /home/airflow/.local/lib/python3.8/site-packages/airflow/example_dags/example_datasets.py
[2023-12-20T17:36:35.538+0000] {processor.py:830} INFO - Processing file /home/airflow/.local/lib/python3.8/site-packages/airflow/example_dags/example_datasets.py for tasks to queue
[2023-12-20T17:36:35.541+0000] {logging_mixin.py:188} INFO - [2023-12-20T17:36:35.541+0000] {dagbag.py:538} INFO - Filling up the DagBag from /home/airflow/.local/lib/python3.8/site-packages/airflow/example_dags/example_datasets.py
[2023-12-20T17:36:35.567+0000] {processor.py:840} INFO - DAG(s) 'dataset_consumes_1_and_2', 'dataset_produces_1', 'dataset_consumes_unknown_never_scheduled', 'dataset_consumes_1_never_scheduled', 'dataset_produces_2', 'dataset_consumes_1' retrieved from /home/airflow/.local/lib/python3.8/site-packages/airflow/example_dags/example_datasets.py
[2023-12-20T17:36:35.636+0000] {logging_mixin.py:188} INFO - [2023-12-20T17:36:35.636+0000] {dag.py:3033} INFO - Sync 6 DAGs
[2023-12-20T17:36:35.671+0000] {logging_mixin.py:188} INFO - [2023-12-20T17:36:35.671+0000] {dag.py:3820} INFO - Setting next_dagrun for dataset_consumes_1 to None, run_after=None
[2023-12-20T17:36:35.675+0000] {logging_mixin.py:188} INFO - [2023-12-20T17:36:35.675+0000] {dag.py:3820} INFO - Setting next_dagrun for dataset_consumes_1_and_2 to None, run_after=None
[2023-12-20T17:36:35.677+0000] {logging_mixin.py:188} INFO - [2023-12-20T17:36:35.677+0000] {dag.py:3820} INFO - Setting next_dagrun for dataset_consumes_1_never_scheduled to None, run_after=None
[2023-12-20T17:36:35.679+0000] {logging_mixin.py:188} INFO - [2023-12-20T17:36:35.679+0000] {dag.py:3820} INFO - Setting next_dagrun for dataset_consumes_unknown_never_scheduled to None, run_after=None
[2023-12-20T17:36:35.684+0000] {logging_mixin.py:188} INFO - [2023-12-20T17:36:35.684+0000] {dag.py:3820} INFO - Setting next_dagrun for dataset_produces_1 to 2023-12-19T00:00:00+00:00, run_after=2023-12-20T00:00:00+00:00
[2023-12-20T17:36:35.685+0000] {logging_mixin.py:188} INFO - [2023-12-20T17:36:35.685+0000] {dag.py:3820} INFO - Setting next_dagrun for dataset_produces_2 to None, run_after=None
[2023-12-20T17:36:35.734+0000] {processor.py:183} INFO - Processing /home/airflow/.local/lib/python3.8/site-packages/airflow/example_dags/example_datasets.py took 0.212 seconds
[2023-12-20T17:37:06.669+0000] {processor.py:161} INFO - Started process (PID=1246) to work on /home/airflow/.local/lib/python3.8/site-packages/airflow/example_dags/example_datasets.py
[2023-12-20T17:37:06.670+0000] {processor.py:830} INFO - Processing file /home/airflow/.local/lib/python3.8/site-packages/airflow/example_dags/example_datasets.py for tasks to queue
[2023-12-20T17:37:06.677+0000] {logging_mixin.py:188} INFO - [2023-12-20T17:37:06.677+0000] {dagbag.py:538} INFO - Filling up the DagBag from /home/airflow/.local/lib/python3.8/site-packages/airflow/example_dags/example_datasets.py
[2023-12-20T17:37:06.696+0000] {processor.py:840} INFO - DAG(s) 'dataset_produces_1', 'dataset_produces_2', 'dataset_consumes_unknown_never_scheduled', 'dataset_consumes_1', 'dataset_consumes_1_and_2', 'dataset_consumes_1_never_scheduled' retrieved from /home/airflow/.local/lib/python3.8/site-packages/airflow/example_dags/example_datasets.py
[2023-12-20T17:37:06.768+0000] {logging_mixin.py:188} INFO - [2023-12-20T17:37:06.768+0000] {dag.py:3033} INFO - Sync 6 DAGs
[2023-12-20T17:37:06.811+0000] {logging_mixin.py:188} INFO - [2023-12-20T17:37:06.811+0000] {dag.py:3820} INFO - Setting next_dagrun for dataset_consumes_1 to None, run_after=None
[2023-12-20T17:37:06.817+0000] {logging_mixin.py:188} INFO - [2023-12-20T17:37:06.816+0000] {dag.py:3820} INFO - Setting next_dagrun for dataset_consumes_1_and_2 to None, run_after=None
[2023-12-20T17:37:06.819+0000] {logging_mixin.py:188} INFO - [2023-12-20T17:37:06.819+0000] {dag.py:3820} INFO - Setting next_dagrun for dataset_consumes_1_never_scheduled to None, run_after=None
[2023-12-20T17:37:06.821+0000] {logging_mixin.py:188} INFO - [2023-12-20T17:37:06.821+0000] {dag.py:3820} INFO - Setting next_dagrun for dataset_consumes_unknown_never_scheduled to None, run_after=None
[2023-12-20T17:37:06.828+0000] {logging_mixin.py:188} INFO - [2023-12-20T17:37:06.828+0000] {dag.py:3820} INFO - Setting next_dagrun for dataset_produces_1 to 2023-12-19T00:00:00+00:00, run_after=2023-12-20T00:00:00+00:00
[2023-12-20T17:37:06.830+0000] {logging_mixin.py:188} INFO - [2023-12-20T17:37:06.829+0000] {dag.py:3820} INFO - Setting next_dagrun for dataset_produces_2 to None, run_after=None
[2023-12-20T17:37:06.881+0000] {processor.py:183} INFO - Processing /home/airflow/.local/lib/python3.8/site-packages/airflow/example_dags/example_datasets.py took 0.220 seconds
