[2023-12-20T17:20:52.307+0000] {processor.py:161} INFO - Started process (PID=239) to work on /home/airflow/.local/lib/python3.8/site-packages/airflow/example_dags/example_branch_labels.py
[2023-12-20T17:20:52.308+0000] {processor.py:830} INFO - Processing file /home/airflow/.local/lib/python3.8/site-packages/airflow/example_dags/example_branch_labels.py for tasks to queue
[2023-12-20T17:20:52.309+0000] {logging_mixin.py:188} INFO - [2023-12-20T17:20:52.309+0000] {dagbag.py:538} INFO - Filling up the DagBag from /home/airflow/.local/lib/python3.8/site-packages/airflow/example_dags/example_branch_labels.py
[2023-12-20T17:20:52.361+0000] {processor.py:840} INFO - DAG(s) 'example_branch_labels' retrieved from /home/airflow/.local/lib/python3.8/site-packages/airflow/example_dags/example_branch_labels.py
[2023-12-20T17:20:52.711+0000] {logging_mixin.py:188} INFO - [2023-12-20T17:20:52.711+0000] {dag.py:3033} INFO - Sync 1 DAGs
[2023-12-20T17:20:52.814+0000] {logging_mixin.py:188} INFO - [2023-12-20T17:20:52.814+0000] {dag.py:3820} INFO - Setting next_dagrun for example_branch_labels to 2023-12-19T00:00:00+00:00, run_after=2023-12-20T00:00:00+00:00
[2023-12-20T17:20:52.916+0000] {processor.py:183} INFO - Processing /home/airflow/.local/lib/python3.8/site-packages/airflow/example_dags/example_branch_labels.py took 0.633 seconds
[2023-12-20T17:21:23.433+0000] {processor.py:161} INFO - Started process (PID=486) to work on /home/airflow/.local/lib/python3.8/site-packages/airflow/example_dags/example_branch_labels.py
[2023-12-20T17:21:23.434+0000] {processor.py:830} INFO - Processing file /home/airflow/.local/lib/python3.8/site-packages/airflow/example_dags/example_branch_labels.py for tasks to queue
[2023-12-20T17:21:23.436+0000] {logging_mixin.py:188} INFO - [2023-12-20T17:21:23.435+0000] {dagbag.py:538} INFO - Filling up the DagBag from /home/airflow/.local/lib/python3.8/site-packages/airflow/example_dags/example_branch_labels.py
[2023-12-20T17:21:23.449+0000] {processor.py:840} INFO - DAG(s) 'example_branch_labels' retrieved from /home/airflow/.local/lib/python3.8/site-packages/airflow/example_dags/example_branch_labels.py
[2023-12-20T17:21:23.492+0000] {logging_mixin.py:188} INFO - [2023-12-20T17:21:23.492+0000] {dag.py:3033} INFO - Sync 1 DAGs
[2023-12-20T17:21:23.545+0000] {logging_mixin.py:188} INFO - [2023-12-20T17:21:23.545+0000] {dag.py:3820} INFO - Setting next_dagrun for example_branch_labels to 2023-12-19T00:00:00+00:00, run_after=2023-12-20T00:00:00+00:00
[2023-12-20T17:21:23.579+0000] {processor.py:183} INFO - Processing /home/airflow/.local/lib/python3.8/site-packages/airflow/example_dags/example_branch_labels.py took 0.151 seconds
[2023-12-20T17:21:54.271+0000] {processor.py:161} INFO - Started process (PID=732) to work on /home/airflow/.local/lib/python3.8/site-packages/airflow/example_dags/example_branch_labels.py
[2023-12-20T17:21:54.274+0000] {processor.py:830} INFO - Processing file /home/airflow/.local/lib/python3.8/site-packages/airflow/example_dags/example_branch_labels.py for tasks to queue
[2023-12-20T17:21:54.275+0000] {logging_mixin.py:188} INFO - [2023-12-20T17:21:54.274+0000] {dagbag.py:538} INFO - Filling up the DagBag from /home/airflow/.local/lib/python3.8/site-packages/airflow/example_dags/example_branch_labels.py
[2023-12-20T17:21:54.296+0000] {processor.py:840} INFO - DAG(s) 'example_branch_labels' retrieved from /home/airflow/.local/lib/python3.8/site-packages/airflow/example_dags/example_branch_labels.py
[2023-12-20T17:21:54.354+0000] {logging_mixin.py:188} INFO - [2023-12-20T17:21:54.354+0000] {dag.py:3033} INFO - Sync 1 DAGs
[2023-12-20T17:21:54.401+0000] {logging_mixin.py:188} INFO - [2023-12-20T17:21:54.401+0000] {dag.py:3820} INFO - Setting next_dagrun for example_branch_labels to 2023-12-19T00:00:00+00:00, run_after=2023-12-20T00:00:00+00:00
[2023-12-20T17:21:54.433+0000] {processor.py:183} INFO - Processing /home/airflow/.local/lib/python3.8/site-packages/airflow/example_dags/example_branch_labels.py took 0.174 seconds
[2023-12-20T17:22:24.757+0000] {processor.py:161} INFO - Started process (PID=979) to work on /home/airflow/.local/lib/python3.8/site-packages/airflow/example_dags/example_branch_labels.py
[2023-12-20T17:22:24.759+0000] {processor.py:830} INFO - Processing file /home/airflow/.local/lib/python3.8/site-packages/airflow/example_dags/example_branch_labels.py for tasks to queue
[2023-12-20T17:22:24.760+0000] {logging_mixin.py:188} INFO - [2023-12-20T17:22:24.760+0000] {dagbag.py:538} INFO - Filling up the DagBag from /home/airflow/.local/lib/python3.8/site-packages/airflow/example_dags/example_branch_labels.py
[2023-12-20T17:22:24.773+0000] {processor.py:840} INFO - DAG(s) 'example_branch_labels' retrieved from /home/airflow/.local/lib/python3.8/site-packages/airflow/example_dags/example_branch_labels.py
[2023-12-20T17:22:24.809+0000] {logging_mixin.py:188} INFO - [2023-12-20T17:22:24.809+0000] {dag.py:3033} INFO - Sync 1 DAGs
[2023-12-20T17:22:24.844+0000] {logging_mixin.py:188} INFO - [2023-12-20T17:22:24.843+0000] {dag.py:3820} INFO - Setting next_dagrun for example_branch_labels to 2023-12-19T00:00:00+00:00, run_after=2023-12-20T00:00:00+00:00
[2023-12-20T17:22:24.886+0000] {processor.py:183} INFO - Processing /home/airflow/.local/lib/python3.8/site-packages/airflow/example_dags/example_branch_labels.py took 0.134 seconds
[2023-12-20T17:22:55.718+0000] {processor.py:161} INFO - Started process (PID=1226) to work on /home/airflow/.local/lib/python3.8/site-packages/airflow/example_dags/example_branch_labels.py
[2023-12-20T17:22:55.723+0000] {processor.py:830} INFO - Processing file /home/airflow/.local/lib/python3.8/site-packages/airflow/example_dags/example_branch_labels.py for tasks to queue
[2023-12-20T17:22:55.724+0000] {logging_mixin.py:188} INFO - [2023-12-20T17:22:55.723+0000] {dagbag.py:538} INFO - Filling up the DagBag from /home/airflow/.local/lib/python3.8/site-packages/airflow/example_dags/example_branch_labels.py
[2023-12-20T17:22:55.737+0000] {processor.py:840} INFO - DAG(s) 'example_branch_labels' retrieved from /home/airflow/.local/lib/python3.8/site-packages/airflow/example_dags/example_branch_labels.py
[2023-12-20T17:22:55.783+0000] {logging_mixin.py:188} INFO - [2023-12-20T17:22:55.782+0000] {dag.py:3033} INFO - Sync 1 DAGs
[2023-12-20T17:22:55.831+0000] {logging_mixin.py:188} INFO - [2023-12-20T17:22:55.831+0000] {dag.py:3820} INFO - Setting next_dagrun for example_branch_labels to 2023-12-19T00:00:00+00:00, run_after=2023-12-20T00:00:00+00:00
[2023-12-20T17:22:55.861+0000] {processor.py:183} INFO - Processing /home/airflow/.local/lib/python3.8/site-packages/airflow/example_dags/example_branch_labels.py took 0.148 seconds
[2023-12-20T17:23:26.263+0000] {processor.py:161} INFO - Started process (PID=1473) to work on /home/airflow/.local/lib/python3.8/site-packages/airflow/example_dags/example_branch_labels.py
[2023-12-20T17:23:26.266+0000] {processor.py:830} INFO - Processing file /home/airflow/.local/lib/python3.8/site-packages/airflow/example_dags/example_branch_labels.py for tasks to queue
[2023-12-20T17:23:26.269+0000] {logging_mixin.py:188} INFO - [2023-12-20T17:23:26.269+0000] {dagbag.py:538} INFO - Filling up the DagBag from /home/airflow/.local/lib/python3.8/site-packages/airflow/example_dags/example_branch_labels.py
[2023-12-20T17:23:26.293+0000] {processor.py:840} INFO - DAG(s) 'example_branch_labels' retrieved from /home/airflow/.local/lib/python3.8/site-packages/airflow/example_dags/example_branch_labels.py
[2023-12-20T17:23:26.381+0000] {logging_mixin.py:188} INFO - [2023-12-20T17:23:26.381+0000] {dag.py:3033} INFO - Sync 1 DAGs
[2023-12-20T17:23:26.459+0000] {logging_mixin.py:188} INFO - [2023-12-20T17:23:26.459+0000] {dag.py:3820} INFO - Setting next_dagrun for example_branch_labels to 2023-12-19T00:00:00+00:00, run_after=2023-12-20T00:00:00+00:00
[2023-12-20T17:23:26.576+0000] {processor.py:183} INFO - Processing /home/airflow/.local/lib/python3.8/site-packages/airflow/example_dags/example_branch_labels.py took 0.326 seconds
[2023-12-20T17:23:56.895+0000] {processor.py:161} INFO - Started process (PID=1720) to work on /home/airflow/.local/lib/python3.8/site-packages/airflow/example_dags/example_branch_labels.py
[2023-12-20T17:23:56.896+0000] {processor.py:830} INFO - Processing file /home/airflow/.local/lib/python3.8/site-packages/airflow/example_dags/example_branch_labels.py for tasks to queue
[2023-12-20T17:23:56.897+0000] {logging_mixin.py:188} INFO - [2023-12-20T17:23:56.897+0000] {dagbag.py:538} INFO - Filling up the DagBag from /home/airflow/.local/lib/python3.8/site-packages/airflow/example_dags/example_branch_labels.py
[2023-12-20T17:23:56.907+0000] {processor.py:840} INFO - DAG(s) 'example_branch_labels' retrieved from /home/airflow/.local/lib/python3.8/site-packages/airflow/example_dags/example_branch_labels.py
[2023-12-20T17:23:56.942+0000] {logging_mixin.py:188} INFO - [2023-12-20T17:23:56.942+0000] {dag.py:3033} INFO - Sync 1 DAGs
[2023-12-20T17:23:56.981+0000] {logging_mixin.py:188} INFO - [2023-12-20T17:23:56.981+0000] {dag.py:3820} INFO - Setting next_dagrun for example_branch_labels to 2023-12-19T00:00:00+00:00, run_after=2023-12-20T00:00:00+00:00
[2023-12-20T17:23:57.011+0000] {processor.py:183} INFO - Processing /home/airflow/.local/lib/python3.8/site-packages/airflow/example_dags/example_branch_labels.py took 0.120 seconds
[2023-12-20T17:24:27.447+0000] {processor.py:161} INFO - Started process (PID=1967) to work on /home/airflow/.local/lib/python3.8/site-packages/airflow/example_dags/example_branch_labels.py
[2023-12-20T17:24:27.449+0000] {processor.py:830} INFO - Processing file /home/airflow/.local/lib/python3.8/site-packages/airflow/example_dags/example_branch_labels.py for tasks to queue
[2023-12-20T17:24:27.450+0000] {logging_mixin.py:188} INFO - [2023-12-20T17:24:27.450+0000] {dagbag.py:538} INFO - Filling up the DagBag from /home/airflow/.local/lib/python3.8/site-packages/airflow/example_dags/example_branch_labels.py
[2023-12-20T17:24:27.466+0000] {processor.py:840} INFO - DAG(s) 'example_branch_labels' retrieved from /home/airflow/.local/lib/python3.8/site-packages/airflow/example_dags/example_branch_labels.py
[2023-12-20T17:24:27.513+0000] {logging_mixin.py:188} INFO - [2023-12-20T17:24:27.512+0000] {dag.py:3033} INFO - Sync 1 DAGs
[2023-12-20T17:24:27.558+0000] {logging_mixin.py:188} INFO - [2023-12-20T17:24:27.558+0000] {dag.py:3820} INFO - Setting next_dagrun for example_branch_labels to 2023-12-19T00:00:00+00:00, run_after=2023-12-20T00:00:00+00:00
[2023-12-20T17:24:27.592+0000] {processor.py:183} INFO - Processing /home/airflow/.local/lib/python3.8/site-packages/airflow/example_dags/example_branch_labels.py took 0.162 seconds
[2023-12-20T17:25:54.438+0000] {processor.py:161} INFO - Started process (PID=51) to work on /home/airflow/.local/lib/python3.8/site-packages/airflow/example_dags/example_branch_labels.py
[2023-12-20T17:25:54.443+0000] {processor.py:830} INFO - Processing file /home/airflow/.local/lib/python3.8/site-packages/airflow/example_dags/example_branch_labels.py for tasks to queue
[2023-12-20T17:25:54.446+0000] {logging_mixin.py:188} INFO - [2023-12-20T17:25:54.445+0000] {dagbag.py:538} INFO - Filling up the DagBag from /home/airflow/.local/lib/python3.8/site-packages/airflow/example_dags/example_branch_labels.py
[2023-12-20T17:25:54.493+0000] {processor.py:840} INFO - DAG(s) 'example_branch_labels' retrieved from /home/airflow/.local/lib/python3.8/site-packages/airflow/example_dags/example_branch_labels.py
[2023-12-20T17:25:54.889+0000] {logging_mixin.py:188} INFO - [2023-12-20T17:25:54.889+0000] {dag.py:3033} INFO - Sync 1 DAGs
[2023-12-20T17:25:54.948+0000] {logging_mixin.py:188} INFO - [2023-12-20T17:25:54.947+0000] {dag.py:3820} INFO - Setting next_dagrun for example_branch_labels to 2023-12-19T00:00:00+00:00, run_after=2023-12-20T00:00:00+00:00
[2023-12-20T17:25:55.036+0000] {processor.py:183} INFO - Processing /home/airflow/.local/lib/python3.8/site-packages/airflow/example_dags/example_branch_labels.py took 0.605 seconds
[2023-12-20T17:26:25.732+0000] {processor.py:161} INFO - Started process (PID=105) to work on /home/airflow/.local/lib/python3.8/site-packages/airflow/example_dags/example_branch_labels.py
[2023-12-20T17:26:25.740+0000] {processor.py:830} INFO - Processing file /home/airflow/.local/lib/python3.8/site-packages/airflow/example_dags/example_branch_labels.py for tasks to queue
[2023-12-20T17:26:25.748+0000] {logging_mixin.py:188} INFO - [2023-12-20T17:26:25.747+0000] {dagbag.py:538} INFO - Filling up the DagBag from /home/airflow/.local/lib/python3.8/site-packages/airflow/example_dags/example_branch_labels.py
[2023-12-20T17:26:25.793+0000] {processor.py:840} INFO - DAG(s) 'example_branch_labels' retrieved from /home/airflow/.local/lib/python3.8/site-packages/airflow/example_dags/example_branch_labels.py
[2023-12-20T17:26:25.856+0000] {logging_mixin.py:188} INFO - [2023-12-20T17:26:25.856+0000] {dag.py:3033} INFO - Sync 1 DAGs
[2023-12-20T17:26:25.931+0000] {logging_mixin.py:188} INFO - [2023-12-20T17:26:25.931+0000] {dag.py:3820} INFO - Setting next_dagrun for example_branch_labels to 2023-12-19T00:00:00+00:00, run_after=2023-12-20T00:00:00+00:00
[2023-12-20T17:26:25.962+0000] {processor.py:183} INFO - Processing /home/airflow/.local/lib/python3.8/site-packages/airflow/example_dags/example_branch_labels.py took 0.238 seconds
[2023-12-20T17:26:56.307+0000] {processor.py:161} INFO - Started process (PID=159) to work on /home/airflow/.local/lib/python3.8/site-packages/airflow/example_dags/example_branch_labels.py
[2023-12-20T17:26:56.308+0000] {processor.py:830} INFO - Processing file /home/airflow/.local/lib/python3.8/site-packages/airflow/example_dags/example_branch_labels.py for tasks to queue
[2023-12-20T17:26:56.311+0000] {logging_mixin.py:188} INFO - [2023-12-20T17:26:56.311+0000] {dagbag.py:538} INFO - Filling up the DagBag from /home/airflow/.local/lib/python3.8/site-packages/airflow/example_dags/example_branch_labels.py
[2023-12-20T17:26:56.324+0000] {processor.py:840} INFO - DAG(s) 'example_branch_labels' retrieved from /home/airflow/.local/lib/python3.8/site-packages/airflow/example_dags/example_branch_labels.py
[2023-12-20T17:26:56.360+0000] {logging_mixin.py:188} INFO - [2023-12-20T17:26:56.360+0000] {dag.py:3033} INFO - Sync 1 DAGs
[2023-12-20T17:26:56.400+0000] {logging_mixin.py:188} INFO - [2023-12-20T17:26:56.399+0000] {dag.py:3820} INFO - Setting next_dagrun for example_branch_labels to 2023-12-19T00:00:00+00:00, run_after=2023-12-20T00:00:00+00:00
[2023-12-20T17:26:56.429+0000] {processor.py:183} INFO - Processing /home/airflow/.local/lib/python3.8/site-packages/airflow/example_dags/example_branch_labels.py took 0.126 seconds
[2023-12-20T17:27:26.943+0000] {processor.py:161} INFO - Started process (PID=214) to work on /home/airflow/.local/lib/python3.8/site-packages/airflow/example_dags/example_branch_labels.py
[2023-12-20T17:27:26.944+0000] {processor.py:830} INFO - Processing file /home/airflow/.local/lib/python3.8/site-packages/airflow/example_dags/example_branch_labels.py for tasks to queue
[2023-12-20T17:27:26.947+0000] {logging_mixin.py:188} INFO - [2023-12-20T17:27:26.946+0000] {dagbag.py:538} INFO - Filling up the DagBag from /home/airflow/.local/lib/python3.8/site-packages/airflow/example_dags/example_branch_labels.py
[2023-12-20T17:27:26.960+0000] {processor.py:840} INFO - DAG(s) 'example_branch_labels' retrieved from /home/airflow/.local/lib/python3.8/site-packages/airflow/example_dags/example_branch_labels.py
[2023-12-20T17:27:27.007+0000] {logging_mixin.py:188} INFO - [2023-12-20T17:27:27.006+0000] {dag.py:3033} INFO - Sync 1 DAGs
[2023-12-20T17:27:27.044+0000] {logging_mixin.py:188} INFO - [2023-12-20T17:27:27.044+0000] {dag.py:3820} INFO - Setting next_dagrun for example_branch_labels to 2023-12-19T00:00:00+00:00, run_after=2023-12-20T00:00:00+00:00
[2023-12-20T17:27:27.071+0000] {processor.py:183} INFO - Processing /home/airflow/.local/lib/python3.8/site-packages/airflow/example_dags/example_branch_labels.py took 0.133 seconds
[2023-12-20T17:27:57.289+0000] {processor.py:161} INFO - Started process (PID=269) to work on /home/airflow/.local/lib/python3.8/site-packages/airflow/example_dags/example_branch_labels.py
[2023-12-20T17:27:57.292+0000] {processor.py:830} INFO - Processing file /home/airflow/.local/lib/python3.8/site-packages/airflow/example_dags/example_branch_labels.py for tasks to queue
[2023-12-20T17:27:57.295+0000] {logging_mixin.py:188} INFO - [2023-12-20T17:27:57.295+0000] {dagbag.py:538} INFO - Filling up the DagBag from /home/airflow/.local/lib/python3.8/site-packages/airflow/example_dags/example_branch_labels.py
[2023-12-20T17:27:57.315+0000] {processor.py:840} INFO - DAG(s) 'example_branch_labels' retrieved from /home/airflow/.local/lib/python3.8/site-packages/airflow/example_dags/example_branch_labels.py
[2023-12-20T17:27:57.380+0000] {logging_mixin.py:188} INFO - [2023-12-20T17:27:57.379+0000] {dag.py:3033} INFO - Sync 1 DAGs
[2023-12-20T17:27:57.426+0000] {logging_mixin.py:188} INFO - [2023-12-20T17:27:57.425+0000] {dag.py:3820} INFO - Setting next_dagrun for example_branch_labels to 2023-12-19T00:00:00+00:00, run_after=2023-12-20T00:00:00+00:00
[2023-12-20T17:27:57.473+0000] {processor.py:183} INFO - Processing /home/airflow/.local/lib/python3.8/site-packages/airflow/example_dags/example_branch_labels.py took 0.193 seconds
[2023-12-20T17:28:28.285+0000] {processor.py:161} INFO - Started process (PID=323) to work on /home/airflow/.local/lib/python3.8/site-packages/airflow/example_dags/example_branch_labels.py
[2023-12-20T17:28:28.295+0000] {processor.py:830} INFO - Processing file /home/airflow/.local/lib/python3.8/site-packages/airflow/example_dags/example_branch_labels.py for tasks to queue
[2023-12-20T17:28:28.304+0000] {logging_mixin.py:188} INFO - [2023-12-20T17:28:28.303+0000] {dagbag.py:538} INFO - Filling up the DagBag from /home/airflow/.local/lib/python3.8/site-packages/airflow/example_dags/example_branch_labels.py
[2023-12-20T17:28:28.321+0000] {processor.py:840} INFO - DAG(s) 'example_branch_labels' retrieved from /home/airflow/.local/lib/python3.8/site-packages/airflow/example_dags/example_branch_labels.py
[2023-12-20T17:28:28.371+0000] {logging_mixin.py:188} INFO - [2023-12-20T17:28:28.371+0000] {dag.py:3033} INFO - Sync 1 DAGs
[2023-12-20T17:28:28.422+0000] {logging_mixin.py:188} INFO - [2023-12-20T17:28:28.421+0000] {dag.py:3820} INFO - Setting next_dagrun for example_branch_labels to 2023-12-19T00:00:00+00:00, run_after=2023-12-20T00:00:00+00:00
[2023-12-20T17:28:28.465+0000] {processor.py:183} INFO - Processing /home/airflow/.local/lib/python3.8/site-packages/airflow/example_dags/example_branch_labels.py took 0.195 seconds
[2023-12-20T17:28:58.857+0000] {processor.py:161} INFO - Started process (PID=378) to work on /home/airflow/.local/lib/python3.8/site-packages/airflow/example_dags/example_branch_labels.py
[2023-12-20T17:28:58.865+0000] {processor.py:830} INFO - Processing file /home/airflow/.local/lib/python3.8/site-packages/airflow/example_dags/example_branch_labels.py for tasks to queue
[2023-12-20T17:28:58.869+0000] {logging_mixin.py:188} INFO - [2023-12-20T17:28:58.868+0000] {dagbag.py:538} INFO - Filling up the DagBag from /home/airflow/.local/lib/python3.8/site-packages/airflow/example_dags/example_branch_labels.py
[2023-12-20T17:28:58.882+0000] {processor.py:840} INFO - DAG(s) 'example_branch_labels' retrieved from /home/airflow/.local/lib/python3.8/site-packages/airflow/example_dags/example_branch_labels.py
[2023-12-20T17:28:58.923+0000] {logging_mixin.py:188} INFO - [2023-12-20T17:28:58.923+0000] {dag.py:3033} INFO - Sync 1 DAGs
[2023-12-20T17:28:58.964+0000] {logging_mixin.py:188} INFO - [2023-12-20T17:28:58.964+0000] {dag.py:3820} INFO - Setting next_dagrun for example_branch_labels to 2023-12-19T00:00:00+00:00, run_after=2023-12-20T00:00:00+00:00
[2023-12-20T17:28:58.999+0000] {processor.py:183} INFO - Processing /home/airflow/.local/lib/python3.8/site-packages/airflow/example_dags/example_branch_labels.py took 0.152 seconds
[2023-12-20T17:29:29.798+0000] {processor.py:161} INFO - Started process (PID=433) to work on /home/airflow/.local/lib/python3.8/site-packages/airflow/example_dags/example_branch_labels.py
[2023-12-20T17:29:29.807+0000] {processor.py:830} INFO - Processing file /home/airflow/.local/lib/python3.8/site-packages/airflow/example_dags/example_branch_labels.py for tasks to queue
[2023-12-20T17:29:29.811+0000] {logging_mixin.py:188} INFO - [2023-12-20T17:29:29.810+0000] {dagbag.py:538} INFO - Filling up the DagBag from /home/airflow/.local/lib/python3.8/site-packages/airflow/example_dags/example_branch_labels.py
[2023-12-20T17:29:29.836+0000] {processor.py:840} INFO - DAG(s) 'example_branch_labels' retrieved from /home/airflow/.local/lib/python3.8/site-packages/airflow/example_dags/example_branch_labels.py
[2023-12-20T17:29:29.949+0000] {logging_mixin.py:188} INFO - [2023-12-20T17:29:29.949+0000] {dag.py:3033} INFO - Sync 1 DAGs
[2023-12-20T17:29:30.053+0000] {logging_mixin.py:188} INFO - [2023-12-20T17:29:30.052+0000] {dag.py:3820} INFO - Setting next_dagrun for example_branch_labels to 2023-12-19T00:00:00+00:00, run_after=2023-12-20T00:00:00+00:00
[2023-12-20T17:29:30.175+0000] {processor.py:183} INFO - Processing /home/airflow/.local/lib/python3.8/site-packages/airflow/example_dags/example_branch_labels.py took 0.383 seconds
[2023-12-20T17:30:00.304+0000] {processor.py:161} INFO - Started process (PID=488) to work on /home/airflow/.local/lib/python3.8/site-packages/airflow/example_dags/example_branch_labels.py
[2023-12-20T17:30:00.312+0000] {processor.py:830} INFO - Processing file /home/airflow/.local/lib/python3.8/site-packages/airflow/example_dags/example_branch_labels.py for tasks to queue
[2023-12-20T17:30:00.317+0000] {logging_mixin.py:188} INFO - [2023-12-20T17:30:00.316+0000] {dagbag.py:538} INFO - Filling up the DagBag from /home/airflow/.local/lib/python3.8/site-packages/airflow/example_dags/example_branch_labels.py
[2023-12-20T17:30:00.336+0000] {processor.py:840} INFO - DAG(s) 'example_branch_labels' retrieved from /home/airflow/.local/lib/python3.8/site-packages/airflow/example_dags/example_branch_labels.py
[2023-12-20T17:30:00.388+0000] {logging_mixin.py:188} INFO - [2023-12-20T17:30:00.388+0000] {dag.py:3033} INFO - Sync 1 DAGs
[2023-12-20T17:30:00.443+0000] {logging_mixin.py:188} INFO - [2023-12-20T17:30:00.443+0000] {dag.py:3820} INFO - Setting next_dagrun for example_branch_labels to 2023-12-19T00:00:00+00:00, run_after=2023-12-20T00:00:00+00:00
[2023-12-20T17:30:00.527+0000] {processor.py:183} INFO - Processing /home/airflow/.local/lib/python3.8/site-packages/airflow/example_dags/example_branch_labels.py took 0.231 seconds
[2023-12-20T17:30:30.777+0000] {processor.py:161} INFO - Started process (PID=543) to work on /home/airflow/.local/lib/python3.8/site-packages/airflow/example_dags/example_branch_labels.py
[2023-12-20T17:30:30.778+0000] {processor.py:830} INFO - Processing file /home/airflow/.local/lib/python3.8/site-packages/airflow/example_dags/example_branch_labels.py for tasks to queue
[2023-12-20T17:30:30.782+0000] {logging_mixin.py:188} INFO - [2023-12-20T17:30:30.782+0000] {dagbag.py:538} INFO - Filling up the DagBag from /home/airflow/.local/lib/python3.8/site-packages/airflow/example_dags/example_branch_labels.py
[2023-12-20T17:30:30.799+0000] {processor.py:840} INFO - DAG(s) 'example_branch_labels' retrieved from /home/airflow/.local/lib/python3.8/site-packages/airflow/example_dags/example_branch_labels.py
[2023-12-20T17:30:30.856+0000] {logging_mixin.py:188} INFO - [2023-12-20T17:30:30.856+0000] {dag.py:3033} INFO - Sync 1 DAGs
[2023-12-20T17:30:30.924+0000] {logging_mixin.py:188} INFO - [2023-12-20T17:30:30.923+0000] {dag.py:3820} INFO - Setting next_dagrun for example_branch_labels to 2023-12-19T00:00:00+00:00, run_after=2023-12-20T00:00:00+00:00
[2023-12-20T17:30:30.979+0000] {processor.py:183} INFO - Processing /home/airflow/.local/lib/python3.8/site-packages/airflow/example_dags/example_branch_labels.py took 0.209 seconds
[2023-12-20T17:31:01.366+0000] {processor.py:161} INFO - Started process (PID=598) to work on /home/airflow/.local/lib/python3.8/site-packages/airflow/example_dags/example_branch_labels.py
[2023-12-20T17:31:01.375+0000] {processor.py:830} INFO - Processing file /home/airflow/.local/lib/python3.8/site-packages/airflow/example_dags/example_branch_labels.py for tasks to queue
[2023-12-20T17:31:01.379+0000] {logging_mixin.py:188} INFO - [2023-12-20T17:31:01.378+0000] {dagbag.py:538} INFO - Filling up the DagBag from /home/airflow/.local/lib/python3.8/site-packages/airflow/example_dags/example_branch_labels.py
[2023-12-20T17:31:01.397+0000] {processor.py:840} INFO - DAG(s) 'example_branch_labels' retrieved from /home/airflow/.local/lib/python3.8/site-packages/airflow/example_dags/example_branch_labels.py
[2023-12-20T17:31:01.457+0000] {logging_mixin.py:188} INFO - [2023-12-20T17:31:01.456+0000] {dag.py:3033} INFO - Sync 1 DAGs
[2023-12-20T17:31:01.510+0000] {logging_mixin.py:188} INFO - [2023-12-20T17:31:01.509+0000] {dag.py:3820} INFO - Setting next_dagrun for example_branch_labels to 2023-12-19T00:00:00+00:00, run_after=2023-12-20T00:00:00+00:00
[2023-12-20T17:31:01.557+0000] {processor.py:183} INFO - Processing /home/airflow/.local/lib/python3.8/site-packages/airflow/example_dags/example_branch_labels.py took 0.200 seconds
[2023-12-20T17:31:31.766+0000] {processor.py:161} INFO - Started process (PID=652) to work on /home/airflow/.local/lib/python3.8/site-packages/airflow/example_dags/example_branch_labels.py
[2023-12-20T17:31:31.768+0000] {processor.py:830} INFO - Processing file /home/airflow/.local/lib/python3.8/site-packages/airflow/example_dags/example_branch_labels.py for tasks to queue
[2023-12-20T17:31:31.772+0000] {logging_mixin.py:188} INFO - [2023-12-20T17:31:31.771+0000] {dagbag.py:538} INFO - Filling up the DagBag from /home/airflow/.local/lib/python3.8/site-packages/airflow/example_dags/example_branch_labels.py
[2023-12-20T17:31:31.793+0000] {processor.py:840} INFO - DAG(s) 'example_branch_labels' retrieved from /home/airflow/.local/lib/python3.8/site-packages/airflow/example_dags/example_branch_labels.py
[2023-12-20T17:31:31.860+0000] {logging_mixin.py:188} INFO - [2023-12-20T17:31:31.859+0000] {dag.py:3033} INFO - Sync 1 DAGs
[2023-12-20T17:31:31.923+0000] {logging_mixin.py:188} INFO - [2023-12-20T17:31:31.923+0000] {dag.py:3820} INFO - Setting next_dagrun for example_branch_labels to 2023-12-19T00:00:00+00:00, run_after=2023-12-20T00:00:00+00:00
[2023-12-20T17:31:31.969+0000] {processor.py:183} INFO - Processing /home/airflow/.local/lib/python3.8/site-packages/airflow/example_dags/example_branch_labels.py took 0.213 seconds
[2023-12-20T17:32:02.486+0000] {processor.py:161} INFO - Started process (PID=707) to work on /home/airflow/.local/lib/python3.8/site-packages/airflow/example_dags/example_branch_labels.py
[2023-12-20T17:32:02.487+0000] {processor.py:830} INFO - Processing file /home/airflow/.local/lib/python3.8/site-packages/airflow/example_dags/example_branch_labels.py for tasks to queue
[2023-12-20T17:32:02.494+0000] {logging_mixin.py:188} INFO - [2023-12-20T17:32:02.494+0000] {dagbag.py:538} INFO - Filling up the DagBag from /home/airflow/.local/lib/python3.8/site-packages/airflow/example_dags/example_branch_labels.py
[2023-12-20T17:32:02.514+0000] {processor.py:840} INFO - DAG(s) 'example_branch_labels' retrieved from /home/airflow/.local/lib/python3.8/site-packages/airflow/example_dags/example_branch_labels.py
[2023-12-20T17:32:02.561+0000] {logging_mixin.py:188} INFO - [2023-12-20T17:32:02.561+0000] {dag.py:3033} INFO - Sync 1 DAGs
[2023-12-20T17:32:02.615+0000] {logging_mixin.py:188} INFO - [2023-12-20T17:32:02.615+0000] {dag.py:3820} INFO - Setting next_dagrun for example_branch_labels to 2023-12-19T00:00:00+00:00, run_after=2023-12-20T00:00:00+00:00
[2023-12-20T17:32:02.662+0000] {processor.py:183} INFO - Processing /home/airflow/.local/lib/python3.8/site-packages/airflow/example_dags/example_branch_labels.py took 0.185 seconds
[2023-12-20T17:32:33.065+0000] {processor.py:161} INFO - Started process (PID=762) to work on /home/airflow/.local/lib/python3.8/site-packages/airflow/example_dags/example_branch_labels.py
[2023-12-20T17:32:33.078+0000] {processor.py:830} INFO - Processing file /home/airflow/.local/lib/python3.8/site-packages/airflow/example_dags/example_branch_labels.py for tasks to queue
[2023-12-20T17:32:33.082+0000] {logging_mixin.py:188} INFO - [2023-12-20T17:32:33.082+0000] {dagbag.py:538} INFO - Filling up the DagBag from /home/airflow/.local/lib/python3.8/site-packages/airflow/example_dags/example_branch_labels.py
[2023-12-20T17:32:33.106+0000] {processor.py:840} INFO - DAG(s) 'example_branch_labels' retrieved from /home/airflow/.local/lib/python3.8/site-packages/airflow/example_dags/example_branch_labels.py
[2023-12-20T17:32:33.145+0000] {logging_mixin.py:188} INFO - [2023-12-20T17:32:33.145+0000] {dag.py:3033} INFO - Sync 1 DAGs
[2023-12-20T17:32:33.195+0000] {logging_mixin.py:188} INFO - [2023-12-20T17:32:33.195+0000] {dag.py:3820} INFO - Setting next_dagrun for example_branch_labels to 2023-12-19T00:00:00+00:00, run_after=2023-12-20T00:00:00+00:00
[2023-12-20T17:32:33.243+0000] {processor.py:183} INFO - Processing /home/airflow/.local/lib/python3.8/site-packages/airflow/example_dags/example_branch_labels.py took 0.186 seconds
[2023-12-20T17:33:03.847+0000] {processor.py:161} INFO - Started process (PID=818) to work on /home/airflow/.local/lib/python3.8/site-packages/airflow/example_dags/example_branch_labels.py
[2023-12-20T17:33:03.848+0000] {processor.py:830} INFO - Processing file /home/airflow/.local/lib/python3.8/site-packages/airflow/example_dags/example_branch_labels.py for tasks to queue
[2023-12-20T17:33:03.862+0000] {logging_mixin.py:188} INFO - [2023-12-20T17:33:03.862+0000] {dagbag.py:538} INFO - Filling up the DagBag from /home/airflow/.local/lib/python3.8/site-packages/airflow/example_dags/example_branch_labels.py
[2023-12-20T17:33:03.914+0000] {processor.py:840} INFO - DAG(s) 'example_branch_labels' retrieved from /home/airflow/.local/lib/python3.8/site-packages/airflow/example_dags/example_branch_labels.py
[2023-12-20T17:33:04.029+0000] {logging_mixin.py:188} INFO - [2023-12-20T17:33:04.029+0000] {dag.py:3033} INFO - Sync 1 DAGs
[2023-12-20T17:33:04.114+0000] {logging_mixin.py:188} INFO - [2023-12-20T17:33:04.114+0000] {dag.py:3820} INFO - Setting next_dagrun for example_branch_labels to 2023-12-19T00:00:00+00:00, run_after=2023-12-20T00:00:00+00:00
[2023-12-20T17:33:04.210+0000] {processor.py:183} INFO - Processing /home/airflow/.local/lib/python3.8/site-packages/airflow/example_dags/example_branch_labels.py took 0.397 seconds
[2023-12-20T17:33:34.632+0000] {processor.py:161} INFO - Started process (PID=873) to work on /home/airflow/.local/lib/python3.8/site-packages/airflow/example_dags/example_branch_labels.py
[2023-12-20T17:33:34.641+0000] {processor.py:830} INFO - Processing file /home/airflow/.local/lib/python3.8/site-packages/airflow/example_dags/example_branch_labels.py for tasks to queue
[2023-12-20T17:33:34.644+0000] {logging_mixin.py:188} INFO - [2023-12-20T17:33:34.644+0000] {dagbag.py:538} INFO - Filling up the DagBag from /home/airflow/.local/lib/python3.8/site-packages/airflow/example_dags/example_branch_labels.py
[2023-12-20T17:33:34.665+0000] {processor.py:840} INFO - DAG(s) 'example_branch_labels' retrieved from /home/airflow/.local/lib/python3.8/site-packages/airflow/example_dags/example_branch_labels.py
[2023-12-20T17:33:34.719+0000] {logging_mixin.py:188} INFO - [2023-12-20T17:33:34.719+0000] {dag.py:3033} INFO - Sync 1 DAGs
[2023-12-20T17:33:34.785+0000] {logging_mixin.py:188} INFO - [2023-12-20T17:33:34.784+0000] {dag.py:3820} INFO - Setting next_dagrun for example_branch_labels to 2023-12-19T00:00:00+00:00, run_after=2023-12-20T00:00:00+00:00
[2023-12-20T17:33:34.828+0000] {processor.py:183} INFO - Processing /home/airflow/.local/lib/python3.8/site-packages/airflow/example_dags/example_branch_labels.py took 0.212 seconds
[2023-12-20T17:34:05.699+0000] {processor.py:161} INFO - Started process (PID=928) to work on /home/airflow/.local/lib/python3.8/site-packages/airflow/example_dags/example_branch_labels.py
[2023-12-20T17:34:05.700+0000] {processor.py:830} INFO - Processing file /home/airflow/.local/lib/python3.8/site-packages/airflow/example_dags/example_branch_labels.py for tasks to queue
[2023-12-20T17:34:05.704+0000] {logging_mixin.py:188} INFO - [2023-12-20T17:34:05.704+0000] {dagbag.py:538} INFO - Filling up the DagBag from /home/airflow/.local/lib/python3.8/site-packages/airflow/example_dags/example_branch_labels.py
[2023-12-20T17:34:05.731+0000] {processor.py:840} INFO - DAG(s) 'example_branch_labels' retrieved from /home/airflow/.local/lib/python3.8/site-packages/airflow/example_dags/example_branch_labels.py
[2023-12-20T17:34:05.783+0000] {logging_mixin.py:188} INFO - [2023-12-20T17:34:05.783+0000] {dag.py:3033} INFO - Sync 1 DAGs
[2023-12-20T17:34:05.844+0000] {logging_mixin.py:188} INFO - [2023-12-20T17:34:05.843+0000] {dag.py:3820} INFO - Setting next_dagrun for example_branch_labels to 2023-12-19T00:00:00+00:00, run_after=2023-12-20T00:00:00+00:00
[2023-12-20T17:34:05.889+0000] {processor.py:183} INFO - Processing /home/airflow/.local/lib/python3.8/site-packages/airflow/example_dags/example_branch_labels.py took 0.197 seconds
[2023-12-20T17:34:36.177+0000] {processor.py:161} INFO - Started process (PID=983) to work on /home/airflow/.local/lib/python3.8/site-packages/airflow/example_dags/example_branch_labels.py
[2023-12-20T17:34:36.185+0000] {processor.py:830} INFO - Processing file /home/airflow/.local/lib/python3.8/site-packages/airflow/example_dags/example_branch_labels.py for tasks to queue
[2023-12-20T17:34:36.189+0000] {logging_mixin.py:188} INFO - [2023-12-20T17:34:36.188+0000] {dagbag.py:538} INFO - Filling up the DagBag from /home/airflow/.local/lib/python3.8/site-packages/airflow/example_dags/example_branch_labels.py
[2023-12-20T17:34:36.215+0000] {processor.py:840} INFO - DAG(s) 'example_branch_labels' retrieved from /home/airflow/.local/lib/python3.8/site-packages/airflow/example_dags/example_branch_labels.py
[2023-12-20T17:34:36.278+0000] {logging_mixin.py:188} INFO - [2023-12-20T17:34:36.278+0000] {dag.py:3033} INFO - Sync 1 DAGs
[2023-12-20T17:34:36.343+0000] {logging_mixin.py:188} INFO - [2023-12-20T17:34:36.343+0000] {dag.py:3820} INFO - Setting next_dagrun for example_branch_labels to 2023-12-19T00:00:00+00:00, run_after=2023-12-20T00:00:00+00:00
[2023-12-20T17:34:36.406+0000] {processor.py:183} INFO - Processing /home/airflow/.local/lib/python3.8/site-packages/airflow/example_dags/example_branch_labels.py took 0.235 seconds
[2023-12-20T17:35:06.801+0000] {processor.py:161} INFO - Started process (PID=1037) to work on /home/airflow/.local/lib/python3.8/site-packages/airflow/example_dags/example_branch_labels.py
[2023-12-20T17:35:06.802+0000] {processor.py:830} INFO - Processing file /home/airflow/.local/lib/python3.8/site-packages/airflow/example_dags/example_branch_labels.py for tasks to queue
[2023-12-20T17:35:06.806+0000] {logging_mixin.py:188} INFO - [2023-12-20T17:35:06.805+0000] {dagbag.py:538} INFO - Filling up the DagBag from /home/airflow/.local/lib/python3.8/site-packages/airflow/example_dags/example_branch_labels.py
[2023-12-20T17:35:06.827+0000] {processor.py:840} INFO - DAG(s) 'example_branch_labels' retrieved from /home/airflow/.local/lib/python3.8/site-packages/airflow/example_dags/example_branch_labels.py
[2023-12-20T17:35:06.900+0000] {logging_mixin.py:188} INFO - [2023-12-20T17:35:06.900+0000] {dag.py:3033} INFO - Sync 1 DAGs
[2023-12-20T17:35:06.955+0000] {logging_mixin.py:188} INFO - [2023-12-20T17:35:06.955+0000] {dag.py:3820} INFO - Setting next_dagrun for example_branch_labels to 2023-12-19T00:00:00+00:00, run_after=2023-12-20T00:00:00+00:00
[2023-12-20T17:35:07.028+0000] {processor.py:183} INFO - Processing /home/airflow/.local/lib/python3.8/site-packages/airflow/example_dags/example_branch_labels.py took 0.234 seconds
[2023-12-20T17:35:37.214+0000] {processor.py:161} INFO - Started process (PID=1092) to work on /home/airflow/.local/lib/python3.8/site-packages/airflow/example_dags/example_branch_labels.py
[2023-12-20T17:35:37.223+0000] {processor.py:830} INFO - Processing file /home/airflow/.local/lib/python3.8/site-packages/airflow/example_dags/example_branch_labels.py for tasks to queue
[2023-12-20T17:35:37.227+0000] {logging_mixin.py:188} INFO - [2023-12-20T17:35:37.226+0000] {dagbag.py:538} INFO - Filling up the DagBag from /home/airflow/.local/lib/python3.8/site-packages/airflow/example_dags/example_branch_labels.py
[2023-12-20T17:35:37.248+0000] {processor.py:840} INFO - DAG(s) 'example_branch_labels' retrieved from /home/airflow/.local/lib/python3.8/site-packages/airflow/example_dags/example_branch_labels.py
[2023-12-20T17:35:37.313+0000] {logging_mixin.py:188} INFO - [2023-12-20T17:35:37.312+0000] {dag.py:3033} INFO - Sync 1 DAGs
[2023-12-20T17:35:37.378+0000] {logging_mixin.py:188} INFO - [2023-12-20T17:35:37.378+0000] {dag.py:3820} INFO - Setting next_dagrun for example_branch_labels to 2023-12-19T00:00:00+00:00, run_after=2023-12-20T00:00:00+00:00
[2023-12-20T17:35:37.425+0000] {processor.py:183} INFO - Processing /home/airflow/.local/lib/python3.8/site-packages/airflow/example_dags/example_branch_labels.py took 0.224 seconds
[2023-12-20T17:36:07.543+0000] {processor.py:161} INFO - Started process (PID=1147) to work on /home/airflow/.local/lib/python3.8/site-packages/airflow/example_dags/example_branch_labels.py
[2023-12-20T17:36:07.552+0000] {processor.py:830} INFO - Processing file /home/airflow/.local/lib/python3.8/site-packages/airflow/example_dags/example_branch_labels.py for tasks to queue
[2023-12-20T17:36:07.555+0000] {logging_mixin.py:188} INFO - [2023-12-20T17:36:07.554+0000] {dagbag.py:538} INFO - Filling up the DagBag from /home/airflow/.local/lib/python3.8/site-packages/airflow/example_dags/example_branch_labels.py
[2023-12-20T17:36:07.566+0000] {processor.py:840} INFO - DAG(s) 'example_branch_labels' retrieved from /home/airflow/.local/lib/python3.8/site-packages/airflow/example_dags/example_branch_labels.py
[2023-12-20T17:36:07.598+0000] {logging_mixin.py:188} INFO - [2023-12-20T17:36:07.597+0000] {dag.py:3033} INFO - Sync 1 DAGs
[2023-12-20T17:36:07.632+0000] {logging_mixin.py:188} INFO - [2023-12-20T17:36:07.631+0000] {dag.py:3820} INFO - Setting next_dagrun for example_branch_labels to 2023-12-19T00:00:00+00:00, run_after=2023-12-20T00:00:00+00:00
[2023-12-20T17:36:07.666+0000] {processor.py:183} INFO - Processing /home/airflow/.local/lib/python3.8/site-packages/airflow/example_dags/example_branch_labels.py took 0.128 seconds
[2023-12-20T17:36:37.758+0000] {processor.py:161} INFO - Started process (PID=1202) to work on /home/airflow/.local/lib/python3.8/site-packages/airflow/example_dags/example_branch_labels.py
[2023-12-20T17:36:37.759+0000] {processor.py:830} INFO - Processing file /home/airflow/.local/lib/python3.8/site-packages/airflow/example_dags/example_branch_labels.py for tasks to queue
[2023-12-20T17:36:37.771+0000] {logging_mixin.py:188} INFO - [2023-12-20T17:36:37.771+0000] {dagbag.py:538} INFO - Filling up the DagBag from /home/airflow/.local/lib/python3.8/site-packages/airflow/example_dags/example_branch_labels.py
[2023-12-20T17:36:37.791+0000] {processor.py:840} INFO - DAG(s) 'example_branch_labels' retrieved from /home/airflow/.local/lib/python3.8/site-packages/airflow/example_dags/example_branch_labels.py
[2023-12-20T17:36:37.904+0000] {logging_mixin.py:188} INFO - [2023-12-20T17:36:37.904+0000] {dag.py:3033} INFO - Sync 1 DAGs
[2023-12-20T17:36:38.039+0000] {logging_mixin.py:188} INFO - [2023-12-20T17:36:38.038+0000] {dag.py:3820} INFO - Setting next_dagrun for example_branch_labels to 2023-12-19T00:00:00+00:00, run_after=2023-12-20T00:00:00+00:00
[2023-12-20T17:36:38.081+0000] {processor.py:183} INFO - Processing /home/airflow/.local/lib/python3.8/site-packages/airflow/example_dags/example_branch_labels.py took 0.333 seconds
[2023-12-20T17:37:08.557+0000] {processor.py:161} INFO - Started process (PID=1256) to work on /home/airflow/.local/lib/python3.8/site-packages/airflow/example_dags/example_branch_labels.py
[2023-12-20T17:37:08.558+0000] {processor.py:830} INFO - Processing file /home/airflow/.local/lib/python3.8/site-packages/airflow/example_dags/example_branch_labels.py for tasks to queue
[2023-12-20T17:37:08.561+0000] {logging_mixin.py:188} INFO - [2023-12-20T17:37:08.561+0000] {dagbag.py:538} INFO - Filling up the DagBag from /home/airflow/.local/lib/python3.8/site-packages/airflow/example_dags/example_branch_labels.py
[2023-12-20T17:37:08.576+0000] {processor.py:840} INFO - DAG(s) 'example_branch_labels' retrieved from /home/airflow/.local/lib/python3.8/site-packages/airflow/example_dags/example_branch_labels.py
[2023-12-20T17:37:08.613+0000] {logging_mixin.py:188} INFO - [2023-12-20T17:37:08.613+0000] {dag.py:3033} INFO - Sync 1 DAGs
[2023-12-20T17:37:08.646+0000] {logging_mixin.py:188} INFO - [2023-12-20T17:37:08.646+0000] {dag.py:3820} INFO - Setting next_dagrun for example_branch_labels to 2023-12-19T00:00:00+00:00, run_after=2023-12-20T00:00:00+00:00
[2023-12-20T17:37:08.683+0000] {processor.py:183} INFO - Processing /home/airflow/.local/lib/python3.8/site-packages/airflow/example_dags/example_branch_labels.py took 0.130 seconds
