[2023-12-20T17:20:51.687+0000] {processor.py:161} INFO - Started process (PID=229) to work on /home/airflow/.local/lib/python3.8/site-packages/airflow/example_dags/example_short_circuit_operator.py
[2023-12-20T17:20:51.688+0000] {processor.py:830} INFO - Processing file /home/airflow/.local/lib/python3.8/site-packages/airflow/example_dags/example_short_circuit_operator.py for tasks to queue
[2023-12-20T17:20:51.689+0000] {logging_mixin.py:188} INFO - [2023-12-20T17:20:51.689+0000] {dagbag.py:538} INFO - Filling up the DagBag from /home/airflow/.local/lib/python3.8/site-packages/airflow/example_dags/example_short_circuit_operator.py
[2023-12-20T17:20:51.716+0000] {processor.py:840} INFO - DAG(s) 'example_short_circuit_operator' retrieved from /home/airflow/.local/lib/python3.8/site-packages/airflow/example_dags/example_short_circuit_operator.py
[2023-12-20T17:20:52.019+0000] {logging_mixin.py:188} INFO - [2023-12-20T17:20:52.018+0000] {dag.py:3033} INFO - Sync 1 DAGs
[2023-12-20T17:20:52.059+0000] {logging_mixin.py:188} INFO - [2023-12-20T17:20:52.059+0000] {dag.py:3820} INFO - Setting next_dagrun for example_short_circuit_operator to 2023-12-19T00:00:00+00:00, run_after=2023-12-20T00:00:00+00:00
[2023-12-20T17:20:52.119+0000] {processor.py:183} INFO - Processing /home/airflow/.local/lib/python3.8/site-packages/airflow/example_dags/example_short_circuit_operator.py took 0.441 seconds
[2023-12-20T17:21:22.246+0000] {processor.py:161} INFO - Started process (PID=476) to work on /home/airflow/.local/lib/python3.8/site-packages/airflow/example_dags/example_short_circuit_operator.py
[2023-12-20T17:21:22.247+0000] {processor.py:830} INFO - Processing file /home/airflow/.local/lib/python3.8/site-packages/airflow/example_dags/example_short_circuit_operator.py for tasks to queue
[2023-12-20T17:21:22.249+0000] {logging_mixin.py:188} INFO - [2023-12-20T17:21:22.248+0000] {dagbag.py:538} INFO - Filling up the DagBag from /home/airflow/.local/lib/python3.8/site-packages/airflow/example_dags/example_short_circuit_operator.py
[2023-12-20T17:21:22.266+0000] {processor.py:840} INFO - DAG(s) 'example_short_circuit_operator' retrieved from /home/airflow/.local/lib/python3.8/site-packages/airflow/example_dags/example_short_circuit_operator.py
[2023-12-20T17:21:22.307+0000] {logging_mixin.py:188} INFO - [2023-12-20T17:21:22.307+0000] {dag.py:3033} INFO - Sync 1 DAGs
[2023-12-20T17:21:22.353+0000] {logging_mixin.py:188} INFO - [2023-12-20T17:21:22.353+0000] {dag.py:3820} INFO - Setting next_dagrun for example_short_circuit_operator to 2023-12-19T00:00:00+00:00, run_after=2023-12-20T00:00:00+00:00
[2023-12-20T17:21:22.390+0000] {processor.py:183} INFO - Processing /home/airflow/.local/lib/python3.8/site-packages/airflow/example_dags/example_short_circuit_operator.py took 0.149 seconds
[2023-12-20T17:21:53.085+0000] {processor.py:161} INFO - Started process (PID=722) to work on /home/airflow/.local/lib/python3.8/site-packages/airflow/example_dags/example_short_circuit_operator.py
[2023-12-20T17:21:53.087+0000] {processor.py:830} INFO - Processing file /home/airflow/.local/lib/python3.8/site-packages/airflow/example_dags/example_short_circuit_operator.py for tasks to queue
[2023-12-20T17:21:53.088+0000] {logging_mixin.py:188} INFO - [2023-12-20T17:21:53.088+0000] {dagbag.py:538} INFO - Filling up the DagBag from /home/airflow/.local/lib/python3.8/site-packages/airflow/example_dags/example_short_circuit_operator.py
[2023-12-20T17:21:53.105+0000] {processor.py:840} INFO - DAG(s) 'example_short_circuit_operator' retrieved from /home/airflow/.local/lib/python3.8/site-packages/airflow/example_dags/example_short_circuit_operator.py
[2023-12-20T17:21:53.155+0000] {logging_mixin.py:188} INFO - [2023-12-20T17:21:53.155+0000] {dag.py:3033} INFO - Sync 1 DAGs
[2023-12-20T17:21:53.201+0000] {logging_mixin.py:188} INFO - [2023-12-20T17:21:53.201+0000] {dag.py:3820} INFO - Setting next_dagrun for example_short_circuit_operator to 2023-12-19T00:00:00+00:00, run_after=2023-12-20T00:00:00+00:00
[2023-12-20T17:21:53.225+0000] {processor.py:183} INFO - Processing /home/airflow/.local/lib/python3.8/site-packages/airflow/example_dags/example_short_circuit_operator.py took 0.147 seconds
[2023-12-20T17:22:23.557+0000] {processor.py:161} INFO - Started process (PID=969) to work on /home/airflow/.local/lib/python3.8/site-packages/airflow/example_dags/example_short_circuit_operator.py
[2023-12-20T17:22:23.558+0000] {processor.py:830} INFO - Processing file /home/airflow/.local/lib/python3.8/site-packages/airflow/example_dags/example_short_circuit_operator.py for tasks to queue
[2023-12-20T17:22:23.560+0000] {logging_mixin.py:188} INFO - [2023-12-20T17:22:23.560+0000] {dagbag.py:538} INFO - Filling up the DagBag from /home/airflow/.local/lib/python3.8/site-packages/airflow/example_dags/example_short_circuit_operator.py
[2023-12-20T17:22:23.581+0000] {processor.py:840} INFO - DAG(s) 'example_short_circuit_operator' retrieved from /home/airflow/.local/lib/python3.8/site-packages/airflow/example_dags/example_short_circuit_operator.py
[2023-12-20T17:22:23.620+0000] {logging_mixin.py:188} INFO - [2023-12-20T17:22:23.620+0000] {dag.py:3033} INFO - Sync 1 DAGs
[2023-12-20T17:22:23.653+0000] {logging_mixin.py:188} INFO - [2023-12-20T17:22:23.653+0000] {dag.py:3820} INFO - Setting next_dagrun for example_short_circuit_operator to 2023-12-19T00:00:00+00:00, run_after=2023-12-20T00:00:00+00:00
[2023-12-20T17:22:23.705+0000] {processor.py:183} INFO - Processing /home/airflow/.local/lib/python3.8/site-packages/airflow/example_dags/example_short_circuit_operator.py took 0.155 seconds
[2023-12-20T17:22:54.532+0000] {processor.py:161} INFO - Started process (PID=1216) to work on /home/airflow/.local/lib/python3.8/site-packages/airflow/example_dags/example_short_circuit_operator.py
[2023-12-20T17:22:54.534+0000] {processor.py:830} INFO - Processing file /home/airflow/.local/lib/python3.8/site-packages/airflow/example_dags/example_short_circuit_operator.py for tasks to queue
[2023-12-20T17:22:54.535+0000] {logging_mixin.py:188} INFO - [2023-12-20T17:22:54.535+0000] {dagbag.py:538} INFO - Filling up the DagBag from /home/airflow/.local/lib/python3.8/site-packages/airflow/example_dags/example_short_circuit_operator.py
[2023-12-20T17:22:54.555+0000] {processor.py:840} INFO - DAG(s) 'example_short_circuit_operator' retrieved from /home/airflow/.local/lib/python3.8/site-packages/airflow/example_dags/example_short_circuit_operator.py
[2023-12-20T17:22:54.597+0000] {logging_mixin.py:188} INFO - [2023-12-20T17:22:54.597+0000] {dag.py:3033} INFO - Sync 1 DAGs
[2023-12-20T17:22:54.653+0000] {logging_mixin.py:188} INFO - [2023-12-20T17:22:54.653+0000] {dag.py:3820} INFO - Setting next_dagrun for example_short_circuit_operator to 2023-12-19T00:00:00+00:00, run_after=2023-12-20T00:00:00+00:00
[2023-12-20T17:22:54.683+0000] {processor.py:183} INFO - Processing /home/airflow/.local/lib/python3.8/site-packages/airflow/example_dags/example_short_circuit_operator.py took 0.158 seconds
[2023-12-20T17:23:25.084+0000] {processor.py:161} INFO - Started process (PID=1463) to work on /home/airflow/.local/lib/python3.8/site-packages/airflow/example_dags/example_short_circuit_operator.py
[2023-12-20T17:23:25.091+0000] {processor.py:830} INFO - Processing file /home/airflow/.local/lib/python3.8/site-packages/airflow/example_dags/example_short_circuit_operator.py for tasks to queue
[2023-12-20T17:23:25.092+0000] {logging_mixin.py:188} INFO - [2023-12-20T17:23:25.092+0000] {dagbag.py:538} INFO - Filling up the DagBag from /home/airflow/.local/lib/python3.8/site-packages/airflow/example_dags/example_short_circuit_operator.py
[2023-12-20T17:23:25.117+0000] {processor.py:840} INFO - DAG(s) 'example_short_circuit_operator' retrieved from /home/airflow/.local/lib/python3.8/site-packages/airflow/example_dags/example_short_circuit_operator.py
[2023-12-20T17:23:25.174+0000] {logging_mixin.py:188} INFO - [2023-12-20T17:23:25.173+0000] {dag.py:3033} INFO - Sync 1 DAGs
[2023-12-20T17:23:25.208+0000] {logging_mixin.py:188} INFO - [2023-12-20T17:23:25.208+0000] {dag.py:3820} INFO - Setting next_dagrun for example_short_circuit_operator to 2023-12-19T00:00:00+00:00, run_after=2023-12-20T00:00:00+00:00
[2023-12-20T17:23:25.233+0000] {processor.py:183} INFO - Processing /home/airflow/.local/lib/python3.8/site-packages/airflow/example_dags/example_short_circuit_operator.py took 0.155 seconds
[2023-12-20T17:23:55.783+0000] {processor.py:161} INFO - Started process (PID=1710) to work on /home/airflow/.local/lib/python3.8/site-packages/airflow/example_dags/example_short_circuit_operator.py
[2023-12-20T17:23:55.792+0000] {processor.py:830} INFO - Processing file /home/airflow/.local/lib/python3.8/site-packages/airflow/example_dags/example_short_circuit_operator.py for tasks to queue
[2023-12-20T17:23:55.794+0000] {logging_mixin.py:188} INFO - [2023-12-20T17:23:55.793+0000] {dagbag.py:538} INFO - Filling up the DagBag from /home/airflow/.local/lib/python3.8/site-packages/airflow/example_dags/example_short_circuit_operator.py
[2023-12-20T17:23:55.817+0000] {processor.py:840} INFO - DAG(s) 'example_short_circuit_operator' retrieved from /home/airflow/.local/lib/python3.8/site-packages/airflow/example_dags/example_short_circuit_operator.py
[2023-12-20T17:23:55.864+0000] {logging_mixin.py:188} INFO - [2023-12-20T17:23:55.863+0000] {dag.py:3033} INFO - Sync 1 DAGs
[2023-12-20T17:23:55.896+0000] {logging_mixin.py:188} INFO - [2023-12-20T17:23:55.896+0000] {dag.py:3820} INFO - Setting next_dagrun for example_short_circuit_operator to 2023-12-19T00:00:00+00:00, run_after=2023-12-20T00:00:00+00:00
[2023-12-20T17:23:55.930+0000] {processor.py:183} INFO - Processing /home/airflow/.local/lib/python3.8/site-packages/airflow/example_dags/example_short_circuit_operator.py took 0.154 seconds
[2023-12-20T17:24:26.181+0000] {processor.py:161} INFO - Started process (PID=1957) to work on /home/airflow/.local/lib/python3.8/site-packages/airflow/example_dags/example_short_circuit_operator.py
[2023-12-20T17:24:26.182+0000] {processor.py:830} INFO - Processing file /home/airflow/.local/lib/python3.8/site-packages/airflow/example_dags/example_short_circuit_operator.py for tasks to queue
[2023-12-20T17:24:26.183+0000] {logging_mixin.py:188} INFO - [2023-12-20T17:24:26.183+0000] {dagbag.py:538} INFO - Filling up the DagBag from /home/airflow/.local/lib/python3.8/site-packages/airflow/example_dags/example_short_circuit_operator.py
[2023-12-20T17:24:26.198+0000] {processor.py:840} INFO - DAG(s) 'example_short_circuit_operator' retrieved from /home/airflow/.local/lib/python3.8/site-packages/airflow/example_dags/example_short_circuit_operator.py
[2023-12-20T17:24:26.240+0000] {logging_mixin.py:188} INFO - [2023-12-20T17:24:26.240+0000] {dag.py:3033} INFO - Sync 1 DAGs
[2023-12-20T17:24:26.296+0000] {logging_mixin.py:188} INFO - [2023-12-20T17:24:26.296+0000] {dag.py:3820} INFO - Setting next_dagrun for example_short_circuit_operator to 2023-12-19T00:00:00+00:00, run_after=2023-12-20T00:00:00+00:00
[2023-12-20T17:24:26.336+0000] {processor.py:183} INFO - Processing /home/airflow/.local/lib/python3.8/site-packages/airflow/example_dags/example_short_circuit_operator.py took 0.161 seconds
[2023-12-20T17:25:53.676+0000] {processor.py:161} INFO - Started process (PID=49) to work on /home/airflow/.local/lib/python3.8/site-packages/airflow/example_dags/example_short_circuit_operator.py
[2023-12-20T17:25:53.679+0000] {processor.py:830} INFO - Processing file /home/airflow/.local/lib/python3.8/site-packages/airflow/example_dags/example_short_circuit_operator.py for tasks to queue
[2023-12-20T17:25:53.686+0000] {logging_mixin.py:188} INFO - [2023-12-20T17:25:53.686+0000] {dagbag.py:538} INFO - Filling up the DagBag from /home/airflow/.local/lib/python3.8/site-packages/airflow/example_dags/example_short_circuit_operator.py
[2023-12-20T17:25:53.732+0000] {processor.py:840} INFO - DAG(s) 'example_short_circuit_operator' retrieved from /home/airflow/.local/lib/python3.8/site-packages/airflow/example_dags/example_short_circuit_operator.py
[2023-12-20T17:25:54.219+0000] {logging_mixin.py:188} INFO - [2023-12-20T17:25:54.219+0000] {dag.py:3033} INFO - Sync 1 DAGs
[2023-12-20T17:25:54.294+0000] {logging_mixin.py:188} INFO - [2023-12-20T17:25:54.294+0000] {dag.py:3820} INFO - Setting next_dagrun for example_short_circuit_operator to 2023-12-19T00:00:00+00:00, run_after=2023-12-20T00:00:00+00:00
[2023-12-20T17:25:54.372+0000] {processor.py:183} INFO - Processing /home/airflow/.local/lib/python3.8/site-packages/airflow/example_dags/example_short_circuit_operator.py took 0.710 seconds
[2023-12-20T17:26:24.657+0000] {processor.py:161} INFO - Started process (PID=104) to work on /home/airflow/.local/lib/python3.8/site-packages/airflow/example_dags/example_short_circuit_operator.py
[2023-12-20T17:26:24.660+0000] {processor.py:830} INFO - Processing file /home/airflow/.local/lib/python3.8/site-packages/airflow/example_dags/example_short_circuit_operator.py for tasks to queue
[2023-12-20T17:26:24.663+0000] {logging_mixin.py:188} INFO - [2023-12-20T17:26:24.662+0000] {dagbag.py:538} INFO - Filling up the DagBag from /home/airflow/.local/lib/python3.8/site-packages/airflow/example_dags/example_short_circuit_operator.py
[2023-12-20T17:26:24.673+0000] {processor.py:840} INFO - DAG(s) 'example_short_circuit_operator' retrieved from /home/airflow/.local/lib/python3.8/site-packages/airflow/example_dags/example_short_circuit_operator.py
[2023-12-20T17:26:24.711+0000] {logging_mixin.py:188} INFO - [2023-12-20T17:26:24.710+0000] {dag.py:3033} INFO - Sync 1 DAGs
[2023-12-20T17:26:24.747+0000] {logging_mixin.py:188} INFO - [2023-12-20T17:26:24.746+0000] {dag.py:3820} INFO - Setting next_dagrun for example_short_circuit_operator to 2023-12-19T00:00:00+00:00, run_after=2023-12-20T00:00:00+00:00
[2023-12-20T17:26:24.778+0000] {processor.py:183} INFO - Processing /home/airflow/.local/lib/python3.8/site-packages/airflow/example_dags/example_short_circuit_operator.py took 0.125 seconds
[2023-12-20T17:26:55.107+0000] {processor.py:161} INFO - Started process (PID=157) to work on /home/airflow/.local/lib/python3.8/site-packages/airflow/example_dags/example_short_circuit_operator.py
[2023-12-20T17:26:55.108+0000] {processor.py:830} INFO - Processing file /home/airflow/.local/lib/python3.8/site-packages/airflow/example_dags/example_short_circuit_operator.py for tasks to queue
[2023-12-20T17:26:55.111+0000] {logging_mixin.py:188} INFO - [2023-12-20T17:26:55.111+0000] {dagbag.py:538} INFO - Filling up the DagBag from /home/airflow/.local/lib/python3.8/site-packages/airflow/example_dags/example_short_circuit_operator.py
[2023-12-20T17:26:55.127+0000] {processor.py:840} INFO - DAG(s) 'example_short_circuit_operator' retrieved from /home/airflow/.local/lib/python3.8/site-packages/airflow/example_dags/example_short_circuit_operator.py
[2023-12-20T17:26:55.165+0000] {logging_mixin.py:188} INFO - [2023-12-20T17:26:55.165+0000] {dag.py:3033} INFO - Sync 1 DAGs
[2023-12-20T17:26:55.206+0000] {logging_mixin.py:188} INFO - [2023-12-20T17:26:55.205+0000] {dag.py:3820} INFO - Setting next_dagrun for example_short_circuit_operator to 2023-12-19T00:00:00+00:00, run_after=2023-12-20T00:00:00+00:00
[2023-12-20T17:26:55.250+0000] {processor.py:183} INFO - Processing /home/airflow/.local/lib/python3.8/site-packages/airflow/example_dags/example_short_circuit_operator.py took 0.149 seconds
[2023-12-20T17:27:25.800+0000] {processor.py:161} INFO - Started process (PID=212) to work on /home/airflow/.local/lib/python3.8/site-packages/airflow/example_dags/example_short_circuit_operator.py
[2023-12-20T17:27:25.802+0000] {processor.py:830} INFO - Processing file /home/airflow/.local/lib/python3.8/site-packages/airflow/example_dags/example_short_circuit_operator.py for tasks to queue
[2023-12-20T17:27:25.804+0000] {logging_mixin.py:188} INFO - [2023-12-20T17:27:25.804+0000] {dagbag.py:538} INFO - Filling up the DagBag from /home/airflow/.local/lib/python3.8/site-packages/airflow/example_dags/example_short_circuit_operator.py
[2023-12-20T17:27:25.813+0000] {processor.py:840} INFO - DAG(s) 'example_short_circuit_operator' retrieved from /home/airflow/.local/lib/python3.8/site-packages/airflow/example_dags/example_short_circuit_operator.py
[2023-12-20T17:27:25.843+0000] {logging_mixin.py:188} INFO - [2023-12-20T17:27:25.843+0000] {dag.py:3033} INFO - Sync 1 DAGs
[2023-12-20T17:27:25.874+0000] {logging_mixin.py:188} INFO - [2023-12-20T17:27:25.874+0000] {dag.py:3820} INFO - Setting next_dagrun for example_short_circuit_operator to 2023-12-19T00:00:00+00:00, run_after=2023-12-20T00:00:00+00:00
[2023-12-20T17:27:25.902+0000] {processor.py:183} INFO - Processing /home/airflow/.local/lib/python3.8/site-packages/airflow/example_dags/example_short_circuit_operator.py took 0.106 seconds
[2023-12-20T17:27:56.092+0000] {processor.py:161} INFO - Started process (PID=267) to work on /home/airflow/.local/lib/python3.8/site-packages/airflow/example_dags/example_short_circuit_operator.py
[2023-12-20T17:27:56.093+0000] {processor.py:830} INFO - Processing file /home/airflow/.local/lib/python3.8/site-packages/airflow/example_dags/example_short_circuit_operator.py for tasks to queue
[2023-12-20T17:27:56.096+0000] {logging_mixin.py:188} INFO - [2023-12-20T17:27:56.095+0000] {dagbag.py:538} INFO - Filling up the DagBag from /home/airflow/.local/lib/python3.8/site-packages/airflow/example_dags/example_short_circuit_operator.py
[2023-12-20T17:27:56.105+0000] {processor.py:840} INFO - DAG(s) 'example_short_circuit_operator' retrieved from /home/airflow/.local/lib/python3.8/site-packages/airflow/example_dags/example_short_circuit_operator.py
[2023-12-20T17:27:56.141+0000] {logging_mixin.py:188} INFO - [2023-12-20T17:27:56.141+0000] {dag.py:3033} INFO - Sync 1 DAGs
[2023-12-20T17:27:56.182+0000] {logging_mixin.py:188} INFO - [2023-12-20T17:27:56.181+0000] {dag.py:3820} INFO - Setting next_dagrun for example_short_circuit_operator to 2023-12-19T00:00:00+00:00, run_after=2023-12-20T00:00:00+00:00
[2023-12-20T17:27:56.211+0000] {processor.py:183} INFO - Processing /home/airflow/.local/lib/python3.8/site-packages/airflow/example_dags/example_short_circuit_operator.py took 0.123 seconds
[2023-12-20T17:28:27.039+0000] {processor.py:161} INFO - Started process (PID=321) to work on /home/airflow/.local/lib/python3.8/site-packages/airflow/example_dags/example_short_circuit_operator.py
[2023-12-20T17:28:27.041+0000] {processor.py:830} INFO - Processing file /home/airflow/.local/lib/python3.8/site-packages/airflow/example_dags/example_short_circuit_operator.py for tasks to queue
[2023-12-20T17:28:27.045+0000] {logging_mixin.py:188} INFO - [2023-12-20T17:28:27.045+0000] {dagbag.py:538} INFO - Filling up the DagBag from /home/airflow/.local/lib/python3.8/site-packages/airflow/example_dags/example_short_circuit_operator.py
[2023-12-20T17:28:27.062+0000] {processor.py:840} INFO - DAG(s) 'example_short_circuit_operator' retrieved from /home/airflow/.local/lib/python3.8/site-packages/airflow/example_dags/example_short_circuit_operator.py
[2023-12-20T17:28:27.118+0000] {logging_mixin.py:188} INFO - [2023-12-20T17:28:27.117+0000] {dag.py:3033} INFO - Sync 1 DAGs
[2023-12-20T17:28:27.172+0000] {logging_mixin.py:188} INFO - [2023-12-20T17:28:27.171+0000] {dag.py:3820} INFO - Setting next_dagrun for example_short_circuit_operator to 2023-12-19T00:00:00+00:00, run_after=2023-12-20T00:00:00+00:00
[2023-12-20T17:28:27.214+0000] {processor.py:183} INFO - Processing /home/airflow/.local/lib/python3.8/site-packages/airflow/example_dags/example_short_circuit_operator.py took 0.182 seconds
[2023-12-20T17:28:57.641+0000] {processor.py:161} INFO - Started process (PID=376) to work on /home/airflow/.local/lib/python3.8/site-packages/airflow/example_dags/example_short_circuit_operator.py
[2023-12-20T17:28:57.642+0000] {processor.py:830} INFO - Processing file /home/airflow/.local/lib/python3.8/site-packages/airflow/example_dags/example_short_circuit_operator.py for tasks to queue
[2023-12-20T17:28:57.646+0000] {logging_mixin.py:188} INFO - [2023-12-20T17:28:57.645+0000] {dagbag.py:538} INFO - Filling up the DagBag from /home/airflow/.local/lib/python3.8/site-packages/airflow/example_dags/example_short_circuit_operator.py
[2023-12-20T17:28:57.662+0000] {processor.py:840} INFO - DAG(s) 'example_short_circuit_operator' retrieved from /home/airflow/.local/lib/python3.8/site-packages/airflow/example_dags/example_short_circuit_operator.py
[2023-12-20T17:28:57.702+0000] {logging_mixin.py:188} INFO - [2023-12-20T17:28:57.702+0000] {dag.py:3033} INFO - Sync 1 DAGs
[2023-12-20T17:28:57.752+0000] {logging_mixin.py:188} INFO - [2023-12-20T17:28:57.751+0000] {dag.py:3820} INFO - Setting next_dagrun for example_short_circuit_operator to 2023-12-19T00:00:00+00:00, run_after=2023-12-20T00:00:00+00:00
[2023-12-20T17:28:57.780+0000] {processor.py:183} INFO - Processing /home/airflow/.local/lib/python3.8/site-packages/airflow/example_dags/example_short_circuit_operator.py took 0.144 seconds
[2023-12-20T17:29:28.451+0000] {processor.py:161} INFO - Started process (PID=431) to work on /home/airflow/.local/lib/python3.8/site-packages/airflow/example_dags/example_short_circuit_operator.py
[2023-12-20T17:29:28.452+0000] {processor.py:830} INFO - Processing file /home/airflow/.local/lib/python3.8/site-packages/airflow/example_dags/example_short_circuit_operator.py for tasks to queue
[2023-12-20T17:29:28.456+0000] {logging_mixin.py:188} INFO - [2023-12-20T17:29:28.455+0000] {dagbag.py:538} INFO - Filling up the DagBag from /home/airflow/.local/lib/python3.8/site-packages/airflow/example_dags/example_short_circuit_operator.py
[2023-12-20T17:29:28.485+0000] {processor.py:840} INFO - DAG(s) 'example_short_circuit_operator' retrieved from /home/airflow/.local/lib/python3.8/site-packages/airflow/example_dags/example_short_circuit_operator.py
[2023-12-20T17:29:28.567+0000] {logging_mixin.py:188} INFO - [2023-12-20T17:29:28.567+0000] {dag.py:3033} INFO - Sync 1 DAGs
[2023-12-20T17:29:28.672+0000] {logging_mixin.py:188} INFO - [2023-12-20T17:29:28.672+0000] {dag.py:3820} INFO - Setting next_dagrun for example_short_circuit_operator to 2023-12-19T00:00:00+00:00, run_after=2023-12-20T00:00:00+00:00
[2023-12-20T17:29:28.734+0000] {processor.py:183} INFO - Processing /home/airflow/.local/lib/python3.8/site-packages/airflow/example_dags/example_short_circuit_operator.py took 0.292 seconds
[2023-12-20T17:29:58.963+0000] {processor.py:161} INFO - Started process (PID=486) to work on /home/airflow/.local/lib/python3.8/site-packages/airflow/example_dags/example_short_circuit_operator.py
[2023-12-20T17:29:58.965+0000] {processor.py:830} INFO - Processing file /home/airflow/.local/lib/python3.8/site-packages/airflow/example_dags/example_short_circuit_operator.py for tasks to queue
[2023-12-20T17:29:58.969+0000] {logging_mixin.py:188} INFO - [2023-12-20T17:29:58.968+0000] {dagbag.py:538} INFO - Filling up the DagBag from /home/airflow/.local/lib/python3.8/site-packages/airflow/example_dags/example_short_circuit_operator.py
[2023-12-20T17:29:58.990+0000] {processor.py:840} INFO - DAG(s) 'example_short_circuit_operator' retrieved from /home/airflow/.local/lib/python3.8/site-packages/airflow/example_dags/example_short_circuit_operator.py
[2023-12-20T17:29:59.126+0000] {logging_mixin.py:188} INFO - [2023-12-20T17:29:59.126+0000] {dag.py:3033} INFO - Sync 1 DAGs
[2023-12-20T17:29:59.193+0000] {logging_mixin.py:188} INFO - [2023-12-20T17:29:59.193+0000] {dag.py:3820} INFO - Setting next_dagrun for example_short_circuit_operator to 2023-12-19T00:00:00+00:00, run_after=2023-12-20T00:00:00+00:00
[2023-12-20T17:29:59.244+0000] {processor.py:183} INFO - Processing /home/airflow/.local/lib/python3.8/site-packages/airflow/example_dags/example_short_circuit_operator.py took 0.288 seconds
[2023-12-20T17:30:29.317+0000] {processor.py:161} INFO - Started process (PID=541) to work on /home/airflow/.local/lib/python3.8/site-packages/airflow/example_dags/example_short_circuit_operator.py
[2023-12-20T17:30:29.318+0000] {processor.py:830} INFO - Processing file /home/airflow/.local/lib/python3.8/site-packages/airflow/example_dags/example_short_circuit_operator.py for tasks to queue
[2023-12-20T17:30:29.321+0000] {logging_mixin.py:188} INFO - [2023-12-20T17:30:29.321+0000] {dagbag.py:538} INFO - Filling up the DagBag from /home/airflow/.local/lib/python3.8/site-packages/airflow/example_dags/example_short_circuit_operator.py
[2023-12-20T17:30:29.333+0000] {processor.py:840} INFO - DAG(s) 'example_short_circuit_operator' retrieved from /home/airflow/.local/lib/python3.8/site-packages/airflow/example_dags/example_short_circuit_operator.py
[2023-12-20T17:30:29.372+0000] {logging_mixin.py:188} INFO - [2023-12-20T17:30:29.371+0000] {dag.py:3033} INFO - Sync 1 DAGs
[2023-12-20T17:30:29.420+0000] {logging_mixin.py:188} INFO - [2023-12-20T17:30:29.420+0000] {dag.py:3820} INFO - Setting next_dagrun for example_short_circuit_operator to 2023-12-19T00:00:00+00:00, run_after=2023-12-20T00:00:00+00:00
[2023-12-20T17:30:29.463+0000] {processor.py:183} INFO - Processing /home/airflow/.local/lib/python3.8/site-packages/airflow/example_dags/example_short_circuit_operator.py took 0.151 seconds
[2023-12-20T17:31:00.051+0000] {processor.py:161} INFO - Started process (PID=596) to work on /home/airflow/.local/lib/python3.8/site-packages/airflow/example_dags/example_short_circuit_operator.py
[2023-12-20T17:31:00.103+0000] {processor.py:830} INFO - Processing file /home/airflow/.local/lib/python3.8/site-packages/airflow/example_dags/example_short_circuit_operator.py for tasks to queue
[2023-12-20T17:31:00.108+0000] {logging_mixin.py:188} INFO - [2023-12-20T17:31:00.107+0000] {dagbag.py:538} INFO - Filling up the DagBag from /home/airflow/.local/lib/python3.8/site-packages/airflow/example_dags/example_short_circuit_operator.py
[2023-12-20T17:31:00.170+0000] {processor.py:840} INFO - DAG(s) 'example_short_circuit_operator' retrieved from /home/airflow/.local/lib/python3.8/site-packages/airflow/example_dags/example_short_circuit_operator.py
[2023-12-20T17:31:00.250+0000] {logging_mixin.py:188} INFO - [2023-12-20T17:31:00.250+0000] {dag.py:3033} INFO - Sync 1 DAGs
[2023-12-20T17:31:00.337+0000] {logging_mixin.py:188} INFO - [2023-12-20T17:31:00.336+0000] {dag.py:3820} INFO - Setting next_dagrun for example_short_circuit_operator to 2023-12-19T00:00:00+00:00, run_after=2023-12-20T00:00:00+00:00
[2023-12-20T17:31:00.380+0000] {processor.py:183} INFO - Processing /home/airflow/.local/lib/python3.8/site-packages/airflow/example_dags/example_short_circuit_operator.py took 0.352 seconds
[2023-12-20T17:31:30.520+0000] {processor.py:161} INFO - Started process (PID=651) to work on /home/airflow/.local/lib/python3.8/site-packages/airflow/example_dags/example_short_circuit_operator.py
[2023-12-20T17:31:30.533+0000] {processor.py:830} INFO - Processing file /home/airflow/.local/lib/python3.8/site-packages/airflow/example_dags/example_short_circuit_operator.py for tasks to queue
[2023-12-20T17:31:30.545+0000] {logging_mixin.py:188} INFO - [2023-12-20T17:31:30.542+0000] {dagbag.py:538} INFO - Filling up the DagBag from /home/airflow/.local/lib/python3.8/site-packages/airflow/example_dags/example_short_circuit_operator.py
[2023-12-20T17:31:30.578+0000] {processor.py:840} INFO - DAG(s) 'example_short_circuit_operator' retrieved from /home/airflow/.local/lib/python3.8/site-packages/airflow/example_dags/example_short_circuit_operator.py
[2023-12-20T17:31:30.701+0000] {logging_mixin.py:188} INFO - [2023-12-20T17:31:30.701+0000] {dag.py:3033} INFO - Sync 1 DAGs
[2023-12-20T17:31:30.768+0000] {logging_mixin.py:188} INFO - [2023-12-20T17:31:30.768+0000] {dag.py:3820} INFO - Setting next_dagrun for example_short_circuit_operator to 2023-12-19T00:00:00+00:00, run_after=2023-12-20T00:00:00+00:00
[2023-12-20T17:31:30.811+0000] {processor.py:183} INFO - Processing /home/airflow/.local/lib/python3.8/site-packages/airflow/example_dags/example_short_circuit_operator.py took 0.339 seconds
[2023-12-20T17:32:01.152+0000] {processor.py:161} INFO - Started process (PID=705) to work on /home/airflow/.local/lib/python3.8/site-packages/airflow/example_dags/example_short_circuit_operator.py
[2023-12-20T17:32:01.153+0000] {processor.py:830} INFO - Processing file /home/airflow/.local/lib/python3.8/site-packages/airflow/example_dags/example_short_circuit_operator.py for tasks to queue
[2023-12-20T17:32:01.160+0000] {logging_mixin.py:188} INFO - [2023-12-20T17:32:01.159+0000] {dagbag.py:538} INFO - Filling up the DagBag from /home/airflow/.local/lib/python3.8/site-packages/airflow/example_dags/example_short_circuit_operator.py
[2023-12-20T17:32:01.181+0000] {processor.py:840} INFO - DAG(s) 'example_short_circuit_operator' retrieved from /home/airflow/.local/lib/python3.8/site-packages/airflow/example_dags/example_short_circuit_operator.py
[2023-12-20T17:32:01.241+0000] {logging_mixin.py:188} INFO - [2023-12-20T17:32:01.241+0000] {dag.py:3033} INFO - Sync 1 DAGs
[2023-12-20T17:32:01.292+0000] {logging_mixin.py:188} INFO - [2023-12-20T17:32:01.291+0000] {dag.py:3820} INFO - Setting next_dagrun for example_short_circuit_operator to 2023-12-19T00:00:00+00:00, run_after=2023-12-20T00:00:00+00:00
[2023-12-20T17:32:01.374+0000] {processor.py:183} INFO - Processing /home/airflow/.local/lib/python3.8/site-packages/airflow/example_dags/example_short_circuit_operator.py took 0.238 seconds
[2023-12-20T17:32:32.014+0000] {processor.py:161} INFO - Started process (PID=760) to work on /home/airflow/.local/lib/python3.8/site-packages/airflow/example_dags/example_short_circuit_operator.py
[2023-12-20T17:32:32.016+0000] {processor.py:830} INFO - Processing file /home/airflow/.local/lib/python3.8/site-packages/airflow/example_dags/example_short_circuit_operator.py for tasks to queue
[2023-12-20T17:32:32.019+0000] {logging_mixin.py:188} INFO - [2023-12-20T17:32:32.019+0000] {dagbag.py:538} INFO - Filling up the DagBag from /home/airflow/.local/lib/python3.8/site-packages/airflow/example_dags/example_short_circuit_operator.py
[2023-12-20T17:32:32.035+0000] {processor.py:840} INFO - DAG(s) 'example_short_circuit_operator' retrieved from /home/airflow/.local/lib/python3.8/site-packages/airflow/example_dags/example_short_circuit_operator.py
[2023-12-20T17:32:32.088+0000] {logging_mixin.py:188} INFO - [2023-12-20T17:32:32.088+0000] {dag.py:3033} INFO - Sync 1 DAGs
[2023-12-20T17:32:32.186+0000] {logging_mixin.py:188} INFO - [2023-12-20T17:32:32.185+0000] {dag.py:3820} INFO - Setting next_dagrun for example_short_circuit_operator to 2023-12-19T00:00:00+00:00, run_after=2023-12-20T00:00:00+00:00
[2023-12-20T17:32:32.240+0000] {processor.py:183} INFO - Processing /home/airflow/.local/lib/python3.8/site-packages/airflow/example_dags/example_short_circuit_operator.py took 0.233 seconds
[2023-12-20T17:33:02.423+0000] {processor.py:161} INFO - Started process (PID=816) to work on /home/airflow/.local/lib/python3.8/site-packages/airflow/example_dags/example_short_circuit_operator.py
[2023-12-20T17:33:02.424+0000] {processor.py:830} INFO - Processing file /home/airflow/.local/lib/python3.8/site-packages/airflow/example_dags/example_short_circuit_operator.py for tasks to queue
[2023-12-20T17:33:02.433+0000] {logging_mixin.py:188} INFO - [2023-12-20T17:33:02.431+0000] {dagbag.py:538} INFO - Filling up the DagBag from /home/airflow/.local/lib/python3.8/site-packages/airflow/example_dags/example_short_circuit_operator.py
[2023-12-20T17:33:02.468+0000] {processor.py:840} INFO - DAG(s) 'example_short_circuit_operator' retrieved from /home/airflow/.local/lib/python3.8/site-packages/airflow/example_dags/example_short_circuit_operator.py
[2023-12-20T17:33:02.553+0000] {logging_mixin.py:188} INFO - [2023-12-20T17:33:02.550+0000] {dag.py:3033} INFO - Sync 1 DAGs
[2023-12-20T17:33:02.614+0000] {logging_mixin.py:188} INFO - [2023-12-20T17:33:02.614+0000] {dag.py:3820} INFO - Setting next_dagrun for example_short_circuit_operator to 2023-12-19T00:00:00+00:00, run_after=2023-12-20T00:00:00+00:00
[2023-12-20T17:33:02.688+0000] {processor.py:183} INFO - Processing /home/airflow/.local/lib/python3.8/site-packages/airflow/example_dags/example_short_circuit_operator.py took 0.285 seconds
[2023-12-20T17:33:33.379+0000] {processor.py:161} INFO - Started process (PID=871) to work on /home/airflow/.local/lib/python3.8/site-packages/airflow/example_dags/example_short_circuit_operator.py
[2023-12-20T17:33:33.380+0000] {processor.py:830} INFO - Processing file /home/airflow/.local/lib/python3.8/site-packages/airflow/example_dags/example_short_circuit_operator.py for tasks to queue
[2023-12-20T17:33:33.384+0000] {logging_mixin.py:188} INFO - [2023-12-20T17:33:33.384+0000] {dagbag.py:538} INFO - Filling up the DagBag from /home/airflow/.local/lib/python3.8/site-packages/airflow/example_dags/example_short_circuit_operator.py
[2023-12-20T17:33:33.397+0000] {processor.py:840} INFO - DAG(s) 'example_short_circuit_operator' retrieved from /home/airflow/.local/lib/python3.8/site-packages/airflow/example_dags/example_short_circuit_operator.py
[2023-12-20T17:33:33.446+0000] {logging_mixin.py:188} INFO - [2023-12-20T17:33:33.446+0000] {dag.py:3033} INFO - Sync 1 DAGs
[2023-12-20T17:33:33.488+0000] {logging_mixin.py:188} INFO - [2023-12-20T17:33:33.488+0000] {dag.py:3820} INFO - Setting next_dagrun for example_short_circuit_operator to 2023-12-19T00:00:00+00:00, run_after=2023-12-20T00:00:00+00:00
[2023-12-20T17:33:33.566+0000] {processor.py:183} INFO - Processing /home/airflow/.local/lib/python3.8/site-packages/airflow/example_dags/example_short_circuit_operator.py took 0.191 seconds
[2023-12-20T17:34:04.452+0000] {processor.py:161} INFO - Started process (PID=926) to work on /home/airflow/.local/lib/python3.8/site-packages/airflow/example_dags/example_short_circuit_operator.py
[2023-12-20T17:34:04.460+0000] {processor.py:830} INFO - Processing file /home/airflow/.local/lib/python3.8/site-packages/airflow/example_dags/example_short_circuit_operator.py for tasks to queue
[2023-12-20T17:34:04.465+0000] {logging_mixin.py:188} INFO - [2023-12-20T17:34:04.464+0000] {dagbag.py:538} INFO - Filling up the DagBag from /home/airflow/.local/lib/python3.8/site-packages/airflow/example_dags/example_short_circuit_operator.py
[2023-12-20T17:34:04.484+0000] {processor.py:840} INFO - DAG(s) 'example_short_circuit_operator' retrieved from /home/airflow/.local/lib/python3.8/site-packages/airflow/example_dags/example_short_circuit_operator.py
[2023-12-20T17:34:04.545+0000] {logging_mixin.py:188} INFO - [2023-12-20T17:34:04.545+0000] {dag.py:3033} INFO - Sync 1 DAGs
[2023-12-20T17:34:04.587+0000] {logging_mixin.py:188} INFO - [2023-12-20T17:34:04.586+0000] {dag.py:3820} INFO - Setting next_dagrun for example_short_circuit_operator to 2023-12-19T00:00:00+00:00, run_after=2023-12-20T00:00:00+00:00
[2023-12-20T17:34:04.626+0000] {processor.py:183} INFO - Processing /home/airflow/.local/lib/python3.8/site-packages/airflow/example_dags/example_short_circuit_operator.py took 0.182 seconds
[2023-12-20T17:34:34.990+0000] {processor.py:161} INFO - Started process (PID=981) to work on /home/airflow/.local/lib/python3.8/site-packages/airflow/example_dags/example_short_circuit_operator.py
[2023-12-20T17:34:34.991+0000] {processor.py:830} INFO - Processing file /home/airflow/.local/lib/python3.8/site-packages/airflow/example_dags/example_short_circuit_operator.py for tasks to queue
[2023-12-20T17:34:34.994+0000] {logging_mixin.py:188} INFO - [2023-12-20T17:34:34.994+0000] {dagbag.py:538} INFO - Filling up the DagBag from /home/airflow/.local/lib/python3.8/site-packages/airflow/example_dags/example_short_circuit_operator.py
[2023-12-20T17:34:35.008+0000] {processor.py:840} INFO - DAG(s) 'example_short_circuit_operator' retrieved from /home/airflow/.local/lib/python3.8/site-packages/airflow/example_dags/example_short_circuit_operator.py
[2023-12-20T17:34:35.044+0000] {logging_mixin.py:188} INFO - [2023-12-20T17:34:35.043+0000] {dag.py:3033} INFO - Sync 1 DAGs
[2023-12-20T17:34:35.089+0000] {logging_mixin.py:188} INFO - [2023-12-20T17:34:35.088+0000] {dag.py:3820} INFO - Setting next_dagrun for example_short_circuit_operator to 2023-12-19T00:00:00+00:00, run_after=2023-12-20T00:00:00+00:00
[2023-12-20T17:34:35.122+0000] {processor.py:183} INFO - Processing /home/airflow/.local/lib/python3.8/site-packages/airflow/example_dags/example_short_circuit_operator.py took 0.137 seconds
[2023-12-20T17:35:05.612+0000] {processor.py:161} INFO - Started process (PID=1035) to work on /home/airflow/.local/lib/python3.8/site-packages/airflow/example_dags/example_short_circuit_operator.py
[2023-12-20T17:35:05.613+0000] {processor.py:830} INFO - Processing file /home/airflow/.local/lib/python3.8/site-packages/airflow/example_dags/example_short_circuit_operator.py for tasks to queue
[2023-12-20T17:35:05.618+0000] {logging_mixin.py:188} INFO - [2023-12-20T17:35:05.618+0000] {dagbag.py:538} INFO - Filling up the DagBag from /home/airflow/.local/lib/python3.8/site-packages/airflow/example_dags/example_short_circuit_operator.py
[2023-12-20T17:35:05.631+0000] {processor.py:840} INFO - DAG(s) 'example_short_circuit_operator' retrieved from /home/airflow/.local/lib/python3.8/site-packages/airflow/example_dags/example_short_circuit_operator.py
[2023-12-20T17:35:05.674+0000] {logging_mixin.py:188} INFO - [2023-12-20T17:35:05.674+0000] {dag.py:3033} INFO - Sync 1 DAGs
[2023-12-20T17:35:05.718+0000] {logging_mixin.py:188} INFO - [2023-12-20T17:35:05.718+0000] {dag.py:3820} INFO - Setting next_dagrun for example_short_circuit_operator to 2023-12-19T00:00:00+00:00, run_after=2023-12-20T00:00:00+00:00
[2023-12-20T17:35:05.752+0000] {processor.py:183} INFO - Processing /home/airflow/.local/lib/python3.8/site-packages/airflow/example_dags/example_short_circuit_operator.py took 0.147 seconds
[2023-12-20T17:35:35.935+0000] {processor.py:161} INFO - Started process (PID=1090) to work on /home/airflow/.local/lib/python3.8/site-packages/airflow/example_dags/example_short_circuit_operator.py
[2023-12-20T17:35:35.944+0000] {processor.py:830} INFO - Processing file /home/airflow/.local/lib/python3.8/site-packages/airflow/example_dags/example_short_circuit_operator.py for tasks to queue
[2023-12-20T17:35:35.948+0000] {logging_mixin.py:188} INFO - [2023-12-20T17:35:35.947+0000] {dagbag.py:538} INFO - Filling up the DagBag from /home/airflow/.local/lib/python3.8/site-packages/airflow/example_dags/example_short_circuit_operator.py
[2023-12-20T17:35:35.964+0000] {processor.py:840} INFO - DAG(s) 'example_short_circuit_operator' retrieved from /home/airflow/.local/lib/python3.8/site-packages/airflow/example_dags/example_short_circuit_operator.py
[2023-12-20T17:35:36.024+0000] {logging_mixin.py:188} INFO - [2023-12-20T17:35:36.024+0000] {dag.py:3033} INFO - Sync 1 DAGs
[2023-12-20T17:35:36.082+0000] {logging_mixin.py:188} INFO - [2023-12-20T17:35:36.081+0000] {dag.py:3820} INFO - Setting next_dagrun for example_short_circuit_operator to 2023-12-19T00:00:00+00:00, run_after=2023-12-20T00:00:00+00:00
[2023-12-20T17:35:36.127+0000] {processor.py:183} INFO - Processing /home/airflow/.local/lib/python3.8/site-packages/airflow/example_dags/example_short_circuit_operator.py took 0.200 seconds
[2023-12-20T17:36:06.330+0000] {processor.py:161} INFO - Started process (PID=1145) to work on /home/airflow/.local/lib/python3.8/site-packages/airflow/example_dags/example_short_circuit_operator.py
[2023-12-20T17:36:06.334+0000] {processor.py:830} INFO - Processing file /home/airflow/.local/lib/python3.8/site-packages/airflow/example_dags/example_short_circuit_operator.py for tasks to queue
[2023-12-20T17:36:06.338+0000] {logging_mixin.py:188} INFO - [2023-12-20T17:36:06.337+0000] {dagbag.py:538} INFO - Filling up the DagBag from /home/airflow/.local/lib/python3.8/site-packages/airflow/example_dags/example_short_circuit_operator.py
[2023-12-20T17:36:06.352+0000] {processor.py:840} INFO - DAG(s) 'example_short_circuit_operator' retrieved from /home/airflow/.local/lib/python3.8/site-packages/airflow/example_dags/example_short_circuit_operator.py
[2023-12-20T17:36:06.398+0000] {logging_mixin.py:188} INFO - [2023-12-20T17:36:06.398+0000] {dag.py:3033} INFO - Sync 1 DAGs
[2023-12-20T17:36:06.439+0000] {logging_mixin.py:188} INFO - [2023-12-20T17:36:06.439+0000] {dag.py:3820} INFO - Setting next_dagrun for example_short_circuit_operator to 2023-12-19T00:00:00+00:00, run_after=2023-12-20T00:00:00+00:00
[2023-12-20T17:36:06.507+0000] {processor.py:183} INFO - Processing /home/airflow/.local/lib/python3.8/site-packages/airflow/example_dags/example_short_circuit_operator.py took 0.183 seconds
[2023-12-20T17:36:37.387+0000] {processor.py:161} INFO - Started process (PID=1200) to work on /home/airflow/.local/lib/python3.8/site-packages/airflow/example_dags/example_short_circuit_operator.py
[2023-12-20T17:36:37.388+0000] {processor.py:830} INFO - Processing file /home/airflow/.local/lib/python3.8/site-packages/airflow/example_dags/example_short_circuit_operator.py for tasks to queue
[2023-12-20T17:36:37.398+0000] {logging_mixin.py:188} INFO - [2023-12-20T17:36:37.397+0000] {dagbag.py:538} INFO - Filling up the DagBag from /home/airflow/.local/lib/python3.8/site-packages/airflow/example_dags/example_short_circuit_operator.py
[2023-12-20T17:36:37.413+0000] {processor.py:840} INFO - DAG(s) 'example_short_circuit_operator' retrieved from /home/airflow/.local/lib/python3.8/site-packages/airflow/example_dags/example_short_circuit_operator.py
[2023-12-20T17:36:37.464+0000] {logging_mixin.py:188} INFO - [2023-12-20T17:36:37.464+0000] {dag.py:3033} INFO - Sync 1 DAGs
[2023-12-20T17:36:37.540+0000] {logging_mixin.py:188} INFO - [2023-12-20T17:36:37.540+0000] {dag.py:3820} INFO - Setting next_dagrun for example_short_circuit_operator to 2023-12-19T00:00:00+00:00, run_after=2023-12-20T00:00:00+00:00
[2023-12-20T17:36:37.589+0000] {processor.py:183} INFO - Processing /home/airflow/.local/lib/python3.8/site-packages/airflow/example_dags/example_short_circuit_operator.py took 0.208 seconds
[2023-12-20T17:37:08.402+0000] {processor.py:161} INFO - Started process (PID=1254) to work on /home/airflow/.local/lib/python3.8/site-packages/airflow/example_dags/example_short_circuit_operator.py
[2023-12-20T17:37:08.403+0000] {processor.py:830} INFO - Processing file /home/airflow/.local/lib/python3.8/site-packages/airflow/example_dags/example_short_circuit_operator.py for tasks to queue
[2023-12-20T17:37:08.406+0000] {logging_mixin.py:188} INFO - [2023-12-20T17:37:08.405+0000] {dagbag.py:538} INFO - Filling up the DagBag from /home/airflow/.local/lib/python3.8/site-packages/airflow/example_dags/example_short_circuit_operator.py
[2023-12-20T17:37:08.417+0000] {processor.py:840} INFO - DAG(s) 'example_short_circuit_operator' retrieved from /home/airflow/.local/lib/python3.8/site-packages/airflow/example_dags/example_short_circuit_operator.py
[2023-12-20T17:37:08.452+0000] {logging_mixin.py:188} INFO - [2023-12-20T17:37:08.450+0000] {dag.py:3033} INFO - Sync 1 DAGs
[2023-12-20T17:37:08.498+0000] {logging_mixin.py:188} INFO - [2023-12-20T17:37:08.498+0000] {dag.py:3820} INFO - Setting next_dagrun for example_short_circuit_operator to 2023-12-19T00:00:00+00:00, run_after=2023-12-20T00:00:00+00:00
[2023-12-20T17:37:08.525+0000] {processor.py:183} INFO - Processing /home/airflow/.local/lib/python3.8/site-packages/airflow/example_dags/example_short_circuit_operator.py took 0.127 seconds
