[2023-12-20T17:21:00.589+0000] {processor.py:161} INFO - Started process (PID=349) to work on /home/airflow/.local/lib/python3.8/site-packages/airflow/example_dags/example_dynamic_task_mapping.py
[2023-12-20T17:21:00.598+0000] {processor.py:830} INFO - Processing file /home/airflow/.local/lib/python3.8/site-packages/airflow/example_dags/example_dynamic_task_mapping.py for tasks to queue
[2023-12-20T17:21:00.599+0000] {logging_mixin.py:188} INFO - [2023-12-20T17:21:00.599+0000] {dagbag.py:538} INFO - Filling up the DagBag from /home/airflow/.local/lib/python3.8/site-packages/airflow/example_dags/example_dynamic_task_mapping.py
[2023-12-20T17:21:00.622+0000] {processor.py:840} INFO - DAG(s) 'example_dynamic_task_mapping' retrieved from /home/airflow/.local/lib/python3.8/site-packages/airflow/example_dags/example_dynamic_task_mapping.py
[2023-12-20T17:21:00.875+0000] {logging_mixin.py:188} INFO - [2023-12-20T17:21:00.874+0000] {dag.py:3033} INFO - Sync 1 DAGs
[2023-12-20T17:21:00.930+0000] {logging_mixin.py:188} INFO - [2023-12-20T17:21:00.930+0000] {dag.py:3820} INFO - Setting next_dagrun for example_dynamic_task_mapping to 2022-03-04T00:00:00+00:00, run_after=2022-03-05T00:00:00+00:00
[2023-12-20T17:21:00.998+0000] {processor.py:183} INFO - Processing /home/airflow/.local/lib/python3.8/site-packages/airflow/example_dags/example_dynamic_task_mapping.py took 0.420 seconds
[2023-12-20T17:21:31.177+0000] {processor.py:161} INFO - Started process (PID=596) to work on /home/airflow/.local/lib/python3.8/site-packages/airflow/example_dags/example_dynamic_task_mapping.py
[2023-12-20T17:21:31.182+0000] {processor.py:830} INFO - Processing file /home/airflow/.local/lib/python3.8/site-packages/airflow/example_dags/example_dynamic_task_mapping.py for tasks to queue
[2023-12-20T17:21:31.183+0000] {logging_mixin.py:188} INFO - [2023-12-20T17:21:31.183+0000] {dagbag.py:538} INFO - Filling up the DagBag from /home/airflow/.local/lib/python3.8/site-packages/airflow/example_dags/example_dynamic_task_mapping.py
[2023-12-20T17:21:31.201+0000] {processor.py:840} INFO - DAG(s) 'example_dynamic_task_mapping' retrieved from /home/airflow/.local/lib/python3.8/site-packages/airflow/example_dags/example_dynamic_task_mapping.py
[2023-12-20T17:21:31.258+0000] {logging_mixin.py:188} INFO - [2023-12-20T17:21:31.257+0000] {dag.py:3033} INFO - Sync 1 DAGs
[2023-12-20T17:21:31.322+0000] {logging_mixin.py:188} INFO - [2023-12-20T17:21:31.322+0000] {dag.py:3820} INFO - Setting next_dagrun for example_dynamic_task_mapping to 2022-03-04T00:00:00+00:00, run_after=2022-03-05T00:00:00+00:00
[2023-12-20T17:21:31.393+0000] {processor.py:183} INFO - Processing /home/airflow/.local/lib/python3.8/site-packages/airflow/example_dags/example_dynamic_task_mapping.py took 0.223 seconds
[2023-12-20T17:22:02.433+0000] {processor.py:161} INFO - Started process (PID=842) to work on /home/airflow/.local/lib/python3.8/site-packages/airflow/example_dags/example_dynamic_task_mapping.py
[2023-12-20T17:22:02.441+0000] {processor.py:830} INFO - Processing file /home/airflow/.local/lib/python3.8/site-packages/airflow/example_dags/example_dynamic_task_mapping.py for tasks to queue
[2023-12-20T17:22:02.443+0000] {logging_mixin.py:188} INFO - [2023-12-20T17:22:02.443+0000] {dagbag.py:538} INFO - Filling up the DagBag from /home/airflow/.local/lib/python3.8/site-packages/airflow/example_dags/example_dynamic_task_mapping.py
[2023-12-20T17:22:02.465+0000] {processor.py:840} INFO - DAG(s) 'example_dynamic_task_mapping' retrieved from /home/airflow/.local/lib/python3.8/site-packages/airflow/example_dags/example_dynamic_task_mapping.py
[2023-12-20T17:22:02.510+0000] {logging_mixin.py:188} INFO - [2023-12-20T17:22:02.510+0000] {dag.py:3033} INFO - Sync 1 DAGs
[2023-12-20T17:22:02.559+0000] {logging_mixin.py:188} INFO - [2023-12-20T17:22:02.558+0000] {dag.py:3820} INFO - Setting next_dagrun for example_dynamic_task_mapping to 2022-03-04T00:00:00+00:00, run_after=2022-03-05T00:00:00+00:00
[2023-12-20T17:22:02.624+0000] {processor.py:183} INFO - Processing /home/airflow/.local/lib/python3.8/site-packages/airflow/example_dags/example_dynamic_task_mapping.py took 0.184 seconds
[2023-12-20T17:22:33.045+0000] {processor.py:161} INFO - Started process (PID=1089) to work on /home/airflow/.local/lib/python3.8/site-packages/airflow/example_dags/example_dynamic_task_mapping.py
[2023-12-20T17:22:33.047+0000] {processor.py:830} INFO - Processing file /home/airflow/.local/lib/python3.8/site-packages/airflow/example_dags/example_dynamic_task_mapping.py for tasks to queue
[2023-12-20T17:22:33.048+0000] {logging_mixin.py:188} INFO - [2023-12-20T17:22:33.048+0000] {dagbag.py:538} INFO - Filling up the DagBag from /home/airflow/.local/lib/python3.8/site-packages/airflow/example_dags/example_dynamic_task_mapping.py
[2023-12-20T17:22:33.060+0000] {processor.py:840} INFO - DAG(s) 'example_dynamic_task_mapping' retrieved from /home/airflow/.local/lib/python3.8/site-packages/airflow/example_dags/example_dynamic_task_mapping.py
[2023-12-20T17:22:33.097+0000] {logging_mixin.py:188} INFO - [2023-12-20T17:22:33.096+0000] {dag.py:3033} INFO - Sync 1 DAGs
[2023-12-20T17:22:33.147+0000] {logging_mixin.py:188} INFO - [2023-12-20T17:22:33.147+0000] {dag.py:3820} INFO - Setting next_dagrun for example_dynamic_task_mapping to 2022-03-04T00:00:00+00:00, run_after=2022-03-05T00:00:00+00:00
[2023-12-20T17:22:33.181+0000] {processor.py:183} INFO - Processing /home/airflow/.local/lib/python3.8/site-packages/airflow/example_dags/example_dynamic_task_mapping.py took 0.141 seconds
[2023-12-20T17:23:04.019+0000] {processor.py:161} INFO - Started process (PID=1336) to work on /home/airflow/.local/lib/python3.8/site-packages/airflow/example_dags/example_dynamic_task_mapping.py
[2023-12-20T17:23:04.021+0000] {processor.py:830} INFO - Processing file /home/airflow/.local/lib/python3.8/site-packages/airflow/example_dags/example_dynamic_task_mapping.py for tasks to queue
[2023-12-20T17:23:04.022+0000] {logging_mixin.py:188} INFO - [2023-12-20T17:23:04.022+0000] {dagbag.py:538} INFO - Filling up the DagBag from /home/airflow/.local/lib/python3.8/site-packages/airflow/example_dags/example_dynamic_task_mapping.py
[2023-12-20T17:23:04.041+0000] {processor.py:840} INFO - DAG(s) 'example_dynamic_task_mapping' retrieved from /home/airflow/.local/lib/python3.8/site-packages/airflow/example_dags/example_dynamic_task_mapping.py
[2023-12-20T17:23:04.093+0000] {logging_mixin.py:188} INFO - [2023-12-20T17:23:04.093+0000] {dag.py:3033} INFO - Sync 1 DAGs
[2023-12-20T17:23:04.214+0000] {logging_mixin.py:188} INFO - [2023-12-20T17:23:04.213+0000] {dag.py:3820} INFO - Setting next_dagrun for example_dynamic_task_mapping to 2022-03-04T00:00:00+00:00, run_after=2022-03-05T00:00:00+00:00
[2023-12-20T17:23:04.276+0000] {processor.py:183} INFO - Processing /home/airflow/.local/lib/python3.8/site-packages/airflow/example_dags/example_dynamic_task_mapping.py took 0.265 seconds
[2023-12-20T17:23:34.520+0000] {processor.py:161} INFO - Started process (PID=1583) to work on /home/airflow/.local/lib/python3.8/site-packages/airflow/example_dags/example_dynamic_task_mapping.py
[2023-12-20T17:23:34.521+0000] {processor.py:830} INFO - Processing file /home/airflow/.local/lib/python3.8/site-packages/airflow/example_dags/example_dynamic_task_mapping.py for tasks to queue
[2023-12-20T17:23:34.523+0000] {logging_mixin.py:188} INFO - [2023-12-20T17:23:34.522+0000] {dagbag.py:538} INFO - Filling up the DagBag from /home/airflow/.local/lib/python3.8/site-packages/airflow/example_dags/example_dynamic_task_mapping.py
[2023-12-20T17:23:34.537+0000] {processor.py:840} INFO - DAG(s) 'example_dynamic_task_mapping' retrieved from /home/airflow/.local/lib/python3.8/site-packages/airflow/example_dags/example_dynamic_task_mapping.py
[2023-12-20T17:23:34.565+0000] {logging_mixin.py:188} INFO - [2023-12-20T17:23:34.565+0000] {dag.py:3033} INFO - Sync 1 DAGs
[2023-12-20T17:23:34.596+0000] {logging_mixin.py:188} INFO - [2023-12-20T17:23:34.596+0000] {dag.py:3820} INFO - Setting next_dagrun for example_dynamic_task_mapping to 2022-03-04T00:00:00+00:00, run_after=2022-03-05T00:00:00+00:00
[2023-12-20T17:23:34.625+0000] {processor.py:183} INFO - Processing /home/airflow/.local/lib/python3.8/site-packages/airflow/example_dags/example_dynamic_task_mapping.py took 0.111 seconds
[2023-12-20T17:24:05.229+0000] {processor.py:161} INFO - Started process (PID=1830) to work on /home/airflow/.local/lib/python3.8/site-packages/airflow/example_dags/example_dynamic_task_mapping.py
[2023-12-20T17:24:05.230+0000] {processor.py:830} INFO - Processing file /home/airflow/.local/lib/python3.8/site-packages/airflow/example_dags/example_dynamic_task_mapping.py for tasks to queue
[2023-12-20T17:24:05.232+0000] {logging_mixin.py:188} INFO - [2023-12-20T17:24:05.231+0000] {dagbag.py:538} INFO - Filling up the DagBag from /home/airflow/.local/lib/python3.8/site-packages/airflow/example_dags/example_dynamic_task_mapping.py
[2023-12-20T17:24:05.249+0000] {processor.py:840} INFO - DAG(s) 'example_dynamic_task_mapping' retrieved from /home/airflow/.local/lib/python3.8/site-packages/airflow/example_dags/example_dynamic_task_mapping.py
[2023-12-20T17:24:05.292+0000] {logging_mixin.py:188} INFO - [2023-12-20T17:24:05.292+0000] {dag.py:3033} INFO - Sync 1 DAGs
[2023-12-20T17:24:05.326+0000] {logging_mixin.py:188} INFO - [2023-12-20T17:24:05.325+0000] {dag.py:3820} INFO - Setting next_dagrun for example_dynamic_task_mapping to 2022-03-04T00:00:00+00:00, run_after=2022-03-05T00:00:00+00:00
[2023-12-20T17:24:05.360+0000] {processor.py:183} INFO - Processing /home/airflow/.local/lib/python3.8/site-packages/airflow/example_dags/example_dynamic_task_mapping.py took 0.134 seconds
[2023-12-20T17:26:00.325+0000] {processor.py:161} INFO - Started process (PID=73) to work on /home/airflow/.local/lib/python3.8/site-packages/airflow/example_dags/example_dynamic_task_mapping.py
[2023-12-20T17:26:00.327+0000] {processor.py:830} INFO - Processing file /home/airflow/.local/lib/python3.8/site-packages/airflow/example_dags/example_dynamic_task_mapping.py for tasks to queue
[2023-12-20T17:26:00.331+0000] {logging_mixin.py:188} INFO - [2023-12-20T17:26:00.330+0000] {dagbag.py:538} INFO - Filling up the DagBag from /home/airflow/.local/lib/python3.8/site-packages/airflow/example_dags/example_dynamic_task_mapping.py
[2023-12-20T17:26:00.344+0000] {processor.py:840} INFO - DAG(s) 'example_dynamic_task_mapping' retrieved from /home/airflow/.local/lib/python3.8/site-packages/airflow/example_dags/example_dynamic_task_mapping.py
[2023-12-20T17:26:00.567+0000] {logging_mixin.py:188} INFO - [2023-12-20T17:26:00.566+0000] {dag.py:3033} INFO - Sync 1 DAGs
[2023-12-20T17:26:00.610+0000] {logging_mixin.py:188} INFO - [2023-12-20T17:26:00.610+0000] {dag.py:3820} INFO - Setting next_dagrun for example_dynamic_task_mapping to 2022-03-04T00:00:00+00:00, run_after=2022-03-05T00:00:00+00:00
[2023-12-20T17:26:00.641+0000] {processor.py:183} INFO - Processing /home/airflow/.local/lib/python3.8/site-packages/airflow/example_dags/example_dynamic_task_mapping.py took 0.322 seconds
[2023-12-20T17:26:30.919+0000] {processor.py:161} INFO - Started process (PID=127) to work on /home/airflow/.local/lib/python3.8/site-packages/airflow/example_dags/example_dynamic_task_mapping.py
[2023-12-20T17:26:30.923+0000] {processor.py:830} INFO - Processing file /home/airflow/.local/lib/python3.8/site-packages/airflow/example_dags/example_dynamic_task_mapping.py for tasks to queue
[2023-12-20T17:26:30.927+0000] {logging_mixin.py:188} INFO - [2023-12-20T17:26:30.927+0000] {dagbag.py:538} INFO - Filling up the DagBag from /home/airflow/.local/lib/python3.8/site-packages/airflow/example_dags/example_dynamic_task_mapping.py
[2023-12-20T17:26:30.954+0000] {processor.py:840} INFO - DAG(s) 'example_dynamic_task_mapping' retrieved from /home/airflow/.local/lib/python3.8/site-packages/airflow/example_dags/example_dynamic_task_mapping.py
[2023-12-20T17:26:31.010+0000] {logging_mixin.py:188} INFO - [2023-12-20T17:26:31.009+0000] {dag.py:3033} INFO - Sync 1 DAGs
[2023-12-20T17:26:31.080+0000] {logging_mixin.py:188} INFO - [2023-12-20T17:26:31.080+0000] {dag.py:3820} INFO - Setting next_dagrun for example_dynamic_task_mapping to 2022-03-04T00:00:00+00:00, run_after=2022-03-05T00:00:00+00:00
[2023-12-20T17:26:31.146+0000] {processor.py:183} INFO - Processing /home/airflow/.local/lib/python3.8/site-packages/airflow/example_dags/example_dynamic_task_mapping.py took 0.239 seconds
[2023-12-20T17:27:01.596+0000] {processor.py:161} INFO - Started process (PID=181) to work on /home/airflow/.local/lib/python3.8/site-packages/airflow/example_dags/example_dynamic_task_mapping.py
[2023-12-20T17:27:01.598+0000] {processor.py:830} INFO - Processing file /home/airflow/.local/lib/python3.8/site-packages/airflow/example_dags/example_dynamic_task_mapping.py for tasks to queue
[2023-12-20T17:27:01.601+0000] {logging_mixin.py:188} INFO - [2023-12-20T17:27:01.600+0000] {dagbag.py:538} INFO - Filling up the DagBag from /home/airflow/.local/lib/python3.8/site-packages/airflow/example_dags/example_dynamic_task_mapping.py
[2023-12-20T17:27:01.612+0000] {processor.py:840} INFO - DAG(s) 'example_dynamic_task_mapping' retrieved from /home/airflow/.local/lib/python3.8/site-packages/airflow/example_dags/example_dynamic_task_mapping.py
[2023-12-20T17:27:01.646+0000] {logging_mixin.py:188} INFO - [2023-12-20T17:27:01.646+0000] {dag.py:3033} INFO - Sync 1 DAGs
[2023-12-20T17:27:01.680+0000] {logging_mixin.py:188} INFO - [2023-12-20T17:27:01.679+0000] {dag.py:3820} INFO - Setting next_dagrun for example_dynamic_task_mapping to 2022-03-04T00:00:00+00:00, run_after=2022-03-05T00:00:00+00:00
[2023-12-20T17:27:01.711+0000] {processor.py:183} INFO - Processing /home/airflow/.local/lib/python3.8/site-packages/airflow/example_dags/example_dynamic_task_mapping.py took 0.120 seconds
[2023-12-20T17:27:32.293+0000] {processor.py:161} INFO - Started process (PID=236) to work on /home/airflow/.local/lib/python3.8/site-packages/airflow/example_dags/example_dynamic_task_mapping.py
[2023-12-20T17:27:32.294+0000] {processor.py:830} INFO - Processing file /home/airflow/.local/lib/python3.8/site-packages/airflow/example_dags/example_dynamic_task_mapping.py for tasks to queue
[2023-12-20T17:27:32.297+0000] {logging_mixin.py:188} INFO - [2023-12-20T17:27:32.296+0000] {dagbag.py:538} INFO - Filling up the DagBag from /home/airflow/.local/lib/python3.8/site-packages/airflow/example_dags/example_dynamic_task_mapping.py
[2023-12-20T17:27:32.307+0000] {processor.py:840} INFO - DAG(s) 'example_dynamic_task_mapping' retrieved from /home/airflow/.local/lib/python3.8/site-packages/airflow/example_dags/example_dynamic_task_mapping.py
[2023-12-20T17:27:32.342+0000] {logging_mixin.py:188} INFO - [2023-12-20T17:27:32.342+0000] {dag.py:3033} INFO - Sync 1 DAGs
[2023-12-20T17:27:32.369+0000] {logging_mixin.py:188} INFO - [2023-12-20T17:27:32.369+0000] {dag.py:3820} INFO - Setting next_dagrun for example_dynamic_task_mapping to 2022-03-04T00:00:00+00:00, run_after=2022-03-05T00:00:00+00:00
[2023-12-20T17:27:32.410+0000] {processor.py:183} INFO - Processing /home/airflow/.local/lib/python3.8/site-packages/airflow/example_dags/example_dynamic_task_mapping.py took 0.123 seconds
[2023-12-20T17:28:02.837+0000] {processor.py:161} INFO - Started process (PID=291) to work on /home/airflow/.local/lib/python3.8/site-packages/airflow/example_dags/example_dynamic_task_mapping.py
[2023-12-20T17:28:02.838+0000] {processor.py:830} INFO - Processing file /home/airflow/.local/lib/python3.8/site-packages/airflow/example_dags/example_dynamic_task_mapping.py for tasks to queue
[2023-12-20T17:28:02.842+0000] {logging_mixin.py:188} INFO - [2023-12-20T17:28:02.842+0000] {dagbag.py:538} INFO - Filling up the DagBag from /home/airflow/.local/lib/python3.8/site-packages/airflow/example_dags/example_dynamic_task_mapping.py
[2023-12-20T17:28:02.856+0000] {processor.py:840} INFO - DAG(s) 'example_dynamic_task_mapping' retrieved from /home/airflow/.local/lib/python3.8/site-packages/airflow/example_dags/example_dynamic_task_mapping.py
[2023-12-20T17:28:02.904+0000] {logging_mixin.py:188} INFO - [2023-12-20T17:28:02.903+0000] {dag.py:3033} INFO - Sync 1 DAGs
[2023-12-20T17:28:02.955+0000] {logging_mixin.py:188} INFO - [2023-12-20T17:28:02.955+0000] {dag.py:3820} INFO - Setting next_dagrun for example_dynamic_task_mapping to 2022-03-04T00:00:00+00:00, run_after=2022-03-05T00:00:00+00:00
[2023-12-20T17:28:03.010+0000] {processor.py:183} INFO - Processing /home/airflow/.local/lib/python3.8/site-packages/airflow/example_dags/example_dynamic_task_mapping.py took 0.181 seconds
[2023-12-20T17:28:33.276+0000] {processor.py:161} INFO - Started process (PID=345) to work on /home/airflow/.local/lib/python3.8/site-packages/airflow/example_dags/example_dynamic_task_mapping.py
[2023-12-20T17:28:33.278+0000] {processor.py:830} INFO - Processing file /home/airflow/.local/lib/python3.8/site-packages/airflow/example_dags/example_dynamic_task_mapping.py for tasks to queue
[2023-12-20T17:28:33.281+0000] {logging_mixin.py:188} INFO - [2023-12-20T17:28:33.281+0000] {dagbag.py:538} INFO - Filling up the DagBag from /home/airflow/.local/lib/python3.8/site-packages/airflow/example_dags/example_dynamic_task_mapping.py
[2023-12-20T17:28:33.297+0000] {processor.py:840} INFO - DAG(s) 'example_dynamic_task_mapping' retrieved from /home/airflow/.local/lib/python3.8/site-packages/airflow/example_dags/example_dynamic_task_mapping.py
[2023-12-20T17:28:33.343+0000] {logging_mixin.py:188} INFO - [2023-12-20T17:28:33.342+0000] {dag.py:3033} INFO - Sync 1 DAGs
[2023-12-20T17:28:33.411+0000] {logging_mixin.py:188} INFO - [2023-12-20T17:28:33.411+0000] {dag.py:3820} INFO - Setting next_dagrun for example_dynamic_task_mapping to 2022-03-04T00:00:00+00:00, run_after=2022-03-05T00:00:00+00:00
[2023-12-20T17:28:33.452+0000] {processor.py:183} INFO - Processing /home/airflow/.local/lib/python3.8/site-packages/airflow/example_dags/example_dynamic_task_mapping.py took 0.182 seconds
[2023-12-20T17:29:04.150+0000] {processor.py:161} INFO - Started process (PID=400) to work on /home/airflow/.local/lib/python3.8/site-packages/airflow/example_dags/example_dynamic_task_mapping.py
[2023-12-20T17:29:04.153+0000] {processor.py:830} INFO - Processing file /home/airflow/.local/lib/python3.8/site-packages/airflow/example_dags/example_dynamic_task_mapping.py for tasks to queue
[2023-12-20T17:29:04.157+0000] {logging_mixin.py:188} INFO - [2023-12-20T17:29:04.156+0000] {dagbag.py:538} INFO - Filling up the DagBag from /home/airflow/.local/lib/python3.8/site-packages/airflow/example_dags/example_dynamic_task_mapping.py
[2023-12-20T17:29:04.168+0000] {processor.py:840} INFO - DAG(s) 'example_dynamic_task_mapping' retrieved from /home/airflow/.local/lib/python3.8/site-packages/airflow/example_dags/example_dynamic_task_mapping.py
[2023-12-20T17:29:04.209+0000] {logging_mixin.py:188} INFO - [2023-12-20T17:29:04.208+0000] {dag.py:3033} INFO - Sync 1 DAGs
[2023-12-20T17:29:04.265+0000] {logging_mixin.py:188} INFO - [2023-12-20T17:29:04.265+0000] {dag.py:3820} INFO - Setting next_dagrun for example_dynamic_task_mapping to 2022-03-04T00:00:00+00:00, run_after=2022-03-05T00:00:00+00:00
[2023-12-20T17:29:04.305+0000] {processor.py:183} INFO - Processing /home/airflow/.local/lib/python3.8/site-packages/airflow/example_dags/example_dynamic_task_mapping.py took 0.163 seconds
[2023-12-20T17:29:34.685+0000] {processor.py:161} INFO - Started process (PID=455) to work on /home/airflow/.local/lib/python3.8/site-packages/airflow/example_dags/example_dynamic_task_mapping.py
[2023-12-20T17:29:34.687+0000] {processor.py:830} INFO - Processing file /home/airflow/.local/lib/python3.8/site-packages/airflow/example_dags/example_dynamic_task_mapping.py for tasks to queue
[2023-12-20T17:29:34.690+0000] {logging_mixin.py:188} INFO - [2023-12-20T17:29:34.690+0000] {dagbag.py:538} INFO - Filling up the DagBag from /home/airflow/.local/lib/python3.8/site-packages/airflow/example_dags/example_dynamic_task_mapping.py
[2023-12-20T17:29:34.702+0000] {processor.py:840} INFO - DAG(s) 'example_dynamic_task_mapping' retrieved from /home/airflow/.local/lib/python3.8/site-packages/airflow/example_dags/example_dynamic_task_mapping.py
[2023-12-20T17:29:34.737+0000] {logging_mixin.py:188} INFO - [2023-12-20T17:29:34.737+0000] {dag.py:3033} INFO - Sync 1 DAGs
[2023-12-20T17:29:34.771+0000] {logging_mixin.py:188} INFO - [2023-12-20T17:29:34.771+0000] {dag.py:3820} INFO - Setting next_dagrun for example_dynamic_task_mapping to 2022-03-04T00:00:00+00:00, run_after=2022-03-05T00:00:00+00:00
[2023-12-20T17:29:34.811+0000] {processor.py:183} INFO - Processing /home/airflow/.local/lib/python3.8/site-packages/airflow/example_dags/example_dynamic_task_mapping.py took 0.137 seconds
[2023-12-20T17:30:07.295+0000] {processor.py:161} INFO - Started process (PID=510) to work on /home/airflow/.local/lib/python3.8/site-packages/airflow/example_dags/example_dynamic_task_mapping.py
[2023-12-20T17:30:07.304+0000] {processor.py:830} INFO - Processing file /home/airflow/.local/lib/python3.8/site-packages/airflow/example_dags/example_dynamic_task_mapping.py for tasks to queue
[2023-12-20T17:30:07.308+0000] {logging_mixin.py:188} INFO - [2023-12-20T17:30:07.307+0000] {dagbag.py:538} INFO - Filling up the DagBag from /home/airflow/.local/lib/python3.8/site-packages/airflow/example_dags/example_dynamic_task_mapping.py
[2023-12-20T17:30:07.334+0000] {processor.py:840} INFO - DAG(s) 'example_dynamic_task_mapping' retrieved from /home/airflow/.local/lib/python3.8/site-packages/airflow/example_dags/example_dynamic_task_mapping.py
[2023-12-20T17:30:07.423+0000] {logging_mixin.py:188} INFO - [2023-12-20T17:30:07.423+0000] {dag.py:3033} INFO - Sync 1 DAGs
[2023-12-20T17:30:07.476+0000] {logging_mixin.py:188} INFO - [2023-12-20T17:30:07.475+0000] {dag.py:3820} INFO - Setting next_dagrun for example_dynamic_task_mapping to 2022-03-04T00:00:00+00:00, run_after=2022-03-05T00:00:00+00:00
[2023-12-20T17:30:07.563+0000] {processor.py:183} INFO - Processing /home/airflow/.local/lib/python3.8/site-packages/airflow/example_dags/example_dynamic_task_mapping.py took 0.284 seconds
[2023-12-20T17:30:37.753+0000] {processor.py:161} INFO - Started process (PID=565) to work on /home/airflow/.local/lib/python3.8/site-packages/airflow/example_dags/example_dynamic_task_mapping.py
[2023-12-20T17:30:37.755+0000] {processor.py:830} INFO - Processing file /home/airflow/.local/lib/python3.8/site-packages/airflow/example_dags/example_dynamic_task_mapping.py for tasks to queue
[2023-12-20T17:30:37.758+0000] {logging_mixin.py:188} INFO - [2023-12-20T17:30:37.758+0000] {dagbag.py:538} INFO - Filling up the DagBag from /home/airflow/.local/lib/python3.8/site-packages/airflow/example_dags/example_dynamic_task_mapping.py
[2023-12-20T17:30:37.771+0000] {processor.py:840} INFO - DAG(s) 'example_dynamic_task_mapping' retrieved from /home/airflow/.local/lib/python3.8/site-packages/airflow/example_dags/example_dynamic_task_mapping.py
[2023-12-20T17:30:37.839+0000] {logging_mixin.py:188} INFO - [2023-12-20T17:30:37.839+0000] {dag.py:3033} INFO - Sync 1 DAGs
[2023-12-20T17:30:37.924+0000] {logging_mixin.py:188} INFO - [2023-12-20T17:30:37.918+0000] {dag.py:3820} INFO - Setting next_dagrun for example_dynamic_task_mapping to 2022-03-04T00:00:00+00:00, run_after=2022-03-05T00:00:00+00:00
[2023-12-20T17:30:37.975+0000] {processor.py:183} INFO - Processing /home/airflow/.local/lib/python3.8/site-packages/airflow/example_dags/example_dynamic_task_mapping.py took 0.228 seconds
[2023-12-20T17:31:08.180+0000] {processor.py:161} INFO - Started process (PID=620) to work on /home/airflow/.local/lib/python3.8/site-packages/airflow/example_dags/example_dynamic_task_mapping.py
[2023-12-20T17:31:08.182+0000] {processor.py:830} INFO - Processing file /home/airflow/.local/lib/python3.8/site-packages/airflow/example_dags/example_dynamic_task_mapping.py for tasks to queue
[2023-12-20T17:31:08.186+0000] {logging_mixin.py:188} INFO - [2023-12-20T17:31:08.185+0000] {dagbag.py:538} INFO - Filling up the DagBag from /home/airflow/.local/lib/python3.8/site-packages/airflow/example_dags/example_dynamic_task_mapping.py
[2023-12-20T17:31:08.198+0000] {processor.py:840} INFO - DAG(s) 'example_dynamic_task_mapping' retrieved from /home/airflow/.local/lib/python3.8/site-packages/airflow/example_dags/example_dynamic_task_mapping.py
[2023-12-20T17:31:08.241+0000] {logging_mixin.py:188} INFO - [2023-12-20T17:31:08.240+0000] {dag.py:3033} INFO - Sync 1 DAGs
[2023-12-20T17:31:08.297+0000] {logging_mixin.py:188} INFO - [2023-12-20T17:31:08.297+0000] {dag.py:3820} INFO - Setting next_dagrun for example_dynamic_task_mapping to 2022-03-04T00:00:00+00:00, run_after=2022-03-05T00:00:00+00:00
[2023-12-20T17:31:08.356+0000] {processor.py:183} INFO - Processing /home/airflow/.local/lib/python3.8/site-packages/airflow/example_dags/example_dynamic_task_mapping.py took 0.183 seconds
[2023-12-20T17:31:39.092+0000] {processor.py:161} INFO - Started process (PID=674) to work on /home/airflow/.local/lib/python3.8/site-packages/airflow/example_dags/example_dynamic_task_mapping.py
[2023-12-20T17:31:39.094+0000] {processor.py:830} INFO - Processing file /home/airflow/.local/lib/python3.8/site-packages/airflow/example_dags/example_dynamic_task_mapping.py for tasks to queue
[2023-12-20T17:31:39.099+0000] {logging_mixin.py:188} INFO - [2023-12-20T17:31:39.098+0000] {dagbag.py:538} INFO - Filling up the DagBag from /home/airflow/.local/lib/python3.8/site-packages/airflow/example_dags/example_dynamic_task_mapping.py
[2023-12-20T17:31:39.112+0000] {processor.py:840} INFO - DAG(s) 'example_dynamic_task_mapping' retrieved from /home/airflow/.local/lib/python3.8/site-packages/airflow/example_dags/example_dynamic_task_mapping.py
[2023-12-20T17:31:39.166+0000] {logging_mixin.py:188} INFO - [2023-12-20T17:31:39.165+0000] {dag.py:3033} INFO - Sync 1 DAGs
[2023-12-20T17:31:39.218+0000] {logging_mixin.py:188} INFO - [2023-12-20T17:31:39.217+0000] {dag.py:3820} INFO - Setting next_dagrun for example_dynamic_task_mapping to 2022-03-04T00:00:00+00:00, run_after=2022-03-05T00:00:00+00:00
[2023-12-20T17:31:39.259+0000] {processor.py:183} INFO - Processing /home/airflow/.local/lib/python3.8/site-packages/airflow/example_dags/example_dynamic_task_mapping.py took 0.176 seconds
[2023-12-20T17:32:09.943+0000] {processor.py:161} INFO - Started process (PID=729) to work on /home/airflow/.local/lib/python3.8/site-packages/airflow/example_dags/example_dynamic_task_mapping.py
[2023-12-20T17:32:09.944+0000] {processor.py:830} INFO - Processing file /home/airflow/.local/lib/python3.8/site-packages/airflow/example_dags/example_dynamic_task_mapping.py for tasks to queue
[2023-12-20T17:32:09.950+0000] {logging_mixin.py:188} INFO - [2023-12-20T17:32:09.950+0000] {dagbag.py:538} INFO - Filling up the DagBag from /home/airflow/.local/lib/python3.8/site-packages/airflow/example_dags/example_dynamic_task_mapping.py
[2023-12-20T17:32:09.965+0000] {processor.py:840} INFO - DAG(s) 'example_dynamic_task_mapping' retrieved from /home/airflow/.local/lib/python3.8/site-packages/airflow/example_dags/example_dynamic_task_mapping.py
[2023-12-20T17:32:10.017+0000] {logging_mixin.py:188} INFO - [2023-12-20T17:32:10.016+0000] {dag.py:3033} INFO - Sync 1 DAGs
[2023-12-20T17:32:10.069+0000] {logging_mixin.py:188} INFO - [2023-12-20T17:32:10.069+0000] {dag.py:3820} INFO - Setting next_dagrun for example_dynamic_task_mapping to 2022-03-04T00:00:00+00:00, run_after=2022-03-05T00:00:00+00:00
[2023-12-20T17:32:10.113+0000] {processor.py:183} INFO - Processing /home/airflow/.local/lib/python3.8/site-packages/airflow/example_dags/example_dynamic_task_mapping.py took 0.175 seconds
[2023-12-20T17:32:40.517+0000] {processor.py:161} INFO - Started process (PID=784) to work on /home/airflow/.local/lib/python3.8/site-packages/airflow/example_dags/example_dynamic_task_mapping.py
[2023-12-20T17:32:40.519+0000] {processor.py:830} INFO - Processing file /home/airflow/.local/lib/python3.8/site-packages/airflow/example_dags/example_dynamic_task_mapping.py for tasks to queue
[2023-12-20T17:32:40.521+0000] {logging_mixin.py:188} INFO - [2023-12-20T17:32:40.521+0000] {dagbag.py:538} INFO - Filling up the DagBag from /home/airflow/.local/lib/python3.8/site-packages/airflow/example_dags/example_dynamic_task_mapping.py
[2023-12-20T17:32:40.532+0000] {processor.py:840} INFO - DAG(s) 'example_dynamic_task_mapping' retrieved from /home/airflow/.local/lib/python3.8/site-packages/airflow/example_dags/example_dynamic_task_mapping.py
[2023-12-20T17:32:40.565+0000] {logging_mixin.py:188} INFO - [2023-12-20T17:32:40.565+0000] {dag.py:3033} INFO - Sync 1 DAGs
[2023-12-20T17:32:40.606+0000] {logging_mixin.py:188} INFO - [2023-12-20T17:32:40.606+0000] {dag.py:3820} INFO - Setting next_dagrun for example_dynamic_task_mapping to 2022-03-04T00:00:00+00:00, run_after=2022-03-05T00:00:00+00:00
[2023-12-20T17:32:40.651+0000] {processor.py:183} INFO - Processing /home/airflow/.local/lib/python3.8/site-packages/airflow/example_dags/example_dynamic_task_mapping.py took 0.139 seconds
[2023-12-20T17:33:11.469+0000] {processor.py:161} INFO - Started process (PID=840) to work on /home/airflow/.local/lib/python3.8/site-packages/airflow/example_dags/example_dynamic_task_mapping.py
[2023-12-20T17:33:11.471+0000] {processor.py:830} INFO - Processing file /home/airflow/.local/lib/python3.8/site-packages/airflow/example_dags/example_dynamic_task_mapping.py for tasks to queue
[2023-12-20T17:33:11.476+0000] {logging_mixin.py:188} INFO - [2023-12-20T17:33:11.475+0000] {dagbag.py:538} INFO - Filling up the DagBag from /home/airflow/.local/lib/python3.8/site-packages/airflow/example_dags/example_dynamic_task_mapping.py
[2023-12-20T17:33:11.489+0000] {processor.py:840} INFO - DAG(s) 'example_dynamic_task_mapping' retrieved from /home/airflow/.local/lib/python3.8/site-packages/airflow/example_dags/example_dynamic_task_mapping.py
[2023-12-20T17:33:11.532+0000] {logging_mixin.py:188} INFO - [2023-12-20T17:33:11.532+0000] {dag.py:3033} INFO - Sync 1 DAGs
[2023-12-20T17:33:11.587+0000] {logging_mixin.py:188} INFO - [2023-12-20T17:33:11.587+0000] {dag.py:3820} INFO - Setting next_dagrun for example_dynamic_task_mapping to 2022-03-04T00:00:00+00:00, run_after=2022-03-05T00:00:00+00:00
[2023-12-20T17:33:11.638+0000] {processor.py:183} INFO - Processing /home/airflow/.local/lib/python3.8/site-packages/airflow/example_dags/example_dynamic_task_mapping.py took 0.174 seconds
[2023-12-20T17:33:42.232+0000] {processor.py:161} INFO - Started process (PID=895) to work on /home/airflow/.local/lib/python3.8/site-packages/airflow/example_dags/example_dynamic_task_mapping.py
[2023-12-20T17:33:42.239+0000] {processor.py:830} INFO - Processing file /home/airflow/.local/lib/python3.8/site-packages/airflow/example_dags/example_dynamic_task_mapping.py for tasks to queue
[2023-12-20T17:33:42.243+0000] {logging_mixin.py:188} INFO - [2023-12-20T17:33:42.242+0000] {dagbag.py:538} INFO - Filling up the DagBag from /home/airflow/.local/lib/python3.8/site-packages/airflow/example_dags/example_dynamic_task_mapping.py
[2023-12-20T17:33:42.256+0000] {processor.py:840} INFO - DAG(s) 'example_dynamic_task_mapping' retrieved from /home/airflow/.local/lib/python3.8/site-packages/airflow/example_dags/example_dynamic_task_mapping.py
[2023-12-20T17:33:42.296+0000] {logging_mixin.py:188} INFO - [2023-12-20T17:33:42.296+0000] {dag.py:3033} INFO - Sync 1 DAGs
[2023-12-20T17:33:42.364+0000] {logging_mixin.py:188} INFO - [2023-12-20T17:33:42.364+0000] {dag.py:3820} INFO - Setting next_dagrun for example_dynamic_task_mapping to 2022-03-04T00:00:00+00:00, run_after=2022-03-05T00:00:00+00:00
[2023-12-20T17:33:42.407+0000] {processor.py:183} INFO - Processing /home/airflow/.local/lib/python3.8/site-packages/airflow/example_dags/example_dynamic_task_mapping.py took 0.181 seconds
[2023-12-20T17:34:13.282+0000] {processor.py:161} INFO - Started process (PID=950) to work on /home/airflow/.local/lib/python3.8/site-packages/airflow/example_dags/example_dynamic_task_mapping.py
[2023-12-20T17:34:13.286+0000] {processor.py:830} INFO - Processing file /home/airflow/.local/lib/python3.8/site-packages/airflow/example_dags/example_dynamic_task_mapping.py for tasks to queue
[2023-12-20T17:34:13.290+0000] {logging_mixin.py:188} INFO - [2023-12-20T17:34:13.289+0000] {dagbag.py:538} INFO - Filling up the DagBag from /home/airflow/.local/lib/python3.8/site-packages/airflow/example_dags/example_dynamic_task_mapping.py
[2023-12-20T17:34:13.304+0000] {processor.py:840} INFO - DAG(s) 'example_dynamic_task_mapping' retrieved from /home/airflow/.local/lib/python3.8/site-packages/airflow/example_dags/example_dynamic_task_mapping.py
[2023-12-20T17:34:13.351+0000] {logging_mixin.py:188} INFO - [2023-12-20T17:34:13.351+0000] {dag.py:3033} INFO - Sync 1 DAGs
[2023-12-20T17:34:13.409+0000] {logging_mixin.py:188} INFO - [2023-12-20T17:34:13.409+0000] {dag.py:3820} INFO - Setting next_dagrun for example_dynamic_task_mapping to 2022-03-04T00:00:00+00:00, run_after=2022-03-05T00:00:00+00:00
[2023-12-20T17:34:13.448+0000] {processor.py:183} INFO - Processing /home/airflow/.local/lib/python3.8/site-packages/airflow/example_dags/example_dynamic_task_mapping.py took 0.176 seconds
[2023-12-20T17:34:43.786+0000] {processor.py:161} INFO - Started process (PID=1005) to work on /home/airflow/.local/lib/python3.8/site-packages/airflow/example_dags/example_dynamic_task_mapping.py
[2023-12-20T17:34:43.794+0000] {processor.py:830} INFO - Processing file /home/airflow/.local/lib/python3.8/site-packages/airflow/example_dags/example_dynamic_task_mapping.py for tasks to queue
[2023-12-20T17:34:43.799+0000] {logging_mixin.py:188} INFO - [2023-12-20T17:34:43.798+0000] {dagbag.py:538} INFO - Filling up the DagBag from /home/airflow/.local/lib/python3.8/site-packages/airflow/example_dags/example_dynamic_task_mapping.py
[2023-12-20T17:34:43.816+0000] {processor.py:840} INFO - DAG(s) 'example_dynamic_task_mapping' retrieved from /home/airflow/.local/lib/python3.8/site-packages/airflow/example_dags/example_dynamic_task_mapping.py
[2023-12-20T17:34:43.866+0000] {logging_mixin.py:188} INFO - [2023-12-20T17:34:43.866+0000] {dag.py:3033} INFO - Sync 1 DAGs
[2023-12-20T17:34:43.919+0000] {logging_mixin.py:188} INFO - [2023-12-20T17:34:43.918+0000] {dag.py:3820} INFO - Setting next_dagrun for example_dynamic_task_mapping to 2022-03-04T00:00:00+00:00, run_after=2022-03-05T00:00:00+00:00
[2023-12-20T17:34:43.968+0000] {processor.py:183} INFO - Processing /home/airflow/.local/lib/python3.8/site-packages/airflow/example_dags/example_dynamic_task_mapping.py took 0.199 seconds
[2023-12-20T17:35:14.206+0000] {processor.py:161} INFO - Started process (PID=1059) to work on /home/airflow/.local/lib/python3.8/site-packages/airflow/example_dags/example_dynamic_task_mapping.py
[2023-12-20T17:35:14.208+0000] {processor.py:830} INFO - Processing file /home/airflow/.local/lib/python3.8/site-packages/airflow/example_dags/example_dynamic_task_mapping.py for tasks to queue
[2023-12-20T17:35:14.211+0000] {logging_mixin.py:188} INFO - [2023-12-20T17:35:14.211+0000] {dagbag.py:538} INFO - Filling up the DagBag from /home/airflow/.local/lib/python3.8/site-packages/airflow/example_dags/example_dynamic_task_mapping.py
[2023-12-20T17:35:14.225+0000] {processor.py:840} INFO - DAG(s) 'example_dynamic_task_mapping' retrieved from /home/airflow/.local/lib/python3.8/site-packages/airflow/example_dags/example_dynamic_task_mapping.py
[2023-12-20T17:35:14.283+0000] {logging_mixin.py:188} INFO - [2023-12-20T17:35:14.283+0000] {dag.py:3033} INFO - Sync 1 DAGs
[2023-12-20T17:35:14.366+0000] {logging_mixin.py:188} INFO - [2023-12-20T17:35:14.366+0000] {dag.py:3820} INFO - Setting next_dagrun for example_dynamic_task_mapping to 2022-03-04T00:00:00+00:00, run_after=2022-03-05T00:00:00+00:00
[2023-12-20T17:35:14.409+0000] {processor.py:183} INFO - Processing /home/airflow/.local/lib/python3.8/site-packages/airflow/example_dags/example_dynamic_task_mapping.py took 0.209 seconds
[2023-12-20T17:35:44.547+0000] {processor.py:161} INFO - Started process (PID=1114) to work on /home/airflow/.local/lib/python3.8/site-packages/airflow/example_dags/example_dynamic_task_mapping.py
[2023-12-20T17:35:44.550+0000] {processor.py:830} INFO - Processing file /home/airflow/.local/lib/python3.8/site-packages/airflow/example_dags/example_dynamic_task_mapping.py for tasks to queue
[2023-12-20T17:35:44.554+0000] {logging_mixin.py:188} INFO - [2023-12-20T17:35:44.554+0000] {dagbag.py:538} INFO - Filling up the DagBag from /home/airflow/.local/lib/python3.8/site-packages/airflow/example_dags/example_dynamic_task_mapping.py
[2023-12-20T17:35:44.567+0000] {processor.py:840} INFO - DAG(s) 'example_dynamic_task_mapping' retrieved from /home/airflow/.local/lib/python3.8/site-packages/airflow/example_dags/example_dynamic_task_mapping.py
[2023-12-20T17:35:44.617+0000] {logging_mixin.py:188} INFO - [2023-12-20T17:35:44.611+0000] {dag.py:3033} INFO - Sync 1 DAGs
[2023-12-20T17:35:44.756+0000] {logging_mixin.py:188} INFO - [2023-12-20T17:35:44.756+0000] {dag.py:3820} INFO - Setting next_dagrun for example_dynamic_task_mapping to 2022-03-04T00:00:00+00:00, run_after=2022-03-05T00:00:00+00:00
[2023-12-20T17:35:44.797+0000] {processor.py:183} INFO - Processing /home/airflow/.local/lib/python3.8/site-packages/airflow/example_dags/example_dynamic_task_mapping.py took 0.257 seconds
[2023-12-20T17:36:14.955+0000] {processor.py:161} INFO - Started process (PID=1169) to work on /home/airflow/.local/lib/python3.8/site-packages/airflow/example_dags/example_dynamic_task_mapping.py
[2023-12-20T17:36:14.956+0000] {processor.py:830} INFO - Processing file /home/airflow/.local/lib/python3.8/site-packages/airflow/example_dags/example_dynamic_task_mapping.py for tasks to queue
[2023-12-20T17:36:14.959+0000] {logging_mixin.py:188} INFO - [2023-12-20T17:36:14.959+0000] {dagbag.py:538} INFO - Filling up the DagBag from /home/airflow/.local/lib/python3.8/site-packages/airflow/example_dags/example_dynamic_task_mapping.py
[2023-12-20T17:36:14.971+0000] {processor.py:840} INFO - DAG(s) 'example_dynamic_task_mapping' retrieved from /home/airflow/.local/lib/python3.8/site-packages/airflow/example_dags/example_dynamic_task_mapping.py
[2023-12-20T17:36:15.007+0000] {logging_mixin.py:188} INFO - [2023-12-20T17:36:15.007+0000] {dag.py:3033} INFO - Sync 1 DAGs
[2023-12-20T17:36:15.044+0000] {logging_mixin.py:188} INFO - [2023-12-20T17:36:15.044+0000] {dag.py:3820} INFO - Setting next_dagrun for example_dynamic_task_mapping to 2022-03-04T00:00:00+00:00, run_after=2022-03-05T00:00:00+00:00
[2023-12-20T17:36:15.077+0000] {processor.py:183} INFO - Processing /home/airflow/.local/lib/python3.8/site-packages/airflow/example_dags/example_dynamic_task_mapping.py took 0.132 seconds
[2023-12-20T17:36:45.279+0000] {processor.py:161} INFO - Started process (PID=1224) to work on /home/airflow/.local/lib/python3.8/site-packages/airflow/example_dags/example_dynamic_task_mapping.py
[2023-12-20T17:36:45.280+0000] {processor.py:830} INFO - Processing file /home/airflow/.local/lib/python3.8/site-packages/airflow/example_dags/example_dynamic_task_mapping.py for tasks to queue
[2023-12-20T17:36:45.283+0000] {logging_mixin.py:188} INFO - [2023-12-20T17:36:45.283+0000] {dagbag.py:538} INFO - Filling up the DagBag from /home/airflow/.local/lib/python3.8/site-packages/airflow/example_dags/example_dynamic_task_mapping.py
[2023-12-20T17:36:45.293+0000] {processor.py:840} INFO - DAG(s) 'example_dynamic_task_mapping' retrieved from /home/airflow/.local/lib/python3.8/site-packages/airflow/example_dags/example_dynamic_task_mapping.py
[2023-12-20T17:36:45.325+0000] {logging_mixin.py:188} INFO - [2023-12-20T17:36:45.325+0000] {dag.py:3033} INFO - Sync 1 DAGs
[2023-12-20T17:36:45.361+0000] {logging_mixin.py:188} INFO - [2023-12-20T17:36:45.360+0000] {dag.py:3820} INFO - Setting next_dagrun for example_dynamic_task_mapping to 2022-03-04T00:00:00+00:00, run_after=2022-03-05T00:00:00+00:00
[2023-12-20T17:36:45.391+0000] {processor.py:183} INFO - Processing /home/airflow/.local/lib/python3.8/site-packages/airflow/example_dags/example_dynamic_task_mapping.py took 0.118 seconds
[2023-12-20T17:37:16.343+0000] {processor.py:161} INFO - Started process (PID=1278) to work on /home/airflow/.local/lib/python3.8/site-packages/airflow/example_dags/example_dynamic_task_mapping.py
[2023-12-20T17:37:16.345+0000] {processor.py:830} INFO - Processing file /home/airflow/.local/lib/python3.8/site-packages/airflow/example_dags/example_dynamic_task_mapping.py for tasks to queue
[2023-12-20T17:37:16.349+0000] {logging_mixin.py:188} INFO - [2023-12-20T17:37:16.348+0000] {dagbag.py:538} INFO - Filling up the DagBag from /home/airflow/.local/lib/python3.8/site-packages/airflow/example_dags/example_dynamic_task_mapping.py
[2023-12-20T17:37:16.381+0000] {processor.py:840} INFO - DAG(s) 'example_dynamic_task_mapping' retrieved from /home/airflow/.local/lib/python3.8/site-packages/airflow/example_dags/example_dynamic_task_mapping.py
[2023-12-20T17:37:16.501+0000] {logging_mixin.py:188} INFO - [2023-12-20T17:37:16.501+0000] {dag.py:3033} INFO - Sync 1 DAGs
[2023-12-20T17:37:16.629+0000] {logging_mixin.py:188} INFO - [2023-12-20T17:37:16.628+0000] {dag.py:3820} INFO - Setting next_dagrun for example_dynamic_task_mapping to 2022-03-04T00:00:00+00:00, run_after=2022-03-05T00:00:00+00:00
[2023-12-20T17:37:16.739+0000] {processor.py:183} INFO - Processing /home/airflow/.local/lib/python3.8/site-packages/airflow/example_dags/example_dynamic_task_mapping.py took 0.411 seconds
