[2023-12-20T17:20:47.733+0000] {processor.py:161} INFO - Started process (PID=175) to work on /home/airflow/.local/lib/python3.8/site-packages/airflow/example_dags/example_branch_day_of_week_operator.py
[2023-12-20T17:20:47.734+0000] {processor.py:830} INFO - Processing file /home/airflow/.local/lib/python3.8/site-packages/airflow/example_dags/example_branch_day_of_week_operator.py for tasks to queue
[2023-12-20T17:20:47.741+0000] {logging_mixin.py:188} INFO - [2023-12-20T17:20:47.741+0000] {dagbag.py:538} INFO - Filling up the DagBag from /home/airflow/.local/lib/python3.8/site-packages/airflow/example_dags/example_branch_day_of_week_operator.py
[2023-12-20T17:20:47.768+0000] {processor.py:840} INFO - DAG(s) 'example_weekday_branch_operator' retrieved from /home/airflow/.local/lib/python3.8/site-packages/airflow/example_dags/example_branch_day_of_week_operator.py
[2023-12-20T17:20:48.038+0000] {logging_mixin.py:188} INFO - [2023-12-20T17:20:48.037+0000] {dag.py:3033} INFO - Sync 1 DAGs
[2023-12-20T17:20:48.081+0000] {logging_mixin.py:188} INFO - [2023-12-20T17:20:48.081+0000] {dag.py:3820} INFO - Setting next_dagrun for example_weekday_branch_operator to 2023-12-19T00:00:00+00:00, run_after=2023-12-20T00:00:00+00:00
[2023-12-20T17:20:48.138+0000] {processor.py:183} INFO - Processing /home/airflow/.local/lib/python3.8/site-packages/airflow/example_dags/example_branch_day_of_week_operator.py took 0.425 seconds
[2023-12-20T17:21:18.355+0000] {processor.py:161} INFO - Started process (PID=422) to work on /home/airflow/.local/lib/python3.8/site-packages/airflow/example_dags/example_branch_day_of_week_operator.py
[2023-12-20T17:21:18.356+0000] {processor.py:830} INFO - Processing file /home/airflow/.local/lib/python3.8/site-packages/airflow/example_dags/example_branch_day_of_week_operator.py for tasks to queue
[2023-12-20T17:21:18.357+0000] {logging_mixin.py:188} INFO - [2023-12-20T17:21:18.357+0000] {dagbag.py:538} INFO - Filling up the DagBag from /home/airflow/.local/lib/python3.8/site-packages/airflow/example_dags/example_branch_day_of_week_operator.py
[2023-12-20T17:21:18.366+0000] {processor.py:840} INFO - DAG(s) 'example_weekday_branch_operator' retrieved from /home/airflow/.local/lib/python3.8/site-packages/airflow/example_dags/example_branch_day_of_week_operator.py
[2023-12-20T17:21:18.395+0000] {logging_mixin.py:188} INFO - [2023-12-20T17:21:18.395+0000] {dag.py:3033} INFO - Sync 1 DAGs
[2023-12-20T17:21:18.425+0000] {logging_mixin.py:188} INFO - [2023-12-20T17:21:18.425+0000] {dag.py:3820} INFO - Setting next_dagrun for example_weekday_branch_operator to 2023-12-19T00:00:00+00:00, run_after=2023-12-20T00:00:00+00:00
[2023-12-20T17:21:18.456+0000] {processor.py:183} INFO - Processing /home/airflow/.local/lib/python3.8/site-packages/airflow/example_dags/example_branch_day_of_week_operator.py took 0.105 seconds
[2023-12-20T17:21:49.108+0000] {processor.py:161} INFO - Started process (PID=667) to work on /home/airflow/.local/lib/python3.8/site-packages/airflow/example_dags/example_branch_day_of_week_operator.py
[2023-12-20T17:21:49.110+0000] {processor.py:830} INFO - Processing file /home/airflow/.local/lib/python3.8/site-packages/airflow/example_dags/example_branch_day_of_week_operator.py for tasks to queue
[2023-12-20T17:21:49.111+0000] {logging_mixin.py:188} INFO - [2023-12-20T17:21:49.111+0000] {dagbag.py:538} INFO - Filling up the DagBag from /home/airflow/.local/lib/python3.8/site-packages/airflow/example_dags/example_branch_day_of_week_operator.py
[2023-12-20T17:21:49.128+0000] {processor.py:840} INFO - DAG(s) 'example_weekday_branch_operator' retrieved from /home/airflow/.local/lib/python3.8/site-packages/airflow/example_dags/example_branch_day_of_week_operator.py
[2023-12-20T17:21:49.172+0000] {logging_mixin.py:188} INFO - [2023-12-20T17:21:49.172+0000] {dag.py:3033} INFO - Sync 1 DAGs
[2023-12-20T17:21:49.219+0000] {logging_mixin.py:188} INFO - [2023-12-20T17:21:49.218+0000] {dag.py:3820} INFO - Setting next_dagrun for example_weekday_branch_operator to 2023-12-19T00:00:00+00:00, run_after=2023-12-20T00:00:00+00:00
[2023-12-20T17:21:49.251+0000] {processor.py:183} INFO - Processing /home/airflow/.local/lib/python3.8/site-packages/airflow/example_dags/example_branch_day_of_week_operator.py took 0.149 seconds
[2023-12-20T17:22:19.331+0000] {processor.py:161} INFO - Started process (PID=915) to work on /home/airflow/.local/lib/python3.8/site-packages/airflow/example_dags/example_branch_day_of_week_operator.py
[2023-12-20T17:22:19.332+0000] {processor.py:830} INFO - Processing file /home/airflow/.local/lib/python3.8/site-packages/airflow/example_dags/example_branch_day_of_week_operator.py for tasks to queue
[2023-12-20T17:22:19.333+0000] {logging_mixin.py:188} INFO - [2023-12-20T17:22:19.333+0000] {dagbag.py:538} INFO - Filling up the DagBag from /home/airflow/.local/lib/python3.8/site-packages/airflow/example_dags/example_branch_day_of_week_operator.py
[2023-12-20T17:22:19.341+0000] {processor.py:840} INFO - DAG(s) 'example_weekday_branch_operator' retrieved from /home/airflow/.local/lib/python3.8/site-packages/airflow/example_dags/example_branch_day_of_week_operator.py
[2023-12-20T17:22:19.371+0000] {logging_mixin.py:188} INFO - [2023-12-20T17:22:19.370+0000] {dag.py:3033} INFO - Sync 1 DAGs
[2023-12-20T17:22:19.423+0000] {logging_mixin.py:188} INFO - [2023-12-20T17:22:19.422+0000] {dag.py:3820} INFO - Setting next_dagrun for example_weekday_branch_operator to 2023-12-19T00:00:00+00:00, run_after=2023-12-20T00:00:00+00:00
[2023-12-20T17:22:19.458+0000] {processor.py:183} INFO - Processing /home/airflow/.local/lib/python3.8/site-packages/airflow/example_dags/example_branch_day_of_week_operator.py took 0.132 seconds
[2023-12-20T17:22:49.761+0000] {processor.py:161} INFO - Started process (PID=1160) to work on /home/airflow/.local/lib/python3.8/site-packages/airflow/example_dags/example_branch_day_of_week_operator.py
[2023-12-20T17:22:49.763+0000] {processor.py:830} INFO - Processing file /home/airflow/.local/lib/python3.8/site-packages/airflow/example_dags/example_branch_day_of_week_operator.py for tasks to queue
[2023-12-20T17:22:49.764+0000] {logging_mixin.py:188} INFO - [2023-12-20T17:22:49.764+0000] {dagbag.py:538} INFO - Filling up the DagBag from /home/airflow/.local/lib/python3.8/site-packages/airflow/example_dags/example_branch_day_of_week_operator.py
[2023-12-20T17:22:49.778+0000] {processor.py:840} INFO - DAG(s) 'example_weekday_branch_operator' retrieved from /home/airflow/.local/lib/python3.8/site-packages/airflow/example_dags/example_branch_day_of_week_operator.py
[2023-12-20T17:22:49.810+0000] {logging_mixin.py:188} INFO - [2023-12-20T17:22:49.810+0000] {dag.py:3033} INFO - Sync 1 DAGs
[2023-12-20T17:22:49.848+0000] {logging_mixin.py:188} INFO - [2023-12-20T17:22:49.848+0000] {dag.py:3820} INFO - Setting next_dagrun for example_weekday_branch_operator to 2023-12-19T00:00:00+00:00, run_after=2023-12-20T00:00:00+00:00
[2023-12-20T17:22:49.877+0000] {processor.py:183} INFO - Processing /home/airflow/.local/lib/python3.8/site-packages/airflow/example_dags/example_branch_day_of_week_operator.py took 0.122 seconds
[2023-12-20T17:23:20.217+0000] {processor.py:161} INFO - Started process (PID=1407) to work on /home/airflow/.local/lib/python3.8/site-packages/airflow/example_dags/example_branch_day_of_week_operator.py
[2023-12-20T17:23:20.218+0000] {processor.py:830} INFO - Processing file /home/airflow/.local/lib/python3.8/site-packages/airflow/example_dags/example_branch_day_of_week_operator.py for tasks to queue
[2023-12-20T17:23:20.221+0000] {logging_mixin.py:188} INFO - [2023-12-20T17:23:20.221+0000] {dagbag.py:538} INFO - Filling up the DagBag from /home/airflow/.local/lib/python3.8/site-packages/airflow/example_dags/example_branch_day_of_week_operator.py
[2023-12-20T17:23:20.235+0000] {processor.py:840} INFO - DAG(s) 'example_weekday_branch_operator' retrieved from /home/airflow/.local/lib/python3.8/site-packages/airflow/example_dags/example_branch_day_of_week_operator.py
[2023-12-20T17:23:20.283+0000] {logging_mixin.py:188} INFO - [2023-12-20T17:23:20.282+0000] {dag.py:3033} INFO - Sync 1 DAGs
[2023-12-20T17:23:20.322+0000] {logging_mixin.py:188} INFO - [2023-12-20T17:23:20.321+0000] {dag.py:3820} INFO - Setting next_dagrun for example_weekday_branch_operator to 2023-12-19T00:00:00+00:00, run_after=2023-12-20T00:00:00+00:00
[2023-12-20T17:23:20.347+0000] {processor.py:183} INFO - Processing /home/airflow/.local/lib/python3.8/site-packages/airflow/example_dags/example_branch_day_of_week_operator.py took 0.136 seconds
[2023-12-20T17:23:50.635+0000] {processor.py:161} INFO - Started process (PID=1654) to work on /home/airflow/.local/lib/python3.8/site-packages/airflow/example_dags/example_branch_day_of_week_operator.py
[2023-12-20T17:23:50.636+0000] {processor.py:830} INFO - Processing file /home/airflow/.local/lib/python3.8/site-packages/airflow/example_dags/example_branch_day_of_week_operator.py for tasks to queue
[2023-12-20T17:23:50.637+0000] {logging_mixin.py:188} INFO - [2023-12-20T17:23:50.637+0000] {dagbag.py:538} INFO - Filling up the DagBag from /home/airflow/.local/lib/python3.8/site-packages/airflow/example_dags/example_branch_day_of_week_operator.py
[2023-12-20T17:23:50.652+0000] {processor.py:840} INFO - DAG(s) 'example_weekday_branch_operator' retrieved from /home/airflow/.local/lib/python3.8/site-packages/airflow/example_dags/example_branch_day_of_week_operator.py
[2023-12-20T17:23:50.692+0000] {logging_mixin.py:188} INFO - [2023-12-20T17:23:50.692+0000] {dag.py:3033} INFO - Sync 1 DAGs
[2023-12-20T17:23:50.731+0000] {logging_mixin.py:188} INFO - [2023-12-20T17:23:50.730+0000] {dag.py:3820} INFO - Setting next_dagrun for example_weekday_branch_operator to 2023-12-19T00:00:00+00:00, run_after=2023-12-20T00:00:00+00:00
[2023-12-20T17:23:50.766+0000] {processor.py:183} INFO - Processing /home/airflow/.local/lib/python3.8/site-packages/airflow/example_dags/example_branch_day_of_week_operator.py took 0.148 seconds
[2023-12-20T17:24:21.517+0000] {processor.py:161} INFO - Started process (PID=1903) to work on /home/airflow/.local/lib/python3.8/site-packages/airflow/example_dags/example_branch_day_of_week_operator.py
[2023-12-20T17:24:21.519+0000] {processor.py:830} INFO - Processing file /home/airflow/.local/lib/python3.8/site-packages/airflow/example_dags/example_branch_day_of_week_operator.py for tasks to queue
[2023-12-20T17:24:21.520+0000] {logging_mixin.py:188} INFO - [2023-12-20T17:24:21.520+0000] {dagbag.py:538} INFO - Filling up the DagBag from /home/airflow/.local/lib/python3.8/site-packages/airflow/example_dags/example_branch_day_of_week_operator.py
[2023-12-20T17:24:21.533+0000] {processor.py:840} INFO - DAG(s) 'example_weekday_branch_operator' retrieved from /home/airflow/.local/lib/python3.8/site-packages/airflow/example_dags/example_branch_day_of_week_operator.py
[2023-12-20T17:24:21.579+0000] {logging_mixin.py:188} INFO - [2023-12-20T17:24:21.578+0000] {dag.py:3033} INFO - Sync 1 DAGs
[2023-12-20T17:24:21.619+0000] {logging_mixin.py:188} INFO - [2023-12-20T17:24:21.619+0000] {dag.py:3820} INFO - Setting next_dagrun for example_weekday_branch_operator to 2023-12-19T00:00:00+00:00, run_after=2023-12-20T00:00:00+00:00
[2023-12-20T17:24:21.662+0000] {processor.py:183} INFO - Processing /home/airflow/.local/lib/python3.8/site-packages/airflow/example_dags/example_branch_day_of_week_operator.py took 0.153 seconds
[2023-12-20T17:25:49.281+0000] {processor.py:161} INFO - Started process (PID=39) to work on /home/airflow/.local/lib/python3.8/site-packages/airflow/example_dags/example_branch_day_of_week_operator.py
[2023-12-20T17:25:49.291+0000] {processor.py:830} INFO - Processing file /home/airflow/.local/lib/python3.8/site-packages/airflow/example_dags/example_branch_day_of_week_operator.py for tasks to queue
[2023-12-20T17:25:49.295+0000] {logging_mixin.py:188} INFO - [2023-12-20T17:25:49.294+0000] {dagbag.py:538} INFO - Filling up the DagBag from /home/airflow/.local/lib/python3.8/site-packages/airflow/example_dags/example_branch_day_of_week_operator.py
[2023-12-20T17:25:49.328+0000] {processor.py:840} INFO - DAG(s) 'example_weekday_branch_operator' retrieved from /home/airflow/.local/lib/python3.8/site-packages/airflow/example_dags/example_branch_day_of_week_operator.py
[2023-12-20T17:25:49.844+0000] {logging_mixin.py:188} INFO - [2023-12-20T17:25:49.843+0000] {dag.py:3033} INFO - Sync 1 DAGs
[2023-12-20T17:25:49.918+0000] {logging_mixin.py:188} INFO - [2023-12-20T17:25:49.918+0000] {dag.py:3820} INFO - Setting next_dagrun for example_weekday_branch_operator to 2023-12-19T00:00:00+00:00, run_after=2023-12-20T00:00:00+00:00
[2023-12-20T17:25:49.987+0000] {processor.py:183} INFO - Processing /home/airflow/.local/lib/python3.8/site-packages/airflow/example_dags/example_branch_day_of_week_operator.py took 0.723 seconds
[2023-12-20T17:26:20.659+0000] {processor.py:161} INFO - Started process (PID=93) to work on /home/airflow/.local/lib/python3.8/site-packages/airflow/example_dags/example_branch_day_of_week_operator.py
[2023-12-20T17:26:20.667+0000] {processor.py:830} INFO - Processing file /home/airflow/.local/lib/python3.8/site-packages/airflow/example_dags/example_branch_day_of_week_operator.py for tasks to queue
[2023-12-20T17:26:20.671+0000] {logging_mixin.py:188} INFO - [2023-12-20T17:26:20.671+0000] {dagbag.py:538} INFO - Filling up the DagBag from /home/airflow/.local/lib/python3.8/site-packages/airflow/example_dags/example_branch_day_of_week_operator.py
[2023-12-20T17:26:20.687+0000] {processor.py:840} INFO - DAG(s) 'example_weekday_branch_operator' retrieved from /home/airflow/.local/lib/python3.8/site-packages/airflow/example_dags/example_branch_day_of_week_operator.py
[2023-12-20T17:26:20.718+0000] {logging_mixin.py:188} INFO - [2023-12-20T17:26:20.718+0000] {dag.py:3033} INFO - Sync 1 DAGs
[2023-12-20T17:26:20.758+0000] {logging_mixin.py:188} INFO - [2023-12-20T17:26:20.757+0000] {dag.py:3820} INFO - Setting next_dagrun for example_weekday_branch_operator to 2023-12-19T00:00:00+00:00, run_after=2023-12-20T00:00:00+00:00
[2023-12-20T17:26:20.792+0000] {processor.py:183} INFO - Processing /home/airflow/.local/lib/python3.8/site-packages/airflow/example_dags/example_branch_day_of_week_operator.py took 0.140 seconds
[2023-12-20T17:26:51.162+0000] {processor.py:161} INFO - Started process (PID=147) to work on /home/airflow/.local/lib/python3.8/site-packages/airflow/example_dags/example_branch_day_of_week_operator.py
[2023-12-20T17:26:51.163+0000] {processor.py:830} INFO - Processing file /home/airflow/.local/lib/python3.8/site-packages/airflow/example_dags/example_branch_day_of_week_operator.py for tasks to queue
[2023-12-20T17:26:51.166+0000] {logging_mixin.py:188} INFO - [2023-12-20T17:26:51.165+0000] {dagbag.py:538} INFO - Filling up the DagBag from /home/airflow/.local/lib/python3.8/site-packages/airflow/example_dags/example_branch_day_of_week_operator.py
[2023-12-20T17:26:51.184+0000] {processor.py:840} INFO - DAG(s) 'example_weekday_branch_operator' retrieved from /home/airflow/.local/lib/python3.8/site-packages/airflow/example_dags/example_branch_day_of_week_operator.py
[2023-12-20T17:26:51.235+0000] {logging_mixin.py:188} INFO - [2023-12-20T17:26:51.235+0000] {dag.py:3033} INFO - Sync 1 DAGs
[2023-12-20T17:26:51.281+0000] {logging_mixin.py:188} INFO - [2023-12-20T17:26:51.281+0000] {dag.py:3820} INFO - Setting next_dagrun for example_weekday_branch_operator to 2023-12-19T00:00:00+00:00, run_after=2023-12-20T00:00:00+00:00
[2023-12-20T17:26:51.320+0000] {processor.py:183} INFO - Processing /home/airflow/.local/lib/python3.8/site-packages/airflow/example_dags/example_branch_day_of_week_operator.py took 0.165 seconds
[2023-12-20T17:27:21.855+0000] {processor.py:161} INFO - Started process (PID=202) to work on /home/airflow/.local/lib/python3.8/site-packages/airflow/example_dags/example_branch_day_of_week_operator.py
[2023-12-20T17:27:21.864+0000] {processor.py:830} INFO - Processing file /home/airflow/.local/lib/python3.8/site-packages/airflow/example_dags/example_branch_day_of_week_operator.py for tasks to queue
[2023-12-20T17:27:21.869+0000] {logging_mixin.py:188} INFO - [2023-12-20T17:27:21.868+0000] {dagbag.py:538} INFO - Filling up the DagBag from /home/airflow/.local/lib/python3.8/site-packages/airflow/example_dags/example_branch_day_of_week_operator.py
[2023-12-20T17:27:21.884+0000] {processor.py:840} INFO - DAG(s) 'example_weekday_branch_operator' retrieved from /home/airflow/.local/lib/python3.8/site-packages/airflow/example_dags/example_branch_day_of_week_operator.py
[2023-12-20T17:27:21.920+0000] {logging_mixin.py:188} INFO - [2023-12-20T17:27:21.919+0000] {dag.py:3033} INFO - Sync 1 DAGs
[2023-12-20T17:27:21.958+0000] {logging_mixin.py:188} INFO - [2023-12-20T17:27:21.958+0000] {dag.py:3820} INFO - Setting next_dagrun for example_weekday_branch_operator to 2023-12-19T00:00:00+00:00, run_after=2023-12-20T00:00:00+00:00
[2023-12-20T17:27:21.995+0000] {processor.py:183} INFO - Processing /home/airflow/.local/lib/python3.8/site-packages/airflow/example_dags/example_branch_day_of_week_operator.py took 0.154 seconds
[2023-12-20T17:27:52.159+0000] {processor.py:161} INFO - Started process (PID=257) to work on /home/airflow/.local/lib/python3.8/site-packages/airflow/example_dags/example_branch_day_of_week_operator.py
[2023-12-20T17:27:52.167+0000] {processor.py:830} INFO - Processing file /home/airflow/.local/lib/python3.8/site-packages/airflow/example_dags/example_branch_day_of_week_operator.py for tasks to queue
[2023-12-20T17:27:52.172+0000] {logging_mixin.py:188} INFO - [2023-12-20T17:27:52.171+0000] {dagbag.py:538} INFO - Filling up the DagBag from /home/airflow/.local/lib/python3.8/site-packages/airflow/example_dags/example_branch_day_of_week_operator.py
[2023-12-20T17:27:52.184+0000] {processor.py:840} INFO - DAG(s) 'example_weekday_branch_operator' retrieved from /home/airflow/.local/lib/python3.8/site-packages/airflow/example_dags/example_branch_day_of_week_operator.py
[2023-12-20T17:27:52.222+0000] {logging_mixin.py:188} INFO - [2023-12-20T17:27:52.221+0000] {dag.py:3033} INFO - Sync 1 DAGs
[2023-12-20T17:27:52.259+0000] {logging_mixin.py:188} INFO - [2023-12-20T17:27:52.258+0000] {dag.py:3820} INFO - Setting next_dagrun for example_weekday_branch_operator to 2023-12-19T00:00:00+00:00, run_after=2023-12-20T00:00:00+00:00
[2023-12-20T17:27:52.294+0000] {processor.py:183} INFO - Processing /home/airflow/.local/lib/python3.8/site-packages/airflow/example_dags/example_branch_day_of_week_operator.py took 0.141 seconds
[2023-12-20T17:28:22.813+0000] {processor.py:161} INFO - Started process (PID=311) to work on /home/airflow/.local/lib/python3.8/site-packages/airflow/example_dags/example_branch_day_of_week_operator.py
[2023-12-20T17:28:22.822+0000] {processor.py:830} INFO - Processing file /home/airflow/.local/lib/python3.8/site-packages/airflow/example_dags/example_branch_day_of_week_operator.py for tasks to queue
[2023-12-20T17:28:22.826+0000] {logging_mixin.py:188} INFO - [2023-12-20T17:28:22.825+0000] {dagbag.py:538} INFO - Filling up the DagBag from /home/airflow/.local/lib/python3.8/site-packages/airflow/example_dags/example_branch_day_of_week_operator.py
[2023-12-20T17:28:22.842+0000] {processor.py:840} INFO - DAG(s) 'example_weekday_branch_operator' retrieved from /home/airflow/.local/lib/python3.8/site-packages/airflow/example_dags/example_branch_day_of_week_operator.py
[2023-12-20T17:28:22.886+0000] {logging_mixin.py:188} INFO - [2023-12-20T17:28:22.886+0000] {dag.py:3033} INFO - Sync 1 DAGs
[2023-12-20T17:28:22.940+0000] {logging_mixin.py:188} INFO - [2023-12-20T17:28:22.940+0000] {dag.py:3820} INFO - Setting next_dagrun for example_weekday_branch_operator to 2023-12-19T00:00:00+00:00, run_after=2023-12-20T00:00:00+00:00
[2023-12-20T17:28:22.992+0000] {processor.py:183} INFO - Processing /home/airflow/.local/lib/python3.8/site-packages/airflow/example_dags/example_branch_day_of_week_operator.py took 0.186 seconds
[2023-12-20T17:28:53.787+0000] {processor.py:161} INFO - Started process (PID=366) to work on /home/airflow/.local/lib/python3.8/site-packages/airflow/example_dags/example_branch_day_of_week_operator.py
[2023-12-20T17:28:53.794+0000] {processor.py:830} INFO - Processing file /home/airflow/.local/lib/python3.8/site-packages/airflow/example_dags/example_branch_day_of_week_operator.py for tasks to queue
[2023-12-20T17:28:53.797+0000] {logging_mixin.py:188} INFO - [2023-12-20T17:28:53.797+0000] {dagbag.py:538} INFO - Filling up the DagBag from /home/airflow/.local/lib/python3.8/site-packages/airflow/example_dags/example_branch_day_of_week_operator.py
[2023-12-20T17:28:53.847+0000] {processor.py:840} INFO - DAG(s) 'example_weekday_branch_operator' retrieved from /home/airflow/.local/lib/python3.8/site-packages/airflow/example_dags/example_branch_day_of_week_operator.py
[2023-12-20T17:28:53.978+0000] {logging_mixin.py:188} INFO - [2023-12-20T17:28:53.974+0000] {dag.py:3033} INFO - Sync 1 DAGs
[2023-12-20T17:28:54.144+0000] {logging_mixin.py:188} INFO - [2023-12-20T17:28:54.144+0000] {dag.py:3820} INFO - Setting next_dagrun for example_weekday_branch_operator to 2023-12-19T00:00:00+00:00, run_after=2023-12-20T00:00:00+00:00
[2023-12-20T17:28:54.298+0000] {processor.py:183} INFO - Processing /home/airflow/.local/lib/python3.8/site-packages/airflow/example_dags/example_branch_day_of_week_operator.py took 0.518 seconds
[2023-12-20T17:29:24.543+0000] {processor.py:161} INFO - Started process (PID=421) to work on /home/airflow/.local/lib/python3.8/site-packages/airflow/example_dags/example_branch_day_of_week_operator.py
[2023-12-20T17:29:24.554+0000] {processor.py:830} INFO - Processing file /home/airflow/.local/lib/python3.8/site-packages/airflow/example_dags/example_branch_day_of_week_operator.py for tasks to queue
[2023-12-20T17:29:24.558+0000] {logging_mixin.py:188} INFO - [2023-12-20T17:29:24.558+0000] {dagbag.py:538} INFO - Filling up the DagBag from /home/airflow/.local/lib/python3.8/site-packages/airflow/example_dags/example_branch_day_of_week_operator.py
[2023-12-20T17:29:24.579+0000] {processor.py:840} INFO - DAG(s) 'example_weekday_branch_operator' retrieved from /home/airflow/.local/lib/python3.8/site-packages/airflow/example_dags/example_branch_day_of_week_operator.py
[2023-12-20T17:29:24.709+0000] {logging_mixin.py:188} INFO - [2023-12-20T17:29:24.706+0000] {dag.py:3033} INFO - Sync 1 DAGs
[2023-12-20T17:29:24.823+0000] {logging_mixin.py:188} INFO - [2023-12-20T17:29:24.823+0000] {dag.py:3820} INFO - Setting next_dagrun for example_weekday_branch_operator to 2023-12-19T00:00:00+00:00, run_after=2023-12-20T00:00:00+00:00
[2023-12-20T17:29:24.926+0000] {processor.py:183} INFO - Processing /home/airflow/.local/lib/python3.8/site-packages/airflow/example_dags/example_branch_day_of_week_operator.py took 0.388 seconds
[2023-12-20T17:29:55.520+0000] {processor.py:161} INFO - Started process (PID=476) to work on /home/airflow/.local/lib/python3.8/site-packages/airflow/example_dags/example_branch_day_of_week_operator.py
[2023-12-20T17:29:55.530+0000] {processor.py:830} INFO - Processing file /home/airflow/.local/lib/python3.8/site-packages/airflow/example_dags/example_branch_day_of_week_operator.py for tasks to queue
[2023-12-20T17:29:55.549+0000] {logging_mixin.py:188} INFO - [2023-12-20T17:29:55.544+0000] {dagbag.py:538} INFO - Filling up the DagBag from /home/airflow/.local/lib/python3.8/site-packages/airflow/example_dags/example_branch_day_of_week_operator.py
[2023-12-20T17:29:55.573+0000] {processor.py:840} INFO - DAG(s) 'example_weekday_branch_operator' retrieved from /home/airflow/.local/lib/python3.8/site-packages/airflow/example_dags/example_branch_day_of_week_operator.py
[2023-12-20T17:29:55.624+0000] {logging_mixin.py:188} INFO - [2023-12-20T17:29:55.624+0000] {dag.py:3033} INFO - Sync 1 DAGs
[2023-12-20T17:29:55.678+0000] {logging_mixin.py:188} INFO - [2023-12-20T17:29:55.678+0000] {dag.py:3820} INFO - Setting next_dagrun for example_weekday_branch_operator to 2023-12-19T00:00:00+00:00, run_after=2023-12-20T00:00:00+00:00
[2023-12-20T17:29:55.729+0000] {processor.py:183} INFO - Processing /home/airflow/.local/lib/python3.8/site-packages/airflow/example_dags/example_branch_day_of_week_operator.py took 0.219 seconds
[2023-12-20T17:30:26.106+0000] {processor.py:161} INFO - Started process (PID=531) to work on /home/airflow/.local/lib/python3.8/site-packages/airflow/example_dags/example_branch_day_of_week_operator.py
[2023-12-20T17:30:26.108+0000] {processor.py:830} INFO - Processing file /home/airflow/.local/lib/python3.8/site-packages/airflow/example_dags/example_branch_day_of_week_operator.py for tasks to queue
[2023-12-20T17:30:26.111+0000] {logging_mixin.py:188} INFO - [2023-12-20T17:30:26.111+0000] {dagbag.py:538} INFO - Filling up the DagBag from /home/airflow/.local/lib/python3.8/site-packages/airflow/example_dags/example_branch_day_of_week_operator.py
[2023-12-20T17:30:26.132+0000] {processor.py:840} INFO - DAG(s) 'example_weekday_branch_operator' retrieved from /home/airflow/.local/lib/python3.8/site-packages/airflow/example_dags/example_branch_day_of_week_operator.py
[2023-12-20T17:30:26.194+0000] {logging_mixin.py:188} INFO - [2023-12-20T17:30:26.193+0000] {dag.py:3033} INFO - Sync 1 DAGs
[2023-12-20T17:30:26.250+0000] {logging_mixin.py:188} INFO - [2023-12-20T17:30:26.250+0000] {dag.py:3820} INFO - Setting next_dagrun for example_weekday_branch_operator to 2023-12-19T00:00:00+00:00, run_after=2023-12-20T00:00:00+00:00
[2023-12-20T17:30:26.298+0000] {processor.py:183} INFO - Processing /home/airflow/.local/lib/python3.8/site-packages/airflow/example_dags/example_branch_day_of_week_operator.py took 0.207 seconds
[2023-12-20T17:30:56.868+0000] {processor.py:161} INFO - Started process (PID=586) to work on /home/airflow/.local/lib/python3.8/site-packages/airflow/example_dags/example_branch_day_of_week_operator.py
[2023-12-20T17:30:56.877+0000] {processor.py:830} INFO - Processing file /home/airflow/.local/lib/python3.8/site-packages/airflow/example_dags/example_branch_day_of_week_operator.py for tasks to queue
[2023-12-20T17:30:56.882+0000] {logging_mixin.py:188} INFO - [2023-12-20T17:30:56.881+0000] {dagbag.py:538} INFO - Filling up the DagBag from /home/airflow/.local/lib/python3.8/site-packages/airflow/example_dags/example_branch_day_of_week_operator.py
[2023-12-20T17:30:56.900+0000] {processor.py:840} INFO - DAG(s) 'example_weekday_branch_operator' retrieved from /home/airflow/.local/lib/python3.8/site-packages/airflow/example_dags/example_branch_day_of_week_operator.py
[2023-12-20T17:30:56.947+0000] {logging_mixin.py:188} INFO - [2023-12-20T17:30:56.946+0000] {dag.py:3033} INFO - Sync 1 DAGs
[2023-12-20T17:30:56.986+0000] {logging_mixin.py:188} INFO - [2023-12-20T17:30:56.986+0000] {dag.py:3820} INFO - Setting next_dagrun for example_weekday_branch_operator to 2023-12-19T00:00:00+00:00, run_after=2023-12-20T00:00:00+00:00
[2023-12-20T17:30:57.030+0000] {processor.py:183} INFO - Processing /home/airflow/.local/lib/python3.8/site-packages/airflow/example_dags/example_branch_day_of_week_operator.py took 0.171 seconds
[2023-12-20T17:31:28.017+0000] {processor.py:161} INFO - Started process (PID=640) to work on /home/airflow/.local/lib/python3.8/site-packages/airflow/example_dags/example_branch_day_of_week_operator.py
[2023-12-20T17:31:28.028+0000] {processor.py:830} INFO - Processing file /home/airflow/.local/lib/python3.8/site-packages/airflow/example_dags/example_branch_day_of_week_operator.py for tasks to queue
[2023-12-20T17:31:28.032+0000] {logging_mixin.py:188} INFO - [2023-12-20T17:31:28.032+0000] {dagbag.py:538} INFO - Filling up the DagBag from /home/airflow/.local/lib/python3.8/site-packages/airflow/example_dags/example_branch_day_of_week_operator.py
[2023-12-20T17:31:28.050+0000] {processor.py:840} INFO - DAG(s) 'example_weekday_branch_operator' retrieved from /home/airflow/.local/lib/python3.8/site-packages/airflow/example_dags/example_branch_day_of_week_operator.py
[2023-12-20T17:31:28.103+0000] {logging_mixin.py:188} INFO - [2023-12-20T17:31:28.103+0000] {dag.py:3033} INFO - Sync 1 DAGs
[2023-12-20T17:31:28.146+0000] {logging_mixin.py:188} INFO - [2023-12-20T17:31:28.146+0000] {dag.py:3820} INFO - Setting next_dagrun for example_weekday_branch_operator to 2023-12-19T00:00:00+00:00, run_after=2023-12-20T00:00:00+00:00
[2023-12-20T17:31:28.185+0000] {processor.py:183} INFO - Processing /home/airflow/.local/lib/python3.8/site-packages/airflow/example_dags/example_branch_day_of_week_operator.py took 0.177 seconds
[2023-12-20T17:31:58.689+0000] {processor.py:161} INFO - Started process (PID=695) to work on /home/airflow/.local/lib/python3.8/site-packages/airflow/example_dags/example_branch_day_of_week_operator.py
[2023-12-20T17:31:58.693+0000] {processor.py:830} INFO - Processing file /home/airflow/.local/lib/python3.8/site-packages/airflow/example_dags/example_branch_day_of_week_operator.py for tasks to queue
[2023-12-20T17:31:58.702+0000] {logging_mixin.py:188} INFO - [2023-12-20T17:31:58.702+0000] {dagbag.py:538} INFO - Filling up the DagBag from /home/airflow/.local/lib/python3.8/site-packages/airflow/example_dags/example_branch_day_of_week_operator.py
[2023-12-20T17:31:58.718+0000] {processor.py:840} INFO - DAG(s) 'example_weekday_branch_operator' retrieved from /home/airflow/.local/lib/python3.8/site-packages/airflow/example_dags/example_branch_day_of_week_operator.py
[2023-12-20T17:31:58.770+0000] {logging_mixin.py:188} INFO - [2023-12-20T17:31:58.769+0000] {dag.py:3033} INFO - Sync 1 DAGs
[2023-12-20T17:31:58.811+0000] {logging_mixin.py:188} INFO - [2023-12-20T17:31:58.810+0000] {dag.py:3820} INFO - Setting next_dagrun for example_weekday_branch_operator to 2023-12-19T00:00:00+00:00, run_after=2023-12-20T00:00:00+00:00
[2023-12-20T17:31:58.857+0000] {processor.py:183} INFO - Processing /home/airflow/.local/lib/python3.8/site-packages/airflow/example_dags/example_branch_day_of_week_operator.py took 0.179 seconds
[2023-12-20T17:32:29.597+0000] {processor.py:161} INFO - Started process (PID=750) to work on /home/airflow/.local/lib/python3.8/site-packages/airflow/example_dags/example_branch_day_of_week_operator.py
[2023-12-20T17:32:29.611+0000] {processor.py:830} INFO - Processing file /home/airflow/.local/lib/python3.8/site-packages/airflow/example_dags/example_branch_day_of_week_operator.py for tasks to queue
[2023-12-20T17:32:29.617+0000] {logging_mixin.py:188} INFO - [2023-12-20T17:32:29.614+0000] {dagbag.py:538} INFO - Filling up the DagBag from /home/airflow/.local/lib/python3.8/site-packages/airflow/example_dags/example_branch_day_of_week_operator.py
[2023-12-20T17:32:29.669+0000] {processor.py:840} INFO - DAG(s) 'example_weekday_branch_operator' retrieved from /home/airflow/.local/lib/python3.8/site-packages/airflow/example_dags/example_branch_day_of_week_operator.py
[2023-12-20T17:32:29.762+0000] {logging_mixin.py:188} INFO - [2023-12-20T17:32:29.762+0000] {dag.py:3033} INFO - Sync 1 DAGs
[2023-12-20T17:32:29.847+0000] {logging_mixin.py:188} INFO - [2023-12-20T17:32:29.846+0000] {dag.py:3820} INFO - Setting next_dagrun for example_weekday_branch_operator to 2023-12-19T00:00:00+00:00, run_after=2023-12-20T00:00:00+00:00
[2023-12-20T17:32:29.919+0000] {processor.py:183} INFO - Processing /home/airflow/.local/lib/python3.8/site-packages/airflow/example_dags/example_branch_day_of_week_operator.py took 0.329 seconds
[2023-12-20T17:33:00.250+0000] {processor.py:161} INFO - Started process (PID=806) to work on /home/airflow/.local/lib/python3.8/site-packages/airflow/example_dags/example_branch_day_of_week_operator.py
[2023-12-20T17:33:00.251+0000] {processor.py:830} INFO - Processing file /home/airflow/.local/lib/python3.8/site-packages/airflow/example_dags/example_branch_day_of_week_operator.py for tasks to queue
[2023-12-20T17:33:00.255+0000] {logging_mixin.py:188} INFO - [2023-12-20T17:33:00.255+0000] {dagbag.py:538} INFO - Filling up the DagBag from /home/airflow/.local/lib/python3.8/site-packages/airflow/example_dags/example_branch_day_of_week_operator.py
[2023-12-20T17:33:00.275+0000] {processor.py:840} INFO - DAG(s) 'example_weekday_branch_operator' retrieved from /home/airflow/.local/lib/python3.8/site-packages/airflow/example_dags/example_branch_day_of_week_operator.py
[2023-12-20T17:33:00.342+0000] {logging_mixin.py:188} INFO - [2023-12-20T17:33:00.342+0000] {dag.py:3033} INFO - Sync 1 DAGs
[2023-12-20T17:33:00.412+0000] {logging_mixin.py:188} INFO - [2023-12-20T17:33:00.410+0000] {dag.py:3820} INFO - Setting next_dagrun for example_weekday_branch_operator to 2023-12-19T00:00:00+00:00, run_after=2023-12-20T00:00:00+00:00
[2023-12-20T17:33:00.468+0000] {processor.py:183} INFO - Processing /home/airflow/.local/lib/python3.8/site-packages/airflow/example_dags/example_branch_day_of_week_operator.py took 0.227 seconds
[2023-12-20T17:33:30.919+0000] {processor.py:161} INFO - Started process (PID=861) to work on /home/airflow/.local/lib/python3.8/site-packages/airflow/example_dags/example_branch_day_of_week_operator.py
[2023-12-20T17:33:30.928+0000] {processor.py:830} INFO - Processing file /home/airflow/.local/lib/python3.8/site-packages/airflow/example_dags/example_branch_day_of_week_operator.py for tasks to queue
[2023-12-20T17:33:30.933+0000] {logging_mixin.py:188} INFO - [2023-12-20T17:33:30.933+0000] {dagbag.py:538} INFO - Filling up the DagBag from /home/airflow/.local/lib/python3.8/site-packages/airflow/example_dags/example_branch_day_of_week_operator.py
[2023-12-20T17:33:30.959+0000] {processor.py:840} INFO - DAG(s) 'example_weekday_branch_operator' retrieved from /home/airflow/.local/lib/python3.8/site-packages/airflow/example_dags/example_branch_day_of_week_operator.py
[2023-12-20T17:33:31.020+0000] {logging_mixin.py:188} INFO - [2023-12-20T17:33:31.019+0000] {dag.py:3033} INFO - Sync 1 DAGs
[2023-12-20T17:33:31.088+0000] {logging_mixin.py:188} INFO - [2023-12-20T17:33:31.088+0000] {dag.py:3820} INFO - Setting next_dagrun for example_weekday_branch_operator to 2023-12-19T00:00:00+00:00, run_after=2023-12-20T00:00:00+00:00
[2023-12-20T17:33:31.126+0000] {processor.py:183} INFO - Processing /home/airflow/.local/lib/python3.8/site-packages/airflow/example_dags/example_branch_day_of_week_operator.py took 0.213 seconds
[2023-12-20T17:34:02.123+0000] {processor.py:161} INFO - Started process (PID=916) to work on /home/airflow/.local/lib/python3.8/site-packages/airflow/example_dags/example_branch_day_of_week_operator.py
[2023-12-20T17:34:02.125+0000] {processor.py:830} INFO - Processing file /home/airflow/.local/lib/python3.8/site-packages/airflow/example_dags/example_branch_day_of_week_operator.py for tasks to queue
[2023-12-20T17:34:02.140+0000] {logging_mixin.py:188} INFO - [2023-12-20T17:34:02.139+0000] {dagbag.py:538} INFO - Filling up the DagBag from /home/airflow/.local/lib/python3.8/site-packages/airflow/example_dags/example_branch_day_of_week_operator.py
[2023-12-20T17:34:02.168+0000] {processor.py:840} INFO - DAG(s) 'example_weekday_branch_operator' retrieved from /home/airflow/.local/lib/python3.8/site-packages/airflow/example_dags/example_branch_day_of_week_operator.py
[2023-12-20T17:34:02.213+0000] {logging_mixin.py:188} INFO - [2023-12-20T17:34:02.213+0000] {dag.py:3033} INFO - Sync 1 DAGs
[2023-12-20T17:34:02.259+0000] {logging_mixin.py:188} INFO - [2023-12-20T17:34:02.258+0000] {dag.py:3820} INFO - Setting next_dagrun for example_weekday_branch_operator to 2023-12-19T00:00:00+00:00, run_after=2023-12-20T00:00:00+00:00
[2023-12-20T17:34:02.300+0000] {processor.py:183} INFO - Processing /home/airflow/.local/lib/python3.8/site-packages/airflow/example_dags/example_branch_day_of_week_operator.py took 0.192 seconds
[2023-12-20T17:34:32.707+0000] {processor.py:161} INFO - Started process (PID=971) to work on /home/airflow/.local/lib/python3.8/site-packages/airflow/example_dags/example_branch_day_of_week_operator.py
[2023-12-20T17:34:32.716+0000] {processor.py:830} INFO - Processing file /home/airflow/.local/lib/python3.8/site-packages/airflow/example_dags/example_branch_day_of_week_operator.py for tasks to queue
[2023-12-20T17:34:32.720+0000] {logging_mixin.py:188} INFO - [2023-12-20T17:34:32.720+0000] {dagbag.py:538} INFO - Filling up the DagBag from /home/airflow/.local/lib/python3.8/site-packages/airflow/example_dags/example_branch_day_of_week_operator.py
[2023-12-20T17:34:32.748+0000] {processor.py:840} INFO - DAG(s) 'example_weekday_branch_operator' retrieved from /home/airflow/.local/lib/python3.8/site-packages/airflow/example_dags/example_branch_day_of_week_operator.py
[2023-12-20T17:34:32.791+0000] {logging_mixin.py:188} INFO - [2023-12-20T17:34:32.791+0000] {dag.py:3033} INFO - Sync 1 DAGs
[2023-12-20T17:34:32.841+0000] {logging_mixin.py:188} INFO - [2023-12-20T17:34:32.840+0000] {dag.py:3820} INFO - Setting next_dagrun for example_weekday_branch_operator to 2023-12-19T00:00:00+00:00, run_after=2023-12-20T00:00:00+00:00
[2023-12-20T17:34:32.888+0000] {processor.py:183} INFO - Processing /home/airflow/.local/lib/python3.8/site-packages/airflow/example_dags/example_branch_day_of_week_operator.py took 0.188 seconds
[2023-12-20T17:35:03.366+0000] {processor.py:161} INFO - Started process (PID=1025) to work on /home/airflow/.local/lib/python3.8/site-packages/airflow/example_dags/example_branch_day_of_week_operator.py
[2023-12-20T17:35:03.368+0000] {processor.py:830} INFO - Processing file /home/airflow/.local/lib/python3.8/site-packages/airflow/example_dags/example_branch_day_of_week_operator.py for tasks to queue
[2023-12-20T17:35:03.371+0000] {logging_mixin.py:188} INFO - [2023-12-20T17:35:03.371+0000] {dagbag.py:538} INFO - Filling up the DagBag from /home/airflow/.local/lib/python3.8/site-packages/airflow/example_dags/example_branch_day_of_week_operator.py
[2023-12-20T17:35:03.386+0000] {processor.py:840} INFO - DAG(s) 'example_weekday_branch_operator' retrieved from /home/airflow/.local/lib/python3.8/site-packages/airflow/example_dags/example_branch_day_of_week_operator.py
[2023-12-20T17:35:03.428+0000] {logging_mixin.py:188} INFO - [2023-12-20T17:35:03.427+0000] {dag.py:3033} INFO - Sync 1 DAGs
[2023-12-20T17:35:03.471+0000] {logging_mixin.py:188} INFO - [2023-12-20T17:35:03.471+0000] {dag.py:3820} INFO - Setting next_dagrun for example_weekday_branch_operator to 2023-12-19T00:00:00+00:00, run_after=2023-12-20T00:00:00+00:00
[2023-12-20T17:35:03.515+0000] {processor.py:183} INFO - Processing /home/airflow/.local/lib/python3.8/site-packages/airflow/example_dags/example_branch_day_of_week_operator.py took 0.156 seconds
[2023-12-20T17:35:34.431+0000] {processor.py:161} INFO - Started process (PID=1080) to work on /home/airflow/.local/lib/python3.8/site-packages/airflow/example_dags/example_branch_day_of_week_operator.py
[2023-12-20T17:35:34.439+0000] {processor.py:830} INFO - Processing file /home/airflow/.local/lib/python3.8/site-packages/airflow/example_dags/example_branch_day_of_week_operator.py for tasks to queue
[2023-12-20T17:35:34.443+0000] {logging_mixin.py:188} INFO - [2023-12-20T17:35:34.443+0000] {dagbag.py:538} INFO - Filling up the DagBag from /home/airflow/.local/lib/python3.8/site-packages/airflow/example_dags/example_branch_day_of_week_operator.py
[2023-12-20T17:35:34.460+0000] {processor.py:840} INFO - DAG(s) 'example_weekday_branch_operator' retrieved from /home/airflow/.local/lib/python3.8/site-packages/airflow/example_dags/example_branch_day_of_week_operator.py
[2023-12-20T17:35:34.541+0000] {logging_mixin.py:188} INFO - [2023-12-20T17:35:34.540+0000] {dag.py:3033} INFO - Sync 1 DAGs
[2023-12-20T17:35:34.601+0000] {logging_mixin.py:188} INFO - [2023-12-20T17:35:34.601+0000] {dag.py:3820} INFO - Setting next_dagrun for example_weekday_branch_operator to 2023-12-19T00:00:00+00:00, run_after=2023-12-20T00:00:00+00:00
[2023-12-20T17:35:34.641+0000] {processor.py:183} INFO - Processing /home/airflow/.local/lib/python3.8/site-packages/airflow/example_dags/example_branch_day_of_week_operator.py took 0.216 seconds
[2023-12-20T17:36:04.740+0000] {processor.py:161} INFO - Started process (PID=1135) to work on /home/airflow/.local/lib/python3.8/site-packages/airflow/example_dags/example_branch_day_of_week_operator.py
[2023-12-20T17:36:04.747+0000] {processor.py:830} INFO - Processing file /home/airflow/.local/lib/python3.8/site-packages/airflow/example_dags/example_branch_day_of_week_operator.py for tasks to queue
[2023-12-20T17:36:04.756+0000] {logging_mixin.py:188} INFO - [2023-12-20T17:36:04.755+0000] {dagbag.py:538} INFO - Filling up the DagBag from /home/airflow/.local/lib/python3.8/site-packages/airflow/example_dags/example_branch_day_of_week_operator.py
[2023-12-20T17:36:04.781+0000] {processor.py:840} INFO - DAG(s) 'example_weekday_branch_operator' retrieved from /home/airflow/.local/lib/python3.8/site-packages/airflow/example_dags/example_branch_day_of_week_operator.py
[2023-12-20T17:36:04.835+0000] {logging_mixin.py:188} INFO - [2023-12-20T17:36:04.834+0000] {dag.py:3033} INFO - Sync 1 DAGs
[2023-12-20T17:36:04.883+0000] {logging_mixin.py:188} INFO - [2023-12-20T17:36:04.883+0000] {dag.py:3820} INFO - Setting next_dagrun for example_weekday_branch_operator to 2023-12-19T00:00:00+00:00, run_after=2023-12-20T00:00:00+00:00
[2023-12-20T17:36:04.925+0000] {processor.py:183} INFO - Processing /home/airflow/.local/lib/python3.8/site-packages/airflow/example_dags/example_branch_day_of_week_operator.py took 0.197 seconds
[2023-12-20T17:36:35.329+0000] {processor.py:161} INFO - Started process (PID=1190) to work on /home/airflow/.local/lib/python3.8/site-packages/airflow/example_dags/example_branch_day_of_week_operator.py
[2023-12-20T17:36:35.339+0000] {processor.py:830} INFO - Processing file /home/airflow/.local/lib/python3.8/site-packages/airflow/example_dags/example_branch_day_of_week_operator.py for tasks to queue
[2023-12-20T17:36:35.343+0000] {logging_mixin.py:188} INFO - [2023-12-20T17:36:35.343+0000] {dagbag.py:538} INFO - Filling up the DagBag from /home/airflow/.local/lib/python3.8/site-packages/airflow/example_dags/example_branch_day_of_week_operator.py
[2023-12-20T17:36:35.360+0000] {processor.py:840} INFO - DAG(s) 'example_weekday_branch_operator' retrieved from /home/airflow/.local/lib/python3.8/site-packages/airflow/example_dags/example_branch_day_of_week_operator.py
[2023-12-20T17:36:35.391+0000] {logging_mixin.py:188} INFO - [2023-12-20T17:36:35.390+0000] {dag.py:3033} INFO - Sync 1 DAGs
[2023-12-20T17:36:35.430+0000] {logging_mixin.py:188} INFO - [2023-12-20T17:36:35.429+0000] {dag.py:3820} INFO - Setting next_dagrun for example_weekday_branch_operator to 2023-12-19T00:00:00+00:00, run_after=2023-12-20T00:00:00+00:00
[2023-12-20T17:36:35.463+0000] {processor.py:183} INFO - Processing /home/airflow/.local/lib/python3.8/site-packages/airflow/example_dags/example_branch_day_of_week_operator.py took 0.160 seconds
[2023-12-20T17:37:05.582+0000] {processor.py:161} INFO - Started process (PID=1244) to work on /home/airflow/.local/lib/python3.8/site-packages/airflow/example_dags/example_branch_day_of_week_operator.py
[2023-12-20T17:37:05.584+0000] {processor.py:830} INFO - Processing file /home/airflow/.local/lib/python3.8/site-packages/airflow/example_dags/example_branch_day_of_week_operator.py for tasks to queue
[2023-12-20T17:37:05.587+0000] {logging_mixin.py:188} INFO - [2023-12-20T17:37:05.587+0000] {dagbag.py:538} INFO - Filling up the DagBag from /home/airflow/.local/lib/python3.8/site-packages/airflow/example_dags/example_branch_day_of_week_operator.py
[2023-12-20T17:37:05.599+0000] {processor.py:840} INFO - DAG(s) 'example_weekday_branch_operator' retrieved from /home/airflow/.local/lib/python3.8/site-packages/airflow/example_dags/example_branch_day_of_week_operator.py
[2023-12-20T17:37:05.628+0000] {logging_mixin.py:188} INFO - [2023-12-20T17:37:05.628+0000] {dag.py:3033} INFO - Sync 1 DAGs
[2023-12-20T17:37:05.667+0000] {logging_mixin.py:188} INFO - [2023-12-20T17:37:05.667+0000] {dag.py:3820} INFO - Setting next_dagrun for example_weekday_branch_operator to 2023-12-19T00:00:00+00:00, run_after=2023-12-20T00:00:00+00:00
[2023-12-20T17:37:05.701+0000] {processor.py:183} INFO - Processing /home/airflow/.local/lib/python3.8/site-packages/airflow/example_dags/example_branch_day_of_week_operator.py took 0.123 seconds
