[2023-12-20T17:20:53.268+0000] {processor.py:161} INFO - Started process (PID=249) to work on /home/airflow/.local/lib/python3.8/site-packages/airflow/example_dags/tutorial_objectstorage.py
[2023-12-20T17:20:53.270+0000] {processor.py:830} INFO - Processing file /home/airflow/.local/lib/python3.8/site-packages/airflow/example_dags/tutorial_objectstorage.py for tasks to queue
[2023-12-20T17:20:53.274+0000] {logging_mixin.py:188} INFO - [2023-12-20T17:20:53.273+0000] {dagbag.py:538} INFO - Filling up the DagBag from /home/airflow/.local/lib/python3.8/site-packages/airflow/example_dags/tutorial_objectstorage.py
[2023-12-20T17:20:53.303+0000] {processor.py:840} INFO - DAG(s) 'tutorial_objectstorage' retrieved from /home/airflow/.local/lib/python3.8/site-packages/airflow/example_dags/tutorial_objectstorage.py
[2023-12-20T17:20:53.834+0000] {logging_mixin.py:188} INFO - [2023-12-20T17:20:53.834+0000] {dag.py:3033} INFO - Sync 1 DAGs
[2023-12-20T17:20:53.885+0000] {logging_mixin.py:188} INFO - [2023-12-20T17:20:53.885+0000] {dag.py:3820} INFO - Setting next_dagrun for tutorial_objectstorage to None, run_after=None
[2023-12-20T17:20:53.985+0000] {processor.py:183} INFO - Processing /home/airflow/.local/lib/python3.8/site-packages/airflow/example_dags/tutorial_objectstorage.py took 0.731 seconds
[2023-12-20T17:21:24.633+0000] {processor.py:161} INFO - Started process (PID=498) to work on /home/airflow/.local/lib/python3.8/site-packages/airflow/example_dags/tutorial_objectstorage.py
[2023-12-20T17:21:24.642+0000] {processor.py:830} INFO - Processing file /home/airflow/.local/lib/python3.8/site-packages/airflow/example_dags/tutorial_objectstorage.py for tasks to queue
[2023-12-20T17:21:24.643+0000] {logging_mixin.py:188} INFO - [2023-12-20T17:21:24.643+0000] {dagbag.py:538} INFO - Filling up the DagBag from /home/airflow/.local/lib/python3.8/site-packages/airflow/example_dags/tutorial_objectstorage.py
[2023-12-20T17:21:24.656+0000] {processor.py:840} INFO - DAG(s) 'tutorial_objectstorage' retrieved from /home/airflow/.local/lib/python3.8/site-packages/airflow/example_dags/tutorial_objectstorage.py
[2023-12-20T17:21:24.691+0000] {logging_mixin.py:188} INFO - [2023-12-20T17:21:24.691+0000] {dag.py:3033} INFO - Sync 1 DAGs
[2023-12-20T17:21:24.709+0000] {logging_mixin.py:188} INFO - [2023-12-20T17:21:24.709+0000] {dag.py:3820} INFO - Setting next_dagrun for tutorial_objectstorage to None, run_after=None
[2023-12-20T17:21:24.742+0000] {processor.py:183} INFO - Processing /home/airflow/.local/lib/python3.8/site-packages/airflow/example_dags/tutorial_objectstorage.py took 0.115 seconds
[2023-12-20T17:21:55.483+0000] {processor.py:161} INFO - Started process (PID=744) to work on /home/airflow/.local/lib/python3.8/site-packages/airflow/example_dags/tutorial_objectstorage.py
[2023-12-20T17:21:55.485+0000] {processor.py:830} INFO - Processing file /home/airflow/.local/lib/python3.8/site-packages/airflow/example_dags/tutorial_objectstorage.py for tasks to queue
[2023-12-20T17:21:55.487+0000] {logging_mixin.py:188} INFO - [2023-12-20T17:21:55.486+0000] {dagbag.py:538} INFO - Filling up the DagBag from /home/airflow/.local/lib/python3.8/site-packages/airflow/example_dags/tutorial_objectstorage.py
[2023-12-20T17:21:55.497+0000] {processor.py:840} INFO - DAG(s) 'tutorial_objectstorage' retrieved from /home/airflow/.local/lib/python3.8/site-packages/airflow/example_dags/tutorial_objectstorage.py
[2023-12-20T17:21:55.531+0000] {logging_mixin.py:188} INFO - [2023-12-20T17:21:55.531+0000] {dag.py:3033} INFO - Sync 1 DAGs
[2023-12-20T17:21:55.552+0000] {logging_mixin.py:188} INFO - [2023-12-20T17:21:55.552+0000] {dag.py:3820} INFO - Setting next_dagrun for tutorial_objectstorage to None, run_after=None
[2023-12-20T17:21:55.579+0000] {processor.py:183} INFO - Processing /home/airflow/.local/lib/python3.8/site-packages/airflow/example_dags/tutorial_objectstorage.py took 0.102 seconds
[2023-12-20T17:22:25.937+0000] {processor.py:161} INFO - Started process (PID=991) to work on /home/airflow/.local/lib/python3.8/site-packages/airflow/example_dags/tutorial_objectstorage.py
[2023-12-20T17:22:25.945+0000] {processor.py:830} INFO - Processing file /home/airflow/.local/lib/python3.8/site-packages/airflow/example_dags/tutorial_objectstorage.py for tasks to queue
[2023-12-20T17:22:25.946+0000] {logging_mixin.py:188} INFO - [2023-12-20T17:22:25.946+0000] {dagbag.py:538} INFO - Filling up the DagBag from /home/airflow/.local/lib/python3.8/site-packages/airflow/example_dags/tutorial_objectstorage.py
[2023-12-20T17:22:25.956+0000] {processor.py:840} INFO - DAG(s) 'tutorial_objectstorage' retrieved from /home/airflow/.local/lib/python3.8/site-packages/airflow/example_dags/tutorial_objectstorage.py
[2023-12-20T17:22:25.991+0000] {logging_mixin.py:188} INFO - [2023-12-20T17:22:25.991+0000] {dag.py:3033} INFO - Sync 1 DAGs
[2023-12-20T17:22:26.013+0000] {logging_mixin.py:188} INFO - [2023-12-20T17:22:26.013+0000] {dag.py:3820} INFO - Setting next_dagrun for tutorial_objectstorage to None, run_after=None
[2023-12-20T17:22:26.043+0000] {processor.py:183} INFO - Processing /home/airflow/.local/lib/python3.8/site-packages/airflow/example_dags/tutorial_objectstorage.py took 0.113 seconds
[2023-12-20T17:22:56.907+0000] {processor.py:161} INFO - Started process (PID=1238) to work on /home/airflow/.local/lib/python3.8/site-packages/airflow/example_dags/tutorial_objectstorage.py
[2023-12-20T17:22:56.916+0000] {processor.py:830} INFO - Processing file /home/airflow/.local/lib/python3.8/site-packages/airflow/example_dags/tutorial_objectstorage.py for tasks to queue
[2023-12-20T17:22:56.917+0000] {logging_mixin.py:188} INFO - [2023-12-20T17:22:56.917+0000] {dagbag.py:538} INFO - Filling up the DagBag from /home/airflow/.local/lib/python3.8/site-packages/airflow/example_dags/tutorial_objectstorage.py
[2023-12-20T17:22:56.927+0000] {processor.py:840} INFO - DAG(s) 'tutorial_objectstorage' retrieved from /home/airflow/.local/lib/python3.8/site-packages/airflow/example_dags/tutorial_objectstorage.py
[2023-12-20T17:22:56.956+0000] {logging_mixin.py:188} INFO - [2023-12-20T17:22:56.956+0000] {dag.py:3033} INFO - Sync 1 DAGs
[2023-12-20T17:22:56.978+0000] {logging_mixin.py:188} INFO - [2023-12-20T17:22:56.977+0000] {dag.py:3820} INFO - Setting next_dagrun for tutorial_objectstorage to None, run_after=None
[2023-12-20T17:22:57.018+0000] {processor.py:183} INFO - Processing /home/airflow/.local/lib/python3.8/site-packages/airflow/example_dags/tutorial_objectstorage.py took 0.117 seconds
[2023-12-20T17:23:27.688+0000] {processor.py:161} INFO - Started process (PID=1485) to work on /home/airflow/.local/lib/python3.8/site-packages/airflow/example_dags/tutorial_objectstorage.py
[2023-12-20T17:23:27.696+0000] {processor.py:830} INFO - Processing file /home/airflow/.local/lib/python3.8/site-packages/airflow/example_dags/tutorial_objectstorage.py for tasks to queue
[2023-12-20T17:23:27.705+0000] {logging_mixin.py:188} INFO - [2023-12-20T17:23:27.704+0000] {dagbag.py:538} INFO - Filling up the DagBag from /home/airflow/.local/lib/python3.8/site-packages/airflow/example_dags/tutorial_objectstorage.py
[2023-12-20T17:23:27.723+0000] {processor.py:840} INFO - DAG(s) 'tutorial_objectstorage' retrieved from /home/airflow/.local/lib/python3.8/site-packages/airflow/example_dags/tutorial_objectstorage.py
[2023-12-20T17:23:27.762+0000] {logging_mixin.py:188} INFO - [2023-12-20T17:23:27.762+0000] {dag.py:3033} INFO - Sync 1 DAGs
[2023-12-20T17:23:27.784+0000] {logging_mixin.py:188} INFO - [2023-12-20T17:23:27.784+0000] {dag.py:3820} INFO - Setting next_dagrun for tutorial_objectstorage to None, run_after=None
[2023-12-20T17:23:27.820+0000] {processor.py:183} INFO - Processing /home/airflow/.local/lib/python3.8/site-packages/airflow/example_dags/tutorial_objectstorage.py took 0.137 seconds
[2023-12-20T17:23:58.055+0000] {processor.py:161} INFO - Started process (PID=1732) to work on /home/airflow/.local/lib/python3.8/site-packages/airflow/example_dags/tutorial_objectstorage.py
[2023-12-20T17:23:58.063+0000] {processor.py:830} INFO - Processing file /home/airflow/.local/lib/python3.8/site-packages/airflow/example_dags/tutorial_objectstorage.py for tasks to queue
[2023-12-20T17:23:58.065+0000] {logging_mixin.py:188} INFO - [2023-12-20T17:23:58.064+0000] {dagbag.py:538} INFO - Filling up the DagBag from /home/airflow/.local/lib/python3.8/site-packages/airflow/example_dags/tutorial_objectstorage.py
[2023-12-20T17:23:58.076+0000] {processor.py:840} INFO - DAG(s) 'tutorial_objectstorage' retrieved from /home/airflow/.local/lib/python3.8/site-packages/airflow/example_dags/tutorial_objectstorage.py
[2023-12-20T17:23:58.119+0000] {logging_mixin.py:188} INFO - [2023-12-20T17:23:58.119+0000] {dag.py:3033} INFO - Sync 1 DAGs
[2023-12-20T17:23:58.142+0000] {logging_mixin.py:188} INFO - [2023-12-20T17:23:58.141+0000] {dag.py:3820} INFO - Setting next_dagrun for tutorial_objectstorage to None, run_after=None
[2023-12-20T17:23:58.180+0000] {processor.py:183} INFO - Processing /home/airflow/.local/lib/python3.8/site-packages/airflow/example_dags/tutorial_objectstorage.py took 0.130 seconds
[2023-12-20T17:24:28.635+0000] {processor.py:161} INFO - Started process (PID=1979) to work on /home/airflow/.local/lib/python3.8/site-packages/airflow/example_dags/tutorial_objectstorage.py
[2023-12-20T17:24:28.642+0000] {processor.py:830} INFO - Processing file /home/airflow/.local/lib/python3.8/site-packages/airflow/example_dags/tutorial_objectstorage.py for tasks to queue
[2023-12-20T17:24:28.643+0000] {logging_mixin.py:188} INFO - [2023-12-20T17:24:28.643+0000] {dagbag.py:538} INFO - Filling up the DagBag from /home/airflow/.local/lib/python3.8/site-packages/airflow/example_dags/tutorial_objectstorage.py
[2023-12-20T17:24:28.655+0000] {processor.py:840} INFO - DAG(s) 'tutorial_objectstorage' retrieved from /home/airflow/.local/lib/python3.8/site-packages/airflow/example_dags/tutorial_objectstorage.py
[2023-12-20T17:24:28.697+0000] {logging_mixin.py:188} INFO - [2023-12-20T17:24:28.697+0000] {dag.py:3033} INFO - Sync 1 DAGs
[2023-12-20T17:24:28.720+0000] {logging_mixin.py:188} INFO - [2023-12-20T17:24:28.720+0000] {dag.py:3820} INFO - Setting next_dagrun for tutorial_objectstorage to None, run_after=None
[2023-12-20T17:24:28.752+0000] {processor.py:183} INFO - Processing /home/airflow/.local/lib/python3.8/site-packages/airflow/example_dags/tutorial_objectstorage.py took 0.123 seconds
[2023-12-20T17:25:55.473+0000] {processor.py:161} INFO - Started process (PID=53) to work on /home/airflow/.local/lib/python3.8/site-packages/airflow/example_dags/tutorial_objectstorage.py
[2023-12-20T17:25:55.485+0000] {processor.py:830} INFO - Processing file /home/airflow/.local/lib/python3.8/site-packages/airflow/example_dags/tutorial_objectstorage.py for tasks to queue
[2023-12-20T17:25:55.488+0000] {logging_mixin.py:188} INFO - [2023-12-20T17:25:55.488+0000] {dagbag.py:538} INFO - Filling up the DagBag from /home/airflow/.local/lib/python3.8/site-packages/airflow/example_dags/tutorial_objectstorage.py
[2023-12-20T17:25:55.536+0000] {processor.py:840} INFO - DAG(s) 'tutorial_objectstorage' retrieved from /home/airflow/.local/lib/python3.8/site-packages/airflow/example_dags/tutorial_objectstorage.py
[2023-12-20T17:25:56.112+0000] {logging_mixin.py:188} INFO - [2023-12-20T17:25:56.112+0000] {dag.py:3033} INFO - Sync 1 DAGs
[2023-12-20T17:25:56.158+0000] {logging_mixin.py:188} INFO - [2023-12-20T17:25:56.157+0000] {dag.py:3820} INFO - Setting next_dagrun for tutorial_objectstorage to None, run_after=None
[2023-12-20T17:25:56.264+0000] {processor.py:183} INFO - Processing /home/airflow/.local/lib/python3.8/site-packages/airflow/example_dags/tutorial_objectstorage.py took 0.797 seconds
[2023-12-20T17:26:27.010+0000] {processor.py:161} INFO - Started process (PID=107) to work on /home/airflow/.local/lib/python3.8/site-packages/airflow/example_dags/tutorial_objectstorage.py
[2023-12-20T17:26:27.012+0000] {processor.py:830} INFO - Processing file /home/airflow/.local/lib/python3.8/site-packages/airflow/example_dags/tutorial_objectstorage.py for tasks to queue
[2023-12-20T17:26:27.019+0000] {logging_mixin.py:188} INFO - [2023-12-20T17:26:27.018+0000] {dagbag.py:538} INFO - Filling up the DagBag from /home/airflow/.local/lib/python3.8/site-packages/airflow/example_dags/tutorial_objectstorage.py
[2023-12-20T17:26:27.030+0000] {processor.py:840} INFO - DAG(s) 'tutorial_objectstorage' retrieved from /home/airflow/.local/lib/python3.8/site-packages/airflow/example_dags/tutorial_objectstorage.py
[2023-12-20T17:26:27.081+0000] {logging_mixin.py:188} INFO - [2023-12-20T17:26:27.080+0000] {dag.py:3033} INFO - Sync 1 DAGs
[2023-12-20T17:26:27.109+0000] {logging_mixin.py:188} INFO - [2023-12-20T17:26:27.109+0000] {dag.py:3820} INFO - Setting next_dagrun for tutorial_objectstorage to None, run_after=None
[2023-12-20T17:26:27.157+0000] {processor.py:183} INFO - Processing /home/airflow/.local/lib/python3.8/site-packages/airflow/example_dags/tutorial_objectstorage.py took 0.152 seconds
[2023-12-20T17:26:57.508+0000] {processor.py:161} INFO - Started process (PID=161) to work on /home/airflow/.local/lib/python3.8/site-packages/airflow/example_dags/tutorial_objectstorage.py
[2023-12-20T17:26:57.510+0000] {processor.py:830} INFO - Processing file /home/airflow/.local/lib/python3.8/site-packages/airflow/example_dags/tutorial_objectstorage.py for tasks to queue
[2023-12-20T17:26:57.513+0000] {logging_mixin.py:188} INFO - [2023-12-20T17:26:57.513+0000] {dagbag.py:538} INFO - Filling up the DagBag from /home/airflow/.local/lib/python3.8/site-packages/airflow/example_dags/tutorial_objectstorage.py
[2023-12-20T17:26:57.525+0000] {processor.py:840} INFO - DAG(s) 'tutorial_objectstorage' retrieved from /home/airflow/.local/lib/python3.8/site-packages/airflow/example_dags/tutorial_objectstorage.py
[2023-12-20T17:26:57.553+0000] {logging_mixin.py:188} INFO - [2023-12-20T17:26:57.552+0000] {dag.py:3033} INFO - Sync 1 DAGs
[2023-12-20T17:26:57.570+0000] {logging_mixin.py:188} INFO - [2023-12-20T17:26:57.570+0000] {dag.py:3820} INFO - Setting next_dagrun for tutorial_objectstorage to None, run_after=None
[2023-12-20T17:26:57.602+0000] {processor.py:183} INFO - Processing /home/airflow/.local/lib/python3.8/site-packages/airflow/example_dags/tutorial_objectstorage.py took 0.100 seconds
[2023-12-20T17:27:28.119+0000] {processor.py:161} INFO - Started process (PID=216) to work on /home/airflow/.local/lib/python3.8/site-packages/airflow/example_dags/tutorial_objectstorage.py
[2023-12-20T17:27:28.121+0000] {processor.py:830} INFO - Processing file /home/airflow/.local/lib/python3.8/site-packages/airflow/example_dags/tutorial_objectstorage.py for tasks to queue
[2023-12-20T17:27:28.127+0000] {logging_mixin.py:188} INFO - [2023-12-20T17:27:28.125+0000] {dagbag.py:538} INFO - Filling up the DagBag from /home/airflow/.local/lib/python3.8/site-packages/airflow/example_dags/tutorial_objectstorage.py
[2023-12-20T17:27:28.144+0000] {processor.py:840} INFO - DAG(s) 'tutorial_objectstorage' retrieved from /home/airflow/.local/lib/python3.8/site-packages/airflow/example_dags/tutorial_objectstorage.py
[2023-12-20T17:27:28.198+0000] {logging_mixin.py:188} INFO - [2023-12-20T17:27:28.198+0000] {dag.py:3033} INFO - Sync 1 DAGs
[2023-12-20T17:27:28.226+0000] {logging_mixin.py:188} INFO - [2023-12-20T17:27:28.226+0000] {dag.py:3820} INFO - Setting next_dagrun for tutorial_objectstorage to None, run_after=None
[2023-12-20T17:27:28.262+0000] {processor.py:183} INFO - Processing /home/airflow/.local/lib/python3.8/site-packages/airflow/example_dags/tutorial_objectstorage.py took 0.153 seconds
[2023-12-20T17:27:58.530+0000] {processor.py:161} INFO - Started process (PID=271) to work on /home/airflow/.local/lib/python3.8/site-packages/airflow/example_dags/tutorial_objectstorage.py
[2023-12-20T17:27:58.540+0000] {processor.py:830} INFO - Processing file /home/airflow/.local/lib/python3.8/site-packages/airflow/example_dags/tutorial_objectstorage.py for tasks to queue
[2023-12-20T17:27:58.547+0000] {logging_mixin.py:188} INFO - [2023-12-20T17:27:58.545+0000] {dagbag.py:538} INFO - Filling up the DagBag from /home/airflow/.local/lib/python3.8/site-packages/airflow/example_dags/tutorial_objectstorage.py
[2023-12-20T17:27:58.572+0000] {processor.py:840} INFO - DAG(s) 'tutorial_objectstorage' retrieved from /home/airflow/.local/lib/python3.8/site-packages/airflow/example_dags/tutorial_objectstorage.py
[2023-12-20T17:27:58.610+0000] {logging_mixin.py:188} INFO - [2023-12-20T17:27:58.610+0000] {dag.py:3033} INFO - Sync 1 DAGs
[2023-12-20T17:27:58.636+0000] {logging_mixin.py:188} INFO - [2023-12-20T17:27:58.636+0000] {dag.py:3820} INFO - Setting next_dagrun for tutorial_objectstorage to None, run_after=None
[2023-12-20T17:27:58.679+0000] {processor.py:183} INFO - Processing /home/airflow/.local/lib/python3.8/site-packages/airflow/example_dags/tutorial_objectstorage.py took 0.160 seconds
[2023-12-20T17:28:29.521+0000] {processor.py:161} INFO - Started process (PID=325) to work on /home/airflow/.local/lib/python3.8/site-packages/airflow/example_dags/tutorial_objectstorage.py
[2023-12-20T17:28:29.523+0000] {processor.py:830} INFO - Processing file /home/airflow/.local/lib/python3.8/site-packages/airflow/example_dags/tutorial_objectstorage.py for tasks to queue
[2023-12-20T17:28:29.532+0000] {logging_mixin.py:188} INFO - [2023-12-20T17:28:29.531+0000] {dagbag.py:538} INFO - Filling up the DagBag from /home/airflow/.local/lib/python3.8/site-packages/airflow/example_dags/tutorial_objectstorage.py
[2023-12-20T17:28:29.551+0000] {processor.py:840} INFO - DAG(s) 'tutorial_objectstorage' retrieved from /home/airflow/.local/lib/python3.8/site-packages/airflow/example_dags/tutorial_objectstorage.py
[2023-12-20T17:28:29.615+0000] {logging_mixin.py:188} INFO - [2023-12-20T17:28:29.615+0000] {dag.py:3033} INFO - Sync 1 DAGs
[2023-12-20T17:28:29.646+0000] {logging_mixin.py:188} INFO - [2023-12-20T17:28:29.646+0000] {dag.py:3820} INFO - Setting next_dagrun for tutorial_objectstorage to None, run_after=None
[2023-12-20T17:28:29.699+0000] {processor.py:183} INFO - Processing /home/airflow/.local/lib/python3.8/site-packages/airflow/example_dags/tutorial_objectstorage.py took 0.188 seconds
[2023-12-20T17:29:00.042+0000] {processor.py:161} INFO - Started process (PID=380) to work on /home/airflow/.local/lib/python3.8/site-packages/airflow/example_dags/tutorial_objectstorage.py
[2023-12-20T17:29:00.050+0000] {processor.py:830} INFO - Processing file /home/airflow/.local/lib/python3.8/site-packages/airflow/example_dags/tutorial_objectstorage.py for tasks to queue
[2023-12-20T17:29:00.054+0000] {logging_mixin.py:188} INFO - [2023-12-20T17:29:00.053+0000] {dagbag.py:538} INFO - Filling up the DagBag from /home/airflow/.local/lib/python3.8/site-packages/airflow/example_dags/tutorial_objectstorage.py
[2023-12-20T17:29:00.070+0000] {processor.py:840} INFO - DAG(s) 'tutorial_objectstorage' retrieved from /home/airflow/.local/lib/python3.8/site-packages/airflow/example_dags/tutorial_objectstorage.py
[2023-12-20T17:29:00.129+0000] {logging_mixin.py:188} INFO - [2023-12-20T17:29:00.128+0000] {dag.py:3033} INFO - Sync 1 DAGs
[2023-12-20T17:29:00.156+0000] {logging_mixin.py:188} INFO - [2023-12-20T17:29:00.155+0000] {dag.py:3820} INFO - Setting next_dagrun for tutorial_objectstorage to None, run_after=None
[2023-12-20T17:29:00.201+0000] {processor.py:183} INFO - Processing /home/airflow/.local/lib/python3.8/site-packages/airflow/example_dags/tutorial_objectstorage.py took 0.165 seconds
[2023-12-20T17:29:30.298+0000] {processor.py:161} INFO - Started process (PID=435) to work on /home/airflow/.local/lib/python3.8/site-packages/airflow/example_dags/tutorial_objectstorage.py
[2023-12-20T17:29:30.299+0000] {processor.py:830} INFO - Processing file /home/airflow/.local/lib/python3.8/site-packages/airflow/example_dags/tutorial_objectstorage.py for tasks to queue
[2023-12-20T17:29:30.309+0000] {logging_mixin.py:188} INFO - [2023-12-20T17:29:30.302+0000] {dagbag.py:538} INFO - Filling up the DagBag from /home/airflow/.local/lib/python3.8/site-packages/airflow/example_dags/tutorial_objectstorage.py
[2023-12-20T17:29:30.328+0000] {processor.py:840} INFO - DAG(s) 'tutorial_objectstorage' retrieved from /home/airflow/.local/lib/python3.8/site-packages/airflow/example_dags/tutorial_objectstorage.py
[2023-12-20T17:29:30.385+0000] {logging_mixin.py:188} INFO - [2023-12-20T17:29:30.385+0000] {dag.py:3033} INFO - Sync 1 DAGs
[2023-12-20T17:29:30.428+0000] {logging_mixin.py:188} INFO - [2023-12-20T17:29:30.427+0000] {dag.py:3820} INFO - Setting next_dagrun for tutorial_objectstorage to None, run_after=None
[2023-12-20T17:29:30.479+0000] {processor.py:183} INFO - Processing /home/airflow/.local/lib/python3.8/site-packages/airflow/example_dags/tutorial_objectstorage.py took 0.188 seconds
[2023-12-20T17:30:00.643+0000] {processor.py:161} INFO - Started process (PID=490) to work on /home/airflow/.local/lib/python3.8/site-packages/airflow/example_dags/tutorial_objectstorage.py
[2023-12-20T17:30:00.651+0000] {processor.py:830} INFO - Processing file /home/airflow/.local/lib/python3.8/site-packages/airflow/example_dags/tutorial_objectstorage.py for tasks to queue
[2023-12-20T17:30:00.654+0000] {logging_mixin.py:188} INFO - [2023-12-20T17:30:00.654+0000] {dagbag.py:538} INFO - Filling up the DagBag from /home/airflow/.local/lib/python3.8/site-packages/airflow/example_dags/tutorial_objectstorage.py
[2023-12-20T17:30:00.679+0000] {processor.py:840} INFO - DAG(s) 'tutorial_objectstorage' retrieved from /home/airflow/.local/lib/python3.8/site-packages/airflow/example_dags/tutorial_objectstorage.py
[2023-12-20T17:30:00.763+0000] {logging_mixin.py:188} INFO - [2023-12-20T17:30:00.762+0000] {dag.py:3033} INFO - Sync 1 DAGs
[2023-12-20T17:30:00.792+0000] {logging_mixin.py:188} INFO - [2023-12-20T17:30:00.792+0000] {dag.py:3820} INFO - Setting next_dagrun for tutorial_objectstorage to None, run_after=None
[2023-12-20T17:30:00.841+0000] {processor.py:183} INFO - Processing /home/airflow/.local/lib/python3.8/site-packages/airflow/example_dags/tutorial_objectstorage.py took 0.205 seconds
[2023-12-20T17:30:31.049+0000] {processor.py:161} INFO - Started process (PID=545) to work on /home/airflow/.local/lib/python3.8/site-packages/airflow/example_dags/tutorial_objectstorage.py
[2023-12-20T17:30:31.051+0000] {processor.py:830} INFO - Processing file /home/airflow/.local/lib/python3.8/site-packages/airflow/example_dags/tutorial_objectstorage.py for tasks to queue
[2023-12-20T17:30:31.055+0000] {logging_mixin.py:188} INFO - [2023-12-20T17:30:31.054+0000] {dagbag.py:538} INFO - Filling up the DagBag from /home/airflow/.local/lib/python3.8/site-packages/airflow/example_dags/tutorial_objectstorage.py
[2023-12-20T17:30:31.076+0000] {processor.py:840} INFO - DAG(s) 'tutorial_objectstorage' retrieved from /home/airflow/.local/lib/python3.8/site-packages/airflow/example_dags/tutorial_objectstorage.py
[2023-12-20T17:30:31.131+0000] {logging_mixin.py:188} INFO - [2023-12-20T17:30:31.131+0000] {dag.py:3033} INFO - Sync 1 DAGs
[2023-12-20T17:30:31.166+0000] {logging_mixin.py:188} INFO - [2023-12-20T17:30:31.165+0000] {dag.py:3820} INFO - Setting next_dagrun for tutorial_objectstorage to None, run_after=None
[2023-12-20T17:30:31.229+0000] {processor.py:183} INFO - Processing /home/airflow/.local/lib/python3.8/site-packages/airflow/example_dags/tutorial_objectstorage.py took 0.188 seconds
[2023-12-20T17:31:01.620+0000] {processor.py:161} INFO - Started process (PID=600) to work on /home/airflow/.local/lib/python3.8/site-packages/airflow/example_dags/tutorial_objectstorage.py
[2023-12-20T17:31:01.629+0000] {processor.py:830} INFO - Processing file /home/airflow/.local/lib/python3.8/site-packages/airflow/example_dags/tutorial_objectstorage.py for tasks to queue
[2023-12-20T17:31:01.635+0000] {logging_mixin.py:188} INFO - [2023-12-20T17:31:01.634+0000] {dagbag.py:538} INFO - Filling up the DagBag from /home/airflow/.local/lib/python3.8/site-packages/airflow/example_dags/tutorial_objectstorage.py
[2023-12-20T17:31:01.660+0000] {processor.py:840} INFO - DAG(s) 'tutorial_objectstorage' retrieved from /home/airflow/.local/lib/python3.8/site-packages/airflow/example_dags/tutorial_objectstorage.py
[2023-12-20T17:31:01.717+0000] {logging_mixin.py:188} INFO - [2023-12-20T17:31:01.716+0000] {dag.py:3033} INFO - Sync 1 DAGs
[2023-12-20T17:31:01.747+0000] {logging_mixin.py:188} INFO - [2023-12-20T17:31:01.746+0000] {dag.py:3820} INFO - Setting next_dagrun for tutorial_objectstorage to None, run_after=None
[2023-12-20T17:31:01.793+0000] {processor.py:183} INFO - Processing /home/airflow/.local/lib/python3.8/site-packages/airflow/example_dags/tutorial_objectstorage.py took 0.186 seconds
[2023-12-20T17:31:32.012+0000] {processor.py:161} INFO - Started process (PID=654) to work on /home/airflow/.local/lib/python3.8/site-packages/airflow/example_dags/tutorial_objectstorage.py
[2023-12-20T17:31:32.015+0000] {processor.py:830} INFO - Processing file /home/airflow/.local/lib/python3.8/site-packages/airflow/example_dags/tutorial_objectstorage.py for tasks to queue
[2023-12-20T17:31:32.019+0000] {logging_mixin.py:188} INFO - [2023-12-20T17:31:32.019+0000] {dagbag.py:538} INFO - Filling up the DagBag from /home/airflow/.local/lib/python3.8/site-packages/airflow/example_dags/tutorial_objectstorage.py
[2023-12-20T17:31:32.029+0000] {processor.py:840} INFO - DAG(s) 'tutorial_objectstorage' retrieved from /home/airflow/.local/lib/python3.8/site-packages/airflow/example_dags/tutorial_objectstorage.py
[2023-12-20T17:31:32.078+0000] {logging_mixin.py:188} INFO - [2023-12-20T17:31:32.078+0000] {dag.py:3033} INFO - Sync 1 DAGs
[2023-12-20T17:31:32.112+0000] {logging_mixin.py:188} INFO - [2023-12-20T17:31:32.111+0000] {dag.py:3820} INFO - Setting next_dagrun for tutorial_objectstorage to None, run_after=None
[2023-12-20T17:31:32.172+0000] {processor.py:183} INFO - Processing /home/airflow/.local/lib/python3.8/site-packages/airflow/example_dags/tutorial_objectstorage.py took 0.166 seconds
[2023-12-20T17:32:02.712+0000] {processor.py:161} INFO - Started process (PID=709) to work on /home/airflow/.local/lib/python3.8/site-packages/airflow/example_dags/tutorial_objectstorage.py
[2023-12-20T17:32:02.713+0000] {processor.py:830} INFO - Processing file /home/airflow/.local/lib/python3.8/site-packages/airflow/example_dags/tutorial_objectstorage.py for tasks to queue
[2023-12-20T17:32:02.721+0000] {logging_mixin.py:188} INFO - [2023-12-20T17:32:02.721+0000] {dagbag.py:538} INFO - Filling up the DagBag from /home/airflow/.local/lib/python3.8/site-packages/airflow/example_dags/tutorial_objectstorage.py
[2023-12-20T17:32:02.738+0000] {processor.py:840} INFO - DAG(s) 'tutorial_objectstorage' retrieved from /home/airflow/.local/lib/python3.8/site-packages/airflow/example_dags/tutorial_objectstorage.py
[2023-12-20T17:32:02.804+0000] {logging_mixin.py:188} INFO - [2023-12-20T17:32:02.803+0000] {dag.py:3033} INFO - Sync 1 DAGs
[2023-12-20T17:32:02.831+0000] {logging_mixin.py:188} INFO - [2023-12-20T17:32:02.830+0000] {dag.py:3820} INFO - Setting next_dagrun for tutorial_objectstorage to None, run_after=None
[2023-12-20T17:32:02.872+0000] {processor.py:183} INFO - Processing /home/airflow/.local/lib/python3.8/site-packages/airflow/example_dags/tutorial_objectstorage.py took 0.167 seconds
[2023-12-20T17:32:33.294+0000] {processor.py:161} INFO - Started process (PID=764) to work on /home/airflow/.local/lib/python3.8/site-packages/airflow/example_dags/tutorial_objectstorage.py
[2023-12-20T17:32:33.296+0000] {processor.py:830} INFO - Processing file /home/airflow/.local/lib/python3.8/site-packages/airflow/example_dags/tutorial_objectstorage.py for tasks to queue
[2023-12-20T17:32:33.300+0000] {logging_mixin.py:188} INFO - [2023-12-20T17:32:33.300+0000] {dagbag.py:538} INFO - Filling up the DagBag from /home/airflow/.local/lib/python3.8/site-packages/airflow/example_dags/tutorial_objectstorage.py
[2023-12-20T17:32:33.317+0000] {processor.py:840} INFO - DAG(s) 'tutorial_objectstorage' retrieved from /home/airflow/.local/lib/python3.8/site-packages/airflow/example_dags/tutorial_objectstorage.py
[2023-12-20T17:32:33.361+0000] {logging_mixin.py:188} INFO - [2023-12-20T17:32:33.360+0000] {dag.py:3033} INFO - Sync 1 DAGs
[2023-12-20T17:32:33.388+0000] {logging_mixin.py:188} INFO - [2023-12-20T17:32:33.388+0000] {dag.py:3820} INFO - Setting next_dagrun for tutorial_objectstorage to None, run_after=None
[2023-12-20T17:32:33.428+0000] {processor.py:183} INFO - Processing /home/airflow/.local/lib/python3.8/site-packages/airflow/example_dags/tutorial_objectstorage.py took 0.144 seconds
[2023-12-20T17:33:04.255+0000] {processor.py:161} INFO - Started process (PID=820) to work on /home/airflow/.local/lib/python3.8/site-packages/airflow/example_dags/tutorial_objectstorage.py
[2023-12-20T17:33:04.257+0000] {processor.py:830} INFO - Processing file /home/airflow/.local/lib/python3.8/site-packages/airflow/example_dags/tutorial_objectstorage.py for tasks to queue
[2023-12-20T17:33:04.262+0000] {logging_mixin.py:188} INFO - [2023-12-20T17:33:04.261+0000] {dagbag.py:538} INFO - Filling up the DagBag from /home/airflow/.local/lib/python3.8/site-packages/airflow/example_dags/tutorial_objectstorage.py
[2023-12-20T17:33:04.276+0000] {processor.py:840} INFO - DAG(s) 'tutorial_objectstorage' retrieved from /home/airflow/.local/lib/python3.8/site-packages/airflow/example_dags/tutorial_objectstorage.py
[2023-12-20T17:33:04.314+0000] {logging_mixin.py:188} INFO - [2023-12-20T17:33:04.314+0000] {dag.py:3033} INFO - Sync 1 DAGs
[2023-12-20T17:33:04.346+0000] {logging_mixin.py:188} INFO - [2023-12-20T17:33:04.346+0000] {dag.py:3820} INFO - Setting next_dagrun for tutorial_objectstorage to None, run_after=None
[2023-12-20T17:33:04.393+0000] {processor.py:183} INFO - Processing /home/airflow/.local/lib/python3.8/site-packages/airflow/example_dags/tutorial_objectstorage.py took 0.145 seconds
[2023-12-20T17:33:34.885+0000] {processor.py:161} INFO - Started process (PID=875) to work on /home/airflow/.local/lib/python3.8/site-packages/airflow/example_dags/tutorial_objectstorage.py
[2023-12-20T17:33:34.887+0000] {processor.py:830} INFO - Processing file /home/airflow/.local/lib/python3.8/site-packages/airflow/example_dags/tutorial_objectstorage.py for tasks to queue
[2023-12-20T17:33:34.894+0000] {logging_mixin.py:188} INFO - [2023-12-20T17:33:34.892+0000] {dagbag.py:538} INFO - Filling up the DagBag from /home/airflow/.local/lib/python3.8/site-packages/airflow/example_dags/tutorial_objectstorage.py
[2023-12-20T17:33:34.909+0000] {processor.py:840} INFO - DAG(s) 'tutorial_objectstorage' retrieved from /home/airflow/.local/lib/python3.8/site-packages/airflow/example_dags/tutorial_objectstorage.py
[2023-12-20T17:33:34.958+0000] {logging_mixin.py:188} INFO - [2023-12-20T17:33:34.958+0000] {dag.py:3033} INFO - Sync 1 DAGs
[2023-12-20T17:33:35.016+0000] {logging_mixin.py:188} INFO - [2023-12-20T17:33:35.015+0000] {dag.py:3820} INFO - Setting next_dagrun for tutorial_objectstorage to None, run_after=None
[2023-12-20T17:33:35.096+0000] {processor.py:183} INFO - Processing /home/airflow/.local/lib/python3.8/site-packages/airflow/example_dags/tutorial_objectstorage.py took 0.220 seconds
[2023-12-20T17:34:05.957+0000] {processor.py:161} INFO - Started process (PID=930) to work on /home/airflow/.local/lib/python3.8/site-packages/airflow/example_dags/tutorial_objectstorage.py
[2023-12-20T17:34:05.958+0000] {processor.py:830} INFO - Processing file /home/airflow/.local/lib/python3.8/site-packages/airflow/example_dags/tutorial_objectstorage.py for tasks to queue
[2023-12-20T17:34:05.962+0000] {logging_mixin.py:188} INFO - [2023-12-20T17:34:05.962+0000] {dagbag.py:538} INFO - Filling up the DagBag from /home/airflow/.local/lib/python3.8/site-packages/airflow/example_dags/tutorial_objectstorage.py
[2023-12-20T17:34:05.980+0000] {processor.py:840} INFO - DAG(s) 'tutorial_objectstorage' retrieved from /home/airflow/.local/lib/python3.8/site-packages/airflow/example_dags/tutorial_objectstorage.py
[2023-12-20T17:34:06.036+0000] {logging_mixin.py:188} INFO - [2023-12-20T17:34:06.036+0000] {dag.py:3033} INFO - Sync 1 DAGs
[2023-12-20T17:34:06.069+0000] {logging_mixin.py:188} INFO - [2023-12-20T17:34:06.068+0000] {dag.py:3820} INFO - Setting next_dagrun for tutorial_objectstorage to None, run_after=None
[2023-12-20T17:34:06.119+0000] {processor.py:183} INFO - Processing /home/airflow/.local/lib/python3.8/site-packages/airflow/example_dags/tutorial_objectstorage.py took 0.172 seconds
[2023-12-20T17:34:36.463+0000] {processor.py:161} INFO - Started process (PID=985) to work on /home/airflow/.local/lib/python3.8/site-packages/airflow/example_dags/tutorial_objectstorage.py
[2023-12-20T17:34:36.466+0000] {processor.py:830} INFO - Processing file /home/airflow/.local/lib/python3.8/site-packages/airflow/example_dags/tutorial_objectstorage.py for tasks to queue
[2023-12-20T17:34:36.472+0000] {logging_mixin.py:188} INFO - [2023-12-20T17:34:36.471+0000] {dagbag.py:538} INFO - Filling up the DagBag from /home/airflow/.local/lib/python3.8/site-packages/airflow/example_dags/tutorial_objectstorage.py
[2023-12-20T17:34:36.488+0000] {processor.py:840} INFO - DAG(s) 'tutorial_objectstorage' retrieved from /home/airflow/.local/lib/python3.8/site-packages/airflow/example_dags/tutorial_objectstorage.py
[2023-12-20T17:34:36.578+0000] {logging_mixin.py:188} INFO - [2023-12-20T17:34:36.576+0000] {dag.py:3033} INFO - Sync 1 DAGs
[2023-12-20T17:34:36.618+0000] {logging_mixin.py:188} INFO - [2023-12-20T17:34:36.617+0000] {dag.py:3820} INFO - Setting next_dagrun for tutorial_objectstorage to None, run_after=None
[2023-12-20T17:34:36.679+0000] {processor.py:183} INFO - Processing /home/airflow/.local/lib/python3.8/site-packages/airflow/example_dags/tutorial_objectstorage.py took 0.223 seconds
[2023-12-20T17:35:07.083+0000] {processor.py:161} INFO - Started process (PID=1039) to work on /home/airflow/.local/lib/python3.8/site-packages/airflow/example_dags/tutorial_objectstorage.py
[2023-12-20T17:35:07.085+0000] {processor.py:830} INFO - Processing file /home/airflow/.local/lib/python3.8/site-packages/airflow/example_dags/tutorial_objectstorage.py for tasks to queue
[2023-12-20T17:35:07.089+0000] {logging_mixin.py:188} INFO - [2023-12-20T17:35:07.088+0000] {dagbag.py:538} INFO - Filling up the DagBag from /home/airflow/.local/lib/python3.8/site-packages/airflow/example_dags/tutorial_objectstorage.py
[2023-12-20T17:35:07.102+0000] {processor.py:840} INFO - DAG(s) 'tutorial_objectstorage' retrieved from /home/airflow/.local/lib/python3.8/site-packages/airflow/example_dags/tutorial_objectstorage.py
[2023-12-20T17:35:07.144+0000] {logging_mixin.py:188} INFO - [2023-12-20T17:35:07.144+0000] {dag.py:3033} INFO - Sync 1 DAGs
[2023-12-20T17:35:07.179+0000] {logging_mixin.py:188} INFO - [2023-12-20T17:35:07.178+0000] {dag.py:3820} INFO - Setting next_dagrun for tutorial_objectstorage to None, run_after=None
[2023-12-20T17:35:07.236+0000] {processor.py:183} INFO - Processing /home/airflow/.local/lib/python3.8/site-packages/airflow/example_dags/tutorial_objectstorage.py took 0.161 seconds
[2023-12-20T17:35:37.478+0000] {processor.py:161} INFO - Started process (PID=1094) to work on /home/airflow/.local/lib/python3.8/site-packages/airflow/example_dags/tutorial_objectstorage.py
[2023-12-20T17:35:37.487+0000] {processor.py:830} INFO - Processing file /home/airflow/.local/lib/python3.8/site-packages/airflow/example_dags/tutorial_objectstorage.py for tasks to queue
[2023-12-20T17:35:37.491+0000] {logging_mixin.py:188} INFO - [2023-12-20T17:35:37.490+0000] {dagbag.py:538} INFO - Filling up the DagBag from /home/airflow/.local/lib/python3.8/site-packages/airflow/example_dags/tutorial_objectstorage.py
[2023-12-20T17:35:37.511+0000] {processor.py:840} INFO - DAG(s) 'tutorial_objectstorage' retrieved from /home/airflow/.local/lib/python3.8/site-packages/airflow/example_dags/tutorial_objectstorage.py
[2023-12-20T17:35:37.576+0000] {logging_mixin.py:188} INFO - [2023-12-20T17:35:37.575+0000] {dag.py:3033} INFO - Sync 1 DAGs
[2023-12-20T17:35:37.619+0000] {logging_mixin.py:188} INFO - [2023-12-20T17:35:37.619+0000] {dag.py:3820} INFO - Setting next_dagrun for tutorial_objectstorage to None, run_after=None
[2023-12-20T17:35:37.701+0000] {processor.py:183} INFO - Processing /home/airflow/.local/lib/python3.8/site-packages/airflow/example_dags/tutorial_objectstorage.py took 0.233 seconds
[2023-12-20T17:36:07.878+0000] {processor.py:161} INFO - Started process (PID=1149) to work on /home/airflow/.local/lib/python3.8/site-packages/airflow/example_dags/tutorial_objectstorage.py
[2023-12-20T17:36:07.879+0000] {processor.py:830} INFO - Processing file /home/airflow/.local/lib/python3.8/site-packages/airflow/example_dags/tutorial_objectstorage.py for tasks to queue
[2023-12-20T17:36:07.882+0000] {logging_mixin.py:188} INFO - [2023-12-20T17:36:07.882+0000] {dagbag.py:538} INFO - Filling up the DagBag from /home/airflow/.local/lib/python3.8/site-packages/airflow/example_dags/tutorial_objectstorage.py
[2023-12-20T17:36:07.892+0000] {processor.py:840} INFO - DAG(s) 'tutorial_objectstorage' retrieved from /home/airflow/.local/lib/python3.8/site-packages/airflow/example_dags/tutorial_objectstorage.py
[2023-12-20T17:36:07.924+0000] {logging_mixin.py:188} INFO - [2023-12-20T17:36:07.924+0000] {dag.py:3033} INFO - Sync 1 DAGs
[2023-12-20T17:36:07.944+0000] {logging_mixin.py:188} INFO - [2023-12-20T17:36:07.944+0000] {dag.py:3820} INFO - Setting next_dagrun for tutorial_objectstorage to None, run_after=None
[2023-12-20T17:36:07.971+0000] {processor.py:183} INFO - Processing /home/airflow/.local/lib/python3.8/site-packages/airflow/example_dags/tutorial_objectstorage.py took 0.098 seconds
[2023-12-20T17:36:38.149+0000] {processor.py:161} INFO - Started process (PID=1204) to work on /home/airflow/.local/lib/python3.8/site-packages/airflow/example_dags/tutorial_objectstorage.py
[2023-12-20T17:36:38.160+0000] {processor.py:830} INFO - Processing file /home/airflow/.local/lib/python3.8/site-packages/airflow/example_dags/tutorial_objectstorage.py for tasks to queue
[2023-12-20T17:36:38.163+0000] {logging_mixin.py:188} INFO - [2023-12-20T17:36:38.162+0000] {dagbag.py:538} INFO - Filling up the DagBag from /home/airflow/.local/lib/python3.8/site-packages/airflow/example_dags/tutorial_objectstorage.py
[2023-12-20T17:36:38.175+0000] {processor.py:840} INFO - DAG(s) 'tutorial_objectstorage' retrieved from /home/airflow/.local/lib/python3.8/site-packages/airflow/example_dags/tutorial_objectstorage.py
[2023-12-20T17:36:38.208+0000] {logging_mixin.py:188} INFO - [2023-12-20T17:36:38.208+0000] {dag.py:3033} INFO - Sync 1 DAGs
[2023-12-20T17:36:38.235+0000] {logging_mixin.py:188} INFO - [2023-12-20T17:36:38.234+0000] {dag.py:3820} INFO - Setting next_dagrun for tutorial_objectstorage to None, run_after=None
[2023-12-20T17:36:38.271+0000] {processor.py:183} INFO - Processing /home/airflow/.local/lib/python3.8/site-packages/airflow/example_dags/tutorial_objectstorage.py took 0.134 seconds
[2023-12-20T17:37:08.716+0000] {processor.py:161} INFO - Started process (PID=1258) to work on /home/airflow/.local/lib/python3.8/site-packages/airflow/example_dags/tutorial_objectstorage.py
[2023-12-20T17:37:08.717+0000] {processor.py:830} INFO - Processing file /home/airflow/.local/lib/python3.8/site-packages/airflow/example_dags/tutorial_objectstorage.py for tasks to queue
[2023-12-20T17:37:08.720+0000] {logging_mixin.py:188} INFO - [2023-12-20T17:37:08.720+0000] {dagbag.py:538} INFO - Filling up the DagBag from /home/airflow/.local/lib/python3.8/site-packages/airflow/example_dags/tutorial_objectstorage.py
[2023-12-20T17:37:08.731+0000] {processor.py:840} INFO - DAG(s) 'tutorial_objectstorage' retrieved from /home/airflow/.local/lib/python3.8/site-packages/airflow/example_dags/tutorial_objectstorage.py
[2023-12-20T17:37:08.755+0000] {logging_mixin.py:188} INFO - [2023-12-20T17:37:08.754+0000] {dag.py:3033} INFO - Sync 1 DAGs
[2023-12-20T17:37:08.770+0000] {logging_mixin.py:188} INFO - [2023-12-20T17:37:08.770+0000] {dag.py:3820} INFO - Setting next_dagrun for tutorial_objectstorage to None, run_after=None
[2023-12-20T17:37:08.804+0000] {processor.py:183} INFO - Processing /home/airflow/.local/lib/python3.8/site-packages/airflow/example_dags/tutorial_objectstorage.py took 0.094 seconds
