[2023-12-22T04:09:31.251+0000] {processor.py:161} INFO - Started process (PID=1039) to work on /opt/airflow/dags/first_dag_with_bash_operator.py
[2023-12-22T04:09:31.252+0000] {processor.py:830} INFO - Processing file /opt/airflow/dags/first_dag_with_bash_operator.py for tasks to queue
[2023-12-22T04:09:31.253+0000] {logging_mixin.py:188} INFO - [2023-12-22T04:09:31.253+0000] {dagbag.py:538} INFO - Filling up the DagBag from /opt/airflow/dags/first_dag_with_bash_operator.py
[2023-12-22T04:09:31.277+0000] {processor.py:840} INFO - DAG(s) 'out_first_dag_V4' retrieved from /opt/airflow/dags/first_dag_with_bash_operator.py
[2023-12-22T04:09:31.444+0000] {logging_mixin.py:188} INFO - [2023-12-22T04:09:31.444+0000] {dag.py:3033} INFO - Sync 1 DAGs
[2023-12-22T04:09:31.468+0000] {logging_mixin.py:188} INFO - [2023-12-22T04:09:31.468+0000] {dag.py:3820} INFO - Setting next_dagrun for out_first_dag_V4 to 2023-12-22T00:00:00+00:00, run_after=2023-12-23T00:00:00+00:00
[2023-12-22T04:09:31.500+0000] {processor.py:183} INFO - Processing /opt/airflow/dags/first_dag_with_bash_operator.py took 0.255 seconds
[2023-12-22T04:10:01.566+0000] {processor.py:161} INFO - Started process (PID=1047) to work on /opt/airflow/dags/first_dag_with_bash_operator.py
[2023-12-22T04:10:01.567+0000] {processor.py:830} INFO - Processing file /opt/airflow/dags/first_dag_with_bash_operator.py for tasks to queue
[2023-12-22T04:10:01.568+0000] {logging_mixin.py:188} INFO - [2023-12-22T04:10:01.568+0000] {dagbag.py:538} INFO - Filling up the DagBag from /opt/airflow/dags/first_dag_with_bash_operator.py
[2023-12-22T04:10:01.588+0000] {processor.py:840} INFO - DAG(s) 'out_first_dag_V4' retrieved from /opt/airflow/dags/first_dag_with_bash_operator.py
[2023-12-22T04:10:01.617+0000] {logging_mixin.py:188} INFO - [2023-12-22T04:10:01.617+0000] {dag.py:3033} INFO - Sync 1 DAGs
[2023-12-22T04:10:01.643+0000] {logging_mixin.py:188} INFO - [2023-12-22T04:10:01.643+0000] {dag.py:3820} INFO - Setting next_dagrun for out_first_dag_V4 to 2023-12-22T00:00:00+00:00, run_after=2023-12-23T00:00:00+00:00
[2023-12-22T04:10:01.675+0000] {processor.py:183} INFO - Processing /opt/airflow/dags/first_dag_with_bash_operator.py took 0.115 seconds
[2023-12-22T04:10:31.883+0000] {processor.py:161} INFO - Started process (PID=1055) to work on /opt/airflow/dags/first_dag_with_bash_operator.py
[2023-12-22T04:10:31.886+0000] {processor.py:830} INFO - Processing file /opt/airflow/dags/first_dag_with_bash_operator.py for tasks to queue
[2023-12-22T04:10:31.887+0000] {logging_mixin.py:188} INFO - [2023-12-22T04:10:31.887+0000] {dagbag.py:538} INFO - Filling up the DagBag from /opt/airflow/dags/first_dag_with_bash_operator.py
[2023-12-22T04:10:31.908+0000] {processor.py:840} INFO - DAG(s) 'out_first_dag_V4' retrieved from /opt/airflow/dags/first_dag_with_bash_operator.py
[2023-12-22T04:10:31.939+0000] {logging_mixin.py:188} INFO - [2023-12-22T04:10:31.939+0000] {dag.py:3033} INFO - Sync 1 DAGs
[2023-12-22T04:10:31.966+0000] {logging_mixin.py:188} INFO - [2023-12-22T04:10:31.966+0000] {dag.py:3820} INFO - Setting next_dagrun for out_first_dag_V4 to 2023-12-22T00:00:00+00:00, run_after=2023-12-23T00:00:00+00:00
[2023-12-22T04:10:32.008+0000] {processor.py:183} INFO - Processing /opt/airflow/dags/first_dag_with_bash_operator.py took 0.130 seconds
[2023-12-22T04:11:02.173+0000] {processor.py:161} INFO - Started process (PID=1063) to work on /opt/airflow/dags/first_dag_with_bash_operator.py
[2023-12-22T04:11:02.174+0000] {processor.py:830} INFO - Processing file /opt/airflow/dags/first_dag_with_bash_operator.py for tasks to queue
[2023-12-22T04:11:02.176+0000] {logging_mixin.py:188} INFO - [2023-12-22T04:11:02.175+0000] {dagbag.py:538} INFO - Filling up the DagBag from /opt/airflow/dags/first_dag_with_bash_operator.py
[2023-12-22T04:11:02.193+0000] {processor.py:840} INFO - DAG(s) 'out_first_dag_V4' retrieved from /opt/airflow/dags/first_dag_with_bash_operator.py
[2023-12-22T04:11:02.222+0000] {logging_mixin.py:188} INFO - [2023-12-22T04:11:02.222+0000] {dag.py:3033} INFO - Sync 1 DAGs
[2023-12-22T04:11:02.249+0000] {logging_mixin.py:188} INFO - [2023-12-22T04:11:02.248+0000] {dag.py:3820} INFO - Setting next_dagrun for out_first_dag_V4 to 2023-12-22T00:00:00+00:00, run_after=2023-12-23T00:00:00+00:00
[2023-12-22T04:11:02.277+0000] {processor.py:183} INFO - Processing /opt/airflow/dags/first_dag_with_bash_operator.py took 0.108 seconds
[2023-12-22T04:11:32.436+0000] {processor.py:161} INFO - Started process (PID=1071) to work on /opt/airflow/dags/first_dag_with_bash_operator.py
[2023-12-22T04:11:32.438+0000] {processor.py:830} INFO - Processing file /opt/airflow/dags/first_dag_with_bash_operator.py for tasks to queue
[2023-12-22T04:11:32.439+0000] {logging_mixin.py:188} INFO - [2023-12-22T04:11:32.439+0000] {dagbag.py:538} INFO - Filling up the DagBag from /opt/airflow/dags/first_dag_with_bash_operator.py
[2023-12-22T04:11:32.459+0000] {processor.py:840} INFO - DAG(s) 'out_first_dag_V4' retrieved from /opt/airflow/dags/first_dag_with_bash_operator.py
[2023-12-22T04:11:32.491+0000] {logging_mixin.py:188} INFO - [2023-12-22T04:11:32.491+0000] {dag.py:3033} INFO - Sync 1 DAGs
[2023-12-22T04:11:32.523+0000] {logging_mixin.py:188} INFO - [2023-12-22T04:11:32.523+0000] {dag.py:3820} INFO - Setting next_dagrun for out_first_dag_V4 to 2023-12-22T00:00:00+00:00, run_after=2023-12-23T00:00:00+00:00
[2023-12-22T04:11:32.546+0000] {processor.py:183} INFO - Processing /opt/airflow/dags/first_dag_with_bash_operator.py took 0.115 seconds
[2023-12-22T04:12:02.724+0000] {processor.py:161} INFO - Started process (PID=1079) to work on /opt/airflow/dags/first_dag_with_bash_operator.py
[2023-12-22T04:12:02.726+0000] {processor.py:830} INFO - Processing file /opt/airflow/dags/first_dag_with_bash_operator.py for tasks to queue
[2023-12-22T04:12:02.727+0000] {logging_mixin.py:188} INFO - [2023-12-22T04:12:02.726+0000] {dagbag.py:538} INFO - Filling up the DagBag from /opt/airflow/dags/first_dag_with_bash_operator.py
[2023-12-22T04:12:02.751+0000] {processor.py:840} INFO - DAG(s) 'out_first_dag_V4' retrieved from /opt/airflow/dags/first_dag_with_bash_operator.py
[2023-12-22T04:12:02.786+0000] {logging_mixin.py:188} INFO - [2023-12-22T04:12:02.786+0000] {dag.py:3033} INFO - Sync 1 DAGs
[2023-12-22T04:12:02.825+0000] {logging_mixin.py:188} INFO - [2023-12-22T04:12:02.824+0000] {dag.py:3820} INFO - Setting next_dagrun for out_first_dag_V4 to 2023-12-22T00:00:00+00:00, run_after=2023-12-23T00:00:00+00:00
[2023-12-22T04:12:02.860+0000] {processor.py:183} INFO - Processing /opt/airflow/dags/first_dag_with_bash_operator.py took 0.141 seconds
[2023-12-22T04:12:33.002+0000] {processor.py:161} INFO - Started process (PID=1087) to work on /opt/airflow/dags/first_dag_with_bash_operator.py
[2023-12-22T04:12:33.003+0000] {processor.py:830} INFO - Processing file /opt/airflow/dags/first_dag_with_bash_operator.py for tasks to queue
[2023-12-22T04:12:33.004+0000] {logging_mixin.py:188} INFO - [2023-12-22T04:12:33.004+0000] {dagbag.py:538} INFO - Filling up the DagBag from /opt/airflow/dags/first_dag_with_bash_operator.py
[2023-12-22T04:12:33.023+0000] {processor.py:840} INFO - DAG(s) 'out_first_dag_V4' retrieved from /opt/airflow/dags/first_dag_with_bash_operator.py
[2023-12-22T04:12:33.052+0000] {logging_mixin.py:188} INFO - [2023-12-22T04:12:33.052+0000] {dag.py:3033} INFO - Sync 1 DAGs
[2023-12-22T04:12:33.078+0000] {logging_mixin.py:188} INFO - [2023-12-22T04:12:33.078+0000] {dag.py:3820} INFO - Setting next_dagrun for out_first_dag_V4 to 2023-12-22T00:00:00+00:00, run_after=2023-12-23T00:00:00+00:00
[2023-12-22T04:12:33.103+0000] {processor.py:183} INFO - Processing /opt/airflow/dags/first_dag_with_bash_operator.py took 0.106 seconds
[2023-12-22T04:13:03.307+0000] {processor.py:161} INFO - Started process (PID=1095) to work on /opt/airflow/dags/first_dag_with_bash_operator.py
[2023-12-22T04:13:03.309+0000] {processor.py:830} INFO - Processing file /opt/airflow/dags/first_dag_with_bash_operator.py for tasks to queue
[2023-12-22T04:13:03.310+0000] {logging_mixin.py:188} INFO - [2023-12-22T04:13:03.310+0000] {dagbag.py:538} INFO - Filling up the DagBag from /opt/airflow/dags/first_dag_with_bash_operator.py
[2023-12-22T04:13:03.327+0000] {processor.py:840} INFO - DAG(s) 'out_first_dag_V4' retrieved from /opt/airflow/dags/first_dag_with_bash_operator.py
[2023-12-22T04:13:03.357+0000] {logging_mixin.py:188} INFO - [2023-12-22T04:13:03.357+0000] {dag.py:3033} INFO - Sync 1 DAGs
[2023-12-22T04:13:03.385+0000] {logging_mixin.py:188} INFO - [2023-12-22T04:13:03.384+0000] {dag.py:3820} INFO - Setting next_dagrun for out_first_dag_V4 to 2023-12-22T00:00:00+00:00, run_after=2023-12-23T00:00:00+00:00
[2023-12-22T04:13:03.413+0000] {processor.py:183} INFO - Processing /opt/airflow/dags/first_dag_with_bash_operator.py took 0.111 seconds
[2023-12-22T04:13:33.590+0000] {processor.py:161} INFO - Started process (PID=1102) to work on /opt/airflow/dags/first_dag_with_bash_operator.py
[2023-12-22T04:13:33.591+0000] {processor.py:830} INFO - Processing file /opt/airflow/dags/first_dag_with_bash_operator.py for tasks to queue
[2023-12-22T04:13:33.593+0000] {logging_mixin.py:188} INFO - [2023-12-22T04:13:33.592+0000] {dagbag.py:538} INFO - Filling up the DagBag from /opt/airflow/dags/first_dag_with_bash_operator.py
[2023-12-22T04:13:33.617+0000] {processor.py:840} INFO - DAG(s) 'out_first_dag_V4' retrieved from /opt/airflow/dags/first_dag_with_bash_operator.py
[2023-12-22T04:13:33.650+0000] {logging_mixin.py:188} INFO - [2023-12-22T04:13:33.650+0000] {dag.py:3033} INFO - Sync 1 DAGs
[2023-12-22T04:13:33.678+0000] {logging_mixin.py:188} INFO - [2023-12-22T04:13:33.677+0000] {dag.py:3820} INFO - Setting next_dagrun for out_first_dag_V4 to 2023-12-22T00:00:00+00:00, run_after=2023-12-23T00:00:00+00:00
[2023-12-22T04:13:33.711+0000] {processor.py:183} INFO - Processing /opt/airflow/dags/first_dag_with_bash_operator.py took 0.127 seconds
[2023-12-22T04:14:03.905+0000] {processor.py:161} INFO - Started process (PID=1110) to work on /opt/airflow/dags/first_dag_with_bash_operator.py
[2023-12-22T04:14:03.907+0000] {processor.py:830} INFO - Processing file /opt/airflow/dags/first_dag_with_bash_operator.py for tasks to queue
[2023-12-22T04:14:03.909+0000] {logging_mixin.py:188} INFO - [2023-12-22T04:14:03.908+0000] {dagbag.py:538} INFO - Filling up the DagBag from /opt/airflow/dags/first_dag_with_bash_operator.py
[2023-12-22T04:14:03.935+0000] {processor.py:840} INFO - DAG(s) 'out_first_dag_V4' retrieved from /opt/airflow/dags/first_dag_with_bash_operator.py
[2023-12-22T04:14:03.965+0000] {logging_mixin.py:188} INFO - [2023-12-22T04:14:03.965+0000] {dag.py:3033} INFO - Sync 1 DAGs
[2023-12-22T04:14:03.992+0000] {logging_mixin.py:188} INFO - [2023-12-22T04:14:03.991+0000] {dag.py:3820} INFO - Setting next_dagrun for out_first_dag_V4 to 2023-12-22T00:00:00+00:00, run_after=2023-12-23T00:00:00+00:00
[2023-12-22T04:14:04.013+0000] {processor.py:183} INFO - Processing /opt/airflow/dags/first_dag_with_bash_operator.py took 0.114 seconds
[2023-12-22T04:14:34.148+0000] {processor.py:161} INFO - Started process (PID=1117) to work on /opt/airflow/dags/first_dag_with_bash_operator.py
[2023-12-22T04:14:34.150+0000] {processor.py:830} INFO - Processing file /opt/airflow/dags/first_dag_with_bash_operator.py for tasks to queue
[2023-12-22T04:14:34.151+0000] {logging_mixin.py:188} INFO - [2023-12-22T04:14:34.151+0000] {dagbag.py:538} INFO - Filling up the DagBag from /opt/airflow/dags/first_dag_with_bash_operator.py
[2023-12-22T04:14:34.171+0000] {processor.py:840} INFO - DAG(s) 'out_first_dag_V4' retrieved from /opt/airflow/dags/first_dag_with_bash_operator.py
[2023-12-22T04:14:34.209+0000] {logging_mixin.py:188} INFO - [2023-12-22T04:14:34.209+0000] {dag.py:3033} INFO - Sync 1 DAGs
[2023-12-22T04:14:34.235+0000] {logging_mixin.py:188} INFO - [2023-12-22T04:14:34.235+0000] {dag.py:3820} INFO - Setting next_dagrun for out_first_dag_V4 to 2023-12-22T00:00:00+00:00, run_after=2023-12-23T00:00:00+00:00
[2023-12-22T04:14:34.268+0000] {processor.py:183} INFO - Processing /opt/airflow/dags/first_dag_with_bash_operator.py took 0.126 seconds
[2023-12-22T04:15:04.450+0000] {processor.py:161} INFO - Started process (PID=1125) to work on /opt/airflow/dags/first_dag_with_bash_operator.py
[2023-12-22T04:15:04.451+0000] {processor.py:830} INFO - Processing file /opt/airflow/dags/first_dag_with_bash_operator.py for tasks to queue
[2023-12-22T04:15:04.452+0000] {logging_mixin.py:188} INFO - [2023-12-22T04:15:04.452+0000] {dagbag.py:538} INFO - Filling up the DagBag from /opt/airflow/dags/first_dag_with_bash_operator.py
[2023-12-22T04:15:04.472+0000] {processor.py:840} INFO - DAG(s) 'out_first_dag_V4' retrieved from /opt/airflow/dags/first_dag_with_bash_operator.py
[2023-12-22T04:15:04.503+0000] {logging_mixin.py:188} INFO - [2023-12-22T04:15:04.502+0000] {dag.py:3033} INFO - Sync 1 DAGs
[2023-12-22T04:15:04.529+0000] {logging_mixin.py:188} INFO - [2023-12-22T04:15:04.529+0000] {dag.py:3820} INFO - Setting next_dagrun for out_first_dag_V4 to 2023-12-22T00:00:00+00:00, run_after=2023-12-23T00:00:00+00:00
[2023-12-22T04:15:04.556+0000] {processor.py:183} INFO - Processing /opt/airflow/dags/first_dag_with_bash_operator.py took 0.110 seconds
[2023-12-22T04:15:34.739+0000] {processor.py:161} INFO - Started process (PID=1133) to work on /opt/airflow/dags/first_dag_with_bash_operator.py
[2023-12-22T04:15:34.740+0000] {processor.py:830} INFO - Processing file /opt/airflow/dags/first_dag_with_bash_operator.py for tasks to queue
[2023-12-22T04:15:34.742+0000] {logging_mixin.py:188} INFO - [2023-12-22T04:15:34.741+0000] {dagbag.py:538} INFO - Filling up the DagBag from /opt/airflow/dags/first_dag_with_bash_operator.py
[2023-12-22T04:15:34.763+0000] {processor.py:840} INFO - DAG(s) 'out_first_dag_V4' retrieved from /opt/airflow/dags/first_dag_with_bash_operator.py
[2023-12-22T04:15:34.792+0000] {logging_mixin.py:188} INFO - [2023-12-22T04:15:34.792+0000] {dag.py:3033} INFO - Sync 1 DAGs
[2023-12-22T04:15:34.818+0000] {logging_mixin.py:188} INFO - [2023-12-22T04:15:34.817+0000] {dag.py:3820} INFO - Setting next_dagrun for out_first_dag_V4 to 2023-12-22T00:00:00+00:00, run_after=2023-12-23T00:00:00+00:00
[2023-12-22T04:15:34.847+0000] {processor.py:183} INFO - Processing /opt/airflow/dags/first_dag_with_bash_operator.py took 0.114 seconds
[2023-12-22T04:16:05.022+0000] {processor.py:161} INFO - Started process (PID=1141) to work on /opt/airflow/dags/first_dag_with_bash_operator.py
[2023-12-22T04:16:05.023+0000] {processor.py:830} INFO - Processing file /opt/airflow/dags/first_dag_with_bash_operator.py for tasks to queue
[2023-12-22T04:16:05.024+0000] {logging_mixin.py:188} INFO - [2023-12-22T04:16:05.023+0000] {dagbag.py:538} INFO - Filling up the DagBag from /opt/airflow/dags/first_dag_with_bash_operator.py
[2023-12-22T04:16:05.047+0000] {processor.py:840} INFO - DAG(s) 'out_first_dag_V4' retrieved from /opt/airflow/dags/first_dag_with_bash_operator.py
[2023-12-22T04:16:05.077+0000] {logging_mixin.py:188} INFO - [2023-12-22T04:16:05.076+0000] {dag.py:3033} INFO - Sync 1 DAGs
[2023-12-22T04:16:05.104+0000] {logging_mixin.py:188} INFO - [2023-12-22T04:16:05.104+0000] {dag.py:3820} INFO - Setting next_dagrun for out_first_dag_V4 to 2023-12-22T00:00:00+00:00, run_after=2023-12-23T00:00:00+00:00
[2023-12-22T04:16:05.134+0000] {processor.py:183} INFO - Processing /opt/airflow/dags/first_dag_with_bash_operator.py took 0.117 seconds
[2023-12-22T04:16:35.301+0000] {processor.py:161} INFO - Started process (PID=1149) to work on /opt/airflow/dags/first_dag_with_bash_operator.py
[2023-12-22T04:16:35.302+0000] {processor.py:830} INFO - Processing file /opt/airflow/dags/first_dag_with_bash_operator.py for tasks to queue
[2023-12-22T04:16:35.303+0000] {logging_mixin.py:188} INFO - [2023-12-22T04:16:35.303+0000] {dagbag.py:538} INFO - Filling up the DagBag from /opt/airflow/dags/first_dag_with_bash_operator.py
[2023-12-22T04:16:35.323+0000] {processor.py:840} INFO - DAG(s) 'out_first_dag_V4' retrieved from /opt/airflow/dags/first_dag_with_bash_operator.py
[2023-12-22T04:16:35.355+0000] {logging_mixin.py:188} INFO - [2023-12-22T04:16:35.355+0000] {dag.py:3033} INFO - Sync 1 DAGs
[2023-12-22T04:16:35.382+0000] {logging_mixin.py:188} INFO - [2023-12-22T04:16:35.381+0000] {dag.py:3820} INFO - Setting next_dagrun for out_first_dag_V4 to 2023-12-22T00:00:00+00:00, run_after=2023-12-23T00:00:00+00:00
[2023-12-22T04:16:35.409+0000] {processor.py:183} INFO - Processing /opt/airflow/dags/first_dag_with_bash_operator.py took 0.112 seconds
[2023-12-22T04:17:05.578+0000] {processor.py:161} INFO - Started process (PID=1157) to work on /opt/airflow/dags/first_dag_with_bash_operator.py
[2023-12-22T04:17:05.579+0000] {processor.py:830} INFO - Processing file /opt/airflow/dags/first_dag_with_bash_operator.py for tasks to queue
[2023-12-22T04:17:05.580+0000] {logging_mixin.py:188} INFO - [2023-12-22T04:17:05.580+0000] {dagbag.py:538} INFO - Filling up the DagBag from /opt/airflow/dags/first_dag_with_bash_operator.py
[2023-12-22T04:17:05.602+0000] {processor.py:840} INFO - DAG(s) 'out_first_dag_V4' retrieved from /opt/airflow/dags/first_dag_with_bash_operator.py
[2023-12-22T04:17:05.631+0000] {logging_mixin.py:188} INFO - [2023-12-22T04:17:05.630+0000] {dag.py:3033} INFO - Sync 1 DAGs
[2023-12-22T04:17:05.657+0000] {logging_mixin.py:188} INFO - [2023-12-22T04:17:05.657+0000] {dag.py:3820} INFO - Setting next_dagrun for out_first_dag_V4 to 2023-12-22T00:00:00+00:00, run_after=2023-12-23T00:00:00+00:00
[2023-12-22T04:17:05.685+0000] {processor.py:183} INFO - Processing /opt/airflow/dags/first_dag_with_bash_operator.py took 0.114 seconds
[2023-12-22T04:17:35.876+0000] {processor.py:161} INFO - Started process (PID=1166) to work on /opt/airflow/dags/first_dag_with_bash_operator.py
[2023-12-22T04:17:35.878+0000] {processor.py:830} INFO - Processing file /opt/airflow/dags/first_dag_with_bash_operator.py for tasks to queue
[2023-12-22T04:17:35.881+0000] {logging_mixin.py:188} INFO - [2023-12-22T04:17:35.880+0000] {dagbag.py:538} INFO - Filling up the DagBag from /opt/airflow/dags/first_dag_with_bash_operator.py
[2023-12-22T04:17:35.911+0000] {processor.py:840} INFO - DAG(s) 'out_first_dag_V4' retrieved from /opt/airflow/dags/first_dag_with_bash_operator.py
[2023-12-22T04:17:35.960+0000] {logging_mixin.py:188} INFO - [2023-12-22T04:17:35.960+0000] {dag.py:3033} INFO - Sync 1 DAGs
[2023-12-22T04:17:35.998+0000] {logging_mixin.py:188} INFO - [2023-12-22T04:17:35.998+0000] {dag.py:3820} INFO - Setting next_dagrun for out_first_dag_V4 to 2023-12-22T00:00:00+00:00, run_after=2023-12-23T00:00:00+00:00
[2023-12-22T04:17:36.033+0000] {processor.py:183} INFO - Processing /opt/airflow/dags/first_dag_with_bash_operator.py took 0.168 seconds
[2023-12-22T04:18:06.482+0000] {processor.py:161} INFO - Started process (PID=1178) to work on /opt/airflow/dags/first_dag_with_bash_operator.py
[2023-12-22T04:18:06.484+0000] {processor.py:830} INFO - Processing file /opt/airflow/dags/first_dag_with_bash_operator.py for tasks to queue
[2023-12-22T04:18:06.485+0000] {logging_mixin.py:188} INFO - [2023-12-22T04:18:06.484+0000] {dagbag.py:538} INFO - Filling up the DagBag from /opt/airflow/dags/first_dag_with_bash_operator.py
[2023-12-22T04:18:06.513+0000] {processor.py:840} INFO - DAG(s) 'out_first_dag_V4' retrieved from /opt/airflow/dags/first_dag_with_bash_operator.py
[2023-12-22T04:18:06.544+0000] {logging_mixin.py:188} INFO - [2023-12-22T04:18:06.544+0000] {dag.py:3033} INFO - Sync 1 DAGs
[2023-12-22T04:18:06.572+0000] {logging_mixin.py:188} INFO - [2023-12-22T04:18:06.572+0000] {dag.py:3820} INFO - Setting next_dagrun for out_first_dag_V4 to 2023-12-22T00:00:00+00:00, run_after=2023-12-23T00:00:00+00:00
[2023-12-22T04:18:06.605+0000] {processor.py:183} INFO - Processing /opt/airflow/dags/first_dag_with_bash_operator.py took 0.128 seconds
[2023-12-22T04:18:37.323+0000] {processor.py:161} INFO - Started process (PID=1195) to work on /opt/airflow/dags/first_dag_with_bash_operator.py
[2023-12-22T04:18:37.331+0000] {processor.py:830} INFO - Processing file /opt/airflow/dags/first_dag_with_bash_operator.py for tasks to queue
[2023-12-22T04:18:37.333+0000] {logging_mixin.py:188} INFO - [2023-12-22T04:18:37.332+0000] {dagbag.py:538} INFO - Filling up the DagBag from /opt/airflow/dags/first_dag_with_bash_operator.py
[2023-12-22T04:18:37.347+0000] {processor.py:840} INFO - DAG(s) 'out_first_dag_V4' retrieved from /opt/airflow/dags/first_dag_with_bash_operator.py
[2023-12-22T04:18:37.380+0000] {logging_mixin.py:188} INFO - [2023-12-22T04:18:37.379+0000] {dag.py:3033} INFO - Sync 1 DAGs
[2023-12-22T04:18:37.408+0000] {logging_mixin.py:188} INFO - [2023-12-22T04:18:37.408+0000] {dag.py:3820} INFO - Setting next_dagrun for out_first_dag_V4 to 2023-12-22T00:00:00+00:00, run_after=2023-12-23T00:00:00+00:00
[2023-12-22T04:18:37.437+0000] {processor.py:183} INFO - Processing /opt/airflow/dags/first_dag_with_bash_operator.py took 0.118 seconds
[2023-12-22T04:19:08.089+0000] {processor.py:161} INFO - Started process (PID=1210) to work on /opt/airflow/dags/first_dag_with_bash_operator.py
[2023-12-22T04:19:08.091+0000] {processor.py:830} INFO - Processing file /opt/airflow/dags/first_dag_with_bash_operator.py for tasks to queue
[2023-12-22T04:19:08.092+0000] {logging_mixin.py:188} INFO - [2023-12-22T04:19:08.092+0000] {dagbag.py:538} INFO - Filling up the DagBag from /opt/airflow/dags/first_dag_with_bash_operator.py
[2023-12-22T04:19:08.109+0000] {processor.py:840} INFO - DAG(s) 'out_first_dag_V4' retrieved from /opt/airflow/dags/first_dag_with_bash_operator.py
[2023-12-22T04:19:08.139+0000] {logging_mixin.py:188} INFO - [2023-12-22T04:19:08.139+0000] {dag.py:3033} INFO - Sync 1 DAGs
[2023-12-22T04:19:08.163+0000] {logging_mixin.py:188} INFO - [2023-12-22T04:19:08.163+0000] {dag.py:3820} INFO - Setting next_dagrun for out_first_dag_V4 to 2023-12-22T00:00:00+00:00, run_after=2023-12-23T00:00:00+00:00
[2023-12-22T04:19:08.215+0000] {processor.py:183} INFO - Processing /opt/airflow/dags/first_dag_with_bash_operator.py took 0.135 seconds
[2023-12-22T04:19:38.406+0000] {processor.py:161} INFO - Started process (PID=1218) to work on /opt/airflow/dags/first_dag_with_bash_operator.py
[2023-12-22T04:19:38.414+0000] {processor.py:830} INFO - Processing file /opt/airflow/dags/first_dag_with_bash_operator.py for tasks to queue
[2023-12-22T04:19:38.416+0000] {logging_mixin.py:188} INFO - [2023-12-22T04:19:38.415+0000] {dagbag.py:538} INFO - Filling up the DagBag from /opt/airflow/dags/first_dag_with_bash_operator.py
[2023-12-22T04:19:38.433+0000] {processor.py:840} INFO - DAG(s) 'out_first_dag_V4' retrieved from /opt/airflow/dags/first_dag_with_bash_operator.py
[2023-12-22T04:19:38.463+0000] {logging_mixin.py:188} INFO - [2023-12-22T04:19:38.463+0000] {dag.py:3033} INFO - Sync 1 DAGs
[2023-12-22T04:19:38.490+0000] {logging_mixin.py:188} INFO - [2023-12-22T04:19:38.490+0000] {dag.py:3820} INFO - Setting next_dagrun for out_first_dag_V4 to 2023-12-22T00:00:00+00:00, run_after=2023-12-23T00:00:00+00:00
[2023-12-22T04:19:38.526+0000] {processor.py:183} INFO - Processing /opt/airflow/dags/first_dag_with_bash_operator.py took 0.126 seconds
[2023-12-22T04:20:09.248+0000] {processor.py:161} INFO - Started process (PID=1236) to work on /opt/airflow/dags/first_dag_with_bash_operator.py
[2023-12-22T04:20:09.249+0000] {processor.py:830} INFO - Processing file /opt/airflow/dags/first_dag_with_bash_operator.py for tasks to queue
[2023-12-22T04:20:09.250+0000] {logging_mixin.py:188} INFO - [2023-12-22T04:20:09.250+0000] {dagbag.py:538} INFO - Filling up the DagBag from /opt/airflow/dags/first_dag_with_bash_operator.py
[2023-12-22T04:20:09.275+0000] {processor.py:840} INFO - DAG(s) 'out_first_dag_V4' retrieved from /opt/airflow/dags/first_dag_with_bash_operator.py
[2023-12-22T04:20:09.336+0000] {logging_mixin.py:188} INFO - [2023-12-22T04:20:09.336+0000] {dag.py:3033} INFO - Sync 1 DAGs
[2023-12-22T04:20:09.384+0000] {logging_mixin.py:188} INFO - [2023-12-22T04:20:09.384+0000] {dag.py:3820} INFO - Setting next_dagrun for out_first_dag_V4 to 2023-12-22T00:00:00+00:00, run_after=2023-12-23T00:00:00+00:00
[2023-12-22T04:20:09.416+0000] {processor.py:183} INFO - Processing /opt/airflow/dags/first_dag_with_bash_operator.py took 0.175 seconds
[2023-12-22T04:20:40.189+0000] {processor.py:161} INFO - Started process (PID=1252) to work on /opt/airflow/dags/first_dag_with_bash_operator.py
[2023-12-22T04:20:40.197+0000] {processor.py:830} INFO - Processing file /opt/airflow/dags/first_dag_with_bash_operator.py for tasks to queue
[2023-12-22T04:20:40.198+0000] {logging_mixin.py:188} INFO - [2023-12-22T04:20:40.198+0000] {dagbag.py:538} INFO - Filling up the DagBag from /opt/airflow/dags/first_dag_with_bash_operator.py
[2023-12-22T04:20:40.217+0000] {processor.py:840} INFO - DAG(s) 'out_first_dag_V4' retrieved from /opt/airflow/dags/first_dag_with_bash_operator.py
[2023-12-22T04:20:40.257+0000] {logging_mixin.py:188} INFO - [2023-12-22T04:20:40.257+0000] {dag.py:3033} INFO - Sync 1 DAGs
[2023-12-22T04:20:40.290+0000] {logging_mixin.py:188} INFO - [2023-12-22T04:20:40.290+0000] {dag.py:3820} INFO - Setting next_dagrun for out_first_dag_V4 to 2023-12-22T00:00:00+00:00, run_after=2023-12-23T00:00:00+00:00
[2023-12-22T04:20:40.317+0000] {processor.py:183} INFO - Processing /opt/airflow/dags/first_dag_with_bash_operator.py took 0.133 seconds
[2023-12-22T04:21:10.695+0000] {processor.py:161} INFO - Started process (PID=1260) to work on /opt/airflow/dags/first_dag_with_bash_operator.py
[2023-12-22T04:21:10.700+0000] {processor.py:830} INFO - Processing file /opt/airflow/dags/first_dag_with_bash_operator.py for tasks to queue
[2023-12-22T04:21:10.706+0000] {logging_mixin.py:188} INFO - [2023-12-22T04:21:10.704+0000] {dagbag.py:538} INFO - Filling up the DagBag from /opt/airflow/dags/first_dag_with_bash_operator.py
[2023-12-22T04:21:10.743+0000] {processor.py:840} INFO - DAG(s) 'out_first_dag_V4' retrieved from /opt/airflow/dags/first_dag_with_bash_operator.py
[2023-12-22T04:21:10.779+0000] {logging_mixin.py:188} INFO - [2023-12-22T04:21:10.778+0000] {dag.py:3033} INFO - Sync 1 DAGs
[2023-12-22T04:21:10.807+0000] {logging_mixin.py:188} INFO - [2023-12-22T04:21:10.807+0000] {dag.py:3820} INFO - Setting next_dagrun for out_first_dag_V4 to 2023-12-22T00:00:00+00:00, run_after=2023-12-23T00:00:00+00:00
[2023-12-22T04:21:10.851+0000] {processor.py:183} INFO - Processing /opt/airflow/dags/first_dag_with_bash_operator.py took 0.185 seconds
[2023-12-22T04:21:41.039+0000] {processor.py:161} INFO - Started process (PID=1271) to work on /opt/airflow/dags/first_dag_with_bash_operator.py
[2023-12-22T04:21:41.041+0000] {processor.py:830} INFO - Processing file /opt/airflow/dags/first_dag_with_bash_operator.py for tasks to queue
[2023-12-22T04:21:41.043+0000] {logging_mixin.py:188} INFO - [2023-12-22T04:21:41.042+0000] {dagbag.py:538} INFO - Filling up the DagBag from /opt/airflow/dags/first_dag_with_bash_operator.py
[2023-12-22T04:21:41.060+0000] {processor.py:840} INFO - DAG(s) 'out_first_dag_V4' retrieved from /opt/airflow/dags/first_dag_with_bash_operator.py
[2023-12-22T04:21:41.096+0000] {logging_mixin.py:188} INFO - [2023-12-22T04:21:41.096+0000] {dag.py:3033} INFO - Sync 1 DAGs
[2023-12-22T04:21:41.123+0000] {logging_mixin.py:188} INFO - [2023-12-22T04:21:41.123+0000] {dag.py:3820} INFO - Setting next_dagrun for out_first_dag_V4 to 2023-12-22T00:00:00+00:00, run_after=2023-12-23T00:00:00+00:00
[2023-12-22T04:21:41.153+0000] {processor.py:183} INFO - Processing /opt/airflow/dags/first_dag_with_bash_operator.py took 0.120 seconds
[2023-12-22T04:22:12.041+0000] {processor.py:161} INFO - Started process (PID=1286) to work on /opt/airflow/dags/first_dag_with_bash_operator.py
[2023-12-22T04:22:12.043+0000] {processor.py:830} INFO - Processing file /opt/airflow/dags/first_dag_with_bash_operator.py for tasks to queue
[2023-12-22T04:22:12.046+0000] {logging_mixin.py:188} INFO - [2023-12-22T04:22:12.045+0000] {dagbag.py:538} INFO - Filling up the DagBag from /opt/airflow/dags/first_dag_with_bash_operator.py
[2023-12-22T04:22:12.076+0000] {processor.py:840} INFO - DAG(s) 'out_first_dag_V4' retrieved from /opt/airflow/dags/first_dag_with_bash_operator.py
[2023-12-22T04:22:12.129+0000] {logging_mixin.py:188} INFO - [2023-12-22T04:22:12.129+0000] {dag.py:3033} INFO - Sync 1 DAGs
[2023-12-22T04:22:12.163+0000] {logging_mixin.py:188} INFO - [2023-12-22T04:22:12.163+0000] {dag.py:3820} INFO - Setting next_dagrun for out_first_dag_V4 to 2023-12-22T00:00:00+00:00, run_after=2023-12-23T00:00:00+00:00
[2023-12-22T04:22:12.190+0000] {processor.py:183} INFO - Processing /opt/airflow/dags/first_dag_with_bash_operator.py took 0.159 seconds
[2023-12-22T04:22:42.850+0000] {processor.py:161} INFO - Started process (PID=1298) to work on /opt/airflow/dags/first_dag_with_bash_operator.py
[2023-12-22T04:22:42.859+0000] {processor.py:830} INFO - Processing file /opt/airflow/dags/first_dag_with_bash_operator.py for tasks to queue
[2023-12-22T04:22:42.860+0000] {logging_mixin.py:188} INFO - [2023-12-22T04:22:42.860+0000] {dagbag.py:538} INFO - Filling up the DagBag from /opt/airflow/dags/first_dag_with_bash_operator.py
[2023-12-22T04:22:42.877+0000] {processor.py:840} INFO - DAG(s) 'out_first_dag_V4' retrieved from /opt/airflow/dags/first_dag_with_bash_operator.py
[2023-12-22T04:22:42.907+0000] {logging_mixin.py:188} INFO - [2023-12-22T04:22:42.906+0000] {dag.py:3033} INFO - Sync 1 DAGs
[2023-12-22T04:22:42.933+0000] {logging_mixin.py:188} INFO - [2023-12-22T04:22:42.933+0000] {dag.py:3820} INFO - Setting next_dagrun for out_first_dag_V4 to 2023-12-22T00:00:00+00:00, run_after=2023-12-23T00:00:00+00:00
[2023-12-22T04:22:42.961+0000] {processor.py:183} INFO - Processing /opt/airflow/dags/first_dag_with_bash_operator.py took 0.116 seconds
[2023-12-22T04:23:13.506+0000] {processor.py:161} INFO - Started process (PID=1312) to work on /opt/airflow/dags/first_dag_with_bash_operator.py
[2023-12-22T04:23:13.507+0000] {processor.py:830} INFO - Processing file /opt/airflow/dags/first_dag_with_bash_operator.py for tasks to queue
[2023-12-22T04:23:13.517+0000] {logging_mixin.py:188} INFO - [2023-12-22T04:23:13.508+0000] {dagbag.py:538} INFO - Filling up the DagBag from /opt/airflow/dags/first_dag_with_bash_operator.py
[2023-12-22T04:23:13.550+0000] {processor.py:840} INFO - DAG(s) 'out_first_dag_V4' retrieved from /opt/airflow/dags/first_dag_with_bash_operator.py
[2023-12-22T04:23:13.600+0000] {logging_mixin.py:188} INFO - [2023-12-22T04:23:13.599+0000] {dag.py:3033} INFO - Sync 1 DAGs
[2023-12-22T04:23:13.631+0000] {logging_mixin.py:188} INFO - [2023-12-22T04:23:13.631+0000] {dag.py:3820} INFO - Setting next_dagrun for out_first_dag_V4 to 2023-12-22T00:00:00+00:00, run_after=2023-12-23T00:00:00+00:00
[2023-12-22T04:23:13.653+0000] {processor.py:183} INFO - Processing /opt/airflow/dags/first_dag_with_bash_operator.py took 0.154 seconds
[2023-12-22T04:23:44.467+0000] {processor.py:161} INFO - Started process (PID=1326) to work on /opt/airflow/dags/first_dag_with_bash_operator.py
[2023-12-22T04:23:44.469+0000] {processor.py:830} INFO - Processing file /opt/airflow/dags/first_dag_with_bash_operator.py for tasks to queue
[2023-12-22T04:23:44.471+0000] {logging_mixin.py:188} INFO - [2023-12-22T04:23:44.470+0000] {dagbag.py:538} INFO - Filling up the DagBag from /opt/airflow/dags/first_dag_with_bash_operator.py
[2023-12-22T04:23:44.497+0000] {processor.py:840} INFO - DAG(s) 'out_first_dag_V4' retrieved from /opt/airflow/dags/first_dag_with_bash_operator.py
[2023-12-22T04:23:44.529+0000] {logging_mixin.py:188} INFO - [2023-12-22T04:23:44.528+0000] {dag.py:3033} INFO - Sync 1 DAGs
[2023-12-22T04:23:44.558+0000] {logging_mixin.py:188} INFO - [2023-12-22T04:23:44.557+0000] {dag.py:3820} INFO - Setting next_dagrun for out_first_dag_V4 to 2023-12-22T00:00:00+00:00, run_after=2023-12-23T00:00:00+00:00
[2023-12-22T04:23:44.587+0000] {processor.py:183} INFO - Processing /opt/airflow/dags/first_dag_with_bash_operator.py took 0.128 seconds
[2023-12-22T04:24:15.027+0000] {processor.py:161} INFO - Started process (PID=1337) to work on /opt/airflow/dags/first_dag_with_bash_operator.py
[2023-12-22T04:24:15.028+0000] {processor.py:830} INFO - Processing file /opt/airflow/dags/first_dag_with_bash_operator.py for tasks to queue
[2023-12-22T04:24:15.029+0000] {logging_mixin.py:188} INFO - [2023-12-22T04:24:15.029+0000] {dagbag.py:538} INFO - Filling up the DagBag from /opt/airflow/dags/first_dag_with_bash_operator.py
[2023-12-22T04:24:15.047+0000] {processor.py:840} INFO - DAG(s) 'out_first_dag_V4' retrieved from /opt/airflow/dags/first_dag_with_bash_operator.py
[2023-12-22T04:24:15.080+0000] {logging_mixin.py:188} INFO - [2023-12-22T04:24:15.080+0000] {dag.py:3033} INFO - Sync 1 DAGs
[2023-12-22T04:24:15.113+0000] {logging_mixin.py:188} INFO - [2023-12-22T04:24:15.112+0000] {dag.py:3820} INFO - Setting next_dagrun for out_first_dag_V4 to 2023-12-22T00:00:00+00:00, run_after=2023-12-23T00:00:00+00:00
[2023-12-22T04:24:15.147+0000] {processor.py:183} INFO - Processing /opt/airflow/dags/first_dag_with_bash_operator.py took 0.123 seconds
[2023-12-22T04:24:45.765+0000] {processor.py:161} INFO - Started process (PID=1348) to work on /opt/airflow/dags/first_dag_with_bash_operator.py
[2023-12-22T04:24:45.778+0000] {processor.py:830} INFO - Processing file /opt/airflow/dags/first_dag_with_bash_operator.py for tasks to queue
[2023-12-22T04:24:45.782+0000] {logging_mixin.py:188} INFO - [2023-12-22T04:24:45.780+0000] {dagbag.py:538} INFO - Filling up the DagBag from /opt/airflow/dags/first_dag_with_bash_operator.py
[2023-12-22T04:24:45.841+0000] {processor.py:840} INFO - DAG(s) 'out_first_dag_V4' retrieved from /opt/airflow/dags/first_dag_with_bash_operator.py
[2023-12-22T04:24:45.886+0000] {logging_mixin.py:188} INFO - [2023-12-22T04:24:45.886+0000] {dag.py:3033} INFO - Sync 1 DAGs
[2023-12-22T04:24:45.927+0000] {logging_mixin.py:188} INFO - [2023-12-22T04:24:45.927+0000] {dag.py:3820} INFO - Setting next_dagrun for out_first_dag_V4 to 2023-12-22T00:00:00+00:00, run_after=2023-12-23T00:00:00+00:00
[2023-12-22T04:24:45.957+0000] {processor.py:183} INFO - Processing /opt/airflow/dags/first_dag_with_bash_operator.py took 0.218 seconds
[2023-12-22T04:25:16.363+0000] {processor.py:161} INFO - Started process (PID=1361) to work on /opt/airflow/dags/first_dag_with_bash_operator.py
[2023-12-22T04:25:16.364+0000] {processor.py:830} INFO - Processing file /opt/airflow/dags/first_dag_with_bash_operator.py for tasks to queue
[2023-12-22T04:25:16.365+0000] {logging_mixin.py:188} INFO - [2023-12-22T04:25:16.365+0000] {dagbag.py:538} INFO - Filling up the DagBag from /opt/airflow/dags/first_dag_with_bash_operator.py
[2023-12-22T04:25:16.384+0000] {processor.py:840} INFO - DAG(s) 'out_first_dag_V4' retrieved from /opt/airflow/dags/first_dag_with_bash_operator.py
[2023-12-22T04:25:16.423+0000] {logging_mixin.py:188} INFO - [2023-12-22T04:25:16.422+0000] {dag.py:3033} INFO - Sync 1 DAGs
[2023-12-22T04:25:16.452+0000] {logging_mixin.py:188} INFO - [2023-12-22T04:25:16.452+0000] {dag.py:3820} INFO - Setting next_dagrun for out_first_dag_V4 to 2023-12-22T00:00:00+00:00, run_after=2023-12-23T00:00:00+00:00
[2023-12-22T04:25:16.479+0000] {processor.py:183} INFO - Processing /opt/airflow/dags/first_dag_with_bash_operator.py took 0.127 seconds
[2023-12-22T04:25:46.767+0000] {processor.py:161} INFO - Started process (PID=1374) to work on /opt/airflow/dags/first_dag_with_bash_operator.py
[2023-12-22T04:25:46.778+0000] {processor.py:830} INFO - Processing file /opt/airflow/dags/first_dag_with_bash_operator.py for tasks to queue
[2023-12-22T04:25:46.780+0000] {logging_mixin.py:188} INFO - [2023-12-22T04:25:46.779+0000] {dagbag.py:538} INFO - Filling up the DagBag from /opt/airflow/dags/first_dag_with_bash_operator.py
[2023-12-22T04:25:46.810+0000] {processor.py:840} INFO - DAG(s) 'out_first_dag_V4' retrieved from /opt/airflow/dags/first_dag_with_bash_operator.py
[2023-12-22T04:25:46.860+0000] {logging_mixin.py:188} INFO - [2023-12-22T04:25:46.860+0000] {dag.py:3033} INFO - Sync 1 DAGs
[2023-12-22T04:25:46.916+0000] {logging_mixin.py:188} INFO - [2023-12-22T04:25:46.916+0000] {dag.py:3820} INFO - Setting next_dagrun for out_first_dag_V4 to 2023-12-22T00:00:00+00:00, run_after=2023-12-23T00:00:00+00:00
[2023-12-22T04:25:46.960+0000] {processor.py:183} INFO - Processing /opt/airflow/dags/first_dag_with_bash_operator.py took 0.206 seconds
[2023-12-22T04:26:17.460+0000] {processor.py:161} INFO - Started process (PID=1385) to work on /opt/airflow/dags/first_dag_with_bash_operator.py
[2023-12-22T04:26:17.461+0000] {processor.py:830} INFO - Processing file /opt/airflow/dags/first_dag_with_bash_operator.py for tasks to queue
[2023-12-22T04:26:17.462+0000] {logging_mixin.py:188} INFO - [2023-12-22T04:26:17.462+0000] {dagbag.py:538} INFO - Filling up the DagBag from /opt/airflow/dags/first_dag_with_bash_operator.py
[2023-12-22T04:26:17.484+0000] {processor.py:840} INFO - DAG(s) 'out_first_dag_V4' retrieved from /opt/airflow/dags/first_dag_with_bash_operator.py
[2023-12-22T04:26:17.523+0000] {logging_mixin.py:188} INFO - [2023-12-22T04:26:17.523+0000] {dag.py:3033} INFO - Sync 1 DAGs
[2023-12-22T04:26:17.561+0000] {logging_mixin.py:188} INFO - [2023-12-22T04:26:17.560+0000] {dag.py:3820} INFO - Setting next_dagrun for out_first_dag_V4 to 2023-12-22T00:00:00+00:00, run_after=2023-12-23T00:00:00+00:00
[2023-12-22T04:26:17.595+0000] {processor.py:183} INFO - Processing /opt/airflow/dags/first_dag_with_bash_operator.py took 0.141 seconds
[2023-12-22T04:26:48.187+0000] {processor.py:161} INFO - Started process (PID=1396) to work on /opt/airflow/dags/first_dag_with_bash_operator.py
[2023-12-22T04:26:48.195+0000] {processor.py:830} INFO - Processing file /opt/airflow/dags/first_dag_with_bash_operator.py for tasks to queue
[2023-12-22T04:26:48.196+0000] {logging_mixin.py:188} INFO - [2023-12-22T04:26:48.196+0000] {dagbag.py:538} INFO - Filling up the DagBag from /opt/airflow/dags/first_dag_with_bash_operator.py
[2023-12-22T04:26:48.213+0000] {processor.py:840} INFO - DAG(s) 'out_first_dag_V4' retrieved from /opt/airflow/dags/first_dag_with_bash_operator.py
[2023-12-22T04:26:48.245+0000] {logging_mixin.py:188} INFO - [2023-12-22T04:26:48.244+0000] {dag.py:3033} INFO - Sync 1 DAGs
[2023-12-22T04:26:48.273+0000] {logging_mixin.py:188} INFO - [2023-12-22T04:26:48.273+0000] {dag.py:3820} INFO - Setting next_dagrun for out_first_dag_V4 to 2023-12-22T00:00:00+00:00, run_after=2023-12-23T00:00:00+00:00
[2023-12-22T04:26:48.304+0000] {processor.py:183} INFO - Processing /opt/airflow/dags/first_dag_with_bash_operator.py took 0.124 seconds
[2023-12-22T04:27:18.548+0000] {processor.py:161} INFO - Started process (PID=1408) to work on /opt/airflow/dags/first_dag_with_bash_operator.py
[2023-12-22T04:27:18.549+0000] {processor.py:830} INFO - Processing file /opt/airflow/dags/first_dag_with_bash_operator.py for tasks to queue
[2023-12-22T04:27:18.550+0000] {logging_mixin.py:188} INFO - [2023-12-22T04:27:18.549+0000] {dagbag.py:538} INFO - Filling up the DagBag from /opt/airflow/dags/first_dag_with_bash_operator.py
[2023-12-22T04:27:18.565+0000] {processor.py:840} INFO - DAG(s) 'out_first_dag_V4' retrieved from /opt/airflow/dags/first_dag_with_bash_operator.py
[2023-12-22T04:27:18.596+0000] {logging_mixin.py:188} INFO - [2023-12-22T04:27:18.596+0000] {dag.py:3033} INFO - Sync 1 DAGs
[2023-12-22T04:27:18.624+0000] {logging_mixin.py:188} INFO - [2023-12-22T04:27:18.623+0000] {dag.py:3820} INFO - Setting next_dagrun for out_first_dag_V4 to 2023-12-22T00:00:00+00:00, run_after=2023-12-23T00:00:00+00:00
[2023-12-22T04:27:18.653+0000] {processor.py:183} INFO - Processing /opt/airflow/dags/first_dag_with_bash_operator.py took 0.109 seconds
[2023-12-22T04:27:48.933+0000] {processor.py:161} INFO - Started process (PID=1416) to work on /opt/airflow/dags/first_dag_with_bash_operator.py
[2023-12-22T04:27:48.941+0000] {processor.py:830} INFO - Processing file /opt/airflow/dags/first_dag_with_bash_operator.py for tasks to queue
[2023-12-22T04:27:48.943+0000] {logging_mixin.py:188} INFO - [2023-12-22T04:27:48.942+0000] {dagbag.py:538} INFO - Filling up the DagBag from /opt/airflow/dags/first_dag_with_bash_operator.py
[2023-12-22T04:27:48.962+0000] {processor.py:840} INFO - DAG(s) 'out_first_dag_V4' retrieved from /opt/airflow/dags/first_dag_with_bash_operator.py
[2023-12-22T04:27:48.992+0000] {logging_mixin.py:188} INFO - [2023-12-22T04:27:48.992+0000] {dag.py:3033} INFO - Sync 1 DAGs
[2023-12-22T04:27:49.018+0000] {logging_mixin.py:188} INFO - [2023-12-22T04:27:49.018+0000] {dag.py:3820} INFO - Setting next_dagrun for out_first_dag_V4 to 2023-12-22T00:00:00+00:00, run_after=2023-12-23T00:00:00+00:00
[2023-12-22T04:27:49.045+0000] {processor.py:183} INFO - Processing /opt/airflow/dags/first_dag_with_bash_operator.py took 0.118 seconds
[2023-12-22T04:28:19.434+0000] {processor.py:161} INFO - Started process (PID=1425) to work on /opt/airflow/dags/first_dag_with_bash_operator.py
[2023-12-22T04:28:19.436+0000] {processor.py:830} INFO - Processing file /opt/airflow/dags/first_dag_with_bash_operator.py for tasks to queue
[2023-12-22T04:28:19.437+0000] {logging_mixin.py:188} INFO - [2023-12-22T04:28:19.436+0000] {dagbag.py:538} INFO - Filling up the DagBag from /opt/airflow/dags/first_dag_with_bash_operator.py
[2023-12-22T04:28:19.457+0000] {processor.py:840} INFO - DAG(s) 'out_first_dag_V4' retrieved from /opt/airflow/dags/first_dag_with_bash_operator.py
[2023-12-22T04:28:19.496+0000] {logging_mixin.py:188} INFO - [2023-12-22T04:28:19.495+0000] {dag.py:3033} INFO - Sync 1 DAGs
[2023-12-22T04:28:19.531+0000] {logging_mixin.py:188} INFO - [2023-12-22T04:28:19.531+0000] {dag.py:3820} INFO - Setting next_dagrun for out_first_dag_V4 to 2023-12-22T00:00:00+00:00, run_after=2023-12-23T00:00:00+00:00
[2023-12-22T04:28:19.558+0000] {processor.py:183} INFO - Processing /opt/airflow/dags/first_dag_with_bash_operator.py took 0.129 seconds
[2023-12-22T04:28:50.442+0000] {processor.py:161} INFO - Started process (PID=1440) to work on /opt/airflow/dags/first_dag_with_bash_operator.py
[2023-12-22T04:28:50.453+0000] {processor.py:830} INFO - Processing file /opt/airflow/dags/first_dag_with_bash_operator.py for tasks to queue
[2023-12-22T04:28:50.457+0000] {logging_mixin.py:188} INFO - [2023-12-22T04:28:50.456+0000] {dagbag.py:538} INFO - Filling up the DagBag from /opt/airflow/dags/first_dag_with_bash_operator.py
[2023-12-22T04:28:50.494+0000] {processor.py:840} INFO - DAG(s) 'out_first_dag_V4' retrieved from /opt/airflow/dags/first_dag_with_bash_operator.py
[2023-12-22T04:28:50.525+0000] {logging_mixin.py:188} INFO - [2023-12-22T04:28:50.525+0000] {dag.py:3033} INFO - Sync 1 DAGs
[2023-12-22T04:28:50.551+0000] {logging_mixin.py:188} INFO - [2023-12-22T04:28:50.551+0000] {dag.py:3820} INFO - Setting next_dagrun for out_first_dag_V4 to 2023-12-22T00:00:00+00:00, run_after=2023-12-23T00:00:00+00:00
[2023-12-22T04:28:50.580+0000] {processor.py:183} INFO - Processing /opt/airflow/dags/first_dag_with_bash_operator.py took 0.156 seconds
[2023-12-22T04:29:20.837+0000] {processor.py:161} INFO - Started process (PID=1448) to work on /opt/airflow/dags/first_dag_with_bash_operator.py
[2023-12-22T04:29:20.839+0000] {processor.py:830} INFO - Processing file /opt/airflow/dags/first_dag_with_bash_operator.py for tasks to queue
[2023-12-22T04:29:20.841+0000] {logging_mixin.py:188} INFO - [2023-12-22T04:29:20.841+0000] {dagbag.py:538} INFO - Filling up the DagBag from /opt/airflow/dags/first_dag_with_bash_operator.py
[2023-12-22T04:29:20.859+0000] {processor.py:840} INFO - DAG(s) 'out_first_dag_V4' retrieved from /opt/airflow/dags/first_dag_with_bash_operator.py
[2023-12-22T04:29:20.888+0000] {logging_mixin.py:188} INFO - [2023-12-22T04:29:20.887+0000] {dag.py:3033} INFO - Sync 1 DAGs
[2023-12-22T04:29:20.915+0000] {logging_mixin.py:188} INFO - [2023-12-22T04:29:20.915+0000] {dag.py:3820} INFO - Setting next_dagrun for out_first_dag_V4 to 2023-12-22T00:00:00+00:00, run_after=2023-12-23T00:00:00+00:00
[2023-12-22T04:29:20.945+0000] {processor.py:183} INFO - Processing /opt/airflow/dags/first_dag_with_bash_operator.py took 0.119 seconds
[2023-12-22T04:29:51.224+0000] {processor.py:161} INFO - Started process (PID=1455) to work on /opt/airflow/dags/first_dag_with_bash_operator.py
[2023-12-22T04:29:51.232+0000] {processor.py:830} INFO - Processing file /opt/airflow/dags/first_dag_with_bash_operator.py for tasks to queue
[2023-12-22T04:29:51.233+0000] {logging_mixin.py:188} INFO - [2023-12-22T04:29:51.233+0000] {dagbag.py:538} INFO - Filling up the DagBag from /opt/airflow/dags/first_dag_with_bash_operator.py
[2023-12-22T04:29:51.249+0000] {processor.py:840} INFO - DAG(s) 'out_first_dag_V4' retrieved from /opt/airflow/dags/first_dag_with_bash_operator.py
[2023-12-22T04:29:51.282+0000] {logging_mixin.py:188} INFO - [2023-12-22T04:29:51.282+0000] {dag.py:3033} INFO - Sync 1 DAGs
[2023-12-22T04:29:51.314+0000] {logging_mixin.py:188} INFO - [2023-12-22T04:29:51.313+0000] {dag.py:3820} INFO - Setting next_dagrun for out_first_dag_V4 to 2023-12-22T00:00:00+00:00, run_after=2023-12-23T00:00:00+00:00
[2023-12-22T04:29:51.345+0000] {processor.py:183} INFO - Processing /opt/airflow/dags/first_dag_with_bash_operator.py took 0.126 seconds
[2023-12-22T04:30:21.621+0000] {processor.py:161} INFO - Started process (PID=1463) to work on /opt/airflow/dags/first_dag_with_bash_operator.py
[2023-12-22T04:30:21.623+0000] {processor.py:830} INFO - Processing file /opt/airflow/dags/first_dag_with_bash_operator.py for tasks to queue
[2023-12-22T04:30:21.624+0000] {logging_mixin.py:188} INFO - [2023-12-22T04:30:21.624+0000] {dagbag.py:538} INFO - Filling up the DagBag from /opt/airflow/dags/first_dag_with_bash_operator.py
[2023-12-22T04:30:21.649+0000] {processor.py:840} INFO - DAG(s) 'out_first_dag_V4' retrieved from /opt/airflow/dags/first_dag_with_bash_operator.py
[2023-12-22T04:30:21.681+0000] {logging_mixin.py:188} INFO - [2023-12-22T04:30:21.681+0000] {dag.py:3033} INFO - Sync 1 DAGs
[2023-12-22T04:30:21.709+0000] {logging_mixin.py:188} INFO - [2023-12-22T04:30:21.708+0000] {dag.py:3820} INFO - Setting next_dagrun for out_first_dag_V4 to 2023-12-22T00:00:00+00:00, run_after=2023-12-23T00:00:00+00:00
[2023-12-22T04:30:21.729+0000] {processor.py:183} INFO - Processing /opt/airflow/dags/first_dag_with_bash_operator.py took 0.116 seconds
[2023-12-22T04:30:51.931+0000] {processor.py:161} INFO - Started process (PID=1471) to work on /opt/airflow/dags/first_dag_with_bash_operator.py
[2023-12-22T04:30:51.939+0000] {processor.py:830} INFO - Processing file /opt/airflow/dags/first_dag_with_bash_operator.py for tasks to queue
[2023-12-22T04:30:51.940+0000] {logging_mixin.py:188} INFO - [2023-12-22T04:30:51.940+0000] {dagbag.py:538} INFO - Filling up the DagBag from /opt/airflow/dags/first_dag_with_bash_operator.py
[2023-12-22T04:30:51.960+0000] {processor.py:840} INFO - DAG(s) 'out_first_dag_V4' retrieved from /opt/airflow/dags/first_dag_with_bash_operator.py
[2023-12-22T04:30:51.997+0000] {logging_mixin.py:188} INFO - [2023-12-22T04:30:51.997+0000] {dag.py:3033} INFO - Sync 1 DAGs
[2023-12-22T04:30:52.039+0000] {logging_mixin.py:188} INFO - [2023-12-22T04:30:52.039+0000] {dag.py:3820} INFO - Setting next_dagrun for out_first_dag_V4 to 2023-12-22T00:00:00+00:00, run_after=2023-12-23T00:00:00+00:00
[2023-12-22T04:30:52.064+0000] {processor.py:183} INFO - Processing /opt/airflow/dags/first_dag_with_bash_operator.py took 0.138 seconds
[2023-12-22T04:31:22.311+0000] {processor.py:161} INFO - Started process (PID=1479) to work on /opt/airflow/dags/first_dag_with_bash_operator.py
[2023-12-22T04:31:22.313+0000] {processor.py:830} INFO - Processing file /opt/airflow/dags/first_dag_with_bash_operator.py for tasks to queue
[2023-12-22T04:31:22.316+0000] {logging_mixin.py:188} INFO - [2023-12-22T04:31:22.315+0000] {dagbag.py:538} INFO - Filling up the DagBag from /opt/airflow/dags/first_dag_with_bash_operator.py
[2023-12-22T04:31:22.334+0000] {processor.py:840} INFO - DAG(s) 'out_first_dag_V4' retrieved from /opt/airflow/dags/first_dag_with_bash_operator.py
[2023-12-22T04:31:22.364+0000] {logging_mixin.py:188} INFO - [2023-12-22T04:31:22.364+0000] {dag.py:3033} INFO - Sync 1 DAGs
[2023-12-22T04:31:22.391+0000] {logging_mixin.py:188} INFO - [2023-12-22T04:31:22.390+0000] {dag.py:3820} INFO - Setting next_dagrun for out_first_dag_V4 to 2023-12-22T00:00:00+00:00, run_after=2023-12-23T00:00:00+00:00
[2023-12-22T04:31:22.422+0000] {processor.py:183} INFO - Processing /opt/airflow/dags/first_dag_with_bash_operator.py took 0.123 seconds
[2023-12-22T04:31:52.641+0000] {processor.py:161} INFO - Started process (PID=1487) to work on /opt/airflow/dags/first_dag_with_bash_operator.py
[2023-12-22T04:31:52.650+0000] {processor.py:830} INFO - Processing file /opt/airflow/dags/first_dag_with_bash_operator.py for tasks to queue
[2023-12-22T04:31:52.651+0000] {logging_mixin.py:188} INFO - [2023-12-22T04:31:52.651+0000] {dagbag.py:538} INFO - Filling up the DagBag from /opt/airflow/dags/first_dag_with_bash_operator.py
[2023-12-22T04:31:52.666+0000] {processor.py:840} INFO - DAG(s) 'out_first_dag_V4' retrieved from /opt/airflow/dags/first_dag_with_bash_operator.py
[2023-12-22T04:31:52.695+0000] {logging_mixin.py:188} INFO - [2023-12-22T04:31:52.695+0000] {dag.py:3033} INFO - Sync 1 DAGs
[2023-12-22T04:31:52.724+0000] {logging_mixin.py:188} INFO - [2023-12-22T04:31:52.723+0000] {dag.py:3820} INFO - Setting next_dagrun for out_first_dag_V4 to 2023-12-22T00:00:00+00:00, run_after=2023-12-23T00:00:00+00:00
[2023-12-22T04:31:52.744+0000] {processor.py:183} INFO - Processing /opt/airflow/dags/first_dag_with_bash_operator.py took 0.107 seconds
[2023-12-22T04:32:22.982+0000] {processor.py:161} INFO - Started process (PID=1495) to work on /opt/airflow/dags/first_dag_with_bash_operator.py
[2023-12-22T04:32:22.990+0000] {processor.py:830} INFO - Processing file /opt/airflow/dags/first_dag_with_bash_operator.py for tasks to queue
[2023-12-22T04:32:22.992+0000] {logging_mixin.py:188} INFO - [2023-12-22T04:32:22.991+0000] {dagbag.py:538} INFO - Filling up the DagBag from /opt/airflow/dags/first_dag_with_bash_operator.py
[2023-12-22T04:32:23.014+0000] {processor.py:840} INFO - DAG(s) 'out_first_dag_V4' retrieved from /opt/airflow/dags/first_dag_with_bash_operator.py
[2023-12-22T04:32:23.061+0000] {logging_mixin.py:188} INFO - [2023-12-22T04:32:23.060+0000] {dag.py:3033} INFO - Sync 1 DAGs
[2023-12-22T04:32:23.104+0000] {logging_mixin.py:188} INFO - [2023-12-22T04:32:23.104+0000] {dag.py:3820} INFO - Setting next_dagrun for out_first_dag_V4 to 2023-12-22T00:00:00+00:00, run_after=2023-12-23T00:00:00+00:00
[2023-12-22T04:32:23.136+0000] {processor.py:183} INFO - Processing /opt/airflow/dags/first_dag_with_bash_operator.py took 0.161 seconds
[2023-12-22T04:32:53.437+0000] {processor.py:161} INFO - Started process (PID=1504) to work on /opt/airflow/dags/first_dag_with_bash_operator.py
[2023-12-22T04:32:53.447+0000] {processor.py:830} INFO - Processing file /opt/airflow/dags/first_dag_with_bash_operator.py for tasks to queue
[2023-12-22T04:32:53.450+0000] {logging_mixin.py:188} INFO - [2023-12-22T04:32:53.449+0000] {dagbag.py:538} INFO - Filling up the DagBag from /opt/airflow/dags/first_dag_with_bash_operator.py
[2023-12-22T04:32:53.487+0000] {processor.py:840} INFO - DAG(s) 'out_first_dag_V4' retrieved from /opt/airflow/dags/first_dag_with_bash_operator.py
[2023-12-22T04:32:53.530+0000] {logging_mixin.py:188} INFO - [2023-12-22T04:32:53.530+0000] {dag.py:3033} INFO - Sync 1 DAGs
[2023-12-22T04:32:53.565+0000] {logging_mixin.py:188} INFO - [2023-12-22T04:32:53.565+0000] {dag.py:3820} INFO - Setting next_dagrun for out_first_dag_V4 to 2023-12-22T00:00:00+00:00, run_after=2023-12-23T00:00:00+00:00
[2023-12-22T04:32:53.637+0000] {processor.py:183} INFO - Processing /opt/airflow/dags/first_dag_with_bash_operator.py took 0.215 seconds
[2023-12-22T04:33:24.036+0000] {processor.py:161} INFO - Started process (PID=1513) to work on /opt/airflow/dags/first_dag_with_bash_operator.py
[2023-12-22T04:33:24.037+0000] {processor.py:830} INFO - Processing file /opt/airflow/dags/first_dag_with_bash_operator.py for tasks to queue
[2023-12-22T04:33:24.038+0000] {logging_mixin.py:188} INFO - [2023-12-22T04:33:24.038+0000] {dagbag.py:538} INFO - Filling up the DagBag from /opt/airflow/dags/first_dag_with_bash_operator.py
[2023-12-22T04:33:24.053+0000] {processor.py:840} INFO - DAG(s) 'out_first_dag_V4' retrieved from /opt/airflow/dags/first_dag_with_bash_operator.py
[2023-12-22T04:33:24.084+0000] {logging_mixin.py:188} INFO - [2023-12-22T04:33:24.084+0000] {dag.py:3033} INFO - Sync 1 DAGs
[2023-12-22T04:33:24.109+0000] {logging_mixin.py:188} INFO - [2023-12-22T04:33:24.109+0000] {dag.py:3820} INFO - Setting next_dagrun for out_first_dag_V4 to 2023-12-22T00:00:00+00:00, run_after=2023-12-23T00:00:00+00:00
[2023-12-22T04:33:24.137+0000] {processor.py:183} INFO - Processing /opt/airflow/dags/first_dag_with_bash_operator.py took 0.105 seconds
[2023-12-22T04:33:54.915+0000] {processor.py:161} INFO - Started process (PID=1528) to work on /opt/airflow/dags/first_dag_with_bash_operator.py
[2023-12-22T04:33:54.916+0000] {processor.py:830} INFO - Processing file /opt/airflow/dags/first_dag_with_bash_operator.py for tasks to queue
[2023-12-22T04:33:54.917+0000] {logging_mixin.py:188} INFO - [2023-12-22T04:33:54.917+0000] {dagbag.py:538} INFO - Filling up the DagBag from /opt/airflow/dags/first_dag_with_bash_operator.py
[2023-12-22T04:33:54.937+0000] {processor.py:840} INFO - DAG(s) 'out_first_dag_V4' retrieved from /opt/airflow/dags/first_dag_with_bash_operator.py
[2023-12-22T04:33:54.978+0000] {logging_mixin.py:188} INFO - [2023-12-22T04:33:54.978+0000] {dag.py:3033} INFO - Sync 1 DAGs
[2023-12-22T04:33:55.007+0000] {logging_mixin.py:188} INFO - [2023-12-22T04:33:55.006+0000] {dag.py:3820} INFO - Setting next_dagrun for out_first_dag_V4 to 2023-12-22T00:00:00+00:00, run_after=2023-12-23T00:00:00+00:00
[2023-12-22T04:33:55.026+0000] {processor.py:183} INFO - Processing /opt/airflow/dags/first_dag_with_bash_operator.py took 0.114 seconds
[2023-12-22T04:34:25.527+0000] {processor.py:161} INFO - Started process (PID=1541) to work on /opt/airflow/dags/first_dag_with_bash_operator.py
[2023-12-22T04:34:25.546+0000] {processor.py:830} INFO - Processing file /opt/airflow/dags/first_dag_with_bash_operator.py for tasks to queue
[2023-12-22T04:34:25.548+0000] {logging_mixin.py:188} INFO - [2023-12-22T04:34:25.547+0000] {dagbag.py:538} INFO - Filling up the DagBag from /opt/airflow/dags/first_dag_with_bash_operator.py
[2023-12-22T04:34:25.636+0000] {processor.py:840} INFO - DAG(s) 'out_first_dag_V4' retrieved from /opt/airflow/dags/first_dag_with_bash_operator.py
[2023-12-22T04:34:25.691+0000] {logging_mixin.py:188} INFO - [2023-12-22T04:34:25.691+0000] {dag.py:3033} INFO - Sync 1 DAGs
[2023-12-22T04:34:25.727+0000] {logging_mixin.py:188} INFO - [2023-12-22T04:34:25.726+0000] {dag.py:3820} INFO - Setting next_dagrun for out_first_dag_V4 to 2023-12-22T00:00:00+00:00, run_after=2023-12-23T00:00:00+00:00
[2023-12-22T04:34:25.757+0000] {processor.py:183} INFO - Processing /opt/airflow/dags/first_dag_with_bash_operator.py took 0.265 seconds
[2023-12-22T04:34:56.388+0000] {processor.py:161} INFO - Started process (PID=1563) to work on /opt/airflow/dags/first_dag_with_bash_operator.py
[2023-12-22T04:34:56.396+0000] {processor.py:830} INFO - Processing file /opt/airflow/dags/first_dag_with_bash_operator.py for tasks to queue
[2023-12-22T04:34:56.398+0000] {logging_mixin.py:188} INFO - [2023-12-22T04:34:56.397+0000] {dagbag.py:538} INFO - Filling up the DagBag from /opt/airflow/dags/first_dag_with_bash_operator.py
[2023-12-22T04:34:56.414+0000] {processor.py:840} INFO - DAG(s) 'out_first_dag_V4' retrieved from /opt/airflow/dags/first_dag_with_bash_operator.py
[2023-12-22T04:34:56.443+0000] {logging_mixin.py:188} INFO - [2023-12-22T04:34:56.443+0000] {dag.py:3033} INFO - Sync 1 DAGs
[2023-12-22T04:34:56.468+0000] {logging_mixin.py:188} INFO - [2023-12-22T04:34:56.468+0000] {dag.py:3820} INFO - Setting next_dagrun for out_first_dag_V4 to 2023-12-22T00:00:00+00:00, run_after=2023-12-23T00:00:00+00:00
[2023-12-22T04:34:56.496+0000] {processor.py:183} INFO - Processing /opt/airflow/dags/first_dag_with_bash_operator.py took 0.113 seconds
[2023-12-22T04:35:27.064+0000] {processor.py:161} INFO - Started process (PID=1579) to work on /opt/airflow/dags/first_dag_with_bash_operator.py
[2023-12-22T04:35:27.067+0000] {processor.py:830} INFO - Processing file /opt/airflow/dags/first_dag_with_bash_operator.py for tasks to queue
[2023-12-22T04:35:27.069+0000] {logging_mixin.py:188} INFO - [2023-12-22T04:35:27.068+0000] {dagbag.py:538} INFO - Filling up the DagBag from /opt/airflow/dags/first_dag_with_bash_operator.py
[2023-12-22T04:35:27.092+0000] {processor.py:840} INFO - DAG(s) 'out_first_dag_V4' retrieved from /opt/airflow/dags/first_dag_with_bash_operator.py
[2023-12-22T04:35:27.129+0000] {logging_mixin.py:188} INFO - [2023-12-22T04:35:27.129+0000] {dag.py:3033} INFO - Sync 1 DAGs
[2023-12-22T04:35:27.158+0000] {logging_mixin.py:188} INFO - [2023-12-22T04:35:27.158+0000] {dag.py:3820} INFO - Setting next_dagrun for out_first_dag_V4 to 2023-12-22T00:00:00+00:00, run_after=2023-12-23T00:00:00+00:00
[2023-12-22T04:35:27.194+0000] {processor.py:183} INFO - Processing /opt/airflow/dags/first_dag_with_bash_operator.py took 0.138 seconds
[2023-12-22T04:35:57.254+0000] {processor.py:161} INFO - Started process (PID=1590) to work on /opt/airflow/dags/first_dag_with_bash_operator.py
[2023-12-22T04:35:57.255+0000] {processor.py:830} INFO - Processing file /opt/airflow/dags/first_dag_with_bash_operator.py for tasks to queue
[2023-12-22T04:35:57.258+0000] {logging_mixin.py:188} INFO - [2023-12-22T04:35:57.258+0000] {dagbag.py:538} INFO - Filling up the DagBag from /opt/airflow/dags/first_dag_with_bash_operator.py
[2023-12-22T04:35:57.281+0000] {processor.py:840} INFO - DAG(s) 'out_first_dag_V4' retrieved from /opt/airflow/dags/first_dag_with_bash_operator.py
[2023-12-22T04:35:57.324+0000] {logging_mixin.py:188} INFO - [2023-12-22T04:35:57.324+0000] {dag.py:3033} INFO - Sync 1 DAGs
[2023-12-22T04:35:57.359+0000] {logging_mixin.py:188} INFO - [2023-12-22T04:35:57.359+0000] {dag.py:3820} INFO - Setting next_dagrun for out_first_dag_V4 to 2023-12-22T00:00:00+00:00, run_after=2023-12-23T00:00:00+00:00
[2023-12-22T04:35:57.384+0000] {processor.py:183} INFO - Processing /opt/airflow/dags/first_dag_with_bash_operator.py took 0.135 seconds
[2023-12-22T04:36:27.680+0000] {processor.py:161} INFO - Started process (PID=1602) to work on /opt/airflow/dags/first_dag_with_bash_operator.py
[2023-12-22T04:36:27.693+0000] {processor.py:830} INFO - Processing file /opt/airflow/dags/first_dag_with_bash_operator.py for tasks to queue
[2023-12-22T04:36:27.697+0000] {logging_mixin.py:188} INFO - [2023-12-22T04:36:27.696+0000] {dagbag.py:538} INFO - Filling up the DagBag from /opt/airflow/dags/first_dag_with_bash_operator.py
[2023-12-22T04:36:27.736+0000] {processor.py:840} INFO - DAG(s) 'out_first_dag_V4' retrieved from /opt/airflow/dags/first_dag_with_bash_operator.py
[2023-12-22T04:36:27.769+0000] {logging_mixin.py:188} INFO - [2023-12-22T04:36:27.769+0000] {dag.py:3033} INFO - Sync 1 DAGs
[2023-12-22T04:36:27.795+0000] {logging_mixin.py:188} INFO - [2023-12-22T04:36:27.795+0000] {dag.py:3820} INFO - Setting next_dagrun for out_first_dag_V4 to 2023-12-22T00:00:00+00:00, run_after=2023-12-23T00:00:00+00:00
[2023-12-22T04:36:27.823+0000] {processor.py:183} INFO - Processing /opt/airflow/dags/first_dag_with_bash_operator.py took 0.160 seconds
[2023-12-22T04:36:58.175+0000] {processor.py:161} INFO - Started process (PID=1610) to work on /opt/airflow/dags/first_dag_with_bash_operator.py
[2023-12-22T04:36:58.178+0000] {processor.py:830} INFO - Processing file /opt/airflow/dags/first_dag_with_bash_operator.py for tasks to queue
[2023-12-22T04:36:58.181+0000] {logging_mixin.py:188} INFO - [2023-12-22T04:36:58.180+0000] {dagbag.py:538} INFO - Filling up the DagBag from /opt/airflow/dags/first_dag_with_bash_operator.py
[2023-12-22T04:36:58.215+0000] {processor.py:840} INFO - DAG(s) 'out_first_dag_V4' retrieved from /opt/airflow/dags/first_dag_with_bash_operator.py
[2023-12-22T04:36:58.256+0000] {logging_mixin.py:188} INFO - [2023-12-22T04:36:58.256+0000] {dag.py:3033} INFO - Sync 1 DAGs
[2023-12-22T04:36:58.286+0000] {logging_mixin.py:188} INFO - [2023-12-22T04:36:58.286+0000] {dag.py:3820} INFO - Setting next_dagrun for out_first_dag_V4 to 2023-12-22T00:00:00+00:00, run_after=2023-12-23T00:00:00+00:00
[2023-12-22T04:36:58.313+0000] {processor.py:183} INFO - Processing /opt/airflow/dags/first_dag_with_bash_operator.py took 0.154 seconds
[2023-12-22T04:37:28.593+0000] {processor.py:161} INFO - Started process (PID=1617) to work on /opt/airflow/dags/first_dag_with_bash_operator.py
[2023-12-22T04:37:28.602+0000] {processor.py:830} INFO - Processing file /opt/airflow/dags/first_dag_with_bash_operator.py for tasks to queue
[2023-12-22T04:37:28.605+0000] {logging_mixin.py:188} INFO - [2023-12-22T04:37:28.605+0000] {dagbag.py:538} INFO - Filling up the DagBag from /opt/airflow/dags/first_dag_with_bash_operator.py
[2023-12-22T04:37:28.630+0000] {processor.py:840} INFO - DAG(s) 'out_first_dag_V4' retrieved from /opt/airflow/dags/first_dag_with_bash_operator.py
[2023-12-22T04:37:28.662+0000] {logging_mixin.py:188} INFO - [2023-12-22T04:37:28.662+0000] {dag.py:3033} INFO - Sync 1 DAGs
[2023-12-22T04:37:28.692+0000] {logging_mixin.py:188} INFO - [2023-12-22T04:37:28.691+0000] {dag.py:3820} INFO - Setting next_dagrun for out_first_dag_V4 to 2023-12-22T00:00:00+00:00, run_after=2023-12-23T00:00:00+00:00
[2023-12-22T04:37:28.720+0000] {processor.py:183} INFO - Processing /opt/airflow/dags/first_dag_with_bash_operator.py took 0.132 seconds
[2023-12-22T04:37:58.896+0000] {processor.py:161} INFO - Started process (PID=1625) to work on /opt/airflow/dags/first_dag_with_bash_operator.py
[2023-12-22T04:37:58.897+0000] {processor.py:830} INFO - Processing file /opt/airflow/dags/first_dag_with_bash_operator.py for tasks to queue
[2023-12-22T04:37:58.898+0000] {logging_mixin.py:188} INFO - [2023-12-22T04:37:58.897+0000] {dagbag.py:538} INFO - Filling up the DagBag from /opt/airflow/dags/first_dag_with_bash_operator.py
[2023-12-22T04:37:58.914+0000] {processor.py:840} INFO - DAG(s) 'out_first_dag_V4' retrieved from /opt/airflow/dags/first_dag_with_bash_operator.py
[2023-12-22T04:37:58.948+0000] {logging_mixin.py:188} INFO - [2023-12-22T04:37:58.948+0000] {dag.py:3033} INFO - Sync 1 DAGs
[2023-12-22T04:37:58.985+0000] {logging_mixin.py:188} INFO - [2023-12-22T04:37:58.985+0000] {dag.py:3820} INFO - Setting next_dagrun for out_first_dag_V4 to 2023-12-22T00:00:00+00:00, run_after=2023-12-23T00:00:00+00:00
[2023-12-22T04:37:59.010+0000] {processor.py:183} INFO - Processing /opt/airflow/dags/first_dag_with_bash_operator.py took 0.118 seconds
[2023-12-22T04:38:29.214+0000] {processor.py:161} INFO - Started process (PID=1632) to work on /opt/airflow/dags/first_dag_with_bash_operator.py
[2023-12-22T04:38:29.216+0000] {processor.py:830} INFO - Processing file /opt/airflow/dags/first_dag_with_bash_operator.py for tasks to queue
[2023-12-22T04:38:29.217+0000] {logging_mixin.py:188} INFO - [2023-12-22T04:38:29.216+0000] {dagbag.py:538} INFO - Filling up the DagBag from /opt/airflow/dags/first_dag_with_bash_operator.py
[2023-12-22T04:38:29.243+0000] {processor.py:840} INFO - DAG(s) 'out_first_dag_V4' retrieved from /opt/airflow/dags/first_dag_with_bash_operator.py
[2023-12-22T04:38:29.289+0000] {logging_mixin.py:188} INFO - [2023-12-22T04:38:29.288+0000] {dag.py:3033} INFO - Sync 1 DAGs
[2023-12-22T04:38:29.334+0000] {logging_mixin.py:188} INFO - [2023-12-22T04:38:29.334+0000] {dag.py:3820} INFO - Setting next_dagrun for out_first_dag_V4 to 2023-12-22T00:00:00+00:00, run_after=2023-12-23T00:00:00+00:00
[2023-12-22T04:38:29.363+0000] {processor.py:183} INFO - Processing /opt/airflow/dags/first_dag_with_bash_operator.py took 0.154 seconds
[2023-12-22T04:38:59.593+0000] {processor.py:161} INFO - Started process (PID=1640) to work on /opt/airflow/dags/first_dag_with_bash_operator.py
[2023-12-22T04:38:59.594+0000] {processor.py:830} INFO - Processing file /opt/airflow/dags/first_dag_with_bash_operator.py for tasks to queue
[2023-12-22T04:38:59.595+0000] {logging_mixin.py:188} INFO - [2023-12-22T04:38:59.595+0000] {dagbag.py:538} INFO - Filling up the DagBag from /opt/airflow/dags/first_dag_with_bash_operator.py
[2023-12-22T04:38:59.611+0000] {processor.py:840} INFO - DAG(s) 'out_first_dag_V4' retrieved from /opt/airflow/dags/first_dag_with_bash_operator.py
[2023-12-22T04:38:59.643+0000] {logging_mixin.py:188} INFO - [2023-12-22T04:38:59.642+0000] {dag.py:3033} INFO - Sync 1 DAGs
[2023-12-22T04:38:59.669+0000] {logging_mixin.py:188} INFO - [2023-12-22T04:38:59.668+0000] {dag.py:3820} INFO - Setting next_dagrun for out_first_dag_V4 to 2023-12-22T00:00:00+00:00, run_after=2023-12-23T00:00:00+00:00
[2023-12-22T04:38:59.697+0000] {processor.py:183} INFO - Processing /opt/airflow/dags/first_dag_with_bash_operator.py took 0.110 seconds
[2023-12-22T04:39:29.954+0000] {processor.py:161} INFO - Started process (PID=1649) to work on /opt/airflow/dags/first_dag_with_bash_operator.py
[2023-12-22T04:39:29.963+0000] {processor.py:830} INFO - Processing file /opt/airflow/dags/first_dag_with_bash_operator.py for tasks to queue
[2023-12-22T04:39:29.964+0000] {logging_mixin.py:188} INFO - [2023-12-22T04:39:29.964+0000] {dagbag.py:538} INFO - Filling up the DagBag from /opt/airflow/dags/first_dag_with_bash_operator.py
[2023-12-22T04:39:29.982+0000] {processor.py:840} INFO - DAG(s) 'out_first_dag_V4' retrieved from /opt/airflow/dags/first_dag_with_bash_operator.py
[2023-12-22T04:39:30.012+0000] {logging_mixin.py:188} INFO - [2023-12-22T04:39:30.011+0000] {dag.py:3033} INFO - Sync 1 DAGs
[2023-12-22T04:39:30.038+0000] {logging_mixin.py:188} INFO - [2023-12-22T04:39:30.038+0000] {dag.py:3820} INFO - Setting next_dagrun for out_first_dag_V4 to 2023-12-22T00:00:00+00:00, run_after=2023-12-23T00:00:00+00:00
[2023-12-22T04:39:30.069+0000] {processor.py:183} INFO - Processing /opt/airflow/dags/first_dag_with_bash_operator.py took 0.125 seconds
[2023-12-22T04:40:00.339+0000] {processor.py:161} INFO - Started process (PID=1656) to work on /opt/airflow/dags/first_dag_with_bash_operator.py
[2023-12-22T04:40:00.340+0000] {processor.py:830} INFO - Processing file /opt/airflow/dags/first_dag_with_bash_operator.py for tasks to queue
[2023-12-22T04:40:00.342+0000] {logging_mixin.py:188} INFO - [2023-12-22T04:40:00.341+0000] {dagbag.py:538} INFO - Filling up the DagBag from /opt/airflow/dags/first_dag_with_bash_operator.py
[2023-12-22T04:40:00.363+0000] {processor.py:840} INFO - DAG(s) 'out_first_dag_V4' retrieved from /opt/airflow/dags/first_dag_with_bash_operator.py
[2023-12-22T04:40:00.403+0000] {logging_mixin.py:188} INFO - [2023-12-22T04:40:00.403+0000] {dag.py:3033} INFO - Sync 1 DAGs
[2023-12-22T04:40:00.429+0000] {logging_mixin.py:188} INFO - [2023-12-22T04:40:00.429+0000] {dag.py:3820} INFO - Setting next_dagrun for out_first_dag_V4 to 2023-12-22T00:00:00+00:00, run_after=2023-12-23T00:00:00+00:00
[2023-12-22T04:40:00.457+0000] {processor.py:183} INFO - Processing /opt/airflow/dags/first_dag_with_bash_operator.py took 0.123 seconds
[2023-12-22T04:40:30.700+0000] {processor.py:161} INFO - Started process (PID=1663) to work on /opt/airflow/dags/first_dag_with_bash_operator.py
[2023-12-22T04:40:30.709+0000] {processor.py:830} INFO - Processing file /opt/airflow/dags/first_dag_with_bash_operator.py for tasks to queue
[2023-12-22T04:40:30.710+0000] {logging_mixin.py:188} INFO - [2023-12-22T04:40:30.710+0000] {dagbag.py:538} INFO - Filling up the DagBag from /opt/airflow/dags/first_dag_with_bash_operator.py
[2023-12-22T04:40:30.735+0000] {processor.py:840} INFO - DAG(s) 'out_first_dag_V4' retrieved from /opt/airflow/dags/first_dag_with_bash_operator.py
[2023-12-22T04:40:30.770+0000] {logging_mixin.py:188} INFO - [2023-12-22T04:40:30.770+0000] {dag.py:3033} INFO - Sync 1 DAGs
[2023-12-22T04:40:30.803+0000] {logging_mixin.py:188} INFO - [2023-12-22T04:40:30.803+0000] {dag.py:3820} INFO - Setting next_dagrun for out_first_dag_V4 to 2023-12-22T00:00:00+00:00, run_after=2023-12-23T00:00:00+00:00
[2023-12-22T04:40:30.834+0000] {processor.py:183} INFO - Processing /opt/airflow/dags/first_dag_with_bash_operator.py took 0.140 seconds
[2023-12-22T04:41:01.120+0000] {processor.py:161} INFO - Started process (PID=1671) to work on /opt/airflow/dags/first_dag_with_bash_operator.py
[2023-12-22T04:41:01.121+0000] {processor.py:830} INFO - Processing file /opt/airflow/dags/first_dag_with_bash_operator.py for tasks to queue
[2023-12-22T04:41:01.123+0000] {logging_mixin.py:188} INFO - [2023-12-22T04:41:01.122+0000] {dagbag.py:538} INFO - Filling up the DagBag from /opt/airflow/dags/first_dag_with_bash_operator.py
[2023-12-22T04:41:01.139+0000] {processor.py:840} INFO - DAG(s) 'out_first_dag_V4' retrieved from /opt/airflow/dags/first_dag_with_bash_operator.py
[2023-12-22T04:41:01.168+0000] {logging_mixin.py:188} INFO - [2023-12-22T04:41:01.168+0000] {dag.py:3033} INFO - Sync 1 DAGs
[2023-12-22T04:41:01.194+0000] {logging_mixin.py:188} INFO - [2023-12-22T04:41:01.193+0000] {dag.py:3820} INFO - Setting next_dagrun for out_first_dag_V4 to 2023-12-22T00:00:00+00:00, run_after=2023-12-23T00:00:00+00:00
[2023-12-22T04:41:01.228+0000] {processor.py:183} INFO - Processing /opt/airflow/dags/first_dag_with_bash_operator.py took 0.115 seconds
[2023-12-22T04:41:31.486+0000] {processor.py:161} INFO - Started process (PID=1679) to work on /opt/airflow/dags/first_dag_with_bash_operator.py
[2023-12-22T04:41:31.494+0000] {processor.py:830} INFO - Processing file /opt/airflow/dags/first_dag_with_bash_operator.py for tasks to queue
[2023-12-22T04:41:31.496+0000] {logging_mixin.py:188} INFO - [2023-12-22T04:41:31.495+0000] {dagbag.py:538} INFO - Filling up the DagBag from /opt/airflow/dags/first_dag_with_bash_operator.py
[2023-12-22T04:41:31.512+0000] {processor.py:840} INFO - DAG(s) 'out_first_dag_V4' retrieved from /opt/airflow/dags/first_dag_with_bash_operator.py
[2023-12-22T04:41:31.544+0000] {logging_mixin.py:188} INFO - [2023-12-22T04:41:31.544+0000] {dag.py:3033} INFO - Sync 1 DAGs
[2023-12-22T04:41:31.576+0000] {logging_mixin.py:188} INFO - [2023-12-22T04:41:31.576+0000] {dag.py:3820} INFO - Setting next_dagrun for out_first_dag_V4 to 2023-12-22T00:00:00+00:00, run_after=2023-12-23T00:00:00+00:00
[2023-12-22T04:41:31.604+0000] {processor.py:183} INFO - Processing /opt/airflow/dags/first_dag_with_bash_operator.py took 0.124 seconds
[2023-12-22T04:42:01.830+0000] {processor.py:161} INFO - Started process (PID=1687) to work on /opt/airflow/dags/first_dag_with_bash_operator.py
[2023-12-22T04:42:01.831+0000] {processor.py:830} INFO - Processing file /opt/airflow/dags/first_dag_with_bash_operator.py for tasks to queue
[2023-12-22T04:42:01.832+0000] {logging_mixin.py:188} INFO - [2023-12-22T04:42:01.832+0000] {dagbag.py:538} INFO - Filling up the DagBag from /opt/airflow/dags/first_dag_with_bash_operator.py
[2023-12-22T04:42:01.847+0000] {processor.py:840} INFO - DAG(s) 'out_first_dag_V4' retrieved from /opt/airflow/dags/first_dag_with_bash_operator.py
[2023-12-22T04:42:01.878+0000] {logging_mixin.py:188} INFO - [2023-12-22T04:42:01.877+0000] {dag.py:3033} INFO - Sync 1 DAGs
[2023-12-22T04:42:01.903+0000] {logging_mixin.py:188} INFO - [2023-12-22T04:42:01.903+0000] {dag.py:3820} INFO - Setting next_dagrun for out_first_dag_V4 to 2023-12-22T00:00:00+00:00, run_after=2023-12-23T00:00:00+00:00
[2023-12-22T04:42:01.930+0000] {processor.py:183} INFO - Processing /opt/airflow/dags/first_dag_with_bash_operator.py took 0.104 seconds
[2023-12-22T04:42:32.261+0000] {processor.py:161} INFO - Started process (PID=1695) to work on /opt/airflow/dags/first_dag_with_bash_operator.py
[2023-12-22T04:42:32.270+0000] {processor.py:830} INFO - Processing file /opt/airflow/dags/first_dag_with_bash_operator.py for tasks to queue
[2023-12-22T04:42:32.272+0000] {logging_mixin.py:188} INFO - [2023-12-22T04:42:32.271+0000] {dagbag.py:538} INFO - Filling up the DagBag from /opt/airflow/dags/first_dag_with_bash_operator.py
[2023-12-22T04:42:32.296+0000] {processor.py:840} INFO - DAG(s) 'out_first_dag_V4' retrieved from /opt/airflow/dags/first_dag_with_bash_operator.py
[2023-12-22T04:42:32.331+0000] {logging_mixin.py:188} INFO - [2023-12-22T04:42:32.330+0000] {dag.py:3033} INFO - Sync 1 DAGs
[2023-12-22T04:42:32.366+0000] {logging_mixin.py:188} INFO - [2023-12-22T04:42:32.365+0000] {dag.py:3820} INFO - Setting next_dagrun for out_first_dag_V4 to 2023-12-22T00:00:00+00:00, run_after=2023-12-23T00:00:00+00:00
[2023-12-22T04:42:32.397+0000] {processor.py:183} INFO - Processing /opt/airflow/dags/first_dag_with_bash_operator.py took 0.155 seconds
[2023-12-22T04:43:02.623+0000] {processor.py:161} INFO - Started process (PID=1702) to work on /opt/airflow/dags/first_dag_with_bash_operator.py
[2023-12-22T04:43:02.624+0000] {processor.py:830} INFO - Processing file /opt/airflow/dags/first_dag_with_bash_operator.py for tasks to queue
[2023-12-22T04:43:02.625+0000] {logging_mixin.py:188} INFO - [2023-12-22T04:43:02.625+0000] {dagbag.py:538} INFO - Filling up the DagBag from /opt/airflow/dags/first_dag_with_bash_operator.py
[2023-12-22T04:43:02.649+0000] {processor.py:840} INFO - DAG(s) 'out_first_dag_V4' retrieved from /opt/airflow/dags/first_dag_with_bash_operator.py
[2023-12-22T04:43:02.692+0000] {logging_mixin.py:188} INFO - [2023-12-22T04:43:02.692+0000] {dag.py:3033} INFO - Sync 1 DAGs
[2023-12-22T04:43:02.726+0000] {logging_mixin.py:188} INFO - [2023-12-22T04:43:02.726+0000] {dag.py:3820} INFO - Setting next_dagrun for out_first_dag_V4 to 2023-12-22T00:00:00+00:00, run_after=2023-12-23T00:00:00+00:00
[2023-12-22T04:43:02.752+0000] {processor.py:183} INFO - Processing /opt/airflow/dags/first_dag_with_bash_operator.py took 0.135 seconds
[2023-12-22T04:43:32.915+0000] {processor.py:161} INFO - Started process (PID=1710) to work on /opt/airflow/dags/first_dag_with_bash_operator.py
[2023-12-22T04:43:32.926+0000] {processor.py:830} INFO - Processing file /opt/airflow/dags/first_dag_with_bash_operator.py for tasks to queue
[2023-12-22T04:43:32.930+0000] {logging_mixin.py:188} INFO - [2023-12-22T04:43:32.929+0000] {dagbag.py:538} INFO - Filling up the DagBag from /opt/airflow/dags/first_dag_with_bash_operator.py
[2023-12-22T04:43:32.979+0000] {processor.py:840} INFO - DAG(s) 'out_first_dag_V4' retrieved from /opt/airflow/dags/first_dag_with_bash_operator.py
[2023-12-22T04:43:33.021+0000] {logging_mixin.py:188} INFO - [2023-12-22T04:43:33.020+0000] {dag.py:3033} INFO - Sync 1 DAGs
[2023-12-22T04:43:33.052+0000] {logging_mixin.py:188} INFO - [2023-12-22T04:43:33.052+0000] {dag.py:3820} INFO - Setting next_dagrun for out_first_dag_V4 to 2023-12-22T00:00:00+00:00, run_after=2023-12-23T00:00:00+00:00
[2023-12-22T04:43:33.075+0000] {processor.py:183} INFO - Processing /opt/airflow/dags/first_dag_with_bash_operator.py took 0.178 seconds
[2023-12-22T04:44:03.303+0000] {processor.py:161} INFO - Started process (PID=1718) to work on /opt/airflow/dags/first_dag_with_bash_operator.py
[2023-12-22T04:44:03.304+0000] {processor.py:830} INFO - Processing file /opt/airflow/dags/first_dag_with_bash_operator.py for tasks to queue
[2023-12-22T04:44:03.305+0000] {logging_mixin.py:188} INFO - [2023-12-22T04:44:03.305+0000] {dagbag.py:538} INFO - Filling up the DagBag from /opt/airflow/dags/first_dag_with_bash_operator.py
[2023-12-22T04:44:03.321+0000] {processor.py:840} INFO - DAG(s) 'out_first_dag_V4' retrieved from /opt/airflow/dags/first_dag_with_bash_operator.py
[2023-12-22T04:44:03.350+0000] {logging_mixin.py:188} INFO - [2023-12-22T04:44:03.350+0000] {dag.py:3033} INFO - Sync 1 DAGs
[2023-12-22T04:44:03.377+0000] {logging_mixin.py:188} INFO - [2023-12-22T04:44:03.377+0000] {dag.py:3820} INFO - Setting next_dagrun for out_first_dag_V4 to 2023-12-22T00:00:00+00:00, run_after=2023-12-23T00:00:00+00:00
[2023-12-22T04:44:03.403+0000] {processor.py:183} INFO - Processing /opt/airflow/dags/first_dag_with_bash_operator.py took 0.106 seconds
[2023-12-22T04:44:33.659+0000] {processor.py:161} INFO - Started process (PID=1726) to work on /opt/airflow/dags/first_dag_with_bash_operator.py
[2023-12-22T04:44:33.667+0000] {processor.py:830} INFO - Processing file /opt/airflow/dags/first_dag_with_bash_operator.py for tasks to queue
[2023-12-22T04:44:33.668+0000] {logging_mixin.py:188} INFO - [2023-12-22T04:44:33.668+0000] {dagbag.py:538} INFO - Filling up the DagBag from /opt/airflow/dags/first_dag_with_bash_operator.py
[2023-12-22T04:44:33.685+0000] {processor.py:840} INFO - DAG(s) 'out_first_dag_V4' retrieved from /opt/airflow/dags/first_dag_with_bash_operator.py
[2023-12-22T04:44:33.721+0000] {logging_mixin.py:188} INFO - [2023-12-22T04:44:33.721+0000] {dag.py:3033} INFO - Sync 1 DAGs
[2023-12-22T04:44:33.751+0000] {logging_mixin.py:188} INFO - [2023-12-22T04:44:33.750+0000] {dag.py:3820} INFO - Setting next_dagrun for out_first_dag_V4 to 2023-12-22T00:00:00+00:00, run_after=2023-12-23T00:00:00+00:00
[2023-12-22T04:44:33.778+0000] {processor.py:183} INFO - Processing /opt/airflow/dags/first_dag_with_bash_operator.py took 0.123 seconds
[2023-12-22T04:45:04.063+0000] {processor.py:161} INFO - Started process (PID=1734) to work on /opt/airflow/dags/first_dag_with_bash_operator.py
[2023-12-22T04:45:04.065+0000] {processor.py:830} INFO - Processing file /opt/airflow/dags/first_dag_with_bash_operator.py for tasks to queue
[2023-12-22T04:45:04.068+0000] {logging_mixin.py:188} INFO - [2023-12-22T04:45:04.067+0000] {dagbag.py:538} INFO - Filling up the DagBag from /opt/airflow/dags/first_dag_with_bash_operator.py
[2023-12-22T04:45:04.088+0000] {processor.py:840} INFO - DAG(s) 'out_first_dag_V4' retrieved from /opt/airflow/dags/first_dag_with_bash_operator.py
[2023-12-22T04:45:04.124+0000] {logging_mixin.py:188} INFO - [2023-12-22T04:45:04.124+0000] {dag.py:3033} INFO - Sync 1 DAGs
[2023-12-22T04:45:04.152+0000] {logging_mixin.py:188} INFO - [2023-12-22T04:45:04.152+0000] {dag.py:3820} INFO - Setting next_dagrun for out_first_dag_V4 to 2023-12-22T00:00:00+00:00, run_after=2023-12-23T00:00:00+00:00
[2023-12-22T04:45:04.179+0000] {processor.py:183} INFO - Processing /opt/airflow/dags/first_dag_with_bash_operator.py took 0.124 seconds
[2023-12-22T04:45:34.476+0000] {processor.py:161} INFO - Started process (PID=1741) to work on /opt/airflow/dags/first_dag_with_bash_operator.py
[2023-12-22T04:45:34.486+0000] {processor.py:830} INFO - Processing file /opt/airflow/dags/first_dag_with_bash_operator.py for tasks to queue
[2023-12-22T04:45:34.489+0000] {logging_mixin.py:188} INFO - [2023-12-22T04:45:34.488+0000] {dagbag.py:538} INFO - Filling up the DagBag from /opt/airflow/dags/first_dag_with_bash_operator.py
[2023-12-22T04:45:34.539+0000] {processor.py:840} INFO - DAG(s) 'out_first_dag_V4' retrieved from /opt/airflow/dags/first_dag_with_bash_operator.py
[2023-12-22T04:45:34.587+0000] {logging_mixin.py:188} INFO - [2023-12-22T04:45:34.586+0000] {dag.py:3033} INFO - Sync 1 DAGs
[2023-12-22T04:45:34.619+0000] {logging_mixin.py:188} INFO - [2023-12-22T04:45:34.619+0000] {dag.py:3820} INFO - Setting next_dagrun for out_first_dag_V4 to 2023-12-22T00:00:00+00:00, run_after=2023-12-23T00:00:00+00:00
[2023-12-22T04:45:34.647+0000] {processor.py:183} INFO - Processing /opt/airflow/dags/first_dag_with_bash_operator.py took 0.195 seconds
[2023-12-22T04:46:04.920+0000] {processor.py:161} INFO - Started process (PID=1749) to work on /opt/airflow/dags/first_dag_with_bash_operator.py
[2023-12-22T04:46:04.921+0000] {processor.py:830} INFO - Processing file /opt/airflow/dags/first_dag_with_bash_operator.py for tasks to queue
[2023-12-22T04:46:04.922+0000] {logging_mixin.py:188} INFO - [2023-12-22T04:46:04.922+0000] {dagbag.py:538} INFO - Filling up the DagBag from /opt/airflow/dags/first_dag_with_bash_operator.py
[2023-12-22T04:46:04.945+0000] {processor.py:840} INFO - DAG(s) 'out_first_dag_V4' retrieved from /opt/airflow/dags/first_dag_with_bash_operator.py
[2023-12-22T04:46:04.976+0000] {logging_mixin.py:188} INFO - [2023-12-22T04:46:04.976+0000] {dag.py:3033} INFO - Sync 1 DAGs
[2023-12-22T04:46:05.002+0000] {logging_mixin.py:188} INFO - [2023-12-22T04:46:05.002+0000] {dag.py:3820} INFO - Setting next_dagrun for out_first_dag_V4 to 2023-12-22T00:00:00+00:00, run_after=2023-12-23T00:00:00+00:00
[2023-12-22T04:46:05.021+0000] {processor.py:183} INFO - Processing /opt/airflow/dags/first_dag_with_bash_operator.py took 0.108 seconds
[2023-12-22T04:46:35.247+0000] {processor.py:161} INFO - Started process (PID=1758) to work on /opt/airflow/dags/first_dag_with_bash_operator.py
[2023-12-22T04:46:35.249+0000] {processor.py:830} INFO - Processing file /opt/airflow/dags/first_dag_with_bash_operator.py for tasks to queue
[2023-12-22T04:46:35.250+0000] {logging_mixin.py:188} INFO - [2023-12-22T04:46:35.250+0000] {dagbag.py:538} INFO - Filling up the DagBag from /opt/airflow/dags/first_dag_with_bash_operator.py
[2023-12-22T04:46:35.270+0000] {processor.py:840} INFO - DAG(s) 'out_first_dag_V4' retrieved from /opt/airflow/dags/first_dag_with_bash_operator.py
[2023-12-22T04:46:35.309+0000] {logging_mixin.py:188} INFO - [2023-12-22T04:46:35.309+0000] {dag.py:3033} INFO - Sync 1 DAGs
[2023-12-22T04:46:35.347+0000] {logging_mixin.py:188} INFO - [2023-12-22T04:46:35.347+0000] {dag.py:3820} INFO - Setting next_dagrun for out_first_dag_V4 to 2023-12-22T00:00:00+00:00, run_after=2023-12-23T00:00:00+00:00
[2023-12-22T04:46:35.419+0000] {processor.py:183} INFO - Processing /opt/airflow/dags/first_dag_with_bash_operator.py took 0.176 seconds
[2023-12-22T04:47:05.748+0000] {processor.py:161} INFO - Started process (PID=1766) to work on /opt/airflow/dags/first_dag_with_bash_operator.py
[2023-12-22T04:47:05.749+0000] {processor.py:830} INFO - Processing file /opt/airflow/dags/first_dag_with_bash_operator.py for tasks to queue
[2023-12-22T04:47:05.753+0000] {logging_mixin.py:188} INFO - [2023-12-22T04:47:05.752+0000] {dagbag.py:538} INFO - Filling up the DagBag from /opt/airflow/dags/first_dag_with_bash_operator.py
[2023-12-22T04:47:05.776+0000] {processor.py:840} INFO - DAG(s) 'out_first_dag_V4' retrieved from /opt/airflow/dags/first_dag_with_bash_operator.py
[2023-12-22T04:47:05.818+0000] {logging_mixin.py:188} INFO - [2023-12-22T04:47:05.818+0000] {dag.py:3033} INFO - Sync 1 DAGs
[2023-12-22T04:47:05.861+0000] {logging_mixin.py:188} INFO - [2023-12-22T04:47:05.861+0000] {dag.py:3820} INFO - Setting next_dagrun for out_first_dag_V4 to 2023-12-22T00:00:00+00:00, run_after=2023-12-23T00:00:00+00:00
[2023-12-22T04:47:05.890+0000] {processor.py:183} INFO - Processing /opt/airflow/dags/first_dag_with_bash_operator.py took 0.147 seconds
[2023-12-22T04:47:36.212+0000] {processor.py:161} INFO - Started process (PID=1773) to work on /opt/airflow/dags/first_dag_with_bash_operator.py
[2023-12-22T04:47:36.220+0000] {processor.py:830} INFO - Processing file /opt/airflow/dags/first_dag_with_bash_operator.py for tasks to queue
[2023-12-22T04:47:36.221+0000] {logging_mixin.py:188} INFO - [2023-12-22T04:47:36.221+0000] {dagbag.py:538} INFO - Filling up the DagBag from /opt/airflow/dags/first_dag_with_bash_operator.py
[2023-12-22T04:47:36.242+0000] {processor.py:840} INFO - DAG(s) 'out_first_dag_V4' retrieved from /opt/airflow/dags/first_dag_with_bash_operator.py
[2023-12-22T04:47:36.277+0000] {logging_mixin.py:188} INFO - [2023-12-22T04:47:36.277+0000] {dag.py:3033} INFO - Sync 1 DAGs
[2023-12-22T04:47:36.306+0000] {logging_mixin.py:188} INFO - [2023-12-22T04:47:36.306+0000] {dag.py:3820} INFO - Setting next_dagrun for out_first_dag_V4 to 2023-12-22T00:00:00+00:00, run_after=2023-12-23T00:00:00+00:00
[2023-12-22T04:47:36.327+0000] {processor.py:183} INFO - Processing /opt/airflow/dags/first_dag_with_bash_operator.py took 0.119 seconds
[2023-12-22T04:48:06.596+0000] {processor.py:161} INFO - Started process (PID=1781) to work on /opt/airflow/dags/first_dag_with_bash_operator.py
[2023-12-22T04:48:06.598+0000] {processor.py:830} INFO - Processing file /opt/airflow/dags/first_dag_with_bash_operator.py for tasks to queue
[2023-12-22T04:48:06.600+0000] {logging_mixin.py:188} INFO - [2023-12-22T04:48:06.599+0000] {dagbag.py:538} INFO - Filling up the DagBag from /opt/airflow/dags/first_dag_with_bash_operator.py
[2023-12-22T04:48:06.618+0000] {processor.py:840} INFO - DAG(s) 'out_first_dag_V4' retrieved from /opt/airflow/dags/first_dag_with_bash_operator.py
[2023-12-22T04:48:06.648+0000] {logging_mixin.py:188} INFO - [2023-12-22T04:48:06.648+0000] {dag.py:3033} INFO - Sync 1 DAGs
[2023-12-22T04:48:06.674+0000] {logging_mixin.py:188} INFO - [2023-12-22T04:48:06.674+0000] {dag.py:3820} INFO - Setting next_dagrun for out_first_dag_V4 to 2023-12-22T00:00:00+00:00, run_after=2023-12-23T00:00:00+00:00
[2023-12-22T04:48:06.699+0000] {processor.py:183} INFO - Processing /opt/airflow/dags/first_dag_with_bash_operator.py took 0.115 seconds
[2023-12-22T04:48:36.935+0000] {processor.py:161} INFO - Started process (PID=1789) to work on /opt/airflow/dags/first_dag_with_bash_operator.py
[2023-12-22T04:48:36.944+0000] {processor.py:830} INFO - Processing file /opt/airflow/dags/first_dag_with_bash_operator.py for tasks to queue
[2023-12-22T04:48:36.946+0000] {logging_mixin.py:188} INFO - [2023-12-22T04:48:36.945+0000] {dagbag.py:538} INFO - Filling up the DagBag from /opt/airflow/dags/first_dag_with_bash_operator.py
[2023-12-22T04:48:36.971+0000] {processor.py:840} INFO - DAG(s) 'out_first_dag_V4' retrieved from /opt/airflow/dags/first_dag_with_bash_operator.py
[2023-12-22T04:48:36.999+0000] {logging_mixin.py:188} INFO - [2023-12-22T04:48:36.998+0000] {dag.py:3033} INFO - Sync 1 DAGs
[2023-12-22T04:48:37.024+0000] {logging_mixin.py:188} INFO - [2023-12-22T04:48:37.024+0000] {dag.py:3820} INFO - Setting next_dagrun for out_first_dag_V4 to 2023-12-22T00:00:00+00:00, run_after=2023-12-23T00:00:00+00:00
[2023-12-22T04:48:37.052+0000] {processor.py:183} INFO - Processing /opt/airflow/dags/first_dag_with_bash_operator.py took 0.125 seconds
[2023-12-22T04:49:07.316+0000] {processor.py:161} INFO - Started process (PID=1797) to work on /opt/airflow/dags/first_dag_with_bash_operator.py
[2023-12-22T04:49:07.317+0000] {processor.py:830} INFO - Processing file /opt/airflow/dags/first_dag_with_bash_operator.py for tasks to queue
[2023-12-22T04:49:07.318+0000] {logging_mixin.py:188} INFO - [2023-12-22T04:49:07.318+0000] {dagbag.py:538} INFO - Filling up the DagBag from /opt/airflow/dags/first_dag_with_bash_operator.py
[2023-12-22T04:49:07.334+0000] {processor.py:840} INFO - DAG(s) 'out_first_dag_V4' retrieved from /opt/airflow/dags/first_dag_with_bash_operator.py
[2023-12-22T04:49:07.363+0000] {logging_mixin.py:188} INFO - [2023-12-22T04:49:07.363+0000] {dag.py:3033} INFO - Sync 1 DAGs
[2023-12-22T04:49:07.388+0000] {logging_mixin.py:188} INFO - [2023-12-22T04:49:07.388+0000] {dag.py:3820} INFO - Setting next_dagrun for out_first_dag_V4 to 2023-12-22T00:00:00+00:00, run_after=2023-12-23T00:00:00+00:00
[2023-12-22T04:49:07.417+0000] {processor.py:183} INFO - Processing /opt/airflow/dags/first_dag_with_bash_operator.py took 0.107 seconds
[2023-12-22T04:49:37.785+0000] {processor.py:161} INFO - Started process (PID=1805) to work on /opt/airflow/dags/first_dag_with_bash_operator.py
[2023-12-22T04:49:37.786+0000] {processor.py:830} INFO - Processing file /opt/airflow/dags/first_dag_with_bash_operator.py for tasks to queue
[2023-12-22T04:49:37.788+0000] {logging_mixin.py:188} INFO - [2023-12-22T04:49:37.788+0000] {dagbag.py:538} INFO - Filling up the DagBag from /opt/airflow/dags/first_dag_with_bash_operator.py
[2023-12-22T04:49:37.807+0000] {processor.py:840} INFO - DAG(s) 'out_first_dag_V4' retrieved from /opt/airflow/dags/first_dag_with_bash_operator.py
[2023-12-22T04:49:37.837+0000] {logging_mixin.py:188} INFO - [2023-12-22T04:49:37.836+0000] {dag.py:3033} INFO - Sync 1 DAGs
[2023-12-22T04:49:37.871+0000] {logging_mixin.py:188} INFO - [2023-12-22T04:49:37.871+0000] {dag.py:3820} INFO - Setting next_dagrun for out_first_dag_V4 to 2023-12-22T00:00:00+00:00, run_after=2023-12-23T00:00:00+00:00
[2023-12-22T04:49:37.890+0000] {processor.py:183} INFO - Processing /opt/airflow/dags/first_dag_with_bash_operator.py took 0.112 seconds
[2023-12-22T04:50:08.064+0000] {processor.py:161} INFO - Started process (PID=1813) to work on /opt/airflow/dags/first_dag_with_bash_operator.py
[2023-12-22T04:50:08.074+0000] {processor.py:830} INFO - Processing file /opt/airflow/dags/first_dag_with_bash_operator.py for tasks to queue
[2023-12-22T04:50:08.077+0000] {logging_mixin.py:188} INFO - [2023-12-22T04:50:08.076+0000] {dagbag.py:538} INFO - Filling up the DagBag from /opt/airflow/dags/first_dag_with_bash_operator.py
[2023-12-22T04:50:08.124+0000] {processor.py:840} INFO - DAG(s) 'out_first_dag_V4' retrieved from /opt/airflow/dags/first_dag_with_bash_operator.py
[2023-12-22T04:50:08.213+0000] {logging_mixin.py:188} INFO - [2023-12-22T04:50:08.212+0000] {dag.py:3033} INFO - Sync 1 DAGs
[2023-12-22T04:50:08.244+0000] {logging_mixin.py:188} INFO - [2023-12-22T04:50:08.244+0000] {dag.py:3820} INFO - Setting next_dagrun for out_first_dag_V4 to 2023-12-22T00:00:00+00:00, run_after=2023-12-23T00:00:00+00:00
[2023-12-22T04:50:08.270+0000] {processor.py:183} INFO - Processing /opt/airflow/dags/first_dag_with_bash_operator.py took 0.214 seconds
[2023-12-22T04:50:38.522+0000] {processor.py:161} INFO - Started process (PID=1821) to work on /opt/airflow/dags/first_dag_with_bash_operator.py
[2023-12-22T04:50:38.523+0000] {processor.py:830} INFO - Processing file /opt/airflow/dags/first_dag_with_bash_operator.py for tasks to queue
[2023-12-22T04:50:38.524+0000] {logging_mixin.py:188} INFO - [2023-12-22T04:50:38.524+0000] {dagbag.py:538} INFO - Filling up the DagBag from /opt/airflow/dags/first_dag_with_bash_operator.py
[2023-12-22T04:50:38.543+0000] {processor.py:840} INFO - DAG(s) 'out_first_dag_V4' retrieved from /opt/airflow/dags/first_dag_with_bash_operator.py
[2023-12-22T04:50:38.586+0000] {logging_mixin.py:188} INFO - [2023-12-22T04:50:38.586+0000] {dag.py:3033} INFO - Sync 1 DAGs
[2023-12-22T04:50:38.617+0000] {logging_mixin.py:188} INFO - [2023-12-22T04:50:38.617+0000] {dag.py:3820} INFO - Setting next_dagrun for out_first_dag_V4 to 2023-12-22T00:00:00+00:00, run_after=2023-12-23T00:00:00+00:00
[2023-12-22T04:50:38.652+0000] {processor.py:183} INFO - Processing /opt/airflow/dags/first_dag_with_bash_operator.py took 0.136 seconds
