[2023-12-20T17:58:45.942+0600] {processor.py:161} INFO - Started process (PID=67160) to work on /home/robin/Documents/Tanjim/Miscellaneous Projects/airflow_docker/airflow_in_python_env/env/lib/python3.10/site-packages/airflow/example_dags/example_external_task_marker_dag.py
[2023-12-20T17:58:45.945+0600] {processor.py:830} INFO - Processing file /home/robin/Documents/Tanjim/Miscellaneous Projects/airflow_docker/airflow_in_python_env/env/lib/python3.10/site-packages/airflow/example_dags/example_external_task_marker_dag.py for tasks to queue
[2023-12-20T17:58:45.947+0600] {logging_mixin.py:188} INFO - [2023-12-20T17:58:45.946+0600] {dagbag.py:538} INFO - Filling up the DagBag from /home/robin/Documents/Tanjim/Miscellaneous Projects/airflow_docker/airflow_in_python_env/env/lib/python3.10/site-packages/airflow/example_dags/example_external_task_marker_dag.py
[2023-12-20T17:58:45.965+0600] {processor.py:840} INFO - DAG(s) 'example_external_task_marker_parent', 'example_external_task_marker_child' retrieved from /home/robin/Documents/Tanjim/Miscellaneous Projects/airflow_docker/airflow_in_python_env/env/lib/python3.10/site-packages/airflow/example_dags/example_external_task_marker_dag.py
[2023-12-20T17:58:46.216+0600] {logging_mixin.py:188} INFO - [2023-12-20T17:58:46.216+0600] {dag.py:3033} INFO - Sync 2 DAGs
[2023-12-20T17:58:46.236+0600] {logging_mixin.py:188} INFO - [2023-12-20T17:58:46.235+0600] {dag.py:3820} INFO - Setting next_dagrun for example_external_task_marker_child to None, run_after=None
[2023-12-20T17:58:46.241+0600] {logging_mixin.py:188} INFO - [2023-12-20T17:58:46.240+0600] {dag.py:3820} INFO - Setting next_dagrun for example_external_task_marker_parent to None, run_after=None
[2023-12-20T17:58:46.283+0600] {processor.py:183} INFO - Processing /home/robin/Documents/Tanjim/Miscellaneous Projects/airflow_docker/airflow_in_python_env/env/lib/python3.10/site-packages/airflow/example_dags/example_external_task_marker_dag.py took 0.345 seconds
[2023-12-20T17:59:41.202+0600] {processor.py:161} INFO - Started process (PID=67379) to work on /home/robin/Documents/Tanjim/Miscellaneous Projects/airflow_docker/airflow_in_python_env/env/lib/python3.10/site-packages/airflow/example_dags/example_external_task_marker_dag.py
[2023-12-20T17:59:41.210+0600] {processor.py:830} INFO - Processing file /home/robin/Documents/Tanjim/Miscellaneous Projects/airflow_docker/airflow_in_python_env/env/lib/python3.10/site-packages/airflow/example_dags/example_external_task_marker_dag.py for tasks to queue
[2023-12-20T17:59:41.212+0600] {logging_mixin.py:188} INFO - [2023-12-20T17:59:41.211+0600] {dagbag.py:538} INFO - Filling up the DagBag from /home/robin/Documents/Tanjim/Miscellaneous Projects/airflow_docker/airflow_in_python_env/env/lib/python3.10/site-packages/airflow/example_dags/example_external_task_marker_dag.py
[2023-12-20T17:59:41.223+0600] {processor.py:840} INFO - DAG(s) 'example_external_task_marker_child', 'example_external_task_marker_parent' retrieved from /home/robin/Documents/Tanjim/Miscellaneous Projects/airflow_docker/airflow_in_python_env/env/lib/python3.10/site-packages/airflow/example_dags/example_external_task_marker_dag.py
[2023-12-20T17:59:41.254+0600] {logging_mixin.py:188} INFO - [2023-12-20T17:59:41.253+0600] {dag.py:3033} INFO - Sync 2 DAGs
[2023-12-20T17:59:41.272+0600] {logging_mixin.py:188} INFO - [2023-12-20T17:59:41.272+0600] {dag.py:3820} INFO - Setting next_dagrun for example_external_task_marker_child to None, run_after=None
[2023-12-20T17:59:41.277+0600] {logging_mixin.py:188} INFO - [2023-12-20T17:59:41.277+0600] {dag.py:3820} INFO - Setting next_dagrun for example_external_task_marker_parent to None, run_after=None
[2023-12-20T17:59:41.309+0600] {processor.py:183} INFO - Processing /home/robin/Documents/Tanjim/Miscellaneous Projects/airflow_docker/airflow_in_python_env/env/lib/python3.10/site-packages/airflow/example_dags/example_external_task_marker_dag.py took 0.113 seconds
[2023-12-20T18:00:35.490+0600] {processor.py:161} INFO - Started process (PID=67514) to work on /home/robin/Documents/Tanjim/Miscellaneous Projects/airflow_docker/airflow_in_python_env/env/lib/python3.10/site-packages/airflow/example_dags/example_external_task_marker_dag.py
[2023-12-20T18:00:35.501+0600] {processor.py:830} INFO - Processing file /home/robin/Documents/Tanjim/Miscellaneous Projects/airflow_docker/airflow_in_python_env/env/lib/python3.10/site-packages/airflow/example_dags/example_external_task_marker_dag.py for tasks to queue
[2023-12-20T18:00:35.503+0600] {logging_mixin.py:188} INFO - [2023-12-20T18:00:35.503+0600] {dagbag.py:538} INFO - Filling up the DagBag from /home/robin/Documents/Tanjim/Miscellaneous Projects/airflow_docker/airflow_in_python_env/env/lib/python3.10/site-packages/airflow/example_dags/example_external_task_marker_dag.py
[2023-12-20T18:00:35.517+0600] {processor.py:840} INFO - DAG(s) 'example_external_task_marker_parent', 'example_external_task_marker_child' retrieved from /home/robin/Documents/Tanjim/Miscellaneous Projects/airflow_docker/airflow_in_python_env/env/lib/python3.10/site-packages/airflow/example_dags/example_external_task_marker_dag.py
[2023-12-20T18:00:35.544+0600] {logging_mixin.py:188} INFO - [2023-12-20T18:00:35.544+0600] {dag.py:3033} INFO - Sync 2 DAGs
[2023-12-20T18:00:35.562+0600] {logging_mixin.py:188} INFO - [2023-12-20T18:00:35.561+0600] {dag.py:3820} INFO - Setting next_dagrun for example_external_task_marker_child to None, run_after=None
[2023-12-20T18:00:35.567+0600] {logging_mixin.py:188} INFO - [2023-12-20T18:00:35.567+0600] {dag.py:3820} INFO - Setting next_dagrun for example_external_task_marker_parent to None, run_after=None
[2023-12-20T18:00:35.601+0600] {processor.py:183} INFO - Processing /home/robin/Documents/Tanjim/Miscellaneous Projects/airflow_docker/airflow_in_python_env/env/lib/python3.10/site-packages/airflow/example_dags/example_external_task_marker_dag.py took 0.134 seconds
[2023-12-20T18:02:16.862+0600] {processor.py:161} INFO - Started process (PID=68642) to work on /home/robin/Documents/Tanjim/Miscellaneous Projects/airflow_docker/airflow_in_python_env/env/lib/python3.10/site-packages/airflow/example_dags/example_external_task_marker_dag.py
[2023-12-20T18:02:16.874+0600] {processor.py:830} INFO - Processing file /home/robin/Documents/Tanjim/Miscellaneous Projects/airflow_docker/airflow_in_python_env/env/lib/python3.10/site-packages/airflow/example_dags/example_external_task_marker_dag.py for tasks to queue
[2023-12-20T18:02:16.877+0600] {logging_mixin.py:188} INFO - [2023-12-20T18:02:16.876+0600] {dagbag.py:538} INFO - Filling up the DagBag from /home/robin/Documents/Tanjim/Miscellaneous Projects/airflow_docker/airflow_in_python_env/env/lib/python3.10/site-packages/airflow/example_dags/example_external_task_marker_dag.py
[2023-12-20T18:02:16.899+0600] {processor.py:840} INFO - DAG(s) 'example_external_task_marker_parent', 'example_external_task_marker_child' retrieved from /home/robin/Documents/Tanjim/Miscellaneous Projects/airflow_docker/airflow_in_python_env/env/lib/python3.10/site-packages/airflow/example_dags/example_external_task_marker_dag.py
[2023-12-20T18:02:16.944+0600] {logging_mixin.py:188} INFO - [2023-12-20T18:02:16.944+0600] {dag.py:3033} INFO - Sync 2 DAGs
[2023-12-20T18:02:16.962+0600] {logging_mixin.py:188} INFO - [2023-12-20T18:02:16.962+0600] {dag.py:3820} INFO - Setting next_dagrun for example_external_task_marker_child to None, run_after=None
[2023-12-20T18:02:16.965+0600] {logging_mixin.py:188} INFO - [2023-12-20T18:02:16.965+0600] {dag.py:3820} INFO - Setting next_dagrun for example_external_task_marker_parent to None, run_after=None
[2023-12-20T18:02:16.999+0600] {processor.py:183} INFO - Processing /home/robin/Documents/Tanjim/Miscellaneous Projects/airflow_docker/airflow_in_python_env/env/lib/python3.10/site-packages/airflow/example_dags/example_external_task_marker_dag.py took 0.149 seconds
[2023-12-20T18:03:19.136+0600] {processor.py:161} INFO - Started process (PID=69218) to work on /home/robin/Documents/Tanjim/Miscellaneous Projects/airflow_docker/airflow_in_python_env/env/lib/python3.10/site-packages/airflow/example_dags/example_external_task_marker_dag.py
[2023-12-20T18:03:19.145+0600] {processor.py:830} INFO - Processing file /home/robin/Documents/Tanjim/Miscellaneous Projects/airflow_docker/airflow_in_python_env/env/lib/python3.10/site-packages/airflow/example_dags/example_external_task_marker_dag.py for tasks to queue
[2023-12-20T18:03:19.146+0600] {logging_mixin.py:188} INFO - [2023-12-20T18:03:19.145+0600] {dagbag.py:538} INFO - Filling up the DagBag from /home/robin/Documents/Tanjim/Miscellaneous Projects/airflow_docker/airflow_in_python_env/env/lib/python3.10/site-packages/airflow/example_dags/example_external_task_marker_dag.py
[2023-12-20T18:03:19.155+0600] {processor.py:840} INFO - DAG(s) 'example_external_task_marker_parent', 'example_external_task_marker_child' retrieved from /home/robin/Documents/Tanjim/Miscellaneous Projects/airflow_docker/airflow_in_python_env/env/lib/python3.10/site-packages/airflow/example_dags/example_external_task_marker_dag.py
[2023-12-20T18:03:19.178+0600] {logging_mixin.py:188} INFO - [2023-12-20T18:03:19.177+0600] {dag.py:3033} INFO - Sync 2 DAGs
[2023-12-20T18:03:19.192+0600] {logging_mixin.py:188} INFO - [2023-12-20T18:03:19.192+0600] {dag.py:3820} INFO - Setting next_dagrun for example_external_task_marker_child to None, run_after=None
[2023-12-20T18:03:19.197+0600] {logging_mixin.py:188} INFO - [2023-12-20T18:03:19.196+0600] {dag.py:3820} INFO - Setting next_dagrun for example_external_task_marker_parent to None, run_after=None
[2023-12-20T18:03:19.222+0600] {processor.py:183} INFO - Processing /home/robin/Documents/Tanjim/Miscellaneous Projects/airflow_docker/airflow_in_python_env/env/lib/python3.10/site-packages/airflow/example_dags/example_external_task_marker_dag.py took 0.091 seconds
[2023-12-20T18:04:31.203+0600] {processor.py:161} INFO - Started process (PID=69543) to work on /home/robin/Documents/Tanjim/Miscellaneous Projects/airflow_docker/airflow_in_python_env/env/lib/python3.10/site-packages/airflow/example_dags/example_external_task_marker_dag.py
[2023-12-20T18:04:31.212+0600] {processor.py:830} INFO - Processing file /home/robin/Documents/Tanjim/Miscellaneous Projects/airflow_docker/airflow_in_python_env/env/lib/python3.10/site-packages/airflow/example_dags/example_external_task_marker_dag.py for tasks to queue
[2023-12-20T18:04:31.213+0600] {logging_mixin.py:188} INFO - [2023-12-20T18:04:31.213+0600] {dagbag.py:538} INFO - Filling up the DagBag from /home/robin/Documents/Tanjim/Miscellaneous Projects/airflow_docker/airflow_in_python_env/env/lib/python3.10/site-packages/airflow/example_dags/example_external_task_marker_dag.py
[2023-12-20T18:04:31.223+0600] {processor.py:840} INFO - DAG(s) 'example_external_task_marker_child', 'example_external_task_marker_parent' retrieved from /home/robin/Documents/Tanjim/Miscellaneous Projects/airflow_docker/airflow_in_python_env/env/lib/python3.10/site-packages/airflow/example_dags/example_external_task_marker_dag.py
[2023-12-20T18:04:31.250+0600] {logging_mixin.py:188} INFO - [2023-12-20T18:04:31.250+0600] {dag.py:3033} INFO - Sync 2 DAGs
[2023-12-20T18:04:31.266+0600] {logging_mixin.py:188} INFO - [2023-12-20T18:04:31.266+0600] {dag.py:3820} INFO - Setting next_dagrun for example_external_task_marker_child to None, run_after=None
[2023-12-20T18:04:31.270+0600] {logging_mixin.py:188} INFO - [2023-12-20T18:04:31.270+0600] {dag.py:3820} INFO - Setting next_dagrun for example_external_task_marker_parent to None, run_after=None
[2023-12-20T18:04:31.297+0600] {processor.py:183} INFO - Processing /home/robin/Documents/Tanjim/Miscellaneous Projects/airflow_docker/airflow_in_python_env/env/lib/python3.10/site-packages/airflow/example_dags/example_external_task_marker_dag.py took 0.098 seconds
[2023-12-20T18:18:42.792+0600] {processor.py:161} INFO - Started process (PID=72170) to work on /home/robin/Documents/Tanjim/Miscellaneous Projects/airflow_docker/airflow_in_python_env/env/lib/python3.10/site-packages/airflow/example_dags/example_external_task_marker_dag.py
[2023-12-20T18:18:42.802+0600] {processor.py:830} INFO - Processing file /home/robin/Documents/Tanjim/Miscellaneous Projects/airflow_docker/airflow_in_python_env/env/lib/python3.10/site-packages/airflow/example_dags/example_external_task_marker_dag.py for tasks to queue
[2023-12-20T18:18:42.808+0600] {logging_mixin.py:188} INFO - [2023-12-20T18:18:42.806+0600] {dagbag.py:538} INFO - Filling up the DagBag from /home/robin/Documents/Tanjim/Miscellaneous Projects/airflow_docker/airflow_in_python_env/env/lib/python3.10/site-packages/airflow/example_dags/example_external_task_marker_dag.py
[2023-12-20T18:18:42.858+0600] {processor.py:840} INFO - DAG(s) 'example_external_task_marker_parent', 'example_external_task_marker_child' retrieved from /home/robin/Documents/Tanjim/Miscellaneous Projects/airflow_docker/airflow_in_python_env/env/lib/python3.10/site-packages/airflow/example_dags/example_external_task_marker_dag.py
[2023-12-20T18:18:42.899+0600] {logging_mixin.py:188} INFO - [2023-12-20T18:18:42.899+0600] {dag.py:3033} INFO - Sync 2 DAGs
[2023-12-20T18:18:42.914+0600] {logging_mixin.py:188} INFO - [2023-12-20T18:18:42.914+0600] {dag.py:3820} INFO - Setting next_dagrun for example_external_task_marker_child to None, run_after=None
[2023-12-20T18:18:42.917+0600] {logging_mixin.py:188} INFO - [2023-12-20T18:18:42.917+0600] {dag.py:3820} INFO - Setting next_dagrun for example_external_task_marker_parent to None, run_after=None
[2023-12-20T18:18:42.951+0600] {processor.py:183} INFO - Processing /home/robin/Documents/Tanjim/Miscellaneous Projects/airflow_docker/airflow_in_python_env/env/lib/python3.10/site-packages/airflow/example_dags/example_external_task_marker_dag.py took 0.166 seconds
[2023-12-20T18:19:39.178+0600] {processor.py:161} INFO - Started process (PID=72314) to work on /home/robin/Documents/Tanjim/Miscellaneous Projects/airflow_docker/airflow_in_python_env/env/lib/python3.10/site-packages/airflow/example_dags/example_external_task_marker_dag.py
[2023-12-20T18:19:39.186+0600] {processor.py:830} INFO - Processing file /home/robin/Documents/Tanjim/Miscellaneous Projects/airflow_docker/airflow_in_python_env/env/lib/python3.10/site-packages/airflow/example_dags/example_external_task_marker_dag.py for tasks to queue
[2023-12-20T18:19:39.188+0600] {logging_mixin.py:188} INFO - [2023-12-20T18:19:39.187+0600] {dagbag.py:538} INFO - Filling up the DagBag from /home/robin/Documents/Tanjim/Miscellaneous Projects/airflow_docker/airflow_in_python_env/env/lib/python3.10/site-packages/airflow/example_dags/example_external_task_marker_dag.py
[2023-12-20T18:19:39.221+0600] {processor.py:840} INFO - DAG(s) 'example_external_task_marker_child', 'example_external_task_marker_parent' retrieved from /home/robin/Documents/Tanjim/Miscellaneous Projects/airflow_docker/airflow_in_python_env/env/lib/python3.10/site-packages/airflow/example_dags/example_external_task_marker_dag.py
[2023-12-20T18:19:39.262+0600] {logging_mixin.py:188} INFO - [2023-12-20T18:19:39.262+0600] {dag.py:3033} INFO - Sync 2 DAGs
[2023-12-20T18:19:39.280+0600] {logging_mixin.py:188} INFO - [2023-12-20T18:19:39.280+0600] {dag.py:3820} INFO - Setting next_dagrun for example_external_task_marker_child to None, run_after=None
[2023-12-20T18:19:39.285+0600] {logging_mixin.py:188} INFO - [2023-12-20T18:19:39.285+0600] {dag.py:3820} INFO - Setting next_dagrun for example_external_task_marker_parent to None, run_after=None
[2023-12-20T18:19:39.327+0600] {processor.py:183} INFO - Processing /home/robin/Documents/Tanjim/Miscellaneous Projects/airflow_docker/airflow_in_python_env/env/lib/python3.10/site-packages/airflow/example_dags/example_external_task_marker_dag.py took 0.156 seconds
[2023-12-20T18:20:32.444+0600] {processor.py:161} INFO - Started process (PID=72462) to work on /home/robin/Documents/Tanjim/Miscellaneous Projects/airflow_docker/airflow_in_python_env/env/lib/python3.10/site-packages/airflow/example_dags/example_external_task_marker_dag.py
[2023-12-20T18:20:32.457+0600] {processor.py:830} INFO - Processing file /home/robin/Documents/Tanjim/Miscellaneous Projects/airflow_docker/airflow_in_python_env/env/lib/python3.10/site-packages/airflow/example_dags/example_external_task_marker_dag.py for tasks to queue
[2023-12-20T18:20:32.460+0600] {logging_mixin.py:188} INFO - [2023-12-20T18:20:32.458+0600] {dagbag.py:538} INFO - Filling up the DagBag from /home/robin/Documents/Tanjim/Miscellaneous Projects/airflow_docker/airflow_in_python_env/env/lib/python3.10/site-packages/airflow/example_dags/example_external_task_marker_dag.py
[2023-12-20T18:20:32.477+0600] {processor.py:840} INFO - DAG(s) 'example_external_task_marker_parent', 'example_external_task_marker_child' retrieved from /home/robin/Documents/Tanjim/Miscellaneous Projects/airflow_docker/airflow_in_python_env/env/lib/python3.10/site-packages/airflow/example_dags/example_external_task_marker_dag.py
[2023-12-20T18:20:32.502+0600] {logging_mixin.py:188} INFO - [2023-12-20T18:20:32.502+0600] {dag.py:3033} INFO - Sync 2 DAGs
[2023-12-20T18:20:32.514+0600] {logging_mixin.py:188} INFO - [2023-12-20T18:20:32.514+0600] {dag.py:3820} INFO - Setting next_dagrun for example_external_task_marker_child to None, run_after=None
[2023-12-20T18:20:32.517+0600] {logging_mixin.py:188} INFO - [2023-12-20T18:20:32.517+0600] {dag.py:3820} INFO - Setting next_dagrun for example_external_task_marker_parent to None, run_after=None
[2023-12-20T18:20:32.541+0600] {processor.py:183} INFO - Processing /home/robin/Documents/Tanjim/Miscellaneous Projects/airflow_docker/airflow_in_python_env/env/lib/python3.10/site-packages/airflow/example_dags/example_external_task_marker_dag.py took 0.117 seconds
[2023-12-20T18:29:36.036+0600] {processor.py:161} INFO - Started process (PID=75459) to work on /home/robin/Documents/Tanjim/Miscellaneous Projects/airflow_docker/airflow_in_python_env/env/lib/python3.10/site-packages/airflow/example_dags/example_external_task_marker_dag.py
[2023-12-20T18:29:36.044+0600] {processor.py:830} INFO - Processing file /home/robin/Documents/Tanjim/Miscellaneous Projects/airflow_docker/airflow_in_python_env/env/lib/python3.10/site-packages/airflow/example_dags/example_external_task_marker_dag.py for tasks to queue
[2023-12-20T18:29:36.046+0600] {logging_mixin.py:188} INFO - [2023-12-20T18:29:36.045+0600] {dagbag.py:538} INFO - Filling up the DagBag from /home/robin/Documents/Tanjim/Miscellaneous Projects/airflow_docker/airflow_in_python_env/env/lib/python3.10/site-packages/airflow/example_dags/example_external_task_marker_dag.py
[2023-12-20T18:29:36.055+0600] {processor.py:840} INFO - DAG(s) 'example_external_task_marker_child', 'example_external_task_marker_parent' retrieved from /home/robin/Documents/Tanjim/Miscellaneous Projects/airflow_docker/airflow_in_python_env/env/lib/python3.10/site-packages/airflow/example_dags/example_external_task_marker_dag.py
[2023-12-20T18:29:36.083+0600] {logging_mixin.py:188} INFO - [2023-12-20T18:29:36.083+0600] {dag.py:3033} INFO - Sync 2 DAGs
[2023-12-20T18:29:36.100+0600] {logging_mixin.py:188} INFO - [2023-12-20T18:29:36.099+0600] {dag.py:3820} INFO - Setting next_dagrun for example_external_task_marker_child to None, run_after=None
[2023-12-20T18:29:36.103+0600] {logging_mixin.py:188} INFO - [2023-12-20T18:29:36.103+0600] {dag.py:3820} INFO - Setting next_dagrun for example_external_task_marker_parent to None, run_after=None
[2023-12-20T18:29:36.131+0600] {processor.py:183} INFO - Processing /home/robin/Documents/Tanjim/Miscellaneous Projects/airflow_docker/airflow_in_python_env/env/lib/python3.10/site-packages/airflow/example_dags/example_external_task_marker_dag.py took 0.098 seconds
[2023-12-20T18:30:28.101+0600] {processor.py:161} INFO - Started process (PID=75693) to work on /home/robin/Documents/Tanjim/Miscellaneous Projects/airflow_docker/airflow_in_python_env/env/lib/python3.10/site-packages/airflow/example_dags/example_external_task_marker_dag.py
[2023-12-20T18:30:28.111+0600] {processor.py:830} INFO - Processing file /home/robin/Documents/Tanjim/Miscellaneous Projects/airflow_docker/airflow_in_python_env/env/lib/python3.10/site-packages/airflow/example_dags/example_external_task_marker_dag.py for tasks to queue
[2023-12-20T18:30:28.113+0600] {logging_mixin.py:188} INFO - [2023-12-20T18:30:28.112+0600] {dagbag.py:538} INFO - Filling up the DagBag from /home/robin/Documents/Tanjim/Miscellaneous Projects/airflow_docker/airflow_in_python_env/env/lib/python3.10/site-packages/airflow/example_dags/example_external_task_marker_dag.py
[2023-12-20T18:30:28.124+0600] {processor.py:840} INFO - DAG(s) 'example_external_task_marker_child', 'example_external_task_marker_parent' retrieved from /home/robin/Documents/Tanjim/Miscellaneous Projects/airflow_docker/airflow_in_python_env/env/lib/python3.10/site-packages/airflow/example_dags/example_external_task_marker_dag.py
[2023-12-20T18:30:28.151+0600] {logging_mixin.py:188} INFO - [2023-12-20T18:30:28.151+0600] {dag.py:3033} INFO - Sync 2 DAGs
[2023-12-20T18:30:28.167+0600] {logging_mixin.py:188} INFO - [2023-12-20T18:30:28.167+0600] {dag.py:3820} INFO - Setting next_dagrun for example_external_task_marker_child to None, run_after=None
[2023-12-20T18:30:28.171+0600] {logging_mixin.py:188} INFO - [2023-12-20T18:30:28.171+0600] {dag.py:3820} INFO - Setting next_dagrun for example_external_task_marker_parent to None, run_after=None
[2023-12-20T18:30:28.205+0600] {processor.py:183} INFO - Processing /home/robin/Documents/Tanjim/Miscellaneous Projects/airflow_docker/airflow_in_python_env/env/lib/python3.10/site-packages/airflow/example_dags/example_external_task_marker_dag.py took 0.113 seconds
