[2023-12-20T17:53:04.413+0600] {processor.py:161} INFO - Started process (PID=66352) to work on /home/robin/Documents/Tanjim/Miscellaneous Projects/airflow_docker/airflow_in_python_env/env/lib/python3.10/site-packages/airflow/example_dags/example_xcom.py
[2023-12-20T17:53:04.417+0600] {processor.py:830} INFO - Processing file /home/robin/Documents/Tanjim/Miscellaneous Projects/airflow_docker/airflow_in_python_env/env/lib/python3.10/site-packages/airflow/example_dags/example_xcom.py for tasks to queue
[2023-12-20T17:53:04.420+0600] {logging_mixin.py:188} INFO - [2023-12-20T17:53:04.419+0600] {dagbag.py:538} INFO - Filling up the DagBag from /home/robin/Documents/Tanjim/Miscellaneous Projects/airflow_docker/airflow_in_python_env/env/lib/python3.10/site-packages/airflow/example_dags/example_xcom.py
[2023-12-20T17:53:04.442+0600] {processor.py:840} INFO - DAG(s) 'example_xcom' retrieved from /home/robin/Documents/Tanjim/Miscellaneous Projects/airflow_docker/airflow_in_python_env/env/lib/python3.10/site-packages/airflow/example_dags/example_xcom.py
[2023-12-20T17:53:04.563+0600] {logging_mixin.py:188} INFO - [2023-12-20T17:53:04.563+0600] {dag.py:3033} INFO - Sync 1 DAGs
[2023-12-20T17:53:04.596+0600] {logging_mixin.py:188} INFO - [2023-12-20T17:53:04.596+0600] {dag.py:3820} INFO - Setting next_dagrun for example_xcom to 2021-01-01T00:00:00+00:00, run_after=2021-01-01T00:00:00+00:00
[2023-12-20T17:53:04.644+0600] {processor.py:183} INFO - Processing /home/robin/Documents/Tanjim/Miscellaneous Projects/airflow_docker/airflow_in_python_env/env/lib/python3.10/site-packages/airflow/example_dags/example_xcom.py took 0.247 seconds
[2023-12-20T17:58:17.912+0600] {processor.py:161} INFO - Started process (PID=67079) to work on /home/robin/Documents/Tanjim/Miscellaneous Projects/airflow_docker/airflow_in_python_env/env/lib/python3.10/site-packages/airflow/example_dags/example_xcom.py
[2023-12-20T17:58:17.922+0600] {processor.py:830} INFO - Processing file /home/robin/Documents/Tanjim/Miscellaneous Projects/airflow_docker/airflow_in_python_env/env/lib/python3.10/site-packages/airflow/example_dags/example_xcom.py for tasks to queue
[2023-12-20T17:58:17.928+0600] {logging_mixin.py:188} INFO - [2023-12-20T17:58:17.925+0600] {dagbag.py:538} INFO - Filling up the DagBag from /home/robin/Documents/Tanjim/Miscellaneous Projects/airflow_docker/airflow_in_python_env/env/lib/python3.10/site-packages/airflow/example_dags/example_xcom.py
[2023-12-20T17:58:17.947+0600] {processor.py:840} INFO - DAG(s) 'example_xcom' retrieved from /home/robin/Documents/Tanjim/Miscellaneous Projects/airflow_docker/airflow_in_python_env/env/lib/python3.10/site-packages/airflow/example_dags/example_xcom.py
[2023-12-20T17:58:17.967+0600] {logging_mixin.py:188} INFO - [2023-12-20T17:58:17.967+0600] {dag.py:3033} INFO - Sync 1 DAGs
[2023-12-20T17:58:17.985+0600] {logging_mixin.py:188} INFO - [2023-12-20T17:58:17.985+0600] {dag.py:3820} INFO - Setting next_dagrun for example_xcom to 2021-01-01T00:00:00+00:00, run_after=2021-01-01T00:00:00+00:00
[2023-12-20T17:58:18.016+0600] {processor.py:183} INFO - Processing /home/robin/Documents/Tanjim/Miscellaneous Projects/airflow_docker/airflow_in_python_env/env/lib/python3.10/site-packages/airflow/example_dags/example_xcom.py took 0.107 seconds
[2023-12-20T17:59:14.852+0600] {processor.py:161} INFO - Started process (PID=67278) to work on /home/robin/Documents/Tanjim/Miscellaneous Projects/airflow_docker/airflow_in_python_env/env/lib/python3.10/site-packages/airflow/example_dags/example_xcom.py
[2023-12-20T17:59:14.853+0600] {processor.py:830} INFO - Processing file /home/robin/Documents/Tanjim/Miscellaneous Projects/airflow_docker/airflow_in_python_env/env/lib/python3.10/site-packages/airflow/example_dags/example_xcom.py for tasks to queue
[2023-12-20T17:59:14.855+0600] {logging_mixin.py:188} INFO - [2023-12-20T17:59:14.855+0600] {dagbag.py:538} INFO - Filling up the DagBag from /home/robin/Documents/Tanjim/Miscellaneous Projects/airflow_docker/airflow_in_python_env/env/lib/python3.10/site-packages/airflow/example_dags/example_xcom.py
[2023-12-20T17:59:14.868+0600] {processor.py:840} INFO - DAG(s) 'example_xcom' retrieved from /home/robin/Documents/Tanjim/Miscellaneous Projects/airflow_docker/airflow_in_python_env/env/lib/python3.10/site-packages/airflow/example_dags/example_xcom.py
[2023-12-20T17:59:14.895+0600] {logging_mixin.py:188} INFO - [2023-12-20T17:59:14.894+0600] {dag.py:3033} INFO - Sync 1 DAGs
[2023-12-20T17:59:14.922+0600] {logging_mixin.py:188} INFO - [2023-12-20T17:59:14.922+0600] {dag.py:3820} INFO - Setting next_dagrun for example_xcom to 2021-01-01T00:00:00+00:00, run_after=2021-01-01T00:00:00+00:00
[2023-12-20T17:59:14.961+0600] {processor.py:183} INFO - Processing /home/robin/Documents/Tanjim/Miscellaneous Projects/airflow_docker/airflow_in_python_env/env/lib/python3.10/site-packages/airflow/example_dags/example_xcom.py took 0.114 seconds
[2023-12-20T18:00:04.849+0600] {processor.py:161} INFO - Started process (PID=67454) to work on /home/robin/Documents/Tanjim/Miscellaneous Projects/airflow_docker/airflow_in_python_env/env/lib/python3.10/site-packages/airflow/example_dags/example_xcom.py
[2023-12-20T18:00:04.859+0600] {processor.py:830} INFO - Processing file /home/robin/Documents/Tanjim/Miscellaneous Projects/airflow_docker/airflow_in_python_env/env/lib/python3.10/site-packages/airflow/example_dags/example_xcom.py for tasks to queue
[2023-12-20T18:00:04.861+0600] {logging_mixin.py:188} INFO - [2023-12-20T18:00:04.860+0600] {dagbag.py:538} INFO - Filling up the DagBag from /home/robin/Documents/Tanjim/Miscellaneous Projects/airflow_docker/airflow_in_python_env/env/lib/python3.10/site-packages/airflow/example_dags/example_xcom.py
[2023-12-20T18:00:04.879+0600] {processor.py:840} INFO - DAG(s) 'example_xcom' retrieved from /home/robin/Documents/Tanjim/Miscellaneous Projects/airflow_docker/airflow_in_python_env/env/lib/python3.10/site-packages/airflow/example_dags/example_xcom.py
[2023-12-20T18:00:04.904+0600] {logging_mixin.py:188} INFO - [2023-12-20T18:00:04.904+0600] {dag.py:3033} INFO - Sync 1 DAGs
[2023-12-20T18:00:04.928+0600] {logging_mixin.py:188} INFO - [2023-12-20T18:00:04.928+0600] {dag.py:3820} INFO - Setting next_dagrun for example_xcom to 2021-01-01T00:00:00+00:00, run_after=2021-01-01T00:00:00+00:00
[2023-12-20T18:00:04.953+0600] {processor.py:183} INFO - Processing /home/robin/Documents/Tanjim/Miscellaneous Projects/airflow_docker/airflow_in_python_env/env/lib/python3.10/site-packages/airflow/example_dags/example_xcom.py took 0.112 seconds
[2023-12-20T18:00:56.396+0600] {processor.py:161} INFO - Started process (PID=67725) to work on /home/robin/Documents/Tanjim/Miscellaneous Projects/airflow_docker/airflow_in_python_env/env/lib/python3.10/site-packages/airflow/example_dags/example_xcom.py
[2023-12-20T18:00:56.407+0600] {processor.py:830} INFO - Processing file /home/robin/Documents/Tanjim/Miscellaneous Projects/airflow_docker/airflow_in_python_env/env/lib/python3.10/site-packages/airflow/example_dags/example_xcom.py for tasks to queue
[2023-12-20T18:00:56.410+0600] {logging_mixin.py:188} INFO - [2023-12-20T18:00:56.409+0600] {dagbag.py:538} INFO - Filling up the DagBag from /home/robin/Documents/Tanjim/Miscellaneous Projects/airflow_docker/airflow_in_python_env/env/lib/python3.10/site-packages/airflow/example_dags/example_xcom.py
[2023-12-20T18:00:56.439+0600] {processor.py:840} INFO - DAG(s) 'example_xcom' retrieved from /home/robin/Documents/Tanjim/Miscellaneous Projects/airflow_docker/airflow_in_python_env/env/lib/python3.10/site-packages/airflow/example_dags/example_xcom.py
[2023-12-20T18:00:56.478+0600] {logging_mixin.py:188} INFO - [2023-12-20T18:00:56.477+0600] {dag.py:3033} INFO - Sync 1 DAGs
[2023-12-20T18:00:56.502+0600] {logging_mixin.py:188} INFO - [2023-12-20T18:00:56.502+0600] {dag.py:3820} INFO - Setting next_dagrun for example_xcom to 2021-01-01T00:00:00+00:00, run_after=2021-01-01T00:00:00+00:00
[2023-12-20T18:00:56.536+0600] {processor.py:183} INFO - Processing /home/robin/Documents/Tanjim/Miscellaneous Projects/airflow_docker/airflow_in_python_env/env/lib/python3.10/site-packages/airflow/example_dags/example_xcom.py took 0.154 seconds
[2023-12-20T18:02:11.869+0600] {processor.py:161} INFO - Started process (PID=68587) to work on /home/robin/Documents/Tanjim/Miscellaneous Projects/airflow_docker/airflow_in_python_env/env/lib/python3.10/site-packages/airflow/example_dags/example_xcom.py
[2023-12-20T18:02:11.879+0600] {processor.py:830} INFO - Processing file /home/robin/Documents/Tanjim/Miscellaneous Projects/airflow_docker/airflow_in_python_env/env/lib/python3.10/site-packages/airflow/example_dags/example_xcom.py for tasks to queue
[2023-12-20T18:02:11.882+0600] {logging_mixin.py:188} INFO - [2023-12-20T18:02:11.881+0600] {dagbag.py:538} INFO - Filling up the DagBag from /home/robin/Documents/Tanjim/Miscellaneous Projects/airflow_docker/airflow_in_python_env/env/lib/python3.10/site-packages/airflow/example_dags/example_xcom.py
[2023-12-20T18:02:11.909+0600] {processor.py:840} INFO - DAG(s) 'example_xcom' retrieved from /home/robin/Documents/Tanjim/Miscellaneous Projects/airflow_docker/airflow_in_python_env/env/lib/python3.10/site-packages/airflow/example_dags/example_xcom.py
[2023-12-20T18:02:11.937+0600] {logging_mixin.py:188} INFO - [2023-12-20T18:02:11.937+0600] {dag.py:3033} INFO - Sync 1 DAGs
[2023-12-20T18:02:11.961+0600] {logging_mixin.py:188} INFO - [2023-12-20T18:02:11.961+0600] {dag.py:3820} INFO - Setting next_dagrun for example_xcom to 2021-01-01T00:00:00+00:00, run_after=2021-01-01T00:00:00+00:00
[2023-12-20T18:02:12.023+0600] {processor.py:183} INFO - Processing /home/robin/Documents/Tanjim/Miscellaneous Projects/airflow_docker/airflow_in_python_env/env/lib/python3.10/site-packages/airflow/example_dags/example_xcom.py took 0.163 seconds
[2023-12-20T18:03:14.530+0600] {processor.py:161} INFO - Started process (PID=69210) to work on /home/robin/Documents/Tanjim/Miscellaneous Projects/airflow_docker/airflow_in_python_env/env/lib/python3.10/site-packages/airflow/example_dags/example_xcom.py
[2023-12-20T18:03:14.538+0600] {processor.py:830} INFO - Processing file /home/robin/Documents/Tanjim/Miscellaneous Projects/airflow_docker/airflow_in_python_env/env/lib/python3.10/site-packages/airflow/example_dags/example_xcom.py for tasks to queue
[2023-12-20T18:03:14.540+0600] {logging_mixin.py:188} INFO - [2023-12-20T18:03:14.539+0600] {dagbag.py:538} INFO - Filling up the DagBag from /home/robin/Documents/Tanjim/Miscellaneous Projects/airflow_docker/airflow_in_python_env/env/lib/python3.10/site-packages/airflow/example_dags/example_xcom.py
[2023-12-20T18:03:14.555+0600] {processor.py:840} INFO - DAG(s) 'example_xcom' retrieved from /home/robin/Documents/Tanjim/Miscellaneous Projects/airflow_docker/airflow_in_python_env/env/lib/python3.10/site-packages/airflow/example_dags/example_xcom.py
[2023-12-20T18:03:14.589+0600] {logging_mixin.py:188} INFO - [2023-12-20T18:03:14.589+0600] {dag.py:3033} INFO - Sync 1 DAGs
[2023-12-20T18:03:14.613+0600] {logging_mixin.py:188} INFO - [2023-12-20T18:03:14.613+0600] {dag.py:3820} INFO - Setting next_dagrun for example_xcom to 2021-01-01T00:00:00+00:00, run_after=2021-01-01T00:00:00+00:00
[2023-12-20T18:03:14.643+0600] {processor.py:183} INFO - Processing /home/robin/Documents/Tanjim/Miscellaneous Projects/airflow_docker/airflow_in_python_env/env/lib/python3.10/site-packages/airflow/example_dags/example_xcom.py took 0.120 seconds
[2023-12-20T18:04:03.162+0600] {processor.py:161} INFO - Started process (PID=69337) to work on /home/robin/Documents/Tanjim/Miscellaneous Projects/airflow_docker/airflow_in_python_env/env/lib/python3.10/site-packages/airflow/example_dags/example_xcom.py
[2023-12-20T18:04:03.172+0600] {processor.py:830} INFO - Processing file /home/robin/Documents/Tanjim/Miscellaneous Projects/airflow_docker/airflow_in_python_env/env/lib/python3.10/site-packages/airflow/example_dags/example_xcom.py for tasks to queue
[2023-12-20T18:04:03.177+0600] {logging_mixin.py:188} INFO - [2023-12-20T18:04:03.175+0600] {dagbag.py:538} INFO - Filling up the DagBag from /home/robin/Documents/Tanjim/Miscellaneous Projects/airflow_docker/airflow_in_python_env/env/lib/python3.10/site-packages/airflow/example_dags/example_xcom.py
[2023-12-20T18:04:03.211+0600] {processor.py:840} INFO - DAG(s) 'example_xcom' retrieved from /home/robin/Documents/Tanjim/Miscellaneous Projects/airflow_docker/airflow_in_python_env/env/lib/python3.10/site-packages/airflow/example_dags/example_xcom.py
[2023-12-20T18:04:03.240+0600] {logging_mixin.py:188} INFO - [2023-12-20T18:04:03.240+0600] {dag.py:3033} INFO - Sync 1 DAGs
[2023-12-20T18:04:03.263+0600] {logging_mixin.py:188} INFO - [2023-12-20T18:04:03.263+0600] {dag.py:3820} INFO - Setting next_dagrun for example_xcom to 2021-01-01T00:00:00+00:00, run_after=2021-01-01T00:00:00+00:00
[2023-12-20T18:04:03.298+0600] {processor.py:183} INFO - Processing /home/robin/Documents/Tanjim/Miscellaneous Projects/airflow_docker/airflow_in_python_env/env/lib/python3.10/site-packages/airflow/example_dags/example_xcom.py took 0.140 seconds
[2023-12-20T18:04:50.417+0600] {processor.py:161} INFO - Started process (PID=69596) to work on /home/robin/Documents/Tanjim/Miscellaneous Projects/airflow_docker/airflow_in_python_env/env/lib/python3.10/site-packages/airflow/example_dags/example_xcom.py
[2023-12-20T18:04:50.426+0600] {processor.py:830} INFO - Processing file /home/robin/Documents/Tanjim/Miscellaneous Projects/airflow_docker/airflow_in_python_env/env/lib/python3.10/site-packages/airflow/example_dags/example_xcom.py for tasks to queue
[2023-12-20T18:04:50.427+0600] {logging_mixin.py:188} INFO - [2023-12-20T18:04:50.427+0600] {dagbag.py:538} INFO - Filling up the DagBag from /home/robin/Documents/Tanjim/Miscellaneous Projects/airflow_docker/airflow_in_python_env/env/lib/python3.10/site-packages/airflow/example_dags/example_xcom.py
[2023-12-20T18:04:50.440+0600] {processor.py:840} INFO - DAG(s) 'example_xcom' retrieved from /home/robin/Documents/Tanjim/Miscellaneous Projects/airflow_docker/airflow_in_python_env/env/lib/python3.10/site-packages/airflow/example_dags/example_xcom.py
[2023-12-20T18:04:50.465+0600] {logging_mixin.py:188} INFO - [2023-12-20T18:04:50.464+0600] {dag.py:3033} INFO - Sync 1 DAGs
[2023-12-20T18:04:50.486+0600] {logging_mixin.py:188} INFO - [2023-12-20T18:04:50.486+0600] {dag.py:3820} INFO - Setting next_dagrun for example_xcom to 2021-01-01T00:00:00+00:00, run_after=2021-01-01T00:00:00+00:00
[2023-12-20T18:04:50.530+0600] {processor.py:183} INFO - Processing /home/robin/Documents/Tanjim/Miscellaneous Projects/airflow_docker/airflow_in_python_env/env/lib/python3.10/site-packages/airflow/example_dags/example_xcom.py took 0.120 seconds
[2023-12-20T18:06:03.505+0600] {processor.py:161} INFO - Started process (PID=70166) to work on /home/robin/Documents/Tanjim/Miscellaneous Projects/airflow_docker/airflow_in_python_env/env/lib/python3.10/site-packages/airflow/example_dags/example_xcom.py
[2023-12-20T18:06:03.513+0600] {processor.py:830} INFO - Processing file /home/robin/Documents/Tanjim/Miscellaneous Projects/airflow_docker/airflow_in_python_env/env/lib/python3.10/site-packages/airflow/example_dags/example_xcom.py for tasks to queue
[2023-12-20T18:06:03.514+0600] {logging_mixin.py:188} INFO - [2023-12-20T18:06:03.514+0600] {dagbag.py:538} INFO - Filling up the DagBag from /home/robin/Documents/Tanjim/Miscellaneous Projects/airflow_docker/airflow_in_python_env/env/lib/python3.10/site-packages/airflow/example_dags/example_xcom.py
[2023-12-20T18:06:03.527+0600] {processor.py:840} INFO - DAG(s) 'example_xcom' retrieved from /home/robin/Documents/Tanjim/Miscellaneous Projects/airflow_docker/airflow_in_python_env/env/lib/python3.10/site-packages/airflow/example_dags/example_xcom.py
[2023-12-20T18:06:03.548+0600] {logging_mixin.py:188} INFO - [2023-12-20T18:06:03.547+0600] {dag.py:3033} INFO - Sync 1 DAGs
[2023-12-20T18:06:03.571+0600] {logging_mixin.py:188} INFO - [2023-12-20T18:06:03.570+0600] {dag.py:3820} INFO - Setting next_dagrun for example_xcom to 2021-01-01T00:00:00+00:00, run_after=2021-01-01T00:00:00+00:00
[2023-12-20T18:06:03.597+0600] {processor.py:183} INFO - Processing /home/robin/Documents/Tanjim/Miscellaneous Projects/airflow_docker/airflow_in_python_env/env/lib/python3.10/site-packages/airflow/example_dags/example_xcom.py took 0.096 seconds
[2023-12-20T18:18:15.596+0600] {processor.py:161} INFO - Started process (PID=72073) to work on /home/robin/Documents/Tanjim/Miscellaneous Projects/airflow_docker/airflow_in_python_env/env/lib/python3.10/site-packages/airflow/example_dags/example_xcom.py
[2023-12-20T18:18:15.608+0600] {processor.py:830} INFO - Processing file /home/robin/Documents/Tanjim/Miscellaneous Projects/airflow_docker/airflow_in_python_env/env/lib/python3.10/site-packages/airflow/example_dags/example_xcom.py for tasks to queue
[2023-12-20T18:18:15.614+0600] {logging_mixin.py:188} INFO - [2023-12-20T18:18:15.612+0600] {dagbag.py:538} INFO - Filling up the DagBag from /home/robin/Documents/Tanjim/Miscellaneous Projects/airflow_docker/airflow_in_python_env/env/lib/python3.10/site-packages/airflow/example_dags/example_xcom.py
[2023-12-20T18:18:15.680+0600] {processor.py:840} INFO - DAG(s) 'example_xcom' retrieved from /home/robin/Documents/Tanjim/Miscellaneous Projects/airflow_docker/airflow_in_python_env/env/lib/python3.10/site-packages/airflow/example_dags/example_xcom.py
[2023-12-20T18:18:15.719+0600] {logging_mixin.py:188} INFO - [2023-12-20T18:18:15.719+0600] {dag.py:3033} INFO - Sync 1 DAGs
[2023-12-20T18:18:15.740+0600] {logging_mixin.py:188} INFO - [2023-12-20T18:18:15.740+0600] {dag.py:3820} INFO - Setting next_dagrun for example_xcom to 2021-01-01T00:00:00+00:00, run_after=2021-01-01T00:00:00+00:00
[2023-12-20T18:18:15.785+0600] {processor.py:183} INFO - Processing /home/robin/Documents/Tanjim/Miscellaneous Projects/airflow_docker/airflow_in_python_env/env/lib/python3.10/site-packages/airflow/example_dags/example_xcom.py took 0.193 seconds
[2023-12-20T18:19:10.336+0600] {processor.py:161} INFO - Started process (PID=72233) to work on /home/robin/Documents/Tanjim/Miscellaneous Projects/airflow_docker/airflow_in_python_env/env/lib/python3.10/site-packages/airflow/example_dags/example_xcom.py
[2023-12-20T18:19:10.344+0600] {processor.py:830} INFO - Processing file /home/robin/Documents/Tanjim/Miscellaneous Projects/airflow_docker/airflow_in_python_env/env/lib/python3.10/site-packages/airflow/example_dags/example_xcom.py for tasks to queue
[2023-12-20T18:19:10.346+0600] {logging_mixin.py:188} INFO - [2023-12-20T18:19:10.345+0600] {dagbag.py:538} INFO - Filling up the DagBag from /home/robin/Documents/Tanjim/Miscellaneous Projects/airflow_docker/airflow_in_python_env/env/lib/python3.10/site-packages/airflow/example_dags/example_xcom.py
[2023-12-20T18:19:10.359+0600] {processor.py:840} INFO - DAG(s) 'example_xcom' retrieved from /home/robin/Documents/Tanjim/Miscellaneous Projects/airflow_docker/airflow_in_python_env/env/lib/python3.10/site-packages/airflow/example_dags/example_xcom.py
[2023-12-20T18:19:10.378+0600] {logging_mixin.py:188} INFO - [2023-12-20T18:19:10.378+0600] {dag.py:3033} INFO - Sync 1 DAGs
[2023-12-20T18:19:10.401+0600] {logging_mixin.py:188} INFO - [2023-12-20T18:19:10.401+0600] {dag.py:3820} INFO - Setting next_dagrun for example_xcom to 2021-01-01T00:00:00+00:00, run_after=2021-01-01T00:00:00+00:00
[2023-12-20T18:19:10.428+0600] {processor.py:183} INFO - Processing /home/robin/Documents/Tanjim/Miscellaneous Projects/airflow_docker/airflow_in_python_env/env/lib/python3.10/site-packages/airflow/example_dags/example_xcom.py took 0.100 seconds
[2023-12-20T18:20:01.661+0600] {processor.py:161} INFO - Started process (PID=72376) to work on /home/robin/Documents/Tanjim/Miscellaneous Projects/airflow_docker/airflow_in_python_env/env/lib/python3.10/site-packages/airflow/example_dags/example_xcom.py
[2023-12-20T18:20:01.670+0600] {processor.py:830} INFO - Processing file /home/robin/Documents/Tanjim/Miscellaneous Projects/airflow_docker/airflow_in_python_env/env/lib/python3.10/site-packages/airflow/example_dags/example_xcom.py for tasks to queue
[2023-12-20T18:20:01.672+0600] {logging_mixin.py:188} INFO - [2023-12-20T18:20:01.671+0600] {dagbag.py:538} INFO - Filling up the DagBag from /home/robin/Documents/Tanjim/Miscellaneous Projects/airflow_docker/airflow_in_python_env/env/lib/python3.10/site-packages/airflow/example_dags/example_xcom.py
[2023-12-20T18:20:01.694+0600] {processor.py:840} INFO - DAG(s) 'example_xcom' retrieved from /home/robin/Documents/Tanjim/Miscellaneous Projects/airflow_docker/airflow_in_python_env/env/lib/python3.10/site-packages/airflow/example_dags/example_xcom.py
[2023-12-20T18:20:01.732+0600] {logging_mixin.py:188} INFO - [2023-12-20T18:20:01.732+0600] {dag.py:3033} INFO - Sync 1 DAGs
[2023-12-20T18:20:01.777+0600] {logging_mixin.py:188} INFO - [2023-12-20T18:20:01.776+0600] {dag.py:3820} INFO - Setting next_dagrun for example_xcom to 2021-01-01T00:00:00+00:00, run_after=2021-01-01T00:00:00+00:00
[2023-12-20T18:20:01.836+0600] {processor.py:183} INFO - Processing /home/robin/Documents/Tanjim/Miscellaneous Projects/airflow_docker/airflow_in_python_env/env/lib/python3.10/site-packages/airflow/example_dags/example_xcom.py took 0.182 seconds
[2023-12-20T18:20:51.626+0600] {processor.py:161} INFO - Started process (PID=72531) to work on /home/robin/Documents/Tanjim/Miscellaneous Projects/airflow_docker/airflow_in_python_env/env/lib/python3.10/site-packages/airflow/example_dags/example_xcom.py
[2023-12-20T18:20:51.634+0600] {processor.py:830} INFO - Processing file /home/robin/Documents/Tanjim/Miscellaneous Projects/airflow_docker/airflow_in_python_env/env/lib/python3.10/site-packages/airflow/example_dags/example_xcom.py for tasks to queue
[2023-12-20T18:20:51.636+0600] {logging_mixin.py:188} INFO - [2023-12-20T18:20:51.635+0600] {dagbag.py:538} INFO - Filling up the DagBag from /home/robin/Documents/Tanjim/Miscellaneous Projects/airflow_docker/airflow_in_python_env/env/lib/python3.10/site-packages/airflow/example_dags/example_xcom.py
[2023-12-20T18:20:51.644+0600] {processor.py:840} INFO - DAG(s) 'example_xcom' retrieved from /home/robin/Documents/Tanjim/Miscellaneous Projects/airflow_docker/airflow_in_python_env/env/lib/python3.10/site-packages/airflow/example_dags/example_xcom.py
[2023-12-20T18:20:51.662+0600] {logging_mixin.py:188} INFO - [2023-12-20T18:20:51.662+0600] {dag.py:3033} INFO - Sync 1 DAGs
[2023-12-20T18:20:51.681+0600] {logging_mixin.py:188} INFO - [2023-12-20T18:20:51.681+0600] {dag.py:3820} INFO - Setting next_dagrun for example_xcom to 2021-01-01T00:00:00+00:00, run_after=2021-01-01T00:00:00+00:00
[2023-12-20T18:20:51.719+0600] {processor.py:183} INFO - Processing /home/robin/Documents/Tanjim/Miscellaneous Projects/airflow_docker/airflow_in_python_env/env/lib/python3.10/site-packages/airflow/example_dags/example_xcom.py took 0.098 seconds
[2023-12-20T18:22:11.410+0600] {processor.py:161} INFO - Started process (PID=72928) to work on /home/robin/Documents/Tanjim/Miscellaneous Projects/airflow_docker/airflow_in_python_env/env/lib/python3.10/site-packages/airflow/example_dags/example_xcom.py
[2023-12-20T18:22:11.418+0600] {processor.py:830} INFO - Processing file /home/robin/Documents/Tanjim/Miscellaneous Projects/airflow_docker/airflow_in_python_env/env/lib/python3.10/site-packages/airflow/example_dags/example_xcom.py for tasks to queue
[2023-12-20T18:22:11.420+0600] {logging_mixin.py:188} INFO - [2023-12-20T18:22:11.419+0600] {dagbag.py:538} INFO - Filling up the DagBag from /home/robin/Documents/Tanjim/Miscellaneous Projects/airflow_docker/airflow_in_python_env/env/lib/python3.10/site-packages/airflow/example_dags/example_xcom.py
[2023-12-20T18:22:11.441+0600] {processor.py:840} INFO - DAG(s) 'example_xcom' retrieved from /home/robin/Documents/Tanjim/Miscellaneous Projects/airflow_docker/airflow_in_python_env/env/lib/python3.10/site-packages/airflow/example_dags/example_xcom.py
[2023-12-20T18:22:11.479+0600] {logging_mixin.py:188} INFO - [2023-12-20T18:22:11.479+0600] {dag.py:3033} INFO - Sync 1 DAGs
[2023-12-20T18:22:11.512+0600] {logging_mixin.py:188} INFO - [2023-12-20T18:22:11.511+0600] {dag.py:3820} INFO - Setting next_dagrun for example_xcom to 2021-01-01T00:00:00+00:00, run_after=2021-01-01T00:00:00+00:00
[2023-12-20T18:22:11.559+0600] {processor.py:183} INFO - Processing /home/robin/Documents/Tanjim/Miscellaneous Projects/airflow_docker/airflow_in_python_env/env/lib/python3.10/site-packages/airflow/example_dags/example_xcom.py took 0.163 seconds
[2023-12-20T18:28:45.570+0600] {processor.py:161} INFO - Started process (PID=74834) to work on /home/robin/Documents/Tanjim/Miscellaneous Projects/airflow_docker/airflow_in_python_env/env/lib/python3.10/site-packages/airflow/example_dags/example_xcom.py
[2023-12-20T18:28:45.579+0600] {processor.py:830} INFO - Processing file /home/robin/Documents/Tanjim/Miscellaneous Projects/airflow_docker/airflow_in_python_env/env/lib/python3.10/site-packages/airflow/example_dags/example_xcom.py for tasks to queue
[2023-12-20T18:28:45.581+0600] {logging_mixin.py:188} INFO - [2023-12-20T18:28:45.580+0600] {dagbag.py:538} INFO - Filling up the DagBag from /home/robin/Documents/Tanjim/Miscellaneous Projects/airflow_docker/airflow_in_python_env/env/lib/python3.10/site-packages/airflow/example_dags/example_xcom.py
[2023-12-20T18:28:45.597+0600] {processor.py:840} INFO - DAG(s) 'example_xcom' retrieved from /home/robin/Documents/Tanjim/Miscellaneous Projects/airflow_docker/airflow_in_python_env/env/lib/python3.10/site-packages/airflow/example_dags/example_xcom.py
[2023-12-20T18:28:45.622+0600] {logging_mixin.py:188} INFO - [2023-12-20T18:28:45.622+0600] {dag.py:3033} INFO - Sync 1 DAGs
[2023-12-20T18:28:45.655+0600] {logging_mixin.py:188} INFO - [2023-12-20T18:28:45.655+0600] {dag.py:3820} INFO - Setting next_dagrun for example_xcom to 2021-01-01T00:00:00+00:00, run_after=2021-01-01T00:00:00+00:00
[2023-12-20T18:28:45.719+0600] {processor.py:183} INFO - Processing /home/robin/Documents/Tanjim/Miscellaneous Projects/airflow_docker/airflow_in_python_env/env/lib/python3.10/site-packages/airflow/example_dags/example_xcom.py took 0.153 seconds
[2023-12-20T18:30:02.958+0600] {processor.py:161} INFO - Started process (PID=75603) to work on /home/robin/Documents/Tanjim/Miscellaneous Projects/airflow_docker/airflow_in_python_env/env/lib/python3.10/site-packages/airflow/example_dags/example_xcom.py
[2023-12-20T18:30:02.968+0600] {processor.py:830} INFO - Processing file /home/robin/Documents/Tanjim/Miscellaneous Projects/airflow_docker/airflow_in_python_env/env/lib/python3.10/site-packages/airflow/example_dags/example_xcom.py for tasks to queue
[2023-12-20T18:30:02.970+0600] {logging_mixin.py:188} INFO - [2023-12-20T18:30:02.969+0600] {dagbag.py:538} INFO - Filling up the DagBag from /home/robin/Documents/Tanjim/Miscellaneous Projects/airflow_docker/airflow_in_python_env/env/lib/python3.10/site-packages/airflow/example_dags/example_xcom.py
[2023-12-20T18:30:02.995+0600] {processor.py:840} INFO - DAG(s) 'example_xcom' retrieved from /home/robin/Documents/Tanjim/Miscellaneous Projects/airflow_docker/airflow_in_python_env/env/lib/python3.10/site-packages/airflow/example_dags/example_xcom.py
[2023-12-20T18:30:03.042+0600] {logging_mixin.py:188} INFO - [2023-12-20T18:30:03.041+0600] {dag.py:3033} INFO - Sync 1 DAGs
[2023-12-20T18:30:03.064+0600] {logging_mixin.py:188} INFO - [2023-12-20T18:30:03.064+0600] {dag.py:3820} INFO - Setting next_dagrun for example_xcom to 2021-01-01T00:00:00+00:00, run_after=2021-01-01T00:00:00+00:00
[2023-12-20T18:30:03.095+0600] {processor.py:183} INFO - Processing /home/robin/Documents/Tanjim/Miscellaneous Projects/airflow_docker/airflow_in_python_env/env/lib/python3.10/site-packages/airflow/example_dags/example_xcom.py took 0.147 seconds
