[2023-12-20T17:58:39.508+0600] {processor.py:161} INFO - Started process (PID=67138) to work on /home/robin/Documents/Tanjim/Miscellaneous Projects/airflow_docker/airflow_in_python_env/env/lib/python3.10/site-packages/airflow/example_dags/example_nested_branch_dag.py
[2023-12-20T17:58:39.509+0600] {processor.py:830} INFO - Processing file /home/robin/Documents/Tanjim/Miscellaneous Projects/airflow_docker/airflow_in_python_env/env/lib/python3.10/site-packages/airflow/example_dags/example_nested_branch_dag.py for tasks to queue
[2023-12-20T17:58:39.511+0600] {logging_mixin.py:188} INFO - [2023-12-20T17:58:39.511+0600] {dagbag.py:538} INFO - Filling up the DagBag from /home/robin/Documents/Tanjim/Miscellaneous Projects/airflow_docker/airflow_in_python_env/env/lib/python3.10/site-packages/airflow/example_dags/example_nested_branch_dag.py
[2023-12-20T17:58:39.533+0600] {processor.py:840} INFO - DAG(s) 'example_nested_branch_dag' retrieved from /home/robin/Documents/Tanjim/Miscellaneous Projects/airflow_docker/airflow_in_python_env/env/lib/python3.10/site-packages/airflow/example_dags/example_nested_branch_dag.py
[2023-12-20T17:58:39.724+0600] {logging_mixin.py:188} INFO - [2023-12-20T17:58:39.723+0600] {dag.py:3033} INFO - Sync 1 DAGs
[2023-12-20T17:58:39.757+0600] {logging_mixin.py:188} INFO - [2023-12-20T17:58:39.757+0600] {dag.py:3820} INFO - Setting next_dagrun for example_nested_branch_dag to 2023-12-19T00:00:00+00:00, run_after=2023-12-20T00:00:00+00:00
[2023-12-20T17:58:39.808+0600] {processor.py:183} INFO - Processing /home/robin/Documents/Tanjim/Miscellaneous Projects/airflow_docker/airflow_in_python_env/env/lib/python3.10/site-packages/airflow/example_dags/example_nested_branch_dag.py took 0.305 seconds
[2023-12-20T17:59:34.608+0600] {processor.py:161} INFO - Started process (PID=67368) to work on /home/robin/Documents/Tanjim/Miscellaneous Projects/airflow_docker/airflow_in_python_env/env/lib/python3.10/site-packages/airflow/example_dags/example_nested_branch_dag.py
[2023-12-20T17:59:34.617+0600] {processor.py:830} INFO - Processing file /home/robin/Documents/Tanjim/Miscellaneous Projects/airflow_docker/airflow_in_python_env/env/lib/python3.10/site-packages/airflow/example_dags/example_nested_branch_dag.py for tasks to queue
[2023-12-20T17:59:34.618+0600] {logging_mixin.py:188} INFO - [2023-12-20T17:59:34.617+0600] {dagbag.py:538} INFO - Filling up the DagBag from /home/robin/Documents/Tanjim/Miscellaneous Projects/airflow_docker/airflow_in_python_env/env/lib/python3.10/site-packages/airflow/example_dags/example_nested_branch_dag.py
[2023-12-20T17:59:34.633+0600] {processor.py:840} INFO - DAG(s) 'example_nested_branch_dag' retrieved from /home/robin/Documents/Tanjim/Miscellaneous Projects/airflow_docker/airflow_in_python_env/env/lib/python3.10/site-packages/airflow/example_dags/example_nested_branch_dag.py
[2023-12-20T17:59:34.659+0600] {logging_mixin.py:188} INFO - [2023-12-20T17:59:34.659+0600] {dag.py:3033} INFO - Sync 1 DAGs
[2023-12-20T17:59:34.692+0600] {logging_mixin.py:188} INFO - [2023-12-20T17:59:34.692+0600] {dag.py:3820} INFO - Setting next_dagrun for example_nested_branch_dag to 2023-12-19T00:00:00+00:00, run_after=2023-12-20T00:00:00+00:00
[2023-12-20T17:59:34.733+0600] {processor.py:183} INFO - Processing /home/robin/Documents/Tanjim/Miscellaneous Projects/airflow_docker/airflow_in_python_env/env/lib/python3.10/site-packages/airflow/example_dags/example_nested_branch_dag.py took 0.130 seconds
[2023-12-20T18:00:29.082+0600] {processor.py:161} INFO - Started process (PID=67506) to work on /home/robin/Documents/Tanjim/Miscellaneous Projects/airflow_docker/airflow_in_python_env/env/lib/python3.10/site-packages/airflow/example_dags/example_nested_branch_dag.py
[2023-12-20T18:00:29.093+0600] {processor.py:830} INFO - Processing file /home/robin/Documents/Tanjim/Miscellaneous Projects/airflow_docker/airflow_in_python_env/env/lib/python3.10/site-packages/airflow/example_dags/example_nested_branch_dag.py for tasks to queue
[2023-12-20T18:00:29.096+0600] {logging_mixin.py:188} INFO - [2023-12-20T18:00:29.095+0600] {dagbag.py:538} INFO - Filling up the DagBag from /home/robin/Documents/Tanjim/Miscellaneous Projects/airflow_docker/airflow_in_python_env/env/lib/python3.10/site-packages/airflow/example_dags/example_nested_branch_dag.py
[2023-12-20T18:00:29.116+0600] {processor.py:840} INFO - DAG(s) 'example_nested_branch_dag' retrieved from /home/robin/Documents/Tanjim/Miscellaneous Projects/airflow_docker/airflow_in_python_env/env/lib/python3.10/site-packages/airflow/example_dags/example_nested_branch_dag.py
[2023-12-20T18:00:29.141+0600] {logging_mixin.py:188} INFO - [2023-12-20T18:00:29.141+0600] {dag.py:3033} INFO - Sync 1 DAGs
[2023-12-20T18:00:29.166+0600] {logging_mixin.py:188} INFO - [2023-12-20T18:00:29.166+0600] {dag.py:3820} INFO - Setting next_dagrun for example_nested_branch_dag to 2023-12-19T00:00:00+00:00, run_after=2023-12-20T00:00:00+00:00
[2023-12-20T18:00:29.198+0600] {processor.py:183} INFO - Processing /home/robin/Documents/Tanjim/Miscellaneous Projects/airflow_docker/airflow_in_python_env/env/lib/python3.10/site-packages/airflow/example_dags/example_nested_branch_dag.py took 0.128 seconds
[2023-12-20T18:01:21.557+0600] {processor.py:161} INFO - Started process (PID=68023) to work on /home/robin/Documents/Tanjim/Miscellaneous Projects/airflow_docker/airflow_in_python_env/env/lib/python3.10/site-packages/airflow/example_dags/example_nested_branch_dag.py
[2023-12-20T18:01:21.559+0600] {processor.py:830} INFO - Processing file /home/robin/Documents/Tanjim/Miscellaneous Projects/airflow_docker/airflow_in_python_env/env/lib/python3.10/site-packages/airflow/example_dags/example_nested_branch_dag.py for tasks to queue
[2023-12-20T18:01:21.561+0600] {logging_mixin.py:188} INFO - [2023-12-20T18:01:21.561+0600] {dagbag.py:538} INFO - Filling up the DagBag from /home/robin/Documents/Tanjim/Miscellaneous Projects/airflow_docker/airflow_in_python_env/env/lib/python3.10/site-packages/airflow/example_dags/example_nested_branch_dag.py
[2023-12-20T18:01:21.582+0600] {processor.py:840} INFO - DAG(s) 'example_nested_branch_dag' retrieved from /home/robin/Documents/Tanjim/Miscellaneous Projects/airflow_docker/airflow_in_python_env/env/lib/python3.10/site-packages/airflow/example_dags/example_nested_branch_dag.py
[2023-12-20T18:01:21.639+0600] {logging_mixin.py:188} INFO - [2023-12-20T18:01:21.638+0600] {dag.py:3033} INFO - Sync 1 DAGs
[2023-12-20T18:01:21.699+0600] {logging_mixin.py:188} INFO - [2023-12-20T18:01:21.699+0600] {dag.py:3820} INFO - Setting next_dagrun for example_nested_branch_dag to 2023-12-19T00:00:00+00:00, run_after=2023-12-20T00:00:00+00:00
[2023-12-20T18:01:21.826+0600] {processor.py:183} INFO - Processing /home/robin/Documents/Tanjim/Miscellaneous Projects/airflow_docker/airflow_in_python_env/env/lib/python3.10/site-packages/airflow/example_dags/example_nested_branch_dag.py took 0.275 seconds
[2023-12-20T18:02:46.764+0600] {processor.py:161} INFO - Started process (PID=68939) to work on /home/robin/Documents/Tanjim/Miscellaneous Projects/airflow_docker/airflow_in_python_env/env/lib/python3.10/site-packages/airflow/example_dags/example_nested_branch_dag.py
[2023-12-20T18:02:46.766+0600] {processor.py:830} INFO - Processing file /home/robin/Documents/Tanjim/Miscellaneous Projects/airflow_docker/airflow_in_python_env/env/lib/python3.10/site-packages/airflow/example_dags/example_nested_branch_dag.py for tasks to queue
[2023-12-20T18:02:46.767+0600] {logging_mixin.py:188} INFO - [2023-12-20T18:02:46.766+0600] {dagbag.py:538} INFO - Filling up the DagBag from /home/robin/Documents/Tanjim/Miscellaneous Projects/airflow_docker/airflow_in_python_env/env/lib/python3.10/site-packages/airflow/example_dags/example_nested_branch_dag.py
[2023-12-20T18:02:46.779+0600] {processor.py:840} INFO - DAG(s) 'example_nested_branch_dag' retrieved from /home/robin/Documents/Tanjim/Miscellaneous Projects/airflow_docker/airflow_in_python_env/env/lib/python3.10/site-packages/airflow/example_dags/example_nested_branch_dag.py
[2023-12-20T18:02:46.800+0600] {logging_mixin.py:188} INFO - [2023-12-20T18:02:46.800+0600] {dag.py:3033} INFO - Sync 1 DAGs
[2023-12-20T18:02:46.825+0600] {logging_mixin.py:188} INFO - [2023-12-20T18:02:46.825+0600] {dag.py:3820} INFO - Setting next_dagrun for example_nested_branch_dag to 2023-12-19T00:00:00+00:00, run_after=2023-12-20T00:00:00+00:00
[2023-12-20T18:02:46.861+0600] {processor.py:183} INFO - Processing /home/robin/Documents/Tanjim/Miscellaneous Projects/airflow_docker/airflow_in_python_env/env/lib/python3.10/site-packages/airflow/example_dags/example_nested_branch_dag.py took 0.101 seconds
[2023-12-20T18:03:39.118+0600] {processor.py:161} INFO - Started process (PID=69261) to work on /home/robin/Documents/Tanjim/Miscellaneous Projects/airflow_docker/airflow_in_python_env/env/lib/python3.10/site-packages/airflow/example_dags/example_nested_branch_dag.py
[2023-12-20T18:03:39.127+0600] {processor.py:830} INFO - Processing file /home/robin/Documents/Tanjim/Miscellaneous Projects/airflow_docker/airflow_in_python_env/env/lib/python3.10/site-packages/airflow/example_dags/example_nested_branch_dag.py for tasks to queue
[2023-12-20T18:03:39.129+0600] {logging_mixin.py:188} INFO - [2023-12-20T18:03:39.128+0600] {dagbag.py:538} INFO - Filling up the DagBag from /home/robin/Documents/Tanjim/Miscellaneous Projects/airflow_docker/airflow_in_python_env/env/lib/python3.10/site-packages/airflow/example_dags/example_nested_branch_dag.py
[2023-12-20T18:03:39.146+0600] {processor.py:840} INFO - DAG(s) 'example_nested_branch_dag' retrieved from /home/robin/Documents/Tanjim/Miscellaneous Projects/airflow_docker/airflow_in_python_env/env/lib/python3.10/site-packages/airflow/example_dags/example_nested_branch_dag.py
[2023-12-20T18:03:39.168+0600] {logging_mixin.py:188} INFO - [2023-12-20T18:03:39.168+0600] {dag.py:3033} INFO - Sync 1 DAGs
[2023-12-20T18:03:39.194+0600] {logging_mixin.py:188} INFO - [2023-12-20T18:03:39.194+0600] {dag.py:3820} INFO - Setting next_dagrun for example_nested_branch_dag to 2023-12-19T00:00:00+00:00, run_after=2023-12-20T00:00:00+00:00
[2023-12-20T18:03:39.229+0600] {processor.py:183} INFO - Processing /home/robin/Documents/Tanjim/Miscellaneous Projects/airflow_docker/airflow_in_python_env/env/lib/python3.10/site-packages/airflow/example_dags/example_nested_branch_dag.py took 0.117 seconds
[2023-12-20T18:04:28.702+0600] {processor.py:161} INFO - Started process (PID=69541) to work on /home/robin/Documents/Tanjim/Miscellaneous Projects/airflow_docker/airflow_in_python_env/env/lib/python3.10/site-packages/airflow/example_dags/example_nested_branch_dag.py
[2023-12-20T18:04:28.711+0600] {processor.py:830} INFO - Processing file /home/robin/Documents/Tanjim/Miscellaneous Projects/airflow_docker/airflow_in_python_env/env/lib/python3.10/site-packages/airflow/example_dags/example_nested_branch_dag.py for tasks to queue
[2023-12-20T18:04:28.713+0600] {logging_mixin.py:188} INFO - [2023-12-20T18:04:28.712+0600] {dagbag.py:538} INFO - Filling up the DagBag from /home/robin/Documents/Tanjim/Miscellaneous Projects/airflow_docker/airflow_in_python_env/env/lib/python3.10/site-packages/airflow/example_dags/example_nested_branch_dag.py
[2023-12-20T18:04:28.732+0600] {processor.py:840} INFO - DAG(s) 'example_nested_branch_dag' retrieved from /home/robin/Documents/Tanjim/Miscellaneous Projects/airflow_docker/airflow_in_python_env/env/lib/python3.10/site-packages/airflow/example_dags/example_nested_branch_dag.py
[2023-12-20T18:04:28.752+0600] {logging_mixin.py:188} INFO - [2023-12-20T18:04:28.751+0600] {dag.py:3033} INFO - Sync 1 DAGs
[2023-12-20T18:04:28.776+0600] {logging_mixin.py:188} INFO - [2023-12-20T18:04:28.776+0600] {dag.py:3820} INFO - Setting next_dagrun for example_nested_branch_dag to 2023-12-19T00:00:00+00:00, run_after=2023-12-20T00:00:00+00:00
[2023-12-20T18:04:28.806+0600] {processor.py:183} INFO - Processing /home/robin/Documents/Tanjim/Miscellaneous Projects/airflow_docker/airflow_in_python_env/env/lib/python3.10/site-packages/airflow/example_dags/example_nested_branch_dag.py took 0.111 seconds
[2023-12-20T18:18:37.583+0600] {processor.py:161} INFO - Started process (PID=72146) to work on /home/robin/Documents/Tanjim/Miscellaneous Projects/airflow_docker/airflow_in_python_env/env/lib/python3.10/site-packages/airflow/example_dags/example_nested_branch_dag.py
[2023-12-20T18:18:37.591+0600] {processor.py:830} INFO - Processing file /home/robin/Documents/Tanjim/Miscellaneous Projects/airflow_docker/airflow_in_python_env/env/lib/python3.10/site-packages/airflow/example_dags/example_nested_branch_dag.py for tasks to queue
[2023-12-20T18:18:37.593+0600] {logging_mixin.py:188} INFO - [2023-12-20T18:18:37.592+0600] {dagbag.py:538} INFO - Filling up the DagBag from /home/robin/Documents/Tanjim/Miscellaneous Projects/airflow_docker/airflow_in_python_env/env/lib/python3.10/site-packages/airflow/example_dags/example_nested_branch_dag.py
[2023-12-20T18:18:37.611+0600] {processor.py:840} INFO - DAG(s) 'example_nested_branch_dag' retrieved from /home/robin/Documents/Tanjim/Miscellaneous Projects/airflow_docker/airflow_in_python_env/env/lib/python3.10/site-packages/airflow/example_dags/example_nested_branch_dag.py
[2023-12-20T18:18:37.638+0600] {logging_mixin.py:188} INFO - [2023-12-20T18:18:37.638+0600] {dag.py:3033} INFO - Sync 1 DAGs
[2023-12-20T18:18:37.665+0600] {logging_mixin.py:188} INFO - [2023-12-20T18:18:37.665+0600] {dag.py:3820} INFO - Setting next_dagrun for example_nested_branch_dag to 2023-12-19T00:00:00+00:00, run_after=2023-12-20T00:00:00+00:00
[2023-12-20T18:18:37.698+0600] {processor.py:183} INFO - Processing /home/robin/Documents/Tanjim/Miscellaneous Projects/airflow_docker/airflow_in_python_env/env/lib/python3.10/site-packages/airflow/example_dags/example_nested_branch_dag.py took 0.121 seconds
[2023-12-20T18:19:32.749+0600] {processor.py:161} INFO - Started process (PID=72299) to work on /home/robin/Documents/Tanjim/Miscellaneous Projects/airflow_docker/airflow_in_python_env/env/lib/python3.10/site-packages/airflow/example_dags/example_nested_branch_dag.py
[2023-12-20T18:19:32.758+0600] {processor.py:830} INFO - Processing file /home/robin/Documents/Tanjim/Miscellaneous Projects/airflow_docker/airflow_in_python_env/env/lib/python3.10/site-packages/airflow/example_dags/example_nested_branch_dag.py for tasks to queue
[2023-12-20T18:19:32.759+0600] {logging_mixin.py:188} INFO - [2023-12-20T18:19:32.758+0600] {dagbag.py:538} INFO - Filling up the DagBag from /home/robin/Documents/Tanjim/Miscellaneous Projects/airflow_docker/airflow_in_python_env/env/lib/python3.10/site-packages/airflow/example_dags/example_nested_branch_dag.py
[2023-12-20T18:19:32.780+0600] {processor.py:840} INFO - DAG(s) 'example_nested_branch_dag' retrieved from /home/robin/Documents/Tanjim/Miscellaneous Projects/airflow_docker/airflow_in_python_env/env/lib/python3.10/site-packages/airflow/example_dags/example_nested_branch_dag.py
[2023-12-20T18:19:32.810+0600] {logging_mixin.py:188} INFO - [2023-12-20T18:19:32.810+0600] {dag.py:3033} INFO - Sync 1 DAGs
[2023-12-20T18:19:32.843+0600] {logging_mixin.py:188} INFO - [2023-12-20T18:19:32.843+0600] {dag.py:3820} INFO - Setting next_dagrun for example_nested_branch_dag to 2023-12-19T00:00:00+00:00, run_after=2023-12-20T00:00:00+00:00
[2023-12-20T18:19:32.884+0600] {processor.py:183} INFO - Processing /home/robin/Documents/Tanjim/Miscellaneous Projects/airflow_docker/airflow_in_python_env/env/lib/python3.10/site-packages/airflow/example_dags/example_nested_branch_dag.py took 0.140 seconds
[2023-12-20T18:20:26.443+0600] {processor.py:161} INFO - Started process (PID=72426) to work on /home/robin/Documents/Tanjim/Miscellaneous Projects/airflow_docker/airflow_in_python_env/env/lib/python3.10/site-packages/airflow/example_dags/example_nested_branch_dag.py
[2023-12-20T18:20:26.454+0600] {processor.py:830} INFO - Processing file /home/robin/Documents/Tanjim/Miscellaneous Projects/airflow_docker/airflow_in_python_env/env/lib/python3.10/site-packages/airflow/example_dags/example_nested_branch_dag.py for tasks to queue
[2023-12-20T18:20:26.461+0600] {logging_mixin.py:188} INFO - [2023-12-20T18:20:26.458+0600] {dagbag.py:538} INFO - Filling up the DagBag from /home/robin/Documents/Tanjim/Miscellaneous Projects/airflow_docker/airflow_in_python_env/env/lib/python3.10/site-packages/airflow/example_dags/example_nested_branch_dag.py
[2023-12-20T18:20:26.505+0600] {processor.py:840} INFO - DAG(s) 'example_nested_branch_dag' retrieved from /home/robin/Documents/Tanjim/Miscellaneous Projects/airflow_docker/airflow_in_python_env/env/lib/python3.10/site-packages/airflow/example_dags/example_nested_branch_dag.py
[2023-12-20T18:20:26.532+0600] {logging_mixin.py:188} INFO - [2023-12-20T18:20:26.532+0600] {dag.py:3033} INFO - Sync 1 DAGs
[2023-12-20T18:20:26.557+0600] {logging_mixin.py:188} INFO - [2023-12-20T18:20:26.557+0600] {dag.py:3820} INFO - Setting next_dagrun for example_nested_branch_dag to 2023-12-19T00:00:00+00:00, run_after=2023-12-20T00:00:00+00:00
[2023-12-20T18:20:26.595+0600] {processor.py:183} INFO - Processing /home/robin/Documents/Tanjim/Miscellaneous Projects/airflow_docker/airflow_in_python_env/env/lib/python3.10/site-packages/airflow/example_dags/example_nested_branch_dag.py took 0.157 seconds
[2023-12-20T18:29:30.798+0600] {processor.py:161} INFO - Started process (PID=75400) to work on /home/robin/Documents/Tanjim/Miscellaneous Projects/airflow_docker/airflow_in_python_env/env/lib/python3.10/site-packages/airflow/example_dags/example_nested_branch_dag.py
[2023-12-20T18:29:30.807+0600] {processor.py:830} INFO - Processing file /home/robin/Documents/Tanjim/Miscellaneous Projects/airflow_docker/airflow_in_python_env/env/lib/python3.10/site-packages/airflow/example_dags/example_nested_branch_dag.py for tasks to queue
[2023-12-20T18:29:30.810+0600] {logging_mixin.py:188} INFO - [2023-12-20T18:29:30.809+0600] {dagbag.py:538} INFO - Filling up the DagBag from /home/robin/Documents/Tanjim/Miscellaneous Projects/airflow_docker/airflow_in_python_env/env/lib/python3.10/site-packages/airflow/example_dags/example_nested_branch_dag.py
[2023-12-20T18:29:30.833+0600] {processor.py:840} INFO - DAG(s) 'example_nested_branch_dag' retrieved from /home/robin/Documents/Tanjim/Miscellaneous Projects/airflow_docker/airflow_in_python_env/env/lib/python3.10/site-packages/airflow/example_dags/example_nested_branch_dag.py
[2023-12-20T18:29:30.864+0600] {logging_mixin.py:188} INFO - [2023-12-20T18:29:30.864+0600] {dag.py:3033} INFO - Sync 1 DAGs
[2023-12-20T18:29:30.891+0600] {logging_mixin.py:188} INFO - [2023-12-20T18:29:30.891+0600] {dag.py:3820} INFO - Setting next_dagrun for example_nested_branch_dag to 2023-12-19T00:00:00+00:00, run_after=2023-12-20T00:00:00+00:00
[2023-12-20T18:29:30.938+0600] {processor.py:183} INFO - Processing /home/robin/Documents/Tanjim/Miscellaneous Projects/airflow_docker/airflow_in_python_env/env/lib/python3.10/site-packages/airflow/example_dags/example_nested_branch_dag.py took 0.149 seconds
[2023-12-20T18:30:23.518+0600] {processor.py:161} INFO - Started process (PID=75647) to work on /home/robin/Documents/Tanjim/Miscellaneous Projects/airflow_docker/airflow_in_python_env/env/lib/python3.10/site-packages/airflow/example_dags/example_nested_branch_dag.py
[2023-12-20T18:30:23.527+0600] {processor.py:830} INFO - Processing file /home/robin/Documents/Tanjim/Miscellaneous Projects/airflow_docker/airflow_in_python_env/env/lib/python3.10/site-packages/airflow/example_dags/example_nested_branch_dag.py for tasks to queue
[2023-12-20T18:30:23.528+0600] {logging_mixin.py:188} INFO - [2023-12-20T18:30:23.527+0600] {dagbag.py:538} INFO - Filling up the DagBag from /home/robin/Documents/Tanjim/Miscellaneous Projects/airflow_docker/airflow_in_python_env/env/lib/python3.10/site-packages/airflow/example_dags/example_nested_branch_dag.py
[2023-12-20T18:30:23.542+0600] {processor.py:840} INFO - DAG(s) 'example_nested_branch_dag' retrieved from /home/robin/Documents/Tanjim/Miscellaneous Projects/airflow_docker/airflow_in_python_env/env/lib/python3.10/site-packages/airflow/example_dags/example_nested_branch_dag.py
[2023-12-20T18:30:23.566+0600] {logging_mixin.py:188} INFO - [2023-12-20T18:30:23.565+0600] {dag.py:3033} INFO - Sync 1 DAGs
[2023-12-20T18:30:23.595+0600] {logging_mixin.py:188} INFO - [2023-12-20T18:30:23.594+0600] {dag.py:3820} INFO - Setting next_dagrun for example_nested_branch_dag to 2023-12-19T00:00:00+00:00, run_after=2023-12-20T00:00:00+00:00
[2023-12-20T18:30:23.628+0600] {processor.py:183} INFO - Processing /home/robin/Documents/Tanjim/Miscellaneous Projects/airflow_docker/airflow_in_python_env/env/lib/python3.10/site-packages/airflow/example_dags/example_nested_branch_dag.py took 0.114 seconds
