[2023-12-20T17:52:54.174+0600] {processor.py:161} INFO - Started process (PID=66328) to work on /home/robin/Documents/Tanjim/Miscellaneous Projects/airflow_docker/airflow_in_python_env/env/lib/python3.10/site-packages/airflow/example_dags/example_trigger_controller_dag.py
[2023-12-20T17:52:54.175+0600] {processor.py:830} INFO - Processing file /home/robin/Documents/Tanjim/Miscellaneous Projects/airflow_docker/airflow_in_python_env/env/lib/python3.10/site-packages/airflow/example_dags/example_trigger_controller_dag.py for tasks to queue
[2023-12-20T17:52:54.176+0600] {logging_mixin.py:188} INFO - [2023-12-20T17:52:54.176+0600] {dagbag.py:538} INFO - Filling up the DagBag from /home/robin/Documents/Tanjim/Miscellaneous Projects/airflow_docker/airflow_in_python_env/env/lib/python3.10/site-packages/airflow/example_dags/example_trigger_controller_dag.py
[2023-12-20T17:52:54.189+0600] {processor.py:840} INFO - DAG(s) 'example_trigger_controller_dag' retrieved from /home/robin/Documents/Tanjim/Miscellaneous Projects/airflow_docker/airflow_in_python_env/env/lib/python3.10/site-packages/airflow/example_dags/example_trigger_controller_dag.py
[2023-12-20T17:52:54.357+0600] {logging_mixin.py:188} INFO - [2023-12-20T17:52:54.357+0600] {dag.py:3033} INFO - Sync 1 DAGs
[2023-12-20T17:52:54.393+0600] {logging_mixin.py:188} INFO - [2023-12-20T17:52:54.392+0600] {dag.py:3820} INFO - Setting next_dagrun for example_trigger_controller_dag to 2021-01-01T00:00:00+00:00, run_after=2021-01-01T00:00:00+00:00
[2023-12-20T17:52:54.438+0600] {processor.py:183} INFO - Processing /home/robin/Documents/Tanjim/Miscellaneous Projects/airflow_docker/airflow_in_python_env/env/lib/python3.10/site-packages/airflow/example_dags/example_trigger_controller_dag.py took 0.270 seconds
[2023-12-20T17:58:08.995+0600] {processor.py:161} INFO - Started process (PID=66966) to work on /home/robin/Documents/Tanjim/Miscellaneous Projects/airflow_docker/airflow_in_python_env/env/lib/python3.10/site-packages/airflow/example_dags/example_trigger_controller_dag.py
[2023-12-20T17:58:09.003+0600] {processor.py:830} INFO - Processing file /home/robin/Documents/Tanjim/Miscellaneous Projects/airflow_docker/airflow_in_python_env/env/lib/python3.10/site-packages/airflow/example_dags/example_trigger_controller_dag.py for tasks to queue
[2023-12-20T17:58:09.004+0600] {logging_mixin.py:188} INFO - [2023-12-20T17:58:09.004+0600] {dagbag.py:538} INFO - Filling up the DagBag from /home/robin/Documents/Tanjim/Miscellaneous Projects/airflow_docker/airflow_in_python_env/env/lib/python3.10/site-packages/airflow/example_dags/example_trigger_controller_dag.py
[2023-12-20T17:58:09.012+0600] {processor.py:840} INFO - DAG(s) 'example_trigger_controller_dag' retrieved from /home/robin/Documents/Tanjim/Miscellaneous Projects/airflow_docker/airflow_in_python_env/env/lib/python3.10/site-packages/airflow/example_dags/example_trigger_controller_dag.py
[2023-12-20T17:58:09.039+0600] {logging_mixin.py:188} INFO - [2023-12-20T17:58:09.039+0600] {dag.py:3033} INFO - Sync 1 DAGs
[2023-12-20T17:58:09.067+0600] {logging_mixin.py:188} INFO - [2023-12-20T17:58:09.067+0600] {dag.py:3820} INFO - Setting next_dagrun for example_trigger_controller_dag to 2021-01-01T00:00:00+00:00, run_after=2021-01-01T00:00:00+00:00
[2023-12-20T17:58:09.100+0600] {processor.py:183} INFO - Processing /home/robin/Documents/Tanjim/Miscellaneous Projects/airflow_docker/airflow_in_python_env/env/lib/python3.10/site-packages/airflow/example_dags/example_trigger_controller_dag.py took 0.109 seconds
[2023-12-20T17:59:06.948+0600] {processor.py:161} INFO - Started process (PID=67258) to work on /home/robin/Documents/Tanjim/Miscellaneous Projects/airflow_docker/airflow_in_python_env/env/lib/python3.10/site-packages/airflow/example_dags/example_trigger_controller_dag.py
[2023-12-20T17:59:06.956+0600] {processor.py:830} INFO - Processing file /home/robin/Documents/Tanjim/Miscellaneous Projects/airflow_docker/airflow_in_python_env/env/lib/python3.10/site-packages/airflow/example_dags/example_trigger_controller_dag.py for tasks to queue
[2023-12-20T17:59:06.957+0600] {logging_mixin.py:188} INFO - [2023-12-20T17:59:06.956+0600] {dagbag.py:538} INFO - Filling up the DagBag from /home/robin/Documents/Tanjim/Miscellaneous Projects/airflow_docker/airflow_in_python_env/env/lib/python3.10/site-packages/airflow/example_dags/example_trigger_controller_dag.py
[2023-12-20T17:59:06.962+0600] {processor.py:840} INFO - DAG(s) 'example_trigger_controller_dag' retrieved from /home/robin/Documents/Tanjim/Miscellaneous Projects/airflow_docker/airflow_in_python_env/env/lib/python3.10/site-packages/airflow/example_dags/example_trigger_controller_dag.py
[2023-12-20T17:59:06.978+0600] {logging_mixin.py:188} INFO - [2023-12-20T17:59:06.978+0600] {dag.py:3033} INFO - Sync 1 DAGs
[2023-12-20T17:59:07.001+0600] {logging_mixin.py:188} INFO - [2023-12-20T17:59:07.001+0600] {dag.py:3820} INFO - Setting next_dagrun for example_trigger_controller_dag to 2021-01-01T00:00:00+00:00, run_after=2021-01-01T00:00:00+00:00
[2023-12-20T17:59:07.031+0600] {processor.py:183} INFO - Processing /home/robin/Documents/Tanjim/Miscellaneous Projects/airflow_docker/airflow_in_python_env/env/lib/python3.10/site-packages/airflow/example_dags/example_trigger_controller_dag.py took 0.086 seconds
[2023-12-20T17:59:56.323+0600] {processor.py:161} INFO - Started process (PID=67440) to work on /home/robin/Documents/Tanjim/Miscellaneous Projects/airflow_docker/airflow_in_python_env/env/lib/python3.10/site-packages/airflow/example_dags/example_trigger_controller_dag.py
[2023-12-20T17:59:56.332+0600] {processor.py:830} INFO - Processing file /home/robin/Documents/Tanjim/Miscellaneous Projects/airflow_docker/airflow_in_python_env/env/lib/python3.10/site-packages/airflow/example_dags/example_trigger_controller_dag.py for tasks to queue
[2023-12-20T17:59:56.334+0600] {logging_mixin.py:188} INFO - [2023-12-20T17:59:56.334+0600] {dagbag.py:538} INFO - Filling up the DagBag from /home/robin/Documents/Tanjim/Miscellaneous Projects/airflow_docker/airflow_in_python_env/env/lib/python3.10/site-packages/airflow/example_dags/example_trigger_controller_dag.py
[2023-12-20T17:59:56.344+0600] {processor.py:840} INFO - DAG(s) 'example_trigger_controller_dag' retrieved from /home/robin/Documents/Tanjim/Miscellaneous Projects/airflow_docker/airflow_in_python_env/env/lib/python3.10/site-packages/airflow/example_dags/example_trigger_controller_dag.py
[2023-12-20T17:59:56.377+0600] {logging_mixin.py:188} INFO - [2023-12-20T17:59:56.376+0600] {dag.py:3033} INFO - Sync 1 DAGs
[2023-12-20T17:59:56.418+0600] {logging_mixin.py:188} INFO - [2023-12-20T17:59:56.418+0600] {dag.py:3820} INFO - Setting next_dagrun for example_trigger_controller_dag to 2021-01-01T00:00:00+00:00, run_after=2021-01-01T00:00:00+00:00
[2023-12-20T17:59:56.473+0600] {processor.py:183} INFO - Processing /home/robin/Documents/Tanjim/Miscellaneous Projects/airflow_docker/airflow_in_python_env/env/lib/python3.10/site-packages/airflow/example_dags/example_trigger_controller_dag.py took 0.155 seconds
[2023-12-20T18:00:47.301+0600] {processor.py:161} INFO - Started process (PID=67624) to work on /home/robin/Documents/Tanjim/Miscellaneous Projects/airflow_docker/airflow_in_python_env/env/lib/python3.10/site-packages/airflow/example_dags/example_trigger_controller_dag.py
[2023-12-20T18:00:47.309+0600] {processor.py:830} INFO - Processing file /home/robin/Documents/Tanjim/Miscellaneous Projects/airflow_docker/airflow_in_python_env/env/lib/python3.10/site-packages/airflow/example_dags/example_trigger_controller_dag.py for tasks to queue
[2023-12-20T18:00:47.310+0600] {logging_mixin.py:188} INFO - [2023-12-20T18:00:47.309+0600] {dagbag.py:538} INFO - Filling up the DagBag from /home/robin/Documents/Tanjim/Miscellaneous Projects/airflow_docker/airflow_in_python_env/env/lib/python3.10/site-packages/airflow/example_dags/example_trigger_controller_dag.py
[2023-12-20T18:00:47.317+0600] {processor.py:840} INFO - DAG(s) 'example_trigger_controller_dag' retrieved from /home/robin/Documents/Tanjim/Miscellaneous Projects/airflow_docker/airflow_in_python_env/env/lib/python3.10/site-packages/airflow/example_dags/example_trigger_controller_dag.py
[2023-12-20T18:00:47.338+0600] {logging_mixin.py:188} INFO - [2023-12-20T18:00:47.337+0600] {dag.py:3033} INFO - Sync 1 DAGs
[2023-12-20T18:00:47.368+0600] {logging_mixin.py:188} INFO - [2023-12-20T18:00:47.368+0600] {dag.py:3820} INFO - Setting next_dagrun for example_trigger_controller_dag to 2021-01-01T00:00:00+00:00, run_after=2021-01-01T00:00:00+00:00
[2023-12-20T18:00:47.415+0600] {processor.py:183} INFO - Processing /home/robin/Documents/Tanjim/Miscellaneous Projects/airflow_docker/airflow_in_python_env/env/lib/python3.10/site-packages/airflow/example_dags/example_trigger_controller_dag.py took 0.118 seconds
[2023-12-20T18:01:38.528+0600] {processor.py:161} INFO - Started process (PID=68219) to work on /home/robin/Documents/Tanjim/Miscellaneous Projects/airflow_docker/airflow_in_python_env/env/lib/python3.10/site-packages/airflow/example_dags/example_trigger_controller_dag.py
[2023-12-20T18:01:38.537+0600] {processor.py:830} INFO - Processing file /home/robin/Documents/Tanjim/Miscellaneous Projects/airflow_docker/airflow_in_python_env/env/lib/python3.10/site-packages/airflow/example_dags/example_trigger_controller_dag.py for tasks to queue
[2023-12-20T18:01:38.538+0600] {logging_mixin.py:188} INFO - [2023-12-20T18:01:38.537+0600] {dagbag.py:538} INFO - Filling up the DagBag from /home/robin/Documents/Tanjim/Miscellaneous Projects/airflow_docker/airflow_in_python_env/env/lib/python3.10/site-packages/airflow/example_dags/example_trigger_controller_dag.py
[2023-12-20T18:01:38.544+0600] {processor.py:840} INFO - DAG(s) 'example_trigger_controller_dag' retrieved from /home/robin/Documents/Tanjim/Miscellaneous Projects/airflow_docker/airflow_in_python_env/env/lib/python3.10/site-packages/airflow/example_dags/example_trigger_controller_dag.py
[2023-12-20T18:01:38.567+0600] {logging_mixin.py:188} INFO - [2023-12-20T18:01:38.567+0600] {dag.py:3033} INFO - Sync 1 DAGs
[2023-12-20T18:01:38.593+0600] {logging_mixin.py:188} INFO - [2023-12-20T18:01:38.592+0600] {dag.py:3820} INFO - Setting next_dagrun for example_trigger_controller_dag to 2021-01-01T00:00:00+00:00, run_after=2021-01-01T00:00:00+00:00
[2023-12-20T18:01:38.622+0600] {processor.py:183} INFO - Processing /home/robin/Documents/Tanjim/Miscellaneous Projects/airflow_docker/airflow_in_python_env/env/lib/python3.10/site-packages/airflow/example_dags/example_trigger_controller_dag.py took 0.099 seconds
[2023-12-20T18:02:28.519+0600] {processor.py:161} INFO - Started process (PID=68785) to work on /home/robin/Documents/Tanjim/Miscellaneous Projects/airflow_docker/airflow_in_python_env/env/lib/python3.10/site-packages/airflow/example_dags/example_trigger_controller_dag.py
[2023-12-20T18:02:28.527+0600] {processor.py:830} INFO - Processing file /home/robin/Documents/Tanjim/Miscellaneous Projects/airflow_docker/airflow_in_python_env/env/lib/python3.10/site-packages/airflow/example_dags/example_trigger_controller_dag.py for tasks to queue
[2023-12-20T18:02:28.528+0600] {logging_mixin.py:188} INFO - [2023-12-20T18:02:28.528+0600] {dagbag.py:538} INFO - Filling up the DagBag from /home/robin/Documents/Tanjim/Miscellaneous Projects/airflow_docker/airflow_in_python_env/env/lib/python3.10/site-packages/airflow/example_dags/example_trigger_controller_dag.py
[2023-12-20T18:02:28.535+0600] {processor.py:840} INFO - DAG(s) 'example_trigger_controller_dag' retrieved from /home/robin/Documents/Tanjim/Miscellaneous Projects/airflow_docker/airflow_in_python_env/env/lib/python3.10/site-packages/airflow/example_dags/example_trigger_controller_dag.py
[2023-12-20T18:02:28.556+0600] {logging_mixin.py:188} INFO - [2023-12-20T18:02:28.556+0600] {dag.py:3033} INFO - Sync 1 DAGs
[2023-12-20T18:02:28.577+0600] {logging_mixin.py:188} INFO - [2023-12-20T18:02:28.577+0600] {dag.py:3820} INFO - Setting next_dagrun for example_trigger_controller_dag to 2021-01-01T00:00:00+00:00, run_after=2021-01-01T00:00:00+00:00
[2023-12-20T18:02:28.605+0600] {processor.py:183} INFO - Processing /home/robin/Documents/Tanjim/Miscellaneous Projects/airflow_docker/airflow_in_python_env/env/lib/python3.10/site-packages/airflow/example_dags/example_trigger_controller_dag.py took 0.090 seconds
[2023-12-20T18:03:05.430+0600] {processor.py:161} INFO - Started process (PID=69146) to work on /home/robin/Documents/Tanjim/Miscellaneous Projects/airflow_docker/airflow_in_python_env/env/lib/python3.10/site-packages/airflow/example_dags/example_trigger_controller_dag.py
[2023-12-20T18:03:05.438+0600] {processor.py:830} INFO - Processing file /home/robin/Documents/Tanjim/Miscellaneous Projects/airflow_docker/airflow_in_python_env/env/lib/python3.10/site-packages/airflow/example_dags/example_trigger_controller_dag.py for tasks to queue
[2023-12-20T18:03:05.439+0600] {logging_mixin.py:188} INFO - [2023-12-20T18:03:05.439+0600] {dagbag.py:538} INFO - Filling up the DagBag from /home/robin/Documents/Tanjim/Miscellaneous Projects/airflow_docker/airflow_in_python_env/env/lib/python3.10/site-packages/airflow/example_dags/example_trigger_controller_dag.py
[2023-12-20T18:03:05.446+0600] {processor.py:840} INFO - DAG(s) 'example_trigger_controller_dag' retrieved from /home/robin/Documents/Tanjim/Miscellaneous Projects/airflow_docker/airflow_in_python_env/env/lib/python3.10/site-packages/airflow/example_dags/example_trigger_controller_dag.py
[2023-12-20T18:03:05.465+0600] {logging_mixin.py:188} INFO - [2023-12-20T18:03:05.465+0600] {dag.py:3033} INFO - Sync 1 DAGs
[2023-12-20T18:03:05.490+0600] {logging_mixin.py:188} INFO - [2023-12-20T18:03:05.490+0600] {dag.py:3820} INFO - Setting next_dagrun for example_trigger_controller_dag to 2021-01-01T00:00:00+00:00, run_after=2021-01-01T00:00:00+00:00
[2023-12-20T18:03:05.515+0600] {processor.py:183} INFO - Processing /home/robin/Documents/Tanjim/Miscellaneous Projects/airflow_docker/airflow_in_python_env/env/lib/python3.10/site-packages/airflow/example_dags/example_trigger_controller_dag.py took 0.089 seconds
[2023-12-20T18:03:54.403+0600] {processor.py:161} INFO - Started process (PID=69302) to work on /home/robin/Documents/Tanjim/Miscellaneous Projects/airflow_docker/airflow_in_python_env/env/lib/python3.10/site-packages/airflow/example_dags/example_trigger_controller_dag.py
[2023-12-20T18:03:54.412+0600] {processor.py:830} INFO - Processing file /home/robin/Documents/Tanjim/Miscellaneous Projects/airflow_docker/airflow_in_python_env/env/lib/python3.10/site-packages/airflow/example_dags/example_trigger_controller_dag.py for tasks to queue
[2023-12-20T18:03:54.415+0600] {logging_mixin.py:188} INFO - [2023-12-20T18:03:54.414+0600] {dagbag.py:538} INFO - Filling up the DagBag from /home/robin/Documents/Tanjim/Miscellaneous Projects/airflow_docker/airflow_in_python_env/env/lib/python3.10/site-packages/airflow/example_dags/example_trigger_controller_dag.py
[2023-12-20T18:03:54.428+0600] {processor.py:840} INFO - DAG(s) 'example_trigger_controller_dag' retrieved from /home/robin/Documents/Tanjim/Miscellaneous Projects/airflow_docker/airflow_in_python_env/env/lib/python3.10/site-packages/airflow/example_dags/example_trigger_controller_dag.py
[2023-12-20T18:03:54.460+0600] {logging_mixin.py:188} INFO - [2023-12-20T18:03:54.460+0600] {dag.py:3033} INFO - Sync 1 DAGs
[2023-12-20T18:03:54.484+0600] {logging_mixin.py:188} INFO - [2023-12-20T18:03:54.484+0600] {dag.py:3820} INFO - Setting next_dagrun for example_trigger_controller_dag to 2021-01-01T00:00:00+00:00, run_after=2021-01-01T00:00:00+00:00
[2023-12-20T18:03:54.545+0600] {processor.py:183} INFO - Processing /home/robin/Documents/Tanjim/Miscellaneous Projects/airflow_docker/airflow_in_python_env/env/lib/python3.10/site-packages/airflow/example_dags/example_trigger_controller_dag.py took 0.151 seconds
[2023-12-20T18:04:41.639+0600] {processor.py:161} INFO - Started process (PID=69566) to work on /home/robin/Documents/Tanjim/Miscellaneous Projects/airflow_docker/airflow_in_python_env/env/lib/python3.10/site-packages/airflow/example_dags/example_trigger_controller_dag.py
[2023-12-20T18:04:41.647+0600] {processor.py:830} INFO - Processing file /home/robin/Documents/Tanjim/Miscellaneous Projects/airflow_docker/airflow_in_python_env/env/lib/python3.10/site-packages/airflow/example_dags/example_trigger_controller_dag.py for tasks to queue
[2023-12-20T18:04:41.648+0600] {logging_mixin.py:188} INFO - [2023-12-20T18:04:41.647+0600] {dagbag.py:538} INFO - Filling up the DagBag from /home/robin/Documents/Tanjim/Miscellaneous Projects/airflow_docker/airflow_in_python_env/env/lib/python3.10/site-packages/airflow/example_dags/example_trigger_controller_dag.py
[2023-12-20T18:04:41.656+0600] {processor.py:840} INFO - DAG(s) 'example_trigger_controller_dag' retrieved from /home/robin/Documents/Tanjim/Miscellaneous Projects/airflow_docker/airflow_in_python_env/env/lib/python3.10/site-packages/airflow/example_dags/example_trigger_controller_dag.py
[2023-12-20T18:04:41.674+0600] {logging_mixin.py:188} INFO - [2023-12-20T18:04:41.674+0600] {dag.py:3033} INFO - Sync 1 DAGs
[2023-12-20T18:04:41.700+0600] {logging_mixin.py:188} INFO - [2023-12-20T18:04:41.700+0600] {dag.py:3820} INFO - Setting next_dagrun for example_trigger_controller_dag to 2021-01-01T00:00:00+00:00, run_after=2021-01-01T00:00:00+00:00
[2023-12-20T18:04:41.727+0600] {processor.py:183} INFO - Processing /home/robin/Documents/Tanjim/Miscellaneous Projects/airflow_docker/airflow_in_python_env/env/lib/python3.10/site-packages/airflow/example_dags/example_trigger_controller_dag.py took 0.092 seconds
[2023-12-20T18:05:55.293+0600] {processor.py:161} INFO - Started process (PID=70146) to work on /home/robin/Documents/Tanjim/Miscellaneous Projects/airflow_docker/airflow_in_python_env/env/lib/python3.10/site-packages/airflow/example_dags/example_trigger_controller_dag.py
[2023-12-20T18:05:55.303+0600] {processor.py:830} INFO - Processing file /home/robin/Documents/Tanjim/Miscellaneous Projects/airflow_docker/airflow_in_python_env/env/lib/python3.10/site-packages/airflow/example_dags/example_trigger_controller_dag.py for tasks to queue
[2023-12-20T18:05:55.307+0600] {logging_mixin.py:188} INFO - [2023-12-20T18:05:55.306+0600] {dagbag.py:538} INFO - Filling up the DagBag from /home/robin/Documents/Tanjim/Miscellaneous Projects/airflow_docker/airflow_in_python_env/env/lib/python3.10/site-packages/airflow/example_dags/example_trigger_controller_dag.py
[2023-12-20T18:05:55.346+0600] {processor.py:840} INFO - DAG(s) 'example_trigger_controller_dag' retrieved from /home/robin/Documents/Tanjim/Miscellaneous Projects/airflow_docker/airflow_in_python_env/env/lib/python3.10/site-packages/airflow/example_dags/example_trigger_controller_dag.py
[2023-12-20T18:05:55.378+0600] {logging_mixin.py:188} INFO - [2023-12-20T18:05:55.377+0600] {dag.py:3033} INFO - Sync 1 DAGs
[2023-12-20T18:05:55.400+0600] {logging_mixin.py:188} INFO - [2023-12-20T18:05:55.400+0600] {dag.py:3820} INFO - Setting next_dagrun for example_trigger_controller_dag to 2021-01-01T00:00:00+00:00, run_after=2021-01-01T00:00:00+00:00
[2023-12-20T18:05:55.447+0600] {processor.py:183} INFO - Processing /home/robin/Documents/Tanjim/Miscellaneous Projects/airflow_docker/airflow_in_python_env/env/lib/python3.10/site-packages/airflow/example_dags/example_trigger_controller_dag.py took 0.159 seconds
[2023-12-20T18:10:13.745+0600] {processor.py:161} INFO - Started process (PID=70803) to work on /home/robin/Documents/Tanjim/Miscellaneous Projects/airflow_docker/airflow_in_python_env/env/lib/python3.10/site-packages/airflow/example_dags/example_trigger_controller_dag.py
[2023-12-20T18:10:13.753+0600] {processor.py:830} INFO - Processing file /home/robin/Documents/Tanjim/Miscellaneous Projects/airflow_docker/airflow_in_python_env/env/lib/python3.10/site-packages/airflow/example_dags/example_trigger_controller_dag.py for tasks to queue
[2023-12-20T18:10:13.754+0600] {logging_mixin.py:188} INFO - [2023-12-20T18:10:13.754+0600] {dagbag.py:538} INFO - Filling up the DagBag from /home/robin/Documents/Tanjim/Miscellaneous Projects/airflow_docker/airflow_in_python_env/env/lib/python3.10/site-packages/airflow/example_dags/example_trigger_controller_dag.py
[2023-12-20T18:10:13.763+0600] {processor.py:840} INFO - DAG(s) 'example_trigger_controller_dag' retrieved from /home/robin/Documents/Tanjim/Miscellaneous Projects/airflow_docker/airflow_in_python_env/env/lib/python3.10/site-packages/airflow/example_dags/example_trigger_controller_dag.py
[2023-12-20T18:10:13.787+0600] {logging_mixin.py:188} INFO - [2023-12-20T18:10:13.786+0600] {dag.py:3033} INFO - Sync 1 DAGs
[2023-12-20T18:10:13.811+0600] {logging_mixin.py:188} INFO - [2023-12-20T18:10:13.810+0600] {dag.py:3820} INFO - Setting next_dagrun for example_trigger_controller_dag to 2021-01-01T00:00:00+00:00, run_after=2021-01-01T00:00:00+00:00
[2023-12-20T18:10:13.861+0600] {processor.py:183} INFO - Processing /home/robin/Documents/Tanjim/Miscellaneous Projects/airflow_docker/airflow_in_python_env/env/lib/python3.10/site-packages/airflow/example_dags/example_trigger_controller_dag.py took 0.120 seconds
[2023-12-20T18:18:06.535+0600] {processor.py:161} INFO - Started process (PID=72047) to work on /home/robin/Documents/Tanjim/Miscellaneous Projects/airflow_docker/airflow_in_python_env/env/lib/python3.10/site-packages/airflow/example_dags/example_trigger_controller_dag.py
[2023-12-20T18:18:06.544+0600] {processor.py:830} INFO - Processing file /home/robin/Documents/Tanjim/Miscellaneous Projects/airflow_docker/airflow_in_python_env/env/lib/python3.10/site-packages/airflow/example_dags/example_trigger_controller_dag.py for tasks to queue
[2023-12-20T18:18:06.546+0600] {logging_mixin.py:188} INFO - [2023-12-20T18:18:06.545+0600] {dagbag.py:538} INFO - Filling up the DagBag from /home/robin/Documents/Tanjim/Miscellaneous Projects/airflow_docker/airflow_in_python_env/env/lib/python3.10/site-packages/airflow/example_dags/example_trigger_controller_dag.py
[2023-12-20T18:18:06.558+0600] {processor.py:840} INFO - DAG(s) 'example_trigger_controller_dag' retrieved from /home/robin/Documents/Tanjim/Miscellaneous Projects/airflow_docker/airflow_in_python_env/env/lib/python3.10/site-packages/airflow/example_dags/example_trigger_controller_dag.py
[2023-12-20T18:18:06.584+0600] {logging_mixin.py:188} INFO - [2023-12-20T18:18:06.583+0600] {dag.py:3033} INFO - Sync 1 DAGs
[2023-12-20T18:18:06.608+0600] {logging_mixin.py:188} INFO - [2023-12-20T18:18:06.608+0600] {dag.py:3820} INFO - Setting next_dagrun for example_trigger_controller_dag to 2021-01-01T00:00:00+00:00, run_after=2021-01-01T00:00:00+00:00
[2023-12-20T18:18:06.639+0600] {processor.py:183} INFO - Processing /home/robin/Documents/Tanjim/Miscellaneous Projects/airflow_docker/airflow_in_python_env/env/lib/python3.10/site-packages/airflow/example_dags/example_trigger_controller_dag.py took 0.110 seconds
[2023-12-20T18:19:01.210+0600] {processor.py:161} INFO - Started process (PID=72218) to work on /home/robin/Documents/Tanjim/Miscellaneous Projects/airflow_docker/airflow_in_python_env/env/lib/python3.10/site-packages/airflow/example_dags/example_trigger_controller_dag.py
[2023-12-20T18:19:01.220+0600] {processor.py:830} INFO - Processing file /home/robin/Documents/Tanjim/Miscellaneous Projects/airflow_docker/airflow_in_python_env/env/lib/python3.10/site-packages/airflow/example_dags/example_trigger_controller_dag.py for tasks to queue
[2023-12-20T18:19:01.221+0600] {logging_mixin.py:188} INFO - [2023-12-20T18:19:01.221+0600] {dagbag.py:538} INFO - Filling up the DagBag from /home/robin/Documents/Tanjim/Miscellaneous Projects/airflow_docker/airflow_in_python_env/env/lib/python3.10/site-packages/airflow/example_dags/example_trigger_controller_dag.py
[2023-12-20T18:19:01.227+0600] {processor.py:840} INFO - DAG(s) 'example_trigger_controller_dag' retrieved from /home/robin/Documents/Tanjim/Miscellaneous Projects/airflow_docker/airflow_in_python_env/env/lib/python3.10/site-packages/airflow/example_dags/example_trigger_controller_dag.py
[2023-12-20T18:19:01.247+0600] {logging_mixin.py:188} INFO - [2023-12-20T18:19:01.247+0600] {dag.py:3033} INFO - Sync 1 DAGs
[2023-12-20T18:19:01.270+0600] {logging_mixin.py:188} INFO - [2023-12-20T18:19:01.270+0600] {dag.py:3820} INFO - Setting next_dagrun for example_trigger_controller_dag to 2021-01-01T00:00:00+00:00, run_after=2021-01-01T00:00:00+00:00
[2023-12-20T18:19:01.295+0600] {processor.py:183} INFO - Processing /home/robin/Documents/Tanjim/Miscellaneous Projects/airflow_docker/airflow_in_python_env/env/lib/python3.10/site-packages/airflow/example_dags/example_trigger_controller_dag.py took 0.089 seconds
[2023-12-20T18:19:54.870+0600] {processor.py:161} INFO - Started process (PID=72356) to work on /home/robin/Documents/Tanjim/Miscellaneous Projects/airflow_docker/airflow_in_python_env/env/lib/python3.10/site-packages/airflow/example_dags/example_trigger_controller_dag.py
[2023-12-20T18:19:54.878+0600] {processor.py:830} INFO - Processing file /home/robin/Documents/Tanjim/Miscellaneous Projects/airflow_docker/airflow_in_python_env/env/lib/python3.10/site-packages/airflow/example_dags/example_trigger_controller_dag.py for tasks to queue
[2023-12-20T18:19:54.880+0600] {logging_mixin.py:188} INFO - [2023-12-20T18:19:54.879+0600] {dagbag.py:538} INFO - Filling up the DagBag from /home/robin/Documents/Tanjim/Miscellaneous Projects/airflow_docker/airflow_in_python_env/env/lib/python3.10/site-packages/airflow/example_dags/example_trigger_controller_dag.py
[2023-12-20T18:19:54.890+0600] {processor.py:840} INFO - DAG(s) 'example_trigger_controller_dag' retrieved from /home/robin/Documents/Tanjim/Miscellaneous Projects/airflow_docker/airflow_in_python_env/env/lib/python3.10/site-packages/airflow/example_dags/example_trigger_controller_dag.py
[2023-12-20T18:19:54.918+0600] {logging_mixin.py:188} INFO - [2023-12-20T18:19:54.918+0600] {dag.py:3033} INFO - Sync 1 DAGs
[2023-12-20T18:19:54.951+0600] {logging_mixin.py:188} INFO - [2023-12-20T18:19:54.951+0600] {dag.py:3820} INFO - Setting next_dagrun for example_trigger_controller_dag to 2021-01-01T00:00:00+00:00, run_after=2021-01-01T00:00:00+00:00
[2023-12-20T18:19:54.997+0600] {processor.py:183} INFO - Processing /home/robin/Documents/Tanjim/Miscellaneous Projects/airflow_docker/airflow_in_python_env/env/lib/python3.10/site-packages/airflow/example_dags/example_trigger_controller_dag.py took 0.132 seconds
[2023-12-20T18:20:43.775+0600] {processor.py:161} INFO - Started process (PID=72510) to work on /home/robin/Documents/Tanjim/Miscellaneous Projects/airflow_docker/airflow_in_python_env/env/lib/python3.10/site-packages/airflow/example_dags/example_trigger_controller_dag.py
[2023-12-20T18:20:43.783+0600] {processor.py:830} INFO - Processing file /home/robin/Documents/Tanjim/Miscellaneous Projects/airflow_docker/airflow_in_python_env/env/lib/python3.10/site-packages/airflow/example_dags/example_trigger_controller_dag.py for tasks to queue
[2023-12-20T18:20:43.784+0600] {logging_mixin.py:188} INFO - [2023-12-20T18:20:43.784+0600] {dagbag.py:538} INFO - Filling up the DagBag from /home/robin/Documents/Tanjim/Miscellaneous Projects/airflow_docker/airflow_in_python_env/env/lib/python3.10/site-packages/airflow/example_dags/example_trigger_controller_dag.py
[2023-12-20T18:20:43.791+0600] {processor.py:840} INFO - DAG(s) 'example_trigger_controller_dag' retrieved from /home/robin/Documents/Tanjim/Miscellaneous Projects/airflow_docker/airflow_in_python_env/env/lib/python3.10/site-packages/airflow/example_dags/example_trigger_controller_dag.py
[2023-12-20T18:20:43.808+0600] {logging_mixin.py:188} INFO - [2023-12-20T18:20:43.807+0600] {dag.py:3033} INFO - Sync 1 DAGs
[2023-12-20T18:20:43.829+0600] {logging_mixin.py:188} INFO - [2023-12-20T18:20:43.828+0600] {dag.py:3820} INFO - Setting next_dagrun for example_trigger_controller_dag to 2021-01-01T00:00:00+00:00, run_after=2021-01-01T00:00:00+00:00
[2023-12-20T18:20:43.854+0600] {processor.py:183} INFO - Processing /home/robin/Documents/Tanjim/Miscellaneous Projects/airflow_docker/airflow_in_python_env/env/lib/python3.10/site-packages/airflow/example_dags/example_trigger_controller_dag.py took 0.082 seconds
[2023-12-20T18:22:03.516+0600] {processor.py:161} INFO - Started process (PID=72853) to work on /home/robin/Documents/Tanjim/Miscellaneous Projects/airflow_docker/airflow_in_python_env/env/lib/python3.10/site-packages/airflow/example_dags/example_trigger_controller_dag.py
[2023-12-20T18:22:03.524+0600] {processor.py:830} INFO - Processing file /home/robin/Documents/Tanjim/Miscellaneous Projects/airflow_docker/airflow_in_python_env/env/lib/python3.10/site-packages/airflow/example_dags/example_trigger_controller_dag.py for tasks to queue
[2023-12-20T18:22:03.525+0600] {logging_mixin.py:188} INFO - [2023-12-20T18:22:03.524+0600] {dagbag.py:538} INFO - Filling up the DagBag from /home/robin/Documents/Tanjim/Miscellaneous Projects/airflow_docker/airflow_in_python_env/env/lib/python3.10/site-packages/airflow/example_dags/example_trigger_controller_dag.py
[2023-12-20T18:22:03.532+0600] {processor.py:840} INFO - DAG(s) 'example_trigger_controller_dag' retrieved from /home/robin/Documents/Tanjim/Miscellaneous Projects/airflow_docker/airflow_in_python_env/env/lib/python3.10/site-packages/airflow/example_dags/example_trigger_controller_dag.py
[2023-12-20T18:22:03.550+0600] {logging_mixin.py:188} INFO - [2023-12-20T18:22:03.550+0600] {dag.py:3033} INFO - Sync 1 DAGs
[2023-12-20T18:22:03.570+0600] {logging_mixin.py:188} INFO - [2023-12-20T18:22:03.570+0600] {dag.py:3820} INFO - Setting next_dagrun for example_trigger_controller_dag to 2021-01-01T00:00:00+00:00, run_after=2021-01-01T00:00:00+00:00
[2023-12-20T18:22:03.595+0600] {processor.py:183} INFO - Processing /home/robin/Documents/Tanjim/Miscellaneous Projects/airflow_docker/airflow_in_python_env/env/lib/python3.10/site-packages/airflow/example_dags/example_trigger_controller_dag.py took 0.083 seconds
[2023-12-20T18:26:58.183+0600] {processor.py:161} INFO - Started process (PID=74185) to work on /home/robin/Documents/Tanjim/Miscellaneous Projects/airflow_docker/airflow_in_python_env/env/lib/python3.10/site-packages/airflow/example_dags/example_trigger_controller_dag.py
[2023-12-20T18:26:58.191+0600] {processor.py:830} INFO - Processing file /home/robin/Documents/Tanjim/Miscellaneous Projects/airflow_docker/airflow_in_python_env/env/lib/python3.10/site-packages/airflow/example_dags/example_trigger_controller_dag.py for tasks to queue
[2023-12-20T18:26:58.192+0600] {logging_mixin.py:188} INFO - [2023-12-20T18:26:58.192+0600] {dagbag.py:538} INFO - Filling up the DagBag from /home/robin/Documents/Tanjim/Miscellaneous Projects/airflow_docker/airflow_in_python_env/env/lib/python3.10/site-packages/airflow/example_dags/example_trigger_controller_dag.py
[2023-12-20T18:26:58.200+0600] {processor.py:840} INFO - DAG(s) 'example_trigger_controller_dag' retrieved from /home/robin/Documents/Tanjim/Miscellaneous Projects/airflow_docker/airflow_in_python_env/env/lib/python3.10/site-packages/airflow/example_dags/example_trigger_controller_dag.py
[2023-12-20T18:26:58.219+0600] {logging_mixin.py:188} INFO - [2023-12-20T18:26:58.219+0600] {dag.py:3033} INFO - Sync 1 DAGs
[2023-12-20T18:26:58.242+0600] {logging_mixin.py:188} INFO - [2023-12-20T18:26:58.242+0600] {dag.py:3820} INFO - Setting next_dagrun for example_trigger_controller_dag to 2021-01-01T00:00:00+00:00, run_after=2021-01-01T00:00:00+00:00
[2023-12-20T18:26:58.264+0600] {processor.py:183} INFO - Processing /home/robin/Documents/Tanjim/Miscellaneous Projects/airflow_docker/airflow_in_python_env/env/lib/python3.10/site-packages/airflow/example_dags/example_trigger_controller_dag.py took 0.085 seconds
[2023-12-20T18:28:35.134+0600] {processor.py:161} INFO - Started process (PID=74745) to work on /home/robin/Documents/Tanjim/Miscellaneous Projects/airflow_docker/airflow_in_python_env/env/lib/python3.10/site-packages/airflow/example_dags/example_trigger_controller_dag.py
[2023-12-20T18:28:35.142+0600] {processor.py:830} INFO - Processing file /home/robin/Documents/Tanjim/Miscellaneous Projects/airflow_docker/airflow_in_python_env/env/lib/python3.10/site-packages/airflow/example_dags/example_trigger_controller_dag.py for tasks to queue
[2023-12-20T18:28:35.143+0600] {logging_mixin.py:188} INFO - [2023-12-20T18:28:35.143+0600] {dagbag.py:538} INFO - Filling up the DagBag from /home/robin/Documents/Tanjim/Miscellaneous Projects/airflow_docker/airflow_in_python_env/env/lib/python3.10/site-packages/airflow/example_dags/example_trigger_controller_dag.py
[2023-12-20T18:28:35.151+0600] {processor.py:840} INFO - DAG(s) 'example_trigger_controller_dag' retrieved from /home/robin/Documents/Tanjim/Miscellaneous Projects/airflow_docker/airflow_in_python_env/env/lib/python3.10/site-packages/airflow/example_dags/example_trigger_controller_dag.py
[2023-12-20T18:28:35.169+0600] {logging_mixin.py:188} INFO - [2023-12-20T18:28:35.169+0600] {dag.py:3033} INFO - Sync 1 DAGs
[2023-12-20T18:28:35.190+0600] {logging_mixin.py:188} INFO - [2023-12-20T18:28:35.190+0600] {dag.py:3820} INFO - Setting next_dagrun for example_trigger_controller_dag to 2021-01-01T00:00:00+00:00, run_after=2021-01-01T00:00:00+00:00
[2023-12-20T18:28:35.213+0600] {processor.py:183} INFO - Processing /home/robin/Documents/Tanjim/Miscellaneous Projects/airflow_docker/airflow_in_python_env/env/lib/python3.10/site-packages/airflow/example_dags/example_trigger_controller_dag.py took 0.082 seconds
[2023-12-20T18:29:53.300+0600] {processor.py:161} INFO - Started process (PID=75552) to work on /home/robin/Documents/Tanjim/Miscellaneous Projects/airflow_docker/airflow_in_python_env/env/lib/python3.10/site-packages/airflow/example_dags/example_trigger_controller_dag.py
[2023-12-20T18:29:53.309+0600] {processor.py:830} INFO - Processing file /home/robin/Documents/Tanjim/Miscellaneous Projects/airflow_docker/airflow_in_python_env/env/lib/python3.10/site-packages/airflow/example_dags/example_trigger_controller_dag.py for tasks to queue
[2023-12-20T18:29:53.311+0600] {logging_mixin.py:188} INFO - [2023-12-20T18:29:53.310+0600] {dagbag.py:538} INFO - Filling up the DagBag from /home/robin/Documents/Tanjim/Miscellaneous Projects/airflow_docker/airflow_in_python_env/env/lib/python3.10/site-packages/airflow/example_dags/example_trigger_controller_dag.py
[2023-12-20T18:29:53.319+0600] {processor.py:840} INFO - DAG(s) 'example_trigger_controller_dag' retrieved from /home/robin/Documents/Tanjim/Miscellaneous Projects/airflow_docker/airflow_in_python_env/env/lib/python3.10/site-packages/airflow/example_dags/example_trigger_controller_dag.py
[2023-12-20T18:29:53.343+0600] {logging_mixin.py:188} INFO - [2023-12-20T18:29:53.343+0600] {dag.py:3033} INFO - Sync 1 DAGs
[2023-12-20T18:29:53.368+0600] {logging_mixin.py:188} INFO - [2023-12-20T18:29:53.367+0600] {dag.py:3820} INFO - Setting next_dagrun for example_trigger_controller_dag to 2021-01-01T00:00:00+00:00, run_after=2021-01-01T00:00:00+00:00
[2023-12-20T18:29:53.394+0600] {processor.py:183} INFO - Processing /home/robin/Documents/Tanjim/Miscellaneous Projects/airflow_docker/airflow_in_python_env/env/lib/python3.10/site-packages/airflow/example_dags/example_trigger_controller_dag.py took 0.100 seconds
