[2023-12-20T17:58:27.326+0600] {processor.py:161} INFO - Started process (PID=67098) to work on /home/robin/Documents/Tanjim/Miscellaneous Projects/airflow_docker/airflow_in_python_env/env/lib/python3.10/site-packages/airflow/example_dags/example_sensors.py
[2023-12-20T17:58:27.328+0600] {processor.py:830} INFO - Processing file /home/robin/Documents/Tanjim/Miscellaneous Projects/airflow_docker/airflow_in_python_env/env/lib/python3.10/site-packages/airflow/example_dags/example_sensors.py for tasks to queue
[2023-12-20T17:58:27.329+0600] {logging_mixin.py:188} INFO - [2023-12-20T17:58:27.328+0600] {dagbag.py:538} INFO - Filling up the DagBag from /home/robin/Documents/Tanjim/Miscellaneous Projects/airflow_docker/airflow_in_python_env/env/lib/python3.10/site-packages/airflow/example_dags/example_sensors.py
[2023-12-20T17:58:27.349+0600] {processor.py:840} INFO - DAG(s) 'example_sensors' retrieved from /home/robin/Documents/Tanjim/Miscellaneous Projects/airflow_docker/airflow_in_python_env/env/lib/python3.10/site-packages/airflow/example_dags/example_sensors.py
[2023-12-20T17:58:27.487+0600] {logging_mixin.py:188} INFO - [2023-12-20T17:58:27.487+0600] {dag.py:3033} INFO - Sync 1 DAGs
[2023-12-20T17:58:27.501+0600] {logging_mixin.py:188} INFO - [2023-12-20T17:58:27.501+0600] {dag.py:3820} INFO - Setting next_dagrun for example_sensors to None, run_after=None
[2023-12-20T17:58:27.537+0600] {processor.py:183} INFO - Processing /home/robin/Documents/Tanjim/Miscellaneous Projects/airflow_docker/airflow_in_python_env/env/lib/python3.10/site-packages/airflow/example_dags/example_sensors.py took 0.216 seconds
[2023-12-20T17:59:23.674+0600] {processor.py:161} INFO - Started process (PID=67305) to work on /home/robin/Documents/Tanjim/Miscellaneous Projects/airflow_docker/airflow_in_python_env/env/lib/python3.10/site-packages/airflow/example_dags/example_sensors.py
[2023-12-20T17:59:23.682+0600] {processor.py:830} INFO - Processing file /home/robin/Documents/Tanjim/Miscellaneous Projects/airflow_docker/airflow_in_python_env/env/lib/python3.10/site-packages/airflow/example_dags/example_sensors.py for tasks to queue
[2023-12-20T17:59:23.684+0600] {logging_mixin.py:188} INFO - [2023-12-20T17:59:23.683+0600] {dagbag.py:538} INFO - Filling up the DagBag from /home/robin/Documents/Tanjim/Miscellaneous Projects/airflow_docker/airflow_in_python_env/env/lib/python3.10/site-packages/airflow/example_dags/example_sensors.py
[2023-12-20T17:59:23.700+0600] {processor.py:840} INFO - DAG(s) 'example_sensors' retrieved from /home/robin/Documents/Tanjim/Miscellaneous Projects/airflow_docker/airflow_in_python_env/env/lib/python3.10/site-packages/airflow/example_dags/example_sensors.py
[2023-12-20T17:59:23.738+0600] {logging_mixin.py:188} INFO - [2023-12-20T17:59:23.738+0600] {dag.py:3033} INFO - Sync 1 DAGs
[2023-12-20T17:59:23.754+0600] {logging_mixin.py:188} INFO - [2023-12-20T17:59:23.754+0600] {dag.py:3820} INFO - Setting next_dagrun for example_sensors to None, run_after=None
[2023-12-20T17:59:23.791+0600] {processor.py:183} INFO - Processing /home/robin/Documents/Tanjim/Miscellaneous Projects/airflow_docker/airflow_in_python_env/env/lib/python3.10/site-packages/airflow/example_dags/example_sensors.py took 0.125 seconds
[2023-12-20T18:00:17.453+0600] {processor.py:161} INFO - Started process (PID=67480) to work on /home/robin/Documents/Tanjim/Miscellaneous Projects/airflow_docker/airflow_in_python_env/env/lib/python3.10/site-packages/airflow/example_dags/example_sensors.py
[2023-12-20T18:00:17.461+0600] {processor.py:830} INFO - Processing file /home/robin/Documents/Tanjim/Miscellaneous Projects/airflow_docker/airflow_in_python_env/env/lib/python3.10/site-packages/airflow/example_dags/example_sensors.py for tasks to queue
[2023-12-20T18:00:17.464+0600] {logging_mixin.py:188} INFO - [2023-12-20T18:00:17.463+0600] {dagbag.py:538} INFO - Filling up the DagBag from /home/robin/Documents/Tanjim/Miscellaneous Projects/airflow_docker/airflow_in_python_env/env/lib/python3.10/site-packages/airflow/example_dags/example_sensors.py
[2023-12-20T18:00:17.487+0600] {processor.py:840} INFO - DAG(s) 'example_sensors' retrieved from /home/robin/Documents/Tanjim/Miscellaneous Projects/airflow_docker/airflow_in_python_env/env/lib/python3.10/site-packages/airflow/example_dags/example_sensors.py
[2023-12-20T18:00:17.523+0600] {logging_mixin.py:188} INFO - [2023-12-20T18:00:17.523+0600] {dag.py:3033} INFO - Sync 1 DAGs
[2023-12-20T18:00:17.542+0600] {logging_mixin.py:188} INFO - [2023-12-20T18:00:17.542+0600] {dag.py:3820} INFO - Setting next_dagrun for example_sensors to None, run_after=None
[2023-12-20T18:00:17.581+0600] {processor.py:183} INFO - Processing /home/robin/Documents/Tanjim/Miscellaneous Projects/airflow_docker/airflow_in_python_env/env/lib/python3.10/site-packages/airflow/example_dags/example_sensors.py took 0.133 seconds
[2023-12-20T18:01:09.502+0600] {processor.py:161} INFO - Started process (PID=67871) to work on /home/robin/Documents/Tanjim/Miscellaneous Projects/airflow_docker/airflow_in_python_env/env/lib/python3.10/site-packages/airflow/example_dags/example_sensors.py
[2023-12-20T18:01:09.527+0600] {processor.py:830} INFO - Processing file /home/robin/Documents/Tanjim/Miscellaneous Projects/airflow_docker/airflow_in_python_env/env/lib/python3.10/site-packages/airflow/example_dags/example_sensors.py for tasks to queue
[2023-12-20T18:01:09.529+0600] {logging_mixin.py:188} INFO - [2023-12-20T18:01:09.528+0600] {dagbag.py:538} INFO - Filling up the DagBag from /home/robin/Documents/Tanjim/Miscellaneous Projects/airflow_docker/airflow_in_python_env/env/lib/python3.10/site-packages/airflow/example_dags/example_sensors.py
[2023-12-20T18:01:09.550+0600] {processor.py:840} INFO - DAG(s) 'example_sensors' retrieved from /home/robin/Documents/Tanjim/Miscellaneous Projects/airflow_docker/airflow_in_python_env/env/lib/python3.10/site-packages/airflow/example_dags/example_sensors.py
[2023-12-20T18:01:09.581+0600] {logging_mixin.py:188} INFO - [2023-12-20T18:01:09.581+0600] {dag.py:3033} INFO - Sync 1 DAGs
[2023-12-20T18:01:09.600+0600] {logging_mixin.py:188} INFO - [2023-12-20T18:01:09.600+0600] {dag.py:3820} INFO - Setting next_dagrun for example_sensors to None, run_after=None
[2023-12-20T18:01:09.637+0600] {processor.py:183} INFO - Processing /home/robin/Documents/Tanjim/Miscellaneous Projects/airflow_docker/airflow_in_python_env/env/lib/python3.10/site-packages/airflow/example_dags/example_sensors.py took 0.141 seconds
[2023-12-20T18:02:35.160+0600] {processor.py:161} INFO - Started process (PID=68821) to work on /home/robin/Documents/Tanjim/Miscellaneous Projects/airflow_docker/airflow_in_python_env/env/lib/python3.10/site-packages/airflow/example_dags/example_sensors.py
[2023-12-20T18:02:35.169+0600] {processor.py:830} INFO - Processing file /home/robin/Documents/Tanjim/Miscellaneous Projects/airflow_docker/airflow_in_python_env/env/lib/python3.10/site-packages/airflow/example_dags/example_sensors.py for tasks to queue
[2023-12-20T18:02:35.170+0600] {logging_mixin.py:188} INFO - [2023-12-20T18:02:35.169+0600] {dagbag.py:538} INFO - Filling up the DagBag from /home/robin/Documents/Tanjim/Miscellaneous Projects/airflow_docker/airflow_in_python_env/env/lib/python3.10/site-packages/airflow/example_dags/example_sensors.py
[2023-12-20T18:02:35.183+0600] {processor.py:840} INFO - DAG(s) 'example_sensors' retrieved from /home/robin/Documents/Tanjim/Miscellaneous Projects/airflow_docker/airflow_in_python_env/env/lib/python3.10/site-packages/airflow/example_dags/example_sensors.py
[2023-12-20T18:02:35.208+0600] {logging_mixin.py:188} INFO - [2023-12-20T18:02:35.208+0600] {dag.py:3033} INFO - Sync 1 DAGs
[2023-12-20T18:02:35.219+0600] {logging_mixin.py:188} INFO - [2023-12-20T18:02:35.219+0600] {dag.py:3820} INFO - Setting next_dagrun for example_sensors to None, run_after=None
[2023-12-20T18:02:35.247+0600] {processor.py:183} INFO - Processing /home/robin/Documents/Tanjim/Miscellaneous Projects/airflow_docker/airflow_in_python_env/env/lib/python3.10/site-packages/airflow/example_dags/example_sensors.py took 0.092 seconds
[2023-12-20T18:03:27.531+0600] {processor.py:161} INFO - Started process (PID=69238) to work on /home/robin/Documents/Tanjim/Miscellaneous Projects/airflow_docker/airflow_in_python_env/env/lib/python3.10/site-packages/airflow/example_dags/example_sensors.py
[2023-12-20T18:03:27.540+0600] {processor.py:830} INFO - Processing file /home/robin/Documents/Tanjim/Miscellaneous Projects/airflow_docker/airflow_in_python_env/env/lib/python3.10/site-packages/airflow/example_dags/example_sensors.py for tasks to queue
[2023-12-20T18:03:27.541+0600] {logging_mixin.py:188} INFO - [2023-12-20T18:03:27.541+0600] {dagbag.py:538} INFO - Filling up the DagBag from /home/robin/Documents/Tanjim/Miscellaneous Projects/airflow_docker/airflow_in_python_env/env/lib/python3.10/site-packages/airflow/example_dags/example_sensors.py
[2023-12-20T18:03:27.557+0600] {processor.py:840} INFO - DAG(s) 'example_sensors' retrieved from /home/robin/Documents/Tanjim/Miscellaneous Projects/airflow_docker/airflow_in_python_env/env/lib/python3.10/site-packages/airflow/example_dags/example_sensors.py
[2023-12-20T18:03:27.581+0600] {logging_mixin.py:188} INFO - [2023-12-20T18:03:27.581+0600] {dag.py:3033} INFO - Sync 1 DAGs
[2023-12-20T18:03:27.595+0600] {logging_mixin.py:188} INFO - [2023-12-20T18:03:27.594+0600] {dag.py:3820} INFO - Setting next_dagrun for example_sensors to None, run_after=None
[2023-12-20T18:03:27.623+0600] {processor.py:183} INFO - Processing /home/robin/Documents/Tanjim/Miscellaneous Projects/airflow_docker/airflow_in_python_env/env/lib/python3.10/site-packages/airflow/example_dags/example_sensors.py took 0.099 seconds
[2023-12-20T18:04:18.326+0600] {processor.py:161} INFO - Started process (PID=69472) to work on /home/robin/Documents/Tanjim/Miscellaneous Projects/airflow_docker/airflow_in_python_env/env/lib/python3.10/site-packages/airflow/example_dags/example_sensors.py
[2023-12-20T18:04:18.334+0600] {processor.py:830} INFO - Processing file /home/robin/Documents/Tanjim/Miscellaneous Projects/airflow_docker/airflow_in_python_env/env/lib/python3.10/site-packages/airflow/example_dags/example_sensors.py for tasks to queue
[2023-12-20T18:04:18.335+0600] {logging_mixin.py:188} INFO - [2023-12-20T18:04:18.335+0600] {dagbag.py:538} INFO - Filling up the DagBag from /home/robin/Documents/Tanjim/Miscellaneous Projects/airflow_docker/airflow_in_python_env/env/lib/python3.10/site-packages/airflow/example_dags/example_sensors.py
[2023-12-20T18:04:18.351+0600] {processor.py:840} INFO - DAG(s) 'example_sensors' retrieved from /home/robin/Documents/Tanjim/Miscellaneous Projects/airflow_docker/airflow_in_python_env/env/lib/python3.10/site-packages/airflow/example_dags/example_sensors.py
[2023-12-20T18:04:18.376+0600] {logging_mixin.py:188} INFO - [2023-12-20T18:04:18.376+0600] {dag.py:3033} INFO - Sync 1 DAGs
[2023-12-20T18:04:18.389+0600] {logging_mixin.py:188} INFO - [2023-12-20T18:04:18.389+0600] {dag.py:3820} INFO - Setting next_dagrun for example_sensors to None, run_after=None
[2023-12-20T18:04:18.415+0600] {processor.py:183} INFO - Processing /home/robin/Documents/Tanjim/Miscellaneous Projects/airflow_docker/airflow_in_python_env/env/lib/python3.10/site-packages/airflow/example_dags/example_sensors.py took 0.096 seconds
[2023-12-20T18:18:25.943+0600] {processor.py:161} INFO - Started process (PID=72127) to work on /home/robin/Documents/Tanjim/Miscellaneous Projects/airflow_docker/airflow_in_python_env/env/lib/python3.10/site-packages/airflow/example_dags/example_sensors.py
[2023-12-20T18:18:25.953+0600] {processor.py:830} INFO - Processing file /home/robin/Documents/Tanjim/Miscellaneous Projects/airflow_docker/airflow_in_python_env/env/lib/python3.10/site-packages/airflow/example_dags/example_sensors.py for tasks to queue
[2023-12-20T18:18:25.956+0600] {logging_mixin.py:188} INFO - [2023-12-20T18:18:25.955+0600] {dagbag.py:538} INFO - Filling up the DagBag from /home/robin/Documents/Tanjim/Miscellaneous Projects/airflow_docker/airflow_in_python_env/env/lib/python3.10/site-packages/airflow/example_dags/example_sensors.py
[2023-12-20T18:18:25.980+0600] {processor.py:840} INFO - DAG(s) 'example_sensors' retrieved from /home/robin/Documents/Tanjim/Miscellaneous Projects/airflow_docker/airflow_in_python_env/env/lib/python3.10/site-packages/airflow/example_dags/example_sensors.py
[2023-12-20T18:18:26.009+0600] {logging_mixin.py:188} INFO - [2023-12-20T18:18:26.009+0600] {dag.py:3033} INFO - Sync 1 DAGs
[2023-12-20T18:18:26.022+0600] {logging_mixin.py:188} INFO - [2023-12-20T18:18:26.022+0600] {dag.py:3820} INFO - Setting next_dagrun for example_sensors to None, run_after=None
[2023-12-20T18:18:26.054+0600] {processor.py:183} INFO - Processing /home/robin/Documents/Tanjim/Miscellaneous Projects/airflow_docker/airflow_in_python_env/env/lib/python3.10/site-packages/airflow/example_dags/example_sensors.py took 0.123 seconds
[2023-12-20T18:19:20.629+0600] {processor.py:161} INFO - Started process (PID=72275) to work on /home/robin/Documents/Tanjim/Miscellaneous Projects/airflow_docker/airflow_in_python_env/env/lib/python3.10/site-packages/airflow/example_dags/example_sensors.py
[2023-12-20T18:19:20.639+0600] {processor.py:830} INFO - Processing file /home/robin/Documents/Tanjim/Miscellaneous Projects/airflow_docker/airflow_in_python_env/env/lib/python3.10/site-packages/airflow/example_dags/example_sensors.py for tasks to queue
[2023-12-20T18:19:20.640+0600] {logging_mixin.py:188} INFO - [2023-12-20T18:19:20.640+0600] {dagbag.py:538} INFO - Filling up the DagBag from /home/robin/Documents/Tanjim/Miscellaneous Projects/airflow_docker/airflow_in_python_env/env/lib/python3.10/site-packages/airflow/example_dags/example_sensors.py
[2023-12-20T18:19:20.663+0600] {processor.py:840} INFO - DAG(s) 'example_sensors' retrieved from /home/robin/Documents/Tanjim/Miscellaneous Projects/airflow_docker/airflow_in_python_env/env/lib/python3.10/site-packages/airflow/example_dags/example_sensors.py
[2023-12-20T18:19:20.708+0600] {logging_mixin.py:188} INFO - [2023-12-20T18:19:20.708+0600] {dag.py:3033} INFO - Sync 1 DAGs
[2023-12-20T18:19:20.733+0600] {logging_mixin.py:188} INFO - [2023-12-20T18:19:20.732+0600] {dag.py:3820} INFO - Setting next_dagrun for example_sensors to None, run_after=None
[2023-12-20T18:19:20.825+0600] {processor.py:183} INFO - Processing /home/robin/Documents/Tanjim/Miscellaneous Projects/airflow_docker/airflow_in_python_env/env/lib/python3.10/site-packages/airflow/example_dags/example_sensors.py took 0.204 seconds
[2023-12-20T18:20:15.293+0600] {processor.py:161} INFO - Started process (PID=72403) to work on /home/robin/Documents/Tanjim/Miscellaneous Projects/airflow_docker/airflow_in_python_env/env/lib/python3.10/site-packages/airflow/example_dags/example_sensors.py
[2023-12-20T18:20:15.302+0600] {processor.py:830} INFO - Processing file /home/robin/Documents/Tanjim/Miscellaneous Projects/airflow_docker/airflow_in_python_env/env/lib/python3.10/site-packages/airflow/example_dags/example_sensors.py for tasks to queue
[2023-12-20T18:20:15.303+0600] {logging_mixin.py:188} INFO - [2023-12-20T18:20:15.303+0600] {dagbag.py:538} INFO - Filling up the DagBag from /home/robin/Documents/Tanjim/Miscellaneous Projects/airflow_docker/airflow_in_python_env/env/lib/python3.10/site-packages/airflow/example_dags/example_sensors.py
[2023-12-20T18:20:15.318+0600] {processor.py:840} INFO - DAG(s) 'example_sensors' retrieved from /home/robin/Documents/Tanjim/Miscellaneous Projects/airflow_docker/airflow_in_python_env/env/lib/python3.10/site-packages/airflow/example_dags/example_sensors.py
[2023-12-20T18:20:15.343+0600] {logging_mixin.py:188} INFO - [2023-12-20T18:20:15.343+0600] {dag.py:3033} INFO - Sync 1 DAGs
[2023-12-20T18:20:15.359+0600] {logging_mixin.py:188} INFO - [2023-12-20T18:20:15.358+0600] {dag.py:3820} INFO - Setting next_dagrun for example_sensors to None, run_after=None
[2023-12-20T18:20:15.418+0600] {processor.py:183} INFO - Processing /home/robin/Documents/Tanjim/Miscellaneous Projects/airflow_docker/airflow_in_python_env/env/lib/python3.10/site-packages/airflow/example_dags/example_sensors.py took 0.131 seconds
[2023-12-20T18:28:56.189+0600] {processor.py:161} INFO - Started process (PID=74990) to work on /home/robin/Documents/Tanjim/Miscellaneous Projects/airflow_docker/airflow_in_python_env/env/lib/python3.10/site-packages/airflow/example_dags/example_sensors.py
[2023-12-20T18:28:56.199+0600] {processor.py:830} INFO - Processing file /home/robin/Documents/Tanjim/Miscellaneous Projects/airflow_docker/airflow_in_python_env/env/lib/python3.10/site-packages/airflow/example_dags/example_sensors.py for tasks to queue
[2023-12-20T18:28:56.205+0600] {logging_mixin.py:188} INFO - [2023-12-20T18:28:56.202+0600] {dagbag.py:538} INFO - Filling up the DagBag from /home/robin/Documents/Tanjim/Miscellaneous Projects/airflow_docker/airflow_in_python_env/env/lib/python3.10/site-packages/airflow/example_dags/example_sensors.py
[2023-12-20T18:28:56.262+0600] {processor.py:840} INFO - DAG(s) 'example_sensors' retrieved from /home/robin/Documents/Tanjim/Miscellaneous Projects/airflow_docker/airflow_in_python_env/env/lib/python3.10/site-packages/airflow/example_dags/example_sensors.py
[2023-12-20T18:28:56.296+0600] {logging_mixin.py:188} INFO - [2023-12-20T18:28:56.296+0600] {dag.py:3033} INFO - Sync 1 DAGs
[2023-12-20T18:28:56.312+0600] {logging_mixin.py:188} INFO - [2023-12-20T18:28:56.311+0600] {dag.py:3820} INFO - Setting next_dagrun for example_sensors to None, run_after=None
[2023-12-20T18:28:56.346+0600] {processor.py:183} INFO - Processing /home/robin/Documents/Tanjim/Miscellaneous Projects/airflow_docker/airflow_in_python_env/env/lib/python3.10/site-packages/airflow/example_dags/example_sensors.py took 0.161 seconds
[2023-12-20T18:30:12.636+0600] {processor.py:161} INFO - Started process (PID=75624) to work on /home/robin/Documents/Tanjim/Miscellaneous Projects/airflow_docker/airflow_in_python_env/env/lib/python3.10/site-packages/airflow/example_dags/example_sensors.py
[2023-12-20T18:30:12.646+0600] {processor.py:830} INFO - Processing file /home/robin/Documents/Tanjim/Miscellaneous Projects/airflow_docker/airflow_in_python_env/env/lib/python3.10/site-packages/airflow/example_dags/example_sensors.py for tasks to queue
[2023-12-20T18:30:12.649+0600] {logging_mixin.py:188} INFO - [2023-12-20T18:30:12.647+0600] {dagbag.py:538} INFO - Filling up the DagBag from /home/robin/Documents/Tanjim/Miscellaneous Projects/airflow_docker/airflow_in_python_env/env/lib/python3.10/site-packages/airflow/example_dags/example_sensors.py
[2023-12-20T18:30:12.679+0600] {processor.py:840} INFO - DAG(s) 'example_sensors' retrieved from /home/robin/Documents/Tanjim/Miscellaneous Projects/airflow_docker/airflow_in_python_env/env/lib/python3.10/site-packages/airflow/example_dags/example_sensors.py
[2023-12-20T18:30:12.717+0600] {logging_mixin.py:188} INFO - [2023-12-20T18:30:12.717+0600] {dag.py:3033} INFO - Sync 1 DAGs
[2023-12-20T18:30:12.731+0600] {logging_mixin.py:188} INFO - [2023-12-20T18:30:12.731+0600] {dag.py:3820} INFO - Setting next_dagrun for example_sensors to None, run_after=None
[2023-12-20T18:30:12.782+0600] {processor.py:183} INFO - Processing /home/robin/Documents/Tanjim/Miscellaneous Projects/airflow_docker/airflow_in_python_env/env/lib/python3.10/site-packages/airflow/example_dags/example_sensors.py took 0.157 seconds
