[2023-12-20T17:58:51.311+0600] {processor.py:161} INFO - Started process (PID=67173) to work on /home/robin/Documents/Tanjim/Miscellaneous Projects/airflow_docker/airflow_in_python_env/env/lib/python3.10/site-packages/airflow/example_dags/example_dag_decorator.py
[2023-12-20T17:58:51.313+0600] {processor.py:830} INFO - Processing file /home/robin/Documents/Tanjim/Miscellaneous Projects/airflow_docker/airflow_in_python_env/env/lib/python3.10/site-packages/airflow/example_dags/example_dag_decorator.py for tasks to queue
[2023-12-20T17:58:51.314+0600] {logging_mixin.py:188} INFO - [2023-12-20T17:58:51.314+0600] {dagbag.py:538} INFO - Filling up the DagBag from /home/robin/Documents/Tanjim/Miscellaneous Projects/airflow_docker/airflow_in_python_env/env/lib/python3.10/site-packages/airflow/example_dags/example_dag_decorator.py
[2023-12-20T17:58:51.495+0600] {processor.py:840} INFO - DAG(s) 'example_dag_decorator' retrieved from /home/robin/Documents/Tanjim/Miscellaneous Projects/airflow_docker/airflow_in_python_env/env/lib/python3.10/site-packages/airflow/example_dags/example_dag_decorator.py
[2023-12-20T17:58:51.666+0600] {logging_mixin.py:188} INFO - [2023-12-20T17:58:51.666+0600] {dag.py:3033} INFO - Sync 1 DAGs
[2023-12-20T17:58:51.683+0600] {logging_mixin.py:188} INFO - [2023-12-20T17:58:51.683+0600] {dag.py:3820} INFO - Setting next_dagrun for example_dag_decorator to None, run_after=None
[2023-12-20T17:58:51.745+0600] {processor.py:183} INFO - Processing /home/robin/Documents/Tanjim/Miscellaneous Projects/airflow_docker/airflow_in_python_env/env/lib/python3.10/site-packages/airflow/example_dags/example_dag_decorator.py took 0.439 seconds
[2023-12-20T17:59:45.211+0600] {processor.py:161} INFO - Started process (PID=67402) to work on /home/robin/Documents/Tanjim/Miscellaneous Projects/airflow_docker/airflow_in_python_env/env/lib/python3.10/site-packages/airflow/example_dags/example_dag_decorator.py
[2023-12-20T17:59:45.221+0600] {processor.py:830} INFO - Processing file /home/robin/Documents/Tanjim/Miscellaneous Projects/airflow_docker/airflow_in_python_env/env/lib/python3.10/site-packages/airflow/example_dags/example_dag_decorator.py for tasks to queue
[2023-12-20T17:59:45.223+0600] {logging_mixin.py:188} INFO - [2023-12-20T17:59:45.222+0600] {dagbag.py:538} INFO - Filling up the DagBag from /home/robin/Documents/Tanjim/Miscellaneous Projects/airflow_docker/airflow_in_python_env/env/lib/python3.10/site-packages/airflow/example_dags/example_dag_decorator.py
[2023-12-20T17:59:45.505+0600] {processor.py:840} INFO - DAG(s) 'example_dag_decorator' retrieved from /home/robin/Documents/Tanjim/Miscellaneous Projects/airflow_docker/airflow_in_python_env/env/lib/python3.10/site-packages/airflow/example_dags/example_dag_decorator.py
[2023-12-20T17:59:45.841+0600] {logging_mixin.py:188} INFO - [2023-12-20T17:59:45.840+0600] {dag.py:3033} INFO - Sync 1 DAGs
[2023-12-20T17:59:45.868+0600] {logging_mixin.py:188} INFO - [2023-12-20T17:59:45.868+0600] {dag.py:3820} INFO - Setting next_dagrun for example_dag_decorator to None, run_after=None
[2023-12-20T17:59:45.955+0600] {processor.py:183} INFO - Processing /home/robin/Documents/Tanjim/Miscellaneous Projects/airflow_docker/airflow_in_python_env/env/lib/python3.10/site-packages/airflow/example_dags/example_dag_decorator.py took 0.752 seconds
[2023-12-20T18:01:02.028+0600] {processor.py:161} INFO - Started process (PID=67810) to work on /home/robin/Documents/Tanjim/Miscellaneous Projects/airflow_docker/airflow_in_python_env/env/lib/python3.10/site-packages/airflow/example_dags/example_dag_decorator.py
[2023-12-20T18:01:02.037+0600] {processor.py:830} INFO - Processing file /home/robin/Documents/Tanjim/Miscellaneous Projects/airflow_docker/airflow_in_python_env/env/lib/python3.10/site-packages/airflow/example_dags/example_dag_decorator.py for tasks to queue
[2023-12-20T18:01:02.038+0600] {logging_mixin.py:188} INFO - [2023-12-20T18:01:02.037+0600] {dagbag.py:538} INFO - Filling up the DagBag from /home/robin/Documents/Tanjim/Miscellaneous Projects/airflow_docker/airflow_in_python_env/env/lib/python3.10/site-packages/airflow/example_dags/example_dag_decorator.py
[2023-12-20T18:01:02.164+0600] {processor.py:840} INFO - DAG(s) 'example_dag_decorator' retrieved from /home/robin/Documents/Tanjim/Miscellaneous Projects/airflow_docker/airflow_in_python_env/env/lib/python3.10/site-packages/airflow/example_dags/example_dag_decorator.py
[2023-12-20T18:01:02.296+0600] {logging_mixin.py:188} INFO - [2023-12-20T18:01:02.296+0600] {dag.py:3033} INFO - Sync 1 DAGs
[2023-12-20T18:01:02.311+0600] {logging_mixin.py:188} INFO - [2023-12-20T18:01:02.310+0600] {dag.py:3820} INFO - Setting next_dagrun for example_dag_decorator to None, run_after=None
[2023-12-20T18:01:02.351+0600] {processor.py:183} INFO - Processing /home/robin/Documents/Tanjim/Miscellaneous Projects/airflow_docker/airflow_in_python_env/env/lib/python3.10/site-packages/airflow/example_dags/example_dag_decorator.py took 0.326 seconds
[2023-12-20T18:02:52.689+0600] {processor.py:161} INFO - Started process (PID=68959) to work on /home/robin/Documents/Tanjim/Miscellaneous Projects/airflow_docker/airflow_in_python_env/env/lib/python3.10/site-packages/airflow/example_dags/example_dag_decorator.py
[2023-12-20T18:02:52.698+0600] {processor.py:830} INFO - Processing file /home/robin/Documents/Tanjim/Miscellaneous Projects/airflow_docker/airflow_in_python_env/env/lib/python3.10/site-packages/airflow/example_dags/example_dag_decorator.py for tasks to queue
[2023-12-20T18:02:52.700+0600] {logging_mixin.py:188} INFO - [2023-12-20T18:02:52.699+0600] {dagbag.py:538} INFO - Filling up the DagBag from /home/robin/Documents/Tanjim/Miscellaneous Projects/airflow_docker/airflow_in_python_env/env/lib/python3.10/site-packages/airflow/example_dags/example_dag_decorator.py
[2023-12-20T18:02:52.859+0600] {processor.py:840} INFO - DAG(s) 'example_dag_decorator' retrieved from /home/robin/Documents/Tanjim/Miscellaneous Projects/airflow_docker/airflow_in_python_env/env/lib/python3.10/site-packages/airflow/example_dags/example_dag_decorator.py
[2023-12-20T18:02:52.973+0600] {logging_mixin.py:188} INFO - [2023-12-20T18:02:52.973+0600] {dag.py:3033} INFO - Sync 1 DAGs
[2023-12-20T18:02:52.983+0600] {logging_mixin.py:188} INFO - [2023-12-20T18:02:52.983+0600] {dag.py:3820} INFO - Setting next_dagrun for example_dag_decorator to None, run_after=None
[2023-12-20T18:02:53.015+0600] {processor.py:183} INFO - Processing /home/robin/Documents/Tanjim/Miscellaneous Projects/airflow_docker/airflow_in_python_env/env/lib/python3.10/site-packages/airflow/example_dags/example_dag_decorator.py took 0.335 seconds
[2023-12-20T18:04:04.628+0600] {processor.py:161} INFO - Started process (PID=69341) to work on /home/robin/Documents/Tanjim/Miscellaneous Projects/airflow_docker/airflow_in_python_env/env/lib/python3.10/site-packages/airflow/example_dags/example_dag_decorator.py
[2023-12-20T18:04:04.636+0600] {processor.py:830} INFO - Processing file /home/robin/Documents/Tanjim/Miscellaneous Projects/airflow_docker/airflow_in_python_env/env/lib/python3.10/site-packages/airflow/example_dags/example_dag_decorator.py for tasks to queue
[2023-12-20T18:04:04.638+0600] {logging_mixin.py:188} INFO - [2023-12-20T18:04:04.637+0600] {dagbag.py:538} INFO - Filling up the DagBag from /home/robin/Documents/Tanjim/Miscellaneous Projects/airflow_docker/airflow_in_python_env/env/lib/python3.10/site-packages/airflow/example_dags/example_dag_decorator.py
[2023-12-20T18:04:04.766+0600] {processor.py:840} INFO - DAG(s) 'example_dag_decorator' retrieved from /home/robin/Documents/Tanjim/Miscellaneous Projects/airflow_docker/airflow_in_python_env/env/lib/python3.10/site-packages/airflow/example_dags/example_dag_decorator.py
[2023-12-20T18:04:04.872+0600] {logging_mixin.py:188} INFO - [2023-12-20T18:04:04.872+0600] {dag.py:3033} INFO - Sync 1 DAGs
[2023-12-20T18:04:04.881+0600] {logging_mixin.py:188} INFO - [2023-12-20T18:04:04.881+0600] {dag.py:3820} INFO - Setting next_dagrun for example_dag_decorator to None, run_after=None
[2023-12-20T18:04:04.914+0600] {processor.py:183} INFO - Processing /home/robin/Documents/Tanjim/Miscellaneous Projects/airflow_docker/airflow_in_python_env/env/lib/python3.10/site-packages/airflow/example_dags/example_dag_decorator.py took 0.292 seconds
[2023-12-20T18:18:46.897+0600] {processor.py:161} INFO - Started process (PID=72188) to work on /home/robin/Documents/Tanjim/Miscellaneous Projects/airflow_docker/airflow_in_python_env/env/lib/python3.10/site-packages/airflow/example_dags/example_dag_decorator.py
[2023-12-20T18:18:46.906+0600] {processor.py:830} INFO - Processing file /home/robin/Documents/Tanjim/Miscellaneous Projects/airflow_docker/airflow_in_python_env/env/lib/python3.10/site-packages/airflow/example_dags/example_dag_decorator.py for tasks to queue
[2023-12-20T18:18:46.908+0600] {logging_mixin.py:188} INFO - [2023-12-20T18:18:46.907+0600] {dagbag.py:538} INFO - Filling up the DagBag from /home/robin/Documents/Tanjim/Miscellaneous Projects/airflow_docker/airflow_in_python_env/env/lib/python3.10/site-packages/airflow/example_dags/example_dag_decorator.py
[2023-12-20T18:18:47.029+0600] {processor.py:840} INFO - DAG(s) 'example_dag_decorator' retrieved from /home/robin/Documents/Tanjim/Miscellaneous Projects/airflow_docker/airflow_in_python_env/env/lib/python3.10/site-packages/airflow/example_dags/example_dag_decorator.py
[2023-12-20T18:18:47.148+0600] {logging_mixin.py:188} INFO - [2023-12-20T18:18:47.148+0600] {dag.py:3033} INFO - Sync 1 DAGs
[2023-12-20T18:18:47.159+0600] {logging_mixin.py:188} INFO - [2023-12-20T18:18:47.159+0600] {dag.py:3820} INFO - Setting next_dagrun for example_dag_decorator to None, run_after=None
[2023-12-20T18:18:47.195+0600] {processor.py:183} INFO - Processing /home/robin/Documents/Tanjim/Miscellaneous Projects/airflow_docker/airflow_in_python_env/env/lib/python3.10/site-packages/airflow/example_dags/example_dag_decorator.py took 0.303 seconds
[2023-12-20T18:19:43.165+0600] {processor.py:161} INFO - Started process (PID=72323) to work on /home/robin/Documents/Tanjim/Miscellaneous Projects/airflow_docker/airflow_in_python_env/env/lib/python3.10/site-packages/airflow/example_dags/example_dag_decorator.py
[2023-12-20T18:19:43.174+0600] {processor.py:830} INFO - Processing file /home/robin/Documents/Tanjim/Miscellaneous Projects/airflow_docker/airflow_in_python_env/env/lib/python3.10/site-packages/airflow/example_dags/example_dag_decorator.py for tasks to queue
[2023-12-20T18:19:43.184+0600] {logging_mixin.py:188} INFO - [2023-12-20T18:19:43.182+0600] {dagbag.py:538} INFO - Filling up the DagBag from /home/robin/Documents/Tanjim/Miscellaneous Projects/airflow_docker/airflow_in_python_env/env/lib/python3.10/site-packages/airflow/example_dags/example_dag_decorator.py
[2023-12-20T18:19:43.364+0600] {processor.py:840} INFO - DAG(s) 'example_dag_decorator' retrieved from /home/robin/Documents/Tanjim/Miscellaneous Projects/airflow_docker/airflow_in_python_env/env/lib/python3.10/site-packages/airflow/example_dags/example_dag_decorator.py
[2023-12-20T18:19:43.504+0600] {logging_mixin.py:188} INFO - [2023-12-20T18:19:43.504+0600] {dag.py:3033} INFO - Sync 1 DAGs
[2023-12-20T18:19:43.517+0600] {logging_mixin.py:188} INFO - [2023-12-20T18:19:43.517+0600] {dag.py:3820} INFO - Setting next_dagrun for example_dag_decorator to None, run_after=None
[2023-12-20T18:19:43.559+0600] {processor.py:183} INFO - Processing /home/robin/Documents/Tanjim/Miscellaneous Projects/airflow_docker/airflow_in_python_env/env/lib/python3.10/site-packages/airflow/example_dags/example_dag_decorator.py took 0.400 seconds
[2023-12-20T18:20:56.272+0600] {processor.py:161} INFO - Started process (PID=72571) to work on /home/robin/Documents/Tanjim/Miscellaneous Projects/airflow_docker/airflow_in_python_env/env/lib/python3.10/site-packages/airflow/example_dags/example_dag_decorator.py
[2023-12-20T18:20:56.280+0600] {processor.py:830} INFO - Processing file /home/robin/Documents/Tanjim/Miscellaneous Projects/airflow_docker/airflow_in_python_env/env/lib/python3.10/site-packages/airflow/example_dags/example_dag_decorator.py for tasks to queue
[2023-12-20T18:20:56.281+0600] {logging_mixin.py:188} INFO - [2023-12-20T18:20:56.281+0600] {dagbag.py:538} INFO - Filling up the DagBag from /home/robin/Documents/Tanjim/Miscellaneous Projects/airflow_docker/airflow_in_python_env/env/lib/python3.10/site-packages/airflow/example_dags/example_dag_decorator.py
[2023-12-20T18:20:56.369+0600] {processor.py:840} INFO - DAG(s) 'example_dag_decorator' retrieved from /home/robin/Documents/Tanjim/Miscellaneous Projects/airflow_docker/airflow_in_python_env/env/lib/python3.10/site-packages/airflow/example_dags/example_dag_decorator.py
[2023-12-20T18:20:56.472+0600] {logging_mixin.py:188} INFO - [2023-12-20T18:20:56.472+0600] {dag.py:3033} INFO - Sync 1 DAGs
[2023-12-20T18:20:56.481+0600] {logging_mixin.py:188} INFO - [2023-12-20T18:20:56.481+0600] {dag.py:3820} INFO - Setting next_dagrun for example_dag_decorator to None, run_after=None
[2023-12-20T18:20:56.512+0600] {processor.py:183} INFO - Processing /home/robin/Documents/Tanjim/Miscellaneous Projects/airflow_docker/airflow_in_python_env/env/lib/python3.10/site-packages/airflow/example_dags/example_dag_decorator.py took 0.244 seconds
[2023-12-20T18:29:40.019+0600] {processor.py:161} INFO - Started process (PID=75470) to work on /home/robin/Documents/Tanjim/Miscellaneous Projects/airflow_docker/airflow_in_python_env/env/lib/python3.10/site-packages/airflow/example_dags/example_dag_decorator.py
[2023-12-20T18:29:40.027+0600] {processor.py:830} INFO - Processing file /home/robin/Documents/Tanjim/Miscellaneous Projects/airflow_docker/airflow_in_python_env/env/lib/python3.10/site-packages/airflow/example_dags/example_dag_decorator.py for tasks to queue
[2023-12-20T18:29:40.028+0600] {logging_mixin.py:188} INFO - [2023-12-20T18:29:40.028+0600] {dagbag.py:538} INFO - Filling up the DagBag from /home/robin/Documents/Tanjim/Miscellaneous Projects/airflow_docker/airflow_in_python_env/env/lib/python3.10/site-packages/airflow/example_dags/example_dag_decorator.py
[2023-12-20T18:29:40.141+0600] {processor.py:840} INFO - DAG(s) 'example_dag_decorator' retrieved from /home/robin/Documents/Tanjim/Miscellaneous Projects/airflow_docker/airflow_in_python_env/env/lib/python3.10/site-packages/airflow/example_dags/example_dag_decorator.py
[2023-12-20T18:29:40.260+0600] {logging_mixin.py:188} INFO - [2023-12-20T18:29:40.260+0600] {dag.py:3033} INFO - Sync 1 DAGs
[2023-12-20T18:29:40.272+0600] {logging_mixin.py:188} INFO - [2023-12-20T18:29:40.272+0600] {dag.py:3820} INFO - Setting next_dagrun for example_dag_decorator to None, run_after=None
[2023-12-20T18:29:40.322+0600] {processor.py:183} INFO - Processing /home/robin/Documents/Tanjim/Miscellaneous Projects/airflow_docker/airflow_in_python_env/env/lib/python3.10/site-packages/airflow/example_dags/example_dag_decorator.py took 0.308 seconds
