[2023-12-20T17:58:43.406+0600] {processor.py:161} INFO - Started process (PID=67147) to work on /home/robin/Documents/Tanjim/Miscellaneous Projects/airflow_docker/airflow_in_python_env/env/lib/python3.10/site-packages/airflow/example_dags/example_params_trigger_ui.py
[2023-12-20T17:58:43.407+0600] {processor.py:830} INFO - Processing file /home/robin/Documents/Tanjim/Miscellaneous Projects/airflow_docker/airflow_in_python_env/env/lib/python3.10/site-packages/airflow/example_dags/example_params_trigger_ui.py for tasks to queue
[2023-12-20T17:58:43.409+0600] {logging_mixin.py:188} INFO - [2023-12-20T17:58:43.408+0600] {dagbag.py:538} INFO - Filling up the DagBag from /home/robin/Documents/Tanjim/Miscellaneous Projects/airflow_docker/airflow_in_python_env/env/lib/python3.10/site-packages/airflow/example_dags/example_params_trigger_ui.py
[2023-12-20T17:58:43.443+0600] {processor.py:840} INFO - DAG(s) 'example_params_trigger_ui' retrieved from /home/robin/Documents/Tanjim/Miscellaneous Projects/airflow_docker/airflow_in_python_env/env/lib/python3.10/site-packages/airflow/example_dags/example_params_trigger_ui.py
[2023-12-20T17:58:43.667+0600] {logging_mixin.py:188} INFO - [2023-12-20T17:58:43.667+0600] {dag.py:3033} INFO - Sync 1 DAGs
[2023-12-20T17:58:43.680+0600] {logging_mixin.py:188} INFO - [2023-12-20T17:58:43.679+0600] {dag.py:3820} INFO - Setting next_dagrun for example_params_trigger_ui to None, run_after=None
[2023-12-20T17:58:43.721+0600] {processor.py:183} INFO - Processing /home/robin/Documents/Tanjim/Miscellaneous Projects/airflow_docker/airflow_in_python_env/env/lib/python3.10/site-packages/airflow/example_dags/example_params_trigger_ui.py took 0.322 seconds
[2023-12-20T17:59:38.386+0600] {processor.py:161} INFO - Started process (PID=67374) to work on /home/robin/Documents/Tanjim/Miscellaneous Projects/airflow_docker/airflow_in_python_env/env/lib/python3.10/site-packages/airflow/example_dags/example_params_trigger_ui.py
[2023-12-20T17:59:38.396+0600] {processor.py:830} INFO - Processing file /home/robin/Documents/Tanjim/Miscellaneous Projects/airflow_docker/airflow_in_python_env/env/lib/python3.10/site-packages/airflow/example_dags/example_params_trigger_ui.py for tasks to queue
[2023-12-20T17:59:38.397+0600] {logging_mixin.py:188} INFO - [2023-12-20T17:59:38.396+0600] {dagbag.py:538} INFO - Filling up the DagBag from /home/robin/Documents/Tanjim/Miscellaneous Projects/airflow_docker/airflow_in_python_env/env/lib/python3.10/site-packages/airflow/example_dags/example_params_trigger_ui.py
[2023-12-20T17:59:38.434+0600] {processor.py:840} INFO - DAG(s) 'example_params_trigger_ui' retrieved from /home/robin/Documents/Tanjim/Miscellaneous Projects/airflow_docker/airflow_in_python_env/env/lib/python3.10/site-packages/airflow/example_dags/example_params_trigger_ui.py
[2023-12-20T17:59:38.533+0600] {logging_mixin.py:188} INFO - [2023-12-20T17:59:38.533+0600] {dag.py:3033} INFO - Sync 1 DAGs
[2023-12-20T17:59:38.556+0600] {logging_mixin.py:188} INFO - [2023-12-20T17:59:38.555+0600] {dag.py:3820} INFO - Setting next_dagrun for example_params_trigger_ui to None, run_after=None
[2023-12-20T17:59:38.664+0600] {processor.py:183} INFO - Processing /home/robin/Documents/Tanjim/Miscellaneous Projects/airflow_docker/airflow_in_python_env/env/lib/python3.10/site-packages/airflow/example_dags/example_params_trigger_ui.py took 0.284 seconds
[2023-12-20T18:00:32.735+0600] {processor.py:161} INFO - Started process (PID=67510) to work on /home/robin/Documents/Tanjim/Miscellaneous Projects/airflow_docker/airflow_in_python_env/env/lib/python3.10/site-packages/airflow/example_dags/example_params_trigger_ui.py
[2023-12-20T18:00:32.744+0600] {processor.py:830} INFO - Processing file /home/robin/Documents/Tanjim/Miscellaneous Projects/airflow_docker/airflow_in_python_env/env/lib/python3.10/site-packages/airflow/example_dags/example_params_trigger_ui.py for tasks to queue
[2023-12-20T18:00:32.745+0600] {logging_mixin.py:188} INFO - [2023-12-20T18:00:32.744+0600] {dagbag.py:538} INFO - Filling up the DagBag from /home/robin/Documents/Tanjim/Miscellaneous Projects/airflow_docker/airflow_in_python_env/env/lib/python3.10/site-packages/airflow/example_dags/example_params_trigger_ui.py
[2023-12-20T18:00:32.766+0600] {processor.py:840} INFO - DAG(s) 'example_params_trigger_ui' retrieved from /home/robin/Documents/Tanjim/Miscellaneous Projects/airflow_docker/airflow_in_python_env/env/lib/python3.10/site-packages/airflow/example_dags/example_params_trigger_ui.py
[2023-12-20T18:00:32.848+0600] {logging_mixin.py:188} INFO - [2023-12-20T18:00:32.848+0600] {dag.py:3033} INFO - Sync 1 DAGs
[2023-12-20T18:00:32.870+0600] {logging_mixin.py:188} INFO - [2023-12-20T18:00:32.870+0600] {dag.py:3820} INFO - Setting next_dagrun for example_params_trigger_ui to None, run_after=None
[2023-12-20T18:00:32.928+0600] {processor.py:183} INFO - Processing /home/robin/Documents/Tanjim/Miscellaneous Projects/airflow_docker/airflow_in_python_env/env/lib/python3.10/site-packages/airflow/example_dags/example_params_trigger_ui.py took 0.197 seconds
[2023-12-20T18:01:25.444+0600] {processor.py:161} INFO - Started process (PID=68057) to work on /home/robin/Documents/Tanjim/Miscellaneous Projects/airflow_docker/airflow_in_python_env/env/lib/python3.10/site-packages/airflow/example_dags/example_params_trigger_ui.py
[2023-12-20T18:01:25.453+0600] {processor.py:830} INFO - Processing file /home/robin/Documents/Tanjim/Miscellaneous Projects/airflow_docker/airflow_in_python_env/env/lib/python3.10/site-packages/airflow/example_dags/example_params_trigger_ui.py for tasks to queue
[2023-12-20T18:01:25.460+0600] {logging_mixin.py:188} INFO - [2023-12-20T18:01:25.460+0600] {dagbag.py:538} INFO - Filling up the DagBag from /home/robin/Documents/Tanjim/Miscellaneous Projects/airflow_docker/airflow_in_python_env/env/lib/python3.10/site-packages/airflow/example_dags/example_params_trigger_ui.py
[2023-12-20T18:01:25.482+0600] {processor.py:840} INFO - DAG(s) 'example_params_trigger_ui' retrieved from /home/robin/Documents/Tanjim/Miscellaneous Projects/airflow_docker/airflow_in_python_env/env/lib/python3.10/site-packages/airflow/example_dags/example_params_trigger_ui.py
[2023-12-20T18:01:25.531+0600] {logging_mixin.py:188} INFO - [2023-12-20T18:01:25.531+0600] {dag.py:3033} INFO - Sync 1 DAGs
[2023-12-20T18:01:25.545+0600] {logging_mixin.py:188} INFO - [2023-12-20T18:01:25.545+0600] {dag.py:3820} INFO - Setting next_dagrun for example_params_trigger_ui to None, run_after=None
[2023-12-20T18:01:25.581+0600] {processor.py:183} INFO - Processing /home/robin/Documents/Tanjim/Miscellaneous Projects/airflow_docker/airflow_in_python_env/env/lib/python3.10/site-packages/airflow/example_dags/example_params_trigger_ui.py took 0.144 seconds
[2023-12-20T18:02:49.475+0600] {processor.py:161} INFO - Started process (PID=68949) to work on /home/robin/Documents/Tanjim/Miscellaneous Projects/airflow_docker/airflow_in_python_env/env/lib/python3.10/site-packages/airflow/example_dags/example_params_trigger_ui.py
[2023-12-20T18:02:49.484+0600] {processor.py:830} INFO - Processing file /home/robin/Documents/Tanjim/Miscellaneous Projects/airflow_docker/airflow_in_python_env/env/lib/python3.10/site-packages/airflow/example_dags/example_params_trigger_ui.py for tasks to queue
[2023-12-20T18:02:49.486+0600] {logging_mixin.py:188} INFO - [2023-12-20T18:02:49.486+0600] {dagbag.py:538} INFO - Filling up the DagBag from /home/robin/Documents/Tanjim/Miscellaneous Projects/airflow_docker/airflow_in_python_env/env/lib/python3.10/site-packages/airflow/example_dags/example_params_trigger_ui.py
[2023-12-20T18:02:49.508+0600] {processor.py:840} INFO - DAG(s) 'example_params_trigger_ui' retrieved from /home/robin/Documents/Tanjim/Miscellaneous Projects/airflow_docker/airflow_in_python_env/env/lib/python3.10/site-packages/airflow/example_dags/example_params_trigger_ui.py
[2023-12-20T18:02:49.560+0600] {logging_mixin.py:188} INFO - [2023-12-20T18:02:49.559+0600] {dag.py:3033} INFO - Sync 1 DAGs
[2023-12-20T18:02:49.572+0600] {logging_mixin.py:188} INFO - [2023-12-20T18:02:49.572+0600] {dag.py:3820} INFO - Setting next_dagrun for example_params_trigger_ui to None, run_after=None
[2023-12-20T18:02:49.605+0600] {processor.py:183} INFO - Processing /home/robin/Documents/Tanjim/Miscellaneous Projects/airflow_docker/airflow_in_python_env/env/lib/python3.10/site-packages/airflow/example_dags/example_params_trigger_ui.py took 0.140 seconds
[2023-12-20T18:03:42.921+0600] {processor.py:161} INFO - Started process (PID=69268) to work on /home/robin/Documents/Tanjim/Miscellaneous Projects/airflow_docker/airflow_in_python_env/env/lib/python3.10/site-packages/airflow/example_dags/example_params_trigger_ui.py
[2023-12-20T18:03:42.929+0600] {processor.py:830} INFO - Processing file /home/robin/Documents/Tanjim/Miscellaneous Projects/airflow_docker/airflow_in_python_env/env/lib/python3.10/site-packages/airflow/example_dags/example_params_trigger_ui.py for tasks to queue
[2023-12-20T18:03:42.932+0600] {logging_mixin.py:188} INFO - [2023-12-20T18:03:42.931+0600] {dagbag.py:538} INFO - Filling up the DagBag from /home/robin/Documents/Tanjim/Miscellaneous Projects/airflow_docker/airflow_in_python_env/env/lib/python3.10/site-packages/airflow/example_dags/example_params_trigger_ui.py
[2023-12-20T18:03:42.966+0600] {processor.py:840} INFO - DAG(s) 'example_params_trigger_ui' retrieved from /home/robin/Documents/Tanjim/Miscellaneous Projects/airflow_docker/airflow_in_python_env/env/lib/python3.10/site-packages/airflow/example_dags/example_params_trigger_ui.py
[2023-12-20T18:03:43.025+0600] {logging_mixin.py:188} INFO - [2023-12-20T18:03:43.025+0600] {dag.py:3033} INFO - Sync 1 DAGs
[2023-12-20T18:03:43.041+0600] {logging_mixin.py:188} INFO - [2023-12-20T18:03:43.041+0600] {dag.py:3820} INFO - Setting next_dagrun for example_params_trigger_ui to None, run_after=None
[2023-12-20T18:03:43.069+0600] {processor.py:183} INFO - Processing /home/robin/Documents/Tanjim/Miscellaneous Projects/airflow_docker/airflow_in_python_env/env/lib/python3.10/site-packages/airflow/example_dags/example_params_trigger_ui.py took 0.157 seconds
[2023-12-20T18:04:53.382+0600] {processor.py:161} INFO - Started process (PID=69602) to work on /home/robin/Documents/Tanjim/Miscellaneous Projects/airflow_docker/airflow_in_python_env/env/lib/python3.10/site-packages/airflow/example_dags/example_params_trigger_ui.py
[2023-12-20T18:04:53.391+0600] {processor.py:830} INFO - Processing file /home/robin/Documents/Tanjim/Miscellaneous Projects/airflow_docker/airflow_in_python_env/env/lib/python3.10/site-packages/airflow/example_dags/example_params_trigger_ui.py for tasks to queue
[2023-12-20T18:04:53.392+0600] {logging_mixin.py:188} INFO - [2023-12-20T18:04:53.392+0600] {dagbag.py:538} INFO - Filling up the DagBag from /home/robin/Documents/Tanjim/Miscellaneous Projects/airflow_docker/airflow_in_python_env/env/lib/python3.10/site-packages/airflow/example_dags/example_params_trigger_ui.py
[2023-12-20T18:04:53.413+0600] {processor.py:840} INFO - DAG(s) 'example_params_trigger_ui' retrieved from /home/robin/Documents/Tanjim/Miscellaneous Projects/airflow_docker/airflow_in_python_env/env/lib/python3.10/site-packages/airflow/example_dags/example_params_trigger_ui.py
[2023-12-20T18:04:53.470+0600] {logging_mixin.py:188} INFO - [2023-12-20T18:04:53.470+0600] {dag.py:3033} INFO - Sync 1 DAGs
[2023-12-20T18:04:53.483+0600] {logging_mixin.py:188} INFO - [2023-12-20T18:04:53.483+0600] {dag.py:3820} INFO - Setting next_dagrun for example_params_trigger_ui to None, run_after=None
[2023-12-20T18:04:53.512+0600] {processor.py:183} INFO - Processing /home/robin/Documents/Tanjim/Miscellaneous Projects/airflow_docker/airflow_in_python_env/env/lib/python3.10/site-packages/airflow/example_dags/example_params_trigger_ui.py took 0.134 seconds
[2023-12-20T18:18:40.264+0600] {processor.py:161} INFO - Started process (PID=72158) to work on /home/robin/Documents/Tanjim/Miscellaneous Projects/airflow_docker/airflow_in_python_env/env/lib/python3.10/site-packages/airflow/example_dags/example_params_trigger_ui.py
[2023-12-20T18:18:40.265+0600] {processor.py:830} INFO - Processing file /home/robin/Documents/Tanjim/Miscellaneous Projects/airflow_docker/airflow_in_python_env/env/lib/python3.10/site-packages/airflow/example_dags/example_params_trigger_ui.py for tasks to queue
[2023-12-20T18:18:40.266+0600] {logging_mixin.py:188} INFO - [2023-12-20T18:18:40.266+0600] {dagbag.py:538} INFO - Filling up the DagBag from /home/robin/Documents/Tanjim/Miscellaneous Projects/airflow_docker/airflow_in_python_env/env/lib/python3.10/site-packages/airflow/example_dags/example_params_trigger_ui.py
[2023-12-20T18:18:40.285+0600] {processor.py:840} INFO - DAG(s) 'example_params_trigger_ui' retrieved from /home/robin/Documents/Tanjim/Miscellaneous Projects/airflow_docker/airflow_in_python_env/env/lib/python3.10/site-packages/airflow/example_dags/example_params_trigger_ui.py
[2023-12-20T18:18:40.354+0600] {logging_mixin.py:188} INFO - [2023-12-20T18:18:40.354+0600] {dag.py:3033} INFO - Sync 1 DAGs
[2023-12-20T18:18:40.372+0600] {logging_mixin.py:188} INFO - [2023-12-20T18:18:40.371+0600] {dag.py:3820} INFO - Setting next_dagrun for example_params_trigger_ui to None, run_after=None
[2023-12-20T18:18:40.409+0600] {processor.py:183} INFO - Processing /home/robin/Documents/Tanjim/Miscellaneous Projects/airflow_docker/airflow_in_python_env/env/lib/python3.10/site-packages/airflow/example_dags/example_params_trigger_ui.py took 0.149 seconds
[2023-12-20T18:19:36.534+0600] {processor.py:161} INFO - Started process (PID=72302) to work on /home/robin/Documents/Tanjim/Miscellaneous Projects/airflow_docker/airflow_in_python_env/env/lib/python3.10/site-packages/airflow/example_dags/example_params_trigger_ui.py
[2023-12-20T18:19:36.542+0600] {processor.py:830} INFO - Processing file /home/robin/Documents/Tanjim/Miscellaneous Projects/airflow_docker/airflow_in_python_env/env/lib/python3.10/site-packages/airflow/example_dags/example_params_trigger_ui.py for tasks to queue
[2023-12-20T18:19:36.544+0600] {logging_mixin.py:188} INFO - [2023-12-20T18:19:36.543+0600] {dagbag.py:538} INFO - Filling up the DagBag from /home/robin/Documents/Tanjim/Miscellaneous Projects/airflow_docker/airflow_in_python_env/env/lib/python3.10/site-packages/airflow/example_dags/example_params_trigger_ui.py
[2023-12-20T18:19:36.572+0600] {processor.py:840} INFO - DAG(s) 'example_params_trigger_ui' retrieved from /home/robin/Documents/Tanjim/Miscellaneous Projects/airflow_docker/airflow_in_python_env/env/lib/python3.10/site-packages/airflow/example_dags/example_params_trigger_ui.py
[2023-12-20T18:19:36.642+0600] {logging_mixin.py:188} INFO - [2023-12-20T18:19:36.642+0600] {dag.py:3033} INFO - Sync 1 DAGs
[2023-12-20T18:19:36.661+0600] {logging_mixin.py:188} INFO - [2023-12-20T18:19:36.661+0600] {dag.py:3820} INFO - Setting next_dagrun for example_params_trigger_ui to None, run_after=None
[2023-12-20T18:19:36.702+0600] {processor.py:183} INFO - Processing /home/robin/Documents/Tanjim/Miscellaneous Projects/airflow_docker/airflow_in_python_env/env/lib/python3.10/site-packages/airflow/example_dags/example_params_trigger_ui.py took 0.172 seconds
[2023-12-20T18:20:30.276+0600] {processor.py:161} INFO - Started process (PID=72433) to work on /home/robin/Documents/Tanjim/Miscellaneous Projects/airflow_docker/airflow_in_python_env/env/lib/python3.10/site-packages/airflow/example_dags/example_params_trigger_ui.py
[2023-12-20T18:20:30.284+0600] {processor.py:830} INFO - Processing file /home/robin/Documents/Tanjim/Miscellaneous Projects/airflow_docker/airflow_in_python_env/env/lib/python3.10/site-packages/airflow/example_dags/example_params_trigger_ui.py for tasks to queue
[2023-12-20T18:20:30.285+0600] {logging_mixin.py:188} INFO - [2023-12-20T18:20:30.285+0600] {dagbag.py:538} INFO - Filling up the DagBag from /home/robin/Documents/Tanjim/Miscellaneous Projects/airflow_docker/airflow_in_python_env/env/lib/python3.10/site-packages/airflow/example_dags/example_params_trigger_ui.py
[2023-12-20T18:20:30.305+0600] {processor.py:840} INFO - DAG(s) 'example_params_trigger_ui' retrieved from /home/robin/Documents/Tanjim/Miscellaneous Projects/airflow_docker/airflow_in_python_env/env/lib/python3.10/site-packages/airflow/example_dags/example_params_trigger_ui.py
[2023-12-20T18:20:30.359+0600] {logging_mixin.py:188} INFO - [2023-12-20T18:20:30.359+0600] {dag.py:3033} INFO - Sync 1 DAGs
[2023-12-20T18:20:30.372+0600] {logging_mixin.py:188} INFO - [2023-12-20T18:20:30.372+0600] {dag.py:3820} INFO - Setting next_dagrun for example_params_trigger_ui to None, run_after=None
[2023-12-20T18:20:30.422+0600] {processor.py:183} INFO - Processing /home/robin/Documents/Tanjim/Miscellaneous Projects/airflow_docker/airflow_in_python_env/env/lib/python3.10/site-packages/airflow/example_dags/example_params_trigger_ui.py took 0.151 seconds
[2023-12-20T18:29:33.421+0600] {processor.py:161} INFO - Started process (PID=75453) to work on /home/robin/Documents/Tanjim/Miscellaneous Projects/airflow_docker/airflow_in_python_env/env/lib/python3.10/site-packages/airflow/example_dags/example_params_trigger_ui.py
[2023-12-20T18:29:33.431+0600] {processor.py:830} INFO - Processing file /home/robin/Documents/Tanjim/Miscellaneous Projects/airflow_docker/airflow_in_python_env/env/lib/python3.10/site-packages/airflow/example_dags/example_params_trigger_ui.py for tasks to queue
[2023-12-20T18:29:33.436+0600] {logging_mixin.py:188} INFO - [2023-12-20T18:29:33.435+0600] {dagbag.py:538} INFO - Filling up the DagBag from /home/robin/Documents/Tanjim/Miscellaneous Projects/airflow_docker/airflow_in_python_env/env/lib/python3.10/site-packages/airflow/example_dags/example_params_trigger_ui.py
[2023-12-20T18:29:33.470+0600] {processor.py:840} INFO - DAG(s) 'example_params_trigger_ui' retrieved from /home/robin/Documents/Tanjim/Miscellaneous Projects/airflow_docker/airflow_in_python_env/env/lib/python3.10/site-packages/airflow/example_dags/example_params_trigger_ui.py
[2023-12-20T18:29:33.526+0600] {logging_mixin.py:188} INFO - [2023-12-20T18:29:33.526+0600] {dag.py:3033} INFO - Sync 1 DAGs
[2023-12-20T18:29:33.540+0600] {logging_mixin.py:188} INFO - [2023-12-20T18:29:33.540+0600] {dag.py:3820} INFO - Setting next_dagrun for example_params_trigger_ui to None, run_after=None
[2023-12-20T18:29:33.572+0600] {processor.py:183} INFO - Processing /home/robin/Documents/Tanjim/Miscellaneous Projects/airflow_docker/airflow_in_python_env/env/lib/python3.10/site-packages/airflow/example_dags/example_params_trigger_ui.py took 0.158 seconds
[2023-12-20T18:30:26.505+0600] {processor.py:161} INFO - Started process (PID=75689) to work on /home/robin/Documents/Tanjim/Miscellaneous Projects/airflow_docker/airflow_in_python_env/env/lib/python3.10/site-packages/airflow/example_dags/example_params_trigger_ui.py
[2023-12-20T18:30:26.514+0600] {processor.py:830} INFO - Processing file /home/robin/Documents/Tanjim/Miscellaneous Projects/airflow_docker/airflow_in_python_env/env/lib/python3.10/site-packages/airflow/example_dags/example_params_trigger_ui.py for tasks to queue
[2023-12-20T18:30:26.516+0600] {logging_mixin.py:188} INFO - [2023-12-20T18:30:26.515+0600] {dagbag.py:538} INFO - Filling up the DagBag from /home/robin/Documents/Tanjim/Miscellaneous Projects/airflow_docker/airflow_in_python_env/env/lib/python3.10/site-packages/airflow/example_dags/example_params_trigger_ui.py
[2023-12-20T18:30:26.537+0600] {processor.py:840} INFO - DAG(s) 'example_params_trigger_ui' retrieved from /home/robin/Documents/Tanjim/Miscellaneous Projects/airflow_docker/airflow_in_python_env/env/lib/python3.10/site-packages/airflow/example_dags/example_params_trigger_ui.py
[2023-12-20T18:30:26.610+0600] {logging_mixin.py:188} INFO - [2023-12-20T18:30:26.610+0600] {dag.py:3033} INFO - Sync 1 DAGs
[2023-12-20T18:30:26.626+0600] {logging_mixin.py:188} INFO - [2023-12-20T18:30:26.625+0600] {dag.py:3820} INFO - Setting next_dagrun for example_params_trigger_ui to None, run_after=None
[2023-12-20T18:30:26.661+0600] {processor.py:183} INFO - Processing /home/robin/Documents/Tanjim/Miscellaneous Projects/airflow_docker/airflow_in_python_env/env/lib/python3.10/site-packages/airflow/example_dags/example_params_trigger_ui.py took 0.159 seconds
