[2023-12-20T17:53:03.000+0600] {processor.py:161} INFO - Started process (PID=66348) to work on /home/robin/Documents/Tanjim/Miscellaneous Projects/airflow_docker/airflow_in_python_env/env/lib/python3.10/site-packages/airflow/example_dags/example_xcomargs.py
[2023-12-20T17:53:03.001+0600] {processor.py:830} INFO - Processing file /home/robin/Documents/Tanjim/Miscellaneous Projects/airflow_docker/airflow_in_python_env/env/lib/python3.10/site-packages/airflow/example_dags/example_xcomargs.py for tasks to queue
[2023-12-20T17:53:03.003+0600] {logging_mixin.py:188} INFO - [2023-12-20T17:53:03.002+0600] {dagbag.py:538} INFO - Filling up the DagBag from /home/robin/Documents/Tanjim/Miscellaneous Projects/airflow_docker/airflow_in_python_env/env/lib/python3.10/site-packages/airflow/example_dags/example_xcomargs.py
[2023-12-20T17:53:03.021+0600] {processor.py:840} INFO - DAG(s) 'example_xcom_args', 'example_xcom_args_with_operators' retrieved from /home/robin/Documents/Tanjim/Miscellaneous Projects/airflow_docker/airflow_in_python_env/env/lib/python3.10/site-packages/airflow/example_dags/example_xcomargs.py
[2023-12-20T17:53:03.172+0600] {logging_mixin.py:188} INFO - [2023-12-20T17:53:03.172+0600] {dag.py:3033} INFO - Sync 2 DAGs
[2023-12-20T17:53:03.188+0600] {logging_mixin.py:188} INFO - [2023-12-20T17:53:03.188+0600] {dag.py:3820} INFO - Setting next_dagrun for example_xcom_args to None, run_after=None
[2023-12-20T17:53:03.194+0600] {logging_mixin.py:188} INFO - [2023-12-20T17:53:03.194+0600] {dag.py:3820} INFO - Setting next_dagrun for example_xcom_args_with_operators to None, run_after=None
[2023-12-20T17:53:03.229+0600] {processor.py:183} INFO - Processing /home/robin/Documents/Tanjim/Miscellaneous Projects/airflow_docker/airflow_in_python_env/env/lib/python3.10/site-packages/airflow/example_dags/example_xcomargs.py took 0.235 seconds
[2023-12-20T17:58:16.751+0600] {processor.py:161} INFO - Started process (PID=67077) to work on /home/robin/Documents/Tanjim/Miscellaneous Projects/airflow_docker/airflow_in_python_env/env/lib/python3.10/site-packages/airflow/example_dags/example_xcomargs.py
[2023-12-20T17:58:16.760+0600] {processor.py:830} INFO - Processing file /home/robin/Documents/Tanjim/Miscellaneous Projects/airflow_docker/airflow_in_python_env/env/lib/python3.10/site-packages/airflow/example_dags/example_xcomargs.py for tasks to queue
[2023-12-20T17:58:16.761+0600] {logging_mixin.py:188} INFO - [2023-12-20T17:58:16.760+0600] {dagbag.py:538} INFO - Filling up the DagBag from /home/robin/Documents/Tanjim/Miscellaneous Projects/airflow_docker/airflow_in_python_env/env/lib/python3.10/site-packages/airflow/example_dags/example_xcomargs.py
[2023-12-20T17:58:16.772+0600] {processor.py:840} INFO - DAG(s) 'example_xcom_args_with_operators', 'example_xcom_args' retrieved from /home/robin/Documents/Tanjim/Miscellaneous Projects/airflow_docker/airflow_in_python_env/env/lib/python3.10/site-packages/airflow/example_dags/example_xcomargs.py
[2023-12-20T17:58:16.795+0600] {logging_mixin.py:188} INFO - [2023-12-20T17:58:16.795+0600] {dag.py:3033} INFO - Sync 2 DAGs
[2023-12-20T17:58:16.807+0600] {logging_mixin.py:188} INFO - [2023-12-20T17:58:16.807+0600] {dag.py:3820} INFO - Setting next_dagrun for example_xcom_args to None, run_after=None
[2023-12-20T17:58:16.810+0600] {logging_mixin.py:188} INFO - [2023-12-20T17:58:16.810+0600] {dag.py:3820} INFO - Setting next_dagrun for example_xcom_args_with_operators to None, run_after=None
[2023-12-20T17:58:16.832+0600] {processor.py:183} INFO - Processing /home/robin/Documents/Tanjim/Miscellaneous Projects/airflow_docker/airflow_in_python_env/env/lib/python3.10/site-packages/airflow/example_dags/example_xcomargs.py took 0.085 seconds
[2023-12-20T17:59:13.574+0600] {processor.py:161} INFO - Started process (PID=67276) to work on /home/robin/Documents/Tanjim/Miscellaneous Projects/airflow_docker/airflow_in_python_env/env/lib/python3.10/site-packages/airflow/example_dags/example_xcomargs.py
[2023-12-20T17:59:13.583+0600] {processor.py:830} INFO - Processing file /home/robin/Documents/Tanjim/Miscellaneous Projects/airflow_docker/airflow_in_python_env/env/lib/python3.10/site-packages/airflow/example_dags/example_xcomargs.py for tasks to queue
[2023-12-20T17:59:13.584+0600] {logging_mixin.py:188} INFO - [2023-12-20T17:59:13.583+0600] {dagbag.py:538} INFO - Filling up the DagBag from /home/robin/Documents/Tanjim/Miscellaneous Projects/airflow_docker/airflow_in_python_env/env/lib/python3.10/site-packages/airflow/example_dags/example_xcomargs.py
[2023-12-20T17:59:13.597+0600] {processor.py:840} INFO - DAG(s) 'example_xcom_args', 'example_xcom_args_with_operators' retrieved from /home/robin/Documents/Tanjim/Miscellaneous Projects/airflow_docker/airflow_in_python_env/env/lib/python3.10/site-packages/airflow/example_dags/example_xcomargs.py
[2023-12-20T17:59:13.617+0600] {logging_mixin.py:188} INFO - [2023-12-20T17:59:13.617+0600] {dag.py:3033} INFO - Sync 2 DAGs
[2023-12-20T17:59:13.631+0600] {logging_mixin.py:188} INFO - [2023-12-20T17:59:13.631+0600] {dag.py:3820} INFO - Setting next_dagrun for example_xcom_args to None, run_after=None
[2023-12-20T17:59:13.634+0600] {logging_mixin.py:188} INFO - [2023-12-20T17:59:13.634+0600] {dag.py:3820} INFO - Setting next_dagrun for example_xcom_args_with_operators to None, run_after=None
[2023-12-20T17:59:13.668+0600] {processor.py:183} INFO - Processing /home/robin/Documents/Tanjim/Miscellaneous Projects/airflow_docker/airflow_in_python_env/env/lib/python3.10/site-packages/airflow/example_dags/example_xcomargs.py took 0.099 seconds
[2023-12-20T18:00:03.518+0600] {processor.py:161} INFO - Started process (PID=67453) to work on /home/robin/Documents/Tanjim/Miscellaneous Projects/airflow_docker/airflow_in_python_env/env/lib/python3.10/site-packages/airflow/example_dags/example_xcomargs.py
[2023-12-20T18:00:03.526+0600] {processor.py:830} INFO - Processing file /home/robin/Documents/Tanjim/Miscellaneous Projects/airflow_docker/airflow_in_python_env/env/lib/python3.10/site-packages/airflow/example_dags/example_xcomargs.py for tasks to queue
[2023-12-20T18:00:03.528+0600] {logging_mixin.py:188} INFO - [2023-12-20T18:00:03.527+0600] {dagbag.py:538} INFO - Filling up the DagBag from /home/robin/Documents/Tanjim/Miscellaneous Projects/airflow_docker/airflow_in_python_env/env/lib/python3.10/site-packages/airflow/example_dags/example_xcomargs.py
[2023-12-20T18:00:03.549+0600] {processor.py:840} INFO - DAG(s) 'example_xcom_args', 'example_xcom_args_with_operators' retrieved from /home/robin/Documents/Tanjim/Miscellaneous Projects/airflow_docker/airflow_in_python_env/env/lib/python3.10/site-packages/airflow/example_dags/example_xcomargs.py
[2023-12-20T18:00:03.597+0600] {logging_mixin.py:188} INFO - [2023-12-20T18:00:03.596+0600] {dag.py:3033} INFO - Sync 2 DAGs
[2023-12-20T18:00:03.619+0600] {logging_mixin.py:188} INFO - [2023-12-20T18:00:03.619+0600] {dag.py:3820} INFO - Setting next_dagrun for example_xcom_args to None, run_after=None
[2023-12-20T18:00:03.627+0600] {logging_mixin.py:188} INFO - [2023-12-20T18:00:03.626+0600] {dag.py:3820} INFO - Setting next_dagrun for example_xcom_args_with_operators to None, run_after=None
[2023-12-20T18:00:03.682+0600] {processor.py:183} INFO - Processing /home/robin/Documents/Tanjim/Miscellaneous Projects/airflow_docker/airflow_in_python_env/env/lib/python3.10/site-packages/airflow/example_dags/example_xcomargs.py took 0.170 seconds
[2023-12-20T18:00:54.813+0600] {processor.py:161} INFO - Started process (PID=67703) to work on /home/robin/Documents/Tanjim/Miscellaneous Projects/airflow_docker/airflow_in_python_env/env/lib/python3.10/site-packages/airflow/example_dags/example_xcomargs.py
[2023-12-20T18:00:54.815+0600] {processor.py:830} INFO - Processing file /home/robin/Documents/Tanjim/Miscellaneous Projects/airflow_docker/airflow_in_python_env/env/lib/python3.10/site-packages/airflow/example_dags/example_xcomargs.py for tasks to queue
[2023-12-20T18:00:54.816+0600] {logging_mixin.py:188} INFO - [2023-12-20T18:00:54.816+0600] {dagbag.py:538} INFO - Filling up the DagBag from /home/robin/Documents/Tanjim/Miscellaneous Projects/airflow_docker/airflow_in_python_env/env/lib/python3.10/site-packages/airflow/example_dags/example_xcomargs.py
[2023-12-20T18:00:54.878+0600] {processor.py:840} INFO - DAG(s) 'example_xcom_args', 'example_xcom_args_with_operators' retrieved from /home/robin/Documents/Tanjim/Miscellaneous Projects/airflow_docker/airflow_in_python_env/env/lib/python3.10/site-packages/airflow/example_dags/example_xcomargs.py
[2023-12-20T18:00:55.002+0600] {logging_mixin.py:188} INFO - [2023-12-20T18:00:55.001+0600] {dag.py:3033} INFO - Sync 2 DAGs
[2023-12-20T18:00:55.107+0600] {logging_mixin.py:188} INFO - [2023-12-20T18:00:55.106+0600] {dag.py:3820} INFO - Setting next_dagrun for example_xcom_args to None, run_after=None
[2023-12-20T18:00:55.113+0600] {logging_mixin.py:188} INFO - [2023-12-20T18:00:55.113+0600] {dag.py:3820} INFO - Setting next_dagrun for example_xcom_args_with_operators to None, run_after=None
[2023-12-20T18:00:55.219+0600] {processor.py:183} INFO - Processing /home/robin/Documents/Tanjim/Miscellaneous Projects/airflow_docker/airflow_in_python_env/env/lib/python3.10/site-packages/airflow/example_dags/example_xcomargs.py took 0.411 seconds
[2023-12-20T18:02:10.671+0600] {processor.py:161} INFO - Started process (PID=68565) to work on /home/robin/Documents/Tanjim/Miscellaneous Projects/airflow_docker/airflow_in_python_env/env/lib/python3.10/site-packages/airflow/example_dags/example_xcomargs.py
[2023-12-20T18:02:10.680+0600] {processor.py:830} INFO - Processing file /home/robin/Documents/Tanjim/Miscellaneous Projects/airflow_docker/airflow_in_python_env/env/lib/python3.10/site-packages/airflow/example_dags/example_xcomargs.py for tasks to queue
[2023-12-20T18:02:10.683+0600] {logging_mixin.py:188} INFO - [2023-12-20T18:02:10.682+0600] {dagbag.py:538} INFO - Filling up the DagBag from /home/robin/Documents/Tanjim/Miscellaneous Projects/airflow_docker/airflow_in_python_env/env/lib/python3.10/site-packages/airflow/example_dags/example_xcomargs.py
[2023-12-20T18:02:10.713+0600] {processor.py:840} INFO - DAG(s) 'example_xcom_args_with_operators', 'example_xcom_args' retrieved from /home/robin/Documents/Tanjim/Miscellaneous Projects/airflow_docker/airflow_in_python_env/env/lib/python3.10/site-packages/airflow/example_dags/example_xcomargs.py
[2023-12-20T18:02:10.744+0600] {logging_mixin.py:188} INFO - [2023-12-20T18:02:10.743+0600] {dag.py:3033} INFO - Sync 2 DAGs
[2023-12-20T18:02:10.758+0600] {logging_mixin.py:188} INFO - [2023-12-20T18:02:10.757+0600] {dag.py:3820} INFO - Setting next_dagrun for example_xcom_args to None, run_after=None
[2023-12-20T18:02:10.762+0600] {logging_mixin.py:188} INFO - [2023-12-20T18:02:10.761+0600] {dag.py:3820} INFO - Setting next_dagrun for example_xcom_args_with_operators to None, run_after=None
[2023-12-20T18:02:10.794+0600] {processor.py:183} INFO - Processing /home/robin/Documents/Tanjim/Miscellaneous Projects/airflow_docker/airflow_in_python_env/env/lib/python3.10/site-packages/airflow/example_dags/example_xcomargs.py took 0.139 seconds
[2023-12-20T18:03:13.183+0600] {processor.py:161} INFO - Started process (PID=69209) to work on /home/robin/Documents/Tanjim/Miscellaneous Projects/airflow_docker/airflow_in_python_env/env/lib/python3.10/site-packages/airflow/example_dags/example_xcomargs.py
[2023-12-20T18:03:13.191+0600] {processor.py:830} INFO - Processing file /home/robin/Documents/Tanjim/Miscellaneous Projects/airflow_docker/airflow_in_python_env/env/lib/python3.10/site-packages/airflow/example_dags/example_xcomargs.py for tasks to queue
[2023-12-20T18:03:13.193+0600] {logging_mixin.py:188} INFO - [2023-12-20T18:03:13.192+0600] {dagbag.py:538} INFO - Filling up the DagBag from /home/robin/Documents/Tanjim/Miscellaneous Projects/airflow_docker/airflow_in_python_env/env/lib/python3.10/site-packages/airflow/example_dags/example_xcomargs.py
[2023-12-20T18:03:13.205+0600] {processor.py:840} INFO - DAG(s) 'example_xcom_args_with_operators', 'example_xcom_args' retrieved from /home/robin/Documents/Tanjim/Miscellaneous Projects/airflow_docker/airflow_in_python_env/env/lib/python3.10/site-packages/airflow/example_dags/example_xcomargs.py
[2023-12-20T18:03:13.231+0600] {logging_mixin.py:188} INFO - [2023-12-20T18:03:13.231+0600] {dag.py:3033} INFO - Sync 2 DAGs
[2023-12-20T18:03:13.243+0600] {logging_mixin.py:188} INFO - [2023-12-20T18:03:13.243+0600] {dag.py:3820} INFO - Setting next_dagrun for example_xcom_args to None, run_after=None
[2023-12-20T18:03:13.247+0600] {logging_mixin.py:188} INFO - [2023-12-20T18:03:13.247+0600] {dag.py:3820} INFO - Setting next_dagrun for example_xcom_args_with_operators to None, run_after=None
[2023-12-20T18:03:13.273+0600] {processor.py:183} INFO - Processing /home/robin/Documents/Tanjim/Miscellaneous Projects/airflow_docker/airflow_in_python_env/env/lib/python3.10/site-packages/airflow/example_dags/example_xcomargs.py took 0.094 seconds
[2023-12-20T18:04:01.901+0600] {processor.py:161} INFO - Started process (PID=69336) to work on /home/robin/Documents/Tanjim/Miscellaneous Projects/airflow_docker/airflow_in_python_env/env/lib/python3.10/site-packages/airflow/example_dags/example_xcomargs.py
[2023-12-20T18:04:01.910+0600] {processor.py:830} INFO - Processing file /home/robin/Documents/Tanjim/Miscellaneous Projects/airflow_docker/airflow_in_python_env/env/lib/python3.10/site-packages/airflow/example_dags/example_xcomargs.py for tasks to queue
[2023-12-20T18:04:01.915+0600] {logging_mixin.py:188} INFO - [2023-12-20T18:04:01.913+0600] {dagbag.py:538} INFO - Filling up the DagBag from /home/robin/Documents/Tanjim/Miscellaneous Projects/airflow_docker/airflow_in_python_env/env/lib/python3.10/site-packages/airflow/example_dags/example_xcomargs.py
[2023-12-20T18:04:01.938+0600] {processor.py:840} INFO - DAG(s) 'example_xcom_args_with_operators', 'example_xcom_args' retrieved from /home/robin/Documents/Tanjim/Miscellaneous Projects/airflow_docker/airflow_in_python_env/env/lib/python3.10/site-packages/airflow/example_dags/example_xcomargs.py
[2023-12-20T18:04:01.965+0600] {logging_mixin.py:188} INFO - [2023-12-20T18:04:01.964+0600] {dag.py:3033} INFO - Sync 2 DAGs
[2023-12-20T18:04:01.977+0600] {logging_mixin.py:188} INFO - [2023-12-20T18:04:01.977+0600] {dag.py:3820} INFO - Setting next_dagrun for example_xcom_args to None, run_after=None
[2023-12-20T18:04:01.980+0600] {logging_mixin.py:188} INFO - [2023-12-20T18:04:01.980+0600] {dag.py:3820} INFO - Setting next_dagrun for example_xcom_args_with_operators to None, run_after=None
[2023-12-20T18:04:02.037+0600] {processor.py:183} INFO - Processing /home/robin/Documents/Tanjim/Miscellaneous Projects/airflow_docker/airflow_in_python_env/env/lib/python3.10/site-packages/airflow/example_dags/example_xcomargs.py took 0.142 seconds
[2023-12-20T18:04:49.125+0600] {processor.py:161} INFO - Started process (PID=69594) to work on /home/robin/Documents/Tanjim/Miscellaneous Projects/airflow_docker/airflow_in_python_env/env/lib/python3.10/site-packages/airflow/example_dags/example_xcomargs.py
[2023-12-20T18:04:49.135+0600] {processor.py:830} INFO - Processing file /home/robin/Documents/Tanjim/Miscellaneous Projects/airflow_docker/airflow_in_python_env/env/lib/python3.10/site-packages/airflow/example_dags/example_xcomargs.py for tasks to queue
[2023-12-20T18:04:49.137+0600] {logging_mixin.py:188} INFO - [2023-12-20T18:04:49.136+0600] {dagbag.py:538} INFO - Filling up the DagBag from /home/robin/Documents/Tanjim/Miscellaneous Projects/airflow_docker/airflow_in_python_env/env/lib/python3.10/site-packages/airflow/example_dags/example_xcomargs.py
[2023-12-20T18:04:49.166+0600] {processor.py:840} INFO - DAG(s) 'example_xcom_args', 'example_xcom_args_with_operators' retrieved from /home/robin/Documents/Tanjim/Miscellaneous Projects/airflow_docker/airflow_in_python_env/env/lib/python3.10/site-packages/airflow/example_dags/example_xcomargs.py
[2023-12-20T18:04:49.206+0600] {logging_mixin.py:188} INFO - [2023-12-20T18:04:49.205+0600] {dag.py:3033} INFO - Sync 2 DAGs
[2023-12-20T18:04:49.219+0600] {logging_mixin.py:188} INFO - [2023-12-20T18:04:49.219+0600] {dag.py:3820} INFO - Setting next_dagrun for example_xcom_args to None, run_after=None
[2023-12-20T18:04:49.224+0600] {logging_mixin.py:188} INFO - [2023-12-20T18:04:49.224+0600] {dag.py:3820} INFO - Setting next_dagrun for example_xcom_args_with_operators to None, run_after=None
[2023-12-20T18:04:49.257+0600] {processor.py:183} INFO - Processing /home/robin/Documents/Tanjim/Miscellaneous Projects/airflow_docker/airflow_in_python_env/env/lib/python3.10/site-packages/airflow/example_dags/example_xcomargs.py took 0.141 seconds
[2023-12-20T18:06:02.230+0600] {processor.py:161} INFO - Started process (PID=70164) to work on /home/robin/Documents/Tanjim/Miscellaneous Projects/airflow_docker/airflow_in_python_env/env/lib/python3.10/site-packages/airflow/example_dags/example_xcomargs.py
[2023-12-20T18:06:02.239+0600] {processor.py:830} INFO - Processing file /home/robin/Documents/Tanjim/Miscellaneous Projects/airflow_docker/airflow_in_python_env/env/lib/python3.10/site-packages/airflow/example_dags/example_xcomargs.py for tasks to queue
[2023-12-20T18:06:02.240+0600] {logging_mixin.py:188} INFO - [2023-12-20T18:06:02.240+0600] {dagbag.py:538} INFO - Filling up the DagBag from /home/robin/Documents/Tanjim/Miscellaneous Projects/airflow_docker/airflow_in_python_env/env/lib/python3.10/site-packages/airflow/example_dags/example_xcomargs.py
[2023-12-20T18:06:02.255+0600] {processor.py:840} INFO - DAG(s) 'example_xcom_args', 'example_xcom_args_with_operators' retrieved from /home/robin/Documents/Tanjim/Miscellaneous Projects/airflow_docker/airflow_in_python_env/env/lib/python3.10/site-packages/airflow/example_dags/example_xcomargs.py
[2023-12-20T18:06:02.278+0600] {logging_mixin.py:188} INFO - [2023-12-20T18:06:02.278+0600] {dag.py:3033} INFO - Sync 2 DAGs
[2023-12-20T18:06:02.291+0600] {logging_mixin.py:188} INFO - [2023-12-20T18:06:02.291+0600] {dag.py:3820} INFO - Setting next_dagrun for example_xcom_args to None, run_after=None
[2023-12-20T18:06:02.294+0600] {logging_mixin.py:188} INFO - [2023-12-20T18:06:02.294+0600] {dag.py:3820} INFO - Setting next_dagrun for example_xcom_args_with_operators to None, run_after=None
[2023-12-20T18:06:02.323+0600] {processor.py:183} INFO - Processing /home/robin/Documents/Tanjim/Miscellaneous Projects/airflow_docker/airflow_in_python_env/env/lib/python3.10/site-packages/airflow/example_dags/example_xcomargs.py took 0.097 seconds
[2023-12-20T18:18:14.312+0600] {processor.py:161} INFO - Started process (PID=72069) to work on /home/robin/Documents/Tanjim/Miscellaneous Projects/airflow_docker/airflow_in_python_env/env/lib/python3.10/site-packages/airflow/example_dags/example_xcomargs.py
[2023-12-20T18:18:14.324+0600] {processor.py:830} INFO - Processing file /home/robin/Documents/Tanjim/Miscellaneous Projects/airflow_docker/airflow_in_python_env/env/lib/python3.10/site-packages/airflow/example_dags/example_xcomargs.py for tasks to queue
[2023-12-20T18:18:14.328+0600] {logging_mixin.py:188} INFO - [2023-12-20T18:18:14.327+0600] {dagbag.py:538} INFO - Filling up the DagBag from /home/robin/Documents/Tanjim/Miscellaneous Projects/airflow_docker/airflow_in_python_env/env/lib/python3.10/site-packages/airflow/example_dags/example_xcomargs.py
[2023-12-20T18:18:14.359+0600] {processor.py:840} INFO - DAG(s) 'example_xcom_args', 'example_xcom_args_with_operators' retrieved from /home/robin/Documents/Tanjim/Miscellaneous Projects/airflow_docker/airflow_in_python_env/env/lib/python3.10/site-packages/airflow/example_dags/example_xcomargs.py
[2023-12-20T18:18:14.384+0600] {logging_mixin.py:188} INFO - [2023-12-20T18:18:14.384+0600] {dag.py:3033} INFO - Sync 2 DAGs
[2023-12-20T18:18:14.399+0600] {logging_mixin.py:188} INFO - [2023-12-20T18:18:14.399+0600] {dag.py:3820} INFO - Setting next_dagrun for example_xcom_args to None, run_after=None
[2023-12-20T18:18:14.402+0600] {logging_mixin.py:188} INFO - [2023-12-20T18:18:14.402+0600] {dag.py:3820} INFO - Setting next_dagrun for example_xcom_args_with_operators to None, run_after=None
[2023-12-20T18:18:14.431+0600] {processor.py:183} INFO - Processing /home/robin/Documents/Tanjim/Miscellaneous Projects/airflow_docker/airflow_in_python_env/env/lib/python3.10/site-packages/airflow/example_dags/example_xcomargs.py took 0.133 seconds
[2023-12-20T18:19:09.255+0600] {processor.py:161} INFO - Started process (PID=72231) to work on /home/robin/Documents/Tanjim/Miscellaneous Projects/airflow_docker/airflow_in_python_env/env/lib/python3.10/site-packages/airflow/example_dags/example_xcomargs.py
[2023-12-20T18:19:09.263+0600] {processor.py:830} INFO - Processing file /home/robin/Documents/Tanjim/Miscellaneous Projects/airflow_docker/airflow_in_python_env/env/lib/python3.10/site-packages/airflow/example_dags/example_xcomargs.py for tasks to queue
[2023-12-20T18:19:09.265+0600] {logging_mixin.py:188} INFO - [2023-12-20T18:19:09.264+0600] {dagbag.py:538} INFO - Filling up the DagBag from /home/robin/Documents/Tanjim/Miscellaneous Projects/airflow_docker/airflow_in_python_env/env/lib/python3.10/site-packages/airflow/example_dags/example_xcomargs.py
[2023-12-20T18:19:09.280+0600] {processor.py:840} INFO - DAG(s) 'example_xcom_args_with_operators', 'example_xcom_args' retrieved from /home/robin/Documents/Tanjim/Miscellaneous Projects/airflow_docker/airflow_in_python_env/env/lib/python3.10/site-packages/airflow/example_dags/example_xcomargs.py
[2023-12-20T18:19:09.316+0600] {logging_mixin.py:188} INFO - [2023-12-20T18:19:09.316+0600] {dag.py:3033} INFO - Sync 2 DAGs
[2023-12-20T18:19:09.339+0600] {logging_mixin.py:188} INFO - [2023-12-20T18:19:09.338+0600] {dag.py:3820} INFO - Setting next_dagrun for example_xcom_args to None, run_after=None
[2023-12-20T18:19:09.345+0600] {logging_mixin.py:188} INFO - [2023-12-20T18:19:09.344+0600] {dag.py:3820} INFO - Setting next_dagrun for example_xcom_args_with_operators to None, run_after=None
[2023-12-20T18:19:09.391+0600] {processor.py:183} INFO - Processing /home/robin/Documents/Tanjim/Miscellaneous Projects/airflow_docker/airflow_in_python_env/env/lib/python3.10/site-packages/airflow/example_dags/example_xcomargs.py took 0.143 seconds
[2023-12-20T18:20:00.309+0600] {processor.py:161} INFO - Started process (PID=72373) to work on /home/robin/Documents/Tanjim/Miscellaneous Projects/airflow_docker/airflow_in_python_env/env/lib/python3.10/site-packages/airflow/example_dags/example_xcomargs.py
[2023-12-20T18:20:00.319+0600] {processor.py:830} INFO - Processing file /home/robin/Documents/Tanjim/Miscellaneous Projects/airflow_docker/airflow_in_python_env/env/lib/python3.10/site-packages/airflow/example_dags/example_xcomargs.py for tasks to queue
[2023-12-20T18:20:00.321+0600] {logging_mixin.py:188} INFO - [2023-12-20T18:20:00.320+0600] {dagbag.py:538} INFO - Filling up the DagBag from /home/robin/Documents/Tanjim/Miscellaneous Projects/airflow_docker/airflow_in_python_env/env/lib/python3.10/site-packages/airflow/example_dags/example_xcomargs.py
[2023-12-20T18:20:00.344+0600] {processor.py:840} INFO - DAG(s) 'example_xcom_args_with_operators', 'example_xcom_args' retrieved from /home/robin/Documents/Tanjim/Miscellaneous Projects/airflow_docker/airflow_in_python_env/env/lib/python3.10/site-packages/airflow/example_dags/example_xcomargs.py
[2023-12-20T18:20:00.383+0600] {logging_mixin.py:188} INFO - [2023-12-20T18:20:00.382+0600] {dag.py:3033} INFO - Sync 2 DAGs
[2023-12-20T18:20:00.408+0600] {logging_mixin.py:188} INFO - [2023-12-20T18:20:00.407+0600] {dag.py:3820} INFO - Setting next_dagrun for example_xcom_args to None, run_after=None
[2023-12-20T18:20:00.413+0600] {logging_mixin.py:188} INFO - [2023-12-20T18:20:00.412+0600] {dag.py:3820} INFO - Setting next_dagrun for example_xcom_args_with_operators to None, run_after=None
[2023-12-20T18:20:00.459+0600] {processor.py:183} INFO - Processing /home/robin/Documents/Tanjim/Miscellaneous Projects/airflow_docker/airflow_in_python_env/env/lib/python3.10/site-packages/airflow/example_dags/example_xcomargs.py took 0.162 seconds
[2023-12-20T18:20:51.108+0600] {processor.py:161} INFO - Started process (PID=72529) to work on /home/robin/Documents/Tanjim/Miscellaneous Projects/airflow_docker/airflow_in_python_env/env/lib/python3.10/site-packages/airflow/example_dags/example_xcomargs.py
[2023-12-20T18:20:51.110+0600] {processor.py:830} INFO - Processing file /home/robin/Documents/Tanjim/Miscellaneous Projects/airflow_docker/airflow_in_python_env/env/lib/python3.10/site-packages/airflow/example_dags/example_xcomargs.py for tasks to queue
[2023-12-20T18:20:51.111+0600] {logging_mixin.py:188} INFO - [2023-12-20T18:20:51.110+0600] {dagbag.py:538} INFO - Filling up the DagBag from /home/robin/Documents/Tanjim/Miscellaneous Projects/airflow_docker/airflow_in_python_env/env/lib/python3.10/site-packages/airflow/example_dags/example_xcomargs.py
[2023-12-20T18:20:51.121+0600] {processor.py:840} INFO - DAG(s) 'example_xcom_args', 'example_xcom_args_with_operators' retrieved from /home/robin/Documents/Tanjim/Miscellaneous Projects/airflow_docker/airflow_in_python_env/env/lib/python3.10/site-packages/airflow/example_dags/example_xcomargs.py
[2023-12-20T18:20:51.144+0600] {logging_mixin.py:188} INFO - [2023-12-20T18:20:51.143+0600] {dag.py:3033} INFO - Sync 2 DAGs
[2023-12-20T18:20:51.155+0600] {logging_mixin.py:188} INFO - [2023-12-20T18:20:51.155+0600] {dag.py:3820} INFO - Setting next_dagrun for example_xcom_args to None, run_after=None
[2023-12-20T18:20:51.158+0600] {logging_mixin.py:188} INFO - [2023-12-20T18:20:51.158+0600] {dag.py:3820} INFO - Setting next_dagrun for example_xcom_args_with_operators to None, run_after=None
[2023-12-20T18:20:51.185+0600] {processor.py:183} INFO - Processing /home/robin/Documents/Tanjim/Miscellaneous Projects/airflow_docker/airflow_in_python_env/env/lib/python3.10/site-packages/airflow/example_dags/example_xcomargs.py took 0.081 seconds
[2023-12-20T18:22:10.103+0600] {processor.py:161} INFO - Started process (PID=72897) to work on /home/robin/Documents/Tanjim/Miscellaneous Projects/airflow_docker/airflow_in_python_env/env/lib/python3.10/site-packages/airflow/example_dags/example_xcomargs.py
[2023-12-20T18:22:10.105+0600] {processor.py:830} INFO - Processing file /home/robin/Documents/Tanjim/Miscellaneous Projects/airflow_docker/airflow_in_python_env/env/lib/python3.10/site-packages/airflow/example_dags/example_xcomargs.py for tasks to queue
[2023-12-20T18:22:10.107+0600] {logging_mixin.py:188} INFO - [2023-12-20T18:22:10.106+0600] {dagbag.py:538} INFO - Filling up the DagBag from /home/robin/Documents/Tanjim/Miscellaneous Projects/airflow_docker/airflow_in_python_env/env/lib/python3.10/site-packages/airflow/example_dags/example_xcomargs.py
[2023-12-20T18:22:10.124+0600] {processor.py:840} INFO - DAG(s) 'example_xcom_args', 'example_xcom_args_with_operators' retrieved from /home/robin/Documents/Tanjim/Miscellaneous Projects/airflow_docker/airflow_in_python_env/env/lib/python3.10/site-packages/airflow/example_dags/example_xcomargs.py
[2023-12-20T18:22:10.160+0600] {logging_mixin.py:188} INFO - [2023-12-20T18:22:10.160+0600] {dag.py:3033} INFO - Sync 2 DAGs
[2023-12-20T18:22:10.179+0600] {logging_mixin.py:188} INFO - [2023-12-20T18:22:10.179+0600] {dag.py:3820} INFO - Setting next_dagrun for example_xcom_args to None, run_after=None
[2023-12-20T18:22:10.185+0600] {logging_mixin.py:188} INFO - [2023-12-20T18:22:10.184+0600] {dag.py:3820} INFO - Setting next_dagrun for example_xcom_args_with_operators to None, run_after=None
[2023-12-20T18:22:10.215+0600] {processor.py:183} INFO - Processing /home/robin/Documents/Tanjim/Miscellaneous Projects/airflow_docker/airflow_in_python_env/env/lib/python3.10/site-packages/airflow/example_dags/example_xcomargs.py took 0.121 seconds
[2023-12-20T18:28:44.197+0600] {processor.py:161} INFO - Started process (PID=74822) to work on /home/robin/Documents/Tanjim/Miscellaneous Projects/airflow_docker/airflow_in_python_env/env/lib/python3.10/site-packages/airflow/example_dags/example_xcomargs.py
[2023-12-20T18:28:44.200+0600] {processor.py:830} INFO - Processing file /home/robin/Documents/Tanjim/Miscellaneous Projects/airflow_docker/airflow_in_python_env/env/lib/python3.10/site-packages/airflow/example_dags/example_xcomargs.py for tasks to queue
[2023-12-20T18:28:44.201+0600] {logging_mixin.py:188} INFO - [2023-12-20T18:28:44.201+0600] {dagbag.py:538} INFO - Filling up the DagBag from /home/robin/Documents/Tanjim/Miscellaneous Projects/airflow_docker/airflow_in_python_env/env/lib/python3.10/site-packages/airflow/example_dags/example_xcomargs.py
[2023-12-20T18:28:44.223+0600] {processor.py:840} INFO - DAG(s) 'example_xcom_args', 'example_xcom_args_with_operators' retrieved from /home/robin/Documents/Tanjim/Miscellaneous Projects/airflow_docker/airflow_in_python_env/env/lib/python3.10/site-packages/airflow/example_dags/example_xcomargs.py
[2023-12-20T18:28:44.297+0600] {logging_mixin.py:188} INFO - [2023-12-20T18:28:44.297+0600] {dag.py:3033} INFO - Sync 2 DAGs
[2023-12-20T18:28:44.328+0600] {logging_mixin.py:188} INFO - [2023-12-20T18:28:44.327+0600] {dag.py:3820} INFO - Setting next_dagrun for example_xcom_args to None, run_after=None
[2023-12-20T18:28:44.338+0600] {logging_mixin.py:188} INFO - [2023-12-20T18:28:44.337+0600] {dag.py:3820} INFO - Setting next_dagrun for example_xcom_args_with_operators to None, run_after=None
[2023-12-20T18:28:44.440+0600] {processor.py:183} INFO - Processing /home/robin/Documents/Tanjim/Miscellaneous Projects/airflow_docker/airflow_in_python_env/env/lib/python3.10/site-packages/airflow/example_dags/example_xcomargs.py took 0.249 seconds
[2023-12-20T18:30:02.301+0600] {processor.py:161} INFO - Started process (PID=75602) to work on /home/robin/Documents/Tanjim/Miscellaneous Projects/airflow_docker/airflow_in_python_env/env/lib/python3.10/site-packages/airflow/example_dags/example_xcomargs.py
[2023-12-20T18:30:02.310+0600] {processor.py:830} INFO - Processing file /home/robin/Documents/Tanjim/Miscellaneous Projects/airflow_docker/airflow_in_python_env/env/lib/python3.10/site-packages/airflow/example_dags/example_xcomargs.py for tasks to queue
[2023-12-20T18:30:02.311+0600] {logging_mixin.py:188} INFO - [2023-12-20T18:30:02.310+0600] {dagbag.py:538} INFO - Filling up the DagBag from /home/robin/Documents/Tanjim/Miscellaneous Projects/airflow_docker/airflow_in_python_env/env/lib/python3.10/site-packages/airflow/example_dags/example_xcomargs.py
[2023-12-20T18:30:02.323+0600] {processor.py:840} INFO - DAG(s) 'example_xcom_args', 'example_xcom_args_with_operators' retrieved from /home/robin/Documents/Tanjim/Miscellaneous Projects/airflow_docker/airflow_in_python_env/env/lib/python3.10/site-packages/airflow/example_dags/example_xcomargs.py
[2023-12-20T18:30:02.348+0600] {logging_mixin.py:188} INFO - [2023-12-20T18:30:02.348+0600] {dag.py:3033} INFO - Sync 2 DAGs
[2023-12-20T18:30:02.361+0600] {logging_mixin.py:188} INFO - [2023-12-20T18:30:02.360+0600] {dag.py:3820} INFO - Setting next_dagrun for example_xcom_args to None, run_after=None
[2023-12-20T18:30:02.364+0600] {logging_mixin.py:188} INFO - [2023-12-20T18:30:02.364+0600] {dag.py:3820} INFO - Setting next_dagrun for example_xcom_args_with_operators to None, run_after=None
[2023-12-20T18:30:02.385+0600] {processor.py:183} INFO - Processing /home/robin/Documents/Tanjim/Miscellaneous Projects/airflow_docker/airflow_in_python_env/env/lib/python3.10/site-packages/airflow/example_dags/example_xcomargs.py took 0.090 seconds
