[2023-12-20T17:58:23.438+0600] {processor.py:161} INFO - Started process (PID=67087) to work on /home/robin/Documents/Tanjim/Miscellaneous Projects/airflow_docker/airflow_in_python_env/env/lib/python3.10/site-packages/airflow/example_dags/example_subdag_operator.py
[2023-12-20T17:58:23.439+0600] {processor.py:830} INFO - Processing file /home/robin/Documents/Tanjim/Miscellaneous Projects/airflow_docker/airflow_in_python_env/env/lib/python3.10/site-packages/airflow/example_dags/example_subdag_operator.py for tasks to queue
[2023-12-20T17:58:23.440+0600] {logging_mixin.py:188} INFO - [2023-12-20T17:58:23.439+0600] {dagbag.py:538} INFO - Filling up the DagBag from /home/robin/Documents/Tanjim/Miscellaneous Projects/airflow_docker/airflow_in_python_env/env/lib/python3.10/site-packages/airflow/example_dags/example_subdag_operator.py
[2023-12-20T17:58:23.466+0600] {processor.py:840} INFO - DAG(s) 'example_subdag_operator.section-1', 'example_subdag_operator.section-2', 'example_subdag_operator' retrieved from /home/robin/Documents/Tanjim/Miscellaneous Projects/airflow_docker/airflow_in_python_env/env/lib/python3.10/site-packages/airflow/example_dags/example_subdag_operator.py
[2023-12-20T17:58:23.570+0600] {logging_mixin.py:188} INFO - [2023-12-20T17:58:23.570+0600] {dag.py:3033} INFO - Sync 3 DAGs
[2023-12-20T17:58:23.592+0600] {logging_mixin.py:188} INFO - [2023-12-20T17:58:23.591+0600] {dag.py:3820} INFO - Setting next_dagrun for example_subdag_operator to 2022-01-01T00:00:00+00:00, run_after=2022-01-01T00:00:00+00:00
[2023-12-20T17:58:23.595+0600] {logging_mixin.py:188} INFO - [2023-12-20T17:58:23.595+0600] {dag.py:3820} INFO - Setting next_dagrun for example_subdag_operator.section-1 to None, run_after=None
[2023-12-20T17:58:23.596+0600] {logging_mixin.py:188} INFO - [2023-12-20T17:58:23.596+0600] {dag.py:3820} INFO - Setting next_dagrun for example_subdag_operator.section-2 to None, run_after=None
[2023-12-20T17:58:23.603+0600] {logging_mixin.py:188} INFO - [2023-12-20T17:58:23.603+0600] {dag.py:3033} INFO - Sync 2 DAGs
[2023-12-20T17:58:23.608+0600] {logging_mixin.py:188} INFO - [2023-12-20T17:58:23.607+0600] {dag.py:3820} INFO - Setting next_dagrun for example_subdag_operator.section-1 to None, run_after=None
[2023-12-20T17:58:23.608+0600] {logging_mixin.py:188} INFO - [2023-12-20T17:58:23.608+0600] {dag.py:3820} INFO - Setting next_dagrun for example_subdag_operator.section-2 to None, run_after=None
[2023-12-20T17:58:23.627+0600] {processor.py:183} INFO - Processing /home/robin/Documents/Tanjim/Miscellaneous Projects/airflow_docker/airflow_in_python_env/env/lib/python3.10/site-packages/airflow/example_dags/example_subdag_operator.py took 0.193 seconds
[2023-12-20T17:59:20.198+0600] {processor.py:161} INFO - Started process (PID=67293) to work on /home/robin/Documents/Tanjim/Miscellaneous Projects/airflow_docker/airflow_in_python_env/env/lib/python3.10/site-packages/airflow/example_dags/example_subdag_operator.py
[2023-12-20T17:59:20.206+0600] {processor.py:830} INFO - Processing file /home/robin/Documents/Tanjim/Miscellaneous Projects/airflow_docker/airflow_in_python_env/env/lib/python3.10/site-packages/airflow/example_dags/example_subdag_operator.py for tasks to queue
[2023-12-20T17:59:20.208+0600] {logging_mixin.py:188} INFO - [2023-12-20T17:59:20.207+0600] {dagbag.py:538} INFO - Filling up the DagBag from /home/robin/Documents/Tanjim/Miscellaneous Projects/airflow_docker/airflow_in_python_env/env/lib/python3.10/site-packages/airflow/example_dags/example_subdag_operator.py
[2023-12-20T17:59:20.235+0600] {processor.py:840} INFO - DAG(s) 'example_subdag_operator.section-1', 'example_subdag_operator.section-2', 'example_subdag_operator' retrieved from /home/robin/Documents/Tanjim/Miscellaneous Projects/airflow_docker/airflow_in_python_env/env/lib/python3.10/site-packages/airflow/example_dags/example_subdag_operator.py
[2023-12-20T17:59:20.278+0600] {logging_mixin.py:188} INFO - [2023-12-20T17:59:20.278+0600] {dag.py:3033} INFO - Sync 3 DAGs
[2023-12-20T17:59:20.317+0600] {logging_mixin.py:188} INFO - [2023-12-20T17:59:20.317+0600] {dag.py:3820} INFO - Setting next_dagrun for example_subdag_operator to 2022-01-01T00:00:00+00:00, run_after=2022-01-01T00:00:00+00:00
[2023-12-20T17:59:20.323+0600] {logging_mixin.py:188} INFO - [2023-12-20T17:59:20.322+0600] {dag.py:3820} INFO - Setting next_dagrun for example_subdag_operator.section-1 to None, run_after=None
[2023-12-20T17:59:20.324+0600] {logging_mixin.py:188} INFO - [2023-12-20T17:59:20.324+0600] {dag.py:3820} INFO - Setting next_dagrun for example_subdag_operator.section-2 to None, run_after=None
[2023-12-20T17:59:20.336+0600] {logging_mixin.py:188} INFO - [2023-12-20T17:59:20.335+0600] {dag.py:3033} INFO - Sync 2 DAGs
[2023-12-20T17:59:20.342+0600] {logging_mixin.py:188} INFO - [2023-12-20T17:59:20.342+0600] {dag.py:3820} INFO - Setting next_dagrun for example_subdag_operator.section-1 to None, run_after=None
[2023-12-20T17:59:20.343+0600] {logging_mixin.py:188} INFO - [2023-12-20T17:59:20.343+0600] {dag.py:3820} INFO - Setting next_dagrun for example_subdag_operator.section-2 to None, run_after=None
[2023-12-20T17:59:20.393+0600] {processor.py:183} INFO - Processing /home/robin/Documents/Tanjim/Miscellaneous Projects/airflow_docker/airflow_in_python_env/env/lib/python3.10/site-packages/airflow/example_dags/example_subdag_operator.py took 0.198 seconds
[2023-12-20T18:00:13.801+0600] {processor.py:161} INFO - Started process (PID=67474) to work on /home/robin/Documents/Tanjim/Miscellaneous Projects/airflow_docker/airflow_in_python_env/env/lib/python3.10/site-packages/airflow/example_dags/example_subdag_operator.py
[2023-12-20T18:00:13.810+0600] {processor.py:830} INFO - Processing file /home/robin/Documents/Tanjim/Miscellaneous Projects/airflow_docker/airflow_in_python_env/env/lib/python3.10/site-packages/airflow/example_dags/example_subdag_operator.py for tasks to queue
[2023-12-20T18:00:13.812+0600] {logging_mixin.py:188} INFO - [2023-12-20T18:00:13.811+0600] {dagbag.py:538} INFO - Filling up the DagBag from /home/robin/Documents/Tanjim/Miscellaneous Projects/airflow_docker/airflow_in_python_env/env/lib/python3.10/site-packages/airflow/example_dags/example_subdag_operator.py
[2023-12-20T18:00:13.850+0600] {processor.py:840} INFO - DAG(s) 'example_subdag_operator.section-1', 'example_subdag_operator.section-2', 'example_subdag_operator' retrieved from /home/robin/Documents/Tanjim/Miscellaneous Projects/airflow_docker/airflow_in_python_env/env/lib/python3.10/site-packages/airflow/example_dags/example_subdag_operator.py
[2023-12-20T18:00:13.880+0600] {logging_mixin.py:188} INFO - [2023-12-20T18:00:13.880+0600] {dag.py:3033} INFO - Sync 3 DAGs
[2023-12-20T18:00:13.916+0600] {logging_mixin.py:188} INFO - [2023-12-20T18:00:13.916+0600] {dag.py:3820} INFO - Setting next_dagrun for example_subdag_operator to 2022-01-01T00:00:00+00:00, run_after=2022-01-01T00:00:00+00:00
[2023-12-20T18:00:13.921+0600] {logging_mixin.py:188} INFO - [2023-12-20T18:00:13.921+0600] {dag.py:3820} INFO - Setting next_dagrun for example_subdag_operator.section-1 to None, run_after=None
[2023-12-20T18:00:13.923+0600] {logging_mixin.py:188} INFO - [2023-12-20T18:00:13.922+0600] {dag.py:3820} INFO - Setting next_dagrun for example_subdag_operator.section-2 to None, run_after=None
[2023-12-20T18:00:13.933+0600] {logging_mixin.py:188} INFO - [2023-12-20T18:00:13.932+0600] {dag.py:3033} INFO - Sync 2 DAGs
[2023-12-20T18:00:13.940+0600] {logging_mixin.py:188} INFO - [2023-12-20T18:00:13.940+0600] {dag.py:3820} INFO - Setting next_dagrun for example_subdag_operator.section-1 to None, run_after=None
[2023-12-20T18:00:13.941+0600] {logging_mixin.py:188} INFO - [2023-12-20T18:00:13.940+0600] {dag.py:3820} INFO - Setting next_dagrun for example_subdag_operator.section-2 to None, run_after=None
[2023-12-20T18:00:13.975+0600] {processor.py:183} INFO - Processing /home/robin/Documents/Tanjim/Miscellaneous Projects/airflow_docker/airflow_in_python_env/env/lib/python3.10/site-packages/airflow/example_dags/example_subdag_operator.py took 0.183 seconds
[2023-12-20T18:01:06.686+0600] {processor.py:161} INFO - Started process (PID=67840) to work on /home/robin/Documents/Tanjim/Miscellaneous Projects/airflow_docker/airflow_in_python_env/env/lib/python3.10/site-packages/airflow/example_dags/example_subdag_operator.py
[2023-12-20T18:01:06.694+0600] {processor.py:830} INFO - Processing file /home/robin/Documents/Tanjim/Miscellaneous Projects/airflow_docker/airflow_in_python_env/env/lib/python3.10/site-packages/airflow/example_dags/example_subdag_operator.py for tasks to queue
[2023-12-20T18:01:06.696+0600] {logging_mixin.py:188} INFO - [2023-12-20T18:01:06.696+0600] {dagbag.py:538} INFO - Filling up the DagBag from /home/robin/Documents/Tanjim/Miscellaneous Projects/airflow_docker/airflow_in_python_env/env/lib/python3.10/site-packages/airflow/example_dags/example_subdag_operator.py
[2023-12-20T18:01:06.726+0600] {processor.py:840} INFO - DAG(s) 'example_subdag_operator.section-1', 'example_subdag_operator.section-2', 'example_subdag_operator' retrieved from /home/robin/Documents/Tanjim/Miscellaneous Projects/airflow_docker/airflow_in_python_env/env/lib/python3.10/site-packages/airflow/example_dags/example_subdag_operator.py
[2023-12-20T18:01:06.750+0600] {logging_mixin.py:188} INFO - [2023-12-20T18:01:06.750+0600] {dag.py:3033} INFO - Sync 3 DAGs
[2023-12-20T18:01:06.779+0600] {logging_mixin.py:188} INFO - [2023-12-20T18:01:06.779+0600] {dag.py:3820} INFO - Setting next_dagrun for example_subdag_operator to 2022-01-01T00:00:00+00:00, run_after=2022-01-01T00:00:00+00:00
[2023-12-20T18:01:06.784+0600] {logging_mixin.py:188} INFO - [2023-12-20T18:01:06.784+0600] {dag.py:3820} INFO - Setting next_dagrun for example_subdag_operator.section-1 to None, run_after=None
[2023-12-20T18:01:06.786+0600] {logging_mixin.py:188} INFO - [2023-12-20T18:01:06.786+0600] {dag.py:3820} INFO - Setting next_dagrun for example_subdag_operator.section-2 to None, run_after=None
[2023-12-20T18:01:06.795+0600] {logging_mixin.py:188} INFO - [2023-12-20T18:01:06.794+0600] {dag.py:3033} INFO - Sync 2 DAGs
[2023-12-20T18:01:06.801+0600] {logging_mixin.py:188} INFO - [2023-12-20T18:01:06.801+0600] {dag.py:3820} INFO - Setting next_dagrun for example_subdag_operator.section-1 to None, run_after=None
[2023-12-20T18:01:06.801+0600] {logging_mixin.py:188} INFO - [2023-12-20T18:01:06.801+0600] {dag.py:3820} INFO - Setting next_dagrun for example_subdag_operator.section-2 to None, run_after=None
[2023-12-20T18:01:06.826+0600] {processor.py:183} INFO - Processing /home/robin/Documents/Tanjim/Miscellaneous Projects/airflow_docker/airflow_in_python_env/env/lib/python3.10/site-packages/airflow/example_dags/example_subdag_operator.py took 0.144 seconds
[2023-12-20T18:02:32.124+0600] {processor.py:161} INFO - Started process (PID=68816) to work on /home/robin/Documents/Tanjim/Miscellaneous Projects/airflow_docker/airflow_in_python_env/env/lib/python3.10/site-packages/airflow/example_dags/example_subdag_operator.py
[2023-12-20T18:02:32.132+0600] {processor.py:830} INFO - Processing file /home/robin/Documents/Tanjim/Miscellaneous Projects/airflow_docker/airflow_in_python_env/env/lib/python3.10/site-packages/airflow/example_dags/example_subdag_operator.py for tasks to queue
[2023-12-20T18:02:32.133+0600] {logging_mixin.py:188} INFO - [2023-12-20T18:02:32.133+0600] {dagbag.py:538} INFO - Filling up the DagBag from /home/robin/Documents/Tanjim/Miscellaneous Projects/airflow_docker/airflow_in_python_env/env/lib/python3.10/site-packages/airflow/example_dags/example_subdag_operator.py
[2023-12-20T18:02:32.162+0600] {processor.py:840} INFO - DAG(s) 'example_subdag_operator.section-1', 'example_subdag_operator.section-2', 'example_subdag_operator' retrieved from /home/robin/Documents/Tanjim/Miscellaneous Projects/airflow_docker/airflow_in_python_env/env/lib/python3.10/site-packages/airflow/example_dags/example_subdag_operator.py
[2023-12-20T18:02:32.180+0600] {logging_mixin.py:188} INFO - [2023-12-20T18:02:32.180+0600] {dag.py:3033} INFO - Sync 3 DAGs
[2023-12-20T18:02:32.207+0600] {logging_mixin.py:188} INFO - [2023-12-20T18:02:32.206+0600] {dag.py:3820} INFO - Setting next_dagrun for example_subdag_operator to 2022-01-01T00:00:00+00:00, run_after=2022-01-01T00:00:00+00:00
[2023-12-20T18:02:32.211+0600] {logging_mixin.py:188} INFO - [2023-12-20T18:02:32.211+0600] {dag.py:3820} INFO - Setting next_dagrun for example_subdag_operator.section-1 to None, run_after=None
[2023-12-20T18:02:32.212+0600] {logging_mixin.py:188} INFO - [2023-12-20T18:02:32.212+0600] {dag.py:3820} INFO - Setting next_dagrun for example_subdag_operator.section-2 to None, run_after=None
[2023-12-20T18:02:32.218+0600] {logging_mixin.py:188} INFO - [2023-12-20T18:02:32.218+0600] {dag.py:3033} INFO - Sync 2 DAGs
[2023-12-20T18:02:32.224+0600] {logging_mixin.py:188} INFO - [2023-12-20T18:02:32.224+0600] {dag.py:3820} INFO - Setting next_dagrun for example_subdag_operator.section-1 to None, run_after=None
[2023-12-20T18:02:32.224+0600] {logging_mixin.py:188} INFO - [2023-12-20T18:02:32.224+0600] {dag.py:3820} INFO - Setting next_dagrun for example_subdag_operator.section-2 to None, run_after=None
[2023-12-20T18:02:32.263+0600] {processor.py:183} INFO - Processing /home/robin/Documents/Tanjim/Miscellaneous Projects/airflow_docker/airflow_in_python_env/env/lib/python3.10/site-packages/airflow/example_dags/example_subdag_operator.py took 0.144 seconds
[2023-12-20T18:03:23.542+0600] {processor.py:161} INFO - Started process (PID=69231) to work on /home/robin/Documents/Tanjim/Miscellaneous Projects/airflow_docker/airflow_in_python_env/env/lib/python3.10/site-packages/airflow/example_dags/example_subdag_operator.py
[2023-12-20T18:03:23.551+0600] {processor.py:830} INFO - Processing file /home/robin/Documents/Tanjim/Miscellaneous Projects/airflow_docker/airflow_in_python_env/env/lib/python3.10/site-packages/airflow/example_dags/example_subdag_operator.py for tasks to queue
[2023-12-20T18:03:23.553+0600] {logging_mixin.py:188} INFO - [2023-12-20T18:03:23.552+0600] {dagbag.py:538} INFO - Filling up the DagBag from /home/robin/Documents/Tanjim/Miscellaneous Projects/airflow_docker/airflow_in_python_env/env/lib/python3.10/site-packages/airflow/example_dags/example_subdag_operator.py
[2023-12-20T18:03:23.584+0600] {processor.py:840} INFO - DAG(s) 'example_subdag_operator.section-1', 'example_subdag_operator.section-2', 'example_subdag_operator' retrieved from /home/robin/Documents/Tanjim/Miscellaneous Projects/airflow_docker/airflow_in_python_env/env/lib/python3.10/site-packages/airflow/example_dags/example_subdag_operator.py
[2023-12-20T18:03:23.605+0600] {logging_mixin.py:188} INFO - [2023-12-20T18:03:23.605+0600] {dag.py:3033} INFO - Sync 3 DAGs
[2023-12-20T18:03:23.630+0600] {logging_mixin.py:188} INFO - [2023-12-20T18:03:23.629+0600] {dag.py:3820} INFO - Setting next_dagrun for example_subdag_operator to 2022-01-01T00:00:00+00:00, run_after=2022-01-01T00:00:00+00:00
[2023-12-20T18:03:23.633+0600] {logging_mixin.py:188} INFO - [2023-12-20T18:03:23.633+0600] {dag.py:3820} INFO - Setting next_dagrun for example_subdag_operator.section-1 to None, run_after=None
[2023-12-20T18:03:23.635+0600] {logging_mixin.py:188} INFO - [2023-12-20T18:03:23.634+0600] {dag.py:3820} INFO - Setting next_dagrun for example_subdag_operator.section-2 to None, run_after=None
[2023-12-20T18:03:23.641+0600] {logging_mixin.py:188} INFO - [2023-12-20T18:03:23.641+0600] {dag.py:3033} INFO - Sync 2 DAGs
[2023-12-20T18:03:23.645+0600] {logging_mixin.py:188} INFO - [2023-12-20T18:03:23.645+0600] {dag.py:3820} INFO - Setting next_dagrun for example_subdag_operator.section-1 to None, run_after=None
[2023-12-20T18:03:23.646+0600] {logging_mixin.py:188} INFO - [2023-12-20T18:03:23.645+0600] {dag.py:3820} INFO - Setting next_dagrun for example_subdag_operator.section-2 to None, run_after=None
[2023-12-20T18:03:23.672+0600] {processor.py:183} INFO - Processing /home/robin/Documents/Tanjim/Miscellaneous Projects/airflow_docker/airflow_in_python_env/env/lib/python3.10/site-packages/airflow/example_dags/example_subdag_operator.py took 0.138 seconds
[2023-12-20T18:04:14.988+0600] {processor.py:161} INFO - Started process (PID=69415) to work on /home/robin/Documents/Tanjim/Miscellaneous Projects/airflow_docker/airflow_in_python_env/env/lib/python3.10/site-packages/airflow/example_dags/example_subdag_operator.py
[2023-12-20T18:04:14.997+0600] {processor.py:830} INFO - Processing file /home/robin/Documents/Tanjim/Miscellaneous Projects/airflow_docker/airflow_in_python_env/env/lib/python3.10/site-packages/airflow/example_dags/example_subdag_operator.py for tasks to queue
[2023-12-20T18:04:15.003+0600] {logging_mixin.py:188} INFO - [2023-12-20T18:04:15.001+0600] {dagbag.py:538} INFO - Filling up the DagBag from /home/robin/Documents/Tanjim/Miscellaneous Projects/airflow_docker/airflow_in_python_env/env/lib/python3.10/site-packages/airflow/example_dags/example_subdag_operator.py
[2023-12-20T18:04:15.056+0600] {processor.py:840} INFO - DAG(s) 'example_subdag_operator.section-1', 'example_subdag_operator.section-2', 'example_subdag_operator' retrieved from /home/robin/Documents/Tanjim/Miscellaneous Projects/airflow_docker/airflow_in_python_env/env/lib/python3.10/site-packages/airflow/example_dags/example_subdag_operator.py
[2023-12-20T18:04:15.080+0600] {logging_mixin.py:188} INFO - [2023-12-20T18:04:15.080+0600] {dag.py:3033} INFO - Sync 3 DAGs
[2023-12-20T18:04:15.104+0600] {logging_mixin.py:188} INFO - [2023-12-20T18:04:15.104+0600] {dag.py:3820} INFO - Setting next_dagrun for example_subdag_operator to 2022-01-01T00:00:00+00:00, run_after=2022-01-01T00:00:00+00:00
[2023-12-20T18:04:15.107+0600] {logging_mixin.py:188} INFO - [2023-12-20T18:04:15.107+0600] {dag.py:3820} INFO - Setting next_dagrun for example_subdag_operator.section-1 to None, run_after=None
[2023-12-20T18:04:15.108+0600] {logging_mixin.py:188} INFO - [2023-12-20T18:04:15.108+0600] {dag.py:3820} INFO - Setting next_dagrun for example_subdag_operator.section-2 to None, run_after=None
[2023-12-20T18:04:15.115+0600] {logging_mixin.py:188} INFO - [2023-12-20T18:04:15.115+0600] {dag.py:3033} INFO - Sync 2 DAGs
[2023-12-20T18:04:15.122+0600] {logging_mixin.py:188} INFO - [2023-12-20T18:04:15.122+0600] {dag.py:3820} INFO - Setting next_dagrun for example_subdag_operator.section-1 to None, run_after=None
[2023-12-20T18:04:15.122+0600] {logging_mixin.py:188} INFO - [2023-12-20T18:04:15.122+0600] {dag.py:3820} INFO - Setting next_dagrun for example_subdag_operator.section-2 to None, run_after=None
[2023-12-20T18:04:15.146+0600] {processor.py:183} INFO - Processing /home/robin/Documents/Tanjim/Miscellaneous Projects/airflow_docker/airflow_in_python_env/env/lib/python3.10/site-packages/airflow/example_dags/example_subdag_operator.py took 0.165 seconds
[2023-12-20T18:18:22.036+0600] {processor.py:161} INFO - Started process (PID=72087) to work on /home/robin/Documents/Tanjim/Miscellaneous Projects/airflow_docker/airflow_in_python_env/env/lib/python3.10/site-packages/airflow/example_dags/example_subdag_operator.py
[2023-12-20T18:18:22.044+0600] {processor.py:830} INFO - Processing file /home/robin/Documents/Tanjim/Miscellaneous Projects/airflow_docker/airflow_in_python_env/env/lib/python3.10/site-packages/airflow/example_dags/example_subdag_operator.py for tasks to queue
[2023-12-20T18:18:22.045+0600] {logging_mixin.py:188} INFO - [2023-12-20T18:18:22.045+0600] {dagbag.py:538} INFO - Filling up the DagBag from /home/robin/Documents/Tanjim/Miscellaneous Projects/airflow_docker/airflow_in_python_env/env/lib/python3.10/site-packages/airflow/example_dags/example_subdag_operator.py
[2023-12-20T18:18:22.071+0600] {processor.py:840} INFO - DAG(s) 'example_subdag_operator.section-1', 'example_subdag_operator.section-2', 'example_subdag_operator' retrieved from /home/robin/Documents/Tanjim/Miscellaneous Projects/airflow_docker/airflow_in_python_env/env/lib/python3.10/site-packages/airflow/example_dags/example_subdag_operator.py
[2023-12-20T18:18:22.092+0600] {logging_mixin.py:188} INFO - [2023-12-20T18:18:22.091+0600] {dag.py:3033} INFO - Sync 3 DAGs
[2023-12-20T18:18:22.115+0600] {logging_mixin.py:188} INFO - [2023-12-20T18:18:22.115+0600] {dag.py:3820} INFO - Setting next_dagrun for example_subdag_operator to 2022-01-01T00:00:00+00:00, run_after=2022-01-01T00:00:00+00:00
[2023-12-20T18:18:22.119+0600] {logging_mixin.py:188} INFO - [2023-12-20T18:18:22.119+0600] {dag.py:3820} INFO - Setting next_dagrun for example_subdag_operator.section-1 to None, run_after=None
[2023-12-20T18:18:22.120+0600] {logging_mixin.py:188} INFO - [2023-12-20T18:18:22.120+0600] {dag.py:3820} INFO - Setting next_dagrun for example_subdag_operator.section-2 to None, run_after=None
[2023-12-20T18:18:22.128+0600] {logging_mixin.py:188} INFO - [2023-12-20T18:18:22.128+0600] {dag.py:3033} INFO - Sync 2 DAGs
[2023-12-20T18:18:22.134+0600] {logging_mixin.py:188} INFO - [2023-12-20T18:18:22.133+0600] {dag.py:3820} INFO - Setting next_dagrun for example_subdag_operator.section-1 to None, run_after=None
[2023-12-20T18:18:22.134+0600] {logging_mixin.py:188} INFO - [2023-12-20T18:18:22.134+0600] {dag.py:3820} INFO - Setting next_dagrun for example_subdag_operator.section-2 to None, run_after=None
[2023-12-20T18:18:22.161+0600] {processor.py:183} INFO - Processing /home/robin/Documents/Tanjim/Miscellaneous Projects/airflow_docker/airflow_in_python_env/env/lib/python3.10/site-packages/airflow/example_dags/example_subdag_operator.py took 0.130 seconds
[2023-12-20T18:19:16.761+0600] {processor.py:161} INFO - Started process (PID=72270) to work on /home/robin/Documents/Tanjim/Miscellaneous Projects/airflow_docker/airflow_in_python_env/env/lib/python3.10/site-packages/airflow/example_dags/example_subdag_operator.py
[2023-12-20T18:19:16.770+0600] {processor.py:830} INFO - Processing file /home/robin/Documents/Tanjim/Miscellaneous Projects/airflow_docker/airflow_in_python_env/env/lib/python3.10/site-packages/airflow/example_dags/example_subdag_operator.py for tasks to queue
[2023-12-20T18:19:16.772+0600] {logging_mixin.py:188} INFO - [2023-12-20T18:19:16.771+0600] {dagbag.py:538} INFO - Filling up the DagBag from /home/robin/Documents/Tanjim/Miscellaneous Projects/airflow_docker/airflow_in_python_env/env/lib/python3.10/site-packages/airflow/example_dags/example_subdag_operator.py
[2023-12-20T18:19:16.807+0600] {processor.py:840} INFO - DAG(s) 'example_subdag_operator.section-1', 'example_subdag_operator.section-2', 'example_subdag_operator' retrieved from /home/robin/Documents/Tanjim/Miscellaneous Projects/airflow_docker/airflow_in_python_env/env/lib/python3.10/site-packages/airflow/example_dags/example_subdag_operator.py
[2023-12-20T18:19:16.830+0600] {logging_mixin.py:188} INFO - [2023-12-20T18:19:16.830+0600] {dag.py:3033} INFO - Sync 3 DAGs
[2023-12-20T18:19:16.861+0600] {logging_mixin.py:188} INFO - [2023-12-20T18:19:16.861+0600] {dag.py:3820} INFO - Setting next_dagrun for example_subdag_operator to 2022-01-01T00:00:00+00:00, run_after=2022-01-01T00:00:00+00:00
[2023-12-20T18:19:16.867+0600] {logging_mixin.py:188} INFO - [2023-12-20T18:19:16.867+0600] {dag.py:3820} INFO - Setting next_dagrun for example_subdag_operator.section-1 to None, run_after=None
[2023-12-20T18:19:16.869+0600] {logging_mixin.py:188} INFO - [2023-12-20T18:19:16.869+0600] {dag.py:3820} INFO - Setting next_dagrun for example_subdag_operator.section-2 to None, run_after=None
[2023-12-20T18:19:16.882+0600] {logging_mixin.py:188} INFO - [2023-12-20T18:19:16.882+0600] {dag.py:3033} INFO - Sync 2 DAGs
[2023-12-20T18:19:16.891+0600] {logging_mixin.py:188} INFO - [2023-12-20T18:19:16.890+0600] {dag.py:3820} INFO - Setting next_dagrun for example_subdag_operator.section-1 to None, run_after=None
[2023-12-20T18:19:16.891+0600] {logging_mixin.py:188} INFO - [2023-12-20T18:19:16.891+0600] {dag.py:3820} INFO - Setting next_dagrun for example_subdag_operator.section-2 to None, run_after=None
[2023-12-20T18:19:16.923+0600] {processor.py:183} INFO - Processing /home/robin/Documents/Tanjim/Miscellaneous Projects/airflow_docker/airflow_in_python_env/env/lib/python3.10/site-packages/airflow/example_dags/example_subdag_operator.py took 0.170 seconds
[2023-12-20T18:20:07.922+0600] {processor.py:161} INFO - Started process (PID=72384) to work on /home/robin/Documents/Tanjim/Miscellaneous Projects/airflow_docker/airflow_in_python_env/env/lib/python3.10/site-packages/airflow/example_dags/example_subdag_operator.py
[2023-12-20T18:20:07.932+0600] {processor.py:830} INFO - Processing file /home/robin/Documents/Tanjim/Miscellaneous Projects/airflow_docker/airflow_in_python_env/env/lib/python3.10/site-packages/airflow/example_dags/example_subdag_operator.py for tasks to queue
[2023-12-20T18:20:07.933+0600] {logging_mixin.py:188} INFO - [2023-12-20T18:20:07.932+0600] {dagbag.py:538} INFO - Filling up the DagBag from /home/robin/Documents/Tanjim/Miscellaneous Projects/airflow_docker/airflow_in_python_env/env/lib/python3.10/site-packages/airflow/example_dags/example_subdag_operator.py
[2023-12-20T18:20:07.967+0600] {processor.py:840} INFO - DAG(s) 'example_subdag_operator.section-1', 'example_subdag_operator.section-2', 'example_subdag_operator' retrieved from /home/robin/Documents/Tanjim/Miscellaneous Projects/airflow_docker/airflow_in_python_env/env/lib/python3.10/site-packages/airflow/example_dags/example_subdag_operator.py
[2023-12-20T18:20:07.990+0600] {logging_mixin.py:188} INFO - [2023-12-20T18:20:07.990+0600] {dag.py:3033} INFO - Sync 3 DAGs
[2023-12-20T18:20:08.013+0600] {logging_mixin.py:188} INFO - [2023-12-20T18:20:08.013+0600] {dag.py:3820} INFO - Setting next_dagrun for example_subdag_operator to 2022-01-01T00:00:00+00:00, run_after=2022-01-01T00:00:00+00:00
[2023-12-20T18:20:08.016+0600] {logging_mixin.py:188} INFO - [2023-12-20T18:20:08.016+0600] {dag.py:3820} INFO - Setting next_dagrun for example_subdag_operator.section-1 to None, run_after=None
[2023-12-20T18:20:08.017+0600] {logging_mixin.py:188} INFO - [2023-12-20T18:20:08.017+0600] {dag.py:3820} INFO - Setting next_dagrun for example_subdag_operator.section-2 to None, run_after=None
[2023-12-20T18:20:08.025+0600] {logging_mixin.py:188} INFO - [2023-12-20T18:20:08.025+0600] {dag.py:3033} INFO - Sync 2 DAGs
[2023-12-20T18:20:08.030+0600] {logging_mixin.py:188} INFO - [2023-12-20T18:20:08.030+0600] {dag.py:3820} INFO - Setting next_dagrun for example_subdag_operator.section-1 to None, run_after=None
[2023-12-20T18:20:08.030+0600] {logging_mixin.py:188} INFO - [2023-12-20T18:20:08.030+0600] {dag.py:3820} INFO - Setting next_dagrun for example_subdag_operator.section-2 to None, run_after=None
[2023-12-20T18:20:08.053+0600] {processor.py:183} INFO - Processing /home/robin/Documents/Tanjim/Miscellaneous Projects/airflow_docker/airflow_in_python_env/env/lib/python3.10/site-packages/airflow/example_dags/example_subdag_operator.py took 0.146 seconds
[2023-12-20T18:28:51.971+0600] {processor.py:161} INFO - Started process (PID=74916) to work on /home/robin/Documents/Tanjim/Miscellaneous Projects/airflow_docker/airflow_in_python_env/env/lib/python3.10/site-packages/airflow/example_dags/example_subdag_operator.py
[2023-12-20T18:28:51.980+0600] {processor.py:830} INFO - Processing file /home/robin/Documents/Tanjim/Miscellaneous Projects/airflow_docker/airflow_in_python_env/env/lib/python3.10/site-packages/airflow/example_dags/example_subdag_operator.py for tasks to queue
[2023-12-20T18:28:51.982+0600] {logging_mixin.py:188} INFO - [2023-12-20T18:28:51.981+0600] {dagbag.py:538} INFO - Filling up the DagBag from /home/robin/Documents/Tanjim/Miscellaneous Projects/airflow_docker/airflow_in_python_env/env/lib/python3.10/site-packages/airflow/example_dags/example_subdag_operator.py
[2023-12-20T18:28:52.019+0600] {processor.py:840} INFO - DAG(s) 'example_subdag_operator.section-1', 'example_subdag_operator.section-2', 'example_subdag_operator' retrieved from /home/robin/Documents/Tanjim/Miscellaneous Projects/airflow_docker/airflow_in_python_env/env/lib/python3.10/site-packages/airflow/example_dags/example_subdag_operator.py
[2023-12-20T18:28:52.050+0600] {logging_mixin.py:188} INFO - [2023-12-20T18:28:52.049+0600] {dag.py:3033} INFO - Sync 3 DAGs
[2023-12-20T18:28:52.076+0600] {logging_mixin.py:188} INFO - [2023-12-20T18:28:52.076+0600] {dag.py:3820} INFO - Setting next_dagrun for example_subdag_operator to 2022-01-01T00:00:00+00:00, run_after=2022-01-01T00:00:00+00:00
[2023-12-20T18:28:52.079+0600] {logging_mixin.py:188} INFO - [2023-12-20T18:28:52.079+0600] {dag.py:3820} INFO - Setting next_dagrun for example_subdag_operator.section-1 to None, run_after=None
[2023-12-20T18:28:52.081+0600] {logging_mixin.py:188} INFO - [2023-12-20T18:28:52.081+0600] {dag.py:3820} INFO - Setting next_dagrun for example_subdag_operator.section-2 to None, run_after=None
[2023-12-20T18:28:52.089+0600] {logging_mixin.py:188} INFO - [2023-12-20T18:28:52.089+0600] {dag.py:3033} INFO - Sync 2 DAGs
[2023-12-20T18:28:52.095+0600] {logging_mixin.py:188} INFO - [2023-12-20T18:28:52.095+0600] {dag.py:3820} INFO - Setting next_dagrun for example_subdag_operator.section-1 to None, run_after=None
[2023-12-20T18:28:52.096+0600] {logging_mixin.py:188} INFO - [2023-12-20T18:28:52.096+0600] {dag.py:3820} INFO - Setting next_dagrun for example_subdag_operator.section-2 to None, run_after=None
[2023-12-20T18:28:52.117+0600] {processor.py:183} INFO - Processing /home/robin/Documents/Tanjim/Miscellaneous Projects/airflow_docker/airflow_in_python_env/env/lib/python3.10/site-packages/airflow/example_dags/example_subdag_operator.py took 0.151 seconds
[2023-12-20T18:30:08.680+0600] {processor.py:161} INFO - Started process (PID=75613) to work on /home/robin/Documents/Tanjim/Miscellaneous Projects/airflow_docker/airflow_in_python_env/env/lib/python3.10/site-packages/airflow/example_dags/example_subdag_operator.py
[2023-12-20T18:30:08.688+0600] {processor.py:830} INFO - Processing file /home/robin/Documents/Tanjim/Miscellaneous Projects/airflow_docker/airflow_in_python_env/env/lib/python3.10/site-packages/airflow/example_dags/example_subdag_operator.py for tasks to queue
[2023-12-20T18:30:08.689+0600] {logging_mixin.py:188} INFO - [2023-12-20T18:30:08.689+0600] {dagbag.py:538} INFO - Filling up the DagBag from /home/robin/Documents/Tanjim/Miscellaneous Projects/airflow_docker/airflow_in_python_env/env/lib/python3.10/site-packages/airflow/example_dags/example_subdag_operator.py
[2023-12-20T18:30:08.717+0600] {processor.py:840} INFO - DAG(s) 'example_subdag_operator.section-1', 'example_subdag_operator.section-2', 'example_subdag_operator' retrieved from /home/robin/Documents/Tanjim/Miscellaneous Projects/airflow_docker/airflow_in_python_env/env/lib/python3.10/site-packages/airflow/example_dags/example_subdag_operator.py
[2023-12-20T18:30:08.736+0600] {logging_mixin.py:188} INFO - [2023-12-20T18:30:08.736+0600] {dag.py:3033} INFO - Sync 3 DAGs
[2023-12-20T18:30:08.756+0600] {logging_mixin.py:188} INFO - [2023-12-20T18:30:08.756+0600] {dag.py:3820} INFO - Setting next_dagrun for example_subdag_operator to 2022-01-01T00:00:00+00:00, run_after=2022-01-01T00:00:00+00:00
[2023-12-20T18:30:08.760+0600] {logging_mixin.py:188} INFO - [2023-12-20T18:30:08.760+0600] {dag.py:3820} INFO - Setting next_dagrun for example_subdag_operator.section-1 to None, run_after=None
[2023-12-20T18:30:08.762+0600] {logging_mixin.py:188} INFO - [2023-12-20T18:30:08.762+0600] {dag.py:3820} INFO - Setting next_dagrun for example_subdag_operator.section-2 to None, run_after=None
[2023-12-20T18:30:08.769+0600] {logging_mixin.py:188} INFO - [2023-12-20T18:30:08.769+0600] {dag.py:3033} INFO - Sync 2 DAGs
[2023-12-20T18:30:08.773+0600] {logging_mixin.py:188} INFO - [2023-12-20T18:30:08.773+0600] {dag.py:3820} INFO - Setting next_dagrun for example_subdag_operator.section-1 to None, run_after=None
[2023-12-20T18:30:08.773+0600] {logging_mixin.py:188} INFO - [2023-12-20T18:30:08.773+0600] {dag.py:3820} INFO - Setting next_dagrun for example_subdag_operator.section-2 to None, run_after=None
[2023-12-20T18:30:08.821+0600] {processor.py:183} INFO - Processing /home/robin/Documents/Tanjim/Miscellaneous Projects/airflow_docker/airflow_in_python_env/env/lib/python3.10/site-packages/airflow/example_dags/example_subdag_operator.py took 0.147 seconds
