[2023-12-20T17:58:55.341+0600] {processor.py:161} INFO - Started process (PID=67179) to work on /home/robin/Documents/Tanjim/Miscellaneous Projects/airflow_docker/airflow_in_python_env/env/lib/python3.10/site-packages/airflow/example_dags/example_bash_operator.py
[2023-12-20T17:58:55.343+0600] {processor.py:830} INFO - Processing file /home/robin/Documents/Tanjim/Miscellaneous Projects/airflow_docker/airflow_in_python_env/env/lib/python3.10/site-packages/airflow/example_dags/example_bash_operator.py for tasks to queue
[2023-12-20T17:58:55.345+0600] {logging_mixin.py:188} INFO - [2023-12-20T17:58:55.344+0600] {dagbag.py:538} INFO - Filling up the DagBag from /home/robin/Documents/Tanjim/Miscellaneous Projects/airflow_docker/airflow_in_python_env/env/lib/python3.10/site-packages/airflow/example_dags/example_bash_operator.py
[2023-12-20T17:58:55.369+0600] {processor.py:840} INFO - DAG(s) 'example_bash_operator' retrieved from /home/robin/Documents/Tanjim/Miscellaneous Projects/airflow_docker/airflow_in_python_env/env/lib/python3.10/site-packages/airflow/example_dags/example_bash_operator.py
[2023-12-20T17:58:55.531+0600] {logging_mixin.py:188} INFO - [2023-12-20T17:58:55.531+0600] {dag.py:3033} INFO - Sync 1 DAGs
[2023-12-20T17:58:55.557+0600] {logging_mixin.py:188} INFO - [2023-12-20T17:58:55.556+0600] {dag.py:3820} INFO - Setting next_dagrun for example_bash_operator to 2023-12-19T00:00:00+00:00, run_after=2023-12-20T00:00:00+00:00
[2023-12-20T17:58:55.592+0600] {processor.py:183} INFO - Processing /home/robin/Documents/Tanjim/Miscellaneous Projects/airflow_docker/airflow_in_python_env/env/lib/python3.10/site-packages/airflow/example_dags/example_bash_operator.py took 0.258 seconds
[2023-12-20T18:00:10.795+0600] {processor.py:161} INFO - Started process (PID=67470) to work on /home/robin/Documents/Tanjim/Miscellaneous Projects/airflow_docker/airflow_in_python_env/env/lib/python3.10/site-packages/airflow/example_dags/example_bash_operator.py
[2023-12-20T18:00:10.805+0600] {processor.py:830} INFO - Processing file /home/robin/Documents/Tanjim/Miscellaneous Projects/airflow_docker/airflow_in_python_env/env/lib/python3.10/site-packages/airflow/example_dags/example_bash_operator.py for tasks to queue
[2023-12-20T18:00:10.806+0600] {logging_mixin.py:188} INFO - [2023-12-20T18:00:10.805+0600] {dagbag.py:538} INFO - Filling up the DagBag from /home/robin/Documents/Tanjim/Miscellaneous Projects/airflow_docker/airflow_in_python_env/env/lib/python3.10/site-packages/airflow/example_dags/example_bash_operator.py
[2023-12-20T18:00:10.828+0600] {processor.py:840} INFO - DAG(s) 'example_bash_operator' retrieved from /home/robin/Documents/Tanjim/Miscellaneous Projects/airflow_docker/airflow_in_python_env/env/lib/python3.10/site-packages/airflow/example_dags/example_bash_operator.py
[2023-12-20T18:00:10.866+0600] {logging_mixin.py:188} INFO - [2023-12-20T18:00:10.866+0600] {dag.py:3033} INFO - Sync 1 DAGs
[2023-12-20T18:00:10.895+0600] {logging_mixin.py:188} INFO - [2023-12-20T18:00:10.895+0600] {dag.py:3820} INFO - Setting next_dagrun for example_bash_operator to 2023-12-19T00:00:00+00:00, run_after=2023-12-20T00:00:00+00:00
[2023-12-20T18:00:10.937+0600] {processor.py:183} INFO - Processing /home/robin/Documents/Tanjim/Miscellaneous Projects/airflow_docker/airflow_in_python_env/env/lib/python3.10/site-packages/airflow/example_dags/example_bash_operator.py took 0.149 seconds
[2023-12-20T18:01:27.146+0600] {processor.py:161} INFO - Started process (PID=68108) to work on /home/robin/Documents/Tanjim/Miscellaneous Projects/airflow_docker/airflow_in_python_env/env/lib/python3.10/site-packages/airflow/example_dags/example_bash_operator.py
[2023-12-20T18:01:27.154+0600] {processor.py:830} INFO - Processing file /home/robin/Documents/Tanjim/Miscellaneous Projects/airflow_docker/airflow_in_python_env/env/lib/python3.10/site-packages/airflow/example_dags/example_bash_operator.py for tasks to queue
[2023-12-20T18:01:27.156+0600] {logging_mixin.py:188} INFO - [2023-12-20T18:01:27.155+0600] {dagbag.py:538} INFO - Filling up the DagBag from /home/robin/Documents/Tanjim/Miscellaneous Projects/airflow_docker/airflow_in_python_env/env/lib/python3.10/site-packages/airflow/example_dags/example_bash_operator.py
[2023-12-20T18:01:27.171+0600] {processor.py:840} INFO - DAG(s) 'example_bash_operator' retrieved from /home/robin/Documents/Tanjim/Miscellaneous Projects/airflow_docker/airflow_in_python_env/env/lib/python3.10/site-packages/airflow/example_dags/example_bash_operator.py
[2023-12-20T18:01:27.201+0600] {logging_mixin.py:188} INFO - [2023-12-20T18:01:27.201+0600] {dag.py:3033} INFO - Sync 1 DAGs
[2023-12-20T18:01:27.223+0600] {logging_mixin.py:188} INFO - [2023-12-20T18:01:27.223+0600] {dag.py:3820} INFO - Setting next_dagrun for example_bash_operator to 2023-12-19T00:00:00+00:00, run_after=2023-12-20T00:00:00+00:00
[2023-12-20T18:01:27.266+0600] {processor.py:183} INFO - Processing /home/robin/Documents/Tanjim/Miscellaneous Projects/airflow_docker/airflow_in_python_env/env/lib/python3.10/site-packages/airflow/example_dags/example_bash_operator.py took 0.125 seconds
[2023-12-20T18:02:56.402+0600] {processor.py:161} INFO - Started process (PID=69013) to work on /home/robin/Documents/Tanjim/Miscellaneous Projects/airflow_docker/airflow_in_python_env/env/lib/python3.10/site-packages/airflow/example_dags/example_bash_operator.py
[2023-12-20T18:02:56.410+0600] {processor.py:830} INFO - Processing file /home/robin/Documents/Tanjim/Miscellaneous Projects/airflow_docker/airflow_in_python_env/env/lib/python3.10/site-packages/airflow/example_dags/example_bash_operator.py for tasks to queue
[2023-12-20T18:02:56.411+0600] {logging_mixin.py:188} INFO - [2023-12-20T18:02:56.411+0600] {dagbag.py:538} INFO - Filling up the DagBag from /home/robin/Documents/Tanjim/Miscellaneous Projects/airflow_docker/airflow_in_python_env/env/lib/python3.10/site-packages/airflow/example_dags/example_bash_operator.py
[2023-12-20T18:02:56.428+0600] {processor.py:840} INFO - DAG(s) 'example_bash_operator' retrieved from /home/robin/Documents/Tanjim/Miscellaneous Projects/airflow_docker/airflow_in_python_env/env/lib/python3.10/site-packages/airflow/example_dags/example_bash_operator.py
[2023-12-20T18:02:56.455+0600] {logging_mixin.py:188} INFO - [2023-12-20T18:02:56.455+0600] {dag.py:3033} INFO - Sync 1 DAGs
[2023-12-20T18:02:56.479+0600] {logging_mixin.py:188} INFO - [2023-12-20T18:02:56.479+0600] {dag.py:3820} INFO - Setting next_dagrun for example_bash_operator to 2023-12-20T00:00:00+00:00, run_after=2023-12-21T00:00:00+00:00
[2023-12-20T18:02:56.516+0600] {processor.py:183} INFO - Processing /home/robin/Documents/Tanjim/Miscellaneous Projects/airflow_docker/airflow_in_python_env/env/lib/python3.10/site-packages/airflow/example_dags/example_bash_operator.py took 0.119 seconds
[2023-12-20T18:04:07.784+0600] {processor.py:161} INFO - Started process (PID=69349) to work on /home/robin/Documents/Tanjim/Miscellaneous Projects/airflow_docker/airflow_in_python_env/env/lib/python3.10/site-packages/airflow/example_dags/example_bash_operator.py
[2023-12-20T18:04:07.795+0600] {processor.py:830} INFO - Processing file /home/robin/Documents/Tanjim/Miscellaneous Projects/airflow_docker/airflow_in_python_env/env/lib/python3.10/site-packages/airflow/example_dags/example_bash_operator.py for tasks to queue
[2023-12-20T18:04:07.796+0600] {logging_mixin.py:188} INFO - [2023-12-20T18:04:07.796+0600] {dagbag.py:538} INFO - Filling up the DagBag from /home/robin/Documents/Tanjim/Miscellaneous Projects/airflow_docker/airflow_in_python_env/env/lib/python3.10/site-packages/airflow/example_dags/example_bash_operator.py
[2023-12-20T18:04:07.817+0600] {processor.py:840} INFO - DAG(s) 'example_bash_operator' retrieved from /home/robin/Documents/Tanjim/Miscellaneous Projects/airflow_docker/airflow_in_python_env/env/lib/python3.10/site-packages/airflow/example_dags/example_bash_operator.py
[2023-12-20T18:04:07.851+0600] {logging_mixin.py:188} INFO - [2023-12-20T18:04:07.851+0600] {dag.py:3033} INFO - Sync 1 DAGs
[2023-12-20T18:04:07.879+0600] {logging_mixin.py:188} INFO - [2023-12-20T18:04:07.879+0600] {dag.py:3820} INFO - Setting next_dagrun for example_bash_operator to 2023-12-20T00:00:00+00:00, run_after=2023-12-21T00:00:00+00:00
[2023-12-20T18:04:07.910+0600] {processor.py:183} INFO - Processing /home/robin/Documents/Tanjim/Miscellaneous Projects/airflow_docker/airflow_in_python_env/env/lib/python3.10/site-packages/airflow/example_dags/example_bash_operator.py took 0.133 seconds
[2023-12-20T18:18:49.565+0600] {processor.py:161} INFO - Started process (PID=72196) to work on /home/robin/Documents/Tanjim/Miscellaneous Projects/airflow_docker/airflow_in_python_env/env/lib/python3.10/site-packages/airflow/example_dags/example_bash_operator.py
[2023-12-20T18:18:49.575+0600] {processor.py:830} INFO - Processing file /home/robin/Documents/Tanjim/Miscellaneous Projects/airflow_docker/airflow_in_python_env/env/lib/python3.10/site-packages/airflow/example_dags/example_bash_operator.py for tasks to queue
[2023-12-20T18:18:49.577+0600] {logging_mixin.py:188} INFO - [2023-12-20T18:18:49.576+0600] {dagbag.py:538} INFO - Filling up the DagBag from /home/robin/Documents/Tanjim/Miscellaneous Projects/airflow_docker/airflow_in_python_env/env/lib/python3.10/site-packages/airflow/example_dags/example_bash_operator.py
[2023-12-20T18:18:49.600+0600] {processor.py:840} INFO - DAG(s) 'example_bash_operator' retrieved from /home/robin/Documents/Tanjim/Miscellaneous Projects/airflow_docker/airflow_in_python_env/env/lib/python3.10/site-packages/airflow/example_dags/example_bash_operator.py
[2023-12-20T18:18:49.635+0600] {logging_mixin.py:188} INFO - [2023-12-20T18:18:49.634+0600] {dag.py:3033} INFO - Sync 1 DAGs
[2023-12-20T18:18:49.664+0600] {logging_mixin.py:188} INFO - [2023-12-20T18:18:49.664+0600] {dag.py:3820} INFO - Setting next_dagrun for example_bash_operator to 2023-12-20T00:00:00+00:00, run_after=2023-12-21T00:00:00+00:00
[2023-12-20T18:18:49.734+0600] {processor.py:183} INFO - Processing /home/robin/Documents/Tanjim/Miscellaneous Projects/airflow_docker/airflow_in_python_env/env/lib/python3.10/site-packages/airflow/example_dags/example_bash_operator.py took 0.178 seconds
[2023-12-20T18:20:09.185+0600] {processor.py:161} INFO - Started process (PID=72385) to work on /home/robin/Documents/Tanjim/Miscellaneous Projects/airflow_docker/airflow_in_python_env/env/lib/python3.10/site-packages/airflow/example_dags/example_bash_operator.py
[2023-12-20T18:20:09.195+0600] {processor.py:830} INFO - Processing file /home/robin/Documents/Tanjim/Miscellaneous Projects/airflow_docker/airflow_in_python_env/env/lib/python3.10/site-packages/airflow/example_dags/example_bash_operator.py for tasks to queue
[2023-12-20T18:20:09.197+0600] {logging_mixin.py:188} INFO - [2023-12-20T18:20:09.196+0600] {dagbag.py:538} INFO - Filling up the DagBag from /home/robin/Documents/Tanjim/Miscellaneous Projects/airflow_docker/airflow_in_python_env/env/lib/python3.10/site-packages/airflow/example_dags/example_bash_operator.py
[2023-12-20T18:20:09.227+0600] {processor.py:840} INFO - DAG(s) 'example_bash_operator' retrieved from /home/robin/Documents/Tanjim/Miscellaneous Projects/airflow_docker/airflow_in_python_env/env/lib/python3.10/site-packages/airflow/example_dags/example_bash_operator.py
[2023-12-20T18:20:09.261+0600] {logging_mixin.py:188} INFO - [2023-12-20T18:20:09.261+0600] {dag.py:3033} INFO - Sync 1 DAGs
[2023-12-20T18:20:09.285+0600] {logging_mixin.py:188} INFO - [2023-12-20T18:20:09.285+0600] {dag.py:3820} INFO - Setting next_dagrun for example_bash_operator to 2023-12-20T00:00:00+00:00, run_after=2023-12-21T00:00:00+00:00
[2023-12-20T18:20:09.320+0600] {processor.py:183} INFO - Processing /home/robin/Documents/Tanjim/Miscellaneous Projects/airflow_docker/airflow_in_python_env/env/lib/python3.10/site-packages/airflow/example_dags/example_bash_operator.py took 0.142 seconds
[2023-12-20T18:29:42.769+0600] {processor.py:161} INFO - Started process (PID=75476) to work on /home/robin/Documents/Tanjim/Miscellaneous Projects/airflow_docker/airflow_in_python_env/env/lib/python3.10/site-packages/airflow/example_dags/example_bash_operator.py
[2023-12-20T18:29:42.778+0600] {processor.py:830} INFO - Processing file /home/robin/Documents/Tanjim/Miscellaneous Projects/airflow_docker/airflow_in_python_env/env/lib/python3.10/site-packages/airflow/example_dags/example_bash_operator.py for tasks to queue
[2023-12-20T18:29:42.781+0600] {logging_mixin.py:188} INFO - [2023-12-20T18:29:42.780+0600] {dagbag.py:538} INFO - Filling up the DagBag from /home/robin/Documents/Tanjim/Miscellaneous Projects/airflow_docker/airflow_in_python_env/env/lib/python3.10/site-packages/airflow/example_dags/example_bash_operator.py
[2023-12-20T18:29:42.810+0600] {processor.py:840} INFO - DAG(s) 'example_bash_operator' retrieved from /home/robin/Documents/Tanjim/Miscellaneous Projects/airflow_docker/airflow_in_python_env/env/lib/python3.10/site-packages/airflow/example_dags/example_bash_operator.py
[2023-12-20T18:29:42.852+0600] {logging_mixin.py:188} INFO - [2023-12-20T18:29:42.852+0600] {dag.py:3033} INFO - Sync 1 DAGs
[2023-12-20T18:29:42.875+0600] {logging_mixin.py:188} INFO - [2023-12-20T18:29:42.875+0600] {dag.py:3820} INFO - Setting next_dagrun for example_bash_operator to 2023-12-20T00:00:00+00:00, run_after=2023-12-21T00:00:00+00:00
[2023-12-20T18:29:42.908+0600] {processor.py:183} INFO - Processing /home/robin/Documents/Tanjim/Miscellaneous Projects/airflow_docker/airflow_in_python_env/env/lib/python3.10/site-packages/airflow/example_dags/example_bash_operator.py took 0.148 seconds
