[2023-12-20T17:58:30.580+0600] {processor.py:161} INFO - Started process (PID=67103) to work on /home/robin/Documents/Tanjim/Miscellaneous Projects/airflow_docker/airflow_in_python_env/env/lib/python3.10/site-packages/airflow/example_dags/example_sla_dag.py
[2023-12-20T17:58:30.582+0600] {processor.py:830} INFO - Processing file /home/robin/Documents/Tanjim/Miscellaneous Projects/airflow_docker/airflow_in_python_env/env/lib/python3.10/site-packages/airflow/example_dags/example_sla_dag.py for tasks to queue
[2023-12-20T17:58:30.585+0600] {logging_mixin.py:188} INFO - [2023-12-20T17:58:30.584+0600] {dagbag.py:538} INFO - Filling up the DagBag from /home/robin/Documents/Tanjim/Miscellaneous Projects/airflow_docker/airflow_in_python_env/env/lib/python3.10/site-packages/airflow/example_dags/example_sla_dag.py
[2023-12-20T17:58:30.608+0600] {processor.py:840} INFO - DAG(s) 'example_sla_dag' retrieved from /home/robin/Documents/Tanjim/Miscellaneous Projects/airflow_docker/airflow_in_python_env/env/lib/python3.10/site-packages/airflow/example_dags/example_sla_dag.py
[2023-12-20T17:58:30.720+0600] {logging_mixin.py:188} INFO - [2023-12-20T17:58:30.720+0600] {dag.py:3033} INFO - Sync 1 DAGs
[2023-12-20T17:58:30.740+0600] {logging_mixin.py:188} INFO - [2023-12-20T17:58:30.739+0600] {dag.py:3820} INFO - Setting next_dagrun for example_sla_dag to 2023-12-20T11:56:00+00:00, run_after=2023-12-20T11:58:00+00:00
[2023-12-20T17:58:30.774+0600] {processor.py:183} INFO - Processing /home/robin/Documents/Tanjim/Miscellaneous Projects/airflow_docker/airflow_in_python_env/env/lib/python3.10/site-packages/airflow/example_dags/example_sla_dag.py took 0.202 seconds
[2023-12-20T17:59:26.855+0600] {processor.py:161} INFO - Started process (PID=67345) to work on /home/robin/Documents/Tanjim/Miscellaneous Projects/airflow_docker/airflow_in_python_env/env/lib/python3.10/site-packages/airflow/example_dags/example_sla_dag.py
[2023-12-20T17:59:26.865+0600] {processor.py:830} INFO - Processing file /home/robin/Documents/Tanjim/Miscellaneous Projects/airflow_docker/airflow_in_python_env/env/lib/python3.10/site-packages/airflow/example_dags/example_sla_dag.py for tasks to queue
[2023-12-20T17:59:26.867+0600] {logging_mixin.py:188} INFO - [2023-12-20T17:59:26.866+0600] {dagbag.py:538} INFO - Filling up the DagBag from /home/robin/Documents/Tanjim/Miscellaneous Projects/airflow_docker/airflow_in_python_env/env/lib/python3.10/site-packages/airflow/example_dags/example_sla_dag.py
[2023-12-20T17:59:26.892+0600] {processor.py:840} INFO - DAG(s) 'example_sla_dag' retrieved from /home/robin/Documents/Tanjim/Miscellaneous Projects/airflow_docker/airflow_in_python_env/env/lib/python3.10/site-packages/airflow/example_dags/example_sla_dag.py
[2023-12-20T17:59:26.918+0600] {logging_mixin.py:188} INFO - [2023-12-20T17:59:26.917+0600] {dag.py:3033} INFO - Sync 1 DAGs
[2023-12-20T17:59:26.958+0600] {logging_mixin.py:188} INFO - [2023-12-20T17:59:26.958+0600] {dag.py:3820} INFO - Setting next_dagrun for example_sla_dag to 2023-12-20T11:56:00+00:00, run_after=2023-12-20T11:58:00+00:00
[2023-12-20T17:59:27.012+0600] {processor.py:183} INFO - Processing /home/robin/Documents/Tanjim/Miscellaneous Projects/airflow_docker/airflow_in_python_env/env/lib/python3.10/site-packages/airflow/example_dags/example_sla_dag.py took 0.162 seconds
[2023-12-20T18:00:21.138+0600] {processor.py:161} INFO - Started process (PID=67490) to work on /home/robin/Documents/Tanjim/Miscellaneous Projects/airflow_docker/airflow_in_python_env/env/lib/python3.10/site-packages/airflow/example_dags/example_sla_dag.py
[2023-12-20T18:00:21.147+0600] {processor.py:830} INFO - Processing file /home/robin/Documents/Tanjim/Miscellaneous Projects/airflow_docker/airflow_in_python_env/env/lib/python3.10/site-packages/airflow/example_dags/example_sla_dag.py for tasks to queue
[2023-12-20T18:00:21.150+0600] {logging_mixin.py:188} INFO - [2023-12-20T18:00:21.147+0600] {dagbag.py:538} INFO - Filling up the DagBag from /home/robin/Documents/Tanjim/Miscellaneous Projects/airflow_docker/airflow_in_python_env/env/lib/python3.10/site-packages/airflow/example_dags/example_sla_dag.py
[2023-12-20T18:00:21.161+0600] {processor.py:840} INFO - DAG(s) 'example_sla_dag' retrieved from /home/robin/Documents/Tanjim/Miscellaneous Projects/airflow_docker/airflow_in_python_env/env/lib/python3.10/site-packages/airflow/example_dags/example_sla_dag.py
[2023-12-20T18:00:21.181+0600] {logging_mixin.py:188} INFO - [2023-12-20T18:00:21.180+0600] {dag.py:3033} INFO - Sync 1 DAGs
[2023-12-20T18:00:21.209+0600] {logging_mixin.py:188} INFO - [2023-12-20T18:00:21.209+0600] {dag.py:3820} INFO - Setting next_dagrun for example_sla_dag to 2023-12-20T11:58:00+00:00, run_after=2023-12-20T12:00:00+00:00
[2023-12-20T18:00:21.242+0600] {processor.py:183} INFO - Processing /home/robin/Documents/Tanjim/Miscellaneous Projects/airflow_docker/airflow_in_python_env/env/lib/python3.10/site-packages/airflow/example_dags/example_sla_dag.py took 0.107 seconds
[2023-12-20T18:01:13.423+0600] {processor.py:161} INFO - Started process (PID=67929) to work on /home/robin/Documents/Tanjim/Miscellaneous Projects/airflow_docker/airflow_in_python_env/env/lib/python3.10/site-packages/airflow/example_dags/example_sla_dag.py
[2023-12-20T18:01:13.425+0600] {processor.py:830} INFO - Processing file /home/robin/Documents/Tanjim/Miscellaneous Projects/airflow_docker/airflow_in_python_env/env/lib/python3.10/site-packages/airflow/example_dags/example_sla_dag.py for tasks to queue
[2023-12-20T18:01:13.428+0600] {logging_mixin.py:188} INFO - [2023-12-20T18:01:13.427+0600] {dagbag.py:538} INFO - Filling up the DagBag from /home/robin/Documents/Tanjim/Miscellaneous Projects/airflow_docker/airflow_in_python_env/env/lib/python3.10/site-packages/airflow/example_dags/example_sla_dag.py
[2023-12-20T18:01:13.447+0600] {processor.py:840} INFO - DAG(s) 'example_sla_dag' retrieved from /home/robin/Documents/Tanjim/Miscellaneous Projects/airflow_docker/airflow_in_python_env/env/lib/python3.10/site-packages/airflow/example_dags/example_sla_dag.py
[2023-12-20T18:01:13.477+0600] {logging_mixin.py:188} INFO - [2023-12-20T18:01:13.477+0600] {dag.py:3033} INFO - Sync 1 DAGs
[2023-12-20T18:01:13.607+0600] {logging_mixin.py:188} INFO - [2023-12-20T18:01:13.607+0600] {dag.py:3820} INFO - Setting next_dagrun for example_sla_dag to 2023-12-20T11:58:00+00:00, run_after=2023-12-20T12:00:00+00:00
[2023-12-20T18:01:13.769+0600] {processor.py:183} INFO - Processing /home/robin/Documents/Tanjim/Miscellaneous Projects/airflow_docker/airflow_in_python_env/env/lib/python3.10/site-packages/airflow/example_dags/example_sla_dag.py took 0.363 seconds
[2023-12-20T18:02:38.986+0600] {processor.py:161} INFO - Started process (PID=68841) to work on /home/robin/Documents/Tanjim/Miscellaneous Projects/airflow_docker/airflow_in_python_env/env/lib/python3.10/site-packages/airflow/example_dags/example_sla_dag.py
[2023-12-20T18:02:38.994+0600] {processor.py:830} INFO - Processing file /home/robin/Documents/Tanjim/Miscellaneous Projects/airflow_docker/airflow_in_python_env/env/lib/python3.10/site-packages/airflow/example_dags/example_sla_dag.py for tasks to queue
[2023-12-20T18:02:38.996+0600] {logging_mixin.py:188} INFO - [2023-12-20T18:02:38.995+0600] {dagbag.py:538} INFO - Filling up the DagBag from /home/robin/Documents/Tanjim/Miscellaneous Projects/airflow_docker/airflow_in_python_env/env/lib/python3.10/site-packages/airflow/example_dags/example_sla_dag.py
[2023-12-20T18:02:39.012+0600] {processor.py:840} INFO - DAG(s) 'example_sla_dag' retrieved from /home/robin/Documents/Tanjim/Miscellaneous Projects/airflow_docker/airflow_in_python_env/env/lib/python3.10/site-packages/airflow/example_dags/example_sla_dag.py
[2023-12-20T18:02:39.043+0600] {logging_mixin.py:188} INFO - [2023-12-20T18:02:39.042+0600] {dag.py:3033} INFO - Sync 1 DAGs
[2023-12-20T18:02:39.093+0600] {logging_mixin.py:188} INFO - [2023-12-20T18:02:39.093+0600] {dag.py:3820} INFO - Setting next_dagrun for example_sla_dag to 2023-12-20T12:00:00+00:00, run_after=2023-12-20T12:02:00+00:00
[2023-12-20T18:02:39.156+0600] {processor.py:183} INFO - Processing /home/robin/Documents/Tanjim/Miscellaneous Projects/airflow_docker/airflow_in_python_env/env/lib/python3.10/site-packages/airflow/example_dags/example_sla_dag.py took 0.176 seconds
[2023-12-20T18:03:31.364+0600] {processor.py:161} INFO - Started process (PID=69244) to work on /home/robin/Documents/Tanjim/Miscellaneous Projects/airflow_docker/airflow_in_python_env/env/lib/python3.10/site-packages/airflow/example_dags/example_sla_dag.py
[2023-12-20T18:03:31.373+0600] {processor.py:830} INFO - Processing file /home/robin/Documents/Tanjim/Miscellaneous Projects/airflow_docker/airflow_in_python_env/env/lib/python3.10/site-packages/airflow/example_dags/example_sla_dag.py for tasks to queue
[2023-12-20T18:03:31.374+0600] {logging_mixin.py:188} INFO - [2023-12-20T18:03:31.373+0600] {dagbag.py:538} INFO - Filling up the DagBag from /home/robin/Documents/Tanjim/Miscellaneous Projects/airflow_docker/airflow_in_python_env/env/lib/python3.10/site-packages/airflow/example_dags/example_sla_dag.py
[2023-12-20T18:03:31.385+0600] {processor.py:840} INFO - DAG(s) 'example_sla_dag' retrieved from /home/robin/Documents/Tanjim/Miscellaneous Projects/airflow_docker/airflow_in_python_env/env/lib/python3.10/site-packages/airflow/example_dags/example_sla_dag.py
[2023-12-20T18:03:31.402+0600] {logging_mixin.py:188} INFO - [2023-12-20T18:03:31.402+0600] {dag.py:3033} INFO - Sync 1 DAGs
[2023-12-20T18:03:31.427+0600] {logging_mixin.py:188} INFO - [2023-12-20T18:03:31.427+0600] {dag.py:3820} INFO - Setting next_dagrun for example_sla_dag to 2023-12-20T12:00:00+00:00, run_after=2023-12-20T12:02:00+00:00
[2023-12-20T18:03:31.450+0600] {processor.py:183} INFO - Processing /home/robin/Documents/Tanjim/Miscellaneous Projects/airflow_docker/airflow_in_python_env/env/lib/python3.10/site-packages/airflow/example_dags/example_sla_dag.py took 0.091 seconds
[2023-12-20T18:04:21.274+0600] {processor.py:161} INFO - Started process (PID=69522) to work on /home/robin/Documents/Tanjim/Miscellaneous Projects/airflow_docker/airflow_in_python_env/env/lib/python3.10/site-packages/airflow/example_dags/example_sla_dag.py
[2023-12-20T18:04:21.283+0600] {processor.py:830} INFO - Processing file /home/robin/Documents/Tanjim/Miscellaneous Projects/airflow_docker/airflow_in_python_env/env/lib/python3.10/site-packages/airflow/example_dags/example_sla_dag.py for tasks to queue
[2023-12-20T18:04:21.284+0600] {logging_mixin.py:188} INFO - [2023-12-20T18:04:21.284+0600] {dagbag.py:538} INFO - Filling up the DagBag from /home/robin/Documents/Tanjim/Miscellaneous Projects/airflow_docker/airflow_in_python_env/env/lib/python3.10/site-packages/airflow/example_dags/example_sla_dag.py
[2023-12-20T18:04:21.303+0600] {processor.py:840} INFO - DAG(s) 'example_sla_dag' retrieved from /home/robin/Documents/Tanjim/Miscellaneous Projects/airflow_docker/airflow_in_python_env/env/lib/python3.10/site-packages/airflow/example_dags/example_sla_dag.py
[2023-12-20T18:04:21.322+0600] {logging_mixin.py:188} INFO - [2023-12-20T18:04:21.322+0600] {dag.py:3033} INFO - Sync 1 DAGs
[2023-12-20T18:04:21.349+0600] {logging_mixin.py:188} INFO - [2023-12-20T18:04:21.349+0600] {dag.py:3820} INFO - Setting next_dagrun for example_sla_dag to 2023-12-20T12:02:00+00:00, run_after=2023-12-20T12:04:00+00:00
[2023-12-20T18:04:21.378+0600] {processor.py:183} INFO - Processing /home/robin/Documents/Tanjim/Miscellaneous Projects/airflow_docker/airflow_in_python_env/env/lib/python3.10/site-packages/airflow/example_dags/example_sla_dag.py took 0.111 seconds
[2023-12-20T18:18:28.657+0600] {processor.py:161} INFO - Started process (PID=72131) to work on /home/robin/Documents/Tanjim/Miscellaneous Projects/airflow_docker/airflow_in_python_env/env/lib/python3.10/site-packages/airflow/example_dags/example_sla_dag.py
[2023-12-20T18:18:28.666+0600] {processor.py:830} INFO - Processing file /home/robin/Documents/Tanjim/Miscellaneous Projects/airflow_docker/airflow_in_python_env/env/lib/python3.10/site-packages/airflow/example_dags/example_sla_dag.py for tasks to queue
[2023-12-20T18:18:28.668+0600] {logging_mixin.py:188} INFO - [2023-12-20T18:18:28.667+0600] {dagbag.py:538} INFO - Filling up the DagBag from /home/robin/Documents/Tanjim/Miscellaneous Projects/airflow_docker/airflow_in_python_env/env/lib/python3.10/site-packages/airflow/example_dags/example_sla_dag.py
[2023-12-20T18:18:28.688+0600] {processor.py:840} INFO - DAG(s) 'example_sla_dag' retrieved from /home/robin/Documents/Tanjim/Miscellaneous Projects/airflow_docker/airflow_in_python_env/env/lib/python3.10/site-packages/airflow/example_dags/example_sla_dag.py
[2023-12-20T18:18:28.719+0600] {logging_mixin.py:188} INFO - [2023-12-20T18:18:28.719+0600] {dag.py:3033} INFO - Sync 1 DAGs
[2023-12-20T18:18:28.744+0600] {logging_mixin.py:188} INFO - [2023-12-20T18:18:28.744+0600] {dag.py:3820} INFO - Setting next_dagrun for example_sla_dag to 2023-12-20T12:16:00+00:00, run_after=2023-12-20T12:18:00+00:00
[2023-12-20T18:18:28.799+0600] {processor.py:183} INFO - Processing /home/robin/Documents/Tanjim/Miscellaneous Projects/airflow_docker/airflow_in_python_env/env/lib/python3.10/site-packages/airflow/example_dags/example_sla_dag.py took 0.148 seconds
[2023-12-20T18:19:24.838+0600] {processor.py:161} INFO - Started process (PID=72281) to work on /home/robin/Documents/Tanjim/Miscellaneous Projects/airflow_docker/airflow_in_python_env/env/lib/python3.10/site-packages/airflow/example_dags/example_sla_dag.py
[2023-12-20T18:19:24.847+0600] {processor.py:830} INFO - Processing file /home/robin/Documents/Tanjim/Miscellaneous Projects/airflow_docker/airflow_in_python_env/env/lib/python3.10/site-packages/airflow/example_dags/example_sla_dag.py for tasks to queue
[2023-12-20T18:19:24.852+0600] {logging_mixin.py:188} INFO - [2023-12-20T18:19:24.851+0600] {dagbag.py:538} INFO - Filling up the DagBag from /home/robin/Documents/Tanjim/Miscellaneous Projects/airflow_docker/airflow_in_python_env/env/lib/python3.10/site-packages/airflow/example_dags/example_sla_dag.py
[2023-12-20T18:19:24.869+0600] {processor.py:840} INFO - DAG(s) 'example_sla_dag' retrieved from /home/robin/Documents/Tanjim/Miscellaneous Projects/airflow_docker/airflow_in_python_env/env/lib/python3.10/site-packages/airflow/example_dags/example_sla_dag.py
[2023-12-20T18:19:24.895+0600] {logging_mixin.py:188} INFO - [2023-12-20T18:19:24.895+0600] {dag.py:3033} INFO - Sync 1 DAGs
[2023-12-20T18:19:24.932+0600] {logging_mixin.py:188} INFO - [2023-12-20T18:19:24.931+0600] {dag.py:3820} INFO - Setting next_dagrun for example_sla_dag to 2023-12-20T12:16:00+00:00, run_after=2023-12-20T12:18:00+00:00
[2023-12-20T18:19:24.974+0600] {processor.py:183} INFO - Processing /home/robin/Documents/Tanjim/Miscellaneous Projects/airflow_docker/airflow_in_python_env/env/lib/python3.10/site-packages/airflow/example_dags/example_sla_dag.py took 0.148 seconds
[2023-12-20T18:20:18.469+0600] {processor.py:161} INFO - Started process (PID=72410) to work on /home/robin/Documents/Tanjim/Miscellaneous Projects/airflow_docker/airflow_in_python_env/env/lib/python3.10/site-packages/airflow/example_dags/example_sla_dag.py
[2023-12-20T18:20:18.477+0600] {processor.py:830} INFO - Processing file /home/robin/Documents/Tanjim/Miscellaneous Projects/airflow_docker/airflow_in_python_env/env/lib/python3.10/site-packages/airflow/example_dags/example_sla_dag.py for tasks to queue
[2023-12-20T18:20:18.479+0600] {logging_mixin.py:188} INFO - [2023-12-20T18:20:18.478+0600] {dagbag.py:538} INFO - Filling up the DagBag from /home/robin/Documents/Tanjim/Miscellaneous Projects/airflow_docker/airflow_in_python_env/env/lib/python3.10/site-packages/airflow/example_dags/example_sla_dag.py
[2023-12-20T18:20:18.493+0600] {processor.py:840} INFO - DAG(s) 'example_sla_dag' retrieved from /home/robin/Documents/Tanjim/Miscellaneous Projects/airflow_docker/airflow_in_python_env/env/lib/python3.10/site-packages/airflow/example_dags/example_sla_dag.py
[2023-12-20T18:20:18.513+0600] {logging_mixin.py:188} INFO - [2023-12-20T18:20:18.512+0600] {dag.py:3033} INFO - Sync 1 DAGs
[2023-12-20T18:20:18.540+0600] {logging_mixin.py:188} INFO - [2023-12-20T18:20:18.540+0600] {dag.py:3820} INFO - Setting next_dagrun for example_sla_dag to 2023-12-20T12:18:00+00:00, run_after=2023-12-20T12:20:00+00:00
[2023-12-20T18:20:18.572+0600] {processor.py:183} INFO - Processing /home/robin/Documents/Tanjim/Miscellaneous Projects/airflow_docker/airflow_in_python_env/env/lib/python3.10/site-packages/airflow/example_dags/example_sla_dag.py took 0.108 seconds
[2023-12-20T18:28:58.632+0600] {processor.py:161} INFO - Started process (PID=75046) to work on /home/robin/Documents/Tanjim/Miscellaneous Projects/airflow_docker/airflow_in_python_env/env/lib/python3.10/site-packages/airflow/example_dags/example_sla_dag.py
[2023-12-20T18:28:58.640+0600] {processor.py:830} INFO - Processing file /home/robin/Documents/Tanjim/Miscellaneous Projects/airflow_docker/airflow_in_python_env/env/lib/python3.10/site-packages/airflow/example_dags/example_sla_dag.py for tasks to queue
[2023-12-20T18:28:58.641+0600] {logging_mixin.py:188} INFO - [2023-12-20T18:28:58.641+0600] {dagbag.py:538} INFO - Filling up the DagBag from /home/robin/Documents/Tanjim/Miscellaneous Projects/airflow_docker/airflow_in_python_env/env/lib/python3.10/site-packages/airflow/example_dags/example_sla_dag.py
[2023-12-20T18:28:58.652+0600] {processor.py:840} INFO - DAG(s) 'example_sla_dag' retrieved from /home/robin/Documents/Tanjim/Miscellaneous Projects/airflow_docker/airflow_in_python_env/env/lib/python3.10/site-packages/airflow/example_dags/example_sla_dag.py
[2023-12-20T18:28:58.673+0600] {logging_mixin.py:188} INFO - [2023-12-20T18:28:58.672+0600] {dag.py:3033} INFO - Sync 1 DAGs
[2023-12-20T18:28:58.708+0600] {logging_mixin.py:188} INFO - [2023-12-20T18:28:58.708+0600] {dag.py:3820} INFO - Setting next_dagrun for example_sla_dag to 2023-12-20T12:26:00+00:00, run_after=2023-12-20T12:28:00+00:00
[2023-12-20T18:28:58.761+0600] {processor.py:183} INFO - Processing /home/robin/Documents/Tanjim/Miscellaneous Projects/airflow_docker/airflow_in_python_env/env/lib/python3.10/site-packages/airflow/example_dags/example_sla_dag.py took 0.133 seconds
[2023-12-20T18:30:15.408+0600] {processor.py:161} INFO - Started process (PID=75628) to work on /home/robin/Documents/Tanjim/Miscellaneous Projects/airflow_docker/airflow_in_python_env/env/lib/python3.10/site-packages/airflow/example_dags/example_sla_dag.py
[2023-12-20T18:30:15.416+0600] {processor.py:830} INFO - Processing file /home/robin/Documents/Tanjim/Miscellaneous Projects/airflow_docker/airflow_in_python_env/env/lib/python3.10/site-packages/airflow/example_dags/example_sla_dag.py for tasks to queue
[2023-12-20T18:30:15.418+0600] {logging_mixin.py:188} INFO - [2023-12-20T18:30:15.418+0600] {dagbag.py:538} INFO - Filling up the DagBag from /home/robin/Documents/Tanjim/Miscellaneous Projects/airflow_docker/airflow_in_python_env/env/lib/python3.10/site-packages/airflow/example_dags/example_sla_dag.py
[2023-12-20T18:30:15.430+0600] {processor.py:840} INFO - DAG(s) 'example_sla_dag' retrieved from /home/robin/Documents/Tanjim/Miscellaneous Projects/airflow_docker/airflow_in_python_env/env/lib/python3.10/site-packages/airflow/example_dags/example_sla_dag.py
[2023-12-20T18:30:15.446+0600] {logging_mixin.py:188} INFO - [2023-12-20T18:30:15.446+0600] {dag.py:3033} INFO - Sync 1 DAGs
[2023-12-20T18:30:15.472+0600] {logging_mixin.py:188} INFO - [2023-12-20T18:30:15.472+0600] {dag.py:3820} INFO - Setting next_dagrun for example_sla_dag to 2023-12-20T12:28:00+00:00, run_after=2023-12-20T12:30:00+00:00
[2023-12-20T18:30:15.497+0600] {processor.py:183} INFO - Processing /home/robin/Documents/Tanjim/Miscellaneous Projects/airflow_docker/airflow_in_python_env/env/lib/python3.10/site-packages/airflow/example_dags/example_sla_dag.py took 0.095 seconds
