[2023-12-20T17:52:57.777+0600] {processor.py:161} INFO - Started process (PID=66342) to work on /home/robin/Documents/Tanjim/Miscellaneous Projects/airflow_docker/airflow_in_python_env/env/lib/python3.10/site-packages/airflow/example_dags/example_task_group_decorator.py
[2023-12-20T17:52:57.778+0600] {processor.py:830} INFO - Processing file /home/robin/Documents/Tanjim/Miscellaneous Projects/airflow_docker/airflow_in_python_env/env/lib/python3.10/site-packages/airflow/example_dags/example_task_group_decorator.py for tasks to queue
[2023-12-20T17:52:57.780+0600] {logging_mixin.py:188} INFO - [2023-12-20T17:52:57.779+0600] {dagbag.py:538} INFO - Filling up the DagBag from /home/robin/Documents/Tanjim/Miscellaneous Projects/airflow_docker/airflow_in_python_env/env/lib/python3.10/site-packages/airflow/example_dags/example_task_group_decorator.py
[2023-12-20T17:52:57.817+0600] {processor.py:840} INFO - DAG(s) 'example_task_group_decorator' retrieved from /home/robin/Documents/Tanjim/Miscellaneous Projects/airflow_docker/airflow_in_python_env/env/lib/python3.10/site-packages/airflow/example_dags/example_task_group_decorator.py
[2023-12-20T17:52:57.937+0600] {logging_mixin.py:188} INFO - [2023-12-20T17:52:57.937+0600] {dag.py:3033} INFO - Sync 1 DAGs
[2023-12-20T17:52:57.957+0600] {logging_mixin.py:188} INFO - [2023-12-20T17:52:57.957+0600] {dag.py:3820} INFO - Setting next_dagrun for example_task_group_decorator to 2023-12-19T00:00:00+00:00, run_after=2023-12-20T00:00:00+00:00
[2023-12-20T17:52:57.991+0600] {processor.py:183} INFO - Processing /home/robin/Documents/Tanjim/Miscellaneous Projects/airflow_docker/airflow_in_python_env/env/lib/python3.10/site-packages/airflow/example_dags/example_task_group_decorator.py took 0.220 seconds
[2023-12-20T17:58:12.727+0600] {processor.py:161} INFO - Started process (PID=67019) to work on /home/robin/Documents/Tanjim/Miscellaneous Projects/airflow_docker/airflow_in_python_env/env/lib/python3.10/site-packages/airflow/example_dags/example_task_group_decorator.py
[2023-12-20T17:58:12.735+0600] {processor.py:830} INFO - Processing file /home/robin/Documents/Tanjim/Miscellaneous Projects/airflow_docker/airflow_in_python_env/env/lib/python3.10/site-packages/airflow/example_dags/example_task_group_decorator.py for tasks to queue
[2023-12-20T17:58:12.736+0600] {logging_mixin.py:188} INFO - [2023-12-20T17:58:12.736+0600] {dagbag.py:538} INFO - Filling up the DagBag from /home/robin/Documents/Tanjim/Miscellaneous Projects/airflow_docker/airflow_in_python_env/env/lib/python3.10/site-packages/airflow/example_dags/example_task_group_decorator.py
[2023-12-20T17:58:12.755+0600] {processor.py:840} INFO - DAG(s) 'example_task_group_decorator' retrieved from /home/robin/Documents/Tanjim/Miscellaneous Projects/airflow_docker/airflow_in_python_env/env/lib/python3.10/site-packages/airflow/example_dags/example_task_group_decorator.py
[2023-12-20T17:58:12.778+0600] {logging_mixin.py:188} INFO - [2023-12-20T17:58:12.777+0600] {dag.py:3033} INFO - Sync 1 DAGs
[2023-12-20T17:58:12.798+0600] {logging_mixin.py:188} INFO - [2023-12-20T17:58:12.798+0600] {dag.py:3820} INFO - Setting next_dagrun for example_task_group_decorator to 2023-12-19T00:00:00+00:00, run_after=2023-12-20T00:00:00+00:00
[2023-12-20T17:58:12.830+0600] {processor.py:183} INFO - Processing /home/robin/Documents/Tanjim/Miscellaneous Projects/airflow_docker/airflow_in_python_env/env/lib/python3.10/site-packages/airflow/example_dags/example_task_group_decorator.py took 0.107 seconds
[2023-12-20T17:59:09.623+0600] {processor.py:161} INFO - Started process (PID=67262) to work on /home/robin/Documents/Tanjim/Miscellaneous Projects/airflow_docker/airflow_in_python_env/env/lib/python3.10/site-packages/airflow/example_dags/example_task_group_decorator.py
[2023-12-20T17:59:09.631+0600] {processor.py:830} INFO - Processing file /home/robin/Documents/Tanjim/Miscellaneous Projects/airflow_docker/airflow_in_python_env/env/lib/python3.10/site-packages/airflow/example_dags/example_task_group_decorator.py for tasks to queue
[2023-12-20T17:59:09.633+0600] {logging_mixin.py:188} INFO - [2023-12-20T17:59:09.632+0600] {dagbag.py:538} INFO - Filling up the DagBag from /home/robin/Documents/Tanjim/Miscellaneous Projects/airflow_docker/airflow_in_python_env/env/lib/python3.10/site-packages/airflow/example_dags/example_task_group_decorator.py
[2023-12-20T17:59:09.656+0600] {processor.py:840} INFO - DAG(s) 'example_task_group_decorator' retrieved from /home/robin/Documents/Tanjim/Miscellaneous Projects/airflow_docker/airflow_in_python_env/env/lib/python3.10/site-packages/airflow/example_dags/example_task_group_decorator.py
[2023-12-20T17:59:09.680+0600] {logging_mixin.py:188} INFO - [2023-12-20T17:59:09.680+0600] {dag.py:3033} INFO - Sync 1 DAGs
[2023-12-20T17:59:09.704+0600] {logging_mixin.py:188} INFO - [2023-12-20T17:59:09.704+0600] {dag.py:3820} INFO - Setting next_dagrun for example_task_group_decorator to 2023-12-19T00:00:00+00:00, run_after=2023-12-20T00:00:00+00:00
[2023-12-20T17:59:09.747+0600] {processor.py:183} INFO - Processing /home/robin/Documents/Tanjim/Miscellaneous Projects/airflow_docker/airflow_in_python_env/env/lib/python3.10/site-packages/airflow/example_dags/example_task_group_decorator.py took 0.131 seconds
[2023-12-20T18:00:00.084+0600] {processor.py:161} INFO - Started process (PID=67445) to work on /home/robin/Documents/Tanjim/Miscellaneous Projects/airflow_docker/airflow_in_python_env/env/lib/python3.10/site-packages/airflow/example_dags/example_task_group_decorator.py
[2023-12-20T18:00:00.092+0600] {processor.py:830} INFO - Processing file /home/robin/Documents/Tanjim/Miscellaneous Projects/airflow_docker/airflow_in_python_env/env/lib/python3.10/site-packages/airflow/example_dags/example_task_group_decorator.py for tasks to queue
[2023-12-20T18:00:00.094+0600] {logging_mixin.py:188} INFO - [2023-12-20T18:00:00.093+0600] {dagbag.py:538} INFO - Filling up the DagBag from /home/robin/Documents/Tanjim/Miscellaneous Projects/airflow_docker/airflow_in_python_env/env/lib/python3.10/site-packages/airflow/example_dags/example_task_group_decorator.py
[2023-12-20T18:00:00.130+0600] {processor.py:840} INFO - DAG(s) 'example_task_group_decorator' retrieved from /home/robin/Documents/Tanjim/Miscellaneous Projects/airflow_docker/airflow_in_python_env/env/lib/python3.10/site-packages/airflow/example_dags/example_task_group_decorator.py
[2023-12-20T18:00:00.167+0600] {logging_mixin.py:188} INFO - [2023-12-20T18:00:00.167+0600] {dag.py:3033} INFO - Sync 1 DAGs
[2023-12-20T18:00:00.201+0600] {logging_mixin.py:188} INFO - [2023-12-20T18:00:00.201+0600] {dag.py:3820} INFO - Setting next_dagrun for example_task_group_decorator to 2023-12-19T00:00:00+00:00, run_after=2023-12-20T00:00:00+00:00
[2023-12-20T18:00:00.257+0600] {processor.py:183} INFO - Processing /home/robin/Documents/Tanjim/Miscellaneous Projects/airflow_docker/airflow_in_python_env/env/lib/python3.10/site-packages/airflow/example_dags/example_task_group_decorator.py took 0.178 seconds
[2023-12-20T18:00:49.828+0600] {processor.py:161} INFO - Started process (PID=67645) to work on /home/robin/Documents/Tanjim/Miscellaneous Projects/airflow_docker/airflow_in_python_env/env/lib/python3.10/site-packages/airflow/example_dags/example_task_group_decorator.py
[2023-12-20T18:00:49.830+0600] {processor.py:830} INFO - Processing file /home/robin/Documents/Tanjim/Miscellaneous Projects/airflow_docker/airflow_in_python_env/env/lib/python3.10/site-packages/airflow/example_dags/example_task_group_decorator.py for tasks to queue
[2023-12-20T18:00:49.832+0600] {logging_mixin.py:188} INFO - [2023-12-20T18:00:49.831+0600] {dagbag.py:538} INFO - Filling up the DagBag from /home/robin/Documents/Tanjim/Miscellaneous Projects/airflow_docker/airflow_in_python_env/env/lib/python3.10/site-packages/airflow/example_dags/example_task_group_decorator.py
[2023-12-20T18:00:49.886+0600] {processor.py:840} INFO - DAG(s) 'example_task_group_decorator' retrieved from /home/robin/Documents/Tanjim/Miscellaneous Projects/airflow_docker/airflow_in_python_env/env/lib/python3.10/site-packages/airflow/example_dags/example_task_group_decorator.py
[2023-12-20T18:00:49.998+0600] {logging_mixin.py:188} INFO - [2023-12-20T18:00:49.998+0600] {dag.py:3033} INFO - Sync 1 DAGs
[2023-12-20T18:00:50.139+0600] {logging_mixin.py:188} INFO - [2023-12-20T18:00:50.139+0600] {dag.py:3820} INFO - Setting next_dagrun for example_task_group_decorator to 2023-12-19T00:00:00+00:00, run_after=2023-12-20T00:00:00+00:00
[2023-12-20T18:00:50.372+0600] {processor.py:183} INFO - Processing /home/robin/Documents/Tanjim/Miscellaneous Projects/airflow_docker/airflow_in_python_env/env/lib/python3.10/site-packages/airflow/example_dags/example_task_group_decorator.py took 0.551 seconds
[2023-12-20T18:02:05.418+0600] {processor.py:161} INFO - Started process (PID=68515) to work on /home/robin/Documents/Tanjim/Miscellaneous Projects/airflow_docker/airflow_in_python_env/env/lib/python3.10/site-packages/airflow/example_dags/example_task_group_decorator.py
[2023-12-20T18:02:05.441+0600] {processor.py:830} INFO - Processing file /home/robin/Documents/Tanjim/Miscellaneous Projects/airflow_docker/airflow_in_python_env/env/lib/python3.10/site-packages/airflow/example_dags/example_task_group_decorator.py for tasks to queue
[2023-12-20T18:02:05.452+0600] {logging_mixin.py:188} INFO - [2023-12-20T18:02:05.451+0600] {dagbag.py:538} INFO - Filling up the DagBag from /home/robin/Documents/Tanjim/Miscellaneous Projects/airflow_docker/airflow_in_python_env/env/lib/python3.10/site-packages/airflow/example_dags/example_task_group_decorator.py
[2023-12-20T18:02:05.498+0600] {processor.py:840} INFO - DAG(s) 'example_task_group_decorator' retrieved from /home/robin/Documents/Tanjim/Miscellaneous Projects/airflow_docker/airflow_in_python_env/env/lib/python3.10/site-packages/airflow/example_dags/example_task_group_decorator.py
[2023-12-20T18:02:05.527+0600] {logging_mixin.py:188} INFO - [2023-12-20T18:02:05.527+0600] {dag.py:3033} INFO - Sync 1 DAGs
[2023-12-20T18:02:05.548+0600] {logging_mixin.py:188} INFO - [2023-12-20T18:02:05.547+0600] {dag.py:3820} INFO - Setting next_dagrun for example_task_group_decorator to 2023-12-19T00:00:00+00:00, run_after=2023-12-20T00:00:00+00:00
[2023-12-20T18:02:05.576+0600] {processor.py:183} INFO - Processing /home/robin/Documents/Tanjim/Miscellaneous Projects/airflow_docker/airflow_in_python_env/env/lib/python3.10/site-packages/airflow/example_dags/example_task_group_decorator.py took 0.168 seconds
[2023-12-20T18:03:09.144+0600] {processor.py:161} INFO - Started process (PID=69152) to work on /home/robin/Documents/Tanjim/Miscellaneous Projects/airflow_docker/airflow_in_python_env/env/lib/python3.10/site-packages/airflow/example_dags/example_task_group_decorator.py
[2023-12-20T18:03:09.153+0600] {processor.py:830} INFO - Processing file /home/robin/Documents/Tanjim/Miscellaneous Projects/airflow_docker/airflow_in_python_env/env/lib/python3.10/site-packages/airflow/example_dags/example_task_group_decorator.py for tasks to queue
[2023-12-20T18:03:09.154+0600] {logging_mixin.py:188} INFO - [2023-12-20T18:03:09.154+0600] {dagbag.py:538} INFO - Filling up the DagBag from /home/robin/Documents/Tanjim/Miscellaneous Projects/airflow_docker/airflow_in_python_env/env/lib/python3.10/site-packages/airflow/example_dags/example_task_group_decorator.py
[2023-12-20T18:03:09.183+0600] {processor.py:840} INFO - DAG(s) 'example_task_group_decorator' retrieved from /home/robin/Documents/Tanjim/Miscellaneous Projects/airflow_docker/airflow_in_python_env/env/lib/python3.10/site-packages/airflow/example_dags/example_task_group_decorator.py
[2023-12-20T18:03:09.207+0600] {logging_mixin.py:188} INFO - [2023-12-20T18:03:09.207+0600] {dag.py:3033} INFO - Sync 1 DAGs
[2023-12-20T18:03:09.234+0600] {logging_mixin.py:188} INFO - [2023-12-20T18:03:09.234+0600] {dag.py:3820} INFO - Setting next_dagrun for example_task_group_decorator to 2023-12-19T00:00:00+00:00, run_after=2023-12-20T00:00:00+00:00
[2023-12-20T18:03:09.272+0600] {processor.py:183} INFO - Processing /home/robin/Documents/Tanjim/Miscellaneous Projects/airflow_docker/airflow_in_python_env/env/lib/python3.10/site-packages/airflow/example_dags/example_task_group_decorator.py took 0.133 seconds
[2023-12-20T18:03:57.172+0600] {processor.py:161} INFO - Started process (PID=69329) to work on /home/robin/Documents/Tanjim/Miscellaneous Projects/airflow_docker/airflow_in_python_env/env/lib/python3.10/site-packages/airflow/example_dags/example_task_group_decorator.py
[2023-12-20T18:03:57.180+0600] {processor.py:830} INFO - Processing file /home/robin/Documents/Tanjim/Miscellaneous Projects/airflow_docker/airflow_in_python_env/env/lib/python3.10/site-packages/airflow/example_dags/example_task_group_decorator.py for tasks to queue
[2023-12-20T18:03:57.182+0600] {logging_mixin.py:188} INFO - [2023-12-20T18:03:57.181+0600] {dagbag.py:538} INFO - Filling up the DagBag from /home/robin/Documents/Tanjim/Miscellaneous Projects/airflow_docker/airflow_in_python_env/env/lib/python3.10/site-packages/airflow/example_dags/example_task_group_decorator.py
[2023-12-20T18:03:57.230+0600] {processor.py:840} INFO - DAG(s) 'example_task_group_decorator' retrieved from /home/robin/Documents/Tanjim/Miscellaneous Projects/airflow_docker/airflow_in_python_env/env/lib/python3.10/site-packages/airflow/example_dags/example_task_group_decorator.py
[2023-12-20T18:03:57.282+0600] {logging_mixin.py:188} INFO - [2023-12-20T18:03:57.282+0600] {dag.py:3033} INFO - Sync 1 DAGs
[2023-12-20T18:03:57.323+0600] {logging_mixin.py:188} INFO - [2023-12-20T18:03:57.322+0600] {dag.py:3820} INFO - Setting next_dagrun for example_task_group_decorator to 2023-12-19T00:00:00+00:00, run_after=2023-12-20T00:00:00+00:00
[2023-12-20T18:03:57.382+0600] {processor.py:183} INFO - Processing /home/robin/Documents/Tanjim/Miscellaneous Projects/airflow_docker/airflow_in_python_env/env/lib/python3.10/site-packages/airflow/example_dags/example_task_group_decorator.py took 0.217 seconds
[2023-12-20T18:04:45.311+0600] {processor.py:161} INFO - Started process (PID=69581) to work on /home/robin/Documents/Tanjim/Miscellaneous Projects/airflow_docker/airflow_in_python_env/env/lib/python3.10/site-packages/airflow/example_dags/example_task_group_decorator.py
[2023-12-20T18:04:45.319+0600] {processor.py:830} INFO - Processing file /home/robin/Documents/Tanjim/Miscellaneous Projects/airflow_docker/airflow_in_python_env/env/lib/python3.10/site-packages/airflow/example_dags/example_task_group_decorator.py for tasks to queue
[2023-12-20T18:04:45.321+0600] {logging_mixin.py:188} INFO - [2023-12-20T18:04:45.320+0600] {dagbag.py:538} INFO - Filling up the DagBag from /home/robin/Documents/Tanjim/Miscellaneous Projects/airflow_docker/airflow_in_python_env/env/lib/python3.10/site-packages/airflow/example_dags/example_task_group_decorator.py
[2023-12-20T18:04:45.354+0600] {processor.py:840} INFO - DAG(s) 'example_task_group_decorator' retrieved from /home/robin/Documents/Tanjim/Miscellaneous Projects/airflow_docker/airflow_in_python_env/env/lib/python3.10/site-packages/airflow/example_dags/example_task_group_decorator.py
[2023-12-20T18:04:45.388+0600] {logging_mixin.py:188} INFO - [2023-12-20T18:04:45.388+0600] {dag.py:3033} INFO - Sync 1 DAGs
[2023-12-20T18:04:45.411+0600] {logging_mixin.py:188} INFO - [2023-12-20T18:04:45.411+0600] {dag.py:3820} INFO - Setting next_dagrun for example_task_group_decorator to 2023-12-19T00:00:00+00:00, run_after=2023-12-20T00:00:00+00:00
[2023-12-20T18:04:45.450+0600] {processor.py:183} INFO - Processing /home/robin/Documents/Tanjim/Miscellaneous Projects/airflow_docker/airflow_in_python_env/env/lib/python3.10/site-packages/airflow/example_dags/example_task_group_decorator.py took 0.143 seconds
[2023-12-20T18:05:58.165+0600] {processor.py:161} INFO - Started process (PID=70158) to work on /home/robin/Documents/Tanjim/Miscellaneous Projects/airflow_docker/airflow_in_python_env/env/lib/python3.10/site-packages/airflow/example_dags/example_task_group_decorator.py
[2023-12-20T18:05:58.174+0600] {processor.py:830} INFO - Processing file /home/robin/Documents/Tanjim/Miscellaneous Projects/airflow_docker/airflow_in_python_env/env/lib/python3.10/site-packages/airflow/example_dags/example_task_group_decorator.py for tasks to queue
[2023-12-20T18:05:58.175+0600] {logging_mixin.py:188} INFO - [2023-12-20T18:05:58.174+0600] {dagbag.py:538} INFO - Filling up the DagBag from /home/robin/Documents/Tanjim/Miscellaneous Projects/airflow_docker/airflow_in_python_env/env/lib/python3.10/site-packages/airflow/example_dags/example_task_group_decorator.py
[2023-12-20T18:05:58.197+0600] {processor.py:840} INFO - DAG(s) 'example_task_group_decorator' retrieved from /home/robin/Documents/Tanjim/Miscellaneous Projects/airflow_docker/airflow_in_python_env/env/lib/python3.10/site-packages/airflow/example_dags/example_task_group_decorator.py
[2023-12-20T18:05:58.221+0600] {logging_mixin.py:188} INFO - [2023-12-20T18:05:58.221+0600] {dag.py:3033} INFO - Sync 1 DAGs
[2023-12-20T18:05:58.241+0600] {logging_mixin.py:188} INFO - [2023-12-20T18:05:58.241+0600] {dag.py:3820} INFO - Setting next_dagrun for example_task_group_decorator to 2023-12-19T00:00:00+00:00, run_after=2023-12-20T00:00:00+00:00
[2023-12-20T18:05:58.275+0600] {processor.py:183} INFO - Processing /home/robin/Documents/Tanjim/Miscellaneous Projects/airflow_docker/airflow_in_python_env/env/lib/python3.10/site-packages/airflow/example_dags/example_task_group_decorator.py took 0.114 seconds
[2023-12-20T18:18:10.468+0600] {processor.py:161} INFO - Started process (PID=72061) to work on /home/robin/Documents/Tanjim/Miscellaneous Projects/airflow_docker/airflow_in_python_env/env/lib/python3.10/site-packages/airflow/example_dags/example_task_group_decorator.py
[2023-12-20T18:18:10.476+0600] {processor.py:830} INFO - Processing file /home/robin/Documents/Tanjim/Miscellaneous Projects/airflow_docker/airflow_in_python_env/env/lib/python3.10/site-packages/airflow/example_dags/example_task_group_decorator.py for tasks to queue
[2023-12-20T18:18:10.477+0600] {logging_mixin.py:188} INFO - [2023-12-20T18:18:10.477+0600] {dagbag.py:538} INFO - Filling up the DagBag from /home/robin/Documents/Tanjim/Miscellaneous Projects/airflow_docker/airflow_in_python_env/env/lib/python3.10/site-packages/airflow/example_dags/example_task_group_decorator.py
[2023-12-20T18:18:10.505+0600] {processor.py:840} INFO - DAG(s) 'example_task_group_decorator' retrieved from /home/robin/Documents/Tanjim/Miscellaneous Projects/airflow_docker/airflow_in_python_env/env/lib/python3.10/site-packages/airflow/example_dags/example_task_group_decorator.py
[2023-12-20T18:18:10.529+0600] {logging_mixin.py:188} INFO - [2023-12-20T18:18:10.528+0600] {dag.py:3033} INFO - Sync 1 DAGs
[2023-12-20T18:18:10.549+0600] {logging_mixin.py:188} INFO - [2023-12-20T18:18:10.548+0600] {dag.py:3820} INFO - Setting next_dagrun for example_task_group_decorator to 2023-12-19T00:00:00+00:00, run_after=2023-12-20T00:00:00+00:00
[2023-12-20T18:18:10.606+0600] {processor.py:183} INFO - Processing /home/robin/Documents/Tanjim/Miscellaneous Projects/airflow_docker/airflow_in_python_env/env/lib/python3.10/site-packages/airflow/example_dags/example_task_group_decorator.py took 0.142 seconds
[2023-12-20T18:19:05.022+0600] {processor.py:161} INFO - Started process (PID=72227) to work on /home/robin/Documents/Tanjim/Miscellaneous Projects/airflow_docker/airflow_in_python_env/env/lib/python3.10/site-packages/airflow/example_dags/example_task_group_decorator.py
[2023-12-20T18:19:05.031+0600] {processor.py:830} INFO - Processing file /home/robin/Documents/Tanjim/Miscellaneous Projects/airflow_docker/airflow_in_python_env/env/lib/python3.10/site-packages/airflow/example_dags/example_task_group_decorator.py for tasks to queue
[2023-12-20T18:19:05.034+0600] {logging_mixin.py:188} INFO - [2023-12-20T18:19:05.033+0600] {dagbag.py:538} INFO - Filling up the DagBag from /home/robin/Documents/Tanjim/Miscellaneous Projects/airflow_docker/airflow_in_python_env/env/lib/python3.10/site-packages/airflow/example_dags/example_task_group_decorator.py
[2023-12-20T18:19:05.072+0600] {processor.py:840} INFO - DAG(s) 'example_task_group_decorator' retrieved from /home/robin/Documents/Tanjim/Miscellaneous Projects/airflow_docker/airflow_in_python_env/env/lib/python3.10/site-packages/airflow/example_dags/example_task_group_decorator.py
[2023-12-20T18:19:05.097+0600] {logging_mixin.py:188} INFO - [2023-12-20T18:19:05.097+0600] {dag.py:3033} INFO - Sync 1 DAGs
[2023-12-20T18:19:05.121+0600] {logging_mixin.py:188} INFO - [2023-12-20T18:19:05.120+0600] {dag.py:3820} INFO - Setting next_dagrun for example_task_group_decorator to 2023-12-19T00:00:00+00:00, run_after=2023-12-20T00:00:00+00:00
[2023-12-20T18:19:05.154+0600] {processor.py:183} INFO - Processing /home/robin/Documents/Tanjim/Miscellaneous Projects/airflow_docker/airflow_in_python_env/env/lib/python3.10/site-packages/airflow/example_dags/example_task_group_decorator.py took 0.145 seconds
[2023-12-20T18:19:57.782+0600] {processor.py:161} INFO - Started process (PID=72361) to work on /home/robin/Documents/Tanjim/Miscellaneous Projects/airflow_docker/airflow_in_python_env/env/lib/python3.10/site-packages/airflow/example_dags/example_task_group_decorator.py
[2023-12-20T18:19:57.791+0600] {processor.py:830} INFO - Processing file /home/robin/Documents/Tanjim/Miscellaneous Projects/airflow_docker/airflow_in_python_env/env/lib/python3.10/site-packages/airflow/example_dags/example_task_group_decorator.py for tasks to queue
[2023-12-20T18:19:57.792+0600] {logging_mixin.py:188} INFO - [2023-12-20T18:19:57.791+0600] {dagbag.py:538} INFO - Filling up the DagBag from /home/robin/Documents/Tanjim/Miscellaneous Projects/airflow_docker/airflow_in_python_env/env/lib/python3.10/site-packages/airflow/example_dags/example_task_group_decorator.py
[2023-12-20T18:19:57.820+0600] {processor.py:840} INFO - DAG(s) 'example_task_group_decorator' retrieved from /home/robin/Documents/Tanjim/Miscellaneous Projects/airflow_docker/airflow_in_python_env/env/lib/python3.10/site-packages/airflow/example_dags/example_task_group_decorator.py
[2023-12-20T18:19:57.851+0600] {logging_mixin.py:188} INFO - [2023-12-20T18:19:57.850+0600] {dag.py:3033} INFO - Sync 1 DAGs
[2023-12-20T18:19:57.882+0600] {logging_mixin.py:188} INFO - [2023-12-20T18:19:57.882+0600] {dag.py:3820} INFO - Setting next_dagrun for example_task_group_decorator to 2023-12-19T00:00:00+00:00, run_after=2023-12-20T00:00:00+00:00
[2023-12-20T18:19:57.911+0600] {processor.py:183} INFO - Processing /home/robin/Documents/Tanjim/Miscellaneous Projects/airflow_docker/airflow_in_python_env/env/lib/python3.10/site-packages/airflow/example_dags/example_task_group_decorator.py took 0.134 seconds
[2023-12-20T18:20:46.958+0600] {processor.py:161} INFO - Started process (PID=72520) to work on /home/robin/Documents/Tanjim/Miscellaneous Projects/airflow_docker/airflow_in_python_env/env/lib/python3.10/site-packages/airflow/example_dags/example_task_group_decorator.py
[2023-12-20T18:20:46.968+0600] {processor.py:830} INFO - Processing file /home/robin/Documents/Tanjim/Miscellaneous Projects/airflow_docker/airflow_in_python_env/env/lib/python3.10/site-packages/airflow/example_dags/example_task_group_decorator.py for tasks to queue
[2023-12-20T18:20:46.970+0600] {logging_mixin.py:188} INFO - [2023-12-20T18:20:46.970+0600] {dagbag.py:538} INFO - Filling up the DagBag from /home/robin/Documents/Tanjim/Miscellaneous Projects/airflow_docker/airflow_in_python_env/env/lib/python3.10/site-packages/airflow/example_dags/example_task_group_decorator.py
[2023-12-20T18:20:47.014+0600] {processor.py:840} INFO - DAG(s) 'example_task_group_decorator' retrieved from /home/robin/Documents/Tanjim/Miscellaneous Projects/airflow_docker/airflow_in_python_env/env/lib/python3.10/site-packages/airflow/example_dags/example_task_group_decorator.py
[2023-12-20T18:20:47.054+0600] {logging_mixin.py:188} INFO - [2023-12-20T18:20:47.053+0600] {dag.py:3033} INFO - Sync 1 DAGs
[2023-12-20T18:20:47.100+0600] {logging_mixin.py:188} INFO - [2023-12-20T18:20:47.100+0600] {dag.py:3820} INFO - Setting next_dagrun for example_task_group_decorator to 2023-12-19T00:00:00+00:00, run_after=2023-12-20T00:00:00+00:00
[2023-12-20T18:20:47.148+0600] {processor.py:183} INFO - Processing /home/robin/Documents/Tanjim/Miscellaneous Projects/airflow_docker/airflow_in_python_env/env/lib/python3.10/site-packages/airflow/example_dags/example_task_group_decorator.py took 0.196 seconds
[2023-12-20T18:22:06.277+0600] {processor.py:161} INFO - Started process (PID=72886) to work on /home/robin/Documents/Tanjim/Miscellaneous Projects/airflow_docker/airflow_in_python_env/env/lib/python3.10/site-packages/airflow/example_dags/example_task_group_decorator.py
[2023-12-20T18:22:06.285+0600] {processor.py:830} INFO - Processing file /home/robin/Documents/Tanjim/Miscellaneous Projects/airflow_docker/airflow_in_python_env/env/lib/python3.10/site-packages/airflow/example_dags/example_task_group_decorator.py for tasks to queue
[2023-12-20T18:22:06.287+0600] {logging_mixin.py:188} INFO - [2023-12-20T18:22:06.286+0600] {dagbag.py:538} INFO - Filling up the DagBag from /home/robin/Documents/Tanjim/Miscellaneous Projects/airflow_docker/airflow_in_python_env/env/lib/python3.10/site-packages/airflow/example_dags/example_task_group_decorator.py
[2023-12-20T18:22:06.323+0600] {processor.py:840} INFO - DAG(s) 'example_task_group_decorator' retrieved from /home/robin/Documents/Tanjim/Miscellaneous Projects/airflow_docker/airflow_in_python_env/env/lib/python3.10/site-packages/airflow/example_dags/example_task_group_decorator.py
[2023-12-20T18:22:06.347+0600] {logging_mixin.py:188} INFO - [2023-12-20T18:22:06.347+0600] {dag.py:3033} INFO - Sync 1 DAGs
[2023-12-20T18:22:06.367+0600] {logging_mixin.py:188} INFO - [2023-12-20T18:22:06.367+0600] {dag.py:3820} INFO - Setting next_dagrun for example_task_group_decorator to 2023-12-19T00:00:00+00:00, run_after=2023-12-20T00:00:00+00:00
[2023-12-20T18:22:06.399+0600] {processor.py:183} INFO - Processing /home/robin/Documents/Tanjim/Miscellaneous Projects/airflow_docker/airflow_in_python_env/env/lib/python3.10/site-packages/airflow/example_dags/example_task_group_decorator.py took 0.129 seconds
[2023-12-20T18:27:01.997+0600] {processor.py:161} INFO - Started process (PID=74221) to work on /home/robin/Documents/Tanjim/Miscellaneous Projects/airflow_docker/airflow_in_python_env/env/lib/python3.10/site-packages/airflow/example_dags/example_task_group_decorator.py
[2023-12-20T18:27:02.005+0600] {processor.py:830} INFO - Processing file /home/robin/Documents/Tanjim/Miscellaneous Projects/airflow_docker/airflow_in_python_env/env/lib/python3.10/site-packages/airflow/example_dags/example_task_group_decorator.py for tasks to queue
[2023-12-20T18:27:02.006+0600] {logging_mixin.py:188} INFO - [2023-12-20T18:27:02.006+0600] {dagbag.py:538} INFO - Filling up the DagBag from /home/robin/Documents/Tanjim/Miscellaneous Projects/airflow_docker/airflow_in_python_env/env/lib/python3.10/site-packages/airflow/example_dags/example_task_group_decorator.py
[2023-12-20T18:27:02.029+0600] {processor.py:840} INFO - DAG(s) 'example_task_group_decorator' retrieved from /home/robin/Documents/Tanjim/Miscellaneous Projects/airflow_docker/airflow_in_python_env/env/lib/python3.10/site-packages/airflow/example_dags/example_task_group_decorator.py
[2023-12-20T18:27:02.052+0600] {logging_mixin.py:188} INFO - [2023-12-20T18:27:02.052+0600] {dag.py:3033} INFO - Sync 1 DAGs
[2023-12-20T18:27:02.073+0600] {logging_mixin.py:188} INFO - [2023-12-20T18:27:02.073+0600] {dag.py:3820} INFO - Setting next_dagrun for example_task_group_decorator to 2023-12-19T00:00:00+00:00, run_after=2023-12-20T00:00:00+00:00
[2023-12-20T18:27:02.101+0600] {processor.py:183} INFO - Processing /home/robin/Documents/Tanjim/Miscellaneous Projects/airflow_docker/airflow_in_python_env/env/lib/python3.10/site-packages/airflow/example_dags/example_task_group_decorator.py took 0.110 seconds
[2023-12-20T18:28:38.982+0600] {processor.py:161} INFO - Started process (PID=74754) to work on /home/robin/Documents/Tanjim/Miscellaneous Projects/airflow_docker/airflow_in_python_env/env/lib/python3.10/site-packages/airflow/example_dags/example_task_group_decorator.py
[2023-12-20T18:28:38.994+0600] {processor.py:830} INFO - Processing file /home/robin/Documents/Tanjim/Miscellaneous Projects/airflow_docker/airflow_in_python_env/env/lib/python3.10/site-packages/airflow/example_dags/example_task_group_decorator.py for tasks to queue
[2023-12-20T18:28:38.996+0600] {logging_mixin.py:188} INFO - [2023-12-20T18:28:38.996+0600] {dagbag.py:538} INFO - Filling up the DagBag from /home/robin/Documents/Tanjim/Miscellaneous Projects/airflow_docker/airflow_in_python_env/env/lib/python3.10/site-packages/airflow/example_dags/example_task_group_decorator.py
[2023-12-20T18:28:39.030+0600] {processor.py:840} INFO - DAG(s) 'example_task_group_decorator' retrieved from /home/robin/Documents/Tanjim/Miscellaneous Projects/airflow_docker/airflow_in_python_env/env/lib/python3.10/site-packages/airflow/example_dags/example_task_group_decorator.py
[2023-12-20T18:28:39.064+0600] {logging_mixin.py:188} INFO - [2023-12-20T18:28:39.064+0600] {dag.py:3033} INFO - Sync 1 DAGs
[2023-12-20T18:28:39.094+0600] {logging_mixin.py:188} INFO - [2023-12-20T18:28:39.094+0600] {dag.py:3820} INFO - Setting next_dagrun for example_task_group_decorator to 2023-12-19T00:00:00+00:00, run_after=2023-12-20T00:00:00+00:00
[2023-12-20T18:28:39.132+0600] {processor.py:183} INFO - Processing /home/robin/Documents/Tanjim/Miscellaneous Projects/airflow_docker/airflow_in_python_env/env/lib/python3.10/site-packages/airflow/example_dags/example_task_group_decorator.py took 0.156 seconds
[2023-12-20T18:29:57.132+0600] {processor.py:161} INFO - Started process (PID=75589) to work on /home/robin/Documents/Tanjim/Miscellaneous Projects/airflow_docker/airflow_in_python_env/env/lib/python3.10/site-packages/airflow/example_dags/example_task_group_decorator.py
[2023-12-20T18:29:57.140+0600] {processor.py:830} INFO - Processing file /home/robin/Documents/Tanjim/Miscellaneous Projects/airflow_docker/airflow_in_python_env/env/lib/python3.10/site-packages/airflow/example_dags/example_task_group_decorator.py for tasks to queue
[2023-12-20T18:29:57.142+0600] {logging_mixin.py:188} INFO - [2023-12-20T18:29:57.141+0600] {dagbag.py:538} INFO - Filling up the DagBag from /home/robin/Documents/Tanjim/Miscellaneous Projects/airflow_docker/airflow_in_python_env/env/lib/python3.10/site-packages/airflow/example_dags/example_task_group_decorator.py
[2023-12-20T18:29:57.164+0600] {processor.py:840} INFO - DAG(s) 'example_task_group_decorator' retrieved from /home/robin/Documents/Tanjim/Miscellaneous Projects/airflow_docker/airflow_in_python_env/env/lib/python3.10/site-packages/airflow/example_dags/example_task_group_decorator.py
[2023-12-20T18:29:57.189+0600] {logging_mixin.py:188} INFO - [2023-12-20T18:29:57.189+0600] {dag.py:3033} INFO - Sync 1 DAGs
[2023-12-20T18:29:57.214+0600] {logging_mixin.py:188} INFO - [2023-12-20T18:29:57.213+0600] {dag.py:3820} INFO - Setting next_dagrun for example_task_group_decorator to 2023-12-19T00:00:00+00:00, run_after=2023-12-20T00:00:00+00:00
[2023-12-20T18:29:57.286+0600] {processor.py:183} INFO - Processing /home/robin/Documents/Tanjim/Miscellaneous Projects/airflow_docker/airflow_in_python_env/env/lib/python3.10/site-packages/airflow/example_dags/example_task_group_decorator.py took 0.158 seconds
