[2023-12-20T17:53:01.578+0600] {processor.py:161} INFO - Started process (PID=66347) to work on /home/robin/Documents/Tanjim/Miscellaneous Projects/airflow_docker/airflow_in_python_env/env/lib/python3.10/site-packages/airflow/example_dags/example_time_delta_sensor_async.py
[2023-12-20T17:53:01.579+0600] {processor.py:830} INFO - Processing file /home/robin/Documents/Tanjim/Miscellaneous Projects/airflow_docker/airflow_in_python_env/env/lib/python3.10/site-packages/airflow/example_dags/example_time_delta_sensor_async.py for tasks to queue
[2023-12-20T17:53:01.580+0600] {logging_mixin.py:188} INFO - [2023-12-20T17:53:01.580+0600] {dagbag.py:538} INFO - Filling up the DagBag from /home/robin/Documents/Tanjim/Miscellaneous Projects/airflow_docker/airflow_in_python_env/env/lib/python3.10/site-packages/airflow/example_dags/example_time_delta_sensor_async.py
[2023-12-20T17:53:01.590+0600] {processor.py:840} INFO - DAG(s) 'example_time_delta_sensor_async' retrieved from /home/robin/Documents/Tanjim/Miscellaneous Projects/airflow_docker/airflow_in_python_env/env/lib/python3.10/site-packages/airflow/example_dags/example_time_delta_sensor_async.py
[2023-12-20T17:53:01.773+0600] {logging_mixin.py:188} INFO - [2023-12-20T17:53:01.773+0600] {dag.py:3033} INFO - Sync 1 DAGs
[2023-12-20T17:53:01.792+0600] {logging_mixin.py:188} INFO - [2023-12-20T17:53:01.792+0600] {dag.py:3820} INFO - Setting next_dagrun for example_time_delta_sensor_async to None, run_after=None
[2023-12-20T17:53:01.842+0600] {processor.py:183} INFO - Processing /home/robin/Documents/Tanjim/Miscellaneous Projects/airflow_docker/airflow_in_python_env/env/lib/python3.10/site-packages/airflow/example_dags/example_time_delta_sensor_async.py took 0.269 seconds
[2023-12-20T17:58:15.563+0600] {processor.py:161} INFO - Started process (PID=67051) to work on /home/robin/Documents/Tanjim/Miscellaneous Projects/airflow_docker/airflow_in_python_env/env/lib/python3.10/site-packages/airflow/example_dags/example_time_delta_sensor_async.py
[2023-12-20T17:58:15.564+0600] {processor.py:830} INFO - Processing file /home/robin/Documents/Tanjim/Miscellaneous Projects/airflow_docker/airflow_in_python_env/env/lib/python3.10/site-packages/airflow/example_dags/example_time_delta_sensor_async.py for tasks to queue
[2023-12-20T17:58:15.565+0600] {logging_mixin.py:188} INFO - [2023-12-20T17:58:15.564+0600] {dagbag.py:538} INFO - Filling up the DagBag from /home/robin/Documents/Tanjim/Miscellaneous Projects/airflow_docker/airflow_in_python_env/env/lib/python3.10/site-packages/airflow/example_dags/example_time_delta_sensor_async.py
[2023-12-20T17:58:15.574+0600] {processor.py:840} INFO - DAG(s) 'example_time_delta_sensor_async' retrieved from /home/robin/Documents/Tanjim/Miscellaneous Projects/airflow_docker/airflow_in_python_env/env/lib/python3.10/site-packages/airflow/example_dags/example_time_delta_sensor_async.py
[2023-12-20T17:58:15.600+0600] {logging_mixin.py:188} INFO - [2023-12-20T17:58:15.599+0600] {dag.py:3033} INFO - Sync 1 DAGs
[2023-12-20T17:58:15.614+0600] {logging_mixin.py:188} INFO - [2023-12-20T17:58:15.614+0600] {dag.py:3820} INFO - Setting next_dagrun for example_time_delta_sensor_async to None, run_after=None
[2023-12-20T17:58:15.648+0600] {processor.py:183} INFO - Processing /home/robin/Documents/Tanjim/Miscellaneous Projects/airflow_docker/airflow_in_python_env/env/lib/python3.10/site-packages/airflow/example_dags/example_time_delta_sensor_async.py took 0.090 seconds
[2023-12-20T17:59:13.324+0600] {processor.py:161} INFO - Started process (PID=67275) to work on /home/robin/Documents/Tanjim/Miscellaneous Projects/airflow_docker/airflow_in_python_env/env/lib/python3.10/site-packages/airflow/example_dags/example_time_delta_sensor_async.py
[2023-12-20T17:59:13.334+0600] {processor.py:830} INFO - Processing file /home/robin/Documents/Tanjim/Miscellaneous Projects/airflow_docker/airflow_in_python_env/env/lib/python3.10/site-packages/airflow/example_dags/example_time_delta_sensor_async.py for tasks to queue
[2023-12-20T17:59:13.335+0600] {logging_mixin.py:188} INFO - [2023-12-20T17:59:13.335+0600] {dagbag.py:538} INFO - Filling up the DagBag from /home/robin/Documents/Tanjim/Miscellaneous Projects/airflow_docker/airflow_in_python_env/env/lib/python3.10/site-packages/airflow/example_dags/example_time_delta_sensor_async.py
[2023-12-20T17:59:13.343+0600] {processor.py:840} INFO - DAG(s) 'example_time_delta_sensor_async' retrieved from /home/robin/Documents/Tanjim/Miscellaneous Projects/airflow_docker/airflow_in_python_env/env/lib/python3.10/site-packages/airflow/example_dags/example_time_delta_sensor_async.py
[2023-12-20T17:59:13.362+0600] {logging_mixin.py:188} INFO - [2023-12-20T17:59:13.362+0600] {dag.py:3033} INFO - Sync 1 DAGs
[2023-12-20T17:59:13.377+0600] {logging_mixin.py:188} INFO - [2023-12-20T17:59:13.376+0600] {dag.py:3820} INFO - Setting next_dagrun for example_time_delta_sensor_async to None, run_after=None
[2023-12-20T17:59:13.402+0600] {processor.py:183} INFO - Processing /home/robin/Documents/Tanjim/Miscellaneous Projects/airflow_docker/airflow_in_python_env/env/lib/python3.10/site-packages/airflow/example_dags/example_time_delta_sensor_async.py took 0.082 seconds
[2023-12-20T18:00:02.385+0600] {processor.py:161} INFO - Started process (PID=67450) to work on /home/robin/Documents/Tanjim/Miscellaneous Projects/airflow_docker/airflow_in_python_env/env/lib/python3.10/site-packages/airflow/example_dags/example_time_delta_sensor_async.py
[2023-12-20T18:00:02.389+0600] {processor.py:830} INFO - Processing file /home/robin/Documents/Tanjim/Miscellaneous Projects/airflow_docker/airflow_in_python_env/env/lib/python3.10/site-packages/airflow/example_dags/example_time_delta_sensor_async.py for tasks to queue
[2023-12-20T18:00:02.390+0600] {logging_mixin.py:188} INFO - [2023-12-20T18:00:02.389+0600] {dagbag.py:538} INFO - Filling up the DagBag from /home/robin/Documents/Tanjim/Miscellaneous Projects/airflow_docker/airflow_in_python_env/env/lib/python3.10/site-packages/airflow/example_dags/example_time_delta_sensor_async.py
[2023-12-20T18:00:02.399+0600] {processor.py:840} INFO - DAG(s) 'example_time_delta_sensor_async' retrieved from /home/robin/Documents/Tanjim/Miscellaneous Projects/airflow_docker/airflow_in_python_env/env/lib/python3.10/site-packages/airflow/example_dags/example_time_delta_sensor_async.py
[2023-12-20T18:00:02.441+0600] {logging_mixin.py:188} INFO - [2023-12-20T18:00:02.441+0600] {dag.py:3033} INFO - Sync 1 DAGs
[2023-12-20T18:00:02.470+0600] {logging_mixin.py:188} INFO - [2023-12-20T18:00:02.469+0600] {dag.py:3820} INFO - Setting next_dagrun for example_time_delta_sensor_async to None, run_after=None
[2023-12-20T18:00:02.553+0600] {processor.py:183} INFO - Processing /home/robin/Documents/Tanjim/Miscellaneous Projects/airflow_docker/airflow_in_python_env/env/lib/python3.10/site-packages/airflow/example_dags/example_time_delta_sensor_async.py took 0.173 seconds
[2023-12-20T18:00:53.793+0600] {processor.py:161} INFO - Started process (PID=67699) to work on /home/robin/Documents/Tanjim/Miscellaneous Projects/airflow_docker/airflow_in_python_env/env/lib/python3.10/site-packages/airflow/example_dags/example_time_delta_sensor_async.py
[2023-12-20T18:00:53.803+0600] {processor.py:830} INFO - Processing file /home/robin/Documents/Tanjim/Miscellaneous Projects/airflow_docker/airflow_in_python_env/env/lib/python3.10/site-packages/airflow/example_dags/example_time_delta_sensor_async.py for tasks to queue
[2023-12-20T18:00:53.805+0600] {logging_mixin.py:188} INFO - [2023-12-20T18:00:53.804+0600] {dagbag.py:538} INFO - Filling up the DagBag from /home/robin/Documents/Tanjim/Miscellaneous Projects/airflow_docker/airflow_in_python_env/env/lib/python3.10/site-packages/airflow/example_dags/example_time_delta_sensor_async.py
[2023-12-20T18:00:53.817+0600] {processor.py:840} INFO - DAG(s) 'example_time_delta_sensor_async' retrieved from /home/robin/Documents/Tanjim/Miscellaneous Projects/airflow_docker/airflow_in_python_env/env/lib/python3.10/site-packages/airflow/example_dags/example_time_delta_sensor_async.py
[2023-12-20T18:00:53.847+0600] {logging_mixin.py:188} INFO - [2023-12-20T18:00:53.846+0600] {dag.py:3033} INFO - Sync 1 DAGs
[2023-12-20T18:00:53.861+0600] {logging_mixin.py:188} INFO - [2023-12-20T18:00:53.860+0600] {dag.py:3820} INFO - Setting next_dagrun for example_time_delta_sensor_async to None, run_after=None
[2023-12-20T18:00:53.886+0600] {processor.py:183} INFO - Processing /home/robin/Documents/Tanjim/Miscellaneous Projects/airflow_docker/airflow_in_python_env/env/lib/python3.10/site-packages/airflow/example_dags/example_time_delta_sensor_async.py took 0.110 seconds
[2023-12-20T18:02:09.361+0600] {processor.py:161} INFO - Started process (PID=68564) to work on /home/robin/Documents/Tanjim/Miscellaneous Projects/airflow_docker/airflow_in_python_env/env/lib/python3.10/site-packages/airflow/example_dags/example_time_delta_sensor_async.py
[2023-12-20T18:02:09.369+0600] {processor.py:830} INFO - Processing file /home/robin/Documents/Tanjim/Miscellaneous Projects/airflow_docker/airflow_in_python_env/env/lib/python3.10/site-packages/airflow/example_dags/example_time_delta_sensor_async.py for tasks to queue
[2023-12-20T18:02:09.370+0600] {logging_mixin.py:188} INFO - [2023-12-20T18:02:09.370+0600] {dagbag.py:538} INFO - Filling up the DagBag from /home/robin/Documents/Tanjim/Miscellaneous Projects/airflow_docker/airflow_in_python_env/env/lib/python3.10/site-packages/airflow/example_dags/example_time_delta_sensor_async.py
[2023-12-20T18:02:09.377+0600] {processor.py:840} INFO - DAG(s) 'example_time_delta_sensor_async' retrieved from /home/robin/Documents/Tanjim/Miscellaneous Projects/airflow_docker/airflow_in_python_env/env/lib/python3.10/site-packages/airflow/example_dags/example_time_delta_sensor_async.py
[2023-12-20T18:02:09.397+0600] {logging_mixin.py:188} INFO - [2023-12-20T18:02:09.396+0600] {dag.py:3033} INFO - Sync 1 DAGs
[2023-12-20T18:02:09.409+0600] {logging_mixin.py:188} INFO - [2023-12-20T18:02:09.409+0600] {dag.py:3820} INFO - Setting next_dagrun for example_time_delta_sensor_async to None, run_after=None
[2023-12-20T18:02:09.448+0600] {processor.py:183} INFO - Processing /home/robin/Documents/Tanjim/Miscellaneous Projects/airflow_docker/airflow_in_python_env/env/lib/python3.10/site-packages/airflow/example_dags/example_time_delta_sensor_async.py took 0.094 seconds
[2023-12-20T18:03:11.890+0600] {processor.py:161} INFO - Started process (PID=69207) to work on /home/robin/Documents/Tanjim/Miscellaneous Projects/airflow_docker/airflow_in_python_env/env/lib/python3.10/site-packages/airflow/example_dags/example_time_delta_sensor_async.py
[2023-12-20T18:03:11.898+0600] {processor.py:830} INFO - Processing file /home/robin/Documents/Tanjim/Miscellaneous Projects/airflow_docker/airflow_in_python_env/env/lib/python3.10/site-packages/airflow/example_dags/example_time_delta_sensor_async.py for tasks to queue
[2023-12-20T18:03:11.900+0600] {logging_mixin.py:188} INFO - [2023-12-20T18:03:11.899+0600] {dagbag.py:538} INFO - Filling up the DagBag from /home/robin/Documents/Tanjim/Miscellaneous Projects/airflow_docker/airflow_in_python_env/env/lib/python3.10/site-packages/airflow/example_dags/example_time_delta_sensor_async.py
[2023-12-20T18:03:11.908+0600] {processor.py:840} INFO - DAG(s) 'example_time_delta_sensor_async' retrieved from /home/robin/Documents/Tanjim/Miscellaneous Projects/airflow_docker/airflow_in_python_env/env/lib/python3.10/site-packages/airflow/example_dags/example_time_delta_sensor_async.py
[2023-12-20T18:03:11.935+0600] {logging_mixin.py:188} INFO - [2023-12-20T18:03:11.935+0600] {dag.py:3033} INFO - Sync 1 DAGs
[2023-12-20T18:03:11.952+0600] {logging_mixin.py:188} INFO - [2023-12-20T18:03:11.952+0600] {dag.py:3820} INFO - Setting next_dagrun for example_time_delta_sensor_async to None, run_after=None
[2023-12-20T18:03:11.999+0600] {processor.py:183} INFO - Processing /home/robin/Documents/Tanjim/Miscellaneous Projects/airflow_docker/airflow_in_python_env/env/lib/python3.10/site-packages/airflow/example_dags/example_time_delta_sensor_async.py took 0.114 seconds
[2023-12-20T18:04:01.095+0600] {processor.py:161} INFO - Started process (PID=69335) to work on /home/robin/Documents/Tanjim/Miscellaneous Projects/airflow_docker/airflow_in_python_env/env/lib/python3.10/site-packages/airflow/example_dags/example_time_delta_sensor_async.py
[2023-12-20T18:04:01.104+0600] {processor.py:830} INFO - Processing file /home/robin/Documents/Tanjim/Miscellaneous Projects/airflow_docker/airflow_in_python_env/env/lib/python3.10/site-packages/airflow/example_dags/example_time_delta_sensor_async.py for tasks to queue
[2023-12-20T18:04:01.105+0600] {logging_mixin.py:188} INFO - [2023-12-20T18:04:01.105+0600] {dagbag.py:538} INFO - Filling up the DagBag from /home/robin/Documents/Tanjim/Miscellaneous Projects/airflow_docker/airflow_in_python_env/env/lib/python3.10/site-packages/airflow/example_dags/example_time_delta_sensor_async.py
[2023-12-20T18:04:01.117+0600] {processor.py:840} INFO - DAG(s) 'example_time_delta_sensor_async' retrieved from /home/robin/Documents/Tanjim/Miscellaneous Projects/airflow_docker/airflow_in_python_env/env/lib/python3.10/site-packages/airflow/example_dags/example_time_delta_sensor_async.py
[2023-12-20T18:04:01.148+0600] {logging_mixin.py:188} INFO - [2023-12-20T18:04:01.147+0600] {dag.py:3033} INFO - Sync 1 DAGs
[2023-12-20T18:04:01.163+0600] {logging_mixin.py:188} INFO - [2023-12-20T18:04:01.162+0600] {dag.py:3820} INFO - Setting next_dagrun for example_time_delta_sensor_async to None, run_after=None
[2023-12-20T18:04:01.198+0600] {processor.py:183} INFO - Processing /home/robin/Documents/Tanjim/Miscellaneous Projects/airflow_docker/airflow_in_python_env/env/lib/python3.10/site-packages/airflow/example_dags/example_time_delta_sensor_async.py took 0.110 seconds
[2023-12-20T18:04:48.215+0600] {processor.py:161} INFO - Started process (PID=69588) to work on /home/robin/Documents/Tanjim/Miscellaneous Projects/airflow_docker/airflow_in_python_env/env/lib/python3.10/site-packages/airflow/example_dags/example_time_delta_sensor_async.py
[2023-12-20T18:04:48.223+0600] {processor.py:830} INFO - Processing file /home/robin/Documents/Tanjim/Miscellaneous Projects/airflow_docker/airflow_in_python_env/env/lib/python3.10/site-packages/airflow/example_dags/example_time_delta_sensor_async.py for tasks to queue
[2023-12-20T18:04:48.225+0600] {logging_mixin.py:188} INFO - [2023-12-20T18:04:48.224+0600] {dagbag.py:538} INFO - Filling up the DagBag from /home/robin/Documents/Tanjim/Miscellaneous Projects/airflow_docker/airflow_in_python_env/env/lib/python3.10/site-packages/airflow/example_dags/example_time_delta_sensor_async.py
[2023-12-20T18:04:48.234+0600] {processor.py:840} INFO - DAG(s) 'example_time_delta_sensor_async' retrieved from /home/robin/Documents/Tanjim/Miscellaneous Projects/airflow_docker/airflow_in_python_env/env/lib/python3.10/site-packages/airflow/example_dags/example_time_delta_sensor_async.py
[2023-12-20T18:04:48.258+0600] {logging_mixin.py:188} INFO - [2023-12-20T18:04:48.258+0600] {dag.py:3033} INFO - Sync 1 DAGs
[2023-12-20T18:04:48.273+0600] {logging_mixin.py:188} INFO - [2023-12-20T18:04:48.273+0600] {dag.py:3820} INFO - Setting next_dagrun for example_time_delta_sensor_async to None, run_after=None
[2023-12-20T18:04:48.302+0600] {processor.py:183} INFO - Processing /home/robin/Documents/Tanjim/Miscellaneous Projects/airflow_docker/airflow_in_python_env/env/lib/python3.10/site-packages/airflow/example_dags/example_time_delta_sensor_async.py took 0.093 seconds
[2023-12-20T18:06:01.819+0600] {processor.py:161} INFO - Started process (PID=70163) to work on /home/robin/Documents/Tanjim/Miscellaneous Projects/airflow_docker/airflow_in_python_env/env/lib/python3.10/site-packages/airflow/example_dags/example_time_delta_sensor_async.py
[2023-12-20T18:06:01.829+0600] {processor.py:830} INFO - Processing file /home/robin/Documents/Tanjim/Miscellaneous Projects/airflow_docker/airflow_in_python_env/env/lib/python3.10/site-packages/airflow/example_dags/example_time_delta_sensor_async.py for tasks to queue
[2023-12-20T18:06:01.834+0600] {logging_mixin.py:188} INFO - [2023-12-20T18:06:01.832+0600] {dagbag.py:538} INFO - Filling up the DagBag from /home/robin/Documents/Tanjim/Miscellaneous Projects/airflow_docker/airflow_in_python_env/env/lib/python3.10/site-packages/airflow/example_dags/example_time_delta_sensor_async.py
[2023-12-20T18:06:01.867+0600] {processor.py:840} INFO - DAG(s) 'example_time_delta_sensor_async' retrieved from /home/robin/Documents/Tanjim/Miscellaneous Projects/airflow_docker/airflow_in_python_env/env/lib/python3.10/site-packages/airflow/example_dags/example_time_delta_sensor_async.py
[2023-12-20T18:06:01.893+0600] {logging_mixin.py:188} INFO - [2023-12-20T18:06:01.893+0600] {dag.py:3033} INFO - Sync 1 DAGs
[2023-12-20T18:06:01.913+0600] {logging_mixin.py:188} INFO - [2023-12-20T18:06:01.912+0600] {dag.py:3820} INFO - Setting next_dagrun for example_time_delta_sensor_async to None, run_after=None
[2023-12-20T18:06:01.943+0600] {processor.py:183} INFO - Processing /home/robin/Documents/Tanjim/Miscellaneous Projects/airflow_docker/airflow_in_python_env/env/lib/python3.10/site-packages/airflow/example_dags/example_time_delta_sensor_async.py took 0.130 seconds
[2023-12-20T18:18:13.101+0600] {processor.py:161} INFO - Started process (PID=72066) to work on /home/robin/Documents/Tanjim/Miscellaneous Projects/airflow_docker/airflow_in_python_env/env/lib/python3.10/site-packages/airflow/example_dags/example_time_delta_sensor_async.py
[2023-12-20T18:18:13.103+0600] {processor.py:830} INFO - Processing file /home/robin/Documents/Tanjim/Miscellaneous Projects/airflow_docker/airflow_in_python_env/env/lib/python3.10/site-packages/airflow/example_dags/example_time_delta_sensor_async.py for tasks to queue
[2023-12-20T18:18:13.104+0600] {logging_mixin.py:188} INFO - [2023-12-20T18:18:13.104+0600] {dagbag.py:538} INFO - Filling up the DagBag from /home/robin/Documents/Tanjim/Miscellaneous Projects/airflow_docker/airflow_in_python_env/env/lib/python3.10/site-packages/airflow/example_dags/example_time_delta_sensor_async.py
[2023-12-20T18:18:13.114+0600] {processor.py:840} INFO - DAG(s) 'example_time_delta_sensor_async' retrieved from /home/robin/Documents/Tanjim/Miscellaneous Projects/airflow_docker/airflow_in_python_env/env/lib/python3.10/site-packages/airflow/example_dags/example_time_delta_sensor_async.py
[2023-12-20T18:18:13.137+0600] {logging_mixin.py:188} INFO - [2023-12-20T18:18:13.136+0600] {dag.py:3033} INFO - Sync 1 DAGs
[2023-12-20T18:18:13.148+0600] {logging_mixin.py:188} INFO - [2023-12-20T18:18:13.148+0600] {dag.py:3820} INFO - Setting next_dagrun for example_time_delta_sensor_async to None, run_after=None
[2023-12-20T18:18:13.172+0600] {processor.py:183} INFO - Processing /home/robin/Documents/Tanjim/Miscellaneous Projects/airflow_docker/airflow_in_python_env/env/lib/python3.10/site-packages/airflow/example_dags/example_time_delta_sensor_async.py took 0.075 seconds
[2023-12-20T18:19:08.963+0600] {processor.py:161} INFO - Started process (PID=72230) to work on /home/robin/Documents/Tanjim/Miscellaneous Projects/airflow_docker/airflow_in_python_env/env/lib/python3.10/site-packages/airflow/example_dags/example_time_delta_sensor_async.py
[2023-12-20T18:19:08.971+0600] {processor.py:830} INFO - Processing file /home/robin/Documents/Tanjim/Miscellaneous Projects/airflow_docker/airflow_in_python_env/env/lib/python3.10/site-packages/airflow/example_dags/example_time_delta_sensor_async.py for tasks to queue
[2023-12-20T18:19:08.973+0600] {logging_mixin.py:188} INFO - [2023-12-20T18:19:08.972+0600] {dagbag.py:538} INFO - Filling up the DagBag from /home/robin/Documents/Tanjim/Miscellaneous Projects/airflow_docker/airflow_in_python_env/env/lib/python3.10/site-packages/airflow/example_dags/example_time_delta_sensor_async.py
[2023-12-20T18:19:08.980+0600] {processor.py:840} INFO - DAG(s) 'example_time_delta_sensor_async' retrieved from /home/robin/Documents/Tanjim/Miscellaneous Projects/airflow_docker/airflow_in_python_env/env/lib/python3.10/site-packages/airflow/example_dags/example_time_delta_sensor_async.py
[2023-12-20T18:19:09.002+0600] {logging_mixin.py:188} INFO - [2023-12-20T18:19:09.002+0600] {dag.py:3033} INFO - Sync 1 DAGs
[2023-12-20T18:19:09.016+0600] {logging_mixin.py:188} INFO - [2023-12-20T18:19:09.016+0600] {dag.py:3820} INFO - Setting next_dagrun for example_time_delta_sensor_async to None, run_after=None
[2023-12-20T18:19:09.045+0600] {processor.py:183} INFO - Processing /home/robin/Documents/Tanjim/Miscellaneous Projects/airflow_docker/airflow_in_python_env/env/lib/python3.10/site-packages/airflow/example_dags/example_time_delta_sensor_async.py took 0.088 seconds
[2023-12-20T18:20:00.064+0600] {processor.py:161} INFO - Started process (PID=72372) to work on /home/robin/Documents/Tanjim/Miscellaneous Projects/airflow_docker/airflow_in_python_env/env/lib/python3.10/site-packages/airflow/example_dags/example_time_delta_sensor_async.py
[2023-12-20T18:20:00.073+0600] {processor.py:830} INFO - Processing file /home/robin/Documents/Tanjim/Miscellaneous Projects/airflow_docker/airflow_in_python_env/env/lib/python3.10/site-packages/airflow/example_dags/example_time_delta_sensor_async.py for tasks to queue
[2023-12-20T18:20:00.075+0600] {logging_mixin.py:188} INFO - [2023-12-20T18:20:00.074+0600] {dagbag.py:538} INFO - Filling up the DagBag from /home/robin/Documents/Tanjim/Miscellaneous Projects/airflow_docker/airflow_in_python_env/env/lib/python3.10/site-packages/airflow/example_dags/example_time_delta_sensor_async.py
[2023-12-20T18:20:00.083+0600] {processor.py:840} INFO - DAG(s) 'example_time_delta_sensor_async' retrieved from /home/robin/Documents/Tanjim/Miscellaneous Projects/airflow_docker/airflow_in_python_env/env/lib/python3.10/site-packages/airflow/example_dags/example_time_delta_sensor_async.py
[2023-12-20T18:20:00.107+0600] {logging_mixin.py:188} INFO - [2023-12-20T18:20:00.107+0600] {dag.py:3033} INFO - Sync 1 DAGs
[2023-12-20T18:20:00.121+0600] {logging_mixin.py:188} INFO - [2023-12-20T18:20:00.120+0600] {dag.py:3820} INFO - Setting next_dagrun for example_time_delta_sensor_async to None, run_after=None
[2023-12-20T18:20:00.150+0600] {processor.py:183} INFO - Processing /home/robin/Documents/Tanjim/Miscellaneous Projects/airflow_docker/airflow_in_python_env/env/lib/python3.10/site-packages/airflow/example_dags/example_time_delta_sensor_async.py took 0.091 seconds
[2023-12-20T18:20:49.938+0600] {processor.py:161} INFO - Started process (PID=72528) to work on /home/robin/Documents/Tanjim/Miscellaneous Projects/airflow_docker/airflow_in_python_env/env/lib/python3.10/site-packages/airflow/example_dags/example_time_delta_sensor_async.py
[2023-12-20T18:20:49.946+0600] {processor.py:830} INFO - Processing file /home/robin/Documents/Tanjim/Miscellaneous Projects/airflow_docker/airflow_in_python_env/env/lib/python3.10/site-packages/airflow/example_dags/example_time_delta_sensor_async.py for tasks to queue
[2023-12-20T18:20:49.947+0600] {logging_mixin.py:188} INFO - [2023-12-20T18:20:49.947+0600] {dagbag.py:538} INFO - Filling up the DagBag from /home/robin/Documents/Tanjim/Miscellaneous Projects/airflow_docker/airflow_in_python_env/env/lib/python3.10/site-packages/airflow/example_dags/example_time_delta_sensor_async.py
[2023-12-20T18:20:49.956+0600] {processor.py:840} INFO - DAG(s) 'example_time_delta_sensor_async' retrieved from /home/robin/Documents/Tanjim/Miscellaneous Projects/airflow_docker/airflow_in_python_env/env/lib/python3.10/site-packages/airflow/example_dags/example_time_delta_sensor_async.py
[2023-12-20T18:20:49.974+0600] {logging_mixin.py:188} INFO - [2023-12-20T18:20:49.974+0600] {dag.py:3033} INFO - Sync 1 DAGs
[2023-12-20T18:20:49.986+0600] {logging_mixin.py:188} INFO - [2023-12-20T18:20:49.985+0600] {dag.py:3820} INFO - Setting next_dagrun for example_time_delta_sensor_async to None, run_after=None
[2023-12-20T18:20:50.010+0600] {processor.py:183} INFO - Processing /home/robin/Documents/Tanjim/Miscellaneous Projects/airflow_docker/airflow_in_python_env/env/lib/python3.10/site-packages/airflow/example_dags/example_time_delta_sensor_async.py took 0.076 seconds
[2023-12-20T18:22:09.905+0600] {processor.py:161} INFO - Started process (PID=72895) to work on /home/robin/Documents/Tanjim/Miscellaneous Projects/airflow_docker/airflow_in_python_env/env/lib/python3.10/site-packages/airflow/example_dags/example_time_delta_sensor_async.py
[2023-12-20T18:22:09.913+0600] {processor.py:830} INFO - Processing file /home/robin/Documents/Tanjim/Miscellaneous Projects/airflow_docker/airflow_in_python_env/env/lib/python3.10/site-packages/airflow/example_dags/example_time_delta_sensor_async.py for tasks to queue
[2023-12-20T18:22:09.914+0600] {logging_mixin.py:188} INFO - [2023-12-20T18:22:09.914+0600] {dagbag.py:538} INFO - Filling up the DagBag from /home/robin/Documents/Tanjim/Miscellaneous Projects/airflow_docker/airflow_in_python_env/env/lib/python3.10/site-packages/airflow/example_dags/example_time_delta_sensor_async.py
[2023-12-20T18:22:09.924+0600] {processor.py:840} INFO - DAG(s) 'example_time_delta_sensor_async' retrieved from /home/robin/Documents/Tanjim/Miscellaneous Projects/airflow_docker/airflow_in_python_env/env/lib/python3.10/site-packages/airflow/example_dags/example_time_delta_sensor_async.py
[2023-12-20T18:22:09.945+0600] {logging_mixin.py:188} INFO - [2023-12-20T18:22:09.945+0600] {dag.py:3033} INFO - Sync 1 DAGs
[2023-12-20T18:22:09.959+0600] {logging_mixin.py:188} INFO - [2023-12-20T18:22:09.959+0600] {dag.py:3820} INFO - Setting next_dagrun for example_time_delta_sensor_async to None, run_after=None
[2023-12-20T18:22:09.983+0600] {processor.py:183} INFO - Processing /home/robin/Documents/Tanjim/Miscellaneous Projects/airflow_docker/airflow_in_python_env/env/lib/python3.10/site-packages/airflow/example_dags/example_time_delta_sensor_async.py took 0.082 seconds
[2023-12-20T18:28:42.887+0600] {processor.py:161} INFO - Started process (PID=74818) to work on /home/robin/Documents/Tanjim/Miscellaneous Projects/airflow_docker/airflow_in_python_env/env/lib/python3.10/site-packages/airflow/example_dags/example_time_delta_sensor_async.py
[2023-12-20T18:28:42.896+0600] {processor.py:830} INFO - Processing file /home/robin/Documents/Tanjim/Miscellaneous Projects/airflow_docker/airflow_in_python_env/env/lib/python3.10/site-packages/airflow/example_dags/example_time_delta_sensor_async.py for tasks to queue
[2023-12-20T18:28:42.900+0600] {logging_mixin.py:188} INFO - [2023-12-20T18:28:42.899+0600] {dagbag.py:538} INFO - Filling up the DagBag from /home/robin/Documents/Tanjim/Miscellaneous Projects/airflow_docker/airflow_in_python_env/env/lib/python3.10/site-packages/airflow/example_dags/example_time_delta_sensor_async.py
[2023-12-20T18:28:42.924+0600] {processor.py:840} INFO - DAG(s) 'example_time_delta_sensor_async' retrieved from /home/robin/Documents/Tanjim/Miscellaneous Projects/airflow_docker/airflow_in_python_env/env/lib/python3.10/site-packages/airflow/example_dags/example_time_delta_sensor_async.py
[2023-12-20T18:28:42.955+0600] {logging_mixin.py:188} INFO - [2023-12-20T18:28:42.955+0600] {dag.py:3033} INFO - Sync 1 DAGs
[2023-12-20T18:28:42.973+0600] {logging_mixin.py:188} INFO - [2023-12-20T18:28:42.973+0600] {dag.py:3820} INFO - Setting next_dagrun for example_time_delta_sensor_async to None, run_after=None
[2023-12-20T18:28:43.021+0600] {processor.py:183} INFO - Processing /home/robin/Documents/Tanjim/Miscellaneous Projects/airflow_docker/airflow_in_python_env/env/lib/python3.10/site-packages/airflow/example_dags/example_time_delta_sensor_async.py took 0.141 seconds
[2023-12-20T18:30:01.097+0600] {processor.py:161} INFO - Started process (PID=75599) to work on /home/robin/Documents/Tanjim/Miscellaneous Projects/airflow_docker/airflow_in_python_env/env/lib/python3.10/site-packages/airflow/example_dags/example_time_delta_sensor_async.py
[2023-12-20T18:30:01.106+0600] {processor.py:830} INFO - Processing file /home/robin/Documents/Tanjim/Miscellaneous Projects/airflow_docker/airflow_in_python_env/env/lib/python3.10/site-packages/airflow/example_dags/example_time_delta_sensor_async.py for tasks to queue
[2023-12-20T18:30:01.107+0600] {logging_mixin.py:188} INFO - [2023-12-20T18:30:01.107+0600] {dagbag.py:538} INFO - Filling up the DagBag from /home/robin/Documents/Tanjim/Miscellaneous Projects/airflow_docker/airflow_in_python_env/env/lib/python3.10/site-packages/airflow/example_dags/example_time_delta_sensor_async.py
[2023-12-20T18:30:01.115+0600] {processor.py:840} INFO - DAG(s) 'example_time_delta_sensor_async' retrieved from /home/robin/Documents/Tanjim/Miscellaneous Projects/airflow_docker/airflow_in_python_env/env/lib/python3.10/site-packages/airflow/example_dags/example_time_delta_sensor_async.py
[2023-12-20T18:30:01.133+0600] {logging_mixin.py:188} INFO - [2023-12-20T18:30:01.133+0600] {dag.py:3033} INFO - Sync 1 DAGs
[2023-12-20T18:30:01.147+0600] {logging_mixin.py:188} INFO - [2023-12-20T18:30:01.147+0600] {dag.py:3820} INFO - Setting next_dagrun for example_time_delta_sensor_async to None, run_after=None
[2023-12-20T18:30:01.170+0600] {processor.py:183} INFO - Processing /home/robin/Documents/Tanjim/Miscellaneous Projects/airflow_docker/airflow_in_python_env/env/lib/python3.10/site-packages/airflow/example_dags/example_time_delta_sensor_async.py took 0.078 seconds
