[2023-12-20T17:58:28.737+0600] {processor.py:161} INFO - Started process (PID=67099) to work on /home/robin/Documents/Tanjim/Miscellaneous Projects/airflow_docker/airflow_in_python_env/env/lib/python3.10/site-packages/airflow/example_dags/example_short_circuit_decorator.py
[2023-12-20T17:58:28.739+0600] {processor.py:830} INFO - Processing file /home/robin/Documents/Tanjim/Miscellaneous Projects/airflow_docker/airflow_in_python_env/env/lib/python3.10/site-packages/airflow/example_dags/example_short_circuit_decorator.py for tasks to queue
[2023-12-20T17:58:28.740+0600] {logging_mixin.py:188} INFO - [2023-12-20T17:58:28.739+0600] {dagbag.py:538} INFO - Filling up the DagBag from /home/robin/Documents/Tanjim/Miscellaneous Projects/airflow_docker/airflow_in_python_env/env/lib/python3.10/site-packages/airflow/example_dags/example_short_circuit_decorator.py
[2023-12-20T17:58:28.755+0600] {processor.py:840} INFO - DAG(s) 'example_short_circuit_decorator' retrieved from /home/robin/Documents/Tanjim/Miscellaneous Projects/airflow_docker/airflow_in_python_env/env/lib/python3.10/site-packages/airflow/example_dags/example_short_circuit_decorator.py
[2023-12-20T17:58:28.866+0600] {logging_mixin.py:188} INFO - [2023-12-20T17:58:28.866+0600] {dag.py:3033} INFO - Sync 1 DAGs
[2023-12-20T17:58:28.884+0600] {logging_mixin.py:188} INFO - [2023-12-20T17:58:28.883+0600] {dag.py:3820} INFO - Setting next_dagrun for example_short_circuit_decorator to 2023-12-19T00:00:00+00:00, run_after=2023-12-20T00:00:00+00:00
[2023-12-20T17:58:28.927+0600] {processor.py:183} INFO - Processing /home/robin/Documents/Tanjim/Miscellaneous Projects/airflow_docker/airflow_in_python_env/env/lib/python3.10/site-packages/airflow/example_dags/example_short_circuit_decorator.py took 0.196 seconds
[2023-12-20T17:59:24.201+0600] {processor.py:161} INFO - Started process (PID=67333) to work on /home/robin/Documents/Tanjim/Miscellaneous Projects/airflow_docker/airflow_in_python_env/env/lib/python3.10/site-packages/airflow/example_dags/example_short_circuit_decorator.py
[2023-12-20T17:59:24.203+0600] {processor.py:830} INFO - Processing file /home/robin/Documents/Tanjim/Miscellaneous Projects/airflow_docker/airflow_in_python_env/env/lib/python3.10/site-packages/airflow/example_dags/example_short_circuit_decorator.py for tasks to queue
[2023-12-20T17:59:24.205+0600] {logging_mixin.py:188} INFO - [2023-12-20T17:59:24.204+0600] {dagbag.py:538} INFO - Filling up the DagBag from /home/robin/Documents/Tanjim/Miscellaneous Projects/airflow_docker/airflow_in_python_env/env/lib/python3.10/site-packages/airflow/example_dags/example_short_circuit_decorator.py
[2023-12-20T17:59:24.217+0600] {processor.py:840} INFO - DAG(s) 'example_short_circuit_decorator' retrieved from /home/robin/Documents/Tanjim/Miscellaneous Projects/airflow_docker/airflow_in_python_env/env/lib/python3.10/site-packages/airflow/example_dags/example_short_circuit_decorator.py
[2023-12-20T17:59:24.244+0600] {logging_mixin.py:188} INFO - [2023-12-20T17:59:24.244+0600] {dag.py:3033} INFO - Sync 1 DAGs
[2023-12-20T17:59:24.274+0600] {logging_mixin.py:188} INFO - [2023-12-20T17:59:24.274+0600] {dag.py:3820} INFO - Setting next_dagrun for example_short_circuit_decorator to 2023-12-19T00:00:00+00:00, run_after=2023-12-20T00:00:00+00:00
[2023-12-20T17:59:24.335+0600] {processor.py:183} INFO - Processing /home/robin/Documents/Tanjim/Miscellaneous Projects/airflow_docker/airflow_in_python_env/env/lib/python3.10/site-packages/airflow/example_dags/example_short_circuit_decorator.py took 0.138 seconds
[2023-12-20T18:00:18.730+0600] {processor.py:161} INFO - Started process (PID=67487) to work on /home/robin/Documents/Tanjim/Miscellaneous Projects/airflow_docker/airflow_in_python_env/env/lib/python3.10/site-packages/airflow/example_dags/example_short_circuit_decorator.py
[2023-12-20T18:00:18.738+0600] {processor.py:830} INFO - Processing file /home/robin/Documents/Tanjim/Miscellaneous Projects/airflow_docker/airflow_in_python_env/env/lib/python3.10/site-packages/airflow/example_dags/example_short_circuit_decorator.py for tasks to queue
[2023-12-20T18:00:18.739+0600] {logging_mixin.py:188} INFO - [2023-12-20T18:00:18.739+0600] {dagbag.py:538} INFO - Filling up the DagBag from /home/robin/Documents/Tanjim/Miscellaneous Projects/airflow_docker/airflow_in_python_env/env/lib/python3.10/site-packages/airflow/example_dags/example_short_circuit_decorator.py
[2023-12-20T18:00:18.752+0600] {processor.py:840} INFO - DAG(s) 'example_short_circuit_decorator' retrieved from /home/robin/Documents/Tanjim/Miscellaneous Projects/airflow_docker/airflow_in_python_env/env/lib/python3.10/site-packages/airflow/example_dags/example_short_circuit_decorator.py
[2023-12-20T18:00:18.772+0600] {logging_mixin.py:188} INFO - [2023-12-20T18:00:18.771+0600] {dag.py:3033} INFO - Sync 1 DAGs
[2023-12-20T18:00:18.793+0600] {logging_mixin.py:188} INFO - [2023-12-20T18:00:18.792+0600] {dag.py:3820} INFO - Setting next_dagrun for example_short_circuit_decorator to 2023-12-19T00:00:00+00:00, run_after=2023-12-20T00:00:00+00:00
[2023-12-20T18:00:18.819+0600] {processor.py:183} INFO - Processing /home/robin/Documents/Tanjim/Miscellaneous Projects/airflow_docker/airflow_in_python_env/env/lib/python3.10/site-packages/airflow/example_dags/example_short_circuit_decorator.py took 0.092 seconds
[2023-12-20T18:01:10.957+0600] {processor.py:161} INFO - Started process (PID=67880) to work on /home/robin/Documents/Tanjim/Miscellaneous Projects/airflow_docker/airflow_in_python_env/env/lib/python3.10/site-packages/airflow/example_dags/example_short_circuit_decorator.py
[2023-12-20T18:01:10.965+0600] {processor.py:830} INFO - Processing file /home/robin/Documents/Tanjim/Miscellaneous Projects/airflow_docker/airflow_in_python_env/env/lib/python3.10/site-packages/airflow/example_dags/example_short_circuit_decorator.py for tasks to queue
[2023-12-20T18:01:10.967+0600] {logging_mixin.py:188} INFO - [2023-12-20T18:01:10.966+0600] {dagbag.py:538} INFO - Filling up the DagBag from /home/robin/Documents/Tanjim/Miscellaneous Projects/airflow_docker/airflow_in_python_env/env/lib/python3.10/site-packages/airflow/example_dags/example_short_circuit_decorator.py
[2023-12-20T18:01:10.984+0600] {processor.py:840} INFO - DAG(s) 'example_short_circuit_decorator' retrieved from /home/robin/Documents/Tanjim/Miscellaneous Projects/airflow_docker/airflow_in_python_env/env/lib/python3.10/site-packages/airflow/example_dags/example_short_circuit_decorator.py
[2023-12-20T18:01:11.008+0600] {logging_mixin.py:188} INFO - [2023-12-20T18:01:11.007+0600] {dag.py:3033} INFO - Sync 1 DAGs
[2023-12-20T18:01:11.032+0600] {logging_mixin.py:188} INFO - [2023-12-20T18:01:11.032+0600] {dag.py:3820} INFO - Setting next_dagrun for example_short_circuit_decorator to 2023-12-19T00:00:00+00:00, run_after=2023-12-20T00:00:00+00:00
[2023-12-20T18:01:11.062+0600] {processor.py:183} INFO - Processing /home/robin/Documents/Tanjim/Miscellaneous Projects/airflow_docker/airflow_in_python_env/env/lib/python3.10/site-packages/airflow/example_dags/example_short_circuit_decorator.py took 0.116 seconds
[2023-12-20T18:02:36.389+0600] {processor.py:161} INFO - Started process (PID=68825) to work on /home/robin/Documents/Tanjim/Miscellaneous Projects/airflow_docker/airflow_in_python_env/env/lib/python3.10/site-packages/airflow/example_dags/example_short_circuit_decorator.py
[2023-12-20T18:02:36.400+0600] {processor.py:830} INFO - Processing file /home/robin/Documents/Tanjim/Miscellaneous Projects/airflow_docker/airflow_in_python_env/env/lib/python3.10/site-packages/airflow/example_dags/example_short_circuit_decorator.py for tasks to queue
[2023-12-20T18:02:36.401+0600] {logging_mixin.py:188} INFO - [2023-12-20T18:02:36.400+0600] {dagbag.py:538} INFO - Filling up the DagBag from /home/robin/Documents/Tanjim/Miscellaneous Projects/airflow_docker/airflow_in_python_env/env/lib/python3.10/site-packages/airflow/example_dags/example_short_circuit_decorator.py
[2023-12-20T18:02:36.415+0600] {processor.py:840} INFO - DAG(s) 'example_short_circuit_decorator' retrieved from /home/robin/Documents/Tanjim/Miscellaneous Projects/airflow_docker/airflow_in_python_env/env/lib/python3.10/site-packages/airflow/example_dags/example_short_circuit_decorator.py
[2023-12-20T18:02:36.440+0600] {logging_mixin.py:188} INFO - [2023-12-20T18:02:36.440+0600] {dag.py:3033} INFO - Sync 1 DAGs
[2023-12-20T18:02:36.466+0600] {logging_mixin.py:188} INFO - [2023-12-20T18:02:36.465+0600] {dag.py:3820} INFO - Setting next_dagrun for example_short_circuit_decorator to 2023-12-19T00:00:00+00:00, run_after=2023-12-20T00:00:00+00:00
[2023-12-20T18:02:36.501+0600] {processor.py:183} INFO - Processing /home/robin/Documents/Tanjim/Miscellaneous Projects/airflow_docker/airflow_in_python_env/env/lib/python3.10/site-packages/airflow/example_dags/example_short_circuit_decorator.py took 0.122 seconds
[2023-12-20T18:03:28.779+0600] {processor.py:161} INFO - Started process (PID=69240) to work on /home/robin/Documents/Tanjim/Miscellaneous Projects/airflow_docker/airflow_in_python_env/env/lib/python3.10/site-packages/airflow/example_dags/example_short_circuit_decorator.py
[2023-12-20T18:03:28.788+0600] {processor.py:830} INFO - Processing file /home/robin/Documents/Tanjim/Miscellaneous Projects/airflow_docker/airflow_in_python_env/env/lib/python3.10/site-packages/airflow/example_dags/example_short_circuit_decorator.py for tasks to queue
[2023-12-20T18:03:28.792+0600] {logging_mixin.py:188} INFO - [2023-12-20T18:03:28.791+0600] {dagbag.py:538} INFO - Filling up the DagBag from /home/robin/Documents/Tanjim/Miscellaneous Projects/airflow_docker/airflow_in_python_env/env/lib/python3.10/site-packages/airflow/example_dags/example_short_circuit_decorator.py
[2023-12-20T18:03:28.812+0600] {processor.py:840} INFO - DAG(s) 'example_short_circuit_decorator' retrieved from /home/robin/Documents/Tanjim/Miscellaneous Projects/airflow_docker/airflow_in_python_env/env/lib/python3.10/site-packages/airflow/example_dags/example_short_circuit_decorator.py
[2023-12-20T18:03:28.834+0600] {logging_mixin.py:188} INFO - [2023-12-20T18:03:28.834+0600] {dag.py:3033} INFO - Sync 1 DAGs
[2023-12-20T18:03:28.856+0600] {logging_mixin.py:188} INFO - [2023-12-20T18:03:28.855+0600] {dag.py:3820} INFO - Setting next_dagrun for example_short_circuit_decorator to 2023-12-19T00:00:00+00:00, run_after=2023-12-20T00:00:00+00:00
[2023-12-20T18:03:28.902+0600] {processor.py:183} INFO - Processing /home/robin/Documents/Tanjim/Miscellaneous Projects/airflow_docker/airflow_in_python_env/env/lib/python3.10/site-packages/airflow/example_dags/example_short_circuit_decorator.py took 0.127 seconds
[2023-12-20T18:04:18.629+0600] {processor.py:161} INFO - Started process (PID=69473) to work on /home/robin/Documents/Tanjim/Miscellaneous Projects/airflow_docker/airflow_in_python_env/env/lib/python3.10/site-packages/airflow/example_dags/example_short_circuit_decorator.py
[2023-12-20T18:04:18.631+0600] {processor.py:830} INFO - Processing file /home/robin/Documents/Tanjim/Miscellaneous Projects/airflow_docker/airflow_in_python_env/env/lib/python3.10/site-packages/airflow/example_dags/example_short_circuit_decorator.py for tasks to queue
[2023-12-20T18:04:18.633+0600] {logging_mixin.py:188} INFO - [2023-12-20T18:04:18.632+0600] {dagbag.py:538} INFO - Filling up the DagBag from /home/robin/Documents/Tanjim/Miscellaneous Projects/airflow_docker/airflow_in_python_env/env/lib/python3.10/site-packages/airflow/example_dags/example_short_circuit_decorator.py
[2023-12-20T18:04:18.660+0600] {processor.py:840} INFO - DAG(s) 'example_short_circuit_decorator' retrieved from /home/robin/Documents/Tanjim/Miscellaneous Projects/airflow_docker/airflow_in_python_env/env/lib/python3.10/site-packages/airflow/example_dags/example_short_circuit_decorator.py
[2023-12-20T18:04:18.704+0600] {logging_mixin.py:188} INFO - [2023-12-20T18:04:18.704+0600] {dag.py:3033} INFO - Sync 1 DAGs
[2023-12-20T18:04:18.729+0600] {logging_mixin.py:188} INFO - [2023-12-20T18:04:18.729+0600] {dag.py:3820} INFO - Setting next_dagrun for example_short_circuit_decorator to 2023-12-19T00:00:00+00:00, run_after=2023-12-20T00:00:00+00:00
[2023-12-20T18:04:18.764+0600] {processor.py:183} INFO - Processing /home/robin/Documents/Tanjim/Miscellaneous Projects/airflow_docker/airflow_in_python_env/env/lib/python3.10/site-packages/airflow/example_dags/example_short_circuit_decorator.py took 0.141 seconds
[2023-12-20T18:18:27.245+0600] {processor.py:161} INFO - Started process (PID=72129) to work on /home/robin/Documents/Tanjim/Miscellaneous Projects/airflow_docker/airflow_in_python_env/env/lib/python3.10/site-packages/airflow/example_dags/example_short_circuit_decorator.py
[2023-12-20T18:18:27.253+0600] {processor.py:830} INFO - Processing file /home/robin/Documents/Tanjim/Miscellaneous Projects/airflow_docker/airflow_in_python_env/env/lib/python3.10/site-packages/airflow/example_dags/example_short_circuit_decorator.py for tasks to queue
[2023-12-20T18:18:27.254+0600] {logging_mixin.py:188} INFO - [2023-12-20T18:18:27.254+0600] {dagbag.py:538} INFO - Filling up the DagBag from /home/robin/Documents/Tanjim/Miscellaneous Projects/airflow_docker/airflow_in_python_env/env/lib/python3.10/site-packages/airflow/example_dags/example_short_circuit_decorator.py
[2023-12-20T18:18:27.267+0600] {processor.py:840} INFO - DAG(s) 'example_short_circuit_decorator' retrieved from /home/robin/Documents/Tanjim/Miscellaneous Projects/airflow_docker/airflow_in_python_env/env/lib/python3.10/site-packages/airflow/example_dags/example_short_circuit_decorator.py
[2023-12-20T18:18:27.289+0600] {logging_mixin.py:188} INFO - [2023-12-20T18:18:27.288+0600] {dag.py:3033} INFO - Sync 1 DAGs
[2023-12-20T18:18:27.311+0600] {logging_mixin.py:188} INFO - [2023-12-20T18:18:27.311+0600] {dag.py:3820} INFO - Setting next_dagrun for example_short_circuit_decorator to 2023-12-19T00:00:00+00:00, run_after=2023-12-20T00:00:00+00:00
[2023-12-20T18:18:27.334+0600] {processor.py:183} INFO - Processing /home/robin/Documents/Tanjim/Miscellaneous Projects/airflow_docker/airflow_in_python_env/env/lib/python3.10/site-packages/airflow/example_dags/example_short_circuit_decorator.py took 0.094 seconds
[2023-12-20T18:19:22.042+0600] {processor.py:161} INFO - Started process (PID=72277) to work on /home/robin/Documents/Tanjim/Miscellaneous Projects/airflow_docker/airflow_in_python_env/env/lib/python3.10/site-packages/airflow/example_dags/example_short_circuit_decorator.py
[2023-12-20T18:19:22.051+0600] {processor.py:830} INFO - Processing file /home/robin/Documents/Tanjim/Miscellaneous Projects/airflow_docker/airflow_in_python_env/env/lib/python3.10/site-packages/airflow/example_dags/example_short_circuit_decorator.py for tasks to queue
[2023-12-20T18:19:22.053+0600] {logging_mixin.py:188} INFO - [2023-12-20T18:19:22.052+0600] {dagbag.py:538} INFO - Filling up the DagBag from /home/robin/Documents/Tanjim/Miscellaneous Projects/airflow_docker/airflow_in_python_env/env/lib/python3.10/site-packages/airflow/example_dags/example_short_circuit_decorator.py
[2023-12-20T18:19:22.087+0600] {processor.py:840} INFO - DAG(s) 'example_short_circuit_decorator' retrieved from /home/robin/Documents/Tanjim/Miscellaneous Projects/airflow_docker/airflow_in_python_env/env/lib/python3.10/site-packages/airflow/example_dags/example_short_circuit_decorator.py
[2023-12-20T18:19:22.170+0600] {logging_mixin.py:188} INFO - [2023-12-20T18:19:22.170+0600] {dag.py:3033} INFO - Sync 1 DAGs
[2023-12-20T18:19:22.200+0600] {logging_mixin.py:188} INFO - [2023-12-20T18:19:22.200+0600] {dag.py:3820} INFO - Setting next_dagrun for example_short_circuit_decorator to 2023-12-19T00:00:00+00:00, run_after=2023-12-20T00:00:00+00:00
[2023-12-20T18:19:22.262+0600] {processor.py:183} INFO - Processing /home/robin/Documents/Tanjim/Miscellaneous Projects/airflow_docker/airflow_in_python_env/env/lib/python3.10/site-packages/airflow/example_dags/example_short_circuit_decorator.py took 0.228 seconds
[2023-12-20T18:20:16.590+0600] {processor.py:161} INFO - Started process (PID=72405) to work on /home/robin/Documents/Tanjim/Miscellaneous Projects/airflow_docker/airflow_in_python_env/env/lib/python3.10/site-packages/airflow/example_dags/example_short_circuit_decorator.py
[2023-12-20T18:20:16.600+0600] {processor.py:830} INFO - Processing file /home/robin/Documents/Tanjim/Miscellaneous Projects/airflow_docker/airflow_in_python_env/env/lib/python3.10/site-packages/airflow/example_dags/example_short_circuit_decorator.py for tasks to queue
[2023-12-20T18:20:16.604+0600] {logging_mixin.py:188} INFO - [2023-12-20T18:20:16.602+0600] {dagbag.py:538} INFO - Filling up the DagBag from /home/robin/Documents/Tanjim/Miscellaneous Projects/airflow_docker/airflow_in_python_env/env/lib/python3.10/site-packages/airflow/example_dags/example_short_circuit_decorator.py
[2023-12-20T18:20:16.637+0600] {processor.py:840} INFO - DAG(s) 'example_short_circuit_decorator' retrieved from /home/robin/Documents/Tanjim/Miscellaneous Projects/airflow_docker/airflow_in_python_env/env/lib/python3.10/site-packages/airflow/example_dags/example_short_circuit_decorator.py
[2023-12-20T18:20:16.673+0600] {logging_mixin.py:188} INFO - [2023-12-20T18:20:16.673+0600] {dag.py:3033} INFO - Sync 1 DAGs
[2023-12-20T18:20:16.701+0600] {logging_mixin.py:188} INFO - [2023-12-20T18:20:16.701+0600] {dag.py:3820} INFO - Setting next_dagrun for example_short_circuit_decorator to 2023-12-19T00:00:00+00:00, run_after=2023-12-20T00:00:00+00:00
[2023-12-20T18:20:16.737+0600] {processor.py:183} INFO - Processing /home/robin/Documents/Tanjim/Miscellaneous Projects/airflow_docker/airflow_in_python_env/env/lib/python3.10/site-packages/airflow/example_dags/example_short_circuit_decorator.py took 0.159 seconds
[2023-12-20T18:28:56.910+0600] {processor.py:161} INFO - Started process (PID=75015) to work on /home/robin/Documents/Tanjim/Miscellaneous Projects/airflow_docker/airflow_in_python_env/env/lib/python3.10/site-packages/airflow/example_dags/example_short_circuit_decorator.py
[2023-12-20T18:28:56.919+0600] {processor.py:830} INFO - Processing file /home/robin/Documents/Tanjim/Miscellaneous Projects/airflow_docker/airflow_in_python_env/env/lib/python3.10/site-packages/airflow/example_dags/example_short_circuit_decorator.py for tasks to queue
[2023-12-20T18:28:56.920+0600] {logging_mixin.py:188} INFO - [2023-12-20T18:28:56.920+0600] {dagbag.py:538} INFO - Filling up the DagBag from /home/robin/Documents/Tanjim/Miscellaneous Projects/airflow_docker/airflow_in_python_env/env/lib/python3.10/site-packages/airflow/example_dags/example_short_circuit_decorator.py
[2023-12-20T18:28:56.938+0600] {processor.py:840} INFO - DAG(s) 'example_short_circuit_decorator' retrieved from /home/robin/Documents/Tanjim/Miscellaneous Projects/airflow_docker/airflow_in_python_env/env/lib/python3.10/site-packages/airflow/example_dags/example_short_circuit_decorator.py
[2023-12-20T18:28:56.966+0600] {logging_mixin.py:188} INFO - [2023-12-20T18:28:56.965+0600] {dag.py:3033} INFO - Sync 1 DAGs
[2023-12-20T18:28:56.995+0600] {logging_mixin.py:188} INFO - [2023-12-20T18:28:56.995+0600] {dag.py:3820} INFO - Setting next_dagrun for example_short_circuit_decorator to 2023-12-19T00:00:00+00:00, run_after=2023-12-20T00:00:00+00:00
[2023-12-20T18:28:57.031+0600] {processor.py:183} INFO - Processing /home/robin/Documents/Tanjim/Miscellaneous Projects/airflow_docker/airflow_in_python_env/env/lib/python3.10/site-packages/airflow/example_dags/example_short_circuit_decorator.py took 0.126 seconds
[2023-12-20T18:30:13.245+0600] {processor.py:161} INFO - Started process (PID=75626) to work on /home/robin/Documents/Tanjim/Miscellaneous Projects/airflow_docker/airflow_in_python_env/env/lib/python3.10/site-packages/airflow/example_dags/example_short_circuit_decorator.py
[2023-12-20T18:30:13.255+0600] {processor.py:830} INFO - Processing file /home/robin/Documents/Tanjim/Miscellaneous Projects/airflow_docker/airflow_in_python_env/env/lib/python3.10/site-packages/airflow/example_dags/example_short_circuit_decorator.py for tasks to queue
[2023-12-20T18:30:13.258+0600] {logging_mixin.py:188} INFO - [2023-12-20T18:30:13.257+0600] {dagbag.py:538} INFO - Filling up the DagBag from /home/robin/Documents/Tanjim/Miscellaneous Projects/airflow_docker/airflow_in_python_env/env/lib/python3.10/site-packages/airflow/example_dags/example_short_circuit_decorator.py
[2023-12-20T18:30:13.296+0600] {processor.py:840} INFO - DAG(s) 'example_short_circuit_decorator' retrieved from /home/robin/Documents/Tanjim/Miscellaneous Projects/airflow_docker/airflow_in_python_env/env/lib/python3.10/site-packages/airflow/example_dags/example_short_circuit_decorator.py
[2023-12-20T18:30:13.325+0600] {logging_mixin.py:188} INFO - [2023-12-20T18:30:13.325+0600] {dag.py:3033} INFO - Sync 1 DAGs
[2023-12-20T18:30:13.346+0600] {logging_mixin.py:188} INFO - [2023-12-20T18:30:13.345+0600] {dag.py:3820} INFO - Setting next_dagrun for example_short_circuit_decorator to 2023-12-19T00:00:00+00:00, run_after=2023-12-20T00:00:00+00:00
[2023-12-20T18:30:13.378+0600] {processor.py:183} INFO - Processing /home/robin/Documents/Tanjim/Miscellaneous Projects/airflow_docker/airflow_in_python_env/env/lib/python3.10/site-packages/airflow/example_dags/example_short_circuit_decorator.py took 0.143 seconds
