[2023-12-20T17:58:56.720+0600] {processor.py:161} INFO - Started process (PID=67183) to work on /home/robin/Documents/Tanjim/Miscellaneous Projects/airflow_docker/airflow_in_python_env/env/lib/python3.10/site-packages/airflow/example_dags/example_branch_labels.py
[2023-12-20T17:58:56.721+0600] {processor.py:830} INFO - Processing file /home/robin/Documents/Tanjim/Miscellaneous Projects/airflow_docker/airflow_in_python_env/env/lib/python3.10/site-packages/airflow/example_dags/example_branch_labels.py for tasks to queue
[2023-12-20T17:58:56.722+0600] {logging_mixin.py:188} INFO - [2023-12-20T17:58:56.722+0600] {dagbag.py:538} INFO - Filling up the DagBag from /home/robin/Documents/Tanjim/Miscellaneous Projects/airflow_docker/airflow_in_python_env/env/lib/python3.10/site-packages/airflow/example_dags/example_branch_labels.py
[2023-12-20T17:58:56.737+0600] {processor.py:840} INFO - DAG(s) 'example_branch_labels' retrieved from /home/robin/Documents/Tanjim/Miscellaneous Projects/airflow_docker/airflow_in_python_env/env/lib/python3.10/site-packages/airflow/example_dags/example_branch_labels.py
[2023-12-20T17:58:56.932+0600] {logging_mixin.py:188} INFO - [2023-12-20T17:58:56.932+0600] {dag.py:3033} INFO - Sync 1 DAGs
[2023-12-20T17:58:56.967+0600] {logging_mixin.py:188} INFO - [2023-12-20T17:58:56.967+0600] {dag.py:3820} INFO - Setting next_dagrun for example_branch_labels to 2023-12-19T00:00:00+00:00, run_after=2023-12-20T00:00:00+00:00
[2023-12-20T17:58:57.013+0600] {processor.py:183} INFO - Processing /home/robin/Documents/Tanjim/Miscellaneous Projects/airflow_docker/airflow_in_python_env/env/lib/python3.10/site-packages/airflow/example_dags/example_branch_labels.py took 0.298 seconds
[2023-12-20T18:00:12.154+0600] {processor.py:161} INFO - Started process (PID=67472) to work on /home/robin/Documents/Tanjim/Miscellaneous Projects/airflow_docker/airflow_in_python_env/env/lib/python3.10/site-packages/airflow/example_dags/example_branch_labels.py
[2023-12-20T18:00:12.162+0600] {processor.py:830} INFO - Processing file /home/robin/Documents/Tanjim/Miscellaneous Projects/airflow_docker/airflow_in_python_env/env/lib/python3.10/site-packages/airflow/example_dags/example_branch_labels.py for tasks to queue
[2023-12-20T18:00:12.164+0600] {logging_mixin.py:188} INFO - [2023-12-20T18:00:12.163+0600] {dagbag.py:538} INFO - Filling up the DagBag from /home/robin/Documents/Tanjim/Miscellaneous Projects/airflow_docker/airflow_in_python_env/env/lib/python3.10/site-packages/airflow/example_dags/example_branch_labels.py
[2023-12-20T18:00:12.179+0600] {processor.py:840} INFO - DAG(s) 'example_branch_labels' retrieved from /home/robin/Documents/Tanjim/Miscellaneous Projects/airflow_docker/airflow_in_python_env/env/lib/python3.10/site-packages/airflow/example_dags/example_branch_labels.py
[2023-12-20T18:00:12.215+0600] {logging_mixin.py:188} INFO - [2023-12-20T18:00:12.215+0600] {dag.py:3033} INFO - Sync 1 DAGs
[2023-12-20T18:00:12.248+0600] {logging_mixin.py:188} INFO - [2023-12-20T18:00:12.248+0600] {dag.py:3820} INFO - Setting next_dagrun for example_branch_labels to 2023-12-19T00:00:00+00:00, run_after=2023-12-20T00:00:00+00:00
[2023-12-20T18:00:12.307+0600] {processor.py:183} INFO - Processing /home/robin/Documents/Tanjim/Miscellaneous Projects/airflow_docker/airflow_in_python_env/env/lib/python3.10/site-packages/airflow/example_dags/example_branch_labels.py took 0.162 seconds
[2023-12-20T18:01:28.434+0600] {processor.py:161} INFO - Started process (PID=68110) to work on /home/robin/Documents/Tanjim/Miscellaneous Projects/airflow_docker/airflow_in_python_env/env/lib/python3.10/site-packages/airflow/example_dags/example_branch_labels.py
[2023-12-20T18:01:28.443+0600] {processor.py:830} INFO - Processing file /home/robin/Documents/Tanjim/Miscellaneous Projects/airflow_docker/airflow_in_python_env/env/lib/python3.10/site-packages/airflow/example_dags/example_branch_labels.py for tasks to queue
[2023-12-20T18:01:28.447+0600] {logging_mixin.py:188} INFO - [2023-12-20T18:01:28.445+0600] {dagbag.py:538} INFO - Filling up the DagBag from /home/robin/Documents/Tanjim/Miscellaneous Projects/airflow_docker/airflow_in_python_env/env/lib/python3.10/site-packages/airflow/example_dags/example_branch_labels.py
[2023-12-20T18:01:28.469+0600] {processor.py:840} INFO - DAG(s) 'example_branch_labels' retrieved from /home/robin/Documents/Tanjim/Miscellaneous Projects/airflow_docker/airflow_in_python_env/env/lib/python3.10/site-packages/airflow/example_dags/example_branch_labels.py
[2023-12-20T18:01:28.498+0600] {logging_mixin.py:188} INFO - [2023-12-20T18:01:28.498+0600] {dag.py:3033} INFO - Sync 1 DAGs
[2023-12-20T18:01:28.521+0600] {logging_mixin.py:188} INFO - [2023-12-20T18:01:28.521+0600] {dag.py:3820} INFO - Setting next_dagrun for example_branch_labels to 2023-12-19T00:00:00+00:00, run_after=2023-12-20T00:00:00+00:00
[2023-12-20T18:01:28.552+0600] {processor.py:183} INFO - Processing /home/robin/Documents/Tanjim/Miscellaneous Projects/airflow_docker/airflow_in_python_env/env/lib/python3.10/site-packages/airflow/example_dags/example_branch_labels.py took 0.130 seconds
[2023-12-20T18:02:57.698+0600] {processor.py:161} INFO - Started process (PID=69015) to work on /home/robin/Documents/Tanjim/Miscellaneous Projects/airflow_docker/airflow_in_python_env/env/lib/python3.10/site-packages/airflow/example_dags/example_branch_labels.py
[2023-12-20T18:02:57.707+0600] {processor.py:830} INFO - Processing file /home/robin/Documents/Tanjim/Miscellaneous Projects/airflow_docker/airflow_in_python_env/env/lib/python3.10/site-packages/airflow/example_dags/example_branch_labels.py for tasks to queue
[2023-12-20T18:02:57.709+0600] {logging_mixin.py:188} INFO - [2023-12-20T18:02:57.708+0600] {dagbag.py:538} INFO - Filling up the DagBag from /home/robin/Documents/Tanjim/Miscellaneous Projects/airflow_docker/airflow_in_python_env/env/lib/python3.10/site-packages/airflow/example_dags/example_branch_labels.py
[2023-12-20T18:02:57.734+0600] {processor.py:840} INFO - DAG(s) 'example_branch_labels' retrieved from /home/robin/Documents/Tanjim/Miscellaneous Projects/airflow_docker/airflow_in_python_env/env/lib/python3.10/site-packages/airflow/example_dags/example_branch_labels.py
[2023-12-20T18:02:57.762+0600] {logging_mixin.py:188} INFO - [2023-12-20T18:02:57.761+0600] {dag.py:3033} INFO - Sync 1 DAGs
[2023-12-20T18:02:57.787+0600] {logging_mixin.py:188} INFO - [2023-12-20T18:02:57.787+0600] {dag.py:3820} INFO - Setting next_dagrun for example_branch_labels to 2023-12-19T00:00:00+00:00, run_after=2023-12-20T00:00:00+00:00
[2023-12-20T18:02:57.846+0600] {processor.py:183} INFO - Processing /home/robin/Documents/Tanjim/Miscellaneous Projects/airflow_docker/airflow_in_python_env/env/lib/python3.10/site-packages/airflow/example_dags/example_branch_labels.py took 0.157 seconds
[2023-12-20T18:04:09.087+0600] {processor.py:161} INFO - Started process (PID=69350) to work on /home/robin/Documents/Tanjim/Miscellaneous Projects/airflow_docker/airflow_in_python_env/env/lib/python3.10/site-packages/airflow/example_dags/example_branch_labels.py
[2023-12-20T18:04:09.089+0600] {processor.py:830} INFO - Processing file /home/robin/Documents/Tanjim/Miscellaneous Projects/airflow_docker/airflow_in_python_env/env/lib/python3.10/site-packages/airflow/example_dags/example_branch_labels.py for tasks to queue
[2023-12-20T18:04:09.091+0600] {logging_mixin.py:188} INFO - [2023-12-20T18:04:09.090+0600] {dagbag.py:538} INFO - Filling up the DagBag from /home/robin/Documents/Tanjim/Miscellaneous Projects/airflow_docker/airflow_in_python_env/env/lib/python3.10/site-packages/airflow/example_dags/example_branch_labels.py
[2023-12-20T18:04:09.108+0600] {processor.py:840} INFO - DAG(s) 'example_branch_labels' retrieved from /home/robin/Documents/Tanjim/Miscellaneous Projects/airflow_docker/airflow_in_python_env/env/lib/python3.10/site-packages/airflow/example_dags/example_branch_labels.py
[2023-12-20T18:04:09.133+0600] {logging_mixin.py:188} INFO - [2023-12-20T18:04:09.133+0600] {dag.py:3033} INFO - Sync 1 DAGs
[2023-12-20T18:04:09.165+0600] {logging_mixin.py:188} INFO - [2023-12-20T18:04:09.165+0600] {dag.py:3820} INFO - Setting next_dagrun for example_branch_labels to 2023-12-19T00:00:00+00:00, run_after=2023-12-20T00:00:00+00:00
[2023-12-20T18:04:09.203+0600] {processor.py:183} INFO - Processing /home/robin/Documents/Tanjim/Miscellaneous Projects/airflow_docker/airflow_in_python_env/env/lib/python3.10/site-packages/airflow/example_dags/example_branch_labels.py took 0.122 seconds
[2023-12-20T18:18:50.840+0600] {processor.py:161} INFO - Started process (PID=72198) to work on /home/robin/Documents/Tanjim/Miscellaneous Projects/airflow_docker/airflow_in_python_env/env/lib/python3.10/site-packages/airflow/example_dags/example_branch_labels.py
[2023-12-20T18:18:50.849+0600] {processor.py:830} INFO - Processing file /home/robin/Documents/Tanjim/Miscellaneous Projects/airflow_docker/airflow_in_python_env/env/lib/python3.10/site-packages/airflow/example_dags/example_branch_labels.py for tasks to queue
[2023-12-20T18:18:50.851+0600] {logging_mixin.py:188} INFO - [2023-12-20T18:18:50.850+0600] {dagbag.py:538} INFO - Filling up the DagBag from /home/robin/Documents/Tanjim/Miscellaneous Projects/airflow_docker/airflow_in_python_env/env/lib/python3.10/site-packages/airflow/example_dags/example_branch_labels.py
[2023-12-20T18:18:50.871+0600] {processor.py:840} INFO - DAG(s) 'example_branch_labels' retrieved from /home/robin/Documents/Tanjim/Miscellaneous Projects/airflow_docker/airflow_in_python_env/env/lib/python3.10/site-packages/airflow/example_dags/example_branch_labels.py
[2023-12-20T18:18:50.902+0600] {logging_mixin.py:188} INFO - [2023-12-20T18:18:50.902+0600] {dag.py:3033} INFO - Sync 1 DAGs
[2023-12-20T18:18:50.925+0600] {logging_mixin.py:188} INFO - [2023-12-20T18:18:50.925+0600] {dag.py:3820} INFO - Setting next_dagrun for example_branch_labels to 2023-12-19T00:00:00+00:00, run_after=2023-12-20T00:00:00+00:00
[2023-12-20T18:18:50.958+0600] {processor.py:183} INFO - Processing /home/robin/Documents/Tanjim/Miscellaneous Projects/airflow_docker/airflow_in_python_env/env/lib/python3.10/site-packages/airflow/example_dags/example_branch_labels.py took 0.126 seconds
[2023-12-20T18:20:10.549+0600] {processor.py:161} INFO - Started process (PID=72388) to work on /home/robin/Documents/Tanjim/Miscellaneous Projects/airflow_docker/airflow_in_python_env/env/lib/python3.10/site-packages/airflow/example_dags/example_branch_labels.py
[2023-12-20T18:20:10.561+0600] {processor.py:830} INFO - Processing file /home/robin/Documents/Tanjim/Miscellaneous Projects/airflow_docker/airflow_in_python_env/env/lib/python3.10/site-packages/airflow/example_dags/example_branch_labels.py for tasks to queue
[2023-12-20T18:20:10.569+0600] {logging_mixin.py:188} INFO - [2023-12-20T18:20:10.566+0600] {dagbag.py:538} INFO - Filling up the DagBag from /home/robin/Documents/Tanjim/Miscellaneous Projects/airflow_docker/airflow_in_python_env/env/lib/python3.10/site-packages/airflow/example_dags/example_branch_labels.py
[2023-12-20T18:20:10.625+0600] {processor.py:840} INFO - DAG(s) 'example_branch_labels' retrieved from /home/robin/Documents/Tanjim/Miscellaneous Projects/airflow_docker/airflow_in_python_env/env/lib/python3.10/site-packages/airflow/example_dags/example_branch_labels.py
[2023-12-20T18:20:10.655+0600] {logging_mixin.py:188} INFO - [2023-12-20T18:20:10.655+0600] {dag.py:3033} INFO - Sync 1 DAGs
[2023-12-20T18:20:10.681+0600] {logging_mixin.py:188} INFO - [2023-12-20T18:20:10.681+0600] {dag.py:3820} INFO - Setting next_dagrun for example_branch_labels to 2023-12-19T00:00:00+00:00, run_after=2023-12-20T00:00:00+00:00
[2023-12-20T18:20:10.713+0600] {processor.py:183} INFO - Processing /home/robin/Documents/Tanjim/Miscellaneous Projects/airflow_docker/airflow_in_python_env/env/lib/python3.10/site-packages/airflow/example_dags/example_branch_labels.py took 0.177 seconds
[2023-12-20T18:29:44.074+0600] {processor.py:161} INFO - Started process (PID=75477) to work on /home/robin/Documents/Tanjim/Miscellaneous Projects/airflow_docker/airflow_in_python_env/env/lib/python3.10/site-packages/airflow/example_dags/example_branch_labels.py
[2023-12-20T18:29:44.084+0600] {processor.py:830} INFO - Processing file /home/robin/Documents/Tanjim/Miscellaneous Projects/airflow_docker/airflow_in_python_env/env/lib/python3.10/site-packages/airflow/example_dags/example_branch_labels.py for tasks to queue
[2023-12-20T18:29:44.087+0600] {logging_mixin.py:188} INFO - [2023-12-20T18:29:44.085+0600] {dagbag.py:538} INFO - Filling up the DagBag from /home/robin/Documents/Tanjim/Miscellaneous Projects/airflow_docker/airflow_in_python_env/env/lib/python3.10/site-packages/airflow/example_dags/example_branch_labels.py
[2023-12-20T18:29:44.111+0600] {processor.py:840} INFO - DAG(s) 'example_branch_labels' retrieved from /home/robin/Documents/Tanjim/Miscellaneous Projects/airflow_docker/airflow_in_python_env/env/lib/python3.10/site-packages/airflow/example_dags/example_branch_labels.py
[2023-12-20T18:29:44.147+0600] {logging_mixin.py:188} INFO - [2023-12-20T18:29:44.147+0600] {dag.py:3033} INFO - Sync 1 DAGs
[2023-12-20T18:29:44.174+0600] {logging_mixin.py:188} INFO - [2023-12-20T18:29:44.174+0600] {dag.py:3820} INFO - Setting next_dagrun for example_branch_labels to 2023-12-19T00:00:00+00:00, run_after=2023-12-20T00:00:00+00:00
[2023-12-20T18:29:44.202+0600] {processor.py:183} INFO - Processing /home/robin/Documents/Tanjim/Miscellaneous Projects/airflow_docker/airflow_in_python_env/env/lib/python3.10/site-packages/airflow/example_dags/example_branch_labels.py took 0.137 seconds
