[2023-12-20T17:58:31.315+0600] {processor.py:161} INFO - Started process (PID=67104) to work on /home/robin/Documents/Tanjim/Miscellaneous Projects/airflow_docker/airflow_in_python_env/env/lib/python3.10/site-packages/airflow/example_dags/example_sensor_decorator.py
[2023-12-20T17:58:31.316+0600] {processor.py:830} INFO - Processing file /home/robin/Documents/Tanjim/Miscellaneous Projects/airflow_docker/airflow_in_python_env/env/lib/python3.10/site-packages/airflow/example_dags/example_sensor_decorator.py for tasks to queue
[2023-12-20T17:58:31.318+0600] {logging_mixin.py:188} INFO - [2023-12-20T17:58:31.317+0600] {dagbag.py:538} INFO - Filling up the DagBag from /home/robin/Documents/Tanjim/Miscellaneous Projects/airflow_docker/airflow_in_python_env/env/lib/python3.10/site-packages/airflow/example_dags/example_sensor_decorator.py
[2023-12-20T17:58:31.329+0600] {processor.py:840} INFO - DAG(s) 'example_sensor_decorator' retrieved from /home/robin/Documents/Tanjim/Miscellaneous Projects/airflow_docker/airflow_in_python_env/env/lib/python3.10/site-packages/airflow/example_dags/example_sensor_decorator.py
[2023-12-20T17:58:31.483+0600] {logging_mixin.py:188} INFO - [2023-12-20T17:58:31.483+0600] {dag.py:3033} INFO - Sync 1 DAGs
[2023-12-20T17:58:31.497+0600] {logging_mixin.py:188} INFO - [2023-12-20T17:58:31.497+0600] {dag.py:3820} INFO - Setting next_dagrun for example_sensor_decorator to None, run_after=None
[2023-12-20T17:58:31.528+0600] {processor.py:183} INFO - Processing /home/robin/Documents/Tanjim/Miscellaneous Projects/airflow_docker/airflow_in_python_env/env/lib/python3.10/site-packages/airflow/example_dags/example_sensor_decorator.py took 0.217 seconds
[2023-12-20T17:59:28.135+0600] {processor.py:161} INFO - Started process (PID=67347) to work on /home/robin/Documents/Tanjim/Miscellaneous Projects/airflow_docker/airflow_in_python_env/env/lib/python3.10/site-packages/airflow/example_dags/example_sensor_decorator.py
[2023-12-20T17:59:28.143+0600] {processor.py:830} INFO - Processing file /home/robin/Documents/Tanjim/Miscellaneous Projects/airflow_docker/airflow_in_python_env/env/lib/python3.10/site-packages/airflow/example_dags/example_sensor_decorator.py for tasks to queue
[2023-12-20T17:59:28.145+0600] {logging_mixin.py:188} INFO - [2023-12-20T17:59:28.145+0600] {dagbag.py:538} INFO - Filling up the DagBag from /home/robin/Documents/Tanjim/Miscellaneous Projects/airflow_docker/airflow_in_python_env/env/lib/python3.10/site-packages/airflow/example_dags/example_sensor_decorator.py
[2023-12-20T17:59:28.155+0600] {processor.py:840} INFO - DAG(s) 'example_sensor_decorator' retrieved from /home/robin/Documents/Tanjim/Miscellaneous Projects/airflow_docker/airflow_in_python_env/env/lib/python3.10/site-packages/airflow/example_dags/example_sensor_decorator.py
[2023-12-20T17:59:28.183+0600] {logging_mixin.py:188} INFO - [2023-12-20T17:59:28.183+0600] {dag.py:3033} INFO - Sync 1 DAGs
[2023-12-20T17:59:28.220+0600] {logging_mixin.py:188} INFO - [2023-12-20T17:59:28.219+0600] {dag.py:3820} INFO - Setting next_dagrun for example_sensor_decorator to None, run_after=None
[2023-12-20T17:59:28.281+0600] {processor.py:183} INFO - Processing /home/robin/Documents/Tanjim/Miscellaneous Projects/airflow_docker/airflow_in_python_env/env/lib/python3.10/site-packages/airflow/example_dags/example_sensor_decorator.py took 0.152 seconds
[2023-12-20T18:00:22.461+0600] {processor.py:161} INFO - Started process (PID=67491) to work on /home/robin/Documents/Tanjim/Miscellaneous Projects/airflow_docker/airflow_in_python_env/env/lib/python3.10/site-packages/airflow/example_dags/example_sensor_decorator.py
[2023-12-20T18:00:22.470+0600] {processor.py:830} INFO - Processing file /home/robin/Documents/Tanjim/Miscellaneous Projects/airflow_docker/airflow_in_python_env/env/lib/python3.10/site-packages/airflow/example_dags/example_sensor_decorator.py for tasks to queue
[2023-12-20T18:00:22.471+0600] {logging_mixin.py:188} INFO - [2023-12-20T18:00:22.471+0600] {dagbag.py:538} INFO - Filling up the DagBag from /home/robin/Documents/Tanjim/Miscellaneous Projects/airflow_docker/airflow_in_python_env/env/lib/python3.10/site-packages/airflow/example_dags/example_sensor_decorator.py
[2023-12-20T18:00:22.481+0600] {processor.py:840} INFO - DAG(s) 'example_sensor_decorator' retrieved from /home/robin/Documents/Tanjim/Miscellaneous Projects/airflow_docker/airflow_in_python_env/env/lib/python3.10/site-packages/airflow/example_dags/example_sensor_decorator.py
[2023-12-20T18:00:22.500+0600] {logging_mixin.py:188} INFO - [2023-12-20T18:00:22.500+0600] {dag.py:3033} INFO - Sync 1 DAGs
[2023-12-20T18:00:22.511+0600] {logging_mixin.py:188} INFO - [2023-12-20T18:00:22.511+0600] {dag.py:3820} INFO - Setting next_dagrun for example_sensor_decorator to None, run_after=None
[2023-12-20T18:00:22.539+0600] {processor.py:183} INFO - Processing /home/robin/Documents/Tanjim/Miscellaneous Projects/airflow_docker/airflow_in_python_env/env/lib/python3.10/site-packages/airflow/example_dags/example_sensor_decorator.py took 0.086 seconds
[2023-12-20T18:01:14.904+0600] {processor.py:161} INFO - Started process (PID=67943) to work on /home/robin/Documents/Tanjim/Miscellaneous Projects/airflow_docker/airflow_in_python_env/env/lib/python3.10/site-packages/airflow/example_dags/example_sensor_decorator.py
[2023-12-20T18:01:14.913+0600] {processor.py:830} INFO - Processing file /home/robin/Documents/Tanjim/Miscellaneous Projects/airflow_docker/airflow_in_python_env/env/lib/python3.10/site-packages/airflow/example_dags/example_sensor_decorator.py for tasks to queue
[2023-12-20T18:01:14.915+0600] {logging_mixin.py:188} INFO - [2023-12-20T18:01:14.914+0600] {dagbag.py:538} INFO - Filling up the DagBag from /home/robin/Documents/Tanjim/Miscellaneous Projects/airflow_docker/airflow_in_python_env/env/lib/python3.10/site-packages/airflow/example_dags/example_sensor_decorator.py
[2023-12-20T18:01:14.931+0600] {processor.py:840} INFO - DAG(s) 'example_sensor_decorator' retrieved from /home/robin/Documents/Tanjim/Miscellaneous Projects/airflow_docker/airflow_in_python_env/env/lib/python3.10/site-packages/airflow/example_dags/example_sensor_decorator.py
[2023-12-20T18:01:14.972+0600] {logging_mixin.py:188} INFO - [2023-12-20T18:01:14.972+0600] {dag.py:3033} INFO - Sync 1 DAGs
[2023-12-20T18:01:15.002+0600] {logging_mixin.py:188} INFO - [2023-12-20T18:01:15.002+0600] {dag.py:3820} INFO - Setting next_dagrun for example_sensor_decorator to None, run_after=None
[2023-12-20T18:01:15.050+0600] {processor.py:183} INFO - Processing /home/robin/Documents/Tanjim/Miscellaneous Projects/airflow_docker/airflow_in_python_env/env/lib/python3.10/site-packages/airflow/example_dags/example_sensor_decorator.py took 0.154 seconds
[2023-12-20T18:02:40.298+0600] {processor.py:161} INFO - Started process (PID=68884) to work on /home/robin/Documents/Tanjim/Miscellaneous Projects/airflow_docker/airflow_in_python_env/env/lib/python3.10/site-packages/airflow/example_dags/example_sensor_decorator.py
[2023-12-20T18:02:40.312+0600] {processor.py:830} INFO - Processing file /home/robin/Documents/Tanjim/Miscellaneous Projects/airflow_docker/airflow_in_python_env/env/lib/python3.10/site-packages/airflow/example_dags/example_sensor_decorator.py for tasks to queue
[2023-12-20T18:02:40.318+0600] {logging_mixin.py:188} INFO - [2023-12-20T18:02:40.317+0600] {dagbag.py:538} INFO - Filling up the DagBag from /home/robin/Documents/Tanjim/Miscellaneous Projects/airflow_docker/airflow_in_python_env/env/lib/python3.10/site-packages/airflow/example_dags/example_sensor_decorator.py
[2023-12-20T18:02:40.347+0600] {processor.py:840} INFO - DAG(s) 'example_sensor_decorator' retrieved from /home/robin/Documents/Tanjim/Miscellaneous Projects/airflow_docker/airflow_in_python_env/env/lib/python3.10/site-packages/airflow/example_dags/example_sensor_decorator.py
[2023-12-20T18:02:40.381+0600] {logging_mixin.py:188} INFO - [2023-12-20T18:02:40.381+0600] {dag.py:3033} INFO - Sync 1 DAGs
[2023-12-20T18:02:40.397+0600] {logging_mixin.py:188} INFO - [2023-12-20T18:02:40.396+0600] {dag.py:3820} INFO - Setting next_dagrun for example_sensor_decorator to None, run_after=None
[2023-12-20T18:02:40.430+0600] {processor.py:183} INFO - Processing /home/robin/Documents/Tanjim/Miscellaneous Projects/airflow_docker/airflow_in_python_env/env/lib/python3.10/site-packages/airflow/example_dags/example_sensor_decorator.py took 0.144 seconds
[2023-12-20T18:03:32.513+0600] {processor.py:161} INFO - Started process (PID=69250) to work on /home/robin/Documents/Tanjim/Miscellaneous Projects/airflow_docker/airflow_in_python_env/env/lib/python3.10/site-packages/airflow/example_dags/example_sensor_decorator.py
[2023-12-20T18:03:32.521+0600] {processor.py:830} INFO - Processing file /home/robin/Documents/Tanjim/Miscellaneous Projects/airflow_docker/airflow_in_python_env/env/lib/python3.10/site-packages/airflow/example_dags/example_sensor_decorator.py for tasks to queue
[2023-12-20T18:03:32.523+0600] {logging_mixin.py:188} INFO - [2023-12-20T18:03:32.522+0600] {dagbag.py:538} INFO - Filling up the DagBag from /home/robin/Documents/Tanjim/Miscellaneous Projects/airflow_docker/airflow_in_python_env/env/lib/python3.10/site-packages/airflow/example_dags/example_sensor_decorator.py
[2023-12-20T18:03:32.534+0600] {processor.py:840} INFO - DAG(s) 'example_sensor_decorator' retrieved from /home/robin/Documents/Tanjim/Miscellaneous Projects/airflow_docker/airflow_in_python_env/env/lib/python3.10/site-packages/airflow/example_dags/example_sensor_decorator.py
[2023-12-20T18:03:32.556+0600] {logging_mixin.py:188} INFO - [2023-12-20T18:03:32.555+0600] {dag.py:3033} INFO - Sync 1 DAGs
[2023-12-20T18:03:32.572+0600] {logging_mixin.py:188} INFO - [2023-12-20T18:03:32.571+0600] {dag.py:3820} INFO - Setting next_dagrun for example_sensor_decorator to None, run_after=None
[2023-12-20T18:03:32.599+0600] {processor.py:183} INFO - Processing /home/robin/Documents/Tanjim/Miscellaneous Projects/airflow_docker/airflow_in_python_env/env/lib/python3.10/site-packages/airflow/example_dags/example_sensor_decorator.py took 0.091 seconds
[2023-12-20T18:04:22.254+0600] {processor.py:161} INFO - Started process (PID=69523) to work on /home/robin/Documents/Tanjim/Miscellaneous Projects/airflow_docker/airflow_in_python_env/env/lib/python3.10/site-packages/airflow/example_dags/example_sensor_decorator.py
[2023-12-20T18:04:22.262+0600] {processor.py:830} INFO - Processing file /home/robin/Documents/Tanjim/Miscellaneous Projects/airflow_docker/airflow_in_python_env/env/lib/python3.10/site-packages/airflow/example_dags/example_sensor_decorator.py for tasks to queue
[2023-12-20T18:04:22.264+0600] {logging_mixin.py:188} INFO - [2023-12-20T18:04:22.263+0600] {dagbag.py:538} INFO - Filling up the DagBag from /home/robin/Documents/Tanjim/Miscellaneous Projects/airflow_docker/airflow_in_python_env/env/lib/python3.10/site-packages/airflow/example_dags/example_sensor_decorator.py
[2023-12-20T18:04:22.274+0600] {processor.py:840} INFO - DAG(s) 'example_sensor_decorator' retrieved from /home/robin/Documents/Tanjim/Miscellaneous Projects/airflow_docker/airflow_in_python_env/env/lib/python3.10/site-packages/airflow/example_dags/example_sensor_decorator.py
[2023-12-20T18:04:22.298+0600] {logging_mixin.py:188} INFO - [2023-12-20T18:04:22.297+0600] {dag.py:3033} INFO - Sync 1 DAGs
[2023-12-20T18:04:22.312+0600] {logging_mixin.py:188} INFO - [2023-12-20T18:04:22.311+0600] {dag.py:3820} INFO - Setting next_dagrun for example_sensor_decorator to None, run_after=None
[2023-12-20T18:04:22.340+0600] {processor.py:183} INFO - Processing /home/robin/Documents/Tanjim/Miscellaneous Projects/airflow_docker/airflow_in_python_env/env/lib/python3.10/site-packages/airflow/example_dags/example_sensor_decorator.py took 0.091 seconds
[2023-12-20T18:18:29.992+0600] {processor.py:161} INFO - Started process (PID=72133) to work on /home/robin/Documents/Tanjim/Miscellaneous Projects/airflow_docker/airflow_in_python_env/env/lib/python3.10/site-packages/airflow/example_dags/example_sensor_decorator.py
[2023-12-20T18:18:30.000+0600] {processor.py:830} INFO - Processing file /home/robin/Documents/Tanjim/Miscellaneous Projects/airflow_docker/airflow_in_python_env/env/lib/python3.10/site-packages/airflow/example_dags/example_sensor_decorator.py for tasks to queue
[2023-12-20T18:18:30.001+0600] {logging_mixin.py:188} INFO - [2023-12-20T18:18:30.001+0600] {dagbag.py:538} INFO - Filling up the DagBag from /home/robin/Documents/Tanjim/Miscellaneous Projects/airflow_docker/airflow_in_python_env/env/lib/python3.10/site-packages/airflow/example_dags/example_sensor_decorator.py
[2023-12-20T18:18:30.010+0600] {processor.py:840} INFO - DAG(s) 'example_sensor_decorator' retrieved from /home/robin/Documents/Tanjim/Miscellaneous Projects/airflow_docker/airflow_in_python_env/env/lib/python3.10/site-packages/airflow/example_dags/example_sensor_decorator.py
[2023-12-20T18:18:30.029+0600] {logging_mixin.py:188} INFO - [2023-12-20T18:18:30.029+0600] {dag.py:3033} INFO - Sync 1 DAGs
[2023-12-20T18:18:30.041+0600] {logging_mixin.py:188} INFO - [2023-12-20T18:18:30.041+0600] {dag.py:3820} INFO - Setting next_dagrun for example_sensor_decorator to None, run_after=None
[2023-12-20T18:18:30.082+0600] {processor.py:183} INFO - Processing /home/robin/Documents/Tanjim/Miscellaneous Projects/airflow_docker/airflow_in_python_env/env/lib/python3.10/site-packages/airflow/example_dags/example_sensor_decorator.py took 0.097 seconds
[2023-12-20T18:19:26.061+0600] {processor.py:161} INFO - Started process (PID=72285) to work on /home/robin/Documents/Tanjim/Miscellaneous Projects/airflow_docker/airflow_in_python_env/env/lib/python3.10/site-packages/airflow/example_dags/example_sensor_decorator.py
[2023-12-20T18:19:26.070+0600] {processor.py:830} INFO - Processing file /home/robin/Documents/Tanjim/Miscellaneous Projects/airflow_docker/airflow_in_python_env/env/lib/python3.10/site-packages/airflow/example_dags/example_sensor_decorator.py for tasks to queue
[2023-12-20T18:19:26.072+0600] {logging_mixin.py:188} INFO - [2023-12-20T18:19:26.072+0600] {dagbag.py:538} INFO - Filling up the DagBag from /home/robin/Documents/Tanjim/Miscellaneous Projects/airflow_docker/airflow_in_python_env/env/lib/python3.10/site-packages/airflow/example_dags/example_sensor_decorator.py
[2023-12-20T18:19:26.111+0600] {processor.py:840} INFO - DAG(s) 'example_sensor_decorator' retrieved from /home/robin/Documents/Tanjim/Miscellaneous Projects/airflow_docker/airflow_in_python_env/env/lib/python3.10/site-packages/airflow/example_dags/example_sensor_decorator.py
[2023-12-20T18:19:26.156+0600] {logging_mixin.py:188} INFO - [2023-12-20T18:19:26.155+0600] {dag.py:3033} INFO - Sync 1 DAGs
[2023-12-20T18:19:26.182+0600] {logging_mixin.py:188} INFO - [2023-12-20T18:19:26.182+0600] {dag.py:3820} INFO - Setting next_dagrun for example_sensor_decorator to None, run_after=None
[2023-12-20T18:19:26.239+0600] {processor.py:183} INFO - Processing /home/robin/Documents/Tanjim/Miscellaneous Projects/airflow_docker/airflow_in_python_env/env/lib/python3.10/site-packages/airflow/example_dags/example_sensor_decorator.py took 0.187 seconds
[2023-12-20T18:20:19.825+0600] {processor.py:161} INFO - Started process (PID=72411) to work on /home/robin/Documents/Tanjim/Miscellaneous Projects/airflow_docker/airflow_in_python_env/env/lib/python3.10/site-packages/airflow/example_dags/example_sensor_decorator.py
[2023-12-20T18:20:19.834+0600] {processor.py:830} INFO - Processing file /home/robin/Documents/Tanjim/Miscellaneous Projects/airflow_docker/airflow_in_python_env/env/lib/python3.10/site-packages/airflow/example_dags/example_sensor_decorator.py for tasks to queue
[2023-12-20T18:20:19.836+0600] {logging_mixin.py:188} INFO - [2023-12-20T18:20:19.835+0600] {dagbag.py:538} INFO - Filling up the DagBag from /home/robin/Documents/Tanjim/Miscellaneous Projects/airflow_docker/airflow_in_python_env/env/lib/python3.10/site-packages/airflow/example_dags/example_sensor_decorator.py
[2023-12-20T18:20:19.846+0600] {processor.py:840} INFO - DAG(s) 'example_sensor_decorator' retrieved from /home/robin/Documents/Tanjim/Miscellaneous Projects/airflow_docker/airflow_in_python_env/env/lib/python3.10/site-packages/airflow/example_dags/example_sensor_decorator.py
[2023-12-20T18:20:19.868+0600] {logging_mixin.py:188} INFO - [2023-12-20T18:20:19.868+0600] {dag.py:3033} INFO - Sync 1 DAGs
[2023-12-20T18:20:19.880+0600] {logging_mixin.py:188} INFO - [2023-12-20T18:20:19.880+0600] {dag.py:3820} INFO - Setting next_dagrun for example_sensor_decorator to None, run_after=None
[2023-12-20T18:20:19.908+0600] {processor.py:183} INFO - Processing /home/robin/Documents/Tanjim/Miscellaneous Projects/airflow_docker/airflow_in_python_env/env/lib/python3.10/site-packages/airflow/example_dags/example_sensor_decorator.py took 0.090 seconds
[2023-12-20T18:29:21.849+0600] {processor.py:161} INFO - Started process (PID=75306) to work on /home/robin/Documents/Tanjim/Miscellaneous Projects/airflow_docker/airflow_in_python_env/env/lib/python3.10/site-packages/airflow/example_dags/example_sensor_decorator.py
[2023-12-20T18:29:21.850+0600] {processor.py:830} INFO - Processing file /home/robin/Documents/Tanjim/Miscellaneous Projects/airflow_docker/airflow_in_python_env/env/lib/python3.10/site-packages/airflow/example_dags/example_sensor_decorator.py for tasks to queue
[2023-12-20T18:29:21.852+0600] {logging_mixin.py:188} INFO - [2023-12-20T18:29:21.851+0600] {dagbag.py:538} INFO - Filling up the DagBag from /home/robin/Documents/Tanjim/Miscellaneous Projects/airflow_docker/airflow_in_python_env/env/lib/python3.10/site-packages/airflow/example_dags/example_sensor_decorator.py
[2023-12-20T18:29:21.861+0600] {processor.py:840} INFO - DAG(s) 'example_sensor_decorator' retrieved from /home/robin/Documents/Tanjim/Miscellaneous Projects/airflow_docker/airflow_in_python_env/env/lib/python3.10/site-packages/airflow/example_dags/example_sensor_decorator.py
[2023-12-20T18:29:21.883+0600] {logging_mixin.py:188} INFO - [2023-12-20T18:29:21.882+0600] {dag.py:3033} INFO - Sync 1 DAGs
[2023-12-20T18:29:21.899+0600] {logging_mixin.py:188} INFO - [2023-12-20T18:29:21.899+0600] {dag.py:3820} INFO - Setting next_dagrun for example_sensor_decorator to None, run_after=None
[2023-12-20T18:29:21.935+0600] {processor.py:183} INFO - Processing /home/robin/Documents/Tanjim/Miscellaneous Projects/airflow_docker/airflow_in_python_env/env/lib/python3.10/site-packages/airflow/example_dags/example_sensor_decorator.py took 0.092 seconds
[2023-12-20T18:30:16.710+0600] {processor.py:161} INFO - Started process (PID=75632) to work on /home/robin/Documents/Tanjim/Miscellaneous Projects/airflow_docker/airflow_in_python_env/env/lib/python3.10/site-packages/airflow/example_dags/example_sensor_decorator.py
[2023-12-20T18:30:16.720+0600] {processor.py:830} INFO - Processing file /home/robin/Documents/Tanjim/Miscellaneous Projects/airflow_docker/airflow_in_python_env/env/lib/python3.10/site-packages/airflow/example_dags/example_sensor_decorator.py for tasks to queue
[2023-12-20T18:30:16.723+0600] {logging_mixin.py:188} INFO - [2023-12-20T18:30:16.721+0600] {dagbag.py:538} INFO - Filling up the DagBag from /home/robin/Documents/Tanjim/Miscellaneous Projects/airflow_docker/airflow_in_python_env/env/lib/python3.10/site-packages/airflow/example_dags/example_sensor_decorator.py
[2023-12-20T18:30:16.741+0600] {processor.py:840} INFO - DAG(s) 'example_sensor_decorator' retrieved from /home/robin/Documents/Tanjim/Miscellaneous Projects/airflow_docker/airflow_in_python_env/env/lib/python3.10/site-packages/airflow/example_dags/example_sensor_decorator.py
[2023-12-20T18:30:16.766+0600] {logging_mixin.py:188} INFO - [2023-12-20T18:30:16.766+0600] {dag.py:3033} INFO - Sync 1 DAGs
[2023-12-20T18:30:16.778+0600] {logging_mixin.py:188} INFO - [2023-12-20T18:30:16.778+0600] {dag.py:3820} INFO - Setting next_dagrun for example_sensor_decorator to None, run_after=None
[2023-12-20T18:30:16.803+0600] {processor.py:183} INFO - Processing /home/robin/Documents/Tanjim/Miscellaneous Projects/airflow_docker/airflow_in_python_env/env/lib/python3.10/site-packages/airflow/example_dags/example_sensor_decorator.py took 0.106 seconds
