[2023-12-20T17:53:00.157+0600] {processor.py:161} INFO - Started process (PID=66346) to work on /home/robin/Documents/Tanjim/Miscellaneous Projects/airflow_docker/airflow_in_python_env/env/lib/python3.10/site-packages/airflow/example_dags/example_trigger_target_dag.py
[2023-12-20T17:53:00.161+0600] {processor.py:830} INFO - Processing file /home/robin/Documents/Tanjim/Miscellaneous Projects/airflow_docker/airflow_in_python_env/env/lib/python3.10/site-packages/airflow/example_dags/example_trigger_target_dag.py for tasks to queue
[2023-12-20T17:53:00.166+0600] {logging_mixin.py:188} INFO - [2023-12-20T17:53:00.164+0600] {dagbag.py:538} INFO - Filling up the DagBag from /home/robin/Documents/Tanjim/Miscellaneous Projects/airflow_docker/airflow_in_python_env/env/lib/python3.10/site-packages/airflow/example_dags/example_trigger_target_dag.py
[2023-12-20T17:53:00.199+0600] {processor.py:840} INFO - DAG(s) 'example_trigger_target_dag' retrieved from /home/robin/Documents/Tanjim/Miscellaneous Projects/airflow_docker/airflow_in_python_env/env/lib/python3.10/site-packages/airflow/example_dags/example_trigger_target_dag.py
[2023-12-20T17:53:00.307+0600] {logging_mixin.py:188} INFO - [2023-12-20T17:53:00.307+0600] {dag.py:3033} INFO - Sync 1 DAGs
[2023-12-20T17:53:00.317+0600] {logging_mixin.py:188} INFO - [2023-12-20T17:53:00.316+0600] {dag.py:3820} INFO - Setting next_dagrun for example_trigger_target_dag to None, run_after=None
[2023-12-20T17:53:00.361+0600] {processor.py:183} INFO - Processing /home/robin/Documents/Tanjim/Miscellaneous Projects/airflow_docker/airflow_in_python_env/env/lib/python3.10/site-packages/airflow/example_dags/example_trigger_target_dag.py took 0.220 seconds
[2023-12-20T17:58:15.284+0600] {processor.py:161} INFO - Started process (PID=67049) to work on /home/robin/Documents/Tanjim/Miscellaneous Projects/airflow_docker/airflow_in_python_env/env/lib/python3.10/site-packages/airflow/example_dags/example_trigger_target_dag.py
[2023-12-20T17:58:15.292+0600] {processor.py:830} INFO - Processing file /home/robin/Documents/Tanjim/Miscellaneous Projects/airflow_docker/airflow_in_python_env/env/lib/python3.10/site-packages/airflow/example_dags/example_trigger_target_dag.py for tasks to queue
[2023-12-20T17:58:15.294+0600] {logging_mixin.py:188} INFO - [2023-12-20T17:58:15.293+0600] {dagbag.py:538} INFO - Filling up the DagBag from /home/robin/Documents/Tanjim/Miscellaneous Projects/airflow_docker/airflow_in_python_env/env/lib/python3.10/site-packages/airflow/example_dags/example_trigger_target_dag.py
[2023-12-20T17:58:15.307+0600] {processor.py:840} INFO - DAG(s) 'example_trigger_target_dag' retrieved from /home/robin/Documents/Tanjim/Miscellaneous Projects/airflow_docker/airflow_in_python_env/env/lib/python3.10/site-packages/airflow/example_dags/example_trigger_target_dag.py
[2023-12-20T17:58:15.332+0600] {logging_mixin.py:188} INFO - [2023-12-20T17:58:15.331+0600] {dag.py:3033} INFO - Sync 1 DAGs
[2023-12-20T17:58:15.347+0600] {logging_mixin.py:188} INFO - [2023-12-20T17:58:15.347+0600] {dag.py:3820} INFO - Setting next_dagrun for example_trigger_target_dag to None, run_after=None
[2023-12-20T17:58:15.380+0600] {processor.py:183} INFO - Processing /home/robin/Documents/Tanjim/Miscellaneous Projects/airflow_docker/airflow_in_python_env/env/lib/python3.10/site-packages/airflow/example_dags/example_trigger_target_dag.py took 0.100 seconds
[2023-12-20T17:59:12.056+0600] {processor.py:161} INFO - Started process (PID=67273) to work on /home/robin/Documents/Tanjim/Miscellaneous Projects/airflow_docker/airflow_in_python_env/env/lib/python3.10/site-packages/airflow/example_dags/example_trigger_target_dag.py
[2023-12-20T17:59:12.064+0600] {processor.py:830} INFO - Processing file /home/robin/Documents/Tanjim/Miscellaneous Projects/airflow_docker/airflow_in_python_env/env/lib/python3.10/site-packages/airflow/example_dags/example_trigger_target_dag.py for tasks to queue
[2023-12-20T17:59:12.066+0600] {logging_mixin.py:188} INFO - [2023-12-20T17:59:12.065+0600] {dagbag.py:538} INFO - Filling up the DagBag from /home/robin/Documents/Tanjim/Miscellaneous Projects/airflow_docker/airflow_in_python_env/env/lib/python3.10/site-packages/airflow/example_dags/example_trigger_target_dag.py
[2023-12-20T17:59:12.077+0600] {processor.py:840} INFO - DAG(s) 'example_trigger_target_dag' retrieved from /home/robin/Documents/Tanjim/Miscellaneous Projects/airflow_docker/airflow_in_python_env/env/lib/python3.10/site-packages/airflow/example_dags/example_trigger_target_dag.py
[2023-12-20T17:59:12.102+0600] {logging_mixin.py:188} INFO - [2023-12-20T17:59:12.102+0600] {dag.py:3033} INFO - Sync 1 DAGs
[2023-12-20T17:59:12.119+0600] {logging_mixin.py:188} INFO - [2023-12-20T17:59:12.119+0600] {dag.py:3820} INFO - Setting next_dagrun for example_trigger_target_dag to None, run_after=None
[2023-12-20T17:59:12.168+0600] {processor.py:183} INFO - Processing /home/robin/Documents/Tanjim/Miscellaneous Projects/airflow_docker/airflow_in_python_env/env/lib/python3.10/site-packages/airflow/example_dags/example_trigger_target_dag.py took 0.117 seconds
[2023-12-20T18:00:01.645+0600] {processor.py:161} INFO - Started process (PID=67449) to work on /home/robin/Documents/Tanjim/Miscellaneous Projects/airflow_docker/airflow_in_python_env/env/lib/python3.10/site-packages/airflow/example_dags/example_trigger_target_dag.py
[2023-12-20T18:00:01.654+0600] {processor.py:830} INFO - Processing file /home/robin/Documents/Tanjim/Miscellaneous Projects/airflow_docker/airflow_in_python_env/env/lib/python3.10/site-packages/airflow/example_dags/example_trigger_target_dag.py for tasks to queue
[2023-12-20T18:00:01.656+0600] {logging_mixin.py:188} INFO - [2023-12-20T18:00:01.655+0600] {dagbag.py:538} INFO - Filling up the DagBag from /home/robin/Documents/Tanjim/Miscellaneous Projects/airflow_docker/airflow_in_python_env/env/lib/python3.10/site-packages/airflow/example_dags/example_trigger_target_dag.py
[2023-12-20T18:00:01.666+0600] {processor.py:840} INFO - DAG(s) 'example_trigger_target_dag' retrieved from /home/robin/Documents/Tanjim/Miscellaneous Projects/airflow_docker/airflow_in_python_env/env/lib/python3.10/site-packages/airflow/example_dags/example_trigger_target_dag.py
[2023-12-20T18:00:01.689+0600] {logging_mixin.py:188} INFO - [2023-12-20T18:00:01.689+0600] {dag.py:3033} INFO - Sync 1 DAGs
[2023-12-20T18:00:01.706+0600] {logging_mixin.py:188} INFO - [2023-12-20T18:00:01.706+0600] {dag.py:3820} INFO - Setting next_dagrun for example_trigger_target_dag to None, run_after=None
[2023-12-20T18:00:01.733+0600] {processor.py:183} INFO - Processing /home/robin/Documents/Tanjim/Miscellaneous Projects/airflow_docker/airflow_in_python_env/env/lib/python3.10/site-packages/airflow/example_dags/example_trigger_target_dag.py took 0.092 seconds
[2023-12-20T18:00:52.711+0600] {processor.py:161} INFO - Started process (PID=67698) to work on /home/robin/Documents/Tanjim/Miscellaneous Projects/airflow_docker/airflow_in_python_env/env/lib/python3.10/site-packages/airflow/example_dags/example_trigger_target_dag.py
[2023-12-20T18:00:52.712+0600] {processor.py:830} INFO - Processing file /home/robin/Documents/Tanjim/Miscellaneous Projects/airflow_docker/airflow_in_python_env/env/lib/python3.10/site-packages/airflow/example_dags/example_trigger_target_dag.py for tasks to queue
[2023-12-20T18:00:52.714+0600] {logging_mixin.py:188} INFO - [2023-12-20T18:00:52.713+0600] {dagbag.py:538} INFO - Filling up the DagBag from /home/robin/Documents/Tanjim/Miscellaneous Projects/airflow_docker/airflow_in_python_env/env/lib/python3.10/site-packages/airflow/example_dags/example_trigger_target_dag.py
[2023-12-20T18:00:52.732+0600] {processor.py:840} INFO - DAG(s) 'example_trigger_target_dag' retrieved from /home/robin/Documents/Tanjim/Miscellaneous Projects/airflow_docker/airflow_in_python_env/env/lib/python3.10/site-packages/airflow/example_dags/example_trigger_target_dag.py
[2023-12-20T18:00:52.779+0600] {logging_mixin.py:188} INFO - [2023-12-20T18:00:52.779+0600] {dag.py:3033} INFO - Sync 1 DAGs
[2023-12-20T18:00:52.822+0600] {logging_mixin.py:188} INFO - [2023-12-20T18:00:52.822+0600] {dag.py:3820} INFO - Setting next_dagrun for example_trigger_target_dag to None, run_after=None
[2023-12-20T18:00:52.875+0600] {processor.py:183} INFO - Processing /home/robin/Documents/Tanjim/Miscellaneous Projects/airflow_docker/airflow_in_python_env/env/lib/python3.10/site-packages/airflow/example_dags/example_trigger_target_dag.py took 0.169 seconds
[2023-12-20T18:02:08.062+0600] {processor.py:161} INFO - Started process (PID=68562) to work on /home/robin/Documents/Tanjim/Miscellaneous Projects/airflow_docker/airflow_in_python_env/env/lib/python3.10/site-packages/airflow/example_dags/example_trigger_target_dag.py
[2023-12-20T18:02:08.071+0600] {processor.py:830} INFO - Processing file /home/robin/Documents/Tanjim/Miscellaneous Projects/airflow_docker/airflow_in_python_env/env/lib/python3.10/site-packages/airflow/example_dags/example_trigger_target_dag.py for tasks to queue
[2023-12-20T18:02:08.073+0600] {logging_mixin.py:188} INFO - [2023-12-20T18:02:08.072+0600] {dagbag.py:538} INFO - Filling up the DagBag from /home/robin/Documents/Tanjim/Miscellaneous Projects/airflow_docker/airflow_in_python_env/env/lib/python3.10/site-packages/airflow/example_dags/example_trigger_target_dag.py
[2023-12-20T18:02:08.081+0600] {processor.py:840} INFO - DAG(s) 'example_trigger_target_dag' retrieved from /home/robin/Documents/Tanjim/Miscellaneous Projects/airflow_docker/airflow_in_python_env/env/lib/python3.10/site-packages/airflow/example_dags/example_trigger_target_dag.py
[2023-12-20T18:02:08.099+0600] {logging_mixin.py:188} INFO - [2023-12-20T18:02:08.099+0600] {dag.py:3033} INFO - Sync 1 DAGs
[2023-12-20T18:02:08.110+0600] {logging_mixin.py:188} INFO - [2023-12-20T18:02:08.110+0600] {dag.py:3820} INFO - Setting next_dagrun for example_trigger_target_dag to None, run_after=None
[2023-12-20T18:02:08.163+0600] {processor.py:183} INFO - Processing /home/robin/Documents/Tanjim/Miscellaneous Projects/airflow_docker/airflow_in_python_env/env/lib/python3.10/site-packages/airflow/example_dags/example_trigger_target_dag.py took 0.107 seconds
[2023-12-20T18:03:10.714+0600] {processor.py:161} INFO - Started process (PID=69205) to work on /home/robin/Documents/Tanjim/Miscellaneous Projects/airflow_docker/airflow_in_python_env/env/lib/python3.10/site-packages/airflow/example_dags/example_trigger_target_dag.py
[2023-12-20T18:03:10.722+0600] {processor.py:830} INFO - Processing file /home/robin/Documents/Tanjim/Miscellaneous Projects/airflow_docker/airflow_in_python_env/env/lib/python3.10/site-packages/airflow/example_dags/example_trigger_target_dag.py for tasks to queue
[2023-12-20T18:03:10.724+0600] {logging_mixin.py:188} INFO - [2023-12-20T18:03:10.723+0600] {dagbag.py:538} INFO - Filling up the DagBag from /home/robin/Documents/Tanjim/Miscellaneous Projects/airflow_docker/airflow_in_python_env/env/lib/python3.10/site-packages/airflow/example_dags/example_trigger_target_dag.py
[2023-12-20T18:03:10.733+0600] {processor.py:840} INFO - DAG(s) 'example_trigger_target_dag' retrieved from /home/robin/Documents/Tanjim/Miscellaneous Projects/airflow_docker/airflow_in_python_env/env/lib/python3.10/site-packages/airflow/example_dags/example_trigger_target_dag.py
[2023-12-20T18:03:10.753+0600] {logging_mixin.py:188} INFO - [2023-12-20T18:03:10.753+0600] {dag.py:3033} INFO - Sync 1 DAGs
[2023-12-20T18:03:10.767+0600] {logging_mixin.py:188} INFO - [2023-12-20T18:03:10.767+0600] {dag.py:3820} INFO - Setting next_dagrun for example_trigger_target_dag to None, run_after=None
[2023-12-20T18:03:10.792+0600] {processor.py:183} INFO - Processing /home/robin/Documents/Tanjim/Miscellaneous Projects/airflow_docker/airflow_in_python_env/env/lib/python3.10/site-packages/airflow/example_dags/example_trigger_target_dag.py took 0.083 seconds
[2023-12-20T18:03:59.809+0600] {processor.py:161} INFO - Started process (PID=69333) to work on /home/robin/Documents/Tanjim/Miscellaneous Projects/airflow_docker/airflow_in_python_env/env/lib/python3.10/site-packages/airflow/example_dags/example_trigger_target_dag.py
[2023-12-20T18:03:59.818+0600] {processor.py:830} INFO - Processing file /home/robin/Documents/Tanjim/Miscellaneous Projects/airflow_docker/airflow_in_python_env/env/lib/python3.10/site-packages/airflow/example_dags/example_trigger_target_dag.py for tasks to queue
[2023-12-20T18:03:59.820+0600] {logging_mixin.py:188} INFO - [2023-12-20T18:03:59.819+0600] {dagbag.py:538} INFO - Filling up the DagBag from /home/robin/Documents/Tanjim/Miscellaneous Projects/airflow_docker/airflow_in_python_env/env/lib/python3.10/site-packages/airflow/example_dags/example_trigger_target_dag.py
[2023-12-20T18:03:59.836+0600] {processor.py:840} INFO - DAG(s) 'example_trigger_target_dag' retrieved from /home/robin/Documents/Tanjim/Miscellaneous Projects/airflow_docker/airflow_in_python_env/env/lib/python3.10/site-packages/airflow/example_dags/example_trigger_target_dag.py
[2023-12-20T18:03:59.871+0600] {logging_mixin.py:188} INFO - [2023-12-20T18:03:59.871+0600] {dag.py:3033} INFO - Sync 1 DAGs
[2023-12-20T18:03:59.895+0600] {logging_mixin.py:188} INFO - [2023-12-20T18:03:59.895+0600] {dag.py:3820} INFO - Setting next_dagrun for example_trigger_target_dag to None, run_after=None
[2023-12-20T18:03:59.965+0600] {processor.py:183} INFO - Processing /home/robin/Documents/Tanjim/Miscellaneous Projects/airflow_docker/airflow_in_python_env/env/lib/python3.10/site-packages/airflow/example_dags/example_trigger_target_dag.py took 0.165 seconds
[2023-12-20T18:04:47.010+0600] {processor.py:161} INFO - Started process (PID=69584) to work on /home/robin/Documents/Tanjim/Miscellaneous Projects/airflow_docker/airflow_in_python_env/env/lib/python3.10/site-packages/airflow/example_dags/example_trigger_target_dag.py
[2023-12-20T18:04:47.018+0600] {processor.py:830} INFO - Processing file /home/robin/Documents/Tanjim/Miscellaneous Projects/airflow_docker/airflow_in_python_env/env/lib/python3.10/site-packages/airflow/example_dags/example_trigger_target_dag.py for tasks to queue
[2023-12-20T18:04:47.020+0600] {logging_mixin.py:188} INFO - [2023-12-20T18:04:47.019+0600] {dagbag.py:538} INFO - Filling up the DagBag from /home/robin/Documents/Tanjim/Miscellaneous Projects/airflow_docker/airflow_in_python_env/env/lib/python3.10/site-packages/airflow/example_dags/example_trigger_target_dag.py
[2023-12-20T18:04:47.033+0600] {processor.py:840} INFO - DAG(s) 'example_trigger_target_dag' retrieved from /home/robin/Documents/Tanjim/Miscellaneous Projects/airflow_docker/airflow_in_python_env/env/lib/python3.10/site-packages/airflow/example_dags/example_trigger_target_dag.py
[2023-12-20T18:04:47.062+0600] {logging_mixin.py:188} INFO - [2023-12-20T18:04:47.062+0600] {dag.py:3033} INFO - Sync 1 DAGs
[2023-12-20T18:04:47.081+0600] {logging_mixin.py:188} INFO - [2023-12-20T18:04:47.080+0600] {dag.py:3820} INFO - Setting next_dagrun for example_trigger_target_dag to None, run_after=None
[2023-12-20T18:04:47.113+0600] {processor.py:183} INFO - Processing /home/robin/Documents/Tanjim/Miscellaneous Projects/airflow_docker/airflow_in_python_env/env/lib/python3.10/site-packages/airflow/example_dags/example_trigger_target_dag.py took 0.108 seconds
[2023-12-20T18:06:00.740+0600] {processor.py:161} INFO - Started process (PID=70161) to work on /home/robin/Documents/Tanjim/Miscellaneous Projects/airflow_docker/airflow_in_python_env/env/lib/python3.10/site-packages/airflow/example_dags/example_trigger_target_dag.py
[2023-12-20T18:06:00.750+0600] {processor.py:830} INFO - Processing file /home/robin/Documents/Tanjim/Miscellaneous Projects/airflow_docker/airflow_in_python_env/env/lib/python3.10/site-packages/airflow/example_dags/example_trigger_target_dag.py for tasks to queue
[2023-12-20T18:06:00.755+0600] {logging_mixin.py:188} INFO - [2023-12-20T18:06:00.753+0600] {dagbag.py:538} INFO - Filling up the DagBag from /home/robin/Documents/Tanjim/Miscellaneous Projects/airflow_docker/airflow_in_python_env/env/lib/python3.10/site-packages/airflow/example_dags/example_trigger_target_dag.py
[2023-12-20T18:06:00.792+0600] {processor.py:840} INFO - DAG(s) 'example_trigger_target_dag' retrieved from /home/robin/Documents/Tanjim/Miscellaneous Projects/airflow_docker/airflow_in_python_env/env/lib/python3.10/site-packages/airflow/example_dags/example_trigger_target_dag.py
[2023-12-20T18:06:00.819+0600] {logging_mixin.py:188} INFO - [2023-12-20T18:06:00.819+0600] {dag.py:3033} INFO - Sync 1 DAGs
[2023-12-20T18:06:00.830+0600] {logging_mixin.py:188} INFO - [2023-12-20T18:06:00.830+0600] {dag.py:3820} INFO - Setting next_dagrun for example_trigger_target_dag to None, run_after=None
[2023-12-20T18:06:00.861+0600] {processor.py:183} INFO - Processing /home/robin/Documents/Tanjim/Miscellaneous Projects/airflow_docker/airflow_in_python_env/env/lib/python3.10/site-packages/airflow/example_dags/example_trigger_target_dag.py took 0.128 seconds
[2023-12-20T18:18:12.800+0600] {processor.py:161} INFO - Started process (PID=72065) to work on /home/robin/Documents/Tanjim/Miscellaneous Projects/airflow_docker/airflow_in_python_env/env/lib/python3.10/site-packages/airflow/example_dags/example_trigger_target_dag.py
[2023-12-20T18:18:12.809+0600] {processor.py:830} INFO - Processing file /home/robin/Documents/Tanjim/Miscellaneous Projects/airflow_docker/airflow_in_python_env/env/lib/python3.10/site-packages/airflow/example_dags/example_trigger_target_dag.py for tasks to queue
[2023-12-20T18:18:12.812+0600] {logging_mixin.py:188} INFO - [2023-12-20T18:18:12.811+0600] {dagbag.py:538} INFO - Filling up the DagBag from /home/robin/Documents/Tanjim/Miscellaneous Projects/airflow_docker/airflow_in_python_env/env/lib/python3.10/site-packages/airflow/example_dags/example_trigger_target_dag.py
[2023-12-20T18:18:12.836+0600] {processor.py:840} INFO - DAG(s) 'example_trigger_target_dag' retrieved from /home/robin/Documents/Tanjim/Miscellaneous Projects/airflow_docker/airflow_in_python_env/env/lib/python3.10/site-packages/airflow/example_dags/example_trigger_target_dag.py
[2023-12-20T18:18:12.882+0600] {logging_mixin.py:188} INFO - [2023-12-20T18:18:12.881+0600] {dag.py:3033} INFO - Sync 1 DAGs
[2023-12-20T18:18:12.896+0600] {logging_mixin.py:188} INFO - [2023-12-20T18:18:12.896+0600] {dag.py:3820} INFO - Setting next_dagrun for example_trigger_target_dag to None, run_after=None
[2023-12-20T18:18:12.960+0600] {processor.py:183} INFO - Processing /home/robin/Documents/Tanjim/Miscellaneous Projects/airflow_docker/airflow_in_python_env/env/lib/python3.10/site-packages/airflow/example_dags/example_trigger_target_dag.py took 0.170 seconds
[2023-12-20T18:19:07.661+0600] {processor.py:161} INFO - Started process (PID=72229) to work on /home/robin/Documents/Tanjim/Miscellaneous Projects/airflow_docker/airflow_in_python_env/env/lib/python3.10/site-packages/airflow/example_dags/example_trigger_target_dag.py
[2023-12-20T18:19:07.669+0600] {processor.py:830} INFO - Processing file /home/robin/Documents/Tanjim/Miscellaneous Projects/airflow_docker/airflow_in_python_env/env/lib/python3.10/site-packages/airflow/example_dags/example_trigger_target_dag.py for tasks to queue
[2023-12-20T18:19:07.671+0600] {logging_mixin.py:188} INFO - [2023-12-20T18:19:07.670+0600] {dagbag.py:538} INFO - Filling up the DagBag from /home/robin/Documents/Tanjim/Miscellaneous Projects/airflow_docker/airflow_in_python_env/env/lib/python3.10/site-packages/airflow/example_dags/example_trigger_target_dag.py
[2023-12-20T18:19:07.682+0600] {processor.py:840} INFO - DAG(s) 'example_trigger_target_dag' retrieved from /home/robin/Documents/Tanjim/Miscellaneous Projects/airflow_docker/airflow_in_python_env/env/lib/python3.10/site-packages/airflow/example_dags/example_trigger_target_dag.py
[2023-12-20T18:19:07.709+0600] {logging_mixin.py:188} INFO - [2023-12-20T18:19:07.709+0600] {dag.py:3033} INFO - Sync 1 DAGs
[2023-12-20T18:19:07.727+0600] {logging_mixin.py:188} INFO - [2023-12-20T18:19:07.727+0600] {dag.py:3820} INFO - Setting next_dagrun for example_trigger_target_dag to None, run_after=None
[2023-12-20T18:19:07.755+0600] {processor.py:183} INFO - Processing /home/robin/Documents/Tanjim/Miscellaneous Projects/airflow_docker/airflow_in_python_env/env/lib/python3.10/site-packages/airflow/example_dags/example_trigger_target_dag.py took 0.101 seconds
[2023-12-20T18:19:59.385+0600] {processor.py:161} INFO - Started process (PID=72366) to work on /home/robin/Documents/Tanjim/Miscellaneous Projects/airflow_docker/airflow_in_python_env/env/lib/python3.10/site-packages/airflow/example_dags/example_trigger_target_dag.py
[2023-12-20T18:19:59.394+0600] {processor.py:830} INFO - Processing file /home/robin/Documents/Tanjim/Miscellaneous Projects/airflow_docker/airflow_in_python_env/env/lib/python3.10/site-packages/airflow/example_dags/example_trigger_target_dag.py for tasks to queue
[2023-12-20T18:19:59.396+0600] {logging_mixin.py:188} INFO - [2023-12-20T18:19:59.395+0600] {dagbag.py:538} INFO - Filling up the DagBag from /home/robin/Documents/Tanjim/Miscellaneous Projects/airflow_docker/airflow_in_python_env/env/lib/python3.10/site-packages/airflow/example_dags/example_trigger_target_dag.py
[2023-12-20T18:19:59.411+0600] {processor.py:840} INFO - DAG(s) 'example_trigger_target_dag' retrieved from /home/robin/Documents/Tanjim/Miscellaneous Projects/airflow_docker/airflow_in_python_env/env/lib/python3.10/site-packages/airflow/example_dags/example_trigger_target_dag.py
[2023-12-20T18:19:59.446+0600] {logging_mixin.py:188} INFO - [2023-12-20T18:19:59.446+0600] {dag.py:3033} INFO - Sync 1 DAGs
[2023-12-20T18:19:59.468+0600] {logging_mixin.py:188} INFO - [2023-12-20T18:19:59.468+0600] {dag.py:3820} INFO - Setting next_dagrun for example_trigger_target_dag to None, run_after=None
[2023-12-20T18:19:59.504+0600] {processor.py:183} INFO - Processing /home/robin/Documents/Tanjim/Miscellaneous Projects/airflow_docker/airflow_in_python_env/env/lib/python3.10/site-packages/airflow/example_dags/example_trigger_target_dag.py took 0.125 seconds
[2023-12-20T18:20:49.511+0600] {processor.py:161} INFO - Started process (PID=72526) to work on /home/robin/Documents/Tanjim/Miscellaneous Projects/airflow_docker/airflow_in_python_env/env/lib/python3.10/site-packages/airflow/example_dags/example_trigger_target_dag.py
[2023-12-20T18:20:49.520+0600] {processor.py:830} INFO - Processing file /home/robin/Documents/Tanjim/Miscellaneous Projects/airflow_docker/airflow_in_python_env/env/lib/python3.10/site-packages/airflow/example_dags/example_trigger_target_dag.py for tasks to queue
[2023-12-20T18:20:49.521+0600] {logging_mixin.py:188} INFO - [2023-12-20T18:20:49.520+0600] {dagbag.py:538} INFO - Filling up the DagBag from /home/robin/Documents/Tanjim/Miscellaneous Projects/airflow_docker/airflow_in_python_env/env/lib/python3.10/site-packages/airflow/example_dags/example_trigger_target_dag.py
[2023-12-20T18:20:49.531+0600] {processor.py:840} INFO - DAG(s) 'example_trigger_target_dag' retrieved from /home/robin/Documents/Tanjim/Miscellaneous Projects/airflow_docker/airflow_in_python_env/env/lib/python3.10/site-packages/airflow/example_dags/example_trigger_target_dag.py
[2023-12-20T18:20:49.549+0600] {logging_mixin.py:188} INFO - [2023-12-20T18:20:49.548+0600] {dag.py:3033} INFO - Sync 1 DAGs
[2023-12-20T18:20:49.562+0600] {logging_mixin.py:188} INFO - [2023-12-20T18:20:49.562+0600] {dag.py:3820} INFO - Setting next_dagrun for example_trigger_target_dag to None, run_after=None
[2023-12-20T18:20:49.602+0600] {processor.py:183} INFO - Processing /home/robin/Documents/Tanjim/Miscellaneous Projects/airflow_docker/airflow_in_python_env/env/lib/python3.10/site-packages/airflow/example_dags/example_trigger_target_dag.py took 0.099 seconds
[2023-12-20T18:22:08.750+0600] {processor.py:161} INFO - Started process (PID=72891) to work on /home/robin/Documents/Tanjim/Miscellaneous Projects/airflow_docker/airflow_in_python_env/env/lib/python3.10/site-packages/airflow/example_dags/example_trigger_target_dag.py
[2023-12-20T18:22:08.758+0600] {processor.py:830} INFO - Processing file /home/robin/Documents/Tanjim/Miscellaneous Projects/airflow_docker/airflow_in_python_env/env/lib/python3.10/site-packages/airflow/example_dags/example_trigger_target_dag.py for tasks to queue
[2023-12-20T18:22:08.759+0600] {logging_mixin.py:188} INFO - [2023-12-20T18:22:08.759+0600] {dagbag.py:538} INFO - Filling up the DagBag from /home/robin/Documents/Tanjim/Miscellaneous Projects/airflow_docker/airflow_in_python_env/env/lib/python3.10/site-packages/airflow/example_dags/example_trigger_target_dag.py
[2023-12-20T18:22:08.770+0600] {processor.py:840} INFO - DAG(s) 'example_trigger_target_dag' retrieved from /home/robin/Documents/Tanjim/Miscellaneous Projects/airflow_docker/airflow_in_python_env/env/lib/python3.10/site-packages/airflow/example_dags/example_trigger_target_dag.py
[2023-12-20T18:22:08.789+0600] {logging_mixin.py:188} INFO - [2023-12-20T18:22:08.789+0600] {dag.py:3033} INFO - Sync 1 DAGs
[2023-12-20T18:22:08.803+0600] {logging_mixin.py:188} INFO - [2023-12-20T18:22:08.803+0600] {dag.py:3820} INFO - Setting next_dagrun for example_trigger_target_dag to None, run_after=None
[2023-12-20T18:22:08.827+0600] {processor.py:183} INFO - Processing /home/robin/Documents/Tanjim/Miscellaneous Projects/airflow_docker/airflow_in_python_env/env/lib/python3.10/site-packages/airflow/example_dags/example_trigger_target_dag.py took 0.081 seconds
[2023-12-20T18:28:41.593+0600] {processor.py:161} INFO - Started process (PID=74788) to work on /home/robin/Documents/Tanjim/Miscellaneous Projects/airflow_docker/airflow_in_python_env/env/lib/python3.10/site-packages/airflow/example_dags/example_trigger_target_dag.py
[2023-12-20T18:28:41.595+0600] {processor.py:830} INFO - Processing file /home/robin/Documents/Tanjim/Miscellaneous Projects/airflow_docker/airflow_in_python_env/env/lib/python3.10/site-packages/airflow/example_dags/example_trigger_target_dag.py for tasks to queue
[2023-12-20T18:28:41.601+0600] {logging_mixin.py:188} INFO - [2023-12-20T18:28:41.596+0600] {dagbag.py:538} INFO - Filling up the DagBag from /home/robin/Documents/Tanjim/Miscellaneous Projects/airflow_docker/airflow_in_python_env/env/lib/python3.10/site-packages/airflow/example_dags/example_trigger_target_dag.py
[2023-12-20T18:28:41.631+0600] {processor.py:840} INFO - DAG(s) 'example_trigger_target_dag' retrieved from /home/robin/Documents/Tanjim/Miscellaneous Projects/airflow_docker/airflow_in_python_env/env/lib/python3.10/site-packages/airflow/example_dags/example_trigger_target_dag.py
[2023-12-20T18:28:41.663+0600] {logging_mixin.py:188} INFO - [2023-12-20T18:28:41.663+0600] {dag.py:3033} INFO - Sync 1 DAGs
[2023-12-20T18:28:41.688+0600] {logging_mixin.py:188} INFO - [2023-12-20T18:28:41.688+0600] {dag.py:3820} INFO - Setting next_dagrun for example_trigger_target_dag to None, run_after=None
[2023-12-20T18:28:41.748+0600] {processor.py:183} INFO - Processing /home/robin/Documents/Tanjim/Miscellaneous Projects/airflow_docker/airflow_in_python_env/env/lib/python3.10/site-packages/airflow/example_dags/example_trigger_target_dag.py took 0.176 seconds
[2023-12-20T18:29:59.747+0600] {processor.py:161} INFO - Started process (PID=75593) to work on /home/robin/Documents/Tanjim/Miscellaneous Projects/airflow_docker/airflow_in_python_env/env/lib/python3.10/site-packages/airflow/example_dags/example_trigger_target_dag.py
[2023-12-20T18:29:59.756+0600] {processor.py:830} INFO - Processing file /home/robin/Documents/Tanjim/Miscellaneous Projects/airflow_docker/airflow_in_python_env/env/lib/python3.10/site-packages/airflow/example_dags/example_trigger_target_dag.py for tasks to queue
[2023-12-20T18:29:59.758+0600] {logging_mixin.py:188} INFO - [2023-12-20T18:29:59.757+0600] {dagbag.py:538} INFO - Filling up the DagBag from /home/robin/Documents/Tanjim/Miscellaneous Projects/airflow_docker/airflow_in_python_env/env/lib/python3.10/site-packages/airflow/example_dags/example_trigger_target_dag.py
[2023-12-20T18:29:59.771+0600] {processor.py:840} INFO - DAG(s) 'example_trigger_target_dag' retrieved from /home/robin/Documents/Tanjim/Miscellaneous Projects/airflow_docker/airflow_in_python_env/env/lib/python3.10/site-packages/airflow/example_dags/example_trigger_target_dag.py
[2023-12-20T18:29:59.801+0600] {logging_mixin.py:188} INFO - [2023-12-20T18:29:59.801+0600] {dag.py:3033} INFO - Sync 1 DAGs
[2023-12-20T18:29:59.814+0600] {logging_mixin.py:188} INFO - [2023-12-20T18:29:59.814+0600] {dag.py:3820} INFO - Setting next_dagrun for example_trigger_target_dag to None, run_after=None
[2023-12-20T18:29:59.844+0600] {processor.py:183} INFO - Processing /home/robin/Documents/Tanjim/Miscellaneous Projects/airflow_docker/airflow_in_python_env/env/lib/python3.10/site-packages/airflow/example_dags/example_trigger_target_dag.py took 0.106 seconds
