[2023-12-20T17:58:40.975+0600] {processor.py:161} INFO - Started process (PID=67143) to work on /home/robin/Documents/Tanjim/Miscellaneous Projects/airflow_docker/airflow_in_python_env/env/lib/python3.10/site-packages/airflow/example_dags/example_complex.py
[2023-12-20T17:58:40.976+0600] {processor.py:830} INFO - Processing file /home/robin/Documents/Tanjim/Miscellaneous Projects/airflow_docker/airflow_in_python_env/env/lib/python3.10/site-packages/airflow/example_dags/example_complex.py for tasks to queue
[2023-12-20T17:58:40.978+0600] {logging_mixin.py:188} INFO - [2023-12-20T17:58:40.977+0600] {dagbag.py:538} INFO - Filling up the DagBag from /home/robin/Documents/Tanjim/Miscellaneous Projects/airflow_docker/airflow_in_python_env/env/lib/python3.10/site-packages/airflow/example_dags/example_complex.py
[2023-12-20T17:58:40.999+0600] {processor.py:840} INFO - DAG(s) 'example_complex' retrieved from /home/robin/Documents/Tanjim/Miscellaneous Projects/airflow_docker/airflow_in_python_env/env/lib/python3.10/site-packages/airflow/example_dags/example_complex.py
[2023-12-20T17:58:41.182+0600] {logging_mixin.py:188} INFO - [2023-12-20T17:58:41.181+0600] {dag.py:3033} INFO - Sync 1 DAGs
[2023-12-20T17:58:41.194+0600] {logging_mixin.py:188} INFO - [2023-12-20T17:58:41.194+0600] {dag.py:3820} INFO - Setting next_dagrun for example_complex to None, run_after=None
[2023-12-20T17:58:41.234+0600] {processor.py:183} INFO - Processing /home/robin/Documents/Tanjim/Miscellaneous Projects/airflow_docker/airflow_in_python_env/env/lib/python3.10/site-packages/airflow/example_dags/example_complex.py took 0.264 seconds
[2023-12-20T17:59:35.889+0600] {processor.py:161} INFO - Started process (PID=67370) to work on /home/robin/Documents/Tanjim/Miscellaneous Projects/airflow_docker/airflow_in_python_env/env/lib/python3.10/site-packages/airflow/example_dags/example_complex.py
[2023-12-20T17:59:35.897+0600] {processor.py:830} INFO - Processing file /home/robin/Documents/Tanjim/Miscellaneous Projects/airflow_docker/airflow_in_python_env/env/lib/python3.10/site-packages/airflow/example_dags/example_complex.py for tasks to queue
[2023-12-20T17:59:35.898+0600] {logging_mixin.py:188} INFO - [2023-12-20T17:59:35.898+0600] {dagbag.py:538} INFO - Filling up the DagBag from /home/robin/Documents/Tanjim/Miscellaneous Projects/airflow_docker/airflow_in_python_env/env/lib/python3.10/site-packages/airflow/example_dags/example_complex.py
[2023-12-20T17:59:35.916+0600] {processor.py:840} INFO - DAG(s) 'example_complex' retrieved from /home/robin/Documents/Tanjim/Miscellaneous Projects/airflow_docker/airflow_in_python_env/env/lib/python3.10/site-packages/airflow/example_dags/example_complex.py
[2023-12-20T17:59:35.972+0600] {logging_mixin.py:188} INFO - [2023-12-20T17:59:35.972+0600] {dag.py:3033} INFO - Sync 1 DAGs
[2023-12-20T17:59:35.990+0600] {logging_mixin.py:188} INFO - [2023-12-20T17:59:35.990+0600] {dag.py:3820} INFO - Setting next_dagrun for example_complex to None, run_after=None
[2023-12-20T17:59:36.040+0600] {processor.py:183} INFO - Processing /home/robin/Documents/Tanjim/Miscellaneous Projects/airflow_docker/airflow_in_python_env/env/lib/python3.10/site-packages/airflow/example_dags/example_complex.py took 0.156 seconds
[2023-12-20T18:00:30.330+0600] {processor.py:161} INFO - Started process (PID=67508) to work on /home/robin/Documents/Tanjim/Miscellaneous Projects/airflow_docker/airflow_in_python_env/env/lib/python3.10/site-packages/airflow/example_dags/example_complex.py
[2023-12-20T18:00:30.339+0600] {processor.py:830} INFO - Processing file /home/robin/Documents/Tanjim/Miscellaneous Projects/airflow_docker/airflow_in_python_env/env/lib/python3.10/site-packages/airflow/example_dags/example_complex.py for tasks to queue
[2023-12-20T18:00:30.345+0600] {logging_mixin.py:188} INFO - [2023-12-20T18:00:30.343+0600] {dagbag.py:538} INFO - Filling up the DagBag from /home/robin/Documents/Tanjim/Miscellaneous Projects/airflow_docker/airflow_in_python_env/env/lib/python3.10/site-packages/airflow/example_dags/example_complex.py
[2023-12-20T18:00:30.368+0600] {processor.py:840} INFO - DAG(s) 'example_complex' retrieved from /home/robin/Documents/Tanjim/Miscellaneous Projects/airflow_docker/airflow_in_python_env/env/lib/python3.10/site-packages/airflow/example_dags/example_complex.py
[2023-12-20T18:00:30.397+0600] {logging_mixin.py:188} INFO - [2023-12-20T18:00:30.396+0600] {dag.py:3033} INFO - Sync 1 DAGs
[2023-12-20T18:00:30.409+0600] {logging_mixin.py:188} INFO - [2023-12-20T18:00:30.409+0600] {dag.py:3820} INFO - Setting next_dagrun for example_complex to None, run_after=None
[2023-12-20T18:00:30.461+0600] {processor.py:183} INFO - Processing /home/robin/Documents/Tanjim/Miscellaneous Projects/airflow_docker/airflow_in_python_env/env/lib/python3.10/site-packages/airflow/example_dags/example_complex.py took 0.137 seconds
[2023-12-20T18:01:23.026+0600] {processor.py:161} INFO - Started process (PID=68051) to work on /home/robin/Documents/Tanjim/Miscellaneous Projects/airflow_docker/airflow_in_python_env/env/lib/python3.10/site-packages/airflow/example_dags/example_complex.py
[2023-12-20T18:01:23.035+0600] {processor.py:830} INFO - Processing file /home/robin/Documents/Tanjim/Miscellaneous Projects/airflow_docker/airflow_in_python_env/env/lib/python3.10/site-packages/airflow/example_dags/example_complex.py for tasks to queue
[2023-12-20T18:01:23.038+0600] {logging_mixin.py:188} INFO - [2023-12-20T18:01:23.037+0600] {dagbag.py:538} INFO - Filling up the DagBag from /home/robin/Documents/Tanjim/Miscellaneous Projects/airflow_docker/airflow_in_python_env/env/lib/python3.10/site-packages/airflow/example_dags/example_complex.py
[2023-12-20T18:01:23.070+0600] {processor.py:840} INFO - DAG(s) 'example_complex' retrieved from /home/robin/Documents/Tanjim/Miscellaneous Projects/airflow_docker/airflow_in_python_env/env/lib/python3.10/site-packages/airflow/example_dags/example_complex.py
[2023-12-20T18:01:23.105+0600] {logging_mixin.py:188} INFO - [2023-12-20T18:01:23.105+0600] {dag.py:3033} INFO - Sync 1 DAGs
[2023-12-20T18:01:23.116+0600] {logging_mixin.py:188} INFO - [2023-12-20T18:01:23.116+0600] {dag.py:3820} INFO - Setting next_dagrun for example_complex to None, run_after=None
[2023-12-20T18:01:23.183+0600] {processor.py:183} INFO - Processing /home/robin/Documents/Tanjim/Miscellaneous Projects/airflow_docker/airflow_in_python_env/env/lib/python3.10/site-packages/airflow/example_dags/example_complex.py took 0.166 seconds
[2023-12-20T18:02:47.381+0600] {processor.py:161} INFO - Started process (PID=68941) to work on /home/robin/Documents/Tanjim/Miscellaneous Projects/airflow_docker/airflow_in_python_env/env/lib/python3.10/site-packages/airflow/example_dags/example_complex.py
[2023-12-20T18:02:47.390+0600] {processor.py:830} INFO - Processing file /home/robin/Documents/Tanjim/Miscellaneous Projects/airflow_docker/airflow_in_python_env/env/lib/python3.10/site-packages/airflow/example_dags/example_complex.py for tasks to queue
[2023-12-20T18:02:47.392+0600] {logging_mixin.py:188} INFO - [2023-12-20T18:02:47.391+0600] {dagbag.py:538} INFO - Filling up the DagBag from /home/robin/Documents/Tanjim/Miscellaneous Projects/airflow_docker/airflow_in_python_env/env/lib/python3.10/site-packages/airflow/example_dags/example_complex.py
[2023-12-20T18:02:47.413+0600] {processor.py:840} INFO - DAG(s) 'example_complex' retrieved from /home/robin/Documents/Tanjim/Miscellaneous Projects/airflow_docker/airflow_in_python_env/env/lib/python3.10/site-packages/airflow/example_dags/example_complex.py
[2023-12-20T18:02:47.461+0600] {logging_mixin.py:188} INFO - [2023-12-20T18:02:47.460+0600] {dag.py:3033} INFO - Sync 1 DAGs
[2023-12-20T18:02:47.481+0600] {logging_mixin.py:188} INFO - [2023-12-20T18:02:47.481+0600] {dag.py:3820} INFO - Setting next_dagrun for example_complex to None, run_after=None
[2023-12-20T18:02:47.517+0600] {processor.py:183} INFO - Processing /home/robin/Documents/Tanjim/Miscellaneous Projects/airflow_docker/airflow_in_python_env/env/lib/python3.10/site-packages/airflow/example_dags/example_complex.py took 0.142 seconds
[2023-12-20T18:03:40.373+0600] {processor.py:161} INFO - Started process (PID=69263) to work on /home/robin/Documents/Tanjim/Miscellaneous Projects/airflow_docker/airflow_in_python_env/env/lib/python3.10/site-packages/airflow/example_dags/example_complex.py
[2023-12-20T18:03:40.382+0600] {processor.py:830} INFO - Processing file /home/robin/Documents/Tanjim/Miscellaneous Projects/airflow_docker/airflow_in_python_env/env/lib/python3.10/site-packages/airflow/example_dags/example_complex.py for tasks to queue
[2023-12-20T18:03:40.383+0600] {logging_mixin.py:188} INFO - [2023-12-20T18:03:40.382+0600] {dagbag.py:538} INFO - Filling up the DagBag from /home/robin/Documents/Tanjim/Miscellaneous Projects/airflow_docker/airflow_in_python_env/env/lib/python3.10/site-packages/airflow/example_dags/example_complex.py
[2023-12-20T18:03:40.400+0600] {processor.py:840} INFO - DAG(s) 'example_complex' retrieved from /home/robin/Documents/Tanjim/Miscellaneous Projects/airflow_docker/airflow_in_python_env/env/lib/python3.10/site-packages/airflow/example_dags/example_complex.py
[2023-12-20T18:03:40.431+0600] {logging_mixin.py:188} INFO - [2023-12-20T18:03:40.431+0600] {dag.py:3033} INFO - Sync 1 DAGs
[2023-12-20T18:03:40.445+0600] {logging_mixin.py:188} INFO - [2023-12-20T18:03:40.445+0600] {dag.py:3820} INFO - Setting next_dagrun for example_complex to None, run_after=None
[2023-12-20T18:03:40.479+0600] {processor.py:183} INFO - Processing /home/robin/Documents/Tanjim/Miscellaneous Projects/airflow_docker/airflow_in_python_env/env/lib/python3.10/site-packages/airflow/example_dags/example_complex.py took 0.110 seconds
[2023-12-20T18:04:29.944+0600] {processor.py:161} INFO - Started process (PID=69542) to work on /home/robin/Documents/Tanjim/Miscellaneous Projects/airflow_docker/airflow_in_python_env/env/lib/python3.10/site-packages/airflow/example_dags/example_complex.py
[2023-12-20T18:04:29.953+0600] {processor.py:830} INFO - Processing file /home/robin/Documents/Tanjim/Miscellaneous Projects/airflow_docker/airflow_in_python_env/env/lib/python3.10/site-packages/airflow/example_dags/example_complex.py for tasks to queue
[2023-12-20T18:04:29.955+0600] {logging_mixin.py:188} INFO - [2023-12-20T18:04:29.954+0600] {dagbag.py:538} INFO - Filling up the DagBag from /home/robin/Documents/Tanjim/Miscellaneous Projects/airflow_docker/airflow_in_python_env/env/lib/python3.10/site-packages/airflow/example_dags/example_complex.py
[2023-12-20T18:04:29.975+0600] {processor.py:840} INFO - DAG(s) 'example_complex' retrieved from /home/robin/Documents/Tanjim/Miscellaneous Projects/airflow_docker/airflow_in_python_env/env/lib/python3.10/site-packages/airflow/example_dags/example_complex.py
[2023-12-20T18:04:30.013+0600] {logging_mixin.py:188} INFO - [2023-12-20T18:04:30.013+0600] {dag.py:3033} INFO - Sync 1 DAGs
[2023-12-20T18:04:30.026+0600] {logging_mixin.py:188} INFO - [2023-12-20T18:04:30.026+0600] {dag.py:3820} INFO - Setting next_dagrun for example_complex to None, run_after=None
[2023-12-20T18:04:30.057+0600] {processor.py:183} INFO - Processing /home/robin/Documents/Tanjim/Miscellaneous Projects/airflow_docker/airflow_in_python_env/env/lib/python3.10/site-packages/airflow/example_dags/example_complex.py took 0.120 seconds
[2023-12-20T18:18:38.432+0600] {processor.py:161} INFO - Started process (PID=72148) to work on /home/robin/Documents/Tanjim/Miscellaneous Projects/airflow_docker/airflow_in_python_env/env/lib/python3.10/site-packages/airflow/example_dags/example_complex.py
[2023-12-20T18:18:38.441+0600] {processor.py:830} INFO - Processing file /home/robin/Documents/Tanjim/Miscellaneous Projects/airflow_docker/airflow_in_python_env/env/lib/python3.10/site-packages/airflow/example_dags/example_complex.py for tasks to queue
[2023-12-20T18:18:38.443+0600] {logging_mixin.py:188} INFO - [2023-12-20T18:18:38.443+0600] {dagbag.py:538} INFO - Filling up the DagBag from /home/robin/Documents/Tanjim/Miscellaneous Projects/airflow_docker/airflow_in_python_env/env/lib/python3.10/site-packages/airflow/example_dags/example_complex.py
[2023-12-20T18:18:38.477+0600] {processor.py:840} INFO - DAG(s) 'example_complex' retrieved from /home/robin/Documents/Tanjim/Miscellaneous Projects/airflow_docker/airflow_in_python_env/env/lib/python3.10/site-packages/airflow/example_dags/example_complex.py
[2023-12-20T18:18:38.525+0600] {logging_mixin.py:188} INFO - [2023-12-20T18:18:38.524+0600] {dag.py:3033} INFO - Sync 1 DAGs
[2023-12-20T18:18:38.543+0600] {logging_mixin.py:188} INFO - [2023-12-20T18:18:38.543+0600] {dag.py:3820} INFO - Setting next_dagrun for example_complex to None, run_after=None
[2023-12-20T18:18:38.599+0600] {processor.py:183} INFO - Processing /home/robin/Documents/Tanjim/Miscellaneous Projects/airflow_docker/airflow_in_python_env/env/lib/python3.10/site-packages/airflow/example_dags/example_complex.py took 0.175 seconds
[2023-12-20T18:19:34.103+0600] {processor.py:161} INFO - Started process (PID=72300) to work on /home/robin/Documents/Tanjim/Miscellaneous Projects/airflow_docker/airflow_in_python_env/env/lib/python3.10/site-packages/airflow/example_dags/example_complex.py
[2023-12-20T18:19:34.112+0600] {processor.py:830} INFO - Processing file /home/robin/Documents/Tanjim/Miscellaneous Projects/airflow_docker/airflow_in_python_env/env/lib/python3.10/site-packages/airflow/example_dags/example_complex.py for tasks to queue
[2023-12-20T18:19:34.114+0600] {logging_mixin.py:188} INFO - [2023-12-20T18:19:34.113+0600] {dagbag.py:538} INFO - Filling up the DagBag from /home/robin/Documents/Tanjim/Miscellaneous Projects/airflow_docker/airflow_in_python_env/env/lib/python3.10/site-packages/airflow/example_dags/example_complex.py
[2023-12-20T18:19:34.143+0600] {processor.py:840} INFO - DAG(s) 'example_complex' retrieved from /home/robin/Documents/Tanjim/Miscellaneous Projects/airflow_docker/airflow_in_python_env/env/lib/python3.10/site-packages/airflow/example_dags/example_complex.py
[2023-12-20T18:19:34.190+0600] {logging_mixin.py:188} INFO - [2023-12-20T18:19:34.189+0600] {dag.py:3033} INFO - Sync 1 DAGs
[2023-12-20T18:19:34.208+0600] {logging_mixin.py:188} INFO - [2023-12-20T18:19:34.208+0600] {dag.py:3820} INFO - Setting next_dagrun for example_complex to None, run_after=None
[2023-12-20T18:19:34.251+0600] {processor.py:183} INFO - Processing /home/robin/Documents/Tanjim/Miscellaneous Projects/airflow_docker/airflow_in_python_env/env/lib/python3.10/site-packages/airflow/example_dags/example_complex.py took 0.155 seconds
[2023-12-20T18:20:27.753+0600] {processor.py:161} INFO - Started process (PID=72430) to work on /home/robin/Documents/Tanjim/Miscellaneous Projects/airflow_docker/airflow_in_python_env/env/lib/python3.10/site-packages/airflow/example_dags/example_complex.py
[2023-12-20T18:20:27.762+0600] {processor.py:830} INFO - Processing file /home/robin/Documents/Tanjim/Miscellaneous Projects/airflow_docker/airflow_in_python_env/env/lib/python3.10/site-packages/airflow/example_dags/example_complex.py for tasks to queue
[2023-12-20T18:20:27.764+0600] {logging_mixin.py:188} INFO - [2023-12-20T18:20:27.763+0600] {dagbag.py:538} INFO - Filling up the DagBag from /home/robin/Documents/Tanjim/Miscellaneous Projects/airflow_docker/airflow_in_python_env/env/lib/python3.10/site-packages/airflow/example_dags/example_complex.py
[2023-12-20T18:20:27.784+0600] {processor.py:840} INFO - DAG(s) 'example_complex' retrieved from /home/robin/Documents/Tanjim/Miscellaneous Projects/airflow_docker/airflow_in_python_env/env/lib/python3.10/site-packages/airflow/example_dags/example_complex.py
[2023-12-20T18:20:27.818+0600] {logging_mixin.py:188} INFO - [2023-12-20T18:20:27.818+0600] {dag.py:3033} INFO - Sync 1 DAGs
[2023-12-20T18:20:27.833+0600] {logging_mixin.py:188} INFO - [2023-12-20T18:20:27.833+0600] {dag.py:3820} INFO - Setting next_dagrun for example_complex to None, run_after=None
[2023-12-20T18:20:27.869+0600] {processor.py:183} INFO - Processing /home/robin/Documents/Tanjim/Miscellaneous Projects/airflow_docker/airflow_in_python_env/env/lib/python3.10/site-packages/airflow/example_dags/example_complex.py took 0.125 seconds
[2023-12-20T18:29:31.926+0600] {processor.py:161} INFO - Started process (PID=75423) to work on /home/robin/Documents/Tanjim/Miscellaneous Projects/airflow_docker/airflow_in_python_env/env/lib/python3.10/site-packages/airflow/example_dags/example_complex.py
[2023-12-20T18:29:31.936+0600] {processor.py:830} INFO - Processing file /home/robin/Documents/Tanjim/Miscellaneous Projects/airflow_docker/airflow_in_python_env/env/lib/python3.10/site-packages/airflow/example_dags/example_complex.py for tasks to queue
[2023-12-20T18:29:31.937+0600] {logging_mixin.py:188} INFO - [2023-12-20T18:29:31.937+0600] {dagbag.py:538} INFO - Filling up the DagBag from /home/robin/Documents/Tanjim/Miscellaneous Projects/airflow_docker/airflow_in_python_env/env/lib/python3.10/site-packages/airflow/example_dags/example_complex.py
[2023-12-20T18:29:31.952+0600] {processor.py:840} INFO - DAG(s) 'example_complex' retrieved from /home/robin/Documents/Tanjim/Miscellaneous Projects/airflow_docker/airflow_in_python_env/env/lib/python3.10/site-packages/airflow/example_dags/example_complex.py
[2023-12-20T18:29:31.991+0600] {logging_mixin.py:188} INFO - [2023-12-20T18:29:31.991+0600] {dag.py:3033} INFO - Sync 1 DAGs
[2023-12-20T18:29:32.005+0600] {logging_mixin.py:188} INFO - [2023-12-20T18:29:32.004+0600] {dag.py:3820} INFO - Setting next_dagrun for example_complex to None, run_after=None
[2023-12-20T18:29:32.055+0600] {processor.py:183} INFO - Processing /home/robin/Documents/Tanjim/Miscellaneous Projects/airflow_docker/airflow_in_python_env/env/lib/python3.10/site-packages/airflow/example_dags/example_complex.py took 0.135 seconds
[2023-12-20T18:30:24.449+0600] {processor.py:161} INFO - Started process (PID=75682) to work on /home/robin/Documents/Tanjim/Miscellaneous Projects/airflow_docker/airflow_in_python_env/env/lib/python3.10/site-packages/airflow/example_dags/example_complex.py
[2023-12-20T18:30:24.458+0600] {processor.py:830} INFO - Processing file /home/robin/Documents/Tanjim/Miscellaneous Projects/airflow_docker/airflow_in_python_env/env/lib/python3.10/site-packages/airflow/example_dags/example_complex.py for tasks to queue
[2023-12-20T18:30:24.460+0600] {logging_mixin.py:188} INFO - [2023-12-20T18:30:24.459+0600] {dagbag.py:538} INFO - Filling up the DagBag from /home/robin/Documents/Tanjim/Miscellaneous Projects/airflow_docker/airflow_in_python_env/env/lib/python3.10/site-packages/airflow/example_dags/example_complex.py
[2023-12-20T18:30:24.476+0600] {processor.py:840} INFO - DAG(s) 'example_complex' retrieved from /home/robin/Documents/Tanjim/Miscellaneous Projects/airflow_docker/airflow_in_python_env/env/lib/python3.10/site-packages/airflow/example_dags/example_complex.py
[2023-12-20T18:30:24.510+0600] {logging_mixin.py:188} INFO - [2023-12-20T18:30:24.510+0600] {dag.py:3033} INFO - Sync 1 DAGs
[2023-12-20T18:30:24.523+0600] {logging_mixin.py:188} INFO - [2023-12-20T18:30:24.522+0600] {dag.py:3820} INFO - Setting next_dagrun for example_complex to None, run_after=None
[2023-12-20T18:30:24.557+0600] {processor.py:183} INFO - Processing /home/robin/Documents/Tanjim/Miscellaneous Projects/airflow_docker/airflow_in_python_env/env/lib/python3.10/site-packages/airflow/example_dags/example_complex.py took 0.113 seconds
