[2023-12-20T17:53:06.887+0600] {processor.py:161} INFO - Started process (PID=66377) to work on /home/robin/Documents/Tanjim/Miscellaneous Projects/airflow_docker/airflow_in_python_env/env/lib/python3.10/site-packages/airflow/example_dags/example_setup_teardown_taskflow.py
[2023-12-20T17:53:06.889+0600] {processor.py:830} INFO - Processing file /home/robin/Documents/Tanjim/Miscellaneous Projects/airflow_docker/airflow_in_python_env/env/lib/python3.10/site-packages/airflow/example_dags/example_setup_teardown_taskflow.py for tasks to queue
[2023-12-20T17:53:06.891+0600] {logging_mixin.py:188} INFO - [2023-12-20T17:53:06.890+0600] {dagbag.py:538} INFO - Filling up the DagBag from /home/robin/Documents/Tanjim/Miscellaneous Projects/airflow_docker/airflow_in_python_env/env/lib/python3.10/site-packages/airflow/example_dags/example_setup_teardown_taskflow.py
[2023-12-20T17:53:06.918+0600] {processor.py:840} INFO - DAG(s) 'example_setup_teardown_taskflow' retrieved from /home/robin/Documents/Tanjim/Miscellaneous Projects/airflow_docker/airflow_in_python_env/env/lib/python3.10/site-packages/airflow/example_dags/example_setup_teardown_taskflow.py
[2023-12-20T17:53:07.037+0600] {logging_mixin.py:188} INFO - [2023-12-20T17:53:07.037+0600] {dag.py:3033} INFO - Sync 1 DAGs
[2023-12-20T17:53:07.058+0600] {logging_mixin.py:188} INFO - [2023-12-20T17:53:07.057+0600] {dag.py:3820} INFO - Setting next_dagrun for example_setup_teardown_taskflow to 2023-12-19T00:00:00+00:00, run_after=2023-12-20T00:00:00+00:00
[2023-12-20T17:53:07.092+0600] {processor.py:183} INFO - Processing /home/robin/Documents/Tanjim/Miscellaneous Projects/airflow_docker/airflow_in_python_env/env/lib/python3.10/site-packages/airflow/example_dags/example_setup_teardown_taskflow.py took 0.213 seconds
[2023-12-20T17:58:20.372+0600] {processor.py:161} INFO - Started process (PID=67082) to work on /home/robin/Documents/Tanjim/Miscellaneous Projects/airflow_docker/airflow_in_python_env/env/lib/python3.10/site-packages/airflow/example_dags/example_setup_teardown_taskflow.py
[2023-12-20T17:58:20.381+0600] {processor.py:830} INFO - Processing file /home/robin/Documents/Tanjim/Miscellaneous Projects/airflow_docker/airflow_in_python_env/env/lib/python3.10/site-packages/airflow/example_dags/example_setup_teardown_taskflow.py for tasks to queue
[2023-12-20T17:58:20.382+0600] {logging_mixin.py:188} INFO - [2023-12-20T17:58:20.382+0600] {dagbag.py:538} INFO - Filling up the DagBag from /home/robin/Documents/Tanjim/Miscellaneous Projects/airflow_docker/airflow_in_python_env/env/lib/python3.10/site-packages/airflow/example_dags/example_setup_teardown_taskflow.py
[2023-12-20T17:58:20.401+0600] {processor.py:840} INFO - DAG(s) 'example_setup_teardown_taskflow' retrieved from /home/robin/Documents/Tanjim/Miscellaneous Projects/airflow_docker/airflow_in_python_env/env/lib/python3.10/site-packages/airflow/example_dags/example_setup_teardown_taskflow.py
[2023-12-20T17:58:20.429+0600] {logging_mixin.py:188} INFO - [2023-12-20T17:58:20.429+0600] {dag.py:3033} INFO - Sync 1 DAGs
[2023-12-20T17:58:20.455+0600] {logging_mixin.py:188} INFO - [2023-12-20T17:58:20.455+0600] {dag.py:3820} INFO - Setting next_dagrun for example_setup_teardown_taskflow to 2023-12-19T00:00:00+00:00, run_after=2023-12-20T00:00:00+00:00
[2023-12-20T17:58:20.507+0600] {processor.py:183} INFO - Processing /home/robin/Documents/Tanjim/Miscellaneous Projects/airflow_docker/airflow_in_python_env/env/lib/python3.10/site-packages/airflow/example_dags/example_setup_teardown_taskflow.py took 0.139 seconds
[2023-12-20T17:59:16.598+0600] {processor.py:161} INFO - Started process (PID=67288) to work on /home/robin/Documents/Tanjim/Miscellaneous Projects/airflow_docker/airflow_in_python_env/env/lib/python3.10/site-packages/airflow/example_dags/example_setup_teardown_taskflow.py
[2023-12-20T17:59:16.609+0600] {processor.py:830} INFO - Processing file /home/robin/Documents/Tanjim/Miscellaneous Projects/airflow_docker/airflow_in_python_env/env/lib/python3.10/site-packages/airflow/example_dags/example_setup_teardown_taskflow.py for tasks to queue
[2023-12-20T17:59:16.612+0600] {logging_mixin.py:188} INFO - [2023-12-20T17:59:16.611+0600] {dagbag.py:538} INFO - Filling up the DagBag from /home/robin/Documents/Tanjim/Miscellaneous Projects/airflow_docker/airflow_in_python_env/env/lib/python3.10/site-packages/airflow/example_dags/example_setup_teardown_taskflow.py
[2023-12-20T17:59:16.637+0600] {processor.py:840} INFO - DAG(s) 'example_setup_teardown_taskflow' retrieved from /home/robin/Documents/Tanjim/Miscellaneous Projects/airflow_docker/airflow_in_python_env/env/lib/python3.10/site-packages/airflow/example_dags/example_setup_teardown_taskflow.py
[2023-12-20T17:59:16.666+0600] {logging_mixin.py:188} INFO - [2023-12-20T17:59:16.666+0600] {dag.py:3033} INFO - Sync 1 DAGs
[2023-12-20T17:59:16.709+0600] {logging_mixin.py:188} INFO - [2023-12-20T17:59:16.709+0600] {dag.py:3820} INFO - Setting next_dagrun for example_setup_teardown_taskflow to 2023-12-19T00:00:00+00:00, run_after=2023-12-20T00:00:00+00:00
[2023-12-20T17:59:16.779+0600] {processor.py:183} INFO - Processing /home/robin/Documents/Tanjim/Miscellaneous Projects/airflow_docker/airflow_in_python_env/env/lib/python3.10/site-packages/airflow/example_dags/example_setup_teardown_taskflow.py took 0.186 seconds
[2023-12-20T18:00:06.895+0600] {processor.py:161} INFO - Started process (PID=67463) to work on /home/robin/Documents/Tanjim/Miscellaneous Projects/airflow_docker/airflow_in_python_env/env/lib/python3.10/site-packages/airflow/example_dags/example_setup_teardown_taskflow.py
[2023-12-20T18:00:06.904+0600] {processor.py:830} INFO - Processing file /home/robin/Documents/Tanjim/Miscellaneous Projects/airflow_docker/airflow_in_python_env/env/lib/python3.10/site-packages/airflow/example_dags/example_setup_teardown_taskflow.py for tasks to queue
[2023-12-20T18:00:06.906+0600] {logging_mixin.py:188} INFO - [2023-12-20T18:00:06.906+0600] {dagbag.py:538} INFO - Filling up the DagBag from /home/robin/Documents/Tanjim/Miscellaneous Projects/airflow_docker/airflow_in_python_env/env/lib/python3.10/site-packages/airflow/example_dags/example_setup_teardown_taskflow.py
[2023-12-20T18:00:06.928+0600] {processor.py:840} INFO - DAG(s) 'example_setup_teardown_taskflow' retrieved from /home/robin/Documents/Tanjim/Miscellaneous Projects/airflow_docker/airflow_in_python_env/env/lib/python3.10/site-packages/airflow/example_dags/example_setup_teardown_taskflow.py
[2023-12-20T18:00:06.953+0600] {logging_mixin.py:188} INFO - [2023-12-20T18:00:06.953+0600] {dag.py:3033} INFO - Sync 1 DAGs
[2023-12-20T18:00:06.979+0600] {logging_mixin.py:188} INFO - [2023-12-20T18:00:06.979+0600] {dag.py:3820} INFO - Setting next_dagrun for example_setup_teardown_taskflow to 2023-12-19T00:00:00+00:00, run_after=2023-12-20T00:00:00+00:00
[2023-12-20T18:00:07.007+0600] {processor.py:183} INFO - Processing /home/robin/Documents/Tanjim/Miscellaneous Projects/airflow_docker/airflow_in_python_env/env/lib/python3.10/site-packages/airflow/example_dags/example_setup_teardown_taskflow.py took 0.118 seconds
[2023-12-20T18:00:58.894+0600] {processor.py:161} INFO - Started process (PID=67753) to work on /home/robin/Documents/Tanjim/Miscellaneous Projects/airflow_docker/airflow_in_python_env/env/lib/python3.10/site-packages/airflow/example_dags/example_setup_teardown_taskflow.py
[2023-12-20T18:00:58.896+0600] {processor.py:830} INFO - Processing file /home/robin/Documents/Tanjim/Miscellaneous Projects/airflow_docker/airflow_in_python_env/env/lib/python3.10/site-packages/airflow/example_dags/example_setup_teardown_taskflow.py for tasks to queue
[2023-12-20T18:00:58.898+0600] {logging_mixin.py:188} INFO - [2023-12-20T18:00:58.897+0600] {dagbag.py:538} INFO - Filling up the DagBag from /home/robin/Documents/Tanjim/Miscellaneous Projects/airflow_docker/airflow_in_python_env/env/lib/python3.10/site-packages/airflow/example_dags/example_setup_teardown_taskflow.py
[2023-12-20T18:00:58.964+0600] {processor.py:840} INFO - DAG(s) 'example_setup_teardown_taskflow' retrieved from /home/robin/Documents/Tanjim/Miscellaneous Projects/airflow_docker/airflow_in_python_env/env/lib/python3.10/site-packages/airflow/example_dags/example_setup_teardown_taskflow.py
[2023-12-20T18:00:59.013+0600] {logging_mixin.py:188} INFO - [2023-12-20T18:00:59.013+0600] {dag.py:3033} INFO - Sync 1 DAGs
[2023-12-20T18:00:59.054+0600] {logging_mixin.py:188} INFO - [2023-12-20T18:00:59.054+0600] {dag.py:3820} INFO - Setting next_dagrun for example_setup_teardown_taskflow to 2023-12-19T00:00:00+00:00, run_after=2023-12-20T00:00:00+00:00
[2023-12-20T18:00:59.098+0600] {processor.py:183} INFO - Processing /home/robin/Documents/Tanjim/Miscellaneous Projects/airflow_docker/airflow_in_python_env/env/lib/python3.10/site-packages/airflow/example_dags/example_setup_teardown_taskflow.py took 0.217 seconds
[2023-12-20T18:02:14.449+0600] {processor.py:161} INFO - Started process (PID=68635) to work on /home/robin/Documents/Tanjim/Miscellaneous Projects/airflow_docker/airflow_in_python_env/env/lib/python3.10/site-packages/airflow/example_dags/example_setup_teardown_taskflow.py
[2023-12-20T18:02:14.458+0600] {processor.py:830} INFO - Processing file /home/robin/Documents/Tanjim/Miscellaneous Projects/airflow_docker/airflow_in_python_env/env/lib/python3.10/site-packages/airflow/example_dags/example_setup_teardown_taskflow.py for tasks to queue
[2023-12-20T18:02:14.461+0600] {logging_mixin.py:188} INFO - [2023-12-20T18:02:14.460+0600] {dagbag.py:538} INFO - Filling up the DagBag from /home/robin/Documents/Tanjim/Miscellaneous Projects/airflow_docker/airflow_in_python_env/env/lib/python3.10/site-packages/airflow/example_dags/example_setup_teardown_taskflow.py
[2023-12-20T18:02:14.479+0600] {processor.py:840} INFO - DAG(s) 'example_setup_teardown_taskflow' retrieved from /home/robin/Documents/Tanjim/Miscellaneous Projects/airflow_docker/airflow_in_python_env/env/lib/python3.10/site-packages/airflow/example_dags/example_setup_teardown_taskflow.py
[2023-12-20T18:02:14.501+0600] {logging_mixin.py:188} INFO - [2023-12-20T18:02:14.501+0600] {dag.py:3033} INFO - Sync 1 DAGs
[2023-12-20T18:02:14.527+0600] {logging_mixin.py:188} INFO - [2023-12-20T18:02:14.527+0600] {dag.py:3820} INFO - Setting next_dagrun for example_setup_teardown_taskflow to 2023-12-19T00:00:00+00:00, run_after=2023-12-20T00:00:00+00:00
[2023-12-20T18:02:14.562+0600] {processor.py:183} INFO - Processing /home/robin/Documents/Tanjim/Miscellaneous Projects/airflow_docker/airflow_in_python_env/env/lib/python3.10/site-packages/airflow/example_dags/example_setup_teardown_taskflow.py took 0.123 seconds
[2023-12-20T18:03:17.169+0600] {processor.py:161} INFO - Started process (PID=69213) to work on /home/robin/Documents/Tanjim/Miscellaneous Projects/airflow_docker/airflow_in_python_env/env/lib/python3.10/site-packages/airflow/example_dags/example_setup_teardown_taskflow.py
[2023-12-20T18:03:17.179+0600] {processor.py:830} INFO - Processing file /home/robin/Documents/Tanjim/Miscellaneous Projects/airflow_docker/airflow_in_python_env/env/lib/python3.10/site-packages/airflow/example_dags/example_setup_teardown_taskflow.py for tasks to queue
[2023-12-20T18:03:17.186+0600] {logging_mixin.py:188} INFO - [2023-12-20T18:03:17.183+0600] {dagbag.py:538} INFO - Filling up the DagBag from /home/robin/Documents/Tanjim/Miscellaneous Projects/airflow_docker/airflow_in_python_env/env/lib/python3.10/site-packages/airflow/example_dags/example_setup_teardown_taskflow.py
[2023-12-20T18:03:17.236+0600] {processor.py:840} INFO - DAG(s) 'example_setup_teardown_taskflow' retrieved from /home/robin/Documents/Tanjim/Miscellaneous Projects/airflow_docker/airflow_in_python_env/env/lib/python3.10/site-packages/airflow/example_dags/example_setup_teardown_taskflow.py
[2023-12-20T18:03:17.261+0600] {logging_mixin.py:188} INFO - [2023-12-20T18:03:17.261+0600] {dag.py:3033} INFO - Sync 1 DAGs
[2023-12-20T18:03:17.286+0600] {logging_mixin.py:188} INFO - [2023-12-20T18:03:17.286+0600] {dag.py:3820} INFO - Setting next_dagrun for example_setup_teardown_taskflow to 2023-12-19T00:00:00+00:00, run_after=2023-12-20T00:00:00+00:00
[2023-12-20T18:03:17.321+0600] {processor.py:183} INFO - Processing /home/robin/Documents/Tanjim/Miscellaneous Projects/airflow_docker/airflow_in_python_env/env/lib/python3.10/site-packages/airflow/example_dags/example_setup_teardown_taskflow.py took 0.159 seconds
[2023-12-20T18:04:11.690+0600] {processor.py:161} INFO - Started process (PID=69403) to work on /home/robin/Documents/Tanjim/Miscellaneous Projects/airflow_docker/airflow_in_python_env/env/lib/python3.10/site-packages/airflow/example_dags/example_setup_teardown_taskflow.py
[2023-12-20T18:04:11.700+0600] {processor.py:830} INFO - Processing file /home/robin/Documents/Tanjim/Miscellaneous Projects/airflow_docker/airflow_in_python_env/env/lib/python3.10/site-packages/airflow/example_dags/example_setup_teardown_taskflow.py for tasks to queue
[2023-12-20T18:04:11.701+0600] {logging_mixin.py:188} INFO - [2023-12-20T18:04:11.701+0600] {dagbag.py:538} INFO - Filling up the DagBag from /home/robin/Documents/Tanjim/Miscellaneous Projects/airflow_docker/airflow_in_python_env/env/lib/python3.10/site-packages/airflow/example_dags/example_setup_teardown_taskflow.py
[2023-12-20T18:04:11.718+0600] {processor.py:840} INFO - DAG(s) 'example_setup_teardown_taskflow' retrieved from /home/robin/Documents/Tanjim/Miscellaneous Projects/airflow_docker/airflow_in_python_env/env/lib/python3.10/site-packages/airflow/example_dags/example_setup_teardown_taskflow.py
[2023-12-20T18:04:11.754+0600] {logging_mixin.py:188} INFO - [2023-12-20T18:04:11.754+0600] {dag.py:3033} INFO - Sync 1 DAGs
[2023-12-20T18:04:11.797+0600] {logging_mixin.py:188} INFO - [2023-12-20T18:04:11.797+0600] {dag.py:3820} INFO - Setting next_dagrun for example_setup_teardown_taskflow to 2023-12-19T00:00:00+00:00, run_after=2023-12-20T00:00:00+00:00
[2023-12-20T18:04:11.845+0600] {processor.py:183} INFO - Processing /home/robin/Documents/Tanjim/Miscellaneous Projects/airflow_docker/airflow_in_python_env/env/lib/python3.10/site-packages/airflow/example_dags/example_setup_teardown_taskflow.py took 0.161 seconds
[2023-12-20T18:04:57.262+0600] {processor.py:161} INFO - Started process (PID=69608) to work on /home/robin/Documents/Tanjim/Miscellaneous Projects/airflow_docker/airflow_in_python_env/env/lib/python3.10/site-packages/airflow/example_dags/example_setup_teardown_taskflow.py
[2023-12-20T18:04:57.271+0600] {processor.py:830} INFO - Processing file /home/robin/Documents/Tanjim/Miscellaneous Projects/airflow_docker/airflow_in_python_env/env/lib/python3.10/site-packages/airflow/example_dags/example_setup_teardown_taskflow.py for tasks to queue
[2023-12-20T18:04:57.273+0600] {logging_mixin.py:188} INFO - [2023-12-20T18:04:57.272+0600] {dagbag.py:538} INFO - Filling up the DagBag from /home/robin/Documents/Tanjim/Miscellaneous Projects/airflow_docker/airflow_in_python_env/env/lib/python3.10/site-packages/airflow/example_dags/example_setup_teardown_taskflow.py
[2023-12-20T18:04:57.295+0600] {processor.py:840} INFO - DAG(s) 'example_setup_teardown_taskflow' retrieved from /home/robin/Documents/Tanjim/Miscellaneous Projects/airflow_docker/airflow_in_python_env/env/lib/python3.10/site-packages/airflow/example_dags/example_setup_teardown_taskflow.py
[2023-12-20T18:04:57.315+0600] {logging_mixin.py:188} INFO - [2023-12-20T18:04:57.315+0600] {dag.py:3033} INFO - Sync 1 DAGs
[2023-12-20T18:04:57.337+0600] {logging_mixin.py:188} INFO - [2023-12-20T18:04:57.337+0600] {dag.py:3820} INFO - Setting next_dagrun for example_setup_teardown_taskflow to 2023-12-19T00:00:00+00:00, run_after=2023-12-20T00:00:00+00:00
[2023-12-20T18:04:57.374+0600] {processor.py:183} INFO - Processing /home/robin/Documents/Tanjim/Miscellaneous Projects/airflow_docker/airflow_in_python_env/env/lib/python3.10/site-packages/airflow/example_dags/example_setup_teardown_taskflow.py took 0.121 seconds
[2023-12-20T18:06:06.105+0600] {processor.py:161} INFO - Started process (PID=70169) to work on /home/robin/Documents/Tanjim/Miscellaneous Projects/airflow_docker/airflow_in_python_env/env/lib/python3.10/site-packages/airflow/example_dags/example_setup_teardown_taskflow.py
[2023-12-20T18:06:06.113+0600] {processor.py:830} INFO - Processing file /home/robin/Documents/Tanjim/Miscellaneous Projects/airflow_docker/airflow_in_python_env/env/lib/python3.10/site-packages/airflow/example_dags/example_setup_teardown_taskflow.py for tasks to queue
[2023-12-20T18:06:06.115+0600] {logging_mixin.py:188} INFO - [2023-12-20T18:06:06.114+0600] {dagbag.py:538} INFO - Filling up the DagBag from /home/robin/Documents/Tanjim/Miscellaneous Projects/airflow_docker/airflow_in_python_env/env/lib/python3.10/site-packages/airflow/example_dags/example_setup_teardown_taskflow.py
[2023-12-20T18:06:06.136+0600] {processor.py:840} INFO - DAG(s) 'example_setup_teardown_taskflow' retrieved from /home/robin/Documents/Tanjim/Miscellaneous Projects/airflow_docker/airflow_in_python_env/env/lib/python3.10/site-packages/airflow/example_dags/example_setup_teardown_taskflow.py
[2023-12-20T18:06:06.165+0600] {logging_mixin.py:188} INFO - [2023-12-20T18:06:06.165+0600] {dag.py:3033} INFO - Sync 1 DAGs
[2023-12-20T18:06:06.200+0600] {logging_mixin.py:188} INFO - [2023-12-20T18:06:06.200+0600] {dag.py:3820} INFO - Setting next_dagrun for example_setup_teardown_taskflow to 2023-12-19T00:00:00+00:00, run_after=2023-12-20T00:00:00+00:00
[2023-12-20T18:06:06.244+0600] {processor.py:183} INFO - Processing /home/robin/Documents/Tanjim/Miscellaneous Projects/airflow_docker/airflow_in_python_env/env/lib/python3.10/site-packages/airflow/example_dags/example_setup_teardown_taskflow.py took 0.145 seconds
[2023-12-20T18:18:18.103+0600] {processor.py:161} INFO - Started process (PID=72076) to work on /home/robin/Documents/Tanjim/Miscellaneous Projects/airflow_docker/airflow_in_python_env/env/lib/python3.10/site-packages/airflow/example_dags/example_setup_teardown_taskflow.py
[2023-12-20T18:18:18.111+0600] {processor.py:830} INFO - Processing file /home/robin/Documents/Tanjim/Miscellaneous Projects/airflow_docker/airflow_in_python_env/env/lib/python3.10/site-packages/airflow/example_dags/example_setup_teardown_taskflow.py for tasks to queue
[2023-12-20T18:18:18.113+0600] {logging_mixin.py:188} INFO - [2023-12-20T18:18:18.112+0600] {dagbag.py:538} INFO - Filling up the DagBag from /home/robin/Documents/Tanjim/Miscellaneous Projects/airflow_docker/airflow_in_python_env/env/lib/python3.10/site-packages/airflow/example_dags/example_setup_teardown_taskflow.py
[2023-12-20T18:18:18.130+0600] {processor.py:840} INFO - DAG(s) 'example_setup_teardown_taskflow' retrieved from /home/robin/Documents/Tanjim/Miscellaneous Projects/airflow_docker/airflow_in_python_env/env/lib/python3.10/site-packages/airflow/example_dags/example_setup_teardown_taskflow.py
[2023-12-20T18:18:18.153+0600] {logging_mixin.py:188} INFO - [2023-12-20T18:18:18.153+0600] {dag.py:3033} INFO - Sync 1 DAGs
[2023-12-20T18:18:18.173+0600] {logging_mixin.py:188} INFO - [2023-12-20T18:18:18.172+0600] {dag.py:3820} INFO - Setting next_dagrun for example_setup_teardown_taskflow to 2023-12-19T00:00:00+00:00, run_after=2023-12-20T00:00:00+00:00
[2023-12-20T18:18:18.203+0600] {processor.py:183} INFO - Processing /home/robin/Documents/Tanjim/Miscellaneous Projects/airflow_docker/airflow_in_python_env/env/lib/python3.10/site-packages/airflow/example_dags/example_setup_teardown_taskflow.py took 0.104 seconds
[2023-12-20T18:19:12.886+0600] {processor.py:161} INFO - Started process (PID=72236) to work on /home/robin/Documents/Tanjim/Miscellaneous Projects/airflow_docker/airflow_in_python_env/env/lib/python3.10/site-packages/airflow/example_dags/example_setup_teardown_taskflow.py
[2023-12-20T18:19:12.896+0600] {processor.py:830} INFO - Processing file /home/robin/Documents/Tanjim/Miscellaneous Projects/airflow_docker/airflow_in_python_env/env/lib/python3.10/site-packages/airflow/example_dags/example_setup_teardown_taskflow.py for tasks to queue
[2023-12-20T18:19:12.898+0600] {logging_mixin.py:188} INFO - [2023-12-20T18:19:12.897+0600] {dagbag.py:538} INFO - Filling up the DagBag from /home/robin/Documents/Tanjim/Miscellaneous Projects/airflow_docker/airflow_in_python_env/env/lib/python3.10/site-packages/airflow/example_dags/example_setup_teardown_taskflow.py
[2023-12-20T18:19:12.916+0600] {processor.py:840} INFO - DAG(s) 'example_setup_teardown_taskflow' retrieved from /home/robin/Documents/Tanjim/Miscellaneous Projects/airflow_docker/airflow_in_python_env/env/lib/python3.10/site-packages/airflow/example_dags/example_setup_teardown_taskflow.py
[2023-12-20T18:19:12.946+0600] {logging_mixin.py:188} INFO - [2023-12-20T18:19:12.946+0600] {dag.py:3033} INFO - Sync 1 DAGs
[2023-12-20T18:19:12.969+0600] {logging_mixin.py:188} INFO - [2023-12-20T18:19:12.969+0600] {dag.py:3820} INFO - Setting next_dagrun for example_setup_teardown_taskflow to 2023-12-19T00:00:00+00:00, run_after=2023-12-20T00:00:00+00:00
[2023-12-20T18:19:13.003+0600] {processor.py:183} INFO - Processing /home/robin/Documents/Tanjim/Miscellaneous Projects/airflow_docker/airflow_in_python_env/env/lib/python3.10/site-packages/airflow/example_dags/example_setup_teardown_taskflow.py took 0.122 seconds
[2023-12-20T18:20:04.064+0600] {processor.py:161} INFO - Started process (PID=72378) to work on /home/robin/Documents/Tanjim/Miscellaneous Projects/airflow_docker/airflow_in_python_env/env/lib/python3.10/site-packages/airflow/example_dags/example_setup_teardown_taskflow.py
[2023-12-20T18:20:04.067+0600] {processor.py:830} INFO - Processing file /home/robin/Documents/Tanjim/Miscellaneous Projects/airflow_docker/airflow_in_python_env/env/lib/python3.10/site-packages/airflow/example_dags/example_setup_teardown_taskflow.py for tasks to queue
[2023-12-20T18:20:04.069+0600] {logging_mixin.py:188} INFO - [2023-12-20T18:20:04.068+0600] {dagbag.py:538} INFO - Filling up the DagBag from /home/robin/Documents/Tanjim/Miscellaneous Projects/airflow_docker/airflow_in_python_env/env/lib/python3.10/site-packages/airflow/example_dags/example_setup_teardown_taskflow.py
[2023-12-20T18:20:04.089+0600] {processor.py:840} INFO - DAG(s) 'example_setup_teardown_taskflow' retrieved from /home/robin/Documents/Tanjim/Miscellaneous Projects/airflow_docker/airflow_in_python_env/env/lib/python3.10/site-packages/airflow/example_dags/example_setup_teardown_taskflow.py
[2023-12-20T18:20:04.110+0600] {logging_mixin.py:188} INFO - [2023-12-20T18:20:04.110+0600] {dag.py:3033} INFO - Sync 1 DAGs
[2023-12-20T18:20:04.134+0600] {logging_mixin.py:188} INFO - [2023-12-20T18:20:04.133+0600] {dag.py:3820} INFO - Setting next_dagrun for example_setup_teardown_taskflow to 2023-12-19T00:00:00+00:00, run_after=2023-12-20T00:00:00+00:00
[2023-12-20T18:20:04.168+0600] {processor.py:183} INFO - Processing /home/robin/Documents/Tanjim/Miscellaneous Projects/airflow_docker/airflow_in_python_env/env/lib/python3.10/site-packages/airflow/example_dags/example_setup_teardown_taskflow.py took 0.112 seconds
[2023-12-20T18:20:54.067+0600] {processor.py:161} INFO - Started process (PID=72534) to work on /home/robin/Documents/Tanjim/Miscellaneous Projects/airflow_docker/airflow_in_python_env/env/lib/python3.10/site-packages/airflow/example_dags/example_setup_teardown_taskflow.py
[2023-12-20T18:20:54.075+0600] {processor.py:830} INFO - Processing file /home/robin/Documents/Tanjim/Miscellaneous Projects/airflow_docker/airflow_in_python_env/env/lib/python3.10/site-packages/airflow/example_dags/example_setup_teardown_taskflow.py for tasks to queue
[2023-12-20T18:20:54.076+0600] {logging_mixin.py:188} INFO - [2023-12-20T18:20:54.075+0600] {dagbag.py:538} INFO - Filling up the DagBag from /home/robin/Documents/Tanjim/Miscellaneous Projects/airflow_docker/airflow_in_python_env/env/lib/python3.10/site-packages/airflow/example_dags/example_setup_teardown_taskflow.py
[2023-12-20T18:20:54.089+0600] {processor.py:840} INFO - DAG(s) 'example_setup_teardown_taskflow' retrieved from /home/robin/Documents/Tanjim/Miscellaneous Projects/airflow_docker/airflow_in_python_env/env/lib/python3.10/site-packages/airflow/example_dags/example_setup_teardown_taskflow.py
[2023-12-20T18:20:54.109+0600] {logging_mixin.py:188} INFO - [2023-12-20T18:20:54.109+0600] {dag.py:3033} INFO - Sync 1 DAGs
[2023-12-20T18:20:54.135+0600] {logging_mixin.py:188} INFO - [2023-12-20T18:20:54.135+0600] {dag.py:3820} INFO - Setting next_dagrun for example_setup_teardown_taskflow to 2023-12-19T00:00:00+00:00, run_after=2023-12-20T00:00:00+00:00
[2023-12-20T18:20:54.172+0600] {processor.py:183} INFO - Processing /home/robin/Documents/Tanjim/Miscellaneous Projects/airflow_docker/airflow_in_python_env/env/lib/python3.10/site-packages/airflow/example_dags/example_setup_teardown_taskflow.py took 0.108 seconds
[2023-12-20T18:22:14.025+0600] {processor.py:161} INFO - Started process (PID=72959) to work on /home/robin/Documents/Tanjim/Miscellaneous Projects/airflow_docker/airflow_in_python_env/env/lib/python3.10/site-packages/airflow/example_dags/example_setup_teardown_taskflow.py
[2023-12-20T18:22:14.035+0600] {processor.py:830} INFO - Processing file /home/robin/Documents/Tanjim/Miscellaneous Projects/airflow_docker/airflow_in_python_env/env/lib/python3.10/site-packages/airflow/example_dags/example_setup_teardown_taskflow.py for tasks to queue
[2023-12-20T18:22:14.039+0600] {logging_mixin.py:188} INFO - [2023-12-20T18:22:14.037+0600] {dagbag.py:538} INFO - Filling up the DagBag from /home/robin/Documents/Tanjim/Miscellaneous Projects/airflow_docker/airflow_in_python_env/env/lib/python3.10/site-packages/airflow/example_dags/example_setup_teardown_taskflow.py
[2023-12-20T18:22:14.072+0600] {processor.py:840} INFO - DAG(s) 'example_setup_teardown_taskflow' retrieved from /home/robin/Documents/Tanjim/Miscellaneous Projects/airflow_docker/airflow_in_python_env/env/lib/python3.10/site-packages/airflow/example_dags/example_setup_teardown_taskflow.py
[2023-12-20T18:22:14.100+0600] {logging_mixin.py:188} INFO - [2023-12-20T18:22:14.099+0600] {dag.py:3033} INFO - Sync 1 DAGs
[2023-12-20T18:22:14.123+0600] {logging_mixin.py:188} INFO - [2023-12-20T18:22:14.123+0600] {dag.py:3820} INFO - Setting next_dagrun for example_setup_teardown_taskflow to 2023-12-19T00:00:00+00:00, run_after=2023-12-20T00:00:00+00:00
[2023-12-20T18:22:14.182+0600] {processor.py:183} INFO - Processing /home/robin/Documents/Tanjim/Miscellaneous Projects/airflow_docker/airflow_in_python_env/env/lib/python3.10/site-packages/airflow/example_dags/example_setup_teardown_taskflow.py took 0.161 seconds
[2023-12-20T18:28:47.968+0600] {processor.py:161} INFO - Started process (PID=74886) to work on /home/robin/Documents/Tanjim/Miscellaneous Projects/airflow_docker/airflow_in_python_env/env/lib/python3.10/site-packages/airflow/example_dags/example_setup_teardown_taskflow.py
[2023-12-20T18:28:47.976+0600] {processor.py:830} INFO - Processing file /home/robin/Documents/Tanjim/Miscellaneous Projects/airflow_docker/airflow_in_python_env/env/lib/python3.10/site-packages/airflow/example_dags/example_setup_teardown_taskflow.py for tasks to queue
[2023-12-20T18:28:47.978+0600] {logging_mixin.py:188} INFO - [2023-12-20T18:28:47.977+0600] {dagbag.py:538} INFO - Filling up the DagBag from /home/robin/Documents/Tanjim/Miscellaneous Projects/airflow_docker/airflow_in_python_env/env/lib/python3.10/site-packages/airflow/example_dags/example_setup_teardown_taskflow.py
[2023-12-20T18:28:48.004+0600] {processor.py:840} INFO - DAG(s) 'example_setup_teardown_taskflow' retrieved from /home/robin/Documents/Tanjim/Miscellaneous Projects/airflow_docker/airflow_in_python_env/env/lib/python3.10/site-packages/airflow/example_dags/example_setup_teardown_taskflow.py
[2023-12-20T18:28:48.041+0600] {logging_mixin.py:188} INFO - [2023-12-20T18:28:48.040+0600] {dag.py:3033} INFO - Sync 1 DAGs
[2023-12-20T18:28:48.083+0600] {logging_mixin.py:188} INFO - [2023-12-20T18:28:48.083+0600] {dag.py:3820} INFO - Setting next_dagrun for example_setup_teardown_taskflow to 2023-12-19T00:00:00+00:00, run_after=2023-12-20T00:00:00+00:00
[2023-12-20T18:28:48.134+0600] {processor.py:183} INFO - Processing /home/robin/Documents/Tanjim/Miscellaneous Projects/airflow_docker/airflow_in_python_env/env/lib/python3.10/site-packages/airflow/example_dags/example_setup_teardown_taskflow.py took 0.173 seconds
[2023-12-20T18:30:05.015+0600] {processor.py:161} INFO - Started process (PID=75605) to work on /home/robin/Documents/Tanjim/Miscellaneous Projects/airflow_docker/airflow_in_python_env/env/lib/python3.10/site-packages/airflow/example_dags/example_setup_teardown_taskflow.py
[2023-12-20T18:30:05.024+0600] {processor.py:830} INFO - Processing file /home/robin/Documents/Tanjim/Miscellaneous Projects/airflow_docker/airflow_in_python_env/env/lib/python3.10/site-packages/airflow/example_dags/example_setup_teardown_taskflow.py for tasks to queue
[2023-12-20T18:30:05.027+0600] {logging_mixin.py:188} INFO - [2023-12-20T18:30:05.025+0600] {dagbag.py:538} INFO - Filling up the DagBag from /home/robin/Documents/Tanjim/Miscellaneous Projects/airflow_docker/airflow_in_python_env/env/lib/python3.10/site-packages/airflow/example_dags/example_setup_teardown_taskflow.py
[2023-12-20T18:30:05.055+0600] {processor.py:840} INFO - DAG(s) 'example_setup_teardown_taskflow' retrieved from /home/robin/Documents/Tanjim/Miscellaneous Projects/airflow_docker/airflow_in_python_env/env/lib/python3.10/site-packages/airflow/example_dags/example_setup_teardown_taskflow.py
[2023-12-20T18:30:05.085+0600] {logging_mixin.py:188} INFO - [2023-12-20T18:30:05.084+0600] {dag.py:3033} INFO - Sync 1 DAGs
[2023-12-20T18:30:05.116+0600] {logging_mixin.py:188} INFO - [2023-12-20T18:30:05.116+0600] {dag.py:3820} INFO - Setting next_dagrun for example_setup_teardown_taskflow to 2023-12-19T00:00:00+00:00, run_after=2023-12-20T00:00:00+00:00
[2023-12-20T18:30:05.162+0600] {processor.py:183} INFO - Processing /home/robin/Documents/Tanjim/Miscellaneous Projects/airflow_docker/airflow_in_python_env/env/lib/python3.10/site-packages/airflow/example_dags/example_setup_teardown_taskflow.py took 0.157 seconds
