[2023-12-20T17:52:49.872+0600] {processor.py:161} INFO - Started process (PID=66309) to work on /home/robin/Documents/Tanjim/Miscellaneous Projects/airflow_docker/airflow_in_python_env/env/lib/python3.10/site-packages/airflow/example_dags/example_task_group.py
[2023-12-20T17:52:49.873+0600] {processor.py:830} INFO - Processing file /home/robin/Documents/Tanjim/Miscellaneous Projects/airflow_docker/airflow_in_python_env/env/lib/python3.10/site-packages/airflow/example_dags/example_task_group.py for tasks to queue
[2023-12-20T17:52:49.875+0600] {logging_mixin.py:188} INFO - [2023-12-20T17:52:49.874+0600] {dagbag.py:538} INFO - Filling up the DagBag from /home/robin/Documents/Tanjim/Miscellaneous Projects/airflow_docker/airflow_in_python_env/env/lib/python3.10/site-packages/airflow/example_dags/example_task_group.py
[2023-12-20T17:52:49.893+0600] {processor.py:840} INFO - DAG(s) 'example_task_group' retrieved from /home/robin/Documents/Tanjim/Miscellaneous Projects/airflow_docker/airflow_in_python_env/env/lib/python3.10/site-packages/airflow/example_dags/example_task_group.py
[2023-12-20T17:52:50.007+0600] {logging_mixin.py:188} INFO - [2023-12-20T17:52:50.007+0600] {dag.py:3033} INFO - Sync 1 DAGs
[2023-12-20T17:52:50.033+0600] {logging_mixin.py:188} INFO - [2023-12-20T17:52:50.033+0600] {dag.py:3820} INFO - Setting next_dagrun for example_task_group to 2023-12-19T00:00:00+00:00, run_after=2023-12-20T00:00:00+00:00
[2023-12-20T17:52:50.077+0600] {processor.py:183} INFO - Processing /home/robin/Documents/Tanjim/Miscellaneous Projects/airflow_docker/airflow_in_python_env/env/lib/python3.10/site-packages/airflow/example_dags/example_task_group.py took 0.209 seconds
[2023-12-20T17:58:05.140+0600] {processor.py:161} INFO - Started process (PID=66930) to work on /home/robin/Documents/Tanjim/Miscellaneous Projects/airflow_docker/airflow_in_python_env/env/lib/python3.10/site-packages/airflow/example_dags/example_task_group.py
[2023-12-20T17:58:05.150+0600] {processor.py:830} INFO - Processing file /home/robin/Documents/Tanjim/Miscellaneous Projects/airflow_docker/airflow_in_python_env/env/lib/python3.10/site-packages/airflow/example_dags/example_task_group.py for tasks to queue
[2023-12-20T17:58:05.153+0600] {logging_mixin.py:188} INFO - [2023-12-20T17:58:05.152+0600] {dagbag.py:538} INFO - Filling up the DagBag from /home/robin/Documents/Tanjim/Miscellaneous Projects/airflow_docker/airflow_in_python_env/env/lib/python3.10/site-packages/airflow/example_dags/example_task_group.py
[2023-12-20T17:58:05.180+0600] {processor.py:840} INFO - DAG(s) 'example_task_group' retrieved from /home/robin/Documents/Tanjim/Miscellaneous Projects/airflow_docker/airflow_in_python_env/env/lib/python3.10/site-packages/airflow/example_dags/example_task_group.py
[2023-12-20T17:58:05.209+0600] {logging_mixin.py:188} INFO - [2023-12-20T17:58:05.209+0600] {dag.py:3033} INFO - Sync 1 DAGs
[2023-12-20T17:58:05.234+0600] {logging_mixin.py:188} INFO - [2023-12-20T17:58:05.233+0600] {dag.py:3820} INFO - Setting next_dagrun for example_task_group to 2023-12-19T00:00:00+00:00, run_after=2023-12-20T00:00:00+00:00
[2023-12-20T17:58:05.268+0600] {processor.py:183} INFO - Processing /home/robin/Documents/Tanjim/Miscellaneous Projects/airflow_docker/airflow_in_python_env/env/lib/python3.10/site-packages/airflow/example_dags/example_task_group.py took 0.140 seconds
[2023-12-20T17:59:03.122+0600] {processor.py:161} INFO - Started process (PID=67195) to work on /home/robin/Documents/Tanjim/Miscellaneous Projects/airflow_docker/airflow_in_python_env/env/lib/python3.10/site-packages/airflow/example_dags/example_task_group.py
[2023-12-20T17:59:03.131+0600] {processor.py:830} INFO - Processing file /home/robin/Documents/Tanjim/Miscellaneous Projects/airflow_docker/airflow_in_python_env/env/lib/python3.10/site-packages/airflow/example_dags/example_task_group.py for tasks to queue
[2023-12-20T17:59:03.132+0600] {logging_mixin.py:188} INFO - [2023-12-20T17:59:03.131+0600] {dagbag.py:538} INFO - Filling up the DagBag from /home/robin/Documents/Tanjim/Miscellaneous Projects/airflow_docker/airflow_in_python_env/env/lib/python3.10/site-packages/airflow/example_dags/example_task_group.py
[2023-12-20T17:59:03.156+0600] {processor.py:840} INFO - DAG(s) 'example_task_group' retrieved from /home/robin/Documents/Tanjim/Miscellaneous Projects/airflow_docker/airflow_in_python_env/env/lib/python3.10/site-packages/airflow/example_dags/example_task_group.py
[2023-12-20T17:59:03.188+0600] {logging_mixin.py:188} INFO - [2023-12-20T17:59:03.188+0600] {dag.py:3033} INFO - Sync 1 DAGs
[2023-12-20T17:59:03.223+0600] {logging_mixin.py:188} INFO - [2023-12-20T17:59:03.223+0600] {dag.py:3820} INFO - Setting next_dagrun for example_task_group to 2023-12-19T00:00:00+00:00, run_after=2023-12-20T00:00:00+00:00
[2023-12-20T17:59:03.276+0600] {processor.py:183} INFO - Processing /home/robin/Documents/Tanjim/Miscellaneous Projects/airflow_docker/airflow_in_python_env/env/lib/python3.10/site-packages/airflow/example_dags/example_task_group.py took 0.161 seconds
[2023-12-20T17:59:53.247+0600] {processor.py:161} INFO - Started process (PID=67428) to work on /home/robin/Documents/Tanjim/Miscellaneous Projects/airflow_docker/airflow_in_python_env/env/lib/python3.10/site-packages/airflow/example_dags/example_task_group.py
[2023-12-20T17:59:53.256+0600] {processor.py:830} INFO - Processing file /home/robin/Documents/Tanjim/Miscellaneous Projects/airflow_docker/airflow_in_python_env/env/lib/python3.10/site-packages/airflow/example_dags/example_task_group.py for tasks to queue
[2023-12-20T17:59:53.257+0600] {logging_mixin.py:188} INFO - [2023-12-20T17:59:53.257+0600] {dagbag.py:538} INFO - Filling up the DagBag from /home/robin/Documents/Tanjim/Miscellaneous Projects/airflow_docker/airflow_in_python_env/env/lib/python3.10/site-packages/airflow/example_dags/example_task_group.py
[2023-12-20T17:59:53.273+0600] {processor.py:840} INFO - DAG(s) 'example_task_group' retrieved from /home/robin/Documents/Tanjim/Miscellaneous Projects/airflow_docker/airflow_in_python_env/env/lib/python3.10/site-packages/airflow/example_dags/example_task_group.py
[2023-12-20T17:59:53.300+0600] {logging_mixin.py:188} INFO - [2023-12-20T17:59:53.300+0600] {dag.py:3033} INFO - Sync 1 DAGs
[2023-12-20T17:59:53.336+0600] {logging_mixin.py:188} INFO - [2023-12-20T17:59:53.335+0600] {dag.py:3820} INFO - Setting next_dagrun for example_task_group to 2023-12-19T00:00:00+00:00, run_after=2023-12-20T00:00:00+00:00
[2023-12-20T17:59:53.377+0600] {processor.py:183} INFO - Processing /home/robin/Documents/Tanjim/Miscellaneous Projects/airflow_docker/airflow_in_python_env/env/lib/python3.10/site-packages/airflow/example_dags/example_task_group.py took 0.135 seconds
[2023-12-20T18:00:43.256+0600] {processor.py:161} INFO - Started process (PID=67581) to work on /home/robin/Documents/Tanjim/Miscellaneous Projects/airflow_docker/airflow_in_python_env/env/lib/python3.10/site-packages/airflow/example_dags/example_task_group.py
[2023-12-20T18:00:43.265+0600] {processor.py:830} INFO - Processing file /home/robin/Documents/Tanjim/Miscellaneous Projects/airflow_docker/airflow_in_python_env/env/lib/python3.10/site-packages/airflow/example_dags/example_task_group.py for tasks to queue
[2023-12-20T18:00:43.267+0600] {logging_mixin.py:188} INFO - [2023-12-20T18:00:43.266+0600] {dagbag.py:538} INFO - Filling up the DagBag from /home/robin/Documents/Tanjim/Miscellaneous Projects/airflow_docker/airflow_in_python_env/env/lib/python3.10/site-packages/airflow/example_dags/example_task_group.py
[2023-12-20T18:00:43.284+0600] {processor.py:840} INFO - DAG(s) 'example_task_group' retrieved from /home/robin/Documents/Tanjim/Miscellaneous Projects/airflow_docker/airflow_in_python_env/env/lib/python3.10/site-packages/airflow/example_dags/example_task_group.py
[2023-12-20T18:00:43.318+0600] {logging_mixin.py:188} INFO - [2023-12-20T18:00:43.318+0600] {dag.py:3033} INFO - Sync 1 DAGs
[2023-12-20T18:00:43.358+0600] {logging_mixin.py:188} INFO - [2023-12-20T18:00:43.358+0600] {dag.py:3820} INFO - Setting next_dagrun for example_task_group to 2023-12-19T00:00:00+00:00, run_after=2023-12-20T00:00:00+00:00
[2023-12-20T18:00:43.404+0600] {processor.py:183} INFO - Processing /home/robin/Documents/Tanjim/Miscellaneous Projects/airflow_docker/airflow_in_python_env/env/lib/python3.10/site-packages/airflow/example_dags/example_task_group.py took 0.154 seconds
[2023-12-20T18:01:35.716+0600] {processor.py:161} INFO - Started process (PID=68170) to work on /home/robin/Documents/Tanjim/Miscellaneous Projects/airflow_docker/airflow_in_python_env/env/lib/python3.10/site-packages/airflow/example_dags/example_task_group.py
[2023-12-20T18:01:35.725+0600] {processor.py:830} INFO - Processing file /home/robin/Documents/Tanjim/Miscellaneous Projects/airflow_docker/airflow_in_python_env/env/lib/python3.10/site-packages/airflow/example_dags/example_task_group.py for tasks to queue
[2023-12-20T18:01:35.727+0600] {logging_mixin.py:188} INFO - [2023-12-20T18:01:35.726+0600] {dagbag.py:538} INFO - Filling up the DagBag from /home/robin/Documents/Tanjim/Miscellaneous Projects/airflow_docker/airflow_in_python_env/env/lib/python3.10/site-packages/airflow/example_dags/example_task_group.py
[2023-12-20T18:01:35.743+0600] {processor.py:840} INFO - DAG(s) 'example_task_group' retrieved from /home/robin/Documents/Tanjim/Miscellaneous Projects/airflow_docker/airflow_in_python_env/env/lib/python3.10/site-packages/airflow/example_dags/example_task_group.py
[2023-12-20T18:01:35.767+0600] {logging_mixin.py:188} INFO - [2023-12-20T18:01:35.767+0600] {dag.py:3033} INFO - Sync 1 DAGs
[2023-12-20T18:01:35.793+0600] {logging_mixin.py:188} INFO - [2023-12-20T18:01:35.792+0600] {dag.py:3820} INFO - Setting next_dagrun for example_task_group to 2023-12-19T00:00:00+00:00, run_after=2023-12-20T00:00:00+00:00
[2023-12-20T18:01:35.828+0600] {processor.py:183} INFO - Processing /home/robin/Documents/Tanjim/Miscellaneous Projects/airflow_docker/airflow_in_python_env/env/lib/python3.10/site-packages/airflow/example_dags/example_task_group.py took 0.121 seconds
[2023-12-20T18:02:24.545+0600] {processor.py:161} INFO - Started process (PID=68745) to work on /home/robin/Documents/Tanjim/Miscellaneous Projects/airflow_docker/airflow_in_python_env/env/lib/python3.10/site-packages/airflow/example_dags/example_task_group.py
[2023-12-20T18:02:24.554+0600] {processor.py:830} INFO - Processing file /home/robin/Documents/Tanjim/Miscellaneous Projects/airflow_docker/airflow_in_python_env/env/lib/python3.10/site-packages/airflow/example_dags/example_task_group.py for tasks to queue
[2023-12-20T18:02:24.556+0600] {logging_mixin.py:188} INFO - [2023-12-20T18:02:24.555+0600] {dagbag.py:538} INFO - Filling up the DagBag from /home/robin/Documents/Tanjim/Miscellaneous Projects/airflow_docker/airflow_in_python_env/env/lib/python3.10/site-packages/airflow/example_dags/example_task_group.py
[2023-12-20T18:02:24.571+0600] {processor.py:840} INFO - DAG(s) 'example_task_group' retrieved from /home/robin/Documents/Tanjim/Miscellaneous Projects/airflow_docker/airflow_in_python_env/env/lib/python3.10/site-packages/airflow/example_dags/example_task_group.py
[2023-12-20T18:02:24.606+0600] {logging_mixin.py:188} INFO - [2023-12-20T18:02:24.605+0600] {dag.py:3033} INFO - Sync 1 DAGs
[2023-12-20T18:02:24.648+0600] {logging_mixin.py:188} INFO - [2023-12-20T18:02:24.648+0600] {dag.py:3820} INFO - Setting next_dagrun for example_task_group to 2023-12-19T00:00:00+00:00, run_after=2023-12-20T00:00:00+00:00
[2023-12-20T18:02:24.690+0600] {processor.py:183} INFO - Processing /home/robin/Documents/Tanjim/Miscellaneous Projects/airflow_docker/airflow_in_python_env/env/lib/python3.10/site-packages/airflow/example_dags/example_task_group.py took 0.150 seconds
[2023-12-20T18:03:02.694+0600] {processor.py:161} INFO - Started process (PID=69074) to work on /home/robin/Documents/Tanjim/Miscellaneous Projects/airflow_docker/airflow_in_python_env/env/lib/python3.10/site-packages/airflow/example_dags/example_task_group.py
[2023-12-20T18:03:02.702+0600] {processor.py:830} INFO - Processing file /home/robin/Documents/Tanjim/Miscellaneous Projects/airflow_docker/airflow_in_python_env/env/lib/python3.10/site-packages/airflow/example_dags/example_task_group.py for tasks to queue
[2023-12-20T18:03:02.703+0600] {logging_mixin.py:188} INFO - [2023-12-20T18:03:02.702+0600] {dagbag.py:538} INFO - Filling up the DagBag from /home/robin/Documents/Tanjim/Miscellaneous Projects/airflow_docker/airflow_in_python_env/env/lib/python3.10/site-packages/airflow/example_dags/example_task_group.py
[2023-12-20T18:03:02.713+0600] {processor.py:840} INFO - DAG(s) 'example_task_group' retrieved from /home/robin/Documents/Tanjim/Miscellaneous Projects/airflow_docker/airflow_in_python_env/env/lib/python3.10/site-packages/airflow/example_dags/example_task_group.py
[2023-12-20T18:03:02.732+0600] {logging_mixin.py:188} INFO - [2023-12-20T18:03:02.731+0600] {dag.py:3033} INFO - Sync 1 DAGs
[2023-12-20T18:03:02.752+0600] {logging_mixin.py:188} INFO - [2023-12-20T18:03:02.752+0600] {dag.py:3820} INFO - Setting next_dagrun for example_task_group to 2023-12-19T00:00:00+00:00, run_after=2023-12-20T00:00:00+00:00
[2023-12-20T18:03:02.779+0600] {processor.py:183} INFO - Processing /home/robin/Documents/Tanjim/Miscellaneous Projects/airflow_docker/airflow_in_python_env/env/lib/python3.10/site-packages/airflow/example_dags/example_task_group.py took 0.089 seconds
[2023-12-20T18:03:50.636+0600] {processor.py:161} INFO - Started process (PID=69291) to work on /home/robin/Documents/Tanjim/Miscellaneous Projects/airflow_docker/airflow_in_python_env/env/lib/python3.10/site-packages/airflow/example_dags/example_task_group.py
[2023-12-20T18:03:50.646+0600] {processor.py:830} INFO - Processing file /home/robin/Documents/Tanjim/Miscellaneous Projects/airflow_docker/airflow_in_python_env/env/lib/python3.10/site-packages/airflow/example_dags/example_task_group.py for tasks to queue
[2023-12-20T18:03:50.648+0600] {logging_mixin.py:188} INFO - [2023-12-20T18:03:50.647+0600] {dagbag.py:538} INFO - Filling up the DagBag from /home/robin/Documents/Tanjim/Miscellaneous Projects/airflow_docker/airflow_in_python_env/env/lib/python3.10/site-packages/airflow/example_dags/example_task_group.py
[2023-12-20T18:03:50.668+0600] {processor.py:840} INFO - DAG(s) 'example_task_group' retrieved from /home/robin/Documents/Tanjim/Miscellaneous Projects/airflow_docker/airflow_in_python_env/env/lib/python3.10/site-packages/airflow/example_dags/example_task_group.py
[2023-12-20T18:03:50.709+0600] {logging_mixin.py:188} INFO - [2023-12-20T18:03:50.708+0600] {dag.py:3033} INFO - Sync 1 DAGs
[2023-12-20T18:03:50.741+0600] {logging_mixin.py:188} INFO - [2023-12-20T18:03:50.741+0600] {dag.py:3820} INFO - Setting next_dagrun for example_task_group to 2023-12-19T00:00:00+00:00, run_after=2023-12-20T00:00:00+00:00
[2023-12-20T18:03:50.776+0600] {processor.py:183} INFO - Processing /home/robin/Documents/Tanjim/Miscellaneous Projects/airflow_docker/airflow_in_python_env/env/lib/python3.10/site-packages/airflow/example_dags/example_task_group.py took 0.147 seconds
[2023-12-20T18:04:37.870+0600] {processor.py:161} INFO - Started process (PID=69553) to work on /home/robin/Documents/Tanjim/Miscellaneous Projects/airflow_docker/airflow_in_python_env/env/lib/python3.10/site-packages/airflow/example_dags/example_task_group.py
[2023-12-20T18:04:37.880+0600] {processor.py:830} INFO - Processing file /home/robin/Documents/Tanjim/Miscellaneous Projects/airflow_docker/airflow_in_python_env/env/lib/python3.10/site-packages/airflow/example_dags/example_task_group.py for tasks to queue
[2023-12-20T18:04:37.886+0600] {logging_mixin.py:188} INFO - [2023-12-20T18:04:37.883+0600] {dagbag.py:538} INFO - Filling up the DagBag from /home/robin/Documents/Tanjim/Miscellaneous Projects/airflow_docker/airflow_in_python_env/env/lib/python3.10/site-packages/airflow/example_dags/example_task_group.py
[2023-12-20T18:04:37.942+0600] {processor.py:840} INFO - DAG(s) 'example_task_group' retrieved from /home/robin/Documents/Tanjim/Miscellaneous Projects/airflow_docker/airflow_in_python_env/env/lib/python3.10/site-packages/airflow/example_dags/example_task_group.py
[2023-12-20T18:04:37.977+0600] {logging_mixin.py:188} INFO - [2023-12-20T18:04:37.976+0600] {dag.py:3033} INFO - Sync 1 DAGs
[2023-12-20T18:04:38.003+0600] {logging_mixin.py:188} INFO - [2023-12-20T18:04:38.003+0600] {dag.py:3820} INFO - Setting next_dagrun for example_task_group to 2023-12-19T00:00:00+00:00, run_after=2023-12-20T00:00:00+00:00
[2023-12-20T18:04:38.034+0600] {processor.py:183} INFO - Processing /home/robin/Documents/Tanjim/Miscellaneous Projects/airflow_docker/airflow_in_python_env/env/lib/python3.10/site-packages/airflow/example_dags/example_task_group.py took 0.168 seconds
[2023-12-20T18:05:51.557+0600] {processor.py:161} INFO - Started process (PID=70090) to work on /home/robin/Documents/Tanjim/Miscellaneous Projects/airflow_docker/airflow_in_python_env/env/lib/python3.10/site-packages/airflow/example_dags/example_task_group.py
[2023-12-20T18:05:51.569+0600] {processor.py:830} INFO - Processing file /home/robin/Documents/Tanjim/Miscellaneous Projects/airflow_docker/airflow_in_python_env/env/lib/python3.10/site-packages/airflow/example_dags/example_task_group.py for tasks to queue
[2023-12-20T18:05:51.571+0600] {logging_mixin.py:188} INFO - [2023-12-20T18:05:51.570+0600] {dagbag.py:538} INFO - Filling up the DagBag from /home/robin/Documents/Tanjim/Miscellaneous Projects/airflow_docker/airflow_in_python_env/env/lib/python3.10/site-packages/airflow/example_dags/example_task_group.py
[2023-12-20T18:05:51.611+0600] {processor.py:840} INFO - DAG(s) 'example_task_group' retrieved from /home/robin/Documents/Tanjim/Miscellaneous Projects/airflow_docker/airflow_in_python_env/env/lib/python3.10/site-packages/airflow/example_dags/example_task_group.py
[2023-12-20T18:05:51.648+0600] {logging_mixin.py:188} INFO - [2023-12-20T18:05:51.648+0600] {dag.py:3033} INFO - Sync 1 DAGs
[2023-12-20T18:05:51.670+0600] {logging_mixin.py:188} INFO - [2023-12-20T18:05:51.670+0600] {dag.py:3820} INFO - Setting next_dagrun for example_task_group to 2023-12-19T00:00:00+00:00, run_after=2023-12-20T00:00:00+00:00
[2023-12-20T18:05:51.702+0600] {processor.py:183} INFO - Processing /home/robin/Documents/Tanjim/Miscellaneous Projects/airflow_docker/airflow_in_python_env/env/lib/python3.10/site-packages/airflow/example_dags/example_task_group.py took 0.155 seconds
[2023-12-20T18:10:09.979+0600] {processor.py:161} INFO - Started process (PID=70780) to work on /home/robin/Documents/Tanjim/Miscellaneous Projects/airflow_docker/airflow_in_python_env/env/lib/python3.10/site-packages/airflow/example_dags/example_task_group.py
[2023-12-20T18:10:09.989+0600] {processor.py:830} INFO - Processing file /home/robin/Documents/Tanjim/Miscellaneous Projects/airflow_docker/airflow_in_python_env/env/lib/python3.10/site-packages/airflow/example_dags/example_task_group.py for tasks to queue
[2023-12-20T18:10:09.990+0600] {logging_mixin.py:188} INFO - [2023-12-20T18:10:09.990+0600] {dagbag.py:538} INFO - Filling up the DagBag from /home/robin/Documents/Tanjim/Miscellaneous Projects/airflow_docker/airflow_in_python_env/env/lib/python3.10/site-packages/airflow/example_dags/example_task_group.py
[2023-12-20T18:10:10.011+0600] {processor.py:840} INFO - DAG(s) 'example_task_group' retrieved from /home/robin/Documents/Tanjim/Miscellaneous Projects/airflow_docker/airflow_in_python_env/env/lib/python3.10/site-packages/airflow/example_dags/example_task_group.py
[2023-12-20T18:10:10.038+0600] {logging_mixin.py:188} INFO - [2023-12-20T18:10:10.038+0600] {dag.py:3033} INFO - Sync 1 DAGs
[2023-12-20T18:10:10.066+0600] {logging_mixin.py:188} INFO - [2023-12-20T18:10:10.066+0600] {dag.py:3820} INFO - Setting next_dagrun for example_task_group to 2023-12-19T00:00:00+00:00, run_after=2023-12-20T00:00:00+00:00
[2023-12-20T18:10:10.102+0600] {processor.py:183} INFO - Processing /home/robin/Documents/Tanjim/Miscellaneous Projects/airflow_docker/airflow_in_python_env/env/lib/python3.10/site-packages/airflow/example_dags/example_task_group.py took 0.130 seconds
[2023-12-20T18:18:02.636+0600] {processor.py:161} INFO - Started process (PID=72002) to work on /home/robin/Documents/Tanjim/Miscellaneous Projects/airflow_docker/airflow_in_python_env/env/lib/python3.10/site-packages/airflow/example_dags/example_task_group.py
[2023-12-20T18:18:02.644+0600] {processor.py:830} INFO - Processing file /home/robin/Documents/Tanjim/Miscellaneous Projects/airflow_docker/airflow_in_python_env/env/lib/python3.10/site-packages/airflow/example_dags/example_task_group.py for tasks to queue
[2023-12-20T18:18:02.646+0600] {logging_mixin.py:188} INFO - [2023-12-20T18:18:02.646+0600] {dagbag.py:538} INFO - Filling up the DagBag from /home/robin/Documents/Tanjim/Miscellaneous Projects/airflow_docker/airflow_in_python_env/env/lib/python3.10/site-packages/airflow/example_dags/example_task_group.py
[2023-12-20T18:18:02.662+0600] {processor.py:840} INFO - DAG(s) 'example_task_group' retrieved from /home/robin/Documents/Tanjim/Miscellaneous Projects/airflow_docker/airflow_in_python_env/env/lib/python3.10/site-packages/airflow/example_dags/example_task_group.py
[2023-12-20T18:18:02.689+0600] {logging_mixin.py:188} INFO - [2023-12-20T18:18:02.689+0600] {dag.py:3033} INFO - Sync 1 DAGs
[2023-12-20T18:18:02.712+0600] {logging_mixin.py:188} INFO - [2023-12-20T18:18:02.711+0600] {dag.py:3820} INFO - Setting next_dagrun for example_task_group to 2023-12-19T00:00:00+00:00, run_after=2023-12-20T00:00:00+00:00
[2023-12-20T18:18:02.741+0600] {processor.py:183} INFO - Processing /home/robin/Documents/Tanjim/Miscellaneous Projects/airflow_docker/airflow_in_python_env/env/lib/python3.10/site-packages/airflow/example_dags/example_task_group.py took 0.110 seconds
[2023-12-20T18:18:57.812+0600] {processor.py:161} INFO - Started process (PID=72213) to work on /home/robin/Documents/Tanjim/Miscellaneous Projects/airflow_docker/airflow_in_python_env/env/lib/python3.10/site-packages/airflow/example_dags/example_task_group.py
[2023-12-20T18:18:57.823+0600] {processor.py:830} INFO - Processing file /home/robin/Documents/Tanjim/Miscellaneous Projects/airflow_docker/airflow_in_python_env/env/lib/python3.10/site-packages/airflow/example_dags/example_task_group.py for tasks to queue
[2023-12-20T18:18:57.826+0600] {logging_mixin.py:188} INFO - [2023-12-20T18:18:57.825+0600] {dagbag.py:538} INFO - Filling up the DagBag from /home/robin/Documents/Tanjim/Miscellaneous Projects/airflow_docker/airflow_in_python_env/env/lib/python3.10/site-packages/airflow/example_dags/example_task_group.py
[2023-12-20T18:18:57.858+0600] {processor.py:840} INFO - DAG(s) 'example_task_group' retrieved from /home/robin/Documents/Tanjim/Miscellaneous Projects/airflow_docker/airflow_in_python_env/env/lib/python3.10/site-packages/airflow/example_dags/example_task_group.py
[2023-12-20T18:18:57.888+0600] {logging_mixin.py:188} INFO - [2023-12-20T18:18:57.888+0600] {dag.py:3033} INFO - Sync 1 DAGs
[2023-12-20T18:18:57.910+0600] {logging_mixin.py:188} INFO - [2023-12-20T18:18:57.910+0600] {dag.py:3820} INFO - Setting next_dagrun for example_task_group to 2023-12-19T00:00:00+00:00, run_after=2023-12-20T00:00:00+00:00
[2023-12-20T18:18:57.944+0600] {processor.py:183} INFO - Processing /home/robin/Documents/Tanjim/Miscellaneous Projects/airflow_docker/airflow_in_python_env/env/lib/python3.10/site-packages/airflow/example_dags/example_task_group.py took 0.144 seconds
[2023-12-20T18:19:51.309+0600] {processor.py:161} INFO - Started process (PID=72350) to work on /home/robin/Documents/Tanjim/Miscellaneous Projects/airflow_docker/airflow_in_python_env/env/lib/python3.10/site-packages/airflow/example_dags/example_task_group.py
[2023-12-20T18:19:51.319+0600] {processor.py:830} INFO - Processing file /home/robin/Documents/Tanjim/Miscellaneous Projects/airflow_docker/airflow_in_python_env/env/lib/python3.10/site-packages/airflow/example_dags/example_task_group.py for tasks to queue
[2023-12-20T18:19:51.320+0600] {logging_mixin.py:188} INFO - [2023-12-20T18:19:51.319+0600] {dagbag.py:538} INFO - Filling up the DagBag from /home/robin/Documents/Tanjim/Miscellaneous Projects/airflow_docker/airflow_in_python_env/env/lib/python3.10/site-packages/airflow/example_dags/example_task_group.py
[2023-12-20T18:19:51.336+0600] {processor.py:840} INFO - DAG(s) 'example_task_group' retrieved from /home/robin/Documents/Tanjim/Miscellaneous Projects/airflow_docker/airflow_in_python_env/env/lib/python3.10/site-packages/airflow/example_dags/example_task_group.py
[2023-12-20T18:19:51.362+0600] {logging_mixin.py:188} INFO - [2023-12-20T18:19:51.362+0600] {dag.py:3033} INFO - Sync 1 DAGs
[2023-12-20T18:19:51.398+0600] {logging_mixin.py:188} INFO - [2023-12-20T18:19:51.398+0600] {dag.py:3820} INFO - Setting next_dagrun for example_task_group to 2023-12-19T00:00:00+00:00, run_after=2023-12-20T00:00:00+00:00
[2023-12-20T18:19:51.441+0600] {processor.py:183} INFO - Processing /home/robin/Documents/Tanjim/Miscellaneous Projects/airflow_docker/airflow_in_python_env/env/lib/python3.10/site-packages/airflow/example_dags/example_task_group.py took 0.137 seconds
[2023-12-20T18:20:40.633+0600] {processor.py:161} INFO - Started process (PID=72506) to work on /home/robin/Documents/Tanjim/Miscellaneous Projects/airflow_docker/airflow_in_python_env/env/lib/python3.10/site-packages/airflow/example_dags/example_task_group.py
[2023-12-20T18:20:40.641+0600] {processor.py:830} INFO - Processing file /home/robin/Documents/Tanjim/Miscellaneous Projects/airflow_docker/airflow_in_python_env/env/lib/python3.10/site-packages/airflow/example_dags/example_task_group.py for tasks to queue
[2023-12-20T18:20:40.642+0600] {logging_mixin.py:188} INFO - [2023-12-20T18:20:40.642+0600] {dagbag.py:538} INFO - Filling up the DagBag from /home/robin/Documents/Tanjim/Miscellaneous Projects/airflow_docker/airflow_in_python_env/env/lib/python3.10/site-packages/airflow/example_dags/example_task_group.py
[2023-12-20T18:20:40.651+0600] {processor.py:840} INFO - DAG(s) 'example_task_group' retrieved from /home/robin/Documents/Tanjim/Miscellaneous Projects/airflow_docker/airflow_in_python_env/env/lib/python3.10/site-packages/airflow/example_dags/example_task_group.py
[2023-12-20T18:20:40.671+0600] {logging_mixin.py:188} INFO - [2023-12-20T18:20:40.671+0600] {dag.py:3033} INFO - Sync 1 DAGs
[2023-12-20T18:20:40.691+0600] {logging_mixin.py:188} INFO - [2023-12-20T18:20:40.691+0600] {dag.py:3820} INFO - Setting next_dagrun for example_task_group to 2023-12-19T00:00:00+00:00, run_after=2023-12-20T00:00:00+00:00
[2023-12-20T18:20:40.716+0600] {processor.py:183} INFO - Processing /home/robin/Documents/Tanjim/Miscellaneous Projects/airflow_docker/airflow_in_python_env/env/lib/python3.10/site-packages/airflow/example_dags/example_task_group.py took 0.087 seconds
[2023-12-20T18:21:59.832+0600] {processor.py:161} INFO - Started process (PID=72829) to work on /home/robin/Documents/Tanjim/Miscellaneous Projects/airflow_docker/airflow_in_python_env/env/lib/python3.10/site-packages/airflow/example_dags/example_task_group.py
[2023-12-20T18:21:59.841+0600] {processor.py:830} INFO - Processing file /home/robin/Documents/Tanjim/Miscellaneous Projects/airflow_docker/airflow_in_python_env/env/lib/python3.10/site-packages/airflow/example_dags/example_task_group.py for tasks to queue
[2023-12-20T18:21:59.845+0600] {logging_mixin.py:188} INFO - [2023-12-20T18:21:59.844+0600] {dagbag.py:538} INFO - Filling up the DagBag from /home/robin/Documents/Tanjim/Miscellaneous Projects/airflow_docker/airflow_in_python_env/env/lib/python3.10/site-packages/airflow/example_dags/example_task_group.py
[2023-12-20T18:21:59.868+0600] {processor.py:840} INFO - DAG(s) 'example_task_group' retrieved from /home/robin/Documents/Tanjim/Miscellaneous Projects/airflow_docker/airflow_in_python_env/env/lib/python3.10/site-packages/airflow/example_dags/example_task_group.py
[2023-12-20T18:21:59.893+0600] {logging_mixin.py:188} INFO - [2023-12-20T18:21:59.892+0600] {dag.py:3033} INFO - Sync 1 DAGs
[2023-12-20T18:21:59.915+0600] {logging_mixin.py:188} INFO - [2023-12-20T18:21:59.914+0600] {dag.py:3820} INFO - Setting next_dagrun for example_task_group to 2023-12-19T00:00:00+00:00, run_after=2023-12-20T00:00:00+00:00
[2023-12-20T18:21:59.945+0600] {processor.py:183} INFO - Processing /home/robin/Documents/Tanjim/Miscellaneous Projects/airflow_docker/airflow_in_python_env/env/lib/python3.10/site-packages/airflow/example_dags/example_task_group.py took 0.116 seconds
[2023-12-20T18:23:51.943+0600] {processor.py:161} INFO - Started process (PID=73375) to work on /home/robin/Documents/Tanjim/Miscellaneous Projects/airflow_docker/airflow_in_python_env/env/lib/python3.10/site-packages/airflow/example_dags/example_task_group.py
[2023-12-20T18:23:51.952+0600] {processor.py:830} INFO - Processing file /home/robin/Documents/Tanjim/Miscellaneous Projects/airflow_docker/airflow_in_python_env/env/lib/python3.10/site-packages/airflow/example_dags/example_task_group.py for tasks to queue
[2023-12-20T18:23:51.954+0600] {logging_mixin.py:188} INFO - [2023-12-20T18:23:51.953+0600] {dagbag.py:538} INFO - Filling up the DagBag from /home/robin/Documents/Tanjim/Miscellaneous Projects/airflow_docker/airflow_in_python_env/env/lib/python3.10/site-packages/airflow/example_dags/example_task_group.py
[2023-12-20T18:23:51.968+0600] {processor.py:840} INFO - DAG(s) 'example_task_group' retrieved from /home/robin/Documents/Tanjim/Miscellaneous Projects/airflow_docker/airflow_in_python_env/env/lib/python3.10/site-packages/airflow/example_dags/example_task_group.py
[2023-12-20T18:23:51.995+0600] {logging_mixin.py:188} INFO - [2023-12-20T18:23:51.995+0600] {dag.py:3033} INFO - Sync 1 DAGs
[2023-12-20T18:23:52.017+0600] {logging_mixin.py:188} INFO - [2023-12-20T18:23:52.017+0600] {dag.py:3820} INFO - Setting next_dagrun for example_task_group to 2023-12-19T00:00:00+00:00, run_after=2023-12-20T00:00:00+00:00
[2023-12-20T18:23:52.053+0600] {processor.py:183} INFO - Processing /home/robin/Documents/Tanjim/Miscellaneous Projects/airflow_docker/airflow_in_python_env/env/lib/python3.10/site-packages/airflow/example_dags/example_task_group.py took 0.114 seconds
[2023-12-20T18:26:55.350+0600] {processor.py:161} INFO - Started process (PID=74161) to work on /home/robin/Documents/Tanjim/Miscellaneous Projects/airflow_docker/airflow_in_python_env/env/lib/python3.10/site-packages/airflow/example_dags/example_task_group.py
[2023-12-20T18:26:55.359+0600] {processor.py:830} INFO - Processing file /home/robin/Documents/Tanjim/Miscellaneous Projects/airflow_docker/airflow_in_python_env/env/lib/python3.10/site-packages/airflow/example_dags/example_task_group.py for tasks to queue
[2023-12-20T18:26:55.360+0600] {logging_mixin.py:188} INFO - [2023-12-20T18:26:55.360+0600] {dagbag.py:538} INFO - Filling up the DagBag from /home/robin/Documents/Tanjim/Miscellaneous Projects/airflow_docker/airflow_in_python_env/env/lib/python3.10/site-packages/airflow/example_dags/example_task_group.py
[2023-12-20T18:26:55.374+0600] {processor.py:840} INFO - DAG(s) 'example_task_group' retrieved from /home/robin/Documents/Tanjim/Miscellaneous Projects/airflow_docker/airflow_in_python_env/env/lib/python3.10/site-packages/airflow/example_dags/example_task_group.py
[2023-12-20T18:26:55.397+0600] {logging_mixin.py:188} INFO - [2023-12-20T18:26:55.397+0600] {dag.py:3033} INFO - Sync 1 DAGs
[2023-12-20T18:26:55.418+0600] {logging_mixin.py:188} INFO - [2023-12-20T18:26:55.418+0600] {dag.py:3820} INFO - Setting next_dagrun for example_task_group to 2023-12-19T00:00:00+00:00, run_after=2023-12-20T00:00:00+00:00
[2023-12-20T18:26:55.460+0600] {processor.py:183} INFO - Processing /home/robin/Documents/Tanjim/Miscellaneous Projects/airflow_docker/airflow_in_python_env/env/lib/python3.10/site-packages/airflow/example_dags/example_task_group.py took 0.115 seconds
[2023-12-20T18:28:31.338+0600] {processor.py:161} INFO - Started process (PID=74688) to work on /home/robin/Documents/Tanjim/Miscellaneous Projects/airflow_docker/airflow_in_python_env/env/lib/python3.10/site-packages/airflow/example_dags/example_task_group.py
[2023-12-20T18:28:31.348+0600] {processor.py:830} INFO - Processing file /home/robin/Documents/Tanjim/Miscellaneous Projects/airflow_docker/airflow_in_python_env/env/lib/python3.10/site-packages/airflow/example_dags/example_task_group.py for tasks to queue
[2023-12-20T18:28:31.351+0600] {logging_mixin.py:188} INFO - [2023-12-20T18:28:31.350+0600] {dagbag.py:538} INFO - Filling up the DagBag from /home/robin/Documents/Tanjim/Miscellaneous Projects/airflow_docker/airflow_in_python_env/env/lib/python3.10/site-packages/airflow/example_dags/example_task_group.py
[2023-12-20T18:28:31.382+0600] {processor.py:840} INFO - DAG(s) 'example_task_group' retrieved from /home/robin/Documents/Tanjim/Miscellaneous Projects/airflow_docker/airflow_in_python_env/env/lib/python3.10/site-packages/airflow/example_dags/example_task_group.py
[2023-12-20T18:28:31.412+0600] {logging_mixin.py:188} INFO - [2023-12-20T18:28:31.411+0600] {dag.py:3033} INFO - Sync 1 DAGs
[2023-12-20T18:28:31.435+0600] {logging_mixin.py:188} INFO - [2023-12-20T18:28:31.434+0600] {dag.py:3820} INFO - Setting next_dagrun for example_task_group to 2023-12-19T00:00:00+00:00, run_after=2023-12-20T00:00:00+00:00
[2023-12-20T18:28:31.479+0600] {processor.py:183} INFO - Processing /home/robin/Documents/Tanjim/Miscellaneous Projects/airflow_docker/airflow_in_python_env/env/lib/python3.10/site-packages/airflow/example_dags/example_task_group.py took 0.151 seconds
[2023-12-20T18:29:51.638+0600] {processor.py:161} INFO - Started process (PID=75549) to work on /home/robin/Documents/Tanjim/Miscellaneous Projects/airflow_docker/airflow_in_python_env/env/lib/python3.10/site-packages/airflow/example_dags/example_task_group.py
[2023-12-20T18:29:51.650+0600] {processor.py:830} INFO - Processing file /home/robin/Documents/Tanjim/Miscellaneous Projects/airflow_docker/airflow_in_python_env/env/lib/python3.10/site-packages/airflow/example_dags/example_task_group.py for tasks to queue
[2023-12-20T18:29:51.655+0600] {logging_mixin.py:188} INFO - [2023-12-20T18:29:51.653+0600] {dagbag.py:538} INFO - Filling up the DagBag from /home/robin/Documents/Tanjim/Miscellaneous Projects/airflow_docker/airflow_in_python_env/env/lib/python3.10/site-packages/airflow/example_dags/example_task_group.py
[2023-12-20T18:29:51.701+0600] {processor.py:840} INFO - DAG(s) 'example_task_group' retrieved from /home/robin/Documents/Tanjim/Miscellaneous Projects/airflow_docker/airflow_in_python_env/env/lib/python3.10/site-packages/airflow/example_dags/example_task_group.py
[2023-12-20T18:29:51.730+0600] {logging_mixin.py:188} INFO - [2023-12-20T18:29:51.729+0600] {dag.py:3033} INFO - Sync 1 DAGs
[2023-12-20T18:29:51.754+0600] {logging_mixin.py:188} INFO - [2023-12-20T18:29:51.753+0600] {dag.py:3820} INFO - Setting next_dagrun for example_task_group to 2023-12-19T00:00:00+00:00, run_after=2023-12-20T00:00:00+00:00
[2023-12-20T18:29:51.784+0600] {processor.py:183} INFO - Processing /home/robin/Documents/Tanjim/Miscellaneous Projects/airflow_docker/airflow_in_python_env/env/lib/python3.10/site-packages/airflow/example_dags/example_task_group.py took 0.167 seconds
