[2023-12-20T17:58:20.728+0600] {processor.py:161} INFO - Started process (PID=67084) to work on /home/robin/Documents/Tanjim/Miscellaneous Projects/airflow_docker/airflow_in_python_env/env/lib/python3.10/site-packages/airflow/example_dags/example_short_circuit_operator.py
[2023-12-20T17:58:20.729+0600] {processor.py:830} INFO - Processing file /home/robin/Documents/Tanjim/Miscellaneous Projects/airflow_docker/airflow_in_python_env/env/lib/python3.10/site-packages/airflow/example_dags/example_short_circuit_operator.py for tasks to queue
[2023-12-20T17:58:20.731+0600] {logging_mixin.py:188} INFO - [2023-12-20T17:58:20.730+0600] {dagbag.py:538} INFO - Filling up the DagBag from /home/robin/Documents/Tanjim/Miscellaneous Projects/airflow_docker/airflow_in_python_env/env/lib/python3.10/site-packages/airflow/example_dags/example_short_circuit_operator.py
[2023-12-20T17:58:20.747+0600] {processor.py:840} INFO - DAG(s) 'example_short_circuit_operator' retrieved from /home/robin/Documents/Tanjim/Miscellaneous Projects/airflow_docker/airflow_in_python_env/env/lib/python3.10/site-packages/airflow/example_dags/example_short_circuit_operator.py
[2023-12-20T17:58:20.878+0600] {logging_mixin.py:188} INFO - [2023-12-20T17:58:20.878+0600] {dag.py:3033} INFO - Sync 1 DAGs
[2023-12-20T17:58:20.900+0600] {logging_mixin.py:188} INFO - [2023-12-20T17:58:20.900+0600] {dag.py:3820} INFO - Setting next_dagrun for example_short_circuit_operator to 2023-12-19T00:00:00+00:00, run_after=2023-12-20T00:00:00+00:00
[2023-12-20T17:58:20.936+0600] {processor.py:183} INFO - Processing /home/robin/Documents/Tanjim/Miscellaneous Projects/airflow_docker/airflow_in_python_env/env/lib/python3.10/site-packages/airflow/example_dags/example_short_circuit_operator.py took 0.214 seconds
[2023-12-20T17:59:17.881+0600] {processor.py:161} INFO - Started process (PID=67289) to work on /home/robin/Documents/Tanjim/Miscellaneous Projects/airflow_docker/airflow_in_python_env/env/lib/python3.10/site-packages/airflow/example_dags/example_short_circuit_operator.py
[2023-12-20T17:59:17.890+0600] {processor.py:830} INFO - Processing file /home/robin/Documents/Tanjim/Miscellaneous Projects/airflow_docker/airflow_in_python_env/env/lib/python3.10/site-packages/airflow/example_dags/example_short_circuit_operator.py for tasks to queue
[2023-12-20T17:59:17.893+0600] {logging_mixin.py:188} INFO - [2023-12-20T17:59:17.892+0600] {dagbag.py:538} INFO - Filling up the DagBag from /home/robin/Documents/Tanjim/Miscellaneous Projects/airflow_docker/airflow_in_python_env/env/lib/python3.10/site-packages/airflow/example_dags/example_short_circuit_operator.py
[2023-12-20T17:59:17.925+0600] {processor.py:840} INFO - DAG(s) 'example_short_circuit_operator' retrieved from /home/robin/Documents/Tanjim/Miscellaneous Projects/airflow_docker/airflow_in_python_env/env/lib/python3.10/site-packages/airflow/example_dags/example_short_circuit_operator.py
[2023-12-20T17:59:17.958+0600] {logging_mixin.py:188} INFO - [2023-12-20T17:59:17.958+0600] {dag.py:3033} INFO - Sync 1 DAGs
[2023-12-20T17:59:17.993+0600] {logging_mixin.py:188} INFO - [2023-12-20T17:59:17.993+0600] {dag.py:3820} INFO - Setting next_dagrun for example_short_circuit_operator to 2023-12-19T00:00:00+00:00, run_after=2023-12-20T00:00:00+00:00
[2023-12-20T17:59:18.032+0600] {processor.py:183} INFO - Processing /home/robin/Documents/Tanjim/Miscellaneous Projects/airflow_docker/airflow_in_python_env/env/lib/python3.10/site-packages/airflow/example_dags/example_short_circuit_operator.py took 0.156 seconds
[2023-12-20T18:00:08.166+0600] {processor.py:161} INFO - Started process (PID=67465) to work on /home/robin/Documents/Tanjim/Miscellaneous Projects/airflow_docker/airflow_in_python_env/env/lib/python3.10/site-packages/airflow/example_dags/example_short_circuit_operator.py
[2023-12-20T18:00:08.174+0600] {processor.py:830} INFO - Processing file /home/robin/Documents/Tanjim/Miscellaneous Projects/airflow_docker/airflow_in_python_env/env/lib/python3.10/site-packages/airflow/example_dags/example_short_circuit_operator.py for tasks to queue
[2023-12-20T18:00:08.176+0600] {logging_mixin.py:188} INFO - [2023-12-20T18:00:08.175+0600] {dagbag.py:538} INFO - Filling up the DagBag from /home/robin/Documents/Tanjim/Miscellaneous Projects/airflow_docker/airflow_in_python_env/env/lib/python3.10/site-packages/airflow/example_dags/example_short_circuit_operator.py
[2023-12-20T18:00:08.192+0600] {processor.py:840} INFO - DAG(s) 'example_short_circuit_operator' retrieved from /home/robin/Documents/Tanjim/Miscellaneous Projects/airflow_docker/airflow_in_python_env/env/lib/python3.10/site-packages/airflow/example_dags/example_short_circuit_operator.py
[2023-12-20T18:00:08.220+0600] {logging_mixin.py:188} INFO - [2023-12-20T18:00:08.220+0600] {dag.py:3033} INFO - Sync 1 DAGs
[2023-12-20T18:00:08.249+0600] {logging_mixin.py:188} INFO - [2023-12-20T18:00:08.249+0600] {dag.py:3820} INFO - Setting next_dagrun for example_short_circuit_operator to 2023-12-19T00:00:00+00:00, run_after=2023-12-20T00:00:00+00:00
[2023-12-20T18:00:08.342+0600] {processor.py:183} INFO - Processing /home/robin/Documents/Tanjim/Miscellaneous Projects/airflow_docker/airflow_in_python_env/env/lib/python3.10/site-packages/airflow/example_dags/example_short_circuit_operator.py took 0.182 seconds
[2023-12-20T18:01:00.302+0600] {processor.py:161} INFO - Started process (PID=67761) to work on /home/robin/Documents/Tanjim/Miscellaneous Projects/airflow_docker/airflow_in_python_env/env/lib/python3.10/site-packages/airflow/example_dags/example_short_circuit_operator.py
[2023-12-20T18:01:00.313+0600] {processor.py:830} INFO - Processing file /home/robin/Documents/Tanjim/Miscellaneous Projects/airflow_docker/airflow_in_python_env/env/lib/python3.10/site-packages/airflow/example_dags/example_short_circuit_operator.py for tasks to queue
[2023-12-20T18:01:00.315+0600] {logging_mixin.py:188} INFO - [2023-12-20T18:01:00.314+0600] {dagbag.py:538} INFO - Filling up the DagBag from /home/robin/Documents/Tanjim/Miscellaneous Projects/airflow_docker/airflow_in_python_env/env/lib/python3.10/site-packages/airflow/example_dags/example_short_circuit_operator.py
[2023-12-20T18:01:00.339+0600] {processor.py:840} INFO - DAG(s) 'example_short_circuit_operator' retrieved from /home/robin/Documents/Tanjim/Miscellaneous Projects/airflow_docker/airflow_in_python_env/env/lib/python3.10/site-packages/airflow/example_dags/example_short_circuit_operator.py
[2023-12-20T18:01:00.374+0600] {logging_mixin.py:188} INFO - [2023-12-20T18:01:00.374+0600] {dag.py:3033} INFO - Sync 1 DAGs
[2023-12-20T18:01:00.402+0600] {logging_mixin.py:188} INFO - [2023-12-20T18:01:00.402+0600] {dag.py:3820} INFO - Setting next_dagrun for example_short_circuit_operator to 2023-12-19T00:00:00+00:00, run_after=2023-12-20T00:00:00+00:00
[2023-12-20T18:01:00.434+0600] {processor.py:183} INFO - Processing /home/robin/Documents/Tanjim/Miscellaneous Projects/airflow_docker/airflow_in_python_env/env/lib/python3.10/site-packages/airflow/example_dags/example_short_circuit_operator.py took 0.144 seconds
[2023-12-20T18:02:15.726+0600] {processor.py:161} INFO - Started process (PID=68641) to work on /home/robin/Documents/Tanjim/Miscellaneous Projects/airflow_docker/airflow_in_python_env/env/lib/python3.10/site-packages/airflow/example_dags/example_short_circuit_operator.py
[2023-12-20T18:02:15.736+0600] {processor.py:830} INFO - Processing file /home/robin/Documents/Tanjim/Miscellaneous Projects/airflow_docker/airflow_in_python_env/env/lib/python3.10/site-packages/airflow/example_dags/example_short_circuit_operator.py for tasks to queue
[2023-12-20T18:02:15.742+0600] {logging_mixin.py:188} INFO - [2023-12-20T18:02:15.740+0600] {dagbag.py:538} INFO - Filling up the DagBag from /home/robin/Documents/Tanjim/Miscellaneous Projects/airflow_docker/airflow_in_python_env/env/lib/python3.10/site-packages/airflow/example_dags/example_short_circuit_operator.py
[2023-12-20T18:02:15.777+0600] {processor.py:840} INFO - DAG(s) 'example_short_circuit_operator' retrieved from /home/robin/Documents/Tanjim/Miscellaneous Projects/airflow_docker/airflow_in_python_env/env/lib/python3.10/site-packages/airflow/example_dags/example_short_circuit_operator.py
[2023-12-20T18:02:15.817+0600] {logging_mixin.py:188} INFO - [2023-12-20T18:02:15.817+0600] {dag.py:3033} INFO - Sync 1 DAGs
[2023-12-20T18:02:15.848+0600] {logging_mixin.py:188} INFO - [2023-12-20T18:02:15.848+0600] {dag.py:3820} INFO - Setting next_dagrun for example_short_circuit_operator to 2023-12-19T00:00:00+00:00, run_after=2023-12-20T00:00:00+00:00
[2023-12-20T18:02:15.887+0600] {processor.py:183} INFO - Processing /home/robin/Documents/Tanjim/Miscellaneous Projects/airflow_docker/airflow_in_python_env/env/lib/python3.10/site-packages/airflow/example_dags/example_short_circuit_operator.py took 0.175 seconds
[2023-12-20T18:03:17.870+0600] {processor.py:161} INFO - Started process (PID=69216) to work on /home/robin/Documents/Tanjim/Miscellaneous Projects/airflow_docker/airflow_in_python_env/env/lib/python3.10/site-packages/airflow/example_dags/example_short_circuit_operator.py
[2023-12-20T18:03:17.881+0600] {processor.py:830} INFO - Processing file /home/robin/Documents/Tanjim/Miscellaneous Projects/airflow_docker/airflow_in_python_env/env/lib/python3.10/site-packages/airflow/example_dags/example_short_circuit_operator.py for tasks to queue
[2023-12-20T18:03:17.884+0600] {logging_mixin.py:188} INFO - [2023-12-20T18:03:17.883+0600] {dagbag.py:538} INFO - Filling up the DagBag from /home/robin/Documents/Tanjim/Miscellaneous Projects/airflow_docker/airflow_in_python_env/env/lib/python3.10/site-packages/airflow/example_dags/example_short_circuit_operator.py
[2023-12-20T18:03:17.915+0600] {processor.py:840} INFO - DAG(s) 'example_short_circuit_operator' retrieved from /home/robin/Documents/Tanjim/Miscellaneous Projects/airflow_docker/airflow_in_python_env/env/lib/python3.10/site-packages/airflow/example_dags/example_short_circuit_operator.py
[2023-12-20T18:03:17.947+0600] {logging_mixin.py:188} INFO - [2023-12-20T18:03:17.946+0600] {dag.py:3033} INFO - Sync 1 DAGs
[2023-12-20T18:03:17.972+0600] {logging_mixin.py:188} INFO - [2023-12-20T18:03:17.971+0600] {dag.py:3820} INFO - Setting next_dagrun for example_short_circuit_operator to 2023-12-19T00:00:00+00:00, run_after=2023-12-20T00:00:00+00:00
[2023-12-20T18:03:18.000+0600] {processor.py:183} INFO - Processing /home/robin/Documents/Tanjim/Miscellaneous Projects/airflow_docker/airflow_in_python_env/env/lib/python3.10/site-packages/airflow/example_dags/example_short_circuit_operator.py took 0.141 seconds
[2023-12-20T18:04:13.030+0600] {processor.py:161} INFO - Started process (PID=69409) to work on /home/robin/Documents/Tanjim/Miscellaneous Projects/airflow_docker/airflow_in_python_env/env/lib/python3.10/site-packages/airflow/example_dags/example_short_circuit_operator.py
[2023-12-20T18:04:13.035+0600] {processor.py:830} INFO - Processing file /home/robin/Documents/Tanjim/Miscellaneous Projects/airflow_docker/airflow_in_python_env/env/lib/python3.10/site-packages/airflow/example_dags/example_short_circuit_operator.py for tasks to queue
[2023-12-20T18:04:13.039+0600] {logging_mixin.py:188} INFO - [2023-12-20T18:04:13.037+0600] {dagbag.py:538} INFO - Filling up the DagBag from /home/robin/Documents/Tanjim/Miscellaneous Projects/airflow_docker/airflow_in_python_env/env/lib/python3.10/site-packages/airflow/example_dags/example_short_circuit_operator.py
[2023-12-20T18:04:13.081+0600] {processor.py:840} INFO - DAG(s) 'example_short_circuit_operator' retrieved from /home/robin/Documents/Tanjim/Miscellaneous Projects/airflow_docker/airflow_in_python_env/env/lib/python3.10/site-packages/airflow/example_dags/example_short_circuit_operator.py
[2023-12-20T18:04:13.121+0600] {logging_mixin.py:188} INFO - [2023-12-20T18:04:13.121+0600] {dag.py:3033} INFO - Sync 1 DAGs
[2023-12-20T18:04:13.145+0600] {logging_mixin.py:188} INFO - [2023-12-20T18:04:13.145+0600] {dag.py:3820} INFO - Setting next_dagrun for example_short_circuit_operator to 2023-12-19T00:00:00+00:00, run_after=2023-12-20T00:00:00+00:00
[2023-12-20T18:04:13.177+0600] {processor.py:183} INFO - Processing /home/robin/Documents/Tanjim/Miscellaneous Projects/airflow_docker/airflow_in_python_env/env/lib/python3.10/site-packages/airflow/example_dags/example_short_circuit_operator.py took 0.160 seconds
[2023-12-20T18:06:07.199+0600] {processor.py:161} INFO - Started process (PID=70173) to work on /home/robin/Documents/Tanjim/Miscellaneous Projects/airflow_docker/airflow_in_python_env/env/lib/python3.10/site-packages/airflow/example_dags/example_short_circuit_operator.py
[2023-12-20T18:06:07.208+0600] {processor.py:830} INFO - Processing file /home/robin/Documents/Tanjim/Miscellaneous Projects/airflow_docker/airflow_in_python_env/env/lib/python3.10/site-packages/airflow/example_dags/example_short_circuit_operator.py for tasks to queue
[2023-12-20T18:06:07.210+0600] {logging_mixin.py:188} INFO - [2023-12-20T18:06:07.209+0600] {dagbag.py:538} INFO - Filling up the DagBag from /home/robin/Documents/Tanjim/Miscellaneous Projects/airflow_docker/airflow_in_python_env/env/lib/python3.10/site-packages/airflow/example_dags/example_short_circuit_operator.py
[2023-12-20T18:06:07.230+0600] {processor.py:840} INFO - DAG(s) 'example_short_circuit_operator' retrieved from /home/robin/Documents/Tanjim/Miscellaneous Projects/airflow_docker/airflow_in_python_env/env/lib/python3.10/site-packages/airflow/example_dags/example_short_circuit_operator.py
[2023-12-20T18:06:07.252+0600] {logging_mixin.py:188} INFO - [2023-12-20T18:06:07.252+0600] {dag.py:3033} INFO - Sync 1 DAGs
[2023-12-20T18:06:07.277+0600] {logging_mixin.py:188} INFO - [2023-12-20T18:06:07.277+0600] {dag.py:3820} INFO - Setting next_dagrun for example_short_circuit_operator to 2023-12-19T00:00:00+00:00, run_after=2023-12-20T00:00:00+00:00
[2023-12-20T18:06:07.337+0600] {processor.py:183} INFO - Processing /home/robin/Documents/Tanjim/Miscellaneous Projects/airflow_docker/airflow_in_python_env/env/lib/python3.10/site-packages/airflow/example_dags/example_short_circuit_operator.py took 0.143 seconds
[2023-12-20T18:18:19.417+0600] {processor.py:161} INFO - Started process (PID=72078) to work on /home/robin/Documents/Tanjim/Miscellaneous Projects/airflow_docker/airflow_in_python_env/env/lib/python3.10/site-packages/airflow/example_dags/example_short_circuit_operator.py
[2023-12-20T18:18:19.427+0600] {processor.py:830} INFO - Processing file /home/robin/Documents/Tanjim/Miscellaneous Projects/airflow_docker/airflow_in_python_env/env/lib/python3.10/site-packages/airflow/example_dags/example_short_circuit_operator.py for tasks to queue
[2023-12-20T18:18:19.428+0600] {logging_mixin.py:188} INFO - [2023-12-20T18:18:19.428+0600] {dagbag.py:538} INFO - Filling up the DagBag from /home/robin/Documents/Tanjim/Miscellaneous Projects/airflow_docker/airflow_in_python_env/env/lib/python3.10/site-packages/airflow/example_dags/example_short_circuit_operator.py
[2023-12-20T18:18:19.445+0600] {processor.py:840} INFO - DAG(s) 'example_short_circuit_operator' retrieved from /home/robin/Documents/Tanjim/Miscellaneous Projects/airflow_docker/airflow_in_python_env/env/lib/python3.10/site-packages/airflow/example_dags/example_short_circuit_operator.py
[2023-12-20T18:18:19.468+0600] {logging_mixin.py:188} INFO - [2023-12-20T18:18:19.468+0600] {dag.py:3033} INFO - Sync 1 DAGs
[2023-12-20T18:18:19.488+0600] {logging_mixin.py:188} INFO - [2023-12-20T18:18:19.488+0600] {dag.py:3820} INFO - Setting next_dagrun for example_short_circuit_operator to 2023-12-19T00:00:00+00:00, run_after=2023-12-20T00:00:00+00:00
[2023-12-20T18:18:19.518+0600] {processor.py:183} INFO - Processing /home/robin/Documents/Tanjim/Miscellaneous Projects/airflow_docker/airflow_in_python_env/env/lib/python3.10/site-packages/airflow/example_dags/example_short_circuit_operator.py took 0.107 seconds
[2023-12-20T18:19:14.179+0600] {processor.py:161} INFO - Started process (PID=72262) to work on /home/robin/Documents/Tanjim/Miscellaneous Projects/airflow_docker/airflow_in_python_env/env/lib/python3.10/site-packages/airflow/example_dags/example_short_circuit_operator.py
[2023-12-20T18:19:14.188+0600] {processor.py:830} INFO - Processing file /home/robin/Documents/Tanjim/Miscellaneous Projects/airflow_docker/airflow_in_python_env/env/lib/python3.10/site-packages/airflow/example_dags/example_short_circuit_operator.py for tasks to queue
[2023-12-20T18:19:14.190+0600] {logging_mixin.py:188} INFO - [2023-12-20T18:19:14.189+0600] {dagbag.py:538} INFO - Filling up the DagBag from /home/robin/Documents/Tanjim/Miscellaneous Projects/airflow_docker/airflow_in_python_env/env/lib/python3.10/site-packages/airflow/example_dags/example_short_circuit_operator.py
[2023-12-20T18:19:14.203+0600] {processor.py:840} INFO - DAG(s) 'example_short_circuit_operator' retrieved from /home/robin/Documents/Tanjim/Miscellaneous Projects/airflow_docker/airflow_in_python_env/env/lib/python3.10/site-packages/airflow/example_dags/example_short_circuit_operator.py
[2023-12-20T18:19:14.233+0600] {logging_mixin.py:188} INFO - [2023-12-20T18:19:14.232+0600] {dag.py:3033} INFO - Sync 1 DAGs
[2023-12-20T18:19:14.265+0600] {logging_mixin.py:188} INFO - [2023-12-20T18:19:14.265+0600] {dag.py:3820} INFO - Setting next_dagrun for example_short_circuit_operator to 2023-12-19T00:00:00+00:00, run_after=2023-12-20T00:00:00+00:00
[2023-12-20T18:19:14.306+0600] {processor.py:183} INFO - Processing /home/robin/Documents/Tanjim/Miscellaneous Projects/airflow_docker/airflow_in_python_env/env/lib/python3.10/site-packages/airflow/example_dags/example_short_circuit_operator.py took 0.132 seconds
[2023-12-20T18:20:05.384+0600] {processor.py:161} INFO - Started process (PID=72380) to work on /home/robin/Documents/Tanjim/Miscellaneous Projects/airflow_docker/airflow_in_python_env/env/lib/python3.10/site-packages/airflow/example_dags/example_short_circuit_operator.py
[2023-12-20T18:20:05.393+0600] {processor.py:830} INFO - Processing file /home/robin/Documents/Tanjim/Miscellaneous Projects/airflow_docker/airflow_in_python_env/env/lib/python3.10/site-packages/airflow/example_dags/example_short_circuit_operator.py for tasks to queue
[2023-12-20T18:20:05.395+0600] {logging_mixin.py:188} INFO - [2023-12-20T18:20:05.394+0600] {dagbag.py:538} INFO - Filling up the DagBag from /home/robin/Documents/Tanjim/Miscellaneous Projects/airflow_docker/airflow_in_python_env/env/lib/python3.10/site-packages/airflow/example_dags/example_short_circuit_operator.py
[2023-12-20T18:20:05.412+0600] {processor.py:840} INFO - DAG(s) 'example_short_circuit_operator' retrieved from /home/robin/Documents/Tanjim/Miscellaneous Projects/airflow_docker/airflow_in_python_env/env/lib/python3.10/site-packages/airflow/example_dags/example_short_circuit_operator.py
[2023-12-20T18:20:05.437+0600] {logging_mixin.py:188} INFO - [2023-12-20T18:20:05.436+0600] {dag.py:3033} INFO - Sync 1 DAGs
[2023-12-20T18:20:05.461+0600] {logging_mixin.py:188} INFO - [2023-12-20T18:20:05.461+0600] {dag.py:3820} INFO - Setting next_dagrun for example_short_circuit_operator to 2023-12-19T00:00:00+00:00, run_after=2023-12-20T00:00:00+00:00
[2023-12-20T18:20:05.496+0600] {processor.py:183} INFO - Processing /home/robin/Documents/Tanjim/Miscellaneous Projects/airflow_docker/airflow_in_python_env/env/lib/python3.10/site-packages/airflow/example_dags/example_short_circuit_operator.py took 0.120 seconds
[2023-12-20T18:20:55.098+0600] {processor.py:161} INFO - Started process (PID=72565) to work on /home/robin/Documents/Tanjim/Miscellaneous Projects/airflow_docker/airflow_in_python_env/env/lib/python3.10/site-packages/airflow/example_dags/example_short_circuit_operator.py
[2023-12-20T18:20:55.106+0600] {processor.py:830} INFO - Processing file /home/robin/Documents/Tanjim/Miscellaneous Projects/airflow_docker/airflow_in_python_env/env/lib/python3.10/site-packages/airflow/example_dags/example_short_circuit_operator.py for tasks to queue
[2023-12-20T18:20:55.107+0600] {logging_mixin.py:188} INFO - [2023-12-20T18:20:55.107+0600] {dagbag.py:538} INFO - Filling up the DagBag from /home/robin/Documents/Tanjim/Miscellaneous Projects/airflow_docker/airflow_in_python_env/env/lib/python3.10/site-packages/airflow/example_dags/example_short_circuit_operator.py
[2023-12-20T18:20:55.116+0600] {processor.py:840} INFO - DAG(s) 'example_short_circuit_operator' retrieved from /home/robin/Documents/Tanjim/Miscellaneous Projects/airflow_docker/airflow_in_python_env/env/lib/python3.10/site-packages/airflow/example_dags/example_short_circuit_operator.py
[2023-12-20T18:20:55.137+0600] {logging_mixin.py:188} INFO - [2023-12-20T18:20:55.137+0600] {dag.py:3033} INFO - Sync 1 DAGs
[2023-12-20T18:20:55.157+0600] {logging_mixin.py:188} INFO - [2023-12-20T18:20:55.156+0600] {dag.py:3820} INFO - Setting next_dagrun for example_short_circuit_operator to 2023-12-19T00:00:00+00:00, run_after=2023-12-20T00:00:00+00:00
[2023-12-20T18:20:55.178+0600] {processor.py:183} INFO - Processing /home/robin/Documents/Tanjim/Miscellaneous Projects/airflow_docker/airflow_in_python_env/env/lib/python3.10/site-packages/airflow/example_dags/example_short_circuit_operator.py took 0.084 seconds
[2023-12-20T18:22:15.296+0600] {processor.py:161} INFO - Started process (PID=72970) to work on /home/robin/Documents/Tanjim/Miscellaneous Projects/airflow_docker/airflow_in_python_env/env/lib/python3.10/site-packages/airflow/example_dags/example_short_circuit_operator.py
[2023-12-20T18:22:15.307+0600] {processor.py:830} INFO - Processing file /home/robin/Documents/Tanjim/Miscellaneous Projects/airflow_docker/airflow_in_python_env/env/lib/python3.10/site-packages/airflow/example_dags/example_short_circuit_operator.py for tasks to queue
[2023-12-20T18:22:15.311+0600] {logging_mixin.py:188} INFO - [2023-12-20T18:22:15.309+0600] {dagbag.py:538} INFO - Filling up the DagBag from /home/robin/Documents/Tanjim/Miscellaneous Projects/airflow_docker/airflow_in_python_env/env/lib/python3.10/site-packages/airflow/example_dags/example_short_circuit_operator.py
[2023-12-20T18:22:15.359+0600] {processor.py:840} INFO - DAG(s) 'example_short_circuit_operator' retrieved from /home/robin/Documents/Tanjim/Miscellaneous Projects/airflow_docker/airflow_in_python_env/env/lib/python3.10/site-packages/airflow/example_dags/example_short_circuit_operator.py
[2023-12-20T18:22:15.402+0600] {logging_mixin.py:188} INFO - [2023-12-20T18:22:15.402+0600] {dag.py:3033} INFO - Sync 1 DAGs
[2023-12-20T18:22:15.424+0600] {logging_mixin.py:188} INFO - [2023-12-20T18:22:15.424+0600] {dag.py:3820} INFO - Setting next_dagrun for example_short_circuit_operator to 2023-12-19T00:00:00+00:00, run_after=2023-12-20T00:00:00+00:00
[2023-12-20T18:22:15.462+0600] {processor.py:183} INFO - Processing /home/robin/Documents/Tanjim/Miscellaneous Projects/airflow_docker/airflow_in_python_env/env/lib/python3.10/site-packages/airflow/example_dags/example_short_circuit_operator.py took 0.181 seconds
[2023-12-20T18:28:49.357+0600] {processor.py:161} INFO - Started process (PID=74890) to work on /home/robin/Documents/Tanjim/Miscellaneous Projects/airflow_docker/airflow_in_python_env/env/lib/python3.10/site-packages/airflow/example_dags/example_short_circuit_operator.py
[2023-12-20T18:28:49.365+0600] {processor.py:830} INFO - Processing file /home/robin/Documents/Tanjim/Miscellaneous Projects/airflow_docker/airflow_in_python_env/env/lib/python3.10/site-packages/airflow/example_dags/example_short_circuit_operator.py for tasks to queue
[2023-12-20T18:28:49.367+0600] {logging_mixin.py:188} INFO - [2023-12-20T18:28:49.366+0600] {dagbag.py:538} INFO - Filling up the DagBag from /home/robin/Documents/Tanjim/Miscellaneous Projects/airflow_docker/airflow_in_python_env/env/lib/python3.10/site-packages/airflow/example_dags/example_short_circuit_operator.py
[2023-12-20T18:28:49.387+0600] {processor.py:840} INFO - DAG(s) 'example_short_circuit_operator' retrieved from /home/robin/Documents/Tanjim/Miscellaneous Projects/airflow_docker/airflow_in_python_env/env/lib/python3.10/site-packages/airflow/example_dags/example_short_circuit_operator.py
[2023-12-20T18:28:49.431+0600] {logging_mixin.py:188} INFO - [2023-12-20T18:28:49.431+0600] {dag.py:3033} INFO - Sync 1 DAGs
[2023-12-20T18:28:49.478+0600] {logging_mixin.py:188} INFO - [2023-12-20T18:28:49.478+0600] {dag.py:3820} INFO - Setting next_dagrun for example_short_circuit_operator to 2023-12-19T00:00:00+00:00, run_after=2023-12-20T00:00:00+00:00
[2023-12-20T18:28:49.547+0600] {processor.py:183} INFO - Processing /home/robin/Documents/Tanjim/Miscellaneous Projects/airflow_docker/airflow_in_python_env/env/lib/python3.10/site-packages/airflow/example_dags/example_short_circuit_operator.py took 0.195 seconds
[2023-12-20T18:30:06.282+0600] {processor.py:161} INFO - Started process (PID=75607) to work on /home/robin/Documents/Tanjim/Miscellaneous Projects/airflow_docker/airflow_in_python_env/env/lib/python3.10/site-packages/airflow/example_dags/example_short_circuit_operator.py
[2023-12-20T18:30:06.293+0600] {processor.py:830} INFO - Processing file /home/robin/Documents/Tanjim/Miscellaneous Projects/airflow_docker/airflow_in_python_env/env/lib/python3.10/site-packages/airflow/example_dags/example_short_circuit_operator.py for tasks to queue
[2023-12-20T18:30:06.299+0600] {logging_mixin.py:188} INFO - [2023-12-20T18:30:06.297+0600] {dagbag.py:538} INFO - Filling up the DagBag from /home/robin/Documents/Tanjim/Miscellaneous Projects/airflow_docker/airflow_in_python_env/env/lib/python3.10/site-packages/airflow/example_dags/example_short_circuit_operator.py
[2023-12-20T18:30:06.352+0600] {processor.py:840} INFO - DAG(s) 'example_short_circuit_operator' retrieved from /home/robin/Documents/Tanjim/Miscellaneous Projects/airflow_docker/airflow_in_python_env/env/lib/python3.10/site-packages/airflow/example_dags/example_short_circuit_operator.py
[2023-12-20T18:30:06.389+0600] {logging_mixin.py:188} INFO - [2023-12-20T18:30:06.389+0600] {dag.py:3033} INFO - Sync 1 DAGs
[2023-12-20T18:30:06.410+0600] {logging_mixin.py:188} INFO - [2023-12-20T18:30:06.410+0600] {dag.py:3820} INFO - Setting next_dagrun for example_short_circuit_operator to 2023-12-19T00:00:00+00:00, run_after=2023-12-20T00:00:00+00:00
[2023-12-20T18:30:06.455+0600] {processor.py:183} INFO - Processing /home/robin/Documents/Tanjim/Miscellaneous Projects/airflow_docker/airflow_in_python_env/env/lib/python3.10/site-packages/airflow/example_dags/example_short_circuit_operator.py took 0.184 seconds
