[2023-12-20T17:58:48.586+0600] {processor.py:161} INFO - Started process (PID=67170) to work on /home/robin/Documents/Tanjim/Miscellaneous Projects/airflow_docker/airflow_in_python_env/env/lib/python3.10/site-packages/airflow/example_dags/example_dynamic_task_mapping.py
[2023-12-20T17:58:48.588+0600] {processor.py:830} INFO - Processing file /home/robin/Documents/Tanjim/Miscellaneous Projects/airflow_docker/airflow_in_python_env/env/lib/python3.10/site-packages/airflow/example_dags/example_dynamic_task_mapping.py for tasks to queue
[2023-12-20T17:58:48.589+0600] {logging_mixin.py:188} INFO - [2023-12-20T17:58:48.589+0600] {dagbag.py:538} INFO - Filling up the DagBag from /home/robin/Documents/Tanjim/Miscellaneous Projects/airflow_docker/airflow_in_python_env/env/lib/python3.10/site-packages/airflow/example_dags/example_dynamic_task_mapping.py
[2023-12-20T17:58:48.606+0600] {processor.py:840} INFO - DAG(s) 'example_dynamic_task_mapping' retrieved from /home/robin/Documents/Tanjim/Miscellaneous Projects/airflow_docker/airflow_in_python_env/env/lib/python3.10/site-packages/airflow/example_dags/example_dynamic_task_mapping.py
[2023-12-20T17:58:48.771+0600] {logging_mixin.py:188} INFO - [2023-12-20T17:58:48.771+0600] {dag.py:3033} INFO - Sync 1 DAGs
[2023-12-20T17:58:48.798+0600] {logging_mixin.py:188} INFO - [2023-12-20T17:58:48.798+0600] {dag.py:3820} INFO - Setting next_dagrun for example_dynamic_task_mapping to 2022-03-04T00:00:00+00:00, run_after=2022-03-05T00:00:00+00:00
[2023-12-20T17:58:48.840+0600] {processor.py:183} INFO - Processing /home/robin/Documents/Tanjim/Miscellaneous Projects/airflow_docker/airflow_in_python_env/env/lib/python3.10/site-packages/airflow/example_dags/example_dynamic_task_mapping.py took 0.259 seconds
[2023-12-20T17:59:43.098+0600] {processor.py:161} INFO - Started process (PID=67384) to work on /home/robin/Documents/Tanjim/Miscellaneous Projects/airflow_docker/airflow_in_python_env/env/lib/python3.10/site-packages/airflow/example_dags/example_dynamic_task_mapping.py
[2023-12-20T17:59:43.106+0600] {processor.py:830} INFO - Processing file /home/robin/Documents/Tanjim/Miscellaneous Projects/airflow_docker/airflow_in_python_env/env/lib/python3.10/site-packages/airflow/example_dags/example_dynamic_task_mapping.py for tasks to queue
[2023-12-20T17:59:43.108+0600] {logging_mixin.py:188} INFO - [2023-12-20T17:59:43.107+0600] {dagbag.py:538} INFO - Filling up the DagBag from /home/robin/Documents/Tanjim/Miscellaneous Projects/airflow_docker/airflow_in_python_env/env/lib/python3.10/site-packages/airflow/example_dags/example_dynamic_task_mapping.py
[2023-12-20T17:59:43.117+0600] {processor.py:840} INFO - DAG(s) 'example_dynamic_task_mapping' retrieved from /home/robin/Documents/Tanjim/Miscellaneous Projects/airflow_docker/airflow_in_python_env/env/lib/python3.10/site-packages/airflow/example_dags/example_dynamic_task_mapping.py
[2023-12-20T17:59:43.133+0600] {logging_mixin.py:188} INFO - [2023-12-20T17:59:43.133+0600] {dag.py:3033} INFO - Sync 1 DAGs
[2023-12-20T17:59:43.153+0600] {logging_mixin.py:188} INFO - [2023-12-20T17:59:43.153+0600] {dag.py:3820} INFO - Setting next_dagrun for example_dynamic_task_mapping to 2022-03-04T00:00:00+00:00, run_after=2022-03-05T00:00:00+00:00
[2023-12-20T17:59:43.180+0600] {processor.py:183} INFO - Processing /home/robin/Documents/Tanjim/Miscellaneous Projects/airflow_docker/airflow_in_python_env/env/lib/python3.10/site-packages/airflow/example_dags/example_dynamic_task_mapping.py took 0.086 seconds
[2023-12-20T18:00:37.987+0600] {processor.py:161} INFO - Started process (PID=67517) to work on /home/robin/Documents/Tanjim/Miscellaneous Projects/airflow_docker/airflow_in_python_env/env/lib/python3.10/site-packages/airflow/example_dags/example_dynamic_task_mapping.py
[2023-12-20T18:00:37.995+0600] {processor.py:830} INFO - Processing file /home/robin/Documents/Tanjim/Miscellaneous Projects/airflow_docker/airflow_in_python_env/env/lib/python3.10/site-packages/airflow/example_dags/example_dynamic_task_mapping.py for tasks to queue
[2023-12-20T18:00:37.997+0600] {logging_mixin.py:188} INFO - [2023-12-20T18:00:37.996+0600] {dagbag.py:538} INFO - Filling up the DagBag from /home/robin/Documents/Tanjim/Miscellaneous Projects/airflow_docker/airflow_in_python_env/env/lib/python3.10/site-packages/airflow/example_dags/example_dynamic_task_mapping.py
[2023-12-20T18:00:38.008+0600] {processor.py:840} INFO - DAG(s) 'example_dynamic_task_mapping' retrieved from /home/robin/Documents/Tanjim/Miscellaneous Projects/airflow_docker/airflow_in_python_env/env/lib/python3.10/site-packages/airflow/example_dags/example_dynamic_task_mapping.py
[2023-12-20T18:00:38.030+0600] {logging_mixin.py:188} INFO - [2023-12-20T18:00:38.030+0600] {dag.py:3033} INFO - Sync 1 DAGs
[2023-12-20T18:00:38.057+0600] {logging_mixin.py:188} INFO - [2023-12-20T18:00:38.056+0600] {dag.py:3820} INFO - Setting next_dagrun for example_dynamic_task_mapping to 2022-03-04T00:00:00+00:00, run_after=2022-03-05T00:00:00+00:00
[2023-12-20T18:00:38.099+0600] {processor.py:183} INFO - Processing /home/robin/Documents/Tanjim/Miscellaneous Projects/airflow_docker/airflow_in_python_env/env/lib/python3.10/site-packages/airflow/example_dags/example_dynamic_task_mapping.py took 0.118 seconds
[2023-12-20T18:02:18.324+0600] {processor.py:161} INFO - Started process (PID=68647) to work on /home/robin/Documents/Tanjim/Miscellaneous Projects/airflow_docker/airflow_in_python_env/env/lib/python3.10/site-packages/airflow/example_dags/example_dynamic_task_mapping.py
[2023-12-20T18:02:18.326+0600] {processor.py:830} INFO - Processing file /home/robin/Documents/Tanjim/Miscellaneous Projects/airflow_docker/airflow_in_python_env/env/lib/python3.10/site-packages/airflow/example_dags/example_dynamic_task_mapping.py for tasks to queue
[2023-12-20T18:02:18.327+0600] {logging_mixin.py:188} INFO - [2023-12-20T18:02:18.327+0600] {dagbag.py:538} INFO - Filling up the DagBag from /home/robin/Documents/Tanjim/Miscellaneous Projects/airflow_docker/airflow_in_python_env/env/lib/python3.10/site-packages/airflow/example_dags/example_dynamic_task_mapping.py
[2023-12-20T18:02:18.344+0600] {processor.py:840} INFO - DAG(s) 'example_dynamic_task_mapping' retrieved from /home/robin/Documents/Tanjim/Miscellaneous Projects/airflow_docker/airflow_in_python_env/env/lib/python3.10/site-packages/airflow/example_dags/example_dynamic_task_mapping.py
[2023-12-20T18:02:18.372+0600] {logging_mixin.py:188} INFO - [2023-12-20T18:02:18.372+0600] {dag.py:3033} INFO - Sync 1 DAGs
[2023-12-20T18:02:18.403+0600] {logging_mixin.py:188} INFO - [2023-12-20T18:02:18.403+0600] {dag.py:3820} INFO - Setting next_dagrun for example_dynamic_task_mapping to 2022-03-04T00:00:00+00:00, run_after=2022-03-05T00:00:00+00:00
[2023-12-20T18:02:18.474+0600] {processor.py:183} INFO - Processing /home/robin/Documents/Tanjim/Miscellaneous Projects/airflow_docker/airflow_in_python_env/env/lib/python3.10/site-packages/airflow/example_dags/example_dynamic_task_mapping.py took 0.158 seconds
[2023-12-20T18:03:21.098+0600] {processor.py:161} INFO - Started process (PID=69227) to work on /home/robin/Documents/Tanjim/Miscellaneous Projects/airflow_docker/airflow_in_python_env/env/lib/python3.10/site-packages/airflow/example_dags/example_dynamic_task_mapping.py
[2023-12-20T18:03:21.107+0600] {processor.py:830} INFO - Processing file /home/robin/Documents/Tanjim/Miscellaneous Projects/airflow_docker/airflow_in_python_env/env/lib/python3.10/site-packages/airflow/example_dags/example_dynamic_task_mapping.py for tasks to queue
[2023-12-20T18:03:21.109+0600] {logging_mixin.py:188} INFO - [2023-12-20T18:03:21.109+0600] {dagbag.py:538} INFO - Filling up the DagBag from /home/robin/Documents/Tanjim/Miscellaneous Projects/airflow_docker/airflow_in_python_env/env/lib/python3.10/site-packages/airflow/example_dags/example_dynamic_task_mapping.py
[2023-12-20T18:03:21.129+0600] {processor.py:840} INFO - DAG(s) 'example_dynamic_task_mapping' retrieved from /home/robin/Documents/Tanjim/Miscellaneous Projects/airflow_docker/airflow_in_python_env/env/lib/python3.10/site-packages/airflow/example_dags/example_dynamic_task_mapping.py
[2023-12-20T18:03:21.162+0600] {logging_mixin.py:188} INFO - [2023-12-20T18:03:21.162+0600] {dag.py:3033} INFO - Sync 1 DAGs
[2023-12-20T18:03:21.190+0600] {logging_mixin.py:188} INFO - [2023-12-20T18:03:21.190+0600] {dag.py:3820} INFO - Setting next_dagrun for example_dynamic_task_mapping to 2022-03-04T00:00:00+00:00, run_after=2022-03-05T00:00:00+00:00
[2023-12-20T18:03:21.224+0600] {processor.py:183} INFO - Processing /home/robin/Documents/Tanjim/Miscellaneous Projects/airflow_docker/airflow_in_python_env/env/lib/python3.10/site-packages/airflow/example_dags/example_dynamic_task_mapping.py took 0.133 seconds
[2023-12-20T18:04:32.721+0600] {processor.py:161} INFO - Started process (PID=69547) to work on /home/robin/Documents/Tanjim/Miscellaneous Projects/airflow_docker/airflow_in_python_env/env/lib/python3.10/site-packages/airflow/example_dags/example_dynamic_task_mapping.py
[2023-12-20T18:04:32.727+0600] {processor.py:830} INFO - Processing file /home/robin/Documents/Tanjim/Miscellaneous Projects/airflow_docker/airflow_in_python_env/env/lib/python3.10/site-packages/airflow/example_dags/example_dynamic_task_mapping.py for tasks to queue
[2023-12-20T18:04:32.729+0600] {logging_mixin.py:188} INFO - [2023-12-20T18:04:32.728+0600] {dagbag.py:538} INFO - Filling up the DagBag from /home/robin/Documents/Tanjim/Miscellaneous Projects/airflow_docker/airflow_in_python_env/env/lib/python3.10/site-packages/airflow/example_dags/example_dynamic_task_mapping.py
[2023-12-20T18:04:32.744+0600] {processor.py:840} INFO - DAG(s) 'example_dynamic_task_mapping' retrieved from /home/robin/Documents/Tanjim/Miscellaneous Projects/airflow_docker/airflow_in_python_env/env/lib/python3.10/site-packages/airflow/example_dags/example_dynamic_task_mapping.py
[2023-12-20T18:04:32.770+0600] {logging_mixin.py:188} INFO - [2023-12-20T18:04:32.769+0600] {dag.py:3033} INFO - Sync 1 DAGs
[2023-12-20T18:04:32.794+0600] {logging_mixin.py:188} INFO - [2023-12-20T18:04:32.794+0600] {dag.py:3820} INFO - Setting next_dagrun for example_dynamic_task_mapping to 2022-03-04T00:00:00+00:00, run_after=2022-03-05T00:00:00+00:00
[2023-12-20T18:04:32.823+0600] {processor.py:183} INFO - Processing /home/robin/Documents/Tanjim/Miscellaneous Projects/airflow_docker/airflow_in_python_env/env/lib/python3.10/site-packages/airflow/example_dags/example_dynamic_task_mapping.py took 0.109 seconds
[2023-12-20T18:18:44.246+0600] {processor.py:161} INFO - Started process (PID=72174) to work on /home/robin/Documents/Tanjim/Miscellaneous Projects/airflow_docker/airflow_in_python_env/env/lib/python3.10/site-packages/airflow/example_dags/example_dynamic_task_mapping.py
[2023-12-20T18:18:44.255+0600] {processor.py:830} INFO - Processing file /home/robin/Documents/Tanjim/Miscellaneous Projects/airflow_docker/airflow_in_python_env/env/lib/python3.10/site-packages/airflow/example_dags/example_dynamic_task_mapping.py for tasks to queue
[2023-12-20T18:18:44.257+0600] {logging_mixin.py:188} INFO - [2023-12-20T18:18:44.256+0600] {dagbag.py:538} INFO - Filling up the DagBag from /home/robin/Documents/Tanjim/Miscellaneous Projects/airflow_docker/airflow_in_python_env/env/lib/python3.10/site-packages/airflow/example_dags/example_dynamic_task_mapping.py
[2023-12-20T18:18:44.271+0600] {processor.py:840} INFO - DAG(s) 'example_dynamic_task_mapping' retrieved from /home/robin/Documents/Tanjim/Miscellaneous Projects/airflow_docker/airflow_in_python_env/env/lib/python3.10/site-packages/airflow/example_dags/example_dynamic_task_mapping.py
[2023-12-20T18:18:44.291+0600] {logging_mixin.py:188} INFO - [2023-12-20T18:18:44.291+0600] {dag.py:3033} INFO - Sync 1 DAGs
[2023-12-20T18:18:44.313+0600] {logging_mixin.py:188} INFO - [2023-12-20T18:18:44.313+0600] {dag.py:3820} INFO - Setting next_dagrun for example_dynamic_task_mapping to 2022-03-04T00:00:00+00:00, run_after=2022-03-05T00:00:00+00:00
[2023-12-20T18:18:44.339+0600] {processor.py:183} INFO - Processing /home/robin/Documents/Tanjim/Miscellaneous Projects/airflow_docker/airflow_in_python_env/env/lib/python3.10/site-packages/airflow/example_dags/example_dynamic_task_mapping.py took 0.100 seconds
[2023-12-20T18:19:41.063+0600] {processor.py:161} INFO - Started process (PID=72318) to work on /home/robin/Documents/Tanjim/Miscellaneous Projects/airflow_docker/airflow_in_python_env/env/lib/python3.10/site-packages/airflow/example_dags/example_dynamic_task_mapping.py
[2023-12-20T18:19:41.072+0600] {processor.py:830} INFO - Processing file /home/robin/Documents/Tanjim/Miscellaneous Projects/airflow_docker/airflow_in_python_env/env/lib/python3.10/site-packages/airflow/example_dags/example_dynamic_task_mapping.py for tasks to queue
[2023-12-20T18:19:41.074+0600] {logging_mixin.py:188} INFO - [2023-12-20T18:19:41.074+0600] {dagbag.py:538} INFO - Filling up the DagBag from /home/robin/Documents/Tanjim/Miscellaneous Projects/airflow_docker/airflow_in_python_env/env/lib/python3.10/site-packages/airflow/example_dags/example_dynamic_task_mapping.py
[2023-12-20T18:19:41.102+0600] {processor.py:840} INFO - DAG(s) 'example_dynamic_task_mapping' retrieved from /home/robin/Documents/Tanjim/Miscellaneous Projects/airflow_docker/airflow_in_python_env/env/lib/python3.10/site-packages/airflow/example_dags/example_dynamic_task_mapping.py
[2023-12-20T18:19:41.131+0600] {logging_mixin.py:188} INFO - [2023-12-20T18:19:41.130+0600] {dag.py:3033} INFO - Sync 1 DAGs
[2023-12-20T18:19:41.167+0600] {logging_mixin.py:188} INFO - [2023-12-20T18:19:41.167+0600] {dag.py:3820} INFO - Setting next_dagrun for example_dynamic_task_mapping to 2022-03-04T00:00:00+00:00, run_after=2022-03-05T00:00:00+00:00
[2023-12-20T18:19:41.212+0600] {processor.py:183} INFO - Processing /home/robin/Documents/Tanjim/Miscellaneous Projects/airflow_docker/airflow_in_python_env/env/lib/python3.10/site-packages/airflow/example_dags/example_dynamic_task_mapping.py took 0.157 seconds
[2023-12-20T18:20:34.251+0600] {processor.py:161} INFO - Started process (PID=72471) to work on /home/robin/Documents/Tanjim/Miscellaneous Projects/airflow_docker/airflow_in_python_env/env/lib/python3.10/site-packages/airflow/example_dags/example_dynamic_task_mapping.py
[2023-12-20T18:20:34.260+0600] {processor.py:830} INFO - Processing file /home/robin/Documents/Tanjim/Miscellaneous Projects/airflow_docker/airflow_in_python_env/env/lib/python3.10/site-packages/airflow/example_dags/example_dynamic_task_mapping.py for tasks to queue
[2023-12-20T18:20:34.261+0600] {logging_mixin.py:188} INFO - [2023-12-20T18:20:34.260+0600] {dagbag.py:538} INFO - Filling up the DagBag from /home/robin/Documents/Tanjim/Miscellaneous Projects/airflow_docker/airflow_in_python_env/env/lib/python3.10/site-packages/airflow/example_dags/example_dynamic_task_mapping.py
[2023-12-20T18:20:34.269+0600] {processor.py:840} INFO - DAG(s) 'example_dynamic_task_mapping' retrieved from /home/robin/Documents/Tanjim/Miscellaneous Projects/airflow_docker/airflow_in_python_env/env/lib/python3.10/site-packages/airflow/example_dags/example_dynamic_task_mapping.py
[2023-12-20T18:20:34.285+0600] {logging_mixin.py:188} INFO - [2023-12-20T18:20:34.285+0600] {dag.py:3033} INFO - Sync 1 DAGs
[2023-12-20T18:20:34.306+0600] {logging_mixin.py:188} INFO - [2023-12-20T18:20:34.305+0600] {dag.py:3820} INFO - Setting next_dagrun for example_dynamic_task_mapping to 2022-03-04T00:00:00+00:00, run_after=2022-03-05T00:00:00+00:00
[2023-12-20T18:20:34.331+0600] {processor.py:183} INFO - Processing /home/robin/Documents/Tanjim/Miscellaneous Projects/airflow_docker/airflow_in_python_env/env/lib/python3.10/site-packages/airflow/example_dags/example_dynamic_task_mapping.py took 0.084 seconds
[2023-12-20T18:29:37.448+0600] {processor.py:161} INFO - Started process (PID=75466) to work on /home/robin/Documents/Tanjim/Miscellaneous Projects/airflow_docker/airflow_in_python_env/env/lib/python3.10/site-packages/airflow/example_dags/example_dynamic_task_mapping.py
[2023-12-20T18:29:37.456+0600] {processor.py:830} INFO - Processing file /home/robin/Documents/Tanjim/Miscellaneous Projects/airflow_docker/airflow_in_python_env/env/lib/python3.10/site-packages/airflow/example_dags/example_dynamic_task_mapping.py for tasks to queue
[2023-12-20T18:29:37.457+0600] {logging_mixin.py:188} INFO - [2023-12-20T18:29:37.457+0600] {dagbag.py:538} INFO - Filling up the DagBag from /home/robin/Documents/Tanjim/Miscellaneous Projects/airflow_docker/airflow_in_python_env/env/lib/python3.10/site-packages/airflow/example_dags/example_dynamic_task_mapping.py
[2023-12-20T18:29:37.469+0600] {processor.py:840} INFO - DAG(s) 'example_dynamic_task_mapping' retrieved from /home/robin/Documents/Tanjim/Miscellaneous Projects/airflow_docker/airflow_in_python_env/env/lib/python3.10/site-packages/airflow/example_dags/example_dynamic_task_mapping.py
[2023-12-20T18:29:37.492+0600] {logging_mixin.py:188} INFO - [2023-12-20T18:29:37.492+0600] {dag.py:3033} INFO - Sync 1 DAGs
[2023-12-20T18:29:37.518+0600] {logging_mixin.py:188} INFO - [2023-12-20T18:29:37.518+0600] {dag.py:3820} INFO - Setting next_dagrun for example_dynamic_task_mapping to 2022-03-04T00:00:00+00:00, run_after=2022-03-05T00:00:00+00:00
[2023-12-20T18:29:37.551+0600] {processor.py:183} INFO - Processing /home/robin/Documents/Tanjim/Miscellaneous Projects/airflow_docker/airflow_in_python_env/env/lib/python3.10/site-packages/airflow/example_dags/example_dynamic_task_mapping.py took 0.109 seconds
[2023-12-20T18:30:30.760+0600] {processor.py:161} INFO - Started process (PID=75696) to work on /home/robin/Documents/Tanjim/Miscellaneous Projects/airflow_docker/airflow_in_python_env/env/lib/python3.10/site-packages/airflow/example_dags/example_dynamic_task_mapping.py
[2023-12-20T18:30:30.764+0600] {processor.py:830} INFO - Processing file /home/robin/Documents/Tanjim/Miscellaneous Projects/airflow_docker/airflow_in_python_env/env/lib/python3.10/site-packages/airflow/example_dags/example_dynamic_task_mapping.py for tasks to queue
[2023-12-20T18:30:30.766+0600] {logging_mixin.py:188} INFO - [2023-12-20T18:30:30.765+0600] {dagbag.py:538} INFO - Filling up the DagBag from /home/robin/Documents/Tanjim/Miscellaneous Projects/airflow_docker/airflow_in_python_env/env/lib/python3.10/site-packages/airflow/example_dags/example_dynamic_task_mapping.py
[2023-12-20T18:30:30.782+0600] {processor.py:840} INFO - DAG(s) 'example_dynamic_task_mapping' retrieved from /home/robin/Documents/Tanjim/Miscellaneous Projects/airflow_docker/airflow_in_python_env/env/lib/python3.10/site-packages/airflow/example_dags/example_dynamic_task_mapping.py
[2023-12-20T18:30:30.802+0600] {logging_mixin.py:188} INFO - [2023-12-20T18:30:30.802+0600] {dag.py:3033} INFO - Sync 1 DAGs
[2023-12-20T18:30:30.824+0600] {logging_mixin.py:188} INFO - [2023-12-20T18:30:30.824+0600] {dag.py:3820} INFO - Setting next_dagrun for example_dynamic_task_mapping to 2022-03-04T00:00:00+00:00, run_after=2022-03-05T00:00:00+00:00
[2023-12-20T18:30:30.869+0600] {processor.py:183} INFO - Processing /home/robin/Documents/Tanjim/Miscellaneous Projects/airflow_docker/airflow_in_python_env/env/lib/python3.10/site-packages/airflow/example_dags/example_dynamic_task_mapping.py took 0.115 seconds
