[2023-12-20T17:58:22.085+0600] {processor.py:161} INFO - Started process (PID=67085) to work on /home/robin/Documents/Tanjim/Miscellaneous Projects/airflow_docker/airflow_in_python_env/env/lib/python3.10/site-packages/airflow/example_dags/example_python_operator.py
[2023-12-20T17:58:22.086+0600] {processor.py:830} INFO - Processing file /home/robin/Documents/Tanjim/Miscellaneous Projects/airflow_docker/airflow_in_python_env/env/lib/python3.10/site-packages/airflow/example_dags/example_python_operator.py for tasks to queue
[2023-12-20T17:58:22.087+0600] {logging_mixin.py:188} INFO - [2023-12-20T17:58:22.087+0600] {dagbag.py:538} INFO - Filling up the DagBag from /home/robin/Documents/Tanjim/Miscellaneous Projects/airflow_docker/airflow_in_python_env/env/lib/python3.10/site-packages/airflow/example_dags/example_python_operator.py
[2023-12-20T17:58:22.098+0600] {logging_mixin.py:188} INFO - [2023-12-20T17:58:22.098+0600] {example_python_operator.py:88} WARNING - The virtalenv_python example task requires virtualenv, please install it.
[2023-12-20T17:58:22.102+0600] {processor.py:840} INFO - DAG(s) 'example_python_operator' retrieved from /home/robin/Documents/Tanjim/Miscellaneous Projects/airflow_docker/airflow_in_python_env/env/lib/python3.10/site-packages/airflow/example_dags/example_python_operator.py
[2023-12-20T17:58:22.237+0600] {logging_mixin.py:188} INFO - [2023-12-20T17:58:22.237+0600] {dag.py:3033} INFO - Sync 1 DAGs
[2023-12-20T17:58:22.249+0600] {logging_mixin.py:188} INFO - [2023-12-20T17:58:22.249+0600] {dag.py:3820} INFO - Setting next_dagrun for example_python_operator to None, run_after=None
[2023-12-20T17:58:22.285+0600] {processor.py:183} INFO - Processing /home/robin/Documents/Tanjim/Miscellaneous Projects/airflow_docker/airflow_in_python_env/env/lib/python3.10/site-packages/airflow/example_dags/example_python_operator.py took 0.204 seconds
[2023-12-20T17:59:18.912+0600] {processor.py:161} INFO - Started process (PID=67291) to work on /home/robin/Documents/Tanjim/Miscellaneous Projects/airflow_docker/airflow_in_python_env/env/lib/python3.10/site-packages/airflow/example_dags/example_python_operator.py
[2023-12-20T17:59:18.921+0600] {processor.py:830} INFO - Processing file /home/robin/Documents/Tanjim/Miscellaneous Projects/airflow_docker/airflow_in_python_env/env/lib/python3.10/site-packages/airflow/example_dags/example_python_operator.py for tasks to queue
[2023-12-20T17:59:18.925+0600] {logging_mixin.py:188} INFO - [2023-12-20T17:59:18.923+0600] {dagbag.py:538} INFO - Filling up the DagBag from /home/robin/Documents/Tanjim/Miscellaneous Projects/airflow_docker/airflow_in_python_env/env/lib/python3.10/site-packages/airflow/example_dags/example_python_operator.py
[2023-12-20T17:59:18.938+0600] {logging_mixin.py:188} INFO - [2023-12-20T17:59:18.937+0600] {example_python_operator.py:88} WARNING - The virtalenv_python example task requires virtualenv, please install it.
[2023-12-20T17:59:18.939+0600] {processor.py:840} INFO - DAG(s) 'example_python_operator' retrieved from /home/robin/Documents/Tanjim/Miscellaneous Projects/airflow_docker/airflow_in_python_env/env/lib/python3.10/site-packages/airflow/example_dags/example_python_operator.py
[2023-12-20T17:59:18.966+0600] {logging_mixin.py:188} INFO - [2023-12-20T17:59:18.966+0600] {dag.py:3033} INFO - Sync 1 DAGs
[2023-12-20T17:59:18.982+0600] {logging_mixin.py:188} INFO - [2023-12-20T17:59:18.982+0600] {dag.py:3820} INFO - Setting next_dagrun for example_python_operator to None, run_after=None
[2023-12-20T17:59:19.021+0600] {processor.py:183} INFO - Processing /home/robin/Documents/Tanjim/Miscellaneous Projects/airflow_docker/airflow_in_python_env/env/lib/python3.10/site-packages/airflow/example_dags/example_python_operator.py took 0.114 seconds
[2023-12-20T18:00:09.445+0600] {processor.py:161} INFO - Started process (PID=67467) to work on /home/robin/Documents/Tanjim/Miscellaneous Projects/airflow_docker/airflow_in_python_env/env/lib/python3.10/site-packages/airflow/example_dags/example_python_operator.py
[2023-12-20T18:00:09.456+0600] {processor.py:830} INFO - Processing file /home/robin/Documents/Tanjim/Miscellaneous Projects/airflow_docker/airflow_in_python_env/env/lib/python3.10/site-packages/airflow/example_dags/example_python_operator.py for tasks to queue
[2023-12-20T18:00:09.458+0600] {logging_mixin.py:188} INFO - [2023-12-20T18:00:09.457+0600] {dagbag.py:538} INFO - Filling up the DagBag from /home/robin/Documents/Tanjim/Miscellaneous Projects/airflow_docker/airflow_in_python_env/env/lib/python3.10/site-packages/airflow/example_dags/example_python_operator.py
[2023-12-20T18:00:09.475+0600] {logging_mixin.py:188} INFO - [2023-12-20T18:00:09.472+0600] {example_python_operator.py:88} WARNING - The virtalenv_python example task requires virtualenv, please install it.
[2023-12-20T18:00:09.476+0600] {processor.py:840} INFO - DAG(s) 'example_python_operator' retrieved from /home/robin/Documents/Tanjim/Miscellaneous Projects/airflow_docker/airflow_in_python_env/env/lib/python3.10/site-packages/airflow/example_dags/example_python_operator.py
[2023-12-20T18:00:09.514+0600] {logging_mixin.py:188} INFO - [2023-12-20T18:00:09.514+0600] {dag.py:3033} INFO - Sync 1 DAGs
[2023-12-20T18:00:09.539+0600] {logging_mixin.py:188} INFO - [2023-12-20T18:00:09.539+0600] {dag.py:3820} INFO - Setting next_dagrun for example_python_operator to None, run_after=None
[2023-12-20T18:00:09.591+0600] {processor.py:183} INFO - Processing /home/robin/Documents/Tanjim/Miscellaneous Projects/airflow_docker/airflow_in_python_env/env/lib/python3.10/site-packages/airflow/example_dags/example_python_operator.py took 0.152 seconds
[2023-12-20T18:01:05.363+0600] {processor.py:161} INFO - Started process (PID=67815) to work on /home/robin/Documents/Tanjim/Miscellaneous Projects/airflow_docker/airflow_in_python_env/env/lib/python3.10/site-packages/airflow/example_dags/example_python_operator.py
[2023-12-20T18:01:05.365+0600] {processor.py:830} INFO - Processing file /home/robin/Documents/Tanjim/Miscellaneous Projects/airflow_docker/airflow_in_python_env/env/lib/python3.10/site-packages/airflow/example_dags/example_python_operator.py for tasks to queue
[2023-12-20T18:01:05.367+0600] {logging_mixin.py:188} INFO - [2023-12-20T18:01:05.366+0600] {dagbag.py:538} INFO - Filling up the DagBag from /home/robin/Documents/Tanjim/Miscellaneous Projects/airflow_docker/airflow_in_python_env/env/lib/python3.10/site-packages/airflow/example_dags/example_python_operator.py
[2023-12-20T18:01:05.378+0600] {logging_mixin.py:188} INFO - [2023-12-20T18:01:05.378+0600] {example_python_operator.py:88} WARNING - The virtalenv_python example task requires virtualenv, please install it.
[2023-12-20T18:01:05.379+0600] {processor.py:840} INFO - DAG(s) 'example_python_operator' retrieved from /home/robin/Documents/Tanjim/Miscellaneous Projects/airflow_docker/airflow_in_python_env/env/lib/python3.10/site-packages/airflow/example_dags/example_python_operator.py
[2023-12-20T18:01:05.404+0600] {logging_mixin.py:188} INFO - [2023-12-20T18:01:05.404+0600] {dag.py:3033} INFO - Sync 1 DAGs
[2023-12-20T18:01:05.424+0600] {logging_mixin.py:188} INFO - [2023-12-20T18:01:05.424+0600] {dag.py:3820} INFO - Setting next_dagrun for example_python_operator to None, run_after=None
[2023-12-20T18:01:05.462+0600] {processor.py:183} INFO - Processing /home/robin/Documents/Tanjim/Miscellaneous Projects/airflow_docker/airflow_in_python_env/env/lib/python3.10/site-packages/airflow/example_dags/example_python_operator.py took 0.106 seconds
[2023-12-20T18:02:31.016+0600] {processor.py:161} INFO - Started process (PID=68814) to work on /home/robin/Documents/Tanjim/Miscellaneous Projects/airflow_docker/airflow_in_python_env/env/lib/python3.10/site-packages/airflow/example_dags/example_python_operator.py
[2023-12-20T18:02:31.025+0600] {processor.py:830} INFO - Processing file /home/robin/Documents/Tanjim/Miscellaneous Projects/airflow_docker/airflow_in_python_env/env/lib/python3.10/site-packages/airflow/example_dags/example_python_operator.py for tasks to queue
[2023-12-20T18:02:31.026+0600] {logging_mixin.py:188} INFO - [2023-12-20T18:02:31.025+0600] {dagbag.py:538} INFO - Filling up the DagBag from /home/robin/Documents/Tanjim/Miscellaneous Projects/airflow_docker/airflow_in_python_env/env/lib/python3.10/site-packages/airflow/example_dags/example_python_operator.py
[2023-12-20T18:02:31.038+0600] {logging_mixin.py:188} INFO - [2023-12-20T18:02:31.037+0600] {example_python_operator.py:88} WARNING - The virtalenv_python example task requires virtualenv, please install it.
[2023-12-20T18:02:31.039+0600] {processor.py:840} INFO - DAG(s) 'example_python_operator' retrieved from /home/robin/Documents/Tanjim/Miscellaneous Projects/airflow_docker/airflow_in_python_env/env/lib/python3.10/site-packages/airflow/example_dags/example_python_operator.py
[2023-12-20T18:02:31.067+0600] {logging_mixin.py:188} INFO - [2023-12-20T18:02:31.066+0600] {dag.py:3033} INFO - Sync 1 DAGs
[2023-12-20T18:02:31.085+0600] {logging_mixin.py:188} INFO - [2023-12-20T18:02:31.084+0600] {dag.py:3820} INFO - Setting next_dagrun for example_python_operator to None, run_after=None
[2023-12-20T18:02:31.124+0600] {processor.py:183} INFO - Processing /home/robin/Documents/Tanjim/Miscellaneous Projects/airflow_docker/airflow_in_python_env/env/lib/python3.10/site-packages/airflow/example_dags/example_python_operator.py took 0.117 seconds
[2023-12-20T18:03:22.381+0600] {processor.py:161} INFO - Started process (PID=69229) to work on /home/robin/Documents/Tanjim/Miscellaneous Projects/airflow_docker/airflow_in_python_env/env/lib/python3.10/site-packages/airflow/example_dags/example_python_operator.py
[2023-12-20T18:03:22.391+0600] {processor.py:830} INFO - Processing file /home/robin/Documents/Tanjim/Miscellaneous Projects/airflow_docker/airflow_in_python_env/env/lib/python3.10/site-packages/airflow/example_dags/example_python_operator.py for tasks to queue
[2023-12-20T18:03:22.394+0600] {logging_mixin.py:188} INFO - [2023-12-20T18:03:22.393+0600] {dagbag.py:538} INFO - Filling up the DagBag from /home/robin/Documents/Tanjim/Miscellaneous Projects/airflow_docker/airflow_in_python_env/env/lib/python3.10/site-packages/airflow/example_dags/example_python_operator.py
[2023-12-20T18:03:22.421+0600] {logging_mixin.py:188} INFO - [2023-12-20T18:03:22.420+0600] {example_python_operator.py:88} WARNING - The virtalenv_python example task requires virtualenv, please install it.
[2023-12-20T18:03:22.422+0600] {processor.py:840} INFO - DAG(s) 'example_python_operator' retrieved from /home/robin/Documents/Tanjim/Miscellaneous Projects/airflow_docker/airflow_in_python_env/env/lib/python3.10/site-packages/airflow/example_dags/example_python_operator.py
[2023-12-20T18:03:22.463+0600] {logging_mixin.py:188} INFO - [2023-12-20T18:03:22.462+0600] {dag.py:3033} INFO - Sync 1 DAGs
[2023-12-20T18:03:22.476+0600] {logging_mixin.py:188} INFO - [2023-12-20T18:03:22.475+0600] {dag.py:3820} INFO - Setting next_dagrun for example_python_operator to None, run_after=None
[2023-12-20T18:03:22.512+0600] {processor.py:183} INFO - Processing /home/robin/Documents/Tanjim/Miscellaneous Projects/airflow_docker/airflow_in_python_env/env/lib/python3.10/site-packages/airflow/example_dags/example_python_operator.py took 0.142 seconds
[2023-12-20T18:04:14.326+0600] {processor.py:161} INFO - Started process (PID=69413) to work on /home/robin/Documents/Tanjim/Miscellaneous Projects/airflow_docker/airflow_in_python_env/env/lib/python3.10/site-packages/airflow/example_dags/example_python_operator.py
[2023-12-20T18:04:14.329+0600] {processor.py:830} INFO - Processing file /home/robin/Documents/Tanjim/Miscellaneous Projects/airflow_docker/airflow_in_python_env/env/lib/python3.10/site-packages/airflow/example_dags/example_python_operator.py for tasks to queue
[2023-12-20T18:04:14.332+0600] {logging_mixin.py:188} INFO - [2023-12-20T18:04:14.330+0600] {dagbag.py:538} INFO - Filling up the DagBag from /home/robin/Documents/Tanjim/Miscellaneous Projects/airflow_docker/airflow_in_python_env/env/lib/python3.10/site-packages/airflow/example_dags/example_python_operator.py
[2023-12-20T18:04:14.349+0600] {logging_mixin.py:188} INFO - [2023-12-20T18:04:14.349+0600] {example_python_operator.py:88} WARNING - The virtalenv_python example task requires virtualenv, please install it.
[2023-12-20T18:04:14.350+0600] {processor.py:840} INFO - DAG(s) 'example_python_operator' retrieved from /home/robin/Documents/Tanjim/Miscellaneous Projects/airflow_docker/airflow_in_python_env/env/lib/python3.10/site-packages/airflow/example_dags/example_python_operator.py
[2023-12-20T18:04:14.373+0600] {logging_mixin.py:188} INFO - [2023-12-20T18:04:14.373+0600] {dag.py:3033} INFO - Sync 1 DAGs
[2023-12-20T18:04:14.389+0600] {logging_mixin.py:188} INFO - [2023-12-20T18:04:14.388+0600] {dag.py:3820} INFO - Setting next_dagrun for example_python_operator to None, run_after=None
[2023-12-20T18:04:14.426+0600] {processor.py:183} INFO - Processing /home/robin/Documents/Tanjim/Miscellaneous Projects/airflow_docker/airflow_in_python_env/env/lib/python3.10/site-packages/airflow/example_dags/example_python_operator.py took 0.118 seconds
[2023-12-20T18:06:07.499+0600] {processor.py:161} INFO - Started process (PID=70179) to work on /home/robin/Documents/Tanjim/Miscellaneous Projects/airflow_docker/airflow_in_python_env/env/lib/python3.10/site-packages/airflow/example_dags/example_python_operator.py
[2023-12-20T18:06:07.508+0600] {processor.py:830} INFO - Processing file /home/robin/Documents/Tanjim/Miscellaneous Projects/airflow_docker/airflow_in_python_env/env/lib/python3.10/site-packages/airflow/example_dags/example_python_operator.py for tasks to queue
[2023-12-20T18:06:07.512+0600] {logging_mixin.py:188} INFO - [2023-12-20T18:06:07.511+0600] {dagbag.py:538} INFO - Filling up the DagBag from /home/robin/Documents/Tanjim/Miscellaneous Projects/airflow_docker/airflow_in_python_env/env/lib/python3.10/site-packages/airflow/example_dags/example_python_operator.py
[2023-12-20T18:06:07.578+0600] {processor.py:840} INFO - DAG(s) 'example_python_operator' retrieved from /home/robin/Documents/Tanjim/Miscellaneous Projects/airflow_docker/airflow_in_python_env/env/lib/python3.10/site-packages/airflow/example_dags/example_python_operator.py
[2023-12-20T18:06:07.700+0600] {logging_mixin.py:188} INFO - [2023-12-20T18:06:07.700+0600] {dag.py:3033} INFO - Sync 1 DAGs
[2023-12-20T18:06:07.711+0600] {logging_mixin.py:188} INFO - [2023-12-20T18:06:07.711+0600] {dag.py:3820} INFO - Setting next_dagrun for example_python_operator to None, run_after=None
[2023-12-20T18:06:07.763+0600] {processor.py:183} INFO - Processing /home/robin/Documents/Tanjim/Miscellaneous Projects/airflow_docker/airflow_in_python_env/env/lib/python3.10/site-packages/airflow/example_dags/example_python_operator.py took 0.267 seconds
[2023-12-20T18:18:20.759+0600] {processor.py:161} INFO - Started process (PID=72084) to work on /home/robin/Documents/Tanjim/Miscellaneous Projects/airflow_docker/airflow_in_python_env/env/lib/python3.10/site-packages/airflow/example_dags/example_python_operator.py
[2023-12-20T18:18:20.767+0600] {processor.py:830} INFO - Processing file /home/robin/Documents/Tanjim/Miscellaneous Projects/airflow_docker/airflow_in_python_env/env/lib/python3.10/site-packages/airflow/example_dags/example_python_operator.py for tasks to queue
[2023-12-20T18:18:20.768+0600] {logging_mixin.py:188} INFO - [2023-12-20T18:18:20.768+0600] {dagbag.py:538} INFO - Filling up the DagBag from /home/robin/Documents/Tanjim/Miscellaneous Projects/airflow_docker/airflow_in_python_env/env/lib/python3.10/site-packages/airflow/example_dags/example_python_operator.py
[2023-12-20T18:18:20.784+0600] {processor.py:840} INFO - DAG(s) 'example_python_operator' retrieved from /home/robin/Documents/Tanjim/Miscellaneous Projects/airflow_docker/airflow_in_python_env/env/lib/python3.10/site-packages/airflow/example_dags/example_python_operator.py
[2023-12-20T18:18:20.894+0600] {logging_mixin.py:188} INFO - [2023-12-20T18:18:20.894+0600] {dag.py:3033} INFO - Sync 1 DAGs
[2023-12-20T18:18:20.905+0600] {logging_mixin.py:188} INFO - [2023-12-20T18:18:20.905+0600] {dag.py:3820} INFO - Setting next_dagrun for example_python_operator to None, run_after=None
[2023-12-20T18:18:20.939+0600] {processor.py:183} INFO - Processing /home/robin/Documents/Tanjim/Miscellaneous Projects/airflow_docker/airflow_in_python_env/env/lib/python3.10/site-packages/airflow/example_dags/example_python_operator.py took 0.187 seconds
[2023-12-20T18:19:15.483+0600] {processor.py:161} INFO - Started process (PID=72269) to work on /home/robin/Documents/Tanjim/Miscellaneous Projects/airflow_docker/airflow_in_python_env/env/lib/python3.10/site-packages/airflow/example_dags/example_python_operator.py
[2023-12-20T18:19:15.494+0600] {processor.py:830} INFO - Processing file /home/robin/Documents/Tanjim/Miscellaneous Projects/airflow_docker/airflow_in_python_env/env/lib/python3.10/site-packages/airflow/example_dags/example_python_operator.py for tasks to queue
[2023-12-20T18:19:15.497+0600] {logging_mixin.py:188} INFO - [2023-12-20T18:19:15.496+0600] {dagbag.py:538} INFO - Filling up the DagBag from /home/robin/Documents/Tanjim/Miscellaneous Projects/airflow_docker/airflow_in_python_env/env/lib/python3.10/site-packages/airflow/example_dags/example_python_operator.py
[2023-12-20T18:19:15.516+0600] {processor.py:840} INFO - DAG(s) 'example_python_operator' retrieved from /home/robin/Documents/Tanjim/Miscellaneous Projects/airflow_docker/airflow_in_python_env/env/lib/python3.10/site-packages/airflow/example_dags/example_python_operator.py
[2023-12-20T18:19:15.547+0600] {logging_mixin.py:188} INFO - [2023-12-20T18:19:15.546+0600] {dag.py:3033} INFO - Sync 1 DAGs
[2023-12-20T18:19:15.564+0600] {logging_mixin.py:188} INFO - [2023-12-20T18:19:15.564+0600] {dag.py:3820} INFO - Setting next_dagrun for example_python_operator to None, run_after=None
[2023-12-20T18:19:15.604+0600] {processor.py:183} INFO - Processing /home/robin/Documents/Tanjim/Miscellaneous Projects/airflow_docker/airflow_in_python_env/env/lib/python3.10/site-packages/airflow/example_dags/example_python_operator.py took 0.126 seconds
[2023-12-20T18:20:06.613+0600] {processor.py:161} INFO - Started process (PID=72383) to work on /home/robin/Documents/Tanjim/Miscellaneous Projects/airflow_docker/airflow_in_python_env/env/lib/python3.10/site-packages/airflow/example_dags/example_python_operator.py
[2023-12-20T18:20:06.625+0600] {processor.py:830} INFO - Processing file /home/robin/Documents/Tanjim/Miscellaneous Projects/airflow_docker/airflow_in_python_env/env/lib/python3.10/site-packages/airflow/example_dags/example_python_operator.py for tasks to queue
[2023-12-20T18:20:06.633+0600] {logging_mixin.py:188} INFO - [2023-12-20T18:20:06.630+0600] {dagbag.py:538} INFO - Filling up the DagBag from /home/robin/Documents/Tanjim/Miscellaneous Projects/airflow_docker/airflow_in_python_env/env/lib/python3.10/site-packages/airflow/example_dags/example_python_operator.py
[2023-12-20T18:20:06.686+0600] {processor.py:840} INFO - DAG(s) 'example_python_operator' retrieved from /home/robin/Documents/Tanjim/Miscellaneous Projects/airflow_docker/airflow_in_python_env/env/lib/python3.10/site-packages/airflow/example_dags/example_python_operator.py
[2023-12-20T18:20:06.713+0600] {logging_mixin.py:188} INFO - [2023-12-20T18:20:06.713+0600] {dag.py:3033} INFO - Sync 1 DAGs
[2023-12-20T18:20:06.727+0600] {logging_mixin.py:188} INFO - [2023-12-20T18:20:06.727+0600] {dag.py:3820} INFO - Setting next_dagrun for example_python_operator to None, run_after=None
[2023-12-20T18:20:06.760+0600] {processor.py:183} INFO - Processing /home/robin/Documents/Tanjim/Miscellaneous Projects/airflow_docker/airflow_in_python_env/env/lib/python3.10/site-packages/airflow/example_dags/example_python_operator.py took 0.151 seconds
[2023-12-20T18:22:16.573+0600] {processor.py:161} INFO - Started process (PID=72992) to work on /home/robin/Documents/Tanjim/Miscellaneous Projects/airflow_docker/airflow_in_python_env/env/lib/python3.10/site-packages/airflow/example_dags/example_python_operator.py
[2023-12-20T18:22:16.582+0600] {processor.py:830} INFO - Processing file /home/robin/Documents/Tanjim/Miscellaneous Projects/airflow_docker/airflow_in_python_env/env/lib/python3.10/site-packages/airflow/example_dags/example_python_operator.py for tasks to queue
[2023-12-20T18:22:16.584+0600] {logging_mixin.py:188} INFO - [2023-12-20T18:22:16.583+0600] {dagbag.py:538} INFO - Filling up the DagBag from /home/robin/Documents/Tanjim/Miscellaneous Projects/airflow_docker/airflow_in_python_env/env/lib/python3.10/site-packages/airflow/example_dags/example_python_operator.py
[2023-12-20T18:22:16.603+0600] {processor.py:840} INFO - DAG(s) 'example_python_operator' retrieved from /home/robin/Documents/Tanjim/Miscellaneous Projects/airflow_docker/airflow_in_python_env/env/lib/python3.10/site-packages/airflow/example_dags/example_python_operator.py
[2023-12-20T18:22:16.707+0600] {logging_mixin.py:188} INFO - [2023-12-20T18:22:16.707+0600] {dag.py:3033} INFO - Sync 1 DAGs
[2023-12-20T18:22:16.718+0600] {logging_mixin.py:188} INFO - [2023-12-20T18:22:16.717+0600] {dag.py:3820} INFO - Setting next_dagrun for example_python_operator to None, run_after=None
[2023-12-20T18:22:16.748+0600] {processor.py:183} INFO - Processing /home/robin/Documents/Tanjim/Miscellaneous Projects/airflow_docker/airflow_in_python_env/env/lib/python3.10/site-packages/airflow/example_dags/example_python_operator.py took 0.182 seconds
[2023-12-20T18:28:50.775+0600] {processor.py:161} INFO - Started process (PID=74894) to work on /home/robin/Documents/Tanjim/Miscellaneous Projects/airflow_docker/airflow_in_python_env/env/lib/python3.10/site-packages/airflow/example_dags/example_python_operator.py
[2023-12-20T18:28:50.776+0600] {processor.py:830} INFO - Processing file /home/robin/Documents/Tanjim/Miscellaneous Projects/airflow_docker/airflow_in_python_env/env/lib/python3.10/site-packages/airflow/example_dags/example_python_operator.py for tasks to queue
[2023-12-20T18:28:50.777+0600] {logging_mixin.py:188} INFO - [2023-12-20T18:28:50.777+0600] {dagbag.py:538} INFO - Filling up the DagBag from /home/robin/Documents/Tanjim/Miscellaneous Projects/airflow_docker/airflow_in_python_env/env/lib/python3.10/site-packages/airflow/example_dags/example_python_operator.py
[2023-12-20T18:28:50.806+0600] {processor.py:840} INFO - DAG(s) 'example_python_operator' retrieved from /home/robin/Documents/Tanjim/Miscellaneous Projects/airflow_docker/airflow_in_python_env/env/lib/python3.10/site-packages/airflow/example_dags/example_python_operator.py
[2023-12-20T18:28:50.994+0600] {logging_mixin.py:188} INFO - [2023-12-20T18:28:50.994+0600] {dag.py:3033} INFO - Sync 1 DAGs
[2023-12-20T18:28:51.022+0600] {logging_mixin.py:188} INFO - [2023-12-20T18:28:51.022+0600] {dag.py:3820} INFO - Setting next_dagrun for example_python_operator to None, run_after=None
[2023-12-20T18:28:51.093+0600] {processor.py:183} INFO - Processing /home/robin/Documents/Tanjim/Miscellaneous Projects/airflow_docker/airflow_in_python_env/env/lib/python3.10/site-packages/airflow/example_dags/example_python_operator.py took 0.332 seconds
[2023-12-20T18:30:07.409+0600] {processor.py:161} INFO - Started process (PID=75608) to work on /home/robin/Documents/Tanjim/Miscellaneous Projects/airflow_docker/airflow_in_python_env/env/lib/python3.10/site-packages/airflow/example_dags/example_python_operator.py
[2023-12-20T18:30:07.420+0600] {processor.py:830} INFO - Processing file /home/robin/Documents/Tanjim/Miscellaneous Projects/airflow_docker/airflow_in_python_env/env/lib/python3.10/site-packages/airflow/example_dags/example_python_operator.py for tasks to queue
[2023-12-20T18:30:07.424+0600] {logging_mixin.py:188} INFO - [2023-12-20T18:30:07.422+0600] {dagbag.py:538} INFO - Filling up the DagBag from /home/robin/Documents/Tanjim/Miscellaneous Projects/airflow_docker/airflow_in_python_env/env/lib/python3.10/site-packages/airflow/example_dags/example_python_operator.py
[2023-12-20T18:30:07.468+0600] {processor.py:840} INFO - DAG(s) 'example_python_operator' retrieved from /home/robin/Documents/Tanjim/Miscellaneous Projects/airflow_docker/airflow_in_python_env/env/lib/python3.10/site-packages/airflow/example_dags/example_python_operator.py
[2023-12-20T18:30:07.492+0600] {logging_mixin.py:188} INFO - [2023-12-20T18:30:07.491+0600] {dag.py:3033} INFO - Sync 1 DAGs
[2023-12-20T18:30:07.504+0600] {logging_mixin.py:188} INFO - [2023-12-20T18:30:07.503+0600] {dag.py:3820} INFO - Setting next_dagrun for example_python_operator to None, run_after=None
[2023-12-20T18:30:07.546+0600] {processor.py:183} INFO - Processing /home/robin/Documents/Tanjim/Miscellaneous Projects/airflow_docker/airflow_in_python_env/env/lib/python3.10/site-packages/airflow/example_dags/example_python_operator.py took 0.151 seconds
