[2023-12-20T17:58:44.874+0600] {processor.py:161} INFO - Started process (PID=67158) to work on /home/robin/Documents/Tanjim/Miscellaneous Projects/airflow_docker/airflow_in_python_env/env/lib/python3.10/site-packages/airflow/example_dags/example_latest_only_with_trigger.py
[2023-12-20T17:58:44.875+0600] {processor.py:830} INFO - Processing file /home/robin/Documents/Tanjim/Miscellaneous Projects/airflow_docker/airflow_in_python_env/env/lib/python3.10/site-packages/airflow/example_dags/example_latest_only_with_trigger.py for tasks to queue
[2023-12-20T17:58:44.877+0600] {logging_mixin.py:188} INFO - [2023-12-20T17:58:44.876+0600] {dagbag.py:538} INFO - Filling up the DagBag from /home/robin/Documents/Tanjim/Miscellaneous Projects/airflow_docker/airflow_in_python_env/env/lib/python3.10/site-packages/airflow/example_dags/example_latest_only_with_trigger.py
[2023-12-20T17:58:44.890+0600] {processor.py:840} INFO - DAG(s) 'latest_only_with_trigger' retrieved from /home/robin/Documents/Tanjim/Miscellaneous Projects/airflow_docker/airflow_in_python_env/env/lib/python3.10/site-packages/airflow/example_dags/example_latest_only_with_trigger.py
[2023-12-20T17:58:45.086+0600] {logging_mixin.py:188} INFO - [2023-12-20T17:58:45.086+0600] {dag.py:3033} INFO - Sync 1 DAGs
[2023-12-20T17:58:45.129+0600] {logging_mixin.py:188} INFO - [2023-12-20T17:58:45.129+0600] {dag.py:3820} INFO - Setting next_dagrun for latest_only_with_trigger to 2023-12-20T04:00:00+00:00, run_after=2023-12-20T08:00:00+00:00
[2023-12-20T17:58:45.184+0600] {processor.py:183} INFO - Processing /home/robin/Documents/Tanjim/Miscellaneous Projects/airflow_docker/airflow_in_python_env/env/lib/python3.10/site-packages/airflow/example_dags/example_latest_only_with_trigger.py took 0.316 seconds
[2023-12-20T17:59:39.859+0600] {processor.py:161} INFO - Started process (PID=67375) to work on /home/robin/Documents/Tanjim/Miscellaneous Projects/airflow_docker/airflow_in_python_env/env/lib/python3.10/site-packages/airflow/example_dags/example_latest_only_with_trigger.py
[2023-12-20T17:59:39.868+0600] {processor.py:830} INFO - Processing file /home/robin/Documents/Tanjim/Miscellaneous Projects/airflow_docker/airflow_in_python_env/env/lib/python3.10/site-packages/airflow/example_dags/example_latest_only_with_trigger.py for tasks to queue
[2023-12-20T17:59:39.870+0600] {logging_mixin.py:188} INFO - [2023-12-20T17:59:39.869+0600] {dagbag.py:538} INFO - Filling up the DagBag from /home/robin/Documents/Tanjim/Miscellaneous Projects/airflow_docker/airflow_in_python_env/env/lib/python3.10/site-packages/airflow/example_dags/example_latest_only_with_trigger.py
[2023-12-20T17:59:39.887+0600] {processor.py:840} INFO - DAG(s) 'latest_only_with_trigger' retrieved from /home/robin/Documents/Tanjim/Miscellaneous Projects/airflow_docker/airflow_in_python_env/env/lib/python3.10/site-packages/airflow/example_dags/example_latest_only_with_trigger.py
[2023-12-20T17:59:39.915+0600] {logging_mixin.py:188} INFO - [2023-12-20T17:59:39.914+0600] {dag.py:3033} INFO - Sync 1 DAGs
[2023-12-20T17:59:39.949+0600] {logging_mixin.py:188} INFO - [2023-12-20T17:59:39.948+0600] {dag.py:3820} INFO - Setting next_dagrun for latest_only_with_trigger to 2023-12-20T04:00:00+00:00, run_after=2023-12-20T08:00:00+00:00
[2023-12-20T17:59:40.004+0600] {processor.py:183} INFO - Processing /home/robin/Documents/Tanjim/Miscellaneous Projects/airflow_docker/airflow_in_python_env/env/lib/python3.10/site-packages/airflow/example_dags/example_latest_only_with_trigger.py took 0.150 seconds
[2023-12-20T18:00:34.163+0600] {processor.py:161} INFO - Started process (PID=67512) to work on /home/robin/Documents/Tanjim/Miscellaneous Projects/airflow_docker/airflow_in_python_env/env/lib/python3.10/site-packages/airflow/example_dags/example_latest_only_with_trigger.py
[2023-12-20T18:00:34.171+0600] {processor.py:830} INFO - Processing file /home/robin/Documents/Tanjim/Miscellaneous Projects/airflow_docker/airflow_in_python_env/env/lib/python3.10/site-packages/airflow/example_dags/example_latest_only_with_trigger.py for tasks to queue
[2023-12-20T18:00:34.173+0600] {logging_mixin.py:188} INFO - [2023-12-20T18:00:34.172+0600] {dagbag.py:538} INFO - Filling up the DagBag from /home/robin/Documents/Tanjim/Miscellaneous Projects/airflow_docker/airflow_in_python_env/env/lib/python3.10/site-packages/airflow/example_dags/example_latest_only_with_trigger.py
[2023-12-20T18:00:34.184+0600] {processor.py:840} INFO - DAG(s) 'latest_only_with_trigger' retrieved from /home/robin/Documents/Tanjim/Miscellaneous Projects/airflow_docker/airflow_in_python_env/env/lib/python3.10/site-packages/airflow/example_dags/example_latest_only_with_trigger.py
[2023-12-20T18:00:34.209+0600] {logging_mixin.py:188} INFO - [2023-12-20T18:00:34.209+0600] {dag.py:3033} INFO - Sync 1 DAGs
[2023-12-20T18:00:34.250+0600] {logging_mixin.py:188} INFO - [2023-12-20T18:00:34.250+0600] {dag.py:3820} INFO - Setting next_dagrun for latest_only_with_trigger to 2023-12-20T08:00:00+00:00, run_after=2023-12-20T12:00:00+00:00
[2023-12-20T18:00:34.294+0600] {processor.py:183} INFO - Processing /home/robin/Documents/Tanjim/Miscellaneous Projects/airflow_docker/airflow_in_python_env/env/lib/python3.10/site-packages/airflow/example_dags/example_latest_only_with_trigger.py took 0.137 seconds
[2023-12-20T18:01:25.911+0600] {processor.py:161} INFO - Started process (PID=68060) to work on /home/robin/Documents/Tanjim/Miscellaneous Projects/airflow_docker/airflow_in_python_env/env/lib/python3.10/site-packages/airflow/example_dags/example_latest_only_with_trigger.py
[2023-12-20T18:01:25.914+0600] {processor.py:830} INFO - Processing file /home/robin/Documents/Tanjim/Miscellaneous Projects/airflow_docker/airflow_in_python_env/env/lib/python3.10/site-packages/airflow/example_dags/example_latest_only_with_trigger.py for tasks to queue
[2023-12-20T18:01:25.916+0600] {logging_mixin.py:188} INFO - [2023-12-20T18:01:25.915+0600] {dagbag.py:538} INFO - Filling up the DagBag from /home/robin/Documents/Tanjim/Miscellaneous Projects/airflow_docker/airflow_in_python_env/env/lib/python3.10/site-packages/airflow/example_dags/example_latest_only_with_trigger.py
[2023-12-20T18:01:25.949+0600] {processor.py:840} INFO - DAG(s) 'latest_only_with_trigger' retrieved from /home/robin/Documents/Tanjim/Miscellaneous Projects/airflow_docker/airflow_in_python_env/env/lib/python3.10/site-packages/airflow/example_dags/example_latest_only_with_trigger.py
[2023-12-20T18:01:25.978+0600] {logging_mixin.py:188} INFO - [2023-12-20T18:01:25.978+0600] {dag.py:3033} INFO - Sync 1 DAGs
[2023-12-20T18:01:26.016+0600] {logging_mixin.py:188} INFO - [2023-12-20T18:01:26.015+0600] {dag.py:3820} INFO - Setting next_dagrun for latest_only_with_trigger to 2023-12-20T08:00:00+00:00, run_after=2023-12-20T12:00:00+00:00
[2023-12-20T18:01:26.060+0600] {processor.py:183} INFO - Processing /home/robin/Documents/Tanjim/Miscellaneous Projects/airflow_docker/airflow_in_python_env/env/lib/python3.10/site-packages/airflow/example_dags/example_latest_only_with_trigger.py took 0.170 seconds
[2023-12-20T18:02:50.755+0600] {processor.py:161} INFO - Started process (PID=68951) to work on /home/robin/Documents/Tanjim/Miscellaneous Projects/airflow_docker/airflow_in_python_env/env/lib/python3.10/site-packages/airflow/example_dags/example_latest_only_with_trigger.py
[2023-12-20T18:02:50.764+0600] {processor.py:830} INFO - Processing file /home/robin/Documents/Tanjim/Miscellaneous Projects/airflow_docker/airflow_in_python_env/env/lib/python3.10/site-packages/airflow/example_dags/example_latest_only_with_trigger.py for tasks to queue
[2023-12-20T18:02:50.766+0600] {logging_mixin.py:188} INFO - [2023-12-20T18:02:50.765+0600] {dagbag.py:538} INFO - Filling up the DagBag from /home/robin/Documents/Tanjim/Miscellaneous Projects/airflow_docker/airflow_in_python_env/env/lib/python3.10/site-packages/airflow/example_dags/example_latest_only_with_trigger.py
[2023-12-20T18:02:50.778+0600] {processor.py:840} INFO - DAG(s) 'latest_only_with_trigger' retrieved from /home/robin/Documents/Tanjim/Miscellaneous Projects/airflow_docker/airflow_in_python_env/env/lib/python3.10/site-packages/airflow/example_dags/example_latest_only_with_trigger.py
[2023-12-20T18:02:50.807+0600] {logging_mixin.py:188} INFO - [2023-12-20T18:02:50.807+0600] {dag.py:3033} INFO - Sync 1 DAGs
[2023-12-20T18:02:50.840+0600] {logging_mixin.py:188} INFO - [2023-12-20T18:02:50.840+0600] {dag.py:3820} INFO - Setting next_dagrun for latest_only_with_trigger to 2023-12-20T08:00:00+00:00, run_after=2023-12-20T12:00:00+00:00
[2023-12-20T18:02:50.915+0600] {processor.py:183} INFO - Processing /home/robin/Documents/Tanjim/Miscellaneous Projects/airflow_docker/airflow_in_python_env/env/lib/python3.10/site-packages/airflow/example_dags/example_latest_only_with_trigger.py took 0.167 seconds
[2023-12-20T18:03:44.129+0600] {processor.py:161} INFO - Started process (PID=69284) to work on /home/robin/Documents/Tanjim/Miscellaneous Projects/airflow_docker/airflow_in_python_env/env/lib/python3.10/site-packages/airflow/example_dags/example_latest_only_with_trigger.py
[2023-12-20T18:03:44.138+0600] {processor.py:830} INFO - Processing file /home/robin/Documents/Tanjim/Miscellaneous Projects/airflow_docker/airflow_in_python_env/env/lib/python3.10/site-packages/airflow/example_dags/example_latest_only_with_trigger.py for tasks to queue
[2023-12-20T18:03:44.140+0600] {logging_mixin.py:188} INFO - [2023-12-20T18:03:44.139+0600] {dagbag.py:538} INFO - Filling up the DagBag from /home/robin/Documents/Tanjim/Miscellaneous Projects/airflow_docker/airflow_in_python_env/env/lib/python3.10/site-packages/airflow/example_dags/example_latest_only_with_trigger.py
[2023-12-20T18:03:44.152+0600] {processor.py:840} INFO - DAG(s) 'latest_only_with_trigger' retrieved from /home/robin/Documents/Tanjim/Miscellaneous Projects/airflow_docker/airflow_in_python_env/env/lib/python3.10/site-packages/airflow/example_dags/example_latest_only_with_trigger.py
[2023-12-20T18:03:44.172+0600] {logging_mixin.py:188} INFO - [2023-12-20T18:03:44.172+0600] {dag.py:3033} INFO - Sync 1 DAGs
[2023-12-20T18:03:44.197+0600] {logging_mixin.py:188} INFO - [2023-12-20T18:03:44.197+0600] {dag.py:3820} INFO - Setting next_dagrun for latest_only_with_trigger to 2023-12-20T08:00:00+00:00, run_after=2023-12-20T12:00:00+00:00
[2023-12-20T18:03:44.229+0600] {processor.py:183} INFO - Processing /home/robin/Documents/Tanjim/Miscellaneous Projects/airflow_docker/airflow_in_python_env/env/lib/python3.10/site-packages/airflow/example_dags/example_latest_only_with_trigger.py took 0.105 seconds
[2023-12-20T18:04:54.654+0600] {processor.py:161} INFO - Started process (PID=69604) to work on /home/robin/Documents/Tanjim/Miscellaneous Projects/airflow_docker/airflow_in_python_env/env/lib/python3.10/site-packages/airflow/example_dags/example_latest_only_with_trigger.py
[2023-12-20T18:04:54.662+0600] {processor.py:830} INFO - Processing file /home/robin/Documents/Tanjim/Miscellaneous Projects/airflow_docker/airflow_in_python_env/env/lib/python3.10/site-packages/airflow/example_dags/example_latest_only_with_trigger.py for tasks to queue
[2023-12-20T18:04:54.663+0600] {logging_mixin.py:188} INFO - [2023-12-20T18:04:54.662+0600] {dagbag.py:538} INFO - Filling up the DagBag from /home/robin/Documents/Tanjim/Miscellaneous Projects/airflow_docker/airflow_in_python_env/env/lib/python3.10/site-packages/airflow/example_dags/example_latest_only_with_trigger.py
[2023-12-20T18:04:54.672+0600] {processor.py:840} INFO - DAG(s) 'latest_only_with_trigger' retrieved from /home/robin/Documents/Tanjim/Miscellaneous Projects/airflow_docker/airflow_in_python_env/env/lib/python3.10/site-packages/airflow/example_dags/example_latest_only_with_trigger.py
[2023-12-20T18:04:54.695+0600] {logging_mixin.py:188} INFO - [2023-12-20T18:04:54.694+0600] {dag.py:3033} INFO - Sync 1 DAGs
[2023-12-20T18:04:54.715+0600] {logging_mixin.py:188} INFO - [2023-12-20T18:04:54.715+0600] {dag.py:3820} INFO - Setting next_dagrun for latest_only_with_trigger to 2023-12-20T08:00:00+00:00, run_after=2023-12-20T12:00:00+00:00
[2023-12-20T18:04:54.755+0600] {processor.py:183} INFO - Processing /home/robin/Documents/Tanjim/Miscellaneous Projects/airflow_docker/airflow_in_python_env/env/lib/python3.10/site-packages/airflow/example_dags/example_latest_only_with_trigger.py took 0.105 seconds
[2023-12-20T18:18:41.544+0600] {processor.py:161} INFO - Started process (PID=72167) to work on /home/robin/Documents/Tanjim/Miscellaneous Projects/airflow_docker/airflow_in_python_env/env/lib/python3.10/site-packages/airflow/example_dags/example_latest_only_with_trigger.py
[2023-12-20T18:18:41.554+0600] {processor.py:830} INFO - Processing file /home/robin/Documents/Tanjim/Miscellaneous Projects/airflow_docker/airflow_in_python_env/env/lib/python3.10/site-packages/airflow/example_dags/example_latest_only_with_trigger.py for tasks to queue
[2023-12-20T18:18:41.557+0600] {logging_mixin.py:188} INFO - [2023-12-20T18:18:41.556+0600] {dagbag.py:538} INFO - Filling up the DagBag from /home/robin/Documents/Tanjim/Miscellaneous Projects/airflow_docker/airflow_in_python_env/env/lib/python3.10/site-packages/airflow/example_dags/example_latest_only_with_trigger.py
[2023-12-20T18:18:41.584+0600] {processor.py:840} INFO - DAG(s) 'latest_only_with_trigger' retrieved from /home/robin/Documents/Tanjim/Miscellaneous Projects/airflow_docker/airflow_in_python_env/env/lib/python3.10/site-packages/airflow/example_dags/example_latest_only_with_trigger.py
[2023-12-20T18:18:41.629+0600] {logging_mixin.py:188} INFO - [2023-12-20T18:18:41.629+0600] {dag.py:3033} INFO - Sync 1 DAGs
[2023-12-20T18:18:41.653+0600] {logging_mixin.py:188} INFO - [2023-12-20T18:18:41.652+0600] {dag.py:3820} INFO - Setting next_dagrun for latest_only_with_trigger to 2023-12-20T08:00:00+00:00, run_after=2023-12-20T12:00:00+00:00
[2023-12-20T18:18:41.687+0600] {processor.py:183} INFO - Processing /home/robin/Documents/Tanjim/Miscellaneous Projects/airflow_docker/airflow_in_python_env/env/lib/python3.10/site-packages/airflow/example_dags/example_latest_only_with_trigger.py took 0.154 seconds
[2023-12-20T18:19:37.871+0600] {processor.py:161} INFO - Started process (PID=72308) to work on /home/robin/Documents/Tanjim/Miscellaneous Projects/airflow_docker/airflow_in_python_env/env/lib/python3.10/site-packages/airflow/example_dags/example_latest_only_with_trigger.py
[2023-12-20T18:19:37.880+0600] {processor.py:830} INFO - Processing file /home/robin/Documents/Tanjim/Miscellaneous Projects/airflow_docker/airflow_in_python_env/env/lib/python3.10/site-packages/airflow/example_dags/example_latest_only_with_trigger.py for tasks to queue
[2023-12-20T18:19:37.883+0600] {logging_mixin.py:188} INFO - [2023-12-20T18:19:37.882+0600] {dagbag.py:538} INFO - Filling up the DagBag from /home/robin/Documents/Tanjim/Miscellaneous Projects/airflow_docker/airflow_in_python_env/env/lib/python3.10/site-packages/airflow/example_dags/example_latest_only_with_trigger.py
[2023-12-20T18:19:37.899+0600] {processor.py:840} INFO - DAG(s) 'latest_only_with_trigger' retrieved from /home/robin/Documents/Tanjim/Miscellaneous Projects/airflow_docker/airflow_in_python_env/env/lib/python3.10/site-packages/airflow/example_dags/example_latest_only_with_trigger.py
[2023-12-20T18:19:37.931+0600] {logging_mixin.py:188} INFO - [2023-12-20T18:19:37.930+0600] {dag.py:3033} INFO - Sync 1 DAGs
[2023-12-20T18:19:37.964+0600] {logging_mixin.py:188} INFO - [2023-12-20T18:19:37.964+0600] {dag.py:3820} INFO - Setting next_dagrun for latest_only_with_trigger to 2023-12-20T08:00:00+00:00, run_after=2023-12-20T12:00:00+00:00
[2023-12-20T18:19:38.007+0600] {processor.py:183} INFO - Processing /home/robin/Documents/Tanjim/Miscellaneous Projects/airflow_docker/airflow_in_python_env/env/lib/python3.10/site-packages/airflow/example_dags/example_latest_only_with_trigger.py took 0.142 seconds
[2023-12-20T18:20:31.084+0600] {processor.py:161} INFO - Started process (PID=72448) to work on /home/robin/Documents/Tanjim/Miscellaneous Projects/airflow_docker/airflow_in_python_env/env/lib/python3.10/site-packages/airflow/example_dags/example_latest_only_with_trigger.py
[2023-12-20T18:20:31.097+0600] {processor.py:830} INFO - Processing file /home/robin/Documents/Tanjim/Miscellaneous Projects/airflow_docker/airflow_in_python_env/env/lib/python3.10/site-packages/airflow/example_dags/example_latest_only_with_trigger.py for tasks to queue
[2023-12-20T18:20:31.101+0600] {logging_mixin.py:188} INFO - [2023-12-20T18:20:31.099+0600] {dagbag.py:538} INFO - Filling up the DagBag from /home/robin/Documents/Tanjim/Miscellaneous Projects/airflow_docker/airflow_in_python_env/env/lib/python3.10/site-packages/airflow/example_dags/example_latest_only_with_trigger.py
[2023-12-20T18:20:31.116+0600] {processor.py:840} INFO - DAG(s) 'latest_only_with_trigger' retrieved from /home/robin/Documents/Tanjim/Miscellaneous Projects/airflow_docker/airflow_in_python_env/env/lib/python3.10/site-packages/airflow/example_dags/example_latest_only_with_trigger.py
[2023-12-20T18:20:31.138+0600] {logging_mixin.py:188} INFO - [2023-12-20T18:20:31.137+0600] {dag.py:3033} INFO - Sync 1 DAGs
[2023-12-20T18:20:31.160+0600] {logging_mixin.py:188} INFO - [2023-12-20T18:20:31.159+0600] {dag.py:3820} INFO - Setting next_dagrun for latest_only_with_trigger to 2023-12-20T08:00:00+00:00, run_after=2023-12-20T12:00:00+00:00
[2023-12-20T18:20:31.191+0600] {processor.py:183} INFO - Processing /home/robin/Documents/Tanjim/Miscellaneous Projects/airflow_docker/airflow_in_python_env/env/lib/python3.10/site-packages/airflow/example_dags/example_latest_only_with_trigger.py took 0.126 seconds
[2023-12-20T18:29:34.788+0600] {processor.py:161} INFO - Started process (PID=75454) to work on /home/robin/Documents/Tanjim/Miscellaneous Projects/airflow_docker/airflow_in_python_env/env/lib/python3.10/site-packages/airflow/example_dags/example_latest_only_with_trigger.py
[2023-12-20T18:29:34.796+0600] {processor.py:830} INFO - Processing file /home/robin/Documents/Tanjim/Miscellaneous Projects/airflow_docker/airflow_in_python_env/env/lib/python3.10/site-packages/airflow/example_dags/example_latest_only_with_trigger.py for tasks to queue
[2023-12-20T18:29:34.797+0600] {logging_mixin.py:188} INFO - [2023-12-20T18:29:34.796+0600] {dagbag.py:538} INFO - Filling up the DagBag from /home/robin/Documents/Tanjim/Miscellaneous Projects/airflow_docker/airflow_in_python_env/env/lib/python3.10/site-packages/airflow/example_dags/example_latest_only_with_trigger.py
[2023-12-20T18:29:34.807+0600] {processor.py:840} INFO - DAG(s) 'latest_only_with_trigger' retrieved from /home/robin/Documents/Tanjim/Miscellaneous Projects/airflow_docker/airflow_in_python_env/env/lib/python3.10/site-packages/airflow/example_dags/example_latest_only_with_trigger.py
[2023-12-20T18:29:34.833+0600] {logging_mixin.py:188} INFO - [2023-12-20T18:29:34.832+0600] {dag.py:3033} INFO - Sync 1 DAGs
[2023-12-20T18:29:34.865+0600] {logging_mixin.py:188} INFO - [2023-12-20T18:29:34.865+0600] {dag.py:3820} INFO - Setting next_dagrun for latest_only_with_trigger to 2023-12-20T08:00:00+00:00, run_after=2023-12-20T12:00:00+00:00
[2023-12-20T18:29:34.907+0600] {processor.py:183} INFO - Processing /home/robin/Documents/Tanjim/Miscellaneous Projects/airflow_docker/airflow_in_python_env/env/lib/python3.10/site-packages/airflow/example_dags/example_latest_only_with_trigger.py took 0.126 seconds
[2023-12-20T18:30:26.799+0600] {processor.py:161} INFO - Started process (PID=75691) to work on /home/robin/Documents/Tanjim/Miscellaneous Projects/airflow_docker/airflow_in_python_env/env/lib/python3.10/site-packages/airflow/example_dags/example_latest_only_with_trigger.py
[2023-12-20T18:30:26.801+0600] {processor.py:830} INFO - Processing file /home/robin/Documents/Tanjim/Miscellaneous Projects/airflow_docker/airflow_in_python_env/env/lib/python3.10/site-packages/airflow/example_dags/example_latest_only_with_trigger.py for tasks to queue
[2023-12-20T18:30:26.802+0600] {logging_mixin.py:188} INFO - [2023-12-20T18:30:26.801+0600] {dagbag.py:538} INFO - Filling up the DagBag from /home/robin/Documents/Tanjim/Miscellaneous Projects/airflow_docker/airflow_in_python_env/env/lib/python3.10/site-packages/airflow/example_dags/example_latest_only_with_trigger.py
[2023-12-20T18:30:26.814+0600] {processor.py:840} INFO - DAG(s) 'latest_only_with_trigger' retrieved from /home/robin/Documents/Tanjim/Miscellaneous Projects/airflow_docker/airflow_in_python_env/env/lib/python3.10/site-packages/airflow/example_dags/example_latest_only_with_trigger.py
[2023-12-20T18:30:26.839+0600] {logging_mixin.py:188} INFO - [2023-12-20T18:30:26.838+0600] {dag.py:3033} INFO - Sync 1 DAGs
[2023-12-20T18:30:26.870+0600] {logging_mixin.py:188} INFO - [2023-12-20T18:30:26.870+0600] {dag.py:3820} INFO - Setting next_dagrun for latest_only_with_trigger to 2023-12-20T08:00:00+00:00, run_after=2023-12-20T12:00:00+00:00
[2023-12-20T18:30:26.905+0600] {processor.py:183} INFO - Processing /home/robin/Documents/Tanjim/Miscellaneous Projects/airflow_docker/airflow_in_python_env/env/lib/python3.10/site-packages/airflow/example_dags/example_latest_only_with_trigger.py took 0.110 seconds
