[2023-12-20T17:58:30.135+0600] {processor.py:161} INFO - Started process (PID=67102) to work on /home/robin/Documents/Tanjim/Miscellaneous Projects/airflow_docker/airflow_in_python_env/env/lib/python3.10/site-packages/airflow/example_dags/example_setup_teardown.py
[2023-12-20T17:58:30.136+0600] {processor.py:830} INFO - Processing file /home/robin/Documents/Tanjim/Miscellaneous Projects/airflow_docker/airflow_in_python_env/env/lib/python3.10/site-packages/airflow/example_dags/example_setup_teardown.py for tasks to queue
[2023-12-20T17:58:30.137+0600] {logging_mixin.py:188} INFO - [2023-12-20T17:58:30.137+0600] {dagbag.py:538} INFO - Filling up the DagBag from /home/robin/Documents/Tanjim/Miscellaneous Projects/airflow_docker/airflow_in_python_env/env/lib/python3.10/site-packages/airflow/example_dags/example_setup_teardown.py
[2023-12-20T17:58:30.146+0600] {processor.py:840} INFO - DAG(s) 'example_setup_teardown' retrieved from /home/robin/Documents/Tanjim/Miscellaneous Projects/airflow_docker/airflow_in_python_env/env/lib/python3.10/site-packages/airflow/example_dags/example_setup_teardown.py
[2023-12-20T17:58:30.253+0600] {logging_mixin.py:188} INFO - [2023-12-20T17:58:30.252+0600] {dag.py:3033} INFO - Sync 1 DAGs
[2023-12-20T17:58:30.272+0600] {logging_mixin.py:188} INFO - [2023-12-20T17:58:30.272+0600] {dag.py:3820} INFO - Setting next_dagrun for example_setup_teardown to 2023-12-19T00:00:00+00:00, run_after=2023-12-20T00:00:00+00:00
[2023-12-20T17:58:30.308+0600] {processor.py:183} INFO - Processing /home/robin/Documents/Tanjim/Miscellaneous Projects/airflow_docker/airflow_in_python_env/env/lib/python3.10/site-packages/airflow/example_dags/example_setup_teardown.py took 0.179 seconds
[2023-12-20T17:59:25.599+0600] {processor.py:161} INFO - Started process (PID=67343) to work on /home/robin/Documents/Tanjim/Miscellaneous Projects/airflow_docker/airflow_in_python_env/env/lib/python3.10/site-packages/airflow/example_dags/example_setup_teardown.py
[2023-12-20T17:59:25.607+0600] {processor.py:830} INFO - Processing file /home/robin/Documents/Tanjim/Miscellaneous Projects/airflow_docker/airflow_in_python_env/env/lib/python3.10/site-packages/airflow/example_dags/example_setup_teardown.py for tasks to queue
[2023-12-20T17:59:25.609+0600] {logging_mixin.py:188} INFO - [2023-12-20T17:59:25.608+0600] {dagbag.py:538} INFO - Filling up the DagBag from /home/robin/Documents/Tanjim/Miscellaneous Projects/airflow_docker/airflow_in_python_env/env/lib/python3.10/site-packages/airflow/example_dags/example_setup_teardown.py
[2023-12-20T17:59:25.622+0600] {processor.py:840} INFO - DAG(s) 'example_setup_teardown' retrieved from /home/robin/Documents/Tanjim/Miscellaneous Projects/airflow_docker/airflow_in_python_env/env/lib/python3.10/site-packages/airflow/example_dags/example_setup_teardown.py
[2023-12-20T17:59:25.644+0600] {logging_mixin.py:188} INFO - [2023-12-20T17:59:25.644+0600] {dag.py:3033} INFO - Sync 1 DAGs
[2023-12-20T17:59:25.670+0600] {logging_mixin.py:188} INFO - [2023-12-20T17:59:25.669+0600] {dag.py:3820} INFO - Setting next_dagrun for example_setup_teardown to 2023-12-19T00:00:00+00:00, run_after=2023-12-20T00:00:00+00:00
[2023-12-20T17:59:25.703+0600] {processor.py:183} INFO - Processing /home/robin/Documents/Tanjim/Miscellaneous Projects/airflow_docker/airflow_in_python_env/env/lib/python3.10/site-packages/airflow/example_dags/example_setup_teardown.py took 0.108 seconds
[2023-12-20T18:00:19.884+0600] {processor.py:161} INFO - Started process (PID=67489) to work on /home/robin/Documents/Tanjim/Miscellaneous Projects/airflow_docker/airflow_in_python_env/env/lib/python3.10/site-packages/airflow/example_dags/example_setup_teardown.py
[2023-12-20T18:00:19.895+0600] {processor.py:830} INFO - Processing file /home/robin/Documents/Tanjim/Miscellaneous Projects/airflow_docker/airflow_in_python_env/env/lib/python3.10/site-packages/airflow/example_dags/example_setup_teardown.py for tasks to queue
[2023-12-20T18:00:19.901+0600] {logging_mixin.py:188} INFO - [2023-12-20T18:00:19.898+0600] {dagbag.py:538} INFO - Filling up the DagBag from /home/robin/Documents/Tanjim/Miscellaneous Projects/airflow_docker/airflow_in_python_env/env/lib/python3.10/site-packages/airflow/example_dags/example_setup_teardown.py
[2023-12-20T18:00:19.920+0600] {processor.py:840} INFO - DAG(s) 'example_setup_teardown' retrieved from /home/robin/Documents/Tanjim/Miscellaneous Projects/airflow_docker/airflow_in_python_env/env/lib/python3.10/site-packages/airflow/example_dags/example_setup_teardown.py
[2023-12-20T18:00:19.939+0600] {logging_mixin.py:188} INFO - [2023-12-20T18:00:19.938+0600] {dag.py:3033} INFO - Sync 1 DAGs
[2023-12-20T18:00:19.962+0600] {logging_mixin.py:188} INFO - [2023-12-20T18:00:19.961+0600] {dag.py:3820} INFO - Setting next_dagrun for example_setup_teardown to 2023-12-19T00:00:00+00:00, run_after=2023-12-20T00:00:00+00:00
[2023-12-20T18:00:19.992+0600] {processor.py:183} INFO - Processing /home/robin/Documents/Tanjim/Miscellaneous Projects/airflow_docker/airflow_in_python_env/env/lib/python3.10/site-packages/airflow/example_dags/example_setup_teardown.py took 0.114 seconds
[2023-12-20T18:01:12.180+0600] {processor.py:161} INFO - Started process (PID=67928) to work on /home/robin/Documents/Tanjim/Miscellaneous Projects/airflow_docker/airflow_in_python_env/env/lib/python3.10/site-packages/airflow/example_dags/example_setup_teardown.py
[2023-12-20T18:01:12.188+0600] {processor.py:830} INFO - Processing file /home/robin/Documents/Tanjim/Miscellaneous Projects/airflow_docker/airflow_in_python_env/env/lib/python3.10/site-packages/airflow/example_dags/example_setup_teardown.py for tasks to queue
[2023-12-20T18:01:12.189+0600] {logging_mixin.py:188} INFO - [2023-12-20T18:01:12.189+0600] {dagbag.py:538} INFO - Filling up the DagBag from /home/robin/Documents/Tanjim/Miscellaneous Projects/airflow_docker/airflow_in_python_env/env/lib/python3.10/site-packages/airflow/example_dags/example_setup_teardown.py
[2023-12-20T18:01:12.201+0600] {processor.py:840} INFO - DAG(s) 'example_setup_teardown' retrieved from /home/robin/Documents/Tanjim/Miscellaneous Projects/airflow_docker/airflow_in_python_env/env/lib/python3.10/site-packages/airflow/example_dags/example_setup_teardown.py
[2023-12-20T18:01:12.221+0600] {logging_mixin.py:188} INFO - [2023-12-20T18:01:12.221+0600] {dag.py:3033} INFO - Sync 1 DAGs
[2023-12-20T18:01:12.242+0600] {logging_mixin.py:188} INFO - [2023-12-20T18:01:12.242+0600] {dag.py:3820} INFO - Setting next_dagrun for example_setup_teardown to 2023-12-19T00:00:00+00:00, run_after=2023-12-20T00:00:00+00:00
[2023-12-20T18:01:12.267+0600] {processor.py:183} INFO - Processing /home/robin/Documents/Tanjim/Miscellaneous Projects/airflow_docker/airflow_in_python_env/env/lib/python3.10/site-packages/airflow/example_dags/example_setup_teardown.py took 0.091 seconds
[2023-12-20T18:02:37.637+0600] {processor.py:161} INFO - Started process (PID=68831) to work on /home/robin/Documents/Tanjim/Miscellaneous Projects/airflow_docker/airflow_in_python_env/env/lib/python3.10/site-packages/airflow/example_dags/example_setup_teardown.py
[2023-12-20T18:02:37.645+0600] {processor.py:830} INFO - Processing file /home/robin/Documents/Tanjim/Miscellaneous Projects/airflow_docker/airflow_in_python_env/env/lib/python3.10/site-packages/airflow/example_dags/example_setup_teardown.py for tasks to queue
[2023-12-20T18:02:37.646+0600] {logging_mixin.py:188} INFO - [2023-12-20T18:02:37.646+0600] {dagbag.py:538} INFO - Filling up the DagBag from /home/robin/Documents/Tanjim/Miscellaneous Projects/airflow_docker/airflow_in_python_env/env/lib/python3.10/site-packages/airflow/example_dags/example_setup_teardown.py
[2023-12-20T18:02:37.657+0600] {processor.py:840} INFO - DAG(s) 'example_setup_teardown' retrieved from /home/robin/Documents/Tanjim/Miscellaneous Projects/airflow_docker/airflow_in_python_env/env/lib/python3.10/site-packages/airflow/example_dags/example_setup_teardown.py
[2023-12-20T18:02:37.678+0600] {logging_mixin.py:188} INFO - [2023-12-20T18:02:37.677+0600] {dag.py:3033} INFO - Sync 1 DAGs
[2023-12-20T18:02:37.701+0600] {logging_mixin.py:188} INFO - [2023-12-20T18:02:37.701+0600] {dag.py:3820} INFO - Setting next_dagrun for example_setup_teardown to 2023-12-19T00:00:00+00:00, run_after=2023-12-20T00:00:00+00:00
[2023-12-20T18:02:37.750+0600] {processor.py:183} INFO - Processing /home/robin/Documents/Tanjim/Miscellaneous Projects/airflow_docker/airflow_in_python_env/env/lib/python3.10/site-packages/airflow/example_dags/example_setup_teardown.py took 0.117 seconds
[2023-12-20T18:03:30.079+0600] {processor.py:161} INFO - Started process (PID=69241) to work on /home/robin/Documents/Tanjim/Miscellaneous Projects/airflow_docker/airflow_in_python_env/env/lib/python3.10/site-packages/airflow/example_dags/example_setup_teardown.py
[2023-12-20T18:03:30.088+0600] {processor.py:830} INFO - Processing file /home/robin/Documents/Tanjim/Miscellaneous Projects/airflow_docker/airflow_in_python_env/env/lib/python3.10/site-packages/airflow/example_dags/example_setup_teardown.py for tasks to queue
[2023-12-20T18:03:30.090+0600] {logging_mixin.py:188} INFO - [2023-12-20T18:03:30.089+0600] {dagbag.py:538} INFO - Filling up the DagBag from /home/robin/Documents/Tanjim/Miscellaneous Projects/airflow_docker/airflow_in_python_env/env/lib/python3.10/site-packages/airflow/example_dags/example_setup_teardown.py
[2023-12-20T18:03:30.103+0600] {processor.py:840} INFO - DAG(s) 'example_setup_teardown' retrieved from /home/robin/Documents/Tanjim/Miscellaneous Projects/airflow_docker/airflow_in_python_env/env/lib/python3.10/site-packages/airflow/example_dags/example_setup_teardown.py
[2023-12-20T18:03:30.125+0600] {logging_mixin.py:188} INFO - [2023-12-20T18:03:30.125+0600] {dag.py:3033} INFO - Sync 1 DAGs
[2023-12-20T18:03:30.147+0600] {logging_mixin.py:188} INFO - [2023-12-20T18:03:30.147+0600] {dag.py:3820} INFO - Setting next_dagrun for example_setup_teardown to 2023-12-19T00:00:00+00:00, run_after=2023-12-20T00:00:00+00:00
[2023-12-20T18:03:30.213+0600] {processor.py:183} INFO - Processing /home/robin/Documents/Tanjim/Miscellaneous Projects/airflow_docker/airflow_in_python_env/env/lib/python3.10/site-packages/airflow/example_dags/example_setup_teardown.py took 0.141 seconds
[2023-12-20T18:04:20.001+0600] {processor.py:161} INFO - Started process (PID=69474) to work on /home/robin/Documents/Tanjim/Miscellaneous Projects/airflow_docker/airflow_in_python_env/env/lib/python3.10/site-packages/airflow/example_dags/example_setup_teardown.py
[2023-12-20T18:04:20.010+0600] {processor.py:830} INFO - Processing file /home/robin/Documents/Tanjim/Miscellaneous Projects/airflow_docker/airflow_in_python_env/env/lib/python3.10/site-packages/airflow/example_dags/example_setup_teardown.py for tasks to queue
[2023-12-20T18:04:20.011+0600] {logging_mixin.py:188} INFO - [2023-12-20T18:04:20.011+0600] {dagbag.py:538} INFO - Filling up the DagBag from /home/robin/Documents/Tanjim/Miscellaneous Projects/airflow_docker/airflow_in_python_env/env/lib/python3.10/site-packages/airflow/example_dags/example_setup_teardown.py
[2023-12-20T18:04:20.027+0600] {processor.py:840} INFO - DAG(s) 'example_setup_teardown' retrieved from /home/robin/Documents/Tanjim/Miscellaneous Projects/airflow_docker/airflow_in_python_env/env/lib/python3.10/site-packages/airflow/example_dags/example_setup_teardown.py
[2023-12-20T18:04:20.051+0600] {logging_mixin.py:188} INFO - [2023-12-20T18:04:20.050+0600] {dag.py:3033} INFO - Sync 1 DAGs
[2023-12-20T18:04:20.079+0600] {logging_mixin.py:188} INFO - [2023-12-20T18:04:20.079+0600] {dag.py:3820} INFO - Setting next_dagrun for example_setup_teardown to 2023-12-19T00:00:00+00:00, run_after=2023-12-20T00:00:00+00:00
[2023-12-20T18:04:20.115+0600] {processor.py:183} INFO - Processing /home/robin/Documents/Tanjim/Miscellaneous Projects/airflow_docker/airflow_in_python_env/env/lib/python3.10/site-packages/airflow/example_dags/example_setup_teardown.py took 0.120 seconds
[2023-12-20T18:18:28.103+0600] {processor.py:161} INFO - Started process (PID=72130) to work on /home/robin/Documents/Tanjim/Miscellaneous Projects/airflow_docker/airflow_in_python_env/env/lib/python3.10/site-packages/airflow/example_dags/example_setup_teardown.py
[2023-12-20T18:18:28.112+0600] {processor.py:830} INFO - Processing file /home/robin/Documents/Tanjim/Miscellaneous Projects/airflow_docker/airflow_in_python_env/env/lib/python3.10/site-packages/airflow/example_dags/example_setup_teardown.py for tasks to queue
[2023-12-20T18:18:28.114+0600] {logging_mixin.py:188} INFO - [2023-12-20T18:18:28.113+0600] {dagbag.py:538} INFO - Filling up the DagBag from /home/robin/Documents/Tanjim/Miscellaneous Projects/airflow_docker/airflow_in_python_env/env/lib/python3.10/site-packages/airflow/example_dags/example_setup_teardown.py
[2023-12-20T18:18:28.126+0600] {processor.py:840} INFO - DAG(s) 'example_setup_teardown' retrieved from /home/robin/Documents/Tanjim/Miscellaneous Projects/airflow_docker/airflow_in_python_env/env/lib/python3.10/site-packages/airflow/example_dags/example_setup_teardown.py
[2023-12-20T18:18:28.150+0600] {logging_mixin.py:188} INFO - [2023-12-20T18:18:28.150+0600] {dag.py:3033} INFO - Sync 1 DAGs
[2023-12-20T18:18:28.172+0600] {logging_mixin.py:188} INFO - [2023-12-20T18:18:28.172+0600] {dag.py:3820} INFO - Setting next_dagrun for example_setup_teardown to 2023-12-19T00:00:00+00:00, run_after=2023-12-20T00:00:00+00:00
[2023-12-20T18:18:28.208+0600] {processor.py:183} INFO - Processing /home/robin/Documents/Tanjim/Miscellaneous Projects/airflow_docker/airflow_in_python_env/env/lib/python3.10/site-packages/airflow/example_dags/example_setup_teardown.py took 0.112 seconds
[2023-12-20T18:19:23.410+0600] {processor.py:161} INFO - Started process (PID=72279) to work on /home/robin/Documents/Tanjim/Miscellaneous Projects/airflow_docker/airflow_in_python_env/env/lib/python3.10/site-packages/airflow/example_dags/example_setup_teardown.py
[2023-12-20T18:19:23.420+0600] {processor.py:830} INFO - Processing file /home/robin/Documents/Tanjim/Miscellaneous Projects/airflow_docker/airflow_in_python_env/env/lib/python3.10/site-packages/airflow/example_dags/example_setup_teardown.py for tasks to queue
[2023-12-20T18:19:23.422+0600] {logging_mixin.py:188} INFO - [2023-12-20T18:19:23.421+0600] {dagbag.py:538} INFO - Filling up the DagBag from /home/robin/Documents/Tanjim/Miscellaneous Projects/airflow_docker/airflow_in_python_env/env/lib/python3.10/site-packages/airflow/example_dags/example_setup_teardown.py
[2023-12-20T18:19:23.441+0600] {processor.py:840} INFO - DAG(s) 'example_setup_teardown' retrieved from /home/robin/Documents/Tanjim/Miscellaneous Projects/airflow_docker/airflow_in_python_env/env/lib/python3.10/site-packages/airflow/example_dags/example_setup_teardown.py
[2023-12-20T18:19:23.482+0600] {logging_mixin.py:188} INFO - [2023-12-20T18:19:23.481+0600] {dag.py:3033} INFO - Sync 1 DAGs
[2023-12-20T18:19:23.547+0600] {logging_mixin.py:188} INFO - [2023-12-20T18:19:23.546+0600] {dag.py:3820} INFO - Setting next_dagrun for example_setup_teardown to 2023-12-19T00:00:00+00:00, run_after=2023-12-20T00:00:00+00:00
[2023-12-20T18:19:23.624+0600] {processor.py:183} INFO - Processing /home/robin/Documents/Tanjim/Miscellaneous Projects/airflow_docker/airflow_in_python_env/env/lib/python3.10/site-packages/airflow/example_dags/example_setup_teardown.py took 0.219 seconds
[2023-12-20T18:20:17.890+0600] {processor.py:161} INFO - Started process (PID=72408) to work on /home/robin/Documents/Tanjim/Miscellaneous Projects/airflow_docker/airflow_in_python_env/env/lib/python3.10/site-packages/airflow/example_dags/example_setup_teardown.py
[2023-12-20T18:20:17.895+0600] {processor.py:830} INFO - Processing file /home/robin/Documents/Tanjim/Miscellaneous Projects/airflow_docker/airflow_in_python_env/env/lib/python3.10/site-packages/airflow/example_dags/example_setup_teardown.py for tasks to queue
[2023-12-20T18:20:17.898+0600] {logging_mixin.py:188} INFO - [2023-12-20T18:20:17.897+0600] {dagbag.py:538} INFO - Filling up the DagBag from /home/robin/Documents/Tanjim/Miscellaneous Projects/airflow_docker/airflow_in_python_env/env/lib/python3.10/site-packages/airflow/example_dags/example_setup_teardown.py
[2023-12-20T18:20:17.914+0600] {processor.py:840} INFO - DAG(s) 'example_setup_teardown' retrieved from /home/robin/Documents/Tanjim/Miscellaneous Projects/airflow_docker/airflow_in_python_env/env/lib/python3.10/site-packages/airflow/example_dags/example_setup_teardown.py
[2023-12-20T18:20:17.937+0600] {logging_mixin.py:188} INFO - [2023-12-20T18:20:17.936+0600] {dag.py:3033} INFO - Sync 1 DAGs
[2023-12-20T18:20:17.961+0600] {logging_mixin.py:188} INFO - [2023-12-20T18:20:17.961+0600] {dag.py:3820} INFO - Setting next_dagrun for example_setup_teardown to 2023-12-19T00:00:00+00:00, run_after=2023-12-20T00:00:00+00:00
[2023-12-20T18:20:18.051+0600] {processor.py:183} INFO - Processing /home/robin/Documents/Tanjim/Miscellaneous Projects/airflow_docker/airflow_in_python_env/env/lib/python3.10/site-packages/airflow/example_dags/example_setup_teardown.py took 0.178 seconds
[2023-12-20T18:28:57.346+0600] {processor.py:161} INFO - Started process (PID=75017) to work on /home/robin/Documents/Tanjim/Miscellaneous Projects/airflow_docker/airflow_in_python_env/env/lib/python3.10/site-packages/airflow/example_dags/example_setup_teardown.py
[2023-12-20T18:28:57.355+0600] {processor.py:830} INFO - Processing file /home/robin/Documents/Tanjim/Miscellaneous Projects/airflow_docker/airflow_in_python_env/env/lib/python3.10/site-packages/airflow/example_dags/example_setup_teardown.py for tasks to queue
[2023-12-20T18:28:57.356+0600] {logging_mixin.py:188} INFO - [2023-12-20T18:28:57.355+0600] {dagbag.py:538} INFO - Filling up the DagBag from /home/robin/Documents/Tanjim/Miscellaneous Projects/airflow_docker/airflow_in_python_env/env/lib/python3.10/site-packages/airflow/example_dags/example_setup_teardown.py
[2023-12-20T18:28:57.368+0600] {processor.py:840} INFO - DAG(s) 'example_setup_teardown' retrieved from /home/robin/Documents/Tanjim/Miscellaneous Projects/airflow_docker/airflow_in_python_env/env/lib/python3.10/site-packages/airflow/example_dags/example_setup_teardown.py
[2023-12-20T18:28:57.394+0600] {logging_mixin.py:188} INFO - [2023-12-20T18:28:57.394+0600] {dag.py:3033} INFO - Sync 1 DAGs
[2023-12-20T18:28:57.425+0600] {logging_mixin.py:188} INFO - [2023-12-20T18:28:57.425+0600] {dag.py:3820} INFO - Setting next_dagrun for example_setup_teardown to 2023-12-19T00:00:00+00:00, run_after=2023-12-20T00:00:00+00:00
[2023-12-20T18:28:57.458+0600] {processor.py:183} INFO - Processing /home/robin/Documents/Tanjim/Miscellaneous Projects/airflow_docker/airflow_in_python_env/env/lib/python3.10/site-packages/airflow/example_dags/example_setup_teardown.py took 0.116 seconds
[2023-12-20T18:30:14.019+0600] {processor.py:161} INFO - Started process (PID=75627) to work on /home/robin/Documents/Tanjim/Miscellaneous Projects/airflow_docker/airflow_in_python_env/env/lib/python3.10/site-packages/airflow/example_dags/example_setup_teardown.py
[2023-12-20T18:30:14.029+0600] {processor.py:830} INFO - Processing file /home/robin/Documents/Tanjim/Miscellaneous Projects/airflow_docker/airflow_in_python_env/env/lib/python3.10/site-packages/airflow/example_dags/example_setup_teardown.py for tasks to queue
[2023-12-20T18:30:14.032+0600] {logging_mixin.py:188} INFO - [2023-12-20T18:30:14.031+0600] {dagbag.py:538} INFO - Filling up the DagBag from /home/robin/Documents/Tanjim/Miscellaneous Projects/airflow_docker/airflow_in_python_env/env/lib/python3.10/site-packages/airflow/example_dags/example_setup_teardown.py
[2023-12-20T18:30:14.057+0600] {processor.py:840} INFO - DAG(s) 'example_setup_teardown' retrieved from /home/robin/Documents/Tanjim/Miscellaneous Projects/airflow_docker/airflow_in_python_env/env/lib/python3.10/site-packages/airflow/example_dags/example_setup_teardown.py
[2023-12-20T18:30:14.096+0600] {logging_mixin.py:188} INFO - [2023-12-20T18:30:14.095+0600] {dag.py:3033} INFO - Sync 1 DAGs
[2023-12-20T18:30:14.122+0600] {logging_mixin.py:188} INFO - [2023-12-20T18:30:14.121+0600] {dag.py:3820} INFO - Setting next_dagrun for example_setup_teardown to 2023-12-19T00:00:00+00:00, run_after=2023-12-20T00:00:00+00:00
[2023-12-20T18:30:14.154+0600] {processor.py:183} INFO - Processing /home/robin/Documents/Tanjim/Miscellaneous Projects/airflow_docker/airflow_in_python_env/env/lib/python3.10/site-packages/airflow/example_dags/example_setup_teardown.py took 0.145 seconds
