[2023-12-20T17:58:49.946+0600] {processor.py:161} INFO - Started process (PID=67172) to work on /home/robin/Documents/Tanjim/Miscellaneous Projects/airflow_docker/airflow_in_python_env/env/lib/python3.10/site-packages/airflow/example_dags/example_branch_python_dop_operator_3.py
[2023-12-20T17:58:49.947+0600] {processor.py:830} INFO - Processing file /home/robin/Documents/Tanjim/Miscellaneous Projects/airflow_docker/airflow_in_python_env/env/lib/python3.10/site-packages/airflow/example_dags/example_branch_python_dop_operator_3.py for tasks to queue
[2023-12-20T17:58:49.949+0600] {logging_mixin.py:188} INFO - [2023-12-20T17:58:49.948+0600] {dagbag.py:538} INFO - Filling up the DagBag from /home/robin/Documents/Tanjim/Miscellaneous Projects/airflow_docker/airflow_in_python_env/env/lib/python3.10/site-packages/airflow/example_dags/example_branch_python_dop_operator_3.py
[2023-12-20T17:58:49.968+0600] {processor.py:840} INFO - DAG(s) 'example_branch_dop_operator_v3' retrieved from /home/robin/Documents/Tanjim/Miscellaneous Projects/airflow_docker/airflow_in_python_env/env/lib/python3.10/site-packages/airflow/example_dags/example_branch_python_dop_operator_3.py
[2023-12-20T17:58:50.121+0600] {logging_mixin.py:188} INFO - [2023-12-20T17:58:50.121+0600] {dag.py:3033} INFO - Sync 1 DAGs
[2023-12-20T17:58:50.153+0600] {logging_mixin.py:188} INFO - [2023-12-20T17:58:50.153+0600] {dag.py:3820} INFO - Setting next_dagrun for example_branch_dop_operator_v3 to 2023-12-20T11:57:00+00:00, run_after=2023-12-20T11:58:00+00:00
[2023-12-20T17:58:50.191+0600] {processor.py:183} INFO - Processing /home/robin/Documents/Tanjim/Miscellaneous Projects/airflow_docker/airflow_in_python_env/env/lib/python3.10/site-packages/airflow/example_dags/example_branch_python_dop_operator_3.py took 0.251 seconds
[2023-12-20T17:59:44.244+0600] {processor.py:161} INFO - Started process (PID=67400) to work on /home/robin/Documents/Tanjim/Miscellaneous Projects/airflow_docker/airflow_in_python_env/env/lib/python3.10/site-packages/airflow/example_dags/example_branch_python_dop_operator_3.py
[2023-12-20T17:59:44.253+0600] {processor.py:830} INFO - Processing file /home/robin/Documents/Tanjim/Miscellaneous Projects/airflow_docker/airflow_in_python_env/env/lib/python3.10/site-packages/airflow/example_dags/example_branch_python_dop_operator_3.py for tasks to queue
[2023-12-20T17:59:44.254+0600] {logging_mixin.py:188} INFO - [2023-12-20T17:59:44.254+0600] {dagbag.py:538} INFO - Filling up the DagBag from /home/robin/Documents/Tanjim/Miscellaneous Projects/airflow_docker/airflow_in_python_env/env/lib/python3.10/site-packages/airflow/example_dags/example_branch_python_dop_operator_3.py
[2023-12-20T17:59:44.285+0600] {processor.py:840} INFO - DAG(s) 'example_branch_dop_operator_v3' retrieved from /home/robin/Documents/Tanjim/Miscellaneous Projects/airflow_docker/airflow_in_python_env/env/lib/python3.10/site-packages/airflow/example_dags/example_branch_python_dop_operator_3.py
[2023-12-20T17:59:44.327+0600] {logging_mixin.py:188} INFO - [2023-12-20T17:59:44.327+0600] {dag.py:3033} INFO - Sync 1 DAGs
[2023-12-20T17:59:44.401+0600] {logging_mixin.py:188} INFO - [2023-12-20T17:59:44.401+0600] {dag.py:3820} INFO - Setting next_dagrun for example_branch_dop_operator_v3 to 2023-12-20T11:58:00+00:00, run_after=2023-12-20T11:59:00+00:00
[2023-12-20T17:59:44.497+0600] {processor.py:183} INFO - Processing /home/robin/Documents/Tanjim/Miscellaneous Projects/airflow_docker/airflow_in_python_env/env/lib/python3.10/site-packages/airflow/example_dags/example_branch_python_dop_operator_3.py took 0.257 seconds
[2023-12-20T18:01:00.797+0600] {processor.py:161} INFO - Started process (PID=67762) to work on /home/robin/Documents/Tanjim/Miscellaneous Projects/airflow_docker/airflow_in_python_env/env/lib/python3.10/site-packages/airflow/example_dags/example_branch_python_dop_operator_3.py
[2023-12-20T18:01:00.806+0600] {processor.py:830} INFO - Processing file /home/robin/Documents/Tanjim/Miscellaneous Projects/airflow_docker/airflow_in_python_env/env/lib/python3.10/site-packages/airflow/example_dags/example_branch_python_dop_operator_3.py for tasks to queue
[2023-12-20T18:01:00.809+0600] {logging_mixin.py:188} INFO - [2023-12-20T18:01:00.808+0600] {dagbag.py:538} INFO - Filling up the DagBag from /home/robin/Documents/Tanjim/Miscellaneous Projects/airflow_docker/airflow_in_python_env/env/lib/python3.10/site-packages/airflow/example_dags/example_branch_python_dop_operator_3.py
[2023-12-20T18:01:00.834+0600] {processor.py:840} INFO - DAG(s) 'example_branch_dop_operator_v3' retrieved from /home/robin/Documents/Tanjim/Miscellaneous Projects/airflow_docker/airflow_in_python_env/env/lib/python3.10/site-packages/airflow/example_dags/example_branch_python_dop_operator_3.py
[2023-12-20T18:01:00.866+0600] {logging_mixin.py:188} INFO - [2023-12-20T18:01:00.866+0600] {dag.py:3033} INFO - Sync 1 DAGs
[2023-12-20T18:01:00.910+0600] {logging_mixin.py:188} INFO - [2023-12-20T18:01:00.909+0600] {dag.py:3820} INFO - Setting next_dagrun for example_branch_dop_operator_v3 to 2023-12-20T12:00:00+00:00, run_after=2023-12-20T12:01:00+00:00
[2023-12-20T18:01:00.944+0600] {processor.py:183} INFO - Processing /home/robin/Documents/Tanjim/Miscellaneous Projects/airflow_docker/airflow_in_python_env/env/lib/python3.10/site-packages/airflow/example_dags/example_branch_python_dop_operator_3.py took 0.159 seconds
[2023-12-20T18:02:52.005+0600] {processor.py:161} INFO - Started process (PID=68956) to work on /home/robin/Documents/Tanjim/Miscellaneous Projects/airflow_docker/airflow_in_python_env/env/lib/python3.10/site-packages/airflow/example_dags/example_branch_python_dop_operator_3.py
[2023-12-20T18:02:52.013+0600] {processor.py:830} INFO - Processing file /home/robin/Documents/Tanjim/Miscellaneous Projects/airflow_docker/airflow_in_python_env/env/lib/python3.10/site-packages/airflow/example_dags/example_branch_python_dop_operator_3.py for tasks to queue
[2023-12-20T18:02:52.015+0600] {logging_mixin.py:188} INFO - [2023-12-20T18:02:52.014+0600] {dagbag.py:538} INFO - Filling up the DagBag from /home/robin/Documents/Tanjim/Miscellaneous Projects/airflow_docker/airflow_in_python_env/env/lib/python3.10/site-packages/airflow/example_dags/example_branch_python_dop_operator_3.py
[2023-12-20T18:02:52.027+0600] {processor.py:840} INFO - DAG(s) 'example_branch_dop_operator_v3' retrieved from /home/robin/Documents/Tanjim/Miscellaneous Projects/airflow_docker/airflow_in_python_env/env/lib/python3.10/site-packages/airflow/example_dags/example_branch_python_dop_operator_3.py
[2023-12-20T18:02:52.046+0600] {logging_mixin.py:188} INFO - [2023-12-20T18:02:52.046+0600] {dag.py:3033} INFO - Sync 1 DAGs
[2023-12-20T18:02:52.083+0600] {logging_mixin.py:188} INFO - [2023-12-20T18:02:52.082+0600] {dag.py:3820} INFO - Setting next_dagrun for example_branch_dop_operator_v3 to 2023-12-20T12:01:00+00:00, run_after=2023-12-20T12:02:00+00:00
[2023-12-20T18:02:52.137+0600] {processor.py:183} INFO - Processing /home/robin/Documents/Tanjim/Miscellaneous Projects/airflow_docker/airflow_in_python_env/env/lib/python3.10/site-packages/airflow/example_dags/example_branch_python_dop_operator_3.py took 0.136 seconds
[2023-12-20T18:03:45.427+0600] {processor.py:161} INFO - Started process (PID=69285) to work on /home/robin/Documents/Tanjim/Miscellaneous Projects/airflow_docker/airflow_in_python_env/env/lib/python3.10/site-packages/airflow/example_dags/example_branch_python_dop_operator_3.py
[2023-12-20T18:03:45.436+0600] {processor.py:830} INFO - Processing file /home/robin/Documents/Tanjim/Miscellaneous Projects/airflow_docker/airflow_in_python_env/env/lib/python3.10/site-packages/airflow/example_dags/example_branch_python_dop_operator_3.py for tasks to queue
[2023-12-20T18:03:45.437+0600] {logging_mixin.py:188} INFO - [2023-12-20T18:03:45.436+0600] {dagbag.py:538} INFO - Filling up the DagBag from /home/robin/Documents/Tanjim/Miscellaneous Projects/airflow_docker/airflow_in_python_env/env/lib/python3.10/site-packages/airflow/example_dags/example_branch_python_dop_operator_3.py
[2023-12-20T18:03:45.450+0600] {processor.py:840} INFO - DAG(s) 'example_branch_dop_operator_v3' retrieved from /home/robin/Documents/Tanjim/Miscellaneous Projects/airflow_docker/airflow_in_python_env/env/lib/python3.10/site-packages/airflow/example_dags/example_branch_python_dop_operator_3.py
[2023-12-20T18:03:45.473+0600] {logging_mixin.py:188} INFO - [2023-12-20T18:03:45.473+0600] {dag.py:3033} INFO - Sync 1 DAGs
[2023-12-20T18:03:45.504+0600] {logging_mixin.py:188} INFO - [2023-12-20T18:03:45.504+0600] {dag.py:3820} INFO - Setting next_dagrun for example_branch_dop_operator_v3 to 2023-12-20T12:02:00+00:00, run_after=2023-12-20T12:03:00+00:00
[2023-12-20T18:03:45.554+0600] {processor.py:183} INFO - Processing /home/robin/Documents/Tanjim/Miscellaneous Projects/airflow_docker/airflow_in_python_env/env/lib/python3.10/site-packages/airflow/example_dags/example_branch_python_dop_operator_3.py took 0.132 seconds
[2023-12-20T18:04:55.902+0600] {processor.py:161} INFO - Started process (PID=69606) to work on /home/robin/Documents/Tanjim/Miscellaneous Projects/airflow_docker/airflow_in_python_env/env/lib/python3.10/site-packages/airflow/example_dags/example_branch_python_dop_operator_3.py
[2023-12-20T18:04:55.910+0600] {processor.py:830} INFO - Processing file /home/robin/Documents/Tanjim/Miscellaneous Projects/airflow_docker/airflow_in_python_env/env/lib/python3.10/site-packages/airflow/example_dags/example_branch_python_dop_operator_3.py for tasks to queue
[2023-12-20T18:04:55.911+0600] {logging_mixin.py:188} INFO - [2023-12-20T18:04:55.910+0600] {dagbag.py:538} INFO - Filling up the DagBag from /home/robin/Documents/Tanjim/Miscellaneous Projects/airflow_docker/airflow_in_python_env/env/lib/python3.10/site-packages/airflow/example_dags/example_branch_python_dop_operator_3.py
[2023-12-20T18:04:55.921+0600] {processor.py:840} INFO - DAG(s) 'example_branch_dop_operator_v3' retrieved from /home/robin/Documents/Tanjim/Miscellaneous Projects/airflow_docker/airflow_in_python_env/env/lib/python3.10/site-packages/airflow/example_dags/example_branch_python_dop_operator_3.py
[2023-12-20T18:04:55.940+0600] {logging_mixin.py:188} INFO - [2023-12-20T18:04:55.940+0600] {dag.py:3033} INFO - Sync 1 DAGs
[2023-12-20T18:04:55.967+0600] {logging_mixin.py:188} INFO - [2023-12-20T18:04:55.966+0600] {dag.py:3820} INFO - Setting next_dagrun for example_branch_dop_operator_v3 to 2023-12-20T12:03:00+00:00, run_after=2023-12-20T12:04:00+00:00
[2023-12-20T18:04:56.001+0600] {processor.py:183} INFO - Processing /home/robin/Documents/Tanjim/Miscellaneous Projects/airflow_docker/airflow_in_python_env/env/lib/python3.10/site-packages/airflow/example_dags/example_branch_python_dop_operator_3.py took 0.102 seconds
[2023-12-20T18:18:45.526+0600] {processor.py:161} INFO - Started process (PID=72186) to work on /home/robin/Documents/Tanjim/Miscellaneous Projects/airflow_docker/airflow_in_python_env/env/lib/python3.10/site-packages/airflow/example_dags/example_branch_python_dop_operator_3.py
[2023-12-20T18:18:45.536+0600] {processor.py:830} INFO - Processing file /home/robin/Documents/Tanjim/Miscellaneous Projects/airflow_docker/airflow_in_python_env/env/lib/python3.10/site-packages/airflow/example_dags/example_branch_python_dop_operator_3.py for tasks to queue
[2023-12-20T18:18:45.543+0600] {logging_mixin.py:188} INFO - [2023-12-20T18:18:45.540+0600] {dagbag.py:538} INFO - Filling up the DagBag from /home/robin/Documents/Tanjim/Miscellaneous Projects/airflow_docker/airflow_in_python_env/env/lib/python3.10/site-packages/airflow/example_dags/example_branch_python_dop_operator_3.py
[2023-12-20T18:18:45.626+0600] {processor.py:840} INFO - DAG(s) 'example_branch_dop_operator_v3' retrieved from /home/robin/Documents/Tanjim/Miscellaneous Projects/airflow_docker/airflow_in_python_env/env/lib/python3.10/site-packages/airflow/example_dags/example_branch_python_dop_operator_3.py
[2023-12-20T18:18:45.659+0600] {logging_mixin.py:188} INFO - [2023-12-20T18:18:45.659+0600] {dag.py:3033} INFO - Sync 1 DAGs
[2023-12-20T18:18:45.688+0600] {logging_mixin.py:188} INFO - [2023-12-20T18:18:45.688+0600] {dag.py:3820} INFO - Setting next_dagrun for example_branch_dop_operator_v3 to 2023-12-20T12:17:00+00:00, run_after=2023-12-20T12:18:00+00:00
[2023-12-20T18:18:45.730+0600] {processor.py:183} INFO - Processing /home/robin/Documents/Tanjim/Miscellaneous Projects/airflow_docker/airflow_in_python_env/env/lib/python3.10/site-packages/airflow/example_dags/example_branch_python_dop_operator_3.py took 0.210 seconds
[2023-12-20T18:19:41.814+0600] {processor.py:161} INFO - Started process (PID=72321) to work on /home/robin/Documents/Tanjim/Miscellaneous Projects/airflow_docker/airflow_in_python_env/env/lib/python3.10/site-packages/airflow/example_dags/example_branch_python_dop_operator_3.py
[2023-12-20T18:19:41.823+0600] {processor.py:830} INFO - Processing file /home/robin/Documents/Tanjim/Miscellaneous Projects/airflow_docker/airflow_in_python_env/env/lib/python3.10/site-packages/airflow/example_dags/example_branch_python_dop_operator_3.py for tasks to queue
[2023-12-20T18:19:41.824+0600] {logging_mixin.py:188} INFO - [2023-12-20T18:19:41.824+0600] {dagbag.py:538} INFO - Filling up the DagBag from /home/robin/Documents/Tanjim/Miscellaneous Projects/airflow_docker/airflow_in_python_env/env/lib/python3.10/site-packages/airflow/example_dags/example_branch_python_dop_operator_3.py
[2023-12-20T18:19:41.842+0600] {processor.py:840} INFO - DAG(s) 'example_branch_dop_operator_v3' retrieved from /home/robin/Documents/Tanjim/Miscellaneous Projects/airflow_docker/airflow_in_python_env/env/lib/python3.10/site-packages/airflow/example_dags/example_branch_python_dop_operator_3.py
[2023-12-20T18:19:41.870+0600] {logging_mixin.py:188} INFO - [2023-12-20T18:19:41.869+0600] {dag.py:3033} INFO - Sync 1 DAGs
[2023-12-20T18:19:41.909+0600] {logging_mixin.py:188} INFO - [2023-12-20T18:19:41.909+0600] {dag.py:3820} INFO - Setting next_dagrun for example_branch_dop_operator_v3 to 2023-12-20T12:18:00+00:00, run_after=2023-12-20T12:19:00+00:00
[2023-12-20T18:19:41.951+0600] {processor.py:183} INFO - Processing /home/robin/Documents/Tanjim/Miscellaneous Projects/airflow_docker/airflow_in_python_env/env/lib/python3.10/site-packages/airflow/example_dags/example_branch_python_dop_operator_3.py took 0.142 seconds
[2023-12-20T18:20:35.416+0600] {processor.py:161} INFO - Started process (PID=72472) to work on /home/robin/Documents/Tanjim/Miscellaneous Projects/airflow_docker/airflow_in_python_env/env/lib/python3.10/site-packages/airflow/example_dags/example_branch_python_dop_operator_3.py
[2023-12-20T18:20:35.425+0600] {processor.py:830} INFO - Processing file /home/robin/Documents/Tanjim/Miscellaneous Projects/airflow_docker/airflow_in_python_env/env/lib/python3.10/site-packages/airflow/example_dags/example_branch_python_dop_operator_3.py for tasks to queue
[2023-12-20T18:20:35.427+0600] {logging_mixin.py:188} INFO - [2023-12-20T18:20:35.427+0600] {dagbag.py:538} INFO - Filling up the DagBag from /home/robin/Documents/Tanjim/Miscellaneous Projects/airflow_docker/airflow_in_python_env/env/lib/python3.10/site-packages/airflow/example_dags/example_branch_python_dop_operator_3.py
[2023-12-20T18:20:35.442+0600] {processor.py:840} INFO - DAG(s) 'example_branch_dop_operator_v3' retrieved from /home/robin/Documents/Tanjim/Miscellaneous Projects/airflow_docker/airflow_in_python_env/env/lib/python3.10/site-packages/airflow/example_dags/example_branch_python_dop_operator_3.py
[2023-12-20T18:20:35.468+0600] {logging_mixin.py:188} INFO - [2023-12-20T18:20:35.468+0600] {dag.py:3033} INFO - Sync 1 DAGs
[2023-12-20T18:20:35.495+0600] {logging_mixin.py:188} INFO - [2023-12-20T18:20:35.495+0600] {dag.py:3820} INFO - Setting next_dagrun for example_branch_dop_operator_v3 to 2023-12-20T12:19:00+00:00, run_after=2023-12-20T12:20:00+00:00
[2023-12-20T18:20:35.544+0600] {processor.py:183} INFO - Processing /home/robin/Documents/Tanjim/Miscellaneous Projects/airflow_docker/airflow_in_python_env/env/lib/python3.10/site-packages/airflow/example_dags/example_branch_python_dop_operator_3.py took 0.133 seconds
[2023-12-20T18:29:38.733+0600] {processor.py:161} INFO - Started process (PID=75468) to work on /home/robin/Documents/Tanjim/Miscellaneous Projects/airflow_docker/airflow_in_python_env/env/lib/python3.10/site-packages/airflow/example_dags/example_branch_python_dop_operator_3.py
[2023-12-20T18:29:38.741+0600] {processor.py:830} INFO - Processing file /home/robin/Documents/Tanjim/Miscellaneous Projects/airflow_docker/airflow_in_python_env/env/lib/python3.10/site-packages/airflow/example_dags/example_branch_python_dop_operator_3.py for tasks to queue
[2023-12-20T18:29:38.743+0600] {logging_mixin.py:188} INFO - [2023-12-20T18:29:38.742+0600] {dagbag.py:538} INFO - Filling up the DagBag from /home/robin/Documents/Tanjim/Miscellaneous Projects/airflow_docker/airflow_in_python_env/env/lib/python3.10/site-packages/airflow/example_dags/example_branch_python_dop_operator_3.py
[2023-12-20T18:29:38.758+0600] {processor.py:840} INFO - DAG(s) 'example_branch_dop_operator_v3' retrieved from /home/robin/Documents/Tanjim/Miscellaneous Projects/airflow_docker/airflow_in_python_env/env/lib/python3.10/site-packages/airflow/example_dags/example_branch_python_dop_operator_3.py
[2023-12-20T18:29:38.784+0600] {logging_mixin.py:188} INFO - [2023-12-20T18:29:38.784+0600] {dag.py:3033} INFO - Sync 1 DAGs
[2023-12-20T18:29:38.815+0600] {logging_mixin.py:188} INFO - [2023-12-20T18:29:38.815+0600] {dag.py:3820} INFO - Setting next_dagrun for example_branch_dop_operator_v3 to 2023-12-20T12:28:00+00:00, run_after=2023-12-20T12:29:00+00:00
[2023-12-20T18:29:38.851+0600] {processor.py:183} INFO - Processing /home/robin/Documents/Tanjim/Miscellaneous Projects/airflow_docker/airflow_in_python_env/env/lib/python3.10/site-packages/airflow/example_dags/example_branch_python_dop_operator_3.py took 0.123 seconds
[2023-12-20T18:30:32.055+0600] {processor.py:161} INFO - Started process (PID=75704) to work on /home/robin/Documents/Tanjim/Miscellaneous Projects/airflow_docker/airflow_in_python_env/env/lib/python3.10/site-packages/airflow/example_dags/example_branch_python_dop_operator_3.py
[2023-12-20T18:30:32.064+0600] {processor.py:830} INFO - Processing file /home/robin/Documents/Tanjim/Miscellaneous Projects/airflow_docker/airflow_in_python_env/env/lib/python3.10/site-packages/airflow/example_dags/example_branch_python_dop_operator_3.py for tasks to queue
[2023-12-20T18:30:32.068+0600] {logging_mixin.py:188} INFO - [2023-12-20T18:30:32.067+0600] {dagbag.py:538} INFO - Filling up the DagBag from /home/robin/Documents/Tanjim/Miscellaneous Projects/airflow_docker/airflow_in_python_env/env/lib/python3.10/site-packages/airflow/example_dags/example_branch_python_dop_operator_3.py
[2023-12-20T18:30:32.088+0600] {processor.py:840} INFO - DAG(s) 'example_branch_dop_operator_v3' retrieved from /home/robin/Documents/Tanjim/Miscellaneous Projects/airflow_docker/airflow_in_python_env/env/lib/python3.10/site-packages/airflow/example_dags/example_branch_python_dop_operator_3.py
[2023-12-20T18:30:32.110+0600] {logging_mixin.py:188} INFO - [2023-12-20T18:30:32.110+0600] {dag.py:3033} INFO - Sync 1 DAGs
[2023-12-20T18:30:32.140+0600] {logging_mixin.py:188} INFO - [2023-12-20T18:30:32.140+0600] {dag.py:3820} INFO - Setting next_dagrun for example_branch_dop_operator_v3 to 2023-12-20T12:29:00+00:00, run_after=2023-12-20T12:30:00+00:00
[2023-12-20T18:30:32.204+0600] {processor.py:183} INFO - Processing /home/robin/Documents/Tanjim/Miscellaneous Projects/airflow_docker/airflow_in_python_env/env/lib/python3.10/site-packages/airflow/example_dags/example_branch_python_dop_operator_3.py took 0.155 seconds
