[2023-12-20T17:58:38.145+0600] {processor.py:161} INFO - Started process (PID=67117) to work on /home/robin/Documents/Tanjim/Miscellaneous Projects/airflow_docker/airflow_in_python_env/env/lib/python3.10/site-packages/airflow/example_dags/example_latest_only.py
[2023-12-20T17:58:38.146+0600] {processor.py:830} INFO - Processing file /home/robin/Documents/Tanjim/Miscellaneous Projects/airflow_docker/airflow_in_python_env/env/lib/python3.10/site-packages/airflow/example_dags/example_latest_only.py for tasks to queue
[2023-12-20T17:58:38.147+0600] {logging_mixin.py:188} INFO - [2023-12-20T17:58:38.147+0600] {dagbag.py:538} INFO - Filling up the DagBag from /home/robin/Documents/Tanjim/Miscellaneous Projects/airflow_docker/airflow_in_python_env/env/lib/python3.10/site-packages/airflow/example_dags/example_latest_only.py
[2023-12-20T17:58:38.156+0600] {processor.py:840} INFO - DAG(s) 'latest_only' retrieved from /home/robin/Documents/Tanjim/Miscellaneous Projects/airflow_docker/airflow_in_python_env/env/lib/python3.10/site-packages/airflow/example_dags/example_latest_only.py
[2023-12-20T17:58:38.285+0600] {logging_mixin.py:188} INFO - [2023-12-20T17:58:38.284+0600] {dag.py:3033} INFO - Sync 1 DAGs
[2023-12-20T17:58:38.308+0600] {logging_mixin.py:188} INFO - [2023-12-20T17:58:38.308+0600] {dag.py:3820} INFO - Setting next_dagrun for latest_only to 2023-12-20T04:00:00+00:00, run_after=2023-12-20T08:00:00+00:00
[2023-12-20T17:58:38.340+0600] {processor.py:183} INFO - Processing /home/robin/Documents/Tanjim/Miscellaneous Projects/airflow_docker/airflow_in_python_env/env/lib/python3.10/site-packages/airflow/example_dags/example_latest_only.py took 0.199 seconds
[2023-12-20T17:59:34.097+0600] {processor.py:161} INFO - Started process (PID=67367) to work on /home/robin/Documents/Tanjim/Miscellaneous Projects/airflow_docker/airflow_in_python_env/env/lib/python3.10/site-packages/airflow/example_dags/example_latest_only.py
[2023-12-20T17:59:34.107+0600] {processor.py:830} INFO - Processing file /home/robin/Documents/Tanjim/Miscellaneous Projects/airflow_docker/airflow_in_python_env/env/lib/python3.10/site-packages/airflow/example_dags/example_latest_only.py for tasks to queue
[2023-12-20T17:59:34.109+0600] {logging_mixin.py:188} INFO - [2023-12-20T17:59:34.108+0600] {dagbag.py:538} INFO - Filling up the DagBag from /home/robin/Documents/Tanjim/Miscellaneous Projects/airflow_docker/airflow_in_python_env/env/lib/python3.10/site-packages/airflow/example_dags/example_latest_only.py
[2023-12-20T17:59:34.121+0600] {processor.py:840} INFO - DAG(s) 'latest_only' retrieved from /home/robin/Documents/Tanjim/Miscellaneous Projects/airflow_docker/airflow_in_python_env/env/lib/python3.10/site-packages/airflow/example_dags/example_latest_only.py
[2023-12-20T17:59:34.155+0600] {logging_mixin.py:188} INFO - [2023-12-20T17:59:34.155+0600] {dag.py:3033} INFO - Sync 1 DAGs
[2023-12-20T17:59:34.191+0600] {logging_mixin.py:188} INFO - [2023-12-20T17:59:34.191+0600] {dag.py:3820} INFO - Setting next_dagrun for latest_only to 2023-12-20T04:00:00+00:00, run_after=2023-12-20T08:00:00+00:00
[2023-12-20T17:59:34.251+0600] {processor.py:183} INFO - Processing /home/robin/Documents/Tanjim/Miscellaneous Projects/airflow_docker/airflow_in_python_env/env/lib/python3.10/site-packages/airflow/example_dags/example_latest_only.py took 0.160 seconds
[2023-12-20T18:00:27.726+0600] {processor.py:161} INFO - Started process (PID=67498) to work on /home/robin/Documents/Tanjim/Miscellaneous Projects/airflow_docker/airflow_in_python_env/env/lib/python3.10/site-packages/airflow/example_dags/example_latest_only.py
[2023-12-20T18:00:27.734+0600] {processor.py:830} INFO - Processing file /home/robin/Documents/Tanjim/Miscellaneous Projects/airflow_docker/airflow_in_python_env/env/lib/python3.10/site-packages/airflow/example_dags/example_latest_only.py for tasks to queue
[2023-12-20T18:00:27.735+0600] {logging_mixin.py:188} INFO - [2023-12-20T18:00:27.734+0600] {dagbag.py:538} INFO - Filling up the DagBag from /home/robin/Documents/Tanjim/Miscellaneous Projects/airflow_docker/airflow_in_python_env/env/lib/python3.10/site-packages/airflow/example_dags/example_latest_only.py
[2023-12-20T18:00:27.744+0600] {processor.py:840} INFO - DAG(s) 'latest_only' retrieved from /home/robin/Documents/Tanjim/Miscellaneous Projects/airflow_docker/airflow_in_python_env/env/lib/python3.10/site-packages/airflow/example_dags/example_latest_only.py
[2023-12-20T18:00:27.765+0600] {logging_mixin.py:188} INFO - [2023-12-20T18:00:27.765+0600] {dag.py:3033} INFO - Sync 1 DAGs
[2023-12-20T18:00:27.794+0600] {logging_mixin.py:188} INFO - [2023-12-20T18:00:27.794+0600] {dag.py:3820} INFO - Setting next_dagrun for latest_only to 2023-12-20T08:00:00+00:00, run_after=2023-12-20T12:00:00+00:00
[2023-12-20T18:00:27.829+0600] {processor.py:183} INFO - Processing /home/robin/Documents/Tanjim/Miscellaneous Projects/airflow_docker/airflow_in_python_env/env/lib/python3.10/site-packages/airflow/example_dags/example_latest_only.py took 0.108 seconds
[2023-12-20T18:01:20.161+0600] {processor.py:161} INFO - Started process (PID=67996) to work on /home/robin/Documents/Tanjim/Miscellaneous Projects/airflow_docker/airflow_in_python_env/env/lib/python3.10/site-packages/airflow/example_dags/example_latest_only.py
[2023-12-20T18:01:20.169+0600] {processor.py:830} INFO - Processing file /home/robin/Documents/Tanjim/Miscellaneous Projects/airflow_docker/airflow_in_python_env/env/lib/python3.10/site-packages/airflow/example_dags/example_latest_only.py for tasks to queue
[2023-12-20T18:01:20.171+0600] {logging_mixin.py:188} INFO - [2023-12-20T18:01:20.170+0600] {dagbag.py:538} INFO - Filling up the DagBag from /home/robin/Documents/Tanjim/Miscellaneous Projects/airflow_docker/airflow_in_python_env/env/lib/python3.10/site-packages/airflow/example_dags/example_latest_only.py
[2023-12-20T18:01:20.180+0600] {processor.py:840} INFO - DAG(s) 'latest_only' retrieved from /home/robin/Documents/Tanjim/Miscellaneous Projects/airflow_docker/airflow_in_python_env/env/lib/python3.10/site-packages/airflow/example_dags/example_latest_only.py
[2023-12-20T18:01:20.203+0600] {logging_mixin.py:188} INFO - [2023-12-20T18:01:20.202+0600] {dag.py:3033} INFO - Sync 1 DAGs
[2023-12-20T18:01:20.242+0600] {logging_mixin.py:188} INFO - [2023-12-20T18:01:20.241+0600] {dag.py:3820} INFO - Setting next_dagrun for latest_only to 2023-12-20T08:00:00+00:00, run_after=2023-12-20T12:00:00+00:00
[2023-12-20T18:01:20.307+0600] {processor.py:183} INFO - Processing /home/robin/Documents/Tanjim/Miscellaneous Projects/airflow_docker/airflow_in_python_env/env/lib/python3.10/site-packages/airflow/example_dags/example_latest_only.py took 0.151 seconds
[2023-12-20T18:02:45.621+0600] {processor.py:161} INFO - Started process (PID=68937) to work on /home/robin/Documents/Tanjim/Miscellaneous Projects/airflow_docker/airflow_in_python_env/env/lib/python3.10/site-packages/airflow/example_dags/example_latest_only.py
[2023-12-20T18:02:45.629+0600] {processor.py:830} INFO - Processing file /home/robin/Documents/Tanjim/Miscellaneous Projects/airflow_docker/airflow_in_python_env/env/lib/python3.10/site-packages/airflow/example_dags/example_latest_only.py for tasks to queue
[2023-12-20T18:02:45.630+0600] {logging_mixin.py:188} INFO - [2023-12-20T18:02:45.629+0600] {dagbag.py:538} INFO - Filling up the DagBag from /home/robin/Documents/Tanjim/Miscellaneous Projects/airflow_docker/airflow_in_python_env/env/lib/python3.10/site-packages/airflow/example_dags/example_latest_only.py
[2023-12-20T18:02:45.637+0600] {processor.py:840} INFO - DAG(s) 'latest_only' retrieved from /home/robin/Documents/Tanjim/Miscellaneous Projects/airflow_docker/airflow_in_python_env/env/lib/python3.10/site-packages/airflow/example_dags/example_latest_only.py
[2023-12-20T18:02:45.655+0600] {logging_mixin.py:188} INFO - [2023-12-20T18:02:45.655+0600] {dag.py:3033} INFO - Sync 1 DAGs
[2023-12-20T18:02:45.679+0600] {logging_mixin.py:188} INFO - [2023-12-20T18:02:45.679+0600] {dag.py:3820} INFO - Setting next_dagrun for latest_only to 2023-12-20T08:00:00+00:00, run_after=2023-12-20T12:00:00+00:00
[2023-12-20T18:02:45.704+0600] {processor.py:183} INFO - Processing /home/robin/Documents/Tanjim/Miscellaneous Projects/airflow_docker/airflow_in_python_env/env/lib/python3.10/site-packages/airflow/example_dags/example_latest_only.py took 0.087 seconds
[2023-12-20T18:03:37.831+0600] {processor.py:161} INFO - Started process (PID=69258) to work on /home/robin/Documents/Tanjim/Miscellaneous Projects/airflow_docker/airflow_in_python_env/env/lib/python3.10/site-packages/airflow/example_dags/example_latest_only.py
[2023-12-20T18:03:37.841+0600] {processor.py:830} INFO - Processing file /home/robin/Documents/Tanjim/Miscellaneous Projects/airflow_docker/airflow_in_python_env/env/lib/python3.10/site-packages/airflow/example_dags/example_latest_only.py for tasks to queue
[2023-12-20T18:03:37.843+0600] {logging_mixin.py:188} INFO - [2023-12-20T18:03:37.842+0600] {dagbag.py:538} INFO - Filling up the DagBag from /home/robin/Documents/Tanjim/Miscellaneous Projects/airflow_docker/airflow_in_python_env/env/lib/python3.10/site-packages/airflow/example_dags/example_latest_only.py
[2023-12-20T18:03:37.851+0600] {processor.py:840} INFO - DAG(s) 'latest_only' retrieved from /home/robin/Documents/Tanjim/Miscellaneous Projects/airflow_docker/airflow_in_python_env/env/lib/python3.10/site-packages/airflow/example_dags/example_latest_only.py
[2023-12-20T18:03:37.870+0600] {logging_mixin.py:188} INFO - [2023-12-20T18:03:37.870+0600] {dag.py:3033} INFO - Sync 1 DAGs
[2023-12-20T18:03:37.893+0600] {logging_mixin.py:188} INFO - [2023-12-20T18:03:37.893+0600] {dag.py:3820} INFO - Setting next_dagrun for latest_only to 2023-12-20T08:00:00+00:00, run_after=2023-12-20T12:00:00+00:00
[2023-12-20T18:03:37.932+0600] {processor.py:183} INFO - Processing /home/robin/Documents/Tanjim/Miscellaneous Projects/airflow_docker/airflow_in_python_env/env/lib/python3.10/site-packages/airflow/example_dags/example_latest_only.py took 0.105 seconds
[2023-12-20T18:04:27.478+0600] {processor.py:161} INFO - Started process (PID=69538) to work on /home/robin/Documents/Tanjim/Miscellaneous Projects/airflow_docker/airflow_in_python_env/env/lib/python3.10/site-packages/airflow/example_dags/example_latest_only.py
[2023-12-20T18:04:27.486+0600] {processor.py:830} INFO - Processing file /home/robin/Documents/Tanjim/Miscellaneous Projects/airflow_docker/airflow_in_python_env/env/lib/python3.10/site-packages/airflow/example_dags/example_latest_only.py for tasks to queue
[2023-12-20T18:04:27.487+0600] {logging_mixin.py:188} INFO - [2023-12-20T18:04:27.487+0600] {dagbag.py:538} INFO - Filling up the DagBag from /home/robin/Documents/Tanjim/Miscellaneous Projects/airflow_docker/airflow_in_python_env/env/lib/python3.10/site-packages/airflow/example_dags/example_latest_only.py
[2023-12-20T18:04:27.497+0600] {processor.py:840} INFO - DAG(s) 'latest_only' retrieved from /home/robin/Documents/Tanjim/Miscellaneous Projects/airflow_docker/airflow_in_python_env/env/lib/python3.10/site-packages/airflow/example_dags/example_latest_only.py
[2023-12-20T18:04:27.517+0600] {logging_mixin.py:188} INFO - [2023-12-20T18:04:27.517+0600] {dag.py:3033} INFO - Sync 1 DAGs
[2023-12-20T18:04:27.540+0600] {logging_mixin.py:188} INFO - [2023-12-20T18:04:27.539+0600] {dag.py:3820} INFO - Setting next_dagrun for latest_only to 2023-12-20T08:00:00+00:00, run_after=2023-12-20T12:00:00+00:00
[2023-12-20T18:04:27.565+0600] {processor.py:183} INFO - Processing /home/robin/Documents/Tanjim/Miscellaneous Projects/airflow_docker/airflow_in_python_env/env/lib/python3.10/site-packages/airflow/example_dags/example_latest_only.py took 0.093 seconds
[2023-12-20T18:18:36.317+0600] {processor.py:161} INFO - Started process (PID=72145) to work on /home/robin/Documents/Tanjim/Miscellaneous Projects/airflow_docker/airflow_in_python_env/env/lib/python3.10/site-packages/airflow/example_dags/example_latest_only.py
[2023-12-20T18:18:36.327+0600] {processor.py:830} INFO - Processing file /home/robin/Documents/Tanjim/Miscellaneous Projects/airflow_docker/airflow_in_python_env/env/lib/python3.10/site-packages/airflow/example_dags/example_latest_only.py for tasks to queue
[2023-12-20T18:18:36.329+0600] {logging_mixin.py:188} INFO - [2023-12-20T18:18:36.328+0600] {dagbag.py:538} INFO - Filling up the DagBag from /home/robin/Documents/Tanjim/Miscellaneous Projects/airflow_docker/airflow_in_python_env/env/lib/python3.10/site-packages/airflow/example_dags/example_latest_only.py
[2023-12-20T18:18:36.339+0600] {processor.py:840} INFO - DAG(s) 'latest_only' retrieved from /home/robin/Documents/Tanjim/Miscellaneous Projects/airflow_docker/airflow_in_python_env/env/lib/python3.10/site-packages/airflow/example_dags/example_latest_only.py
[2023-12-20T18:18:36.365+0600] {logging_mixin.py:188} INFO - [2023-12-20T18:18:36.365+0600] {dag.py:3033} INFO - Sync 1 DAGs
[2023-12-20T18:18:36.389+0600] {logging_mixin.py:188} INFO - [2023-12-20T18:18:36.389+0600] {dag.py:3820} INFO - Setting next_dagrun for latest_only to 2023-12-20T08:00:00+00:00, run_after=2023-12-20T12:00:00+00:00
[2023-12-20T18:18:36.419+0600] {processor.py:183} INFO - Processing /home/robin/Documents/Tanjim/Miscellaneous Projects/airflow_docker/airflow_in_python_env/env/lib/python3.10/site-packages/airflow/example_dags/example_latest_only.py took 0.106 seconds
[2023-12-20T18:19:31.408+0600] {processor.py:161} INFO - Started process (PID=72298) to work on /home/robin/Documents/Tanjim/Miscellaneous Projects/airflow_docker/airflow_in_python_env/env/lib/python3.10/site-packages/airflow/example_dags/example_latest_only.py
[2023-12-20T18:19:31.418+0600] {processor.py:830} INFO - Processing file /home/robin/Documents/Tanjim/Miscellaneous Projects/airflow_docker/airflow_in_python_env/env/lib/python3.10/site-packages/airflow/example_dags/example_latest_only.py for tasks to queue
[2023-12-20T18:19:31.423+0600] {logging_mixin.py:188} INFO - [2023-12-20T18:19:31.422+0600] {dagbag.py:538} INFO - Filling up the DagBag from /home/robin/Documents/Tanjim/Miscellaneous Projects/airflow_docker/airflow_in_python_env/env/lib/python3.10/site-packages/airflow/example_dags/example_latest_only.py
[2023-12-20T18:19:31.435+0600] {processor.py:840} INFO - DAG(s) 'latest_only' retrieved from /home/robin/Documents/Tanjim/Miscellaneous Projects/airflow_docker/airflow_in_python_env/env/lib/python3.10/site-packages/airflow/example_dags/example_latest_only.py
[2023-12-20T18:19:31.463+0600] {logging_mixin.py:188} INFO - [2023-12-20T18:19:31.462+0600] {dag.py:3033} INFO - Sync 1 DAGs
[2023-12-20T18:19:31.495+0600] {logging_mixin.py:188} INFO - [2023-12-20T18:19:31.495+0600] {dag.py:3820} INFO - Setting next_dagrun for latest_only to 2023-12-20T08:00:00+00:00, run_after=2023-12-20T12:00:00+00:00
[2023-12-20T18:19:31.540+0600] {processor.py:183} INFO - Processing /home/robin/Documents/Tanjim/Miscellaneous Projects/airflow_docker/airflow_in_python_env/env/lib/python3.10/site-packages/airflow/example_dags/example_latest_only.py took 0.141 seconds
[2023-12-20T18:20:25.169+0600] {processor.py:161} INFO - Started process (PID=72423) to work on /home/robin/Documents/Tanjim/Miscellaneous Projects/airflow_docker/airflow_in_python_env/env/lib/python3.10/site-packages/airflow/example_dags/example_latest_only.py
[2023-12-20T18:20:25.178+0600] {processor.py:830} INFO - Processing file /home/robin/Documents/Tanjim/Miscellaneous Projects/airflow_docker/airflow_in_python_env/env/lib/python3.10/site-packages/airflow/example_dags/example_latest_only.py for tasks to queue
[2023-12-20T18:20:25.180+0600] {logging_mixin.py:188} INFO - [2023-12-20T18:20:25.179+0600] {dagbag.py:538} INFO - Filling up the DagBag from /home/robin/Documents/Tanjim/Miscellaneous Projects/airflow_docker/airflow_in_python_env/env/lib/python3.10/site-packages/airflow/example_dags/example_latest_only.py
[2023-12-20T18:20:25.193+0600] {processor.py:840} INFO - DAG(s) 'latest_only' retrieved from /home/robin/Documents/Tanjim/Miscellaneous Projects/airflow_docker/airflow_in_python_env/env/lib/python3.10/site-packages/airflow/example_dags/example_latest_only.py
[2023-12-20T18:20:25.213+0600] {logging_mixin.py:188} INFO - [2023-12-20T18:20:25.213+0600] {dag.py:3033} INFO - Sync 1 DAGs
[2023-12-20T18:20:25.236+0600] {logging_mixin.py:188} INFO - [2023-12-20T18:20:25.235+0600] {dag.py:3820} INFO - Setting next_dagrun for latest_only to 2023-12-20T08:00:00+00:00, run_after=2023-12-20T12:00:00+00:00
[2023-12-20T18:20:25.263+0600] {processor.py:183} INFO - Processing /home/robin/Documents/Tanjim/Miscellaneous Projects/airflow_docker/airflow_in_python_env/env/lib/python3.10/site-packages/airflow/example_dags/example_latest_only.py took 0.102 seconds
[2023-12-20T18:29:29.493+0600] {processor.py:161} INFO - Started process (PID=75399) to work on /home/robin/Documents/Tanjim/Miscellaneous Projects/airflow_docker/airflow_in_python_env/env/lib/python3.10/site-packages/airflow/example_dags/example_latest_only.py
[2023-12-20T18:29:29.501+0600] {processor.py:830} INFO - Processing file /home/robin/Documents/Tanjim/Miscellaneous Projects/airflow_docker/airflow_in_python_env/env/lib/python3.10/site-packages/airflow/example_dags/example_latest_only.py for tasks to queue
[2023-12-20T18:29:29.502+0600] {logging_mixin.py:188} INFO - [2023-12-20T18:29:29.501+0600] {dagbag.py:538} INFO - Filling up the DagBag from /home/robin/Documents/Tanjim/Miscellaneous Projects/airflow_docker/airflow_in_python_env/env/lib/python3.10/site-packages/airflow/example_dags/example_latest_only.py
[2023-12-20T18:29:29.511+0600] {processor.py:840} INFO - DAG(s) 'latest_only' retrieved from /home/robin/Documents/Tanjim/Miscellaneous Projects/airflow_docker/airflow_in_python_env/env/lib/python3.10/site-packages/airflow/example_dags/example_latest_only.py
[2023-12-20T18:29:29.531+0600] {logging_mixin.py:188} INFO - [2023-12-20T18:29:29.531+0600] {dag.py:3033} INFO - Sync 1 DAGs
[2023-12-20T18:29:29.554+0600] {logging_mixin.py:188} INFO - [2023-12-20T18:29:29.554+0600] {dag.py:3820} INFO - Setting next_dagrun for latest_only to 2023-12-20T08:00:00+00:00, run_after=2023-12-20T12:00:00+00:00
[2023-12-20T18:29:29.584+0600] {processor.py:183} INFO - Processing /home/robin/Documents/Tanjim/Miscellaneous Projects/airflow_docker/airflow_in_python_env/env/lib/python3.10/site-packages/airflow/example_dags/example_latest_only.py took 0.096 seconds
[2023-12-20T18:30:22.686+0600] {processor.py:161} INFO - Started process (PID=75646) to work on /home/robin/Documents/Tanjim/Miscellaneous Projects/airflow_docker/airflow_in_python_env/env/lib/python3.10/site-packages/airflow/example_dags/example_latest_only.py
[2023-12-20T18:30:22.695+0600] {processor.py:830} INFO - Processing file /home/robin/Documents/Tanjim/Miscellaneous Projects/airflow_docker/airflow_in_python_env/env/lib/python3.10/site-packages/airflow/example_dags/example_latest_only.py for tasks to queue
[2023-12-20T18:30:22.697+0600] {logging_mixin.py:188} INFO - [2023-12-20T18:30:22.696+0600] {dagbag.py:538} INFO - Filling up the DagBag from /home/robin/Documents/Tanjim/Miscellaneous Projects/airflow_docker/airflow_in_python_env/env/lib/python3.10/site-packages/airflow/example_dags/example_latest_only.py
[2023-12-20T18:30:22.707+0600] {processor.py:840} INFO - DAG(s) 'latest_only' retrieved from /home/robin/Documents/Tanjim/Miscellaneous Projects/airflow_docker/airflow_in_python_env/env/lib/python3.10/site-packages/airflow/example_dags/example_latest_only.py
[2023-12-20T18:30:22.725+0600] {logging_mixin.py:188} INFO - [2023-12-20T18:30:22.725+0600] {dag.py:3033} INFO - Sync 1 DAGs
[2023-12-20T18:30:22.747+0600] {logging_mixin.py:188} INFO - [2023-12-20T18:30:22.746+0600] {dag.py:3820} INFO - Setting next_dagrun for latest_only to 2023-12-20T08:00:00+00:00, run_after=2023-12-20T12:00:00+00:00
[2023-12-20T18:30:22.771+0600] {processor.py:183} INFO - Processing /home/robin/Documents/Tanjim/Miscellaneous Projects/airflow_docker/airflow_in_python_env/env/lib/python3.10/site-packages/airflow/example_dags/example_latest_only.py took 0.092 seconds
