[2023-12-20T17:53:05.508+0600] {processor.py:161} INFO - Started process (PID=66374) to work on /home/robin/Documents/Tanjim/Miscellaneous Projects/airflow_docker/airflow_in_python_env/env/lib/python3.10/site-packages/airflow/example_dags/example_python_decorator.py
[2023-12-20T17:53:05.509+0600] {processor.py:830} INFO - Processing file /home/robin/Documents/Tanjim/Miscellaneous Projects/airflow_docker/airflow_in_python_env/env/lib/python3.10/site-packages/airflow/example_dags/example_python_decorator.py for tasks to queue
[2023-12-20T17:53:05.511+0600] {logging_mixin.py:188} INFO - [2023-12-20T17:53:05.510+0600] {dagbag.py:538} INFO - Filling up the DagBag from /home/robin/Documents/Tanjim/Miscellaneous Projects/airflow_docker/airflow_in_python_env/env/lib/python3.10/site-packages/airflow/example_dags/example_python_decorator.py
[2023-12-20T17:53:05.533+0600] {logging_mixin.py:188} INFO - [2023-12-20T17:53:05.533+0600] {example_python_decorator.py:79} WARNING - The virtalenv_python example task requires virtualenv, please install it.
[2023-12-20T17:53:05.538+0600] {processor.py:840} INFO - DAG(s) 'example_python_decorator' retrieved from /home/robin/Documents/Tanjim/Miscellaneous Projects/airflow_docker/airflow_in_python_env/env/lib/python3.10/site-packages/airflow/example_dags/example_python_decorator.py
[2023-12-20T17:53:05.673+0600] {logging_mixin.py:188} INFO - [2023-12-20T17:53:05.672+0600] {dag.py:3033} INFO - Sync 1 DAGs
[2023-12-20T17:53:05.682+0600] {logging_mixin.py:188} INFO - [2023-12-20T17:53:05.682+0600] {dag.py:3820} INFO - Setting next_dagrun for example_python_decorator to None, run_after=None
[2023-12-20T17:53:05.713+0600] {processor.py:183} INFO - Processing /home/robin/Documents/Tanjim/Miscellaneous Projects/airflow_docker/airflow_in_python_env/env/lib/python3.10/site-packages/airflow/example_dags/example_python_decorator.py took 0.216 seconds
[2023-12-20T17:58:19.220+0600] {processor.py:161} INFO - Started process (PID=67081) to work on /home/robin/Documents/Tanjim/Miscellaneous Projects/airflow_docker/airflow_in_python_env/env/lib/python3.10/site-packages/airflow/example_dags/example_python_decorator.py
[2023-12-20T17:58:19.228+0600] {processor.py:830} INFO - Processing file /home/robin/Documents/Tanjim/Miscellaneous Projects/airflow_docker/airflow_in_python_env/env/lib/python3.10/site-packages/airflow/example_dags/example_python_decorator.py for tasks to queue
[2023-12-20T17:58:19.229+0600] {logging_mixin.py:188} INFO - [2023-12-20T17:58:19.229+0600] {dagbag.py:538} INFO - Filling up the DagBag from /home/robin/Documents/Tanjim/Miscellaneous Projects/airflow_docker/airflow_in_python_env/env/lib/python3.10/site-packages/airflow/example_dags/example_python_decorator.py
[2023-12-20T17:58:19.238+0600] {logging_mixin.py:188} INFO - [2023-12-20T17:58:19.238+0600] {example_python_decorator.py:79} WARNING - The virtalenv_python example task requires virtualenv, please install it.
[2023-12-20T17:58:19.241+0600] {processor.py:840} INFO - DAG(s) 'example_python_decorator' retrieved from /home/robin/Documents/Tanjim/Miscellaneous Projects/airflow_docker/airflow_in_python_env/env/lib/python3.10/site-packages/airflow/example_dags/example_python_decorator.py
[2023-12-20T17:58:19.261+0600] {logging_mixin.py:188} INFO - [2023-12-20T17:58:19.261+0600] {dag.py:3033} INFO - Sync 1 DAGs
[2023-12-20T17:58:19.274+0600] {logging_mixin.py:188} INFO - [2023-12-20T17:58:19.274+0600] {dag.py:3820} INFO - Setting next_dagrun for example_python_decorator to None, run_after=None
[2023-12-20T17:58:19.300+0600] {processor.py:183} INFO - Processing /home/robin/Documents/Tanjim/Miscellaneous Projects/airflow_docker/airflow_in_python_env/env/lib/python3.10/site-packages/airflow/example_dags/example_python_decorator.py took 0.084 seconds
[2023-12-20T17:59:16.164+0600] {processor.py:161} INFO - Started process (PID=67285) to work on /home/robin/Documents/Tanjim/Miscellaneous Projects/airflow_docker/airflow_in_python_env/env/lib/python3.10/site-packages/airflow/example_dags/example_python_decorator.py
[2023-12-20T17:59:16.173+0600] {processor.py:830} INFO - Processing file /home/robin/Documents/Tanjim/Miscellaneous Projects/airflow_docker/airflow_in_python_env/env/lib/python3.10/site-packages/airflow/example_dags/example_python_decorator.py for tasks to queue
[2023-12-20T17:59:16.178+0600] {logging_mixin.py:188} INFO - [2023-12-20T17:59:16.174+0600] {dagbag.py:538} INFO - Filling up the DagBag from /home/robin/Documents/Tanjim/Miscellaneous Projects/airflow_docker/airflow_in_python_env/env/lib/python3.10/site-packages/airflow/example_dags/example_python_decorator.py
[2023-12-20T17:59:16.206+0600] {logging_mixin.py:188} INFO - [2023-12-20T17:59:16.205+0600] {example_python_decorator.py:79} WARNING - The virtalenv_python example task requires virtualenv, please install it.
[2023-12-20T17:59:16.207+0600] {processor.py:840} INFO - DAG(s) 'example_python_decorator' retrieved from /home/robin/Documents/Tanjim/Miscellaneous Projects/airflow_docker/airflow_in_python_env/env/lib/python3.10/site-packages/airflow/example_dags/example_python_decorator.py
[2023-12-20T17:59:16.238+0600] {logging_mixin.py:188} INFO - [2023-12-20T17:59:16.238+0600] {dag.py:3033} INFO - Sync 1 DAGs
[2023-12-20T17:59:16.258+0600] {logging_mixin.py:188} INFO - [2023-12-20T17:59:16.258+0600] {dag.py:3820} INFO - Setting next_dagrun for example_python_decorator to None, run_after=None
[2023-12-20T17:59:16.330+0600] {processor.py:183} INFO - Processing /home/robin/Documents/Tanjim/Miscellaneous Projects/airflow_docker/airflow_in_python_env/env/lib/python3.10/site-packages/airflow/example_dags/example_python_decorator.py took 0.174 seconds
[2023-12-20T18:00:06.112+0600] {processor.py:161} INFO - Started process (PID=67457) to work on /home/robin/Documents/Tanjim/Miscellaneous Projects/airflow_docker/airflow_in_python_env/env/lib/python3.10/site-packages/airflow/example_dags/example_python_decorator.py
[2023-12-20T18:00:06.121+0600] {processor.py:830} INFO - Processing file /home/robin/Documents/Tanjim/Miscellaneous Projects/airflow_docker/airflow_in_python_env/env/lib/python3.10/site-packages/airflow/example_dags/example_python_decorator.py for tasks to queue
[2023-12-20T18:00:06.126+0600] {logging_mixin.py:188} INFO - [2023-12-20T18:00:06.122+0600] {dagbag.py:538} INFO - Filling up the DagBag from /home/robin/Documents/Tanjim/Miscellaneous Projects/airflow_docker/airflow_in_python_env/env/lib/python3.10/site-packages/airflow/example_dags/example_python_decorator.py
[2023-12-20T18:00:06.139+0600] {logging_mixin.py:188} INFO - [2023-12-20T18:00:06.139+0600] {example_python_decorator.py:79} WARNING - The virtalenv_python example task requires virtualenv, please install it.
[2023-12-20T18:00:06.140+0600] {processor.py:840} INFO - DAG(s) 'example_python_decorator' retrieved from /home/robin/Documents/Tanjim/Miscellaneous Projects/airflow_docker/airflow_in_python_env/env/lib/python3.10/site-packages/airflow/example_dags/example_python_decorator.py
[2023-12-20T18:00:06.164+0600] {logging_mixin.py:188} INFO - [2023-12-20T18:00:06.164+0600] {dag.py:3033} INFO - Sync 1 DAGs
[2023-12-20T18:00:06.182+0600] {logging_mixin.py:188} INFO - [2023-12-20T18:00:06.182+0600] {dag.py:3820} INFO - Setting next_dagrun for example_python_decorator to None, run_after=None
[2023-12-20T18:00:06.220+0600] {processor.py:183} INFO - Processing /home/robin/Documents/Tanjim/Miscellaneous Projects/airflow_docker/airflow_in_python_env/env/lib/python3.10/site-packages/airflow/example_dags/example_python_decorator.py took 0.113 seconds
[2023-12-20T18:00:57.624+0600] {processor.py:161} INFO - Started process (PID=67751) to work on /home/robin/Documents/Tanjim/Miscellaneous Projects/airflow_docker/airflow_in_python_env/env/lib/python3.10/site-packages/airflow/example_dags/example_python_decorator.py
[2023-12-20T18:00:57.632+0600] {processor.py:830} INFO - Processing file /home/robin/Documents/Tanjim/Miscellaneous Projects/airflow_docker/airflow_in_python_env/env/lib/python3.10/site-packages/airflow/example_dags/example_python_decorator.py for tasks to queue
[2023-12-20T18:00:57.634+0600] {logging_mixin.py:188} INFO - [2023-12-20T18:00:57.633+0600] {dagbag.py:538} INFO - Filling up the DagBag from /home/robin/Documents/Tanjim/Miscellaneous Projects/airflow_docker/airflow_in_python_env/env/lib/python3.10/site-packages/airflow/example_dags/example_python_decorator.py
[2023-12-20T18:00:57.647+0600] {logging_mixin.py:188} INFO - [2023-12-20T18:00:57.647+0600] {example_python_decorator.py:79} WARNING - The virtalenv_python example task requires virtualenv, please install it.
[2023-12-20T18:00:57.647+0600] {processor.py:840} INFO - DAG(s) 'example_python_decorator' retrieved from /home/robin/Documents/Tanjim/Miscellaneous Projects/airflow_docker/airflow_in_python_env/env/lib/python3.10/site-packages/airflow/example_dags/example_python_decorator.py
[2023-12-20T18:00:57.668+0600] {logging_mixin.py:188} INFO - [2023-12-20T18:00:57.668+0600] {dag.py:3033} INFO - Sync 1 DAGs
[2023-12-20T18:00:57.684+0600] {logging_mixin.py:188} INFO - [2023-12-20T18:00:57.684+0600] {dag.py:3820} INFO - Setting next_dagrun for example_python_decorator to None, run_after=None
[2023-12-20T18:00:57.710+0600] {processor.py:183} INFO - Processing /home/robin/Documents/Tanjim/Miscellaneous Projects/airflow_docker/airflow_in_python_env/env/lib/python3.10/site-packages/airflow/example_dags/example_python_decorator.py took 0.090 seconds
[2023-12-20T18:02:13.165+0600] {processor.py:161} INFO - Started process (PID=68614) to work on /home/robin/Documents/Tanjim/Miscellaneous Projects/airflow_docker/airflow_in_python_env/env/lib/python3.10/site-packages/airflow/example_dags/example_python_decorator.py
[2023-12-20T18:02:13.173+0600] {processor.py:830} INFO - Processing file /home/robin/Documents/Tanjim/Miscellaneous Projects/airflow_docker/airflow_in_python_env/env/lib/python3.10/site-packages/airflow/example_dags/example_python_decorator.py for tasks to queue
[2023-12-20T18:02:13.174+0600] {logging_mixin.py:188} INFO - [2023-12-20T18:02:13.174+0600] {dagbag.py:538} INFO - Filling up the DagBag from /home/robin/Documents/Tanjim/Miscellaneous Projects/airflow_docker/airflow_in_python_env/env/lib/python3.10/site-packages/airflow/example_dags/example_python_decorator.py
[2023-12-20T18:02:13.190+0600] {logging_mixin.py:188} INFO - [2023-12-20T18:02:13.190+0600] {example_python_decorator.py:79} WARNING - The virtalenv_python example task requires virtualenv, please install it.
[2023-12-20T18:02:13.191+0600] {processor.py:840} INFO - DAG(s) 'example_python_decorator' retrieved from /home/robin/Documents/Tanjim/Miscellaneous Projects/airflow_docker/airflow_in_python_env/env/lib/python3.10/site-packages/airflow/example_dags/example_python_decorator.py
[2023-12-20T18:02:13.212+0600] {logging_mixin.py:188} INFO - [2023-12-20T18:02:13.212+0600] {dag.py:3033} INFO - Sync 1 DAGs
[2023-12-20T18:02:13.226+0600] {logging_mixin.py:188} INFO - [2023-12-20T18:02:13.226+0600] {dag.py:3820} INFO - Setting next_dagrun for example_python_decorator to None, run_after=None
[2023-12-20T18:02:13.256+0600] {processor.py:183} INFO - Processing /home/robin/Documents/Tanjim/Miscellaneous Projects/airflow_docker/airflow_in_python_env/env/lib/python3.10/site-packages/airflow/example_dags/example_python_decorator.py took 0.096 seconds
[2023-12-20T18:03:15.807+0600] {processor.py:161} INFO - Started process (PID=69212) to work on /home/robin/Documents/Tanjim/Miscellaneous Projects/airflow_docker/airflow_in_python_env/env/lib/python3.10/site-packages/airflow/example_dags/example_python_decorator.py
[2023-12-20T18:03:15.816+0600] {processor.py:830} INFO - Processing file /home/robin/Documents/Tanjim/Miscellaneous Projects/airflow_docker/airflow_in_python_env/env/lib/python3.10/site-packages/airflow/example_dags/example_python_decorator.py for tasks to queue
[2023-12-20T18:03:15.818+0600] {logging_mixin.py:188} INFO - [2023-12-20T18:03:15.817+0600] {dagbag.py:538} INFO - Filling up the DagBag from /home/robin/Documents/Tanjim/Miscellaneous Projects/airflow_docker/airflow_in_python_env/env/lib/python3.10/site-packages/airflow/example_dags/example_python_decorator.py
[2023-12-20T18:03:15.836+0600] {logging_mixin.py:188} INFO - [2023-12-20T18:03:15.836+0600] {example_python_decorator.py:79} WARNING - The virtalenv_python example task requires virtualenv, please install it.
[2023-12-20T18:03:15.837+0600] {processor.py:840} INFO - DAG(s) 'example_python_decorator' retrieved from /home/robin/Documents/Tanjim/Miscellaneous Projects/airflow_docker/airflow_in_python_env/env/lib/python3.10/site-packages/airflow/example_dags/example_python_decorator.py
[2023-12-20T18:03:15.859+0600] {logging_mixin.py:188} INFO - [2023-12-20T18:03:15.858+0600] {dag.py:3033} INFO - Sync 1 DAGs
[2023-12-20T18:03:15.871+0600] {logging_mixin.py:188} INFO - [2023-12-20T18:03:15.870+0600] {dag.py:3820} INFO - Setting next_dagrun for example_python_decorator to None, run_after=None
[2023-12-20T18:03:15.897+0600] {processor.py:183} INFO - Processing /home/robin/Documents/Tanjim/Miscellaneous Projects/airflow_docker/airflow_in_python_env/env/lib/python3.10/site-packages/airflow/example_dags/example_python_decorator.py took 0.098 seconds
[2023-12-20T18:04:03.471+0600] {processor.py:161} INFO - Started process (PID=69339) to work on /home/robin/Documents/Tanjim/Miscellaneous Projects/airflow_docker/airflow_in_python_env/env/lib/python3.10/site-packages/airflow/example_dags/example_python_decorator.py
[2023-12-20T18:04:03.479+0600] {processor.py:830} INFO - Processing file /home/robin/Documents/Tanjim/Miscellaneous Projects/airflow_docker/airflow_in_python_env/env/lib/python3.10/site-packages/airflow/example_dags/example_python_decorator.py for tasks to queue
[2023-12-20T18:04:03.480+0600] {logging_mixin.py:188} INFO - [2023-12-20T18:04:03.479+0600] {dagbag.py:538} INFO - Filling up the DagBag from /home/robin/Documents/Tanjim/Miscellaneous Projects/airflow_docker/airflow_in_python_env/env/lib/python3.10/site-packages/airflow/example_dags/example_python_decorator.py
[2023-12-20T18:04:03.492+0600] {logging_mixin.py:188} INFO - [2023-12-20T18:04:03.491+0600] {example_python_decorator.py:79} WARNING - The virtalenv_python example task requires virtualenv, please install it.
[2023-12-20T18:04:03.492+0600] {processor.py:840} INFO - DAG(s) 'example_python_decorator' retrieved from /home/robin/Documents/Tanjim/Miscellaneous Projects/airflow_docker/airflow_in_python_env/env/lib/python3.10/site-packages/airflow/example_dags/example_python_decorator.py
[2023-12-20T18:04:03.512+0600] {logging_mixin.py:188} INFO - [2023-12-20T18:04:03.512+0600] {dag.py:3033} INFO - Sync 1 DAGs
[2023-12-20T18:04:03.526+0600] {logging_mixin.py:188} INFO - [2023-12-20T18:04:03.525+0600] {dag.py:3820} INFO - Setting next_dagrun for example_python_decorator to None, run_after=None
[2023-12-20T18:04:03.550+0600] {processor.py:183} INFO - Processing /home/robin/Documents/Tanjim/Miscellaneous Projects/airflow_docker/airflow_in_python_env/env/lib/python3.10/site-packages/airflow/example_dags/example_python_decorator.py took 0.083 seconds
[2023-12-20T18:04:51.687+0600] {processor.py:161} INFO - Started process (PID=69597) to work on /home/robin/Documents/Tanjim/Miscellaneous Projects/airflow_docker/airflow_in_python_env/env/lib/python3.10/site-packages/airflow/example_dags/example_python_decorator.py
[2023-12-20T18:04:51.696+0600] {processor.py:830} INFO - Processing file /home/robin/Documents/Tanjim/Miscellaneous Projects/airflow_docker/airflow_in_python_env/env/lib/python3.10/site-packages/airflow/example_dags/example_python_decorator.py for tasks to queue
[2023-12-20T18:04:51.698+0600] {logging_mixin.py:188} INFO - [2023-12-20T18:04:51.697+0600] {dagbag.py:538} INFO - Filling up the DagBag from /home/robin/Documents/Tanjim/Miscellaneous Projects/airflow_docker/airflow_in_python_env/env/lib/python3.10/site-packages/airflow/example_dags/example_python_decorator.py
[2023-12-20T18:04:51.713+0600] {logging_mixin.py:188} INFO - [2023-12-20T18:04:51.713+0600] {example_python_decorator.py:79} WARNING - The virtalenv_python example task requires virtualenv, please install it.
[2023-12-20T18:04:51.714+0600] {processor.py:840} INFO - DAG(s) 'example_python_decorator' retrieved from /home/robin/Documents/Tanjim/Miscellaneous Projects/airflow_docker/airflow_in_python_env/env/lib/python3.10/site-packages/airflow/example_dags/example_python_decorator.py
[2023-12-20T18:04:51.741+0600] {logging_mixin.py:188} INFO - [2023-12-20T18:04:51.740+0600] {dag.py:3033} INFO - Sync 1 DAGs
[2023-12-20T18:04:51.752+0600] {logging_mixin.py:188} INFO - [2023-12-20T18:04:51.752+0600] {dag.py:3820} INFO - Setting next_dagrun for example_python_decorator to None, run_after=None
[2023-12-20T18:04:51.776+0600] {processor.py:183} INFO - Processing /home/robin/Documents/Tanjim/Miscellaneous Projects/airflow_docker/airflow_in_python_env/env/lib/python3.10/site-packages/airflow/example_dags/example_python_decorator.py took 0.095 seconds
[2023-12-20T18:06:04.727+0600] {processor.py:161} INFO - Started process (PID=70167) to work on /home/robin/Documents/Tanjim/Miscellaneous Projects/airflow_docker/airflow_in_python_env/env/lib/python3.10/site-packages/airflow/example_dags/example_python_decorator.py
[2023-12-20T18:06:04.735+0600] {processor.py:830} INFO - Processing file /home/robin/Documents/Tanjim/Miscellaneous Projects/airflow_docker/airflow_in_python_env/env/lib/python3.10/site-packages/airflow/example_dags/example_python_decorator.py for tasks to queue
[2023-12-20T18:06:04.737+0600] {logging_mixin.py:188} INFO - [2023-12-20T18:06:04.736+0600] {dagbag.py:538} INFO - Filling up the DagBag from /home/robin/Documents/Tanjim/Miscellaneous Projects/airflow_docker/airflow_in_python_env/env/lib/python3.10/site-packages/airflow/example_dags/example_python_decorator.py
[2023-12-20T18:06:04.756+0600] {processor.py:840} INFO - DAG(s) 'example_python_decorator' retrieved from /home/robin/Documents/Tanjim/Miscellaneous Projects/airflow_docker/airflow_in_python_env/env/lib/python3.10/site-packages/airflow/example_dags/example_python_decorator.py
[2023-12-20T18:06:04.880+0600] {logging_mixin.py:188} INFO - [2023-12-20T18:06:04.880+0600] {dag.py:3033} INFO - Sync 1 DAGs
[2023-12-20T18:06:04.891+0600] {logging_mixin.py:188} INFO - [2023-12-20T18:06:04.890+0600] {dag.py:3820} INFO - Setting next_dagrun for example_python_decorator to None, run_after=None
[2023-12-20T18:06:04.933+0600] {processor.py:183} INFO - Processing /home/robin/Documents/Tanjim/Miscellaneous Projects/airflow_docker/airflow_in_python_env/env/lib/python3.10/site-packages/airflow/example_dags/example_python_decorator.py took 0.211 seconds
[2023-12-20T18:18:16.897+0600] {processor.py:161} INFO - Started process (PID=72074) to work on /home/robin/Documents/Tanjim/Miscellaneous Projects/airflow_docker/airflow_in_python_env/env/lib/python3.10/site-packages/airflow/example_dags/example_python_decorator.py
[2023-12-20T18:18:16.906+0600] {processor.py:830} INFO - Processing file /home/robin/Documents/Tanjim/Miscellaneous Projects/airflow_docker/airflow_in_python_env/env/lib/python3.10/site-packages/airflow/example_dags/example_python_decorator.py for tasks to queue
[2023-12-20T18:18:16.908+0600] {logging_mixin.py:188} INFO - [2023-12-20T18:18:16.908+0600] {dagbag.py:538} INFO - Filling up the DagBag from /home/robin/Documents/Tanjim/Miscellaneous Projects/airflow_docker/airflow_in_python_env/env/lib/python3.10/site-packages/airflow/example_dags/example_python_decorator.py
[2023-12-20T18:18:16.936+0600] {processor.py:840} INFO - DAG(s) 'example_python_decorator' retrieved from /home/robin/Documents/Tanjim/Miscellaneous Projects/airflow_docker/airflow_in_python_env/env/lib/python3.10/site-packages/airflow/example_dags/example_python_decorator.py
[2023-12-20T18:18:16.971+0600] {logging_mixin.py:188} INFO - [2023-12-20T18:18:16.970+0600] {dag.py:3033} INFO - Sync 1 DAGs
[2023-12-20T18:18:16.984+0600] {logging_mixin.py:188} INFO - [2023-12-20T18:18:16.984+0600] {dag.py:3820} INFO - Setting next_dagrun for example_python_decorator to None, run_after=None
[2023-12-20T18:18:17.018+0600] {processor.py:183} INFO - Processing /home/robin/Documents/Tanjim/Miscellaneous Projects/airflow_docker/airflow_in_python_env/env/lib/python3.10/site-packages/airflow/example_dags/example_python_decorator.py took 0.128 seconds
[2023-12-20T18:19:11.602+0600] {processor.py:161} INFO - Started process (PID=72235) to work on /home/robin/Documents/Tanjim/Miscellaneous Projects/airflow_docker/airflow_in_python_env/env/lib/python3.10/site-packages/airflow/example_dags/example_python_decorator.py
[2023-12-20T18:19:11.611+0600] {processor.py:830} INFO - Processing file /home/robin/Documents/Tanjim/Miscellaneous Projects/airflow_docker/airflow_in_python_env/env/lib/python3.10/site-packages/airflow/example_dags/example_python_decorator.py for tasks to queue
[2023-12-20T18:19:11.613+0600] {logging_mixin.py:188} INFO - [2023-12-20T18:19:11.612+0600] {dagbag.py:538} INFO - Filling up the DagBag from /home/robin/Documents/Tanjim/Miscellaneous Projects/airflow_docker/airflow_in_python_env/env/lib/python3.10/site-packages/airflow/example_dags/example_python_decorator.py
[2023-12-20T18:19:11.645+0600] {processor.py:840} INFO - DAG(s) 'example_python_decorator' retrieved from /home/robin/Documents/Tanjim/Miscellaneous Projects/airflow_docker/airflow_in_python_env/env/lib/python3.10/site-packages/airflow/example_dags/example_python_decorator.py
[2023-12-20T18:19:11.682+0600] {logging_mixin.py:188} INFO - [2023-12-20T18:19:11.682+0600] {dag.py:3033} INFO - Sync 1 DAGs
[2023-12-20T18:19:11.722+0600] {logging_mixin.py:188} INFO - [2023-12-20T18:19:11.721+0600] {dag.py:3820} INFO - Setting next_dagrun for example_python_decorator to None, run_after=None
[2023-12-20T18:19:11.779+0600] {processor.py:183} INFO - Processing /home/robin/Documents/Tanjim/Miscellaneous Projects/airflow_docker/airflow_in_python_env/env/lib/python3.10/site-packages/airflow/example_dags/example_python_decorator.py took 0.180 seconds
[2023-12-20T18:20:02.751+0600] {processor.py:161} INFO - Started process (PID=72377) to work on /home/robin/Documents/Tanjim/Miscellaneous Projects/airflow_docker/airflow_in_python_env/env/lib/python3.10/site-packages/airflow/example_dags/example_python_decorator.py
[2023-12-20T18:20:02.760+0600] {processor.py:830} INFO - Processing file /home/robin/Documents/Tanjim/Miscellaneous Projects/airflow_docker/airflow_in_python_env/env/lib/python3.10/site-packages/airflow/example_dags/example_python_decorator.py for tasks to queue
[2023-12-20T18:20:02.761+0600] {logging_mixin.py:188} INFO - [2023-12-20T18:20:02.761+0600] {dagbag.py:538} INFO - Filling up the DagBag from /home/robin/Documents/Tanjim/Miscellaneous Projects/airflow_docker/airflow_in_python_env/env/lib/python3.10/site-packages/airflow/example_dags/example_python_decorator.py
[2023-12-20T18:20:02.778+0600] {processor.py:840} INFO - DAG(s) 'example_python_decorator' retrieved from /home/robin/Documents/Tanjim/Miscellaneous Projects/airflow_docker/airflow_in_python_env/env/lib/python3.10/site-packages/airflow/example_dags/example_python_decorator.py
[2023-12-20T18:20:02.800+0600] {logging_mixin.py:188} INFO - [2023-12-20T18:20:02.800+0600] {dag.py:3033} INFO - Sync 1 DAGs
[2023-12-20T18:20:02.813+0600] {logging_mixin.py:188} INFO - [2023-12-20T18:20:02.813+0600] {dag.py:3820} INFO - Setting next_dagrun for example_python_decorator to None, run_after=None
[2023-12-20T18:20:02.842+0600] {processor.py:183} INFO - Processing /home/robin/Documents/Tanjim/Miscellaneous Projects/airflow_docker/airflow_in_python_env/env/lib/python3.10/site-packages/airflow/example_dags/example_python_decorator.py took 0.097 seconds
[2023-12-20T18:20:52.902+0600] {processor.py:161} INFO - Started process (PID=72532) to work on /home/robin/Documents/Tanjim/Miscellaneous Projects/airflow_docker/airflow_in_python_env/env/lib/python3.10/site-packages/airflow/example_dags/example_python_decorator.py
[2023-12-20T18:20:52.913+0600] {processor.py:830} INFO - Processing file /home/robin/Documents/Tanjim/Miscellaneous Projects/airflow_docker/airflow_in_python_env/env/lib/python3.10/site-packages/airflow/example_dags/example_python_decorator.py for tasks to queue
[2023-12-20T18:20:52.914+0600] {logging_mixin.py:188} INFO - [2023-12-20T18:20:52.914+0600] {dagbag.py:538} INFO - Filling up the DagBag from /home/robin/Documents/Tanjim/Miscellaneous Projects/airflow_docker/airflow_in_python_env/env/lib/python3.10/site-packages/airflow/example_dags/example_python_decorator.py
[2023-12-20T18:20:52.930+0600] {processor.py:840} INFO - DAG(s) 'example_python_decorator' retrieved from /home/robin/Documents/Tanjim/Miscellaneous Projects/airflow_docker/airflow_in_python_env/env/lib/python3.10/site-packages/airflow/example_dags/example_python_decorator.py
[2023-12-20T18:20:52.948+0600] {logging_mixin.py:188} INFO - [2023-12-20T18:20:52.948+0600] {dag.py:3033} INFO - Sync 1 DAGs
[2023-12-20T18:20:52.960+0600] {logging_mixin.py:188} INFO - [2023-12-20T18:20:52.960+0600] {dag.py:3820} INFO - Setting next_dagrun for example_python_decorator to None, run_after=None
[2023-12-20T18:20:52.984+0600] {processor.py:183} INFO - Processing /home/robin/Documents/Tanjim/Miscellaneous Projects/airflow_docker/airflow_in_python_env/env/lib/python3.10/site-packages/airflow/example_dags/example_python_decorator.py took 0.086 seconds
[2023-12-20T18:22:12.766+0600] {processor.py:161} INFO - Started process (PID=72954) to work on /home/robin/Documents/Tanjim/Miscellaneous Projects/airflow_docker/airflow_in_python_env/env/lib/python3.10/site-packages/airflow/example_dags/example_python_decorator.py
[2023-12-20T18:22:12.774+0600] {processor.py:830} INFO - Processing file /home/robin/Documents/Tanjim/Miscellaneous Projects/airflow_docker/airflow_in_python_env/env/lib/python3.10/site-packages/airflow/example_dags/example_python_decorator.py for tasks to queue
[2023-12-20T18:22:12.775+0600] {logging_mixin.py:188} INFO - [2023-12-20T18:22:12.774+0600] {dagbag.py:538} INFO - Filling up the DagBag from /home/robin/Documents/Tanjim/Miscellaneous Projects/airflow_docker/airflow_in_python_env/env/lib/python3.10/site-packages/airflow/example_dags/example_python_decorator.py
[2023-12-20T18:22:12.791+0600] {processor.py:840} INFO - DAG(s) 'example_python_decorator' retrieved from /home/robin/Documents/Tanjim/Miscellaneous Projects/airflow_docker/airflow_in_python_env/env/lib/python3.10/site-packages/airflow/example_dags/example_python_decorator.py
[2023-12-20T18:22:12.817+0600] {logging_mixin.py:188} INFO - [2023-12-20T18:22:12.816+0600] {dag.py:3033} INFO - Sync 1 DAGs
[2023-12-20T18:22:12.837+0600] {logging_mixin.py:188} INFO - [2023-12-20T18:22:12.837+0600] {dag.py:3820} INFO - Setting next_dagrun for example_python_decorator to None, run_after=None
[2023-12-20T18:22:12.882+0600] {processor.py:183} INFO - Processing /home/robin/Documents/Tanjim/Miscellaneous Projects/airflow_docker/airflow_in_python_env/env/lib/python3.10/site-packages/airflow/example_dags/example_python_decorator.py took 0.121 seconds
[2023-12-20T18:28:46.670+0600] {processor.py:161} INFO - Started process (PID=74857) to work on /home/robin/Documents/Tanjim/Miscellaneous Projects/airflow_docker/airflow_in_python_env/env/lib/python3.10/site-packages/airflow/example_dags/example_python_decorator.py
[2023-12-20T18:28:46.680+0600] {processor.py:830} INFO - Processing file /home/robin/Documents/Tanjim/Miscellaneous Projects/airflow_docker/airflow_in_python_env/env/lib/python3.10/site-packages/airflow/example_dags/example_python_decorator.py for tasks to queue
[2023-12-20T18:28:46.682+0600] {logging_mixin.py:188} INFO - [2023-12-20T18:28:46.681+0600] {dagbag.py:538} INFO - Filling up the DagBag from /home/robin/Documents/Tanjim/Miscellaneous Projects/airflow_docker/airflow_in_python_env/env/lib/python3.10/site-packages/airflow/example_dags/example_python_decorator.py
[2023-12-20T18:28:46.714+0600] {processor.py:840} INFO - DAG(s) 'example_python_decorator' retrieved from /home/robin/Documents/Tanjim/Miscellaneous Projects/airflow_docker/airflow_in_python_env/env/lib/python3.10/site-packages/airflow/example_dags/example_python_decorator.py
[2023-12-20T18:28:46.755+0600] {logging_mixin.py:188} INFO - [2023-12-20T18:28:46.755+0600] {dag.py:3033} INFO - Sync 1 DAGs
[2023-12-20T18:28:46.771+0600] {logging_mixin.py:188} INFO - [2023-12-20T18:28:46.771+0600] {dag.py:3820} INFO - Setting next_dagrun for example_python_decorator to None, run_after=None
[2023-12-20T18:28:46.808+0600] {processor.py:183} INFO - Processing /home/robin/Documents/Tanjim/Miscellaneous Projects/airflow_docker/airflow_in_python_env/env/lib/python3.10/site-packages/airflow/example_dags/example_python_decorator.py took 0.145 seconds
[2023-12-20T18:30:03.724+0600] {processor.py:161} INFO - Started process (PID=75604) to work on /home/robin/Documents/Tanjim/Miscellaneous Projects/airflow_docker/airflow_in_python_env/env/lib/python3.10/site-packages/airflow/example_dags/example_python_decorator.py
[2023-12-20T18:30:03.732+0600] {processor.py:830} INFO - Processing file /home/robin/Documents/Tanjim/Miscellaneous Projects/airflow_docker/airflow_in_python_env/env/lib/python3.10/site-packages/airflow/example_dags/example_python_decorator.py for tasks to queue
[2023-12-20T18:30:03.733+0600] {logging_mixin.py:188} INFO - [2023-12-20T18:30:03.733+0600] {dagbag.py:538} INFO - Filling up the DagBag from /home/robin/Documents/Tanjim/Miscellaneous Projects/airflow_docker/airflow_in_python_env/env/lib/python3.10/site-packages/airflow/example_dags/example_python_decorator.py
[2023-12-20T18:30:03.745+0600] {processor.py:840} INFO - DAG(s) 'example_python_decorator' retrieved from /home/robin/Documents/Tanjim/Miscellaneous Projects/airflow_docker/airflow_in_python_env/env/lib/python3.10/site-packages/airflow/example_dags/example_python_decorator.py
[2023-12-20T18:30:03.766+0600] {logging_mixin.py:188} INFO - [2023-12-20T18:30:03.765+0600] {dag.py:3033} INFO - Sync 1 DAGs
[2023-12-20T18:30:03.777+0600] {logging_mixin.py:188} INFO - [2023-12-20T18:30:03.777+0600] {dag.py:3820} INFO - Setting next_dagrun for example_python_decorator to None, run_after=None
[2023-12-20T18:30:03.802+0600] {processor.py:183} INFO - Processing /home/robin/Documents/Tanjim/Miscellaneous Projects/airflow_docker/airflow_in_python_env/env/lib/python3.10/site-packages/airflow/example_dags/example_python_decorator.py took 0.083 seconds
