[2023-12-20T17:58:33.906+0600] {processor.py:161} INFO - Started process (PID=67108) to work on /home/robin/Documents/Tanjim/Miscellaneous Projects/airflow_docker/airflow_in_python_env/env/lib/python3.10/site-packages/airflow/example_dags/example_datasets.py
[2023-12-20T17:58:33.907+0600] {processor.py:830} INFO - Processing file /home/robin/Documents/Tanjim/Miscellaneous Projects/airflow_docker/airflow_in_python_env/env/lib/python3.10/site-packages/airflow/example_dags/example_datasets.py for tasks to queue
[2023-12-20T17:58:33.909+0600] {logging_mixin.py:188} INFO - [2023-12-20T17:58:33.908+0600] {dagbag.py:538} INFO - Filling up the DagBag from /home/robin/Documents/Tanjim/Miscellaneous Projects/airflow_docker/airflow_in_python_env/env/lib/python3.10/site-packages/airflow/example_dags/example_datasets.py
[2023-12-20T17:58:33.924+0600] {processor.py:840} INFO - DAG(s) 'dataset_consumes_unknown_never_scheduled', 'dataset_consumes_1', 'dataset_produces_1', 'dataset_consumes_1_never_scheduled', 'dataset_consumes_1_and_2', 'dataset_produces_2' retrieved from /home/robin/Documents/Tanjim/Miscellaneous Projects/airflow_docker/airflow_in_python_env/env/lib/python3.10/site-packages/airflow/example_dags/example_datasets.py
[2023-12-20T17:58:34.116+0600] {logging_mixin.py:188} INFO - [2023-12-20T17:58:34.115+0600] {dag.py:3033} INFO - Sync 6 DAGs
[2023-12-20T17:58:34.142+0600] {logging_mixin.py:188} INFO - [2023-12-20T17:58:34.141+0600] {dag.py:3820} INFO - Setting next_dagrun for dataset_consumes_1 to None, run_after=None
[2023-12-20T17:58:34.146+0600] {logging_mixin.py:188} INFO - [2023-12-20T17:58:34.145+0600] {dag.py:3820} INFO - Setting next_dagrun for dataset_consumes_1_and_2 to None, run_after=None
[2023-12-20T17:58:34.147+0600] {logging_mixin.py:188} INFO - [2023-12-20T17:58:34.147+0600] {dag.py:3820} INFO - Setting next_dagrun for dataset_consumes_1_never_scheduled to None, run_after=None
[2023-12-20T17:58:34.148+0600] {logging_mixin.py:188} INFO - [2023-12-20T17:58:34.148+0600] {dag.py:3820} INFO - Setting next_dagrun for dataset_consumes_unknown_never_scheduled to None, run_after=None
[2023-12-20T17:58:34.152+0600] {logging_mixin.py:188} INFO - [2023-12-20T17:58:34.151+0600] {dag.py:3820} INFO - Setting next_dagrun for dataset_produces_1 to 2023-12-19T00:00:00+00:00, run_after=2023-12-20T00:00:00+00:00
[2023-12-20T17:58:34.153+0600] {logging_mixin.py:188} INFO - [2023-12-20T17:58:34.153+0600] {dag.py:3820} INFO - Setting next_dagrun for dataset_produces_2 to None, run_after=None
[2023-12-20T17:58:34.200+0600] {processor.py:183} INFO - Processing /home/robin/Documents/Tanjim/Miscellaneous Projects/airflow_docker/airflow_in_python_env/env/lib/python3.10/site-packages/airflow/example_dags/example_datasets.py took 0.299 seconds
[2023-12-20T17:59:30.633+0600] {processor.py:161} INFO - Started process (PID=67351) to work on /home/robin/Documents/Tanjim/Miscellaneous Projects/airflow_docker/airflow_in_python_env/env/lib/python3.10/site-packages/airflow/example_dags/example_datasets.py
[2023-12-20T17:59:30.641+0600] {processor.py:830} INFO - Processing file /home/robin/Documents/Tanjim/Miscellaneous Projects/airflow_docker/airflow_in_python_env/env/lib/python3.10/site-packages/airflow/example_dags/example_datasets.py for tasks to queue
[2023-12-20T17:59:30.643+0600] {logging_mixin.py:188} INFO - [2023-12-20T17:59:30.642+0600] {dagbag.py:538} INFO - Filling up the DagBag from /home/robin/Documents/Tanjim/Miscellaneous Projects/airflow_docker/airflow_in_python_env/env/lib/python3.10/site-packages/airflow/example_dags/example_datasets.py
[2023-12-20T17:59:30.655+0600] {processor.py:840} INFO - DAG(s) 'dataset_consumes_unknown_never_scheduled', 'dataset_consumes_1_never_scheduled', 'dataset_produces_1', 'dataset_consumes_1_and_2', 'dataset_consumes_1', 'dataset_produces_2' retrieved from /home/robin/Documents/Tanjim/Miscellaneous Projects/airflow_docker/airflow_in_python_env/env/lib/python3.10/site-packages/airflow/example_dags/example_datasets.py
[2023-12-20T17:59:30.691+0600] {logging_mixin.py:188} INFO - [2023-12-20T17:59:30.691+0600] {dag.py:3033} INFO - Sync 6 DAGs
[2023-12-20T17:59:30.714+0600] {logging_mixin.py:188} INFO - [2023-12-20T17:59:30.714+0600] {dag.py:3820} INFO - Setting next_dagrun for dataset_consumes_1 to None, run_after=None
[2023-12-20T17:59:30.717+0600] {logging_mixin.py:188} INFO - [2023-12-20T17:59:30.717+0600] {dag.py:3820} INFO - Setting next_dagrun for dataset_consumes_1_and_2 to None, run_after=None
[2023-12-20T17:59:30.719+0600] {logging_mixin.py:188} INFO - [2023-12-20T17:59:30.718+0600] {dag.py:3820} INFO - Setting next_dagrun for dataset_consumes_1_never_scheduled to None, run_after=None
[2023-12-20T17:59:30.720+0600] {logging_mixin.py:188} INFO - [2023-12-20T17:59:30.720+0600] {dag.py:3820} INFO - Setting next_dagrun for dataset_consumes_unknown_never_scheduled to None, run_after=None
[2023-12-20T17:59:30.726+0600] {logging_mixin.py:188} INFO - [2023-12-20T17:59:30.726+0600] {dag.py:3820} INFO - Setting next_dagrun for dataset_produces_1 to 2023-12-19T00:00:00+00:00, run_after=2023-12-20T00:00:00+00:00
[2023-12-20T17:59:30.727+0600] {logging_mixin.py:188} INFO - [2023-12-20T17:59:30.727+0600] {dag.py:3820} INFO - Setting next_dagrun for dataset_produces_2 to None, run_after=None
[2023-12-20T17:59:30.772+0600] {processor.py:183} INFO - Processing /home/robin/Documents/Tanjim/Miscellaneous Projects/airflow_docker/airflow_in_python_env/env/lib/python3.10/site-packages/airflow/example_dags/example_datasets.py took 0.143 seconds
[2023-12-20T18:00:23.941+0600] {processor.py:161} INFO - Started process (PID=67493) to work on /home/robin/Documents/Tanjim/Miscellaneous Projects/airflow_docker/airflow_in_python_env/env/lib/python3.10/site-packages/airflow/example_dags/example_datasets.py
[2023-12-20T18:00:23.951+0600] {processor.py:830} INFO - Processing file /home/robin/Documents/Tanjim/Miscellaneous Projects/airflow_docker/airflow_in_python_env/env/lib/python3.10/site-packages/airflow/example_dags/example_datasets.py for tasks to queue
[2023-12-20T18:00:23.955+0600] {logging_mixin.py:188} INFO - [2023-12-20T18:00:23.953+0600] {dagbag.py:538} INFO - Filling up the DagBag from /home/robin/Documents/Tanjim/Miscellaneous Projects/airflow_docker/airflow_in_python_env/env/lib/python3.10/site-packages/airflow/example_dags/example_datasets.py
[2023-12-20T18:00:23.978+0600] {processor.py:840} INFO - DAG(s) 'dataset_consumes_unknown_never_scheduled', 'dataset_produces_2', 'dataset_consumes_1_never_scheduled', 'dataset_consumes_1_and_2', 'dataset_produces_1', 'dataset_consumes_1' retrieved from /home/robin/Documents/Tanjim/Miscellaneous Projects/airflow_docker/airflow_in_python_env/env/lib/python3.10/site-packages/airflow/example_dags/example_datasets.py
[2023-12-20T18:00:24.025+0600] {logging_mixin.py:188} INFO - [2023-12-20T18:00:24.024+0600] {dag.py:3033} INFO - Sync 6 DAGs
[2023-12-20T18:00:24.050+0600] {logging_mixin.py:188} INFO - [2023-12-20T18:00:24.049+0600] {dag.py:3820} INFO - Setting next_dagrun for dataset_consumes_1 to None, run_after=None
[2023-12-20T18:00:24.055+0600] {logging_mixin.py:188} INFO - [2023-12-20T18:00:24.055+0600] {dag.py:3820} INFO - Setting next_dagrun for dataset_consumes_1_and_2 to None, run_after=None
[2023-12-20T18:00:24.056+0600] {logging_mixin.py:188} INFO - [2023-12-20T18:00:24.056+0600] {dag.py:3820} INFO - Setting next_dagrun for dataset_consumes_1_never_scheduled to None, run_after=None
[2023-12-20T18:00:24.058+0600] {logging_mixin.py:188} INFO - [2023-12-20T18:00:24.058+0600] {dag.py:3820} INFO - Setting next_dagrun for dataset_consumes_unknown_never_scheduled to None, run_after=None
[2023-12-20T18:00:24.061+0600] {logging_mixin.py:188} INFO - [2023-12-20T18:00:24.061+0600] {dag.py:3820} INFO - Setting next_dagrun for dataset_produces_1 to 2023-12-19T00:00:00+00:00, run_after=2023-12-20T00:00:00+00:00
[2023-12-20T18:00:24.062+0600] {logging_mixin.py:188} INFO - [2023-12-20T18:00:24.062+0600] {dag.py:3820} INFO - Setting next_dagrun for dataset_produces_2 to None, run_after=None
[2023-12-20T18:00:24.125+0600] {processor.py:183} INFO - Processing /home/robin/Documents/Tanjim/Miscellaneous Projects/airflow_docker/airflow_in_python_env/env/lib/python3.10/site-packages/airflow/example_dags/example_datasets.py took 0.189 seconds
[2023-12-20T18:01:16.879+0600] {processor.py:161} INFO - Started process (PID=67967) to work on /home/robin/Documents/Tanjim/Miscellaneous Projects/airflow_docker/airflow_in_python_env/env/lib/python3.10/site-packages/airflow/example_dags/example_datasets.py
[2023-12-20T18:01:16.887+0600] {processor.py:830} INFO - Processing file /home/robin/Documents/Tanjim/Miscellaneous Projects/airflow_docker/airflow_in_python_env/env/lib/python3.10/site-packages/airflow/example_dags/example_datasets.py for tasks to queue
[2023-12-20T18:01:16.889+0600] {logging_mixin.py:188} INFO - [2023-12-20T18:01:16.888+0600] {dagbag.py:538} INFO - Filling up the DagBag from /home/robin/Documents/Tanjim/Miscellaneous Projects/airflow_docker/airflow_in_python_env/env/lib/python3.10/site-packages/airflow/example_dags/example_datasets.py
[2023-12-20T18:01:16.911+0600] {processor.py:840} INFO - DAG(s) 'dataset_consumes_1_never_scheduled', 'dataset_produces_1', 'dataset_consumes_1', 'dataset_consumes_unknown_never_scheduled', 'dataset_consumes_1_and_2', 'dataset_produces_2' retrieved from /home/robin/Documents/Tanjim/Miscellaneous Projects/airflow_docker/airflow_in_python_env/env/lib/python3.10/site-packages/airflow/example_dags/example_datasets.py
[2023-12-20T18:01:16.978+0600] {logging_mixin.py:188} INFO - [2023-12-20T18:01:16.978+0600] {dag.py:3033} INFO - Sync 6 DAGs
[2023-12-20T18:01:17.020+0600] {logging_mixin.py:188} INFO - [2023-12-20T18:01:17.020+0600] {dag.py:3820} INFO - Setting next_dagrun for dataset_consumes_1 to None, run_after=None
[2023-12-20T18:01:17.029+0600] {logging_mixin.py:188} INFO - [2023-12-20T18:01:17.028+0600] {dag.py:3820} INFO - Setting next_dagrun for dataset_consumes_1_and_2 to None, run_after=None
[2023-12-20T18:01:17.032+0600] {logging_mixin.py:188} INFO - [2023-12-20T18:01:17.031+0600] {dag.py:3820} INFO - Setting next_dagrun for dataset_consumes_1_never_scheduled to None, run_after=None
[2023-12-20T18:01:17.037+0600] {logging_mixin.py:188} INFO - [2023-12-20T18:01:17.034+0600] {dag.py:3820} INFO - Setting next_dagrun for dataset_consumes_unknown_never_scheduled to None, run_after=None
[2023-12-20T18:01:17.042+0600] {logging_mixin.py:188} INFO - [2023-12-20T18:01:17.042+0600] {dag.py:3820} INFO - Setting next_dagrun for dataset_produces_1 to 2023-12-19T00:00:00+00:00, run_after=2023-12-20T00:00:00+00:00
[2023-12-20T18:01:17.043+0600] {logging_mixin.py:188} INFO - [2023-12-20T18:01:17.043+0600] {dag.py:3820} INFO - Setting next_dagrun for dataset_produces_2 to None, run_after=None
[2023-12-20T18:01:17.104+0600] {processor.py:183} INFO - Processing /home/robin/Documents/Tanjim/Miscellaneous Projects/airflow_docker/airflow_in_python_env/env/lib/python3.10/site-packages/airflow/example_dags/example_datasets.py took 0.229 seconds
[2023-12-20T18:02:42.430+0600] {processor.py:161} INFO - Started process (PID=68887) to work on /home/robin/Documents/Tanjim/Miscellaneous Projects/airflow_docker/airflow_in_python_env/env/lib/python3.10/site-packages/airflow/example_dags/example_datasets.py
[2023-12-20T18:02:42.439+0600] {processor.py:830} INFO - Processing file /home/robin/Documents/Tanjim/Miscellaneous Projects/airflow_docker/airflow_in_python_env/env/lib/python3.10/site-packages/airflow/example_dags/example_datasets.py for tasks to queue
[2023-12-20T18:02:42.440+0600] {logging_mixin.py:188} INFO - [2023-12-20T18:02:42.440+0600] {dagbag.py:538} INFO - Filling up the DagBag from /home/robin/Documents/Tanjim/Miscellaneous Projects/airflow_docker/airflow_in_python_env/env/lib/python3.10/site-packages/airflow/example_dags/example_datasets.py
[2023-12-20T18:02:42.455+0600] {processor.py:840} INFO - DAG(s) 'dataset_consumes_1_never_scheduled', 'dataset_produces_1', 'dataset_consumes_1_and_2', 'dataset_consumes_unknown_never_scheduled', 'dataset_consumes_1', 'dataset_produces_2' retrieved from /home/robin/Documents/Tanjim/Miscellaneous Projects/airflow_docker/airflow_in_python_env/env/lib/python3.10/site-packages/airflow/example_dags/example_datasets.py
[2023-12-20T18:02:42.490+0600] {logging_mixin.py:188} INFO - [2023-12-20T18:02:42.489+0600] {dag.py:3033} INFO - Sync 6 DAGs
[2023-12-20T18:02:42.514+0600] {logging_mixin.py:188} INFO - [2023-12-20T18:02:42.513+0600] {dag.py:3820} INFO - Setting next_dagrun for dataset_consumes_1 to None, run_after=None
[2023-12-20T18:02:42.517+0600] {logging_mixin.py:188} INFO - [2023-12-20T18:02:42.517+0600] {dag.py:3820} INFO - Setting next_dagrun for dataset_consumes_1_and_2 to None, run_after=None
[2023-12-20T18:02:42.518+0600] {logging_mixin.py:188} INFO - [2023-12-20T18:02:42.518+0600] {dag.py:3820} INFO - Setting next_dagrun for dataset_consumes_1_never_scheduled to None, run_after=None
[2023-12-20T18:02:42.519+0600] {logging_mixin.py:188} INFO - [2023-12-20T18:02:42.519+0600] {dag.py:3820} INFO - Setting next_dagrun for dataset_consumes_unknown_never_scheduled to None, run_after=None
[2023-12-20T18:02:42.521+0600] {logging_mixin.py:188} INFO - [2023-12-20T18:02:42.521+0600] {dag.py:3820} INFO - Setting next_dagrun for dataset_produces_1 to 2023-12-19T00:00:00+00:00, run_after=2023-12-20T00:00:00+00:00
[2023-12-20T18:02:42.522+0600] {logging_mixin.py:188} INFO - [2023-12-20T18:02:42.522+0600] {dag.py:3820} INFO - Setting next_dagrun for dataset_produces_2 to None, run_after=None
[2023-12-20T18:02:42.568+0600] {processor.py:183} INFO - Processing /home/robin/Documents/Tanjim/Miscellaneous Projects/airflow_docker/airflow_in_python_env/env/lib/python3.10/site-packages/airflow/example_dags/example_datasets.py took 0.145 seconds
[2023-12-20T18:03:33.883+0600] {processor.py:161} INFO - Started process (PID=69252) to work on /home/robin/Documents/Tanjim/Miscellaneous Projects/airflow_docker/airflow_in_python_env/env/lib/python3.10/site-packages/airflow/example_dags/example_datasets.py
[2023-12-20T18:03:33.892+0600] {processor.py:830} INFO - Processing file /home/robin/Documents/Tanjim/Miscellaneous Projects/airflow_docker/airflow_in_python_env/env/lib/python3.10/site-packages/airflow/example_dags/example_datasets.py for tasks to queue
[2023-12-20T18:03:33.895+0600] {logging_mixin.py:188} INFO - [2023-12-20T18:03:33.894+0600] {dagbag.py:538} INFO - Filling up the DagBag from /home/robin/Documents/Tanjim/Miscellaneous Projects/airflow_docker/airflow_in_python_env/env/lib/python3.10/site-packages/airflow/example_dags/example_datasets.py
[2023-12-20T18:03:33.915+0600] {processor.py:840} INFO - DAG(s) 'dataset_produces_1', 'dataset_consumes_1', 'dataset_produces_2', 'dataset_consumes_1_and_2', 'dataset_consumes_1_never_scheduled', 'dataset_consumes_unknown_never_scheduled' retrieved from /home/robin/Documents/Tanjim/Miscellaneous Projects/airflow_docker/airflow_in_python_env/env/lib/python3.10/site-packages/airflow/example_dags/example_datasets.py
[2023-12-20T18:03:33.957+0600] {logging_mixin.py:188} INFO - [2023-12-20T18:03:33.957+0600] {dag.py:3033} INFO - Sync 6 DAGs
[2023-12-20T18:03:33.980+0600] {logging_mixin.py:188} INFO - [2023-12-20T18:03:33.980+0600] {dag.py:3820} INFO - Setting next_dagrun for dataset_consumes_1 to None, run_after=None
[2023-12-20T18:03:33.984+0600] {logging_mixin.py:188} INFO - [2023-12-20T18:03:33.984+0600] {dag.py:3820} INFO - Setting next_dagrun for dataset_consumes_1_and_2 to None, run_after=None
[2023-12-20T18:03:33.985+0600] {logging_mixin.py:188} INFO - [2023-12-20T18:03:33.985+0600] {dag.py:3820} INFO - Setting next_dagrun for dataset_consumes_1_never_scheduled to None, run_after=None
[2023-12-20T18:03:33.986+0600] {logging_mixin.py:188} INFO - [2023-12-20T18:03:33.986+0600] {dag.py:3820} INFO - Setting next_dagrun for dataset_consumes_unknown_never_scheduled to None, run_after=None
[2023-12-20T18:03:33.989+0600] {logging_mixin.py:188} INFO - [2023-12-20T18:03:33.989+0600] {dag.py:3820} INFO - Setting next_dagrun for dataset_produces_1 to 2023-12-19T00:00:00+00:00, run_after=2023-12-20T00:00:00+00:00
[2023-12-20T18:03:33.991+0600] {logging_mixin.py:188} INFO - [2023-12-20T18:03:33.990+0600] {dag.py:3820} INFO - Setting next_dagrun for dataset_produces_2 to None, run_after=None
[2023-12-20T18:03:34.036+0600] {processor.py:183} INFO - Processing /home/robin/Documents/Tanjim/Miscellaneous Projects/airflow_docker/airflow_in_python_env/env/lib/python3.10/site-packages/airflow/example_dags/example_datasets.py took 0.160 seconds
[2023-12-20T18:04:24.609+0600] {processor.py:161} INFO - Started process (PID=69526) to work on /home/robin/Documents/Tanjim/Miscellaneous Projects/airflow_docker/airflow_in_python_env/env/lib/python3.10/site-packages/airflow/example_dags/example_datasets.py
[2023-12-20T18:04:24.619+0600] {processor.py:830} INFO - Processing file /home/robin/Documents/Tanjim/Miscellaneous Projects/airflow_docker/airflow_in_python_env/env/lib/python3.10/site-packages/airflow/example_dags/example_datasets.py for tasks to queue
[2023-12-20T18:04:24.622+0600] {logging_mixin.py:188} INFO - [2023-12-20T18:04:24.621+0600] {dagbag.py:538} INFO - Filling up the DagBag from /home/robin/Documents/Tanjim/Miscellaneous Projects/airflow_docker/airflow_in_python_env/env/lib/python3.10/site-packages/airflow/example_dags/example_datasets.py
[2023-12-20T18:04:24.659+0600] {processor.py:840} INFO - DAG(s) 'dataset_produces_1', 'dataset_consumes_1_never_scheduled', 'dataset_consumes_1_and_2', 'dataset_consumes_1', 'dataset_consumes_unknown_never_scheduled', 'dataset_produces_2' retrieved from /home/robin/Documents/Tanjim/Miscellaneous Projects/airflow_docker/airflow_in_python_env/env/lib/python3.10/site-packages/airflow/example_dags/example_datasets.py
[2023-12-20T18:04:24.703+0600] {logging_mixin.py:188} INFO - [2023-12-20T18:04:24.703+0600] {dag.py:3033} INFO - Sync 6 DAGs
[2023-12-20T18:04:24.728+0600] {logging_mixin.py:188} INFO - [2023-12-20T18:04:24.727+0600] {dag.py:3820} INFO - Setting next_dagrun for dataset_consumes_1 to None, run_after=None
[2023-12-20T18:04:24.732+0600] {logging_mixin.py:188} INFO - [2023-12-20T18:04:24.732+0600] {dag.py:3820} INFO - Setting next_dagrun for dataset_consumes_1_and_2 to None, run_after=None
[2023-12-20T18:04:24.733+0600] {logging_mixin.py:188} INFO - [2023-12-20T18:04:24.732+0600] {dag.py:3820} INFO - Setting next_dagrun for dataset_consumes_1_never_scheduled to None, run_after=None
[2023-12-20T18:04:24.733+0600] {logging_mixin.py:188} INFO - [2023-12-20T18:04:24.733+0600] {dag.py:3820} INFO - Setting next_dagrun for dataset_consumes_unknown_never_scheduled to None, run_after=None
[2023-12-20T18:04:24.736+0600] {logging_mixin.py:188} INFO - [2023-12-20T18:04:24.736+0600] {dag.py:3820} INFO - Setting next_dagrun for dataset_produces_1 to 2023-12-19T00:00:00+00:00, run_after=2023-12-20T00:00:00+00:00
[2023-12-20T18:04:24.737+0600] {logging_mixin.py:188} INFO - [2023-12-20T18:04:24.737+0600] {dag.py:3820} INFO - Setting next_dagrun for dataset_produces_2 to None, run_after=None
[2023-12-20T18:04:24.781+0600] {processor.py:183} INFO - Processing /home/robin/Documents/Tanjim/Miscellaneous Projects/airflow_docker/airflow_in_python_env/env/lib/python3.10/site-packages/airflow/example_dags/example_datasets.py took 0.183 seconds
[2023-12-20T18:18:32.487+0600] {processor.py:161} INFO - Started process (PID=72141) to work on /home/robin/Documents/Tanjim/Miscellaneous Projects/airflow_docker/airflow_in_python_env/env/lib/python3.10/site-packages/airflow/example_dags/example_datasets.py
[2023-12-20T18:18:32.496+0600] {processor.py:830} INFO - Processing file /home/robin/Documents/Tanjim/Miscellaneous Projects/airflow_docker/airflow_in_python_env/env/lib/python3.10/site-packages/airflow/example_dags/example_datasets.py for tasks to queue
[2023-12-20T18:18:32.497+0600] {logging_mixin.py:188} INFO - [2023-12-20T18:18:32.497+0600] {dagbag.py:538} INFO - Filling up the DagBag from /home/robin/Documents/Tanjim/Miscellaneous Projects/airflow_docker/airflow_in_python_env/env/lib/python3.10/site-packages/airflow/example_dags/example_datasets.py
[2023-12-20T18:18:32.516+0600] {processor.py:840} INFO - DAG(s) 'dataset_consumes_1', 'dataset_produces_2', 'dataset_consumes_unknown_never_scheduled', 'dataset_consumes_1_never_scheduled', 'dataset_consumes_1_and_2', 'dataset_produces_1' retrieved from /home/robin/Documents/Tanjim/Miscellaneous Projects/airflow_docker/airflow_in_python_env/env/lib/python3.10/site-packages/airflow/example_dags/example_datasets.py
[2023-12-20T18:18:32.557+0600] {logging_mixin.py:188} INFO - [2023-12-20T18:18:32.557+0600] {dag.py:3033} INFO - Sync 6 DAGs
[2023-12-20T18:18:32.581+0600] {logging_mixin.py:188} INFO - [2023-12-20T18:18:32.581+0600] {dag.py:3820} INFO - Setting next_dagrun for dataset_consumes_1 to None, run_after=None
[2023-12-20T18:18:32.586+0600] {logging_mixin.py:188} INFO - [2023-12-20T18:18:32.586+0600] {dag.py:3820} INFO - Setting next_dagrun for dataset_consumes_1_and_2 to None, run_after=None
[2023-12-20T18:18:32.587+0600] {logging_mixin.py:188} INFO - [2023-12-20T18:18:32.587+0600] {dag.py:3820} INFO - Setting next_dagrun for dataset_consumes_1_never_scheduled to None, run_after=None
[2023-12-20T18:18:32.588+0600] {logging_mixin.py:188} INFO - [2023-12-20T18:18:32.588+0600] {dag.py:3820} INFO - Setting next_dagrun for dataset_consumes_unknown_never_scheduled to None, run_after=None
[2023-12-20T18:18:32.590+0600] {logging_mixin.py:188} INFO - [2023-12-20T18:18:32.590+0600] {dag.py:3820} INFO - Setting next_dagrun for dataset_produces_1 to 2023-12-19T00:00:00+00:00, run_after=2023-12-20T00:00:00+00:00
[2023-12-20T18:18:32.592+0600] {logging_mixin.py:188} INFO - [2023-12-20T18:18:32.591+0600] {dag.py:3820} INFO - Setting next_dagrun for dataset_produces_2 to None, run_after=None
[2023-12-20T18:18:32.634+0600] {processor.py:183} INFO - Processing /home/robin/Documents/Tanjim/Miscellaneous Projects/airflow_docker/airflow_in_python_env/env/lib/python3.10/site-packages/airflow/example_dags/example_datasets.py took 0.154 seconds
[2023-12-20T18:19:28.566+0600] {processor.py:161} INFO - Started process (PID=72293) to work on /home/robin/Documents/Tanjim/Miscellaneous Projects/airflow_docker/airflow_in_python_env/env/lib/python3.10/site-packages/airflow/example_dags/example_datasets.py
[2023-12-20T18:19:28.578+0600] {processor.py:830} INFO - Processing file /home/robin/Documents/Tanjim/Miscellaneous Projects/airflow_docker/airflow_in_python_env/env/lib/python3.10/site-packages/airflow/example_dags/example_datasets.py for tasks to queue
[2023-12-20T18:19:28.588+0600] {logging_mixin.py:188} INFO - [2023-12-20T18:19:28.580+0600] {dagbag.py:538} INFO - Filling up the DagBag from /home/robin/Documents/Tanjim/Miscellaneous Projects/airflow_docker/airflow_in_python_env/env/lib/python3.10/site-packages/airflow/example_dags/example_datasets.py
[2023-12-20T18:19:28.610+0600] {processor.py:840} INFO - DAG(s) 'dataset_consumes_1_and_2', 'dataset_produces_1', 'dataset_produces_2', 'dataset_consumes_1', 'dataset_consumes_unknown_never_scheduled', 'dataset_consumes_1_never_scheduled' retrieved from /home/robin/Documents/Tanjim/Miscellaneous Projects/airflow_docker/airflow_in_python_env/env/lib/python3.10/site-packages/airflow/example_dags/example_datasets.py
[2023-12-20T18:19:28.659+0600] {logging_mixin.py:188} INFO - [2023-12-20T18:19:28.659+0600] {dag.py:3033} INFO - Sync 6 DAGs
[2023-12-20T18:19:28.695+0600] {logging_mixin.py:188} INFO - [2023-12-20T18:19:28.695+0600] {dag.py:3820} INFO - Setting next_dagrun for dataset_consumes_1 to None, run_after=None
[2023-12-20T18:19:28.701+0600] {logging_mixin.py:188} INFO - [2023-12-20T18:19:28.700+0600] {dag.py:3820} INFO - Setting next_dagrun for dataset_consumes_1_and_2 to None, run_after=None
[2023-12-20T18:19:28.703+0600] {logging_mixin.py:188} INFO - [2023-12-20T18:19:28.702+0600] {dag.py:3820} INFO - Setting next_dagrun for dataset_consumes_1_never_scheduled to None, run_after=None
[2023-12-20T18:19:28.705+0600] {logging_mixin.py:188} INFO - [2023-12-20T18:19:28.705+0600] {dag.py:3820} INFO - Setting next_dagrun for dataset_consumes_unknown_never_scheduled to None, run_after=None
[2023-12-20T18:19:28.710+0600] {logging_mixin.py:188} INFO - [2023-12-20T18:19:28.709+0600] {dag.py:3820} INFO - Setting next_dagrun for dataset_produces_1 to 2023-12-19T00:00:00+00:00, run_after=2023-12-20T00:00:00+00:00
[2023-12-20T18:19:28.711+0600] {logging_mixin.py:188} INFO - [2023-12-20T18:19:28.711+0600] {dag.py:3820} INFO - Setting next_dagrun for dataset_produces_2 to None, run_after=None
[2023-12-20T18:19:28.755+0600] {processor.py:183} INFO - Processing /home/robin/Documents/Tanjim/Miscellaneous Projects/airflow_docker/airflow_in_python_env/env/lib/python3.10/site-packages/airflow/example_dags/example_datasets.py took 0.194 seconds
[2023-12-20T18:20:22.060+0600] {processor.py:161} INFO - Started process (PID=72415) to work on /home/robin/Documents/Tanjim/Miscellaneous Projects/airflow_docker/airflow_in_python_env/env/lib/python3.10/site-packages/airflow/example_dags/example_datasets.py
[2023-12-20T18:20:22.070+0600] {processor.py:830} INFO - Processing file /home/robin/Documents/Tanjim/Miscellaneous Projects/airflow_docker/airflow_in_python_env/env/lib/python3.10/site-packages/airflow/example_dags/example_datasets.py for tasks to queue
[2023-12-20T18:20:22.074+0600] {logging_mixin.py:188} INFO - [2023-12-20T18:20:22.072+0600] {dagbag.py:538} INFO - Filling up the DagBag from /home/robin/Documents/Tanjim/Miscellaneous Projects/airflow_docker/airflow_in_python_env/env/lib/python3.10/site-packages/airflow/example_dags/example_datasets.py
[2023-12-20T18:20:22.113+0600] {processor.py:840} INFO - DAG(s) 'dataset_produces_2', 'dataset_produces_1', 'dataset_consumes_1', 'dataset_consumes_unknown_never_scheduled', 'dataset_consumes_1_never_scheduled', 'dataset_consumes_1_and_2' retrieved from /home/robin/Documents/Tanjim/Miscellaneous Projects/airflow_docker/airflow_in_python_env/env/lib/python3.10/site-packages/airflow/example_dags/example_datasets.py
[2023-12-20T18:20:22.156+0600] {logging_mixin.py:188} INFO - [2023-12-20T18:20:22.156+0600] {dag.py:3033} INFO - Sync 6 DAGs
[2023-12-20T18:20:22.182+0600] {logging_mixin.py:188} INFO - [2023-12-20T18:20:22.181+0600] {dag.py:3820} INFO - Setting next_dagrun for dataset_consumes_1 to None, run_after=None
[2023-12-20T18:20:22.186+0600] {logging_mixin.py:188} INFO - [2023-12-20T18:20:22.185+0600] {dag.py:3820} INFO - Setting next_dagrun for dataset_consumes_1_and_2 to None, run_after=None
[2023-12-20T18:20:22.187+0600] {logging_mixin.py:188} INFO - [2023-12-20T18:20:22.187+0600] {dag.py:3820} INFO - Setting next_dagrun for dataset_consumes_1_never_scheduled to None, run_after=None
[2023-12-20T18:20:22.188+0600] {logging_mixin.py:188} INFO - [2023-12-20T18:20:22.188+0600] {dag.py:3820} INFO - Setting next_dagrun for dataset_consumes_unknown_never_scheduled to None, run_after=None
[2023-12-20T18:20:22.190+0600] {logging_mixin.py:188} INFO - [2023-12-20T18:20:22.190+0600] {dag.py:3820} INFO - Setting next_dagrun for dataset_produces_1 to 2023-12-19T00:00:00+00:00, run_after=2023-12-20T00:00:00+00:00
[2023-12-20T18:20:22.191+0600] {logging_mixin.py:188} INFO - [2023-12-20T18:20:22.191+0600] {dag.py:3820} INFO - Setting next_dagrun for dataset_produces_2 to None, run_after=None
[2023-12-20T18:20:22.242+0600] {processor.py:183} INFO - Processing /home/robin/Documents/Tanjim/Miscellaneous Projects/airflow_docker/airflow_in_python_env/env/lib/python3.10/site-packages/airflow/example_dags/example_datasets.py took 0.194 seconds
[2023-12-20T18:29:26.552+0600] {processor.py:161} INFO - Started process (PID=75368) to work on /home/robin/Documents/Tanjim/Miscellaneous Projects/airflow_docker/airflow_in_python_env/env/lib/python3.10/site-packages/airflow/example_dags/example_datasets.py
[2023-12-20T18:29:26.560+0600] {processor.py:830} INFO - Processing file /home/robin/Documents/Tanjim/Miscellaneous Projects/airflow_docker/airflow_in_python_env/env/lib/python3.10/site-packages/airflow/example_dags/example_datasets.py for tasks to queue
[2023-12-20T18:29:26.562+0600] {logging_mixin.py:188} INFO - [2023-12-20T18:29:26.561+0600] {dagbag.py:538} INFO - Filling up the DagBag from /home/robin/Documents/Tanjim/Miscellaneous Projects/airflow_docker/airflow_in_python_env/env/lib/python3.10/site-packages/airflow/example_dags/example_datasets.py
[2023-12-20T18:29:26.580+0600] {processor.py:840} INFO - DAG(s) 'dataset_consumes_1', 'dataset_consumes_unknown_never_scheduled', 'dataset_consumes_1_and_2', 'dataset_produces_1', 'dataset_produces_2', 'dataset_consumes_1_never_scheduled' retrieved from /home/robin/Documents/Tanjim/Miscellaneous Projects/airflow_docker/airflow_in_python_env/env/lib/python3.10/site-packages/airflow/example_dags/example_datasets.py
[2023-12-20T18:29:26.616+0600] {logging_mixin.py:188} INFO - [2023-12-20T18:29:26.615+0600] {dag.py:3033} INFO - Sync 6 DAGs
[2023-12-20T18:29:26.640+0600] {logging_mixin.py:188} INFO - [2023-12-20T18:29:26.640+0600] {dag.py:3820} INFO - Setting next_dagrun for dataset_consumes_1 to None, run_after=None
[2023-12-20T18:29:26.643+0600] {logging_mixin.py:188} INFO - [2023-12-20T18:29:26.643+0600] {dag.py:3820} INFO - Setting next_dagrun for dataset_consumes_1_and_2 to None, run_after=None
[2023-12-20T18:29:26.644+0600] {logging_mixin.py:188} INFO - [2023-12-20T18:29:26.644+0600] {dag.py:3820} INFO - Setting next_dagrun for dataset_consumes_1_never_scheduled to None, run_after=None
[2023-12-20T18:29:26.645+0600] {logging_mixin.py:188} INFO - [2023-12-20T18:29:26.645+0600] {dag.py:3820} INFO - Setting next_dagrun for dataset_consumes_unknown_never_scheduled to None, run_after=None
[2023-12-20T18:29:26.648+0600] {logging_mixin.py:188} INFO - [2023-12-20T18:29:26.648+0600] {dag.py:3820} INFO - Setting next_dagrun for dataset_produces_1 to 2023-12-19T00:00:00+00:00, run_after=2023-12-20T00:00:00+00:00
[2023-12-20T18:29:26.649+0600] {logging_mixin.py:188} INFO - [2023-12-20T18:29:26.649+0600] {dag.py:3820} INFO - Setting next_dagrun for dataset_produces_2 to None, run_after=None
[2023-12-20T18:29:26.705+0600] {processor.py:183} INFO - Processing /home/robin/Documents/Tanjim/Miscellaneous Projects/airflow_docker/airflow_in_python_env/env/lib/python3.10/site-packages/airflow/example_dags/example_datasets.py took 0.160 seconds
[2023-12-20T18:30:19.137+0600] {processor.py:161} INFO - Started process (PID=75635) to work on /home/robin/Documents/Tanjim/Miscellaneous Projects/airflow_docker/airflow_in_python_env/env/lib/python3.10/site-packages/airflow/example_dags/example_datasets.py
[2023-12-20T18:30:19.145+0600] {processor.py:830} INFO - Processing file /home/robin/Documents/Tanjim/Miscellaneous Projects/airflow_docker/airflow_in_python_env/env/lib/python3.10/site-packages/airflow/example_dags/example_datasets.py for tasks to queue
[2023-12-20T18:30:19.147+0600] {logging_mixin.py:188} INFO - [2023-12-20T18:30:19.146+0600] {dagbag.py:538} INFO - Filling up the DagBag from /home/robin/Documents/Tanjim/Miscellaneous Projects/airflow_docker/airflow_in_python_env/env/lib/python3.10/site-packages/airflow/example_dags/example_datasets.py
[2023-12-20T18:30:19.162+0600] {processor.py:840} INFO - DAG(s) 'dataset_consumes_unknown_never_scheduled', 'dataset_consumes_1_never_scheduled', 'dataset_consumes_1_and_2', 'dataset_produces_2', 'dataset_produces_1', 'dataset_consumes_1' retrieved from /home/robin/Documents/Tanjim/Miscellaneous Projects/airflow_docker/airflow_in_python_env/env/lib/python3.10/site-packages/airflow/example_dags/example_datasets.py
[2023-12-20T18:30:19.201+0600] {logging_mixin.py:188} INFO - [2023-12-20T18:30:19.201+0600] {dag.py:3033} INFO - Sync 6 DAGs
[2023-12-20T18:30:19.224+0600] {logging_mixin.py:188} INFO - [2023-12-20T18:30:19.224+0600] {dag.py:3820} INFO - Setting next_dagrun for dataset_consumes_1 to None, run_after=None
[2023-12-20T18:30:19.228+0600] {logging_mixin.py:188} INFO - [2023-12-20T18:30:19.228+0600] {dag.py:3820} INFO - Setting next_dagrun for dataset_consumes_1_and_2 to None, run_after=None
[2023-12-20T18:30:19.229+0600] {logging_mixin.py:188} INFO - [2023-12-20T18:30:19.229+0600] {dag.py:3820} INFO - Setting next_dagrun for dataset_consumes_1_never_scheduled to None, run_after=None
[2023-12-20T18:30:19.230+0600] {logging_mixin.py:188} INFO - [2023-12-20T18:30:19.230+0600] {dag.py:3820} INFO - Setting next_dagrun for dataset_consumes_unknown_never_scheduled to None, run_after=None
[2023-12-20T18:30:19.232+0600] {logging_mixin.py:188} INFO - [2023-12-20T18:30:19.232+0600] {dag.py:3820} INFO - Setting next_dagrun for dataset_produces_1 to 2023-12-19T00:00:00+00:00, run_after=2023-12-20T00:00:00+00:00
[2023-12-20T18:30:19.233+0600] {logging_mixin.py:188} INFO - [2023-12-20T18:30:19.233+0600] {dag.py:3820} INFO - Setting next_dagrun for dataset_produces_2 to None, run_after=None
[2023-12-20T18:30:19.277+0600] {processor.py:183} INFO - Processing /home/robin/Documents/Tanjim/Miscellaneous Projects/airflow_docker/airflow_in_python_env/env/lib/python3.10/site-packages/airflow/example_dags/example_datasets.py took 0.146 seconds
