[2023-12-20T17:58:53.980+0600] {processor.py:161} INFO - Started process (PID=67176) to work on /home/robin/Documents/Tanjim/Miscellaneous Projects/airflow_docker/airflow_in_python_env/env/lib/python3.10/site-packages/airflow/example_dags/example_branch_datetime_operator.py
[2023-12-20T17:58:53.981+0600] {processor.py:830} INFO - Processing file /home/robin/Documents/Tanjim/Miscellaneous Projects/airflow_docker/airflow_in_python_env/env/lib/python3.10/site-packages/airflow/example_dags/example_branch_datetime_operator.py for tasks to queue
[2023-12-20T17:58:53.984+0600] {logging_mixin.py:188} INFO - [2023-12-20T17:58:53.982+0600] {dagbag.py:538} INFO - Filling up the DagBag from /home/robin/Documents/Tanjim/Miscellaneous Projects/airflow_docker/airflow_in_python_env/env/lib/python3.10/site-packages/airflow/example_dags/example_branch_datetime_operator.py
[2023-12-20T17:58:54.008+0600] {processor.py:840} INFO - DAG(s) 'example_branch_datetime_operator_2', 'example_branch_datetime_operator', 'example_branch_datetime_operator_3' retrieved from /home/robin/Documents/Tanjim/Miscellaneous Projects/airflow_docker/airflow_in_python_env/env/lib/python3.10/site-packages/airflow/example_dags/example_branch_datetime_operator.py
[2023-12-20T17:58:54.188+0600] {logging_mixin.py:188} INFO - [2023-12-20T17:58:54.187+0600] {dag.py:3033} INFO - Sync 3 DAGs
[2023-12-20T17:58:54.214+0600] {logging_mixin.py:188} INFO - [2023-12-20T17:58:54.213+0600] {dag.py:3820} INFO - Setting next_dagrun for example_branch_datetime_operator to 2023-12-19T00:00:00+00:00, run_after=2023-12-20T00:00:00+00:00
[2023-12-20T17:58:54.219+0600] {logging_mixin.py:188} INFO - [2023-12-20T17:58:54.219+0600] {dag.py:3820} INFO - Setting next_dagrun for example_branch_datetime_operator_2 to 2023-12-19T00:00:00+00:00, run_after=2023-12-20T00:00:00+00:00
[2023-12-20T17:58:54.222+0600] {logging_mixin.py:188} INFO - [2023-12-20T17:58:54.222+0600] {dag.py:3820} INFO - Setting next_dagrun for example_branch_datetime_operator_3 to 2023-12-19T00:00:00+00:00, run_after=2023-12-20T00:00:00+00:00
[2023-12-20T17:58:54.260+0600] {processor.py:183} INFO - Processing /home/robin/Documents/Tanjim/Miscellaneous Projects/airflow_docker/airflow_in_python_env/env/lib/python3.10/site-packages/airflow/example_dags/example_branch_datetime_operator.py took 0.284 seconds
[2023-12-20T17:59:48.382+0600] {processor.py:161} INFO - Started process (PID=67421) to work on /home/robin/Documents/Tanjim/Miscellaneous Projects/airflow_docker/airflow_in_python_env/env/lib/python3.10/site-packages/airflow/example_dags/example_branch_datetime_operator.py
[2023-12-20T17:59:48.391+0600] {processor.py:830} INFO - Processing file /home/robin/Documents/Tanjim/Miscellaneous Projects/airflow_docker/airflow_in_python_env/env/lib/python3.10/site-packages/airflow/example_dags/example_branch_datetime_operator.py for tasks to queue
[2023-12-20T17:59:48.393+0600] {logging_mixin.py:188} INFO - [2023-12-20T17:59:48.392+0600] {dagbag.py:538} INFO - Filling up the DagBag from /home/robin/Documents/Tanjim/Miscellaneous Projects/airflow_docker/airflow_in_python_env/env/lib/python3.10/site-packages/airflow/example_dags/example_branch_datetime_operator.py
[2023-12-20T17:59:48.411+0600] {processor.py:840} INFO - DAG(s) 'example_branch_datetime_operator_2', 'example_branch_datetime_operator_3', 'example_branch_datetime_operator' retrieved from /home/robin/Documents/Tanjim/Miscellaneous Projects/airflow_docker/airflow_in_python_env/env/lib/python3.10/site-packages/airflow/example_dags/example_branch_datetime_operator.py
[2023-12-20T17:59:48.449+0600] {logging_mixin.py:188} INFO - [2023-12-20T17:59:48.449+0600] {dag.py:3033} INFO - Sync 3 DAGs
[2023-12-20T17:59:48.482+0600] {logging_mixin.py:188} INFO - [2023-12-20T17:59:48.482+0600] {dag.py:3820} INFO - Setting next_dagrun for example_branch_datetime_operator to 2023-12-19T00:00:00+00:00, run_after=2023-12-20T00:00:00+00:00
[2023-12-20T17:59:48.489+0600] {logging_mixin.py:188} INFO - [2023-12-20T17:59:48.489+0600] {dag.py:3820} INFO - Setting next_dagrun for example_branch_datetime_operator_2 to 2023-12-19T00:00:00+00:00, run_after=2023-12-20T00:00:00+00:00
[2023-12-20T17:59:48.493+0600] {logging_mixin.py:188} INFO - [2023-12-20T17:59:48.493+0600] {dag.py:3820} INFO - Setting next_dagrun for example_branch_datetime_operator_3 to 2023-12-19T00:00:00+00:00, run_after=2023-12-20T00:00:00+00:00
[2023-12-20T17:59:48.526+0600] {processor.py:183} INFO - Processing /home/robin/Documents/Tanjim/Miscellaneous Projects/airflow_docker/airflow_in_python_env/env/lib/python3.10/site-packages/airflow/example_dags/example_branch_datetime_operator.py took 0.150 seconds
[2023-12-20T18:01:04.240+0600] {processor.py:161} INFO - Started process (PID=67813) to work on /home/robin/Documents/Tanjim/Miscellaneous Projects/airflow_docker/airflow_in_python_env/env/lib/python3.10/site-packages/airflow/example_dags/example_branch_datetime_operator.py
[2023-12-20T18:01:04.250+0600] {processor.py:830} INFO - Processing file /home/robin/Documents/Tanjim/Miscellaneous Projects/airflow_docker/airflow_in_python_env/env/lib/python3.10/site-packages/airflow/example_dags/example_branch_datetime_operator.py for tasks to queue
[2023-12-20T18:01:04.251+0600] {logging_mixin.py:188} INFO - [2023-12-20T18:01:04.250+0600] {dagbag.py:538} INFO - Filling up the DagBag from /home/robin/Documents/Tanjim/Miscellaneous Projects/airflow_docker/airflow_in_python_env/env/lib/python3.10/site-packages/airflow/example_dags/example_branch_datetime_operator.py
[2023-12-20T18:01:04.267+0600] {processor.py:840} INFO - DAG(s) 'example_branch_datetime_operator_3', 'example_branch_datetime_operator_2', 'example_branch_datetime_operator' retrieved from /home/robin/Documents/Tanjim/Miscellaneous Projects/airflow_docker/airflow_in_python_env/env/lib/python3.10/site-packages/airflow/example_dags/example_branch_datetime_operator.py
[2023-12-20T18:01:04.298+0600] {logging_mixin.py:188} INFO - [2023-12-20T18:01:04.298+0600] {dag.py:3033} INFO - Sync 3 DAGs
[2023-12-20T18:01:04.325+0600] {logging_mixin.py:188} INFO - [2023-12-20T18:01:04.325+0600] {dag.py:3820} INFO - Setting next_dagrun for example_branch_datetime_operator to 2023-12-19T00:00:00+00:00, run_after=2023-12-20T00:00:00+00:00
[2023-12-20T18:01:04.332+0600] {logging_mixin.py:188} INFO - [2023-12-20T18:01:04.332+0600] {dag.py:3820} INFO - Setting next_dagrun for example_branch_datetime_operator_2 to 2023-12-19T00:00:00+00:00, run_after=2023-12-20T00:00:00+00:00
[2023-12-20T18:01:04.334+0600] {logging_mixin.py:188} INFO - [2023-12-20T18:01:04.334+0600] {dag.py:3820} INFO - Setting next_dagrun for example_branch_datetime_operator_3 to 2023-12-19T00:00:00+00:00, run_after=2023-12-20T00:00:00+00:00
[2023-12-20T18:01:04.367+0600] {processor.py:183} INFO - Processing /home/robin/Documents/Tanjim/Miscellaneous Projects/airflow_docker/airflow_in_python_env/env/lib/python3.10/site-packages/airflow/example_dags/example_branch_datetime_operator.py took 0.131 seconds
[2023-12-20T18:02:55.139+0600] {processor.py:161} INFO - Started process (PID=68985) to work on /home/robin/Documents/Tanjim/Miscellaneous Projects/airflow_docker/airflow_in_python_env/env/lib/python3.10/site-packages/airflow/example_dags/example_branch_datetime_operator.py
[2023-12-20T18:02:55.142+0600] {processor.py:830} INFO - Processing file /home/robin/Documents/Tanjim/Miscellaneous Projects/airflow_docker/airflow_in_python_env/env/lib/python3.10/site-packages/airflow/example_dags/example_branch_datetime_operator.py for tasks to queue
[2023-12-20T18:02:55.143+0600] {logging_mixin.py:188} INFO - [2023-12-20T18:02:55.142+0600] {dagbag.py:538} INFO - Filling up the DagBag from /home/robin/Documents/Tanjim/Miscellaneous Projects/airflow_docker/airflow_in_python_env/env/lib/python3.10/site-packages/airflow/example_dags/example_branch_datetime_operator.py
[2023-12-20T18:02:55.167+0600] {processor.py:840} INFO - DAG(s) 'example_branch_datetime_operator_2', 'example_branch_datetime_operator', 'example_branch_datetime_operator_3' retrieved from /home/robin/Documents/Tanjim/Miscellaneous Projects/airflow_docker/airflow_in_python_env/env/lib/python3.10/site-packages/airflow/example_dags/example_branch_datetime_operator.py
[2023-12-20T18:02:55.211+0600] {logging_mixin.py:188} INFO - [2023-12-20T18:02:55.211+0600] {dag.py:3033} INFO - Sync 3 DAGs
[2023-12-20T18:02:55.246+0600] {logging_mixin.py:188} INFO - [2023-12-20T18:02:55.246+0600] {dag.py:3820} INFO - Setting next_dagrun for example_branch_datetime_operator to 2023-12-19T00:00:00+00:00, run_after=2023-12-20T00:00:00+00:00
[2023-12-20T18:02:55.253+0600] {logging_mixin.py:188} INFO - [2023-12-20T18:02:55.252+0600] {dag.py:3820} INFO - Setting next_dagrun for example_branch_datetime_operator_2 to 2023-12-19T00:00:00+00:00, run_after=2023-12-20T00:00:00+00:00
[2023-12-20T18:02:55.257+0600] {logging_mixin.py:188} INFO - [2023-12-20T18:02:55.257+0600] {dag.py:3820} INFO - Setting next_dagrun for example_branch_datetime_operator_3 to 2023-12-19T00:00:00+00:00, run_after=2023-12-20T00:00:00+00:00
[2023-12-20T18:02:55.299+0600] {processor.py:183} INFO - Processing /home/robin/Documents/Tanjim/Miscellaneous Projects/airflow_docker/airflow_in_python_env/env/lib/python3.10/site-packages/airflow/example_dags/example_branch_datetime_operator.py took 0.166 seconds
[2023-12-20T18:04:06.418+0600] {processor.py:161} INFO - Started process (PID=69348) to work on /home/robin/Documents/Tanjim/Miscellaneous Projects/airflow_docker/airflow_in_python_env/env/lib/python3.10/site-packages/airflow/example_dags/example_branch_datetime_operator.py
[2023-12-20T18:04:06.427+0600] {processor.py:830} INFO - Processing file /home/robin/Documents/Tanjim/Miscellaneous Projects/airflow_docker/airflow_in_python_env/env/lib/python3.10/site-packages/airflow/example_dags/example_branch_datetime_operator.py for tasks to queue
[2023-12-20T18:04:06.428+0600] {logging_mixin.py:188} INFO - [2023-12-20T18:04:06.428+0600] {dagbag.py:538} INFO - Filling up the DagBag from /home/robin/Documents/Tanjim/Miscellaneous Projects/airflow_docker/airflow_in_python_env/env/lib/python3.10/site-packages/airflow/example_dags/example_branch_datetime_operator.py
[2023-12-20T18:04:06.442+0600] {processor.py:840} INFO - DAG(s) 'example_branch_datetime_operator_2', 'example_branch_datetime_operator_3', 'example_branch_datetime_operator' retrieved from /home/robin/Documents/Tanjim/Miscellaneous Projects/airflow_docker/airflow_in_python_env/env/lib/python3.10/site-packages/airflow/example_dags/example_branch_datetime_operator.py
[2023-12-20T18:04:06.470+0600] {logging_mixin.py:188} INFO - [2023-12-20T18:04:06.470+0600] {dag.py:3033} INFO - Sync 3 DAGs
[2023-12-20T18:04:06.495+0600] {logging_mixin.py:188} INFO - [2023-12-20T18:04:06.494+0600] {dag.py:3820} INFO - Setting next_dagrun for example_branch_datetime_operator to 2023-12-19T00:00:00+00:00, run_after=2023-12-20T00:00:00+00:00
[2023-12-20T18:04:06.499+0600] {logging_mixin.py:188} INFO - [2023-12-20T18:04:06.499+0600] {dag.py:3820} INFO - Setting next_dagrun for example_branch_datetime_operator_2 to 2023-12-19T00:00:00+00:00, run_after=2023-12-20T00:00:00+00:00
[2023-12-20T18:04:06.502+0600] {logging_mixin.py:188} INFO - [2023-12-20T18:04:06.502+0600] {dag.py:3820} INFO - Setting next_dagrun for example_branch_datetime_operator_3 to 2023-12-19T00:00:00+00:00, run_after=2023-12-20T00:00:00+00:00
[2023-12-20T18:04:06.535+0600] {processor.py:183} INFO - Processing /home/robin/Documents/Tanjim/Miscellaneous Projects/airflow_docker/airflow_in_python_env/env/lib/python3.10/site-packages/airflow/example_dags/example_branch_datetime_operator.py took 0.123 seconds
[2023-12-20T18:18:48.748+0600] {processor.py:161} INFO - Started process (PID=72195) to work on /home/robin/Documents/Tanjim/Miscellaneous Projects/airflow_docker/airflow_in_python_env/env/lib/python3.10/site-packages/airflow/example_dags/example_branch_datetime_operator.py
[2023-12-20T18:18:48.756+0600] {processor.py:830} INFO - Processing file /home/robin/Documents/Tanjim/Miscellaneous Projects/airflow_docker/airflow_in_python_env/env/lib/python3.10/site-packages/airflow/example_dags/example_branch_datetime_operator.py for tasks to queue
[2023-12-20T18:18:48.758+0600] {logging_mixin.py:188} INFO - [2023-12-20T18:18:48.757+0600] {dagbag.py:538} INFO - Filling up the DagBag from /home/robin/Documents/Tanjim/Miscellaneous Projects/airflow_docker/airflow_in_python_env/env/lib/python3.10/site-packages/airflow/example_dags/example_branch_datetime_operator.py
[2023-12-20T18:18:48.771+0600] {processor.py:840} INFO - DAG(s) 'example_branch_datetime_operator_3', 'example_branch_datetime_operator', 'example_branch_datetime_operator_2' retrieved from /home/robin/Documents/Tanjim/Miscellaneous Projects/airflow_docker/airflow_in_python_env/env/lib/python3.10/site-packages/airflow/example_dags/example_branch_datetime_operator.py
[2023-12-20T18:18:48.800+0600] {logging_mixin.py:188} INFO - [2023-12-20T18:18:48.800+0600] {dag.py:3033} INFO - Sync 3 DAGs
[2023-12-20T18:18:48.825+0600] {logging_mixin.py:188} INFO - [2023-12-20T18:18:48.825+0600] {dag.py:3820} INFO - Setting next_dagrun for example_branch_datetime_operator to 2023-12-19T00:00:00+00:00, run_after=2023-12-20T00:00:00+00:00
[2023-12-20T18:18:48.831+0600] {logging_mixin.py:188} INFO - [2023-12-20T18:18:48.831+0600] {dag.py:3820} INFO - Setting next_dagrun for example_branch_datetime_operator_2 to 2023-12-19T00:00:00+00:00, run_after=2023-12-20T00:00:00+00:00
[2023-12-20T18:18:48.835+0600] {logging_mixin.py:188} INFO - [2023-12-20T18:18:48.834+0600] {dag.py:3820} INFO - Setting next_dagrun for example_branch_datetime_operator_3 to 2023-12-19T00:00:00+00:00, run_after=2023-12-20T00:00:00+00:00
[2023-12-20T18:18:48.868+0600] {processor.py:183} INFO - Processing /home/robin/Documents/Tanjim/Miscellaneous Projects/airflow_docker/airflow_in_python_env/env/lib/python3.10/site-packages/airflow/example_dags/example_branch_datetime_operator.py took 0.124 seconds
[2023-12-20T18:19:46.029+0600] {processor.py:161} INFO - Started process (PID=72338) to work on /home/robin/Documents/Tanjim/Miscellaneous Projects/airflow_docker/airflow_in_python_env/env/lib/python3.10/site-packages/airflow/example_dags/example_branch_datetime_operator.py
[2023-12-20T18:19:46.039+0600] {processor.py:830} INFO - Processing file /home/robin/Documents/Tanjim/Miscellaneous Projects/airflow_docker/airflow_in_python_env/env/lib/python3.10/site-packages/airflow/example_dags/example_branch_datetime_operator.py for tasks to queue
[2023-12-20T18:19:46.040+0600] {logging_mixin.py:188} INFO - [2023-12-20T18:19:46.040+0600] {dagbag.py:538} INFO - Filling up the DagBag from /home/robin/Documents/Tanjim/Miscellaneous Projects/airflow_docker/airflow_in_python_env/env/lib/python3.10/site-packages/airflow/example_dags/example_branch_datetime_operator.py
[2023-12-20T18:19:46.058+0600] {processor.py:840} INFO - DAG(s) 'example_branch_datetime_operator_3', 'example_branch_datetime_operator', 'example_branch_datetime_operator_2' retrieved from /home/robin/Documents/Tanjim/Miscellaneous Projects/airflow_docker/airflow_in_python_env/env/lib/python3.10/site-packages/airflow/example_dags/example_branch_datetime_operator.py
[2023-12-20T18:19:46.098+0600] {logging_mixin.py:188} INFO - [2023-12-20T18:19:46.098+0600] {dag.py:3033} INFO - Sync 3 DAGs
[2023-12-20T18:19:46.131+0600] {logging_mixin.py:188} INFO - [2023-12-20T18:19:46.131+0600] {dag.py:3820} INFO - Setting next_dagrun for example_branch_datetime_operator to 2023-12-19T00:00:00+00:00, run_after=2023-12-20T00:00:00+00:00
[2023-12-20T18:19:46.137+0600] {logging_mixin.py:188} INFO - [2023-12-20T18:19:46.137+0600] {dag.py:3820} INFO - Setting next_dagrun for example_branch_datetime_operator_2 to 2023-12-19T00:00:00+00:00, run_after=2023-12-20T00:00:00+00:00
[2023-12-20T18:19:46.140+0600] {logging_mixin.py:188} INFO - [2023-12-20T18:19:46.140+0600] {dag.py:3820} INFO - Setting next_dagrun for example_branch_datetime_operator_3 to 2023-12-19T00:00:00+00:00, run_after=2023-12-20T00:00:00+00:00
[2023-12-20T18:19:46.187+0600] {processor.py:183} INFO - Processing /home/robin/Documents/Tanjim/Miscellaneous Projects/airflow_docker/airflow_in_python_env/env/lib/python3.10/site-packages/airflow/example_dags/example_branch_datetime_operator.py took 0.165 seconds
[2023-12-20T18:29:42.204+0600] {processor.py:161} INFO - Started process (PID=75475) to work on /home/robin/Documents/Tanjim/Miscellaneous Projects/airflow_docker/airflow_in_python_env/env/lib/python3.10/site-packages/airflow/example_dags/example_branch_datetime_operator.py
[2023-12-20T18:29:42.214+0600] {processor.py:830} INFO - Processing file /home/robin/Documents/Tanjim/Miscellaneous Projects/airflow_docker/airflow_in_python_env/env/lib/python3.10/site-packages/airflow/example_dags/example_branch_datetime_operator.py for tasks to queue
[2023-12-20T18:29:42.217+0600] {logging_mixin.py:188} INFO - [2023-12-20T18:29:42.216+0600] {dagbag.py:538} INFO - Filling up the DagBag from /home/robin/Documents/Tanjim/Miscellaneous Projects/airflow_docker/airflow_in_python_env/env/lib/python3.10/site-packages/airflow/example_dags/example_branch_datetime_operator.py
[2023-12-20T18:29:42.247+0600] {processor.py:840} INFO - DAG(s) 'example_branch_datetime_operator', 'example_branch_datetime_operator_2', 'example_branch_datetime_operator_3' retrieved from /home/robin/Documents/Tanjim/Miscellaneous Projects/airflow_docker/airflow_in_python_env/env/lib/python3.10/site-packages/airflow/example_dags/example_branch_datetime_operator.py
[2023-12-20T18:29:42.306+0600] {logging_mixin.py:188} INFO - [2023-12-20T18:29:42.305+0600] {dag.py:3033} INFO - Sync 3 DAGs
[2023-12-20T18:29:42.334+0600] {logging_mixin.py:188} INFO - [2023-12-20T18:29:42.334+0600] {dag.py:3820} INFO - Setting next_dagrun for example_branch_datetime_operator to 2023-12-19T00:00:00+00:00, run_after=2023-12-20T00:00:00+00:00
[2023-12-20T18:29:42.338+0600] {logging_mixin.py:188} INFO - [2023-12-20T18:29:42.338+0600] {dag.py:3820} INFO - Setting next_dagrun for example_branch_datetime_operator_2 to 2023-12-19T00:00:00+00:00, run_after=2023-12-20T00:00:00+00:00
[2023-12-20T18:29:42.341+0600] {logging_mixin.py:188} INFO - [2023-12-20T18:29:42.341+0600] {dag.py:3820} INFO - Setting next_dagrun for example_branch_datetime_operator_3 to 2023-12-19T00:00:00+00:00, run_after=2023-12-20T00:00:00+00:00
[2023-12-20T18:29:42.403+0600] {processor.py:183} INFO - Processing /home/robin/Documents/Tanjim/Miscellaneous Projects/airflow_docker/airflow_in_python_env/env/lib/python3.10/site-packages/airflow/example_dags/example_branch_datetime_operator.py took 0.210 seconds
