[2023-12-20T17:58:52.550+0600] {processor.py:161} INFO - Started process (PID=67175) to work on /home/robin/Documents/Tanjim/Miscellaneous Projects/airflow_docker/airflow_in_python_env/env/lib/python3.10/site-packages/airflow/example_dags/example_branch_day_of_week_operator.py
[2023-12-20T17:58:52.551+0600] {processor.py:830} INFO - Processing file /home/robin/Documents/Tanjim/Miscellaneous Projects/airflow_docker/airflow_in_python_env/env/lib/python3.10/site-packages/airflow/example_dags/example_branch_day_of_week_operator.py for tasks to queue
[2023-12-20T17:58:52.553+0600] {logging_mixin.py:188} INFO - [2023-12-20T17:58:52.552+0600] {dagbag.py:538} INFO - Filling up the DagBag from /home/robin/Documents/Tanjim/Miscellaneous Projects/airflow_docker/airflow_in_python_env/env/lib/python3.10/site-packages/airflow/example_dags/example_branch_day_of_week_operator.py
[2023-12-20T17:58:52.572+0600] {processor.py:840} INFO - DAG(s) 'example_weekday_branch_operator' retrieved from /home/robin/Documents/Tanjim/Miscellaneous Projects/airflow_docker/airflow_in_python_env/env/lib/python3.10/site-packages/airflow/example_dags/example_branch_day_of_week_operator.py
[2023-12-20T17:58:52.730+0600] {logging_mixin.py:188} INFO - [2023-12-20T17:58:52.729+0600] {dag.py:3033} INFO - Sync 1 DAGs
[2023-12-20T17:58:52.754+0600] {logging_mixin.py:188} INFO - [2023-12-20T17:58:52.754+0600] {dag.py:3820} INFO - Setting next_dagrun for example_weekday_branch_operator to 2023-12-19T00:00:00+00:00, run_after=2023-12-20T00:00:00+00:00
[2023-12-20T17:58:52.798+0600] {processor.py:183} INFO - Processing /home/robin/Documents/Tanjim/Miscellaneous Projects/airflow_docker/airflow_in_python_env/env/lib/python3.10/site-packages/airflow/example_dags/example_branch_day_of_week_operator.py took 0.255 seconds
[2023-12-20T17:59:47.116+0600] {processor.py:161} INFO - Started process (PID=67418) to work on /home/robin/Documents/Tanjim/Miscellaneous Projects/airflow_docker/airflow_in_python_env/env/lib/python3.10/site-packages/airflow/example_dags/example_branch_day_of_week_operator.py
[2023-12-20T17:59:47.125+0600] {processor.py:830} INFO - Processing file /home/robin/Documents/Tanjim/Miscellaneous Projects/airflow_docker/airflow_in_python_env/env/lib/python3.10/site-packages/airflow/example_dags/example_branch_day_of_week_operator.py for tasks to queue
[2023-12-20T17:59:47.127+0600] {logging_mixin.py:188} INFO - [2023-12-20T17:59:47.126+0600] {dagbag.py:538} INFO - Filling up the DagBag from /home/robin/Documents/Tanjim/Miscellaneous Projects/airflow_docker/airflow_in_python_env/env/lib/python3.10/site-packages/airflow/example_dags/example_branch_day_of_week_operator.py
[2023-12-20T17:59:47.144+0600] {processor.py:840} INFO - DAG(s) 'example_weekday_branch_operator' retrieved from /home/robin/Documents/Tanjim/Miscellaneous Projects/airflow_docker/airflow_in_python_env/env/lib/python3.10/site-packages/airflow/example_dags/example_branch_day_of_week_operator.py
[2023-12-20T17:59:47.175+0600] {logging_mixin.py:188} INFO - [2023-12-20T17:59:47.174+0600] {dag.py:3033} INFO - Sync 1 DAGs
[2023-12-20T17:59:47.212+0600] {logging_mixin.py:188} INFO - [2023-12-20T17:59:47.212+0600] {dag.py:3820} INFO - Setting next_dagrun for example_weekday_branch_operator to 2023-12-19T00:00:00+00:00, run_after=2023-12-20T00:00:00+00:00
[2023-12-20T17:59:47.260+0600] {processor.py:183} INFO - Processing /home/robin/Documents/Tanjim/Miscellaneous Projects/airflow_docker/airflow_in_python_env/env/lib/python3.10/site-packages/airflow/example_dags/example_branch_day_of_week_operator.py took 0.150 seconds
[2023-12-20T18:01:03.508+0600] {processor.py:161} INFO - Started process (PID=67811) to work on /home/robin/Documents/Tanjim/Miscellaneous Projects/airflow_docker/airflow_in_python_env/env/lib/python3.10/site-packages/airflow/example_dags/example_branch_day_of_week_operator.py
[2023-12-20T18:01:03.517+0600] {processor.py:830} INFO - Processing file /home/robin/Documents/Tanjim/Miscellaneous Projects/airflow_docker/airflow_in_python_env/env/lib/python3.10/site-packages/airflow/example_dags/example_branch_day_of_week_operator.py for tasks to queue
[2023-12-20T18:01:03.518+0600] {logging_mixin.py:188} INFO - [2023-12-20T18:01:03.517+0600] {dagbag.py:538} INFO - Filling up the DagBag from /home/robin/Documents/Tanjim/Miscellaneous Projects/airflow_docker/airflow_in_python_env/env/lib/python3.10/site-packages/airflow/example_dags/example_branch_day_of_week_operator.py
[2023-12-20T18:01:03.530+0600] {processor.py:840} INFO - DAG(s) 'example_weekday_branch_operator' retrieved from /home/robin/Documents/Tanjim/Miscellaneous Projects/airflow_docker/airflow_in_python_env/env/lib/python3.10/site-packages/airflow/example_dags/example_branch_day_of_week_operator.py
[2023-12-20T18:01:03.552+0600] {logging_mixin.py:188} INFO - [2023-12-20T18:01:03.552+0600] {dag.py:3033} INFO - Sync 1 DAGs
[2023-12-20T18:01:03.581+0600] {logging_mixin.py:188} INFO - [2023-12-20T18:01:03.581+0600] {dag.py:3820} INFO - Setting next_dagrun for example_weekday_branch_operator to 2023-12-19T00:00:00+00:00, run_after=2023-12-20T00:00:00+00:00
[2023-12-20T18:01:03.617+0600] {processor.py:183} INFO - Processing /home/robin/Documents/Tanjim/Miscellaneous Projects/airflow_docker/airflow_in_python_env/env/lib/python3.10/site-packages/airflow/example_dags/example_branch_day_of_week_operator.py took 0.113 seconds
[2023-12-20T18:02:53.429+0600] {processor.py:161} INFO - Started process (PID=68963) to work on /home/robin/Documents/Tanjim/Miscellaneous Projects/airflow_docker/airflow_in_python_env/env/lib/python3.10/site-packages/airflow/example_dags/example_branch_day_of_week_operator.py
[2023-12-20T18:02:53.431+0600] {processor.py:830} INFO - Processing file /home/robin/Documents/Tanjim/Miscellaneous Projects/airflow_docker/airflow_in_python_env/env/lib/python3.10/site-packages/airflow/example_dags/example_branch_day_of_week_operator.py for tasks to queue
[2023-12-20T18:02:53.433+0600] {logging_mixin.py:188} INFO - [2023-12-20T18:02:53.432+0600] {dagbag.py:538} INFO - Filling up the DagBag from /home/robin/Documents/Tanjim/Miscellaneous Projects/airflow_docker/airflow_in_python_env/env/lib/python3.10/site-packages/airflow/example_dags/example_branch_day_of_week_operator.py
[2023-12-20T18:02:53.451+0600] {processor.py:840} INFO - DAG(s) 'example_weekday_branch_operator' retrieved from /home/robin/Documents/Tanjim/Miscellaneous Projects/airflow_docker/airflow_in_python_env/env/lib/python3.10/site-packages/airflow/example_dags/example_branch_day_of_week_operator.py
[2023-12-20T18:02:53.528+0600] {logging_mixin.py:188} INFO - [2023-12-20T18:02:53.528+0600] {dag.py:3033} INFO - Sync 1 DAGs
[2023-12-20T18:02:53.707+0600] {logging_mixin.py:188} INFO - [2023-12-20T18:02:53.702+0600] {dag.py:3820} INFO - Setting next_dagrun for example_weekday_branch_operator to 2023-12-19T00:00:00+00:00, run_after=2023-12-20T00:00:00+00:00
[2023-12-20T18:02:53.862+0600] {processor.py:183} INFO - Processing /home/robin/Documents/Tanjim/Miscellaneous Projects/airflow_docker/airflow_in_python_env/env/lib/python3.10/site-packages/airflow/example_dags/example_branch_day_of_week_operator.py took 0.438 seconds
[2023-12-20T18:04:05.979+0600] {processor.py:161} INFO - Started process (PID=69347) to work on /home/robin/Documents/Tanjim/Miscellaneous Projects/airflow_docker/airflow_in_python_env/env/lib/python3.10/site-packages/airflow/example_dags/example_branch_day_of_week_operator.py
[2023-12-20T18:04:05.988+0600] {processor.py:830} INFO - Processing file /home/robin/Documents/Tanjim/Miscellaneous Projects/airflow_docker/airflow_in_python_env/env/lib/python3.10/site-packages/airflow/example_dags/example_branch_day_of_week_operator.py for tasks to queue
[2023-12-20T18:04:05.989+0600] {logging_mixin.py:188} INFO - [2023-12-20T18:04:05.988+0600] {dagbag.py:538} INFO - Filling up the DagBag from /home/robin/Documents/Tanjim/Miscellaneous Projects/airflow_docker/airflow_in_python_env/env/lib/python3.10/site-packages/airflow/example_dags/example_branch_day_of_week_operator.py
[2023-12-20T18:04:06.000+0600] {processor.py:840} INFO - DAG(s) 'example_weekday_branch_operator' retrieved from /home/robin/Documents/Tanjim/Miscellaneous Projects/airflow_docker/airflow_in_python_env/env/lib/python3.10/site-packages/airflow/example_dags/example_branch_day_of_week_operator.py
[2023-12-20T18:04:06.021+0600] {logging_mixin.py:188} INFO - [2023-12-20T18:04:06.021+0600] {dag.py:3033} INFO - Sync 1 DAGs
[2023-12-20T18:04:06.049+0600] {logging_mixin.py:188} INFO - [2023-12-20T18:04:06.049+0600] {dag.py:3820} INFO - Setting next_dagrun for example_weekday_branch_operator to 2023-12-19T00:00:00+00:00, run_after=2023-12-20T00:00:00+00:00
[2023-12-20T18:04:06.087+0600] {processor.py:183} INFO - Processing /home/robin/Documents/Tanjim/Miscellaneous Projects/airflow_docker/airflow_in_python_env/env/lib/python3.10/site-packages/airflow/example_dags/example_branch_day_of_week_operator.py took 0.112 seconds
[2023-12-20T18:18:48.420+0600] {processor.py:161} INFO - Started process (PID=72189) to work on /home/robin/Documents/Tanjim/Miscellaneous Projects/airflow_docker/airflow_in_python_env/env/lib/python3.10/site-packages/airflow/example_dags/example_branch_day_of_week_operator.py
[2023-12-20T18:18:48.429+0600] {processor.py:830} INFO - Processing file /home/robin/Documents/Tanjim/Miscellaneous Projects/airflow_docker/airflow_in_python_env/env/lib/python3.10/site-packages/airflow/example_dags/example_branch_day_of_week_operator.py for tasks to queue
[2023-12-20T18:18:48.431+0600] {logging_mixin.py:188} INFO - [2023-12-20T18:18:48.430+0600] {dagbag.py:538} INFO - Filling up the DagBag from /home/robin/Documents/Tanjim/Miscellaneous Projects/airflow_docker/airflow_in_python_env/env/lib/python3.10/site-packages/airflow/example_dags/example_branch_day_of_week_operator.py
[2023-12-20T18:18:48.446+0600] {processor.py:840} INFO - DAG(s) 'example_weekday_branch_operator' retrieved from /home/robin/Documents/Tanjim/Miscellaneous Projects/airflow_docker/airflow_in_python_env/env/lib/python3.10/site-packages/airflow/example_dags/example_branch_day_of_week_operator.py
[2023-12-20T18:18:48.468+0600] {logging_mixin.py:188} INFO - [2023-12-20T18:18:48.468+0600] {dag.py:3033} INFO - Sync 1 DAGs
[2023-12-20T18:18:48.504+0600] {logging_mixin.py:188} INFO - [2023-12-20T18:18:48.503+0600] {dag.py:3820} INFO - Setting next_dagrun for example_weekday_branch_operator to 2023-12-19T00:00:00+00:00, run_after=2023-12-20T00:00:00+00:00
[2023-12-20T18:18:48.545+0600] {processor.py:183} INFO - Processing /home/robin/Documents/Tanjim/Miscellaneous Projects/airflow_docker/airflow_in_python_env/env/lib/python3.10/site-packages/airflow/example_dags/example_branch_day_of_week_operator.py took 0.131 seconds
[2023-12-20T18:19:44.739+0600] {processor.py:161} INFO - Started process (PID=72326) to work on /home/robin/Documents/Tanjim/Miscellaneous Projects/airflow_docker/airflow_in_python_env/env/lib/python3.10/site-packages/airflow/example_dags/example_branch_day_of_week_operator.py
[2023-12-20T18:19:44.747+0600] {processor.py:830} INFO - Processing file /home/robin/Documents/Tanjim/Miscellaneous Projects/airflow_docker/airflow_in_python_env/env/lib/python3.10/site-packages/airflow/example_dags/example_branch_day_of_week_operator.py for tasks to queue
[2023-12-20T18:19:44.748+0600] {logging_mixin.py:188} INFO - [2023-12-20T18:19:44.748+0600] {dagbag.py:538} INFO - Filling up the DagBag from /home/robin/Documents/Tanjim/Miscellaneous Projects/airflow_docker/airflow_in_python_env/env/lib/python3.10/site-packages/airflow/example_dags/example_branch_day_of_week_operator.py
[2023-12-20T18:19:44.764+0600] {processor.py:840} INFO - DAG(s) 'example_weekday_branch_operator' retrieved from /home/robin/Documents/Tanjim/Miscellaneous Projects/airflow_docker/airflow_in_python_env/env/lib/python3.10/site-packages/airflow/example_dags/example_branch_day_of_week_operator.py
[2023-12-20T18:19:44.791+0600] {logging_mixin.py:188} INFO - [2023-12-20T18:19:44.790+0600] {dag.py:3033} INFO - Sync 1 DAGs
[2023-12-20T18:19:44.840+0600] {logging_mixin.py:188} INFO - [2023-12-20T18:19:44.840+0600] {dag.py:3820} INFO - Setting next_dagrun for example_weekday_branch_operator to 2023-12-19T00:00:00+00:00, run_after=2023-12-20T00:00:00+00:00
[2023-12-20T18:19:44.888+0600] {processor.py:183} INFO - Processing /home/robin/Documents/Tanjim/Miscellaneous Projects/airflow_docker/airflow_in_python_env/env/lib/python3.10/site-packages/airflow/example_dags/example_branch_day_of_week_operator.py took 0.155 seconds
[2023-12-20T18:20:57.636+0600] {processor.py:161} INFO - Started process (PID=72573) to work on /home/robin/Documents/Tanjim/Miscellaneous Projects/airflow_docker/airflow_in_python_env/env/lib/python3.10/site-packages/airflow/example_dags/example_branch_day_of_week_operator.py
[2023-12-20T18:20:57.645+0600] {processor.py:830} INFO - Processing file /home/robin/Documents/Tanjim/Miscellaneous Projects/airflow_docker/airflow_in_python_env/env/lib/python3.10/site-packages/airflow/example_dags/example_branch_day_of_week_operator.py for tasks to queue
[2023-12-20T18:20:57.649+0600] {logging_mixin.py:188} INFO - [2023-12-20T18:20:57.647+0600] {dagbag.py:538} INFO - Filling up the DagBag from /home/robin/Documents/Tanjim/Miscellaneous Projects/airflow_docker/airflow_in_python_env/env/lib/python3.10/site-packages/airflow/example_dags/example_branch_day_of_week_operator.py
[2023-12-20T18:20:57.665+0600] {processor.py:840} INFO - DAG(s) 'example_weekday_branch_operator' retrieved from /home/robin/Documents/Tanjim/Miscellaneous Projects/airflow_docker/airflow_in_python_env/env/lib/python3.10/site-packages/airflow/example_dags/example_branch_day_of_week_operator.py
[2023-12-20T18:20:57.685+0600] {logging_mixin.py:188} INFO - [2023-12-20T18:20:57.685+0600] {dag.py:3033} INFO - Sync 1 DAGs
[2023-12-20T18:20:57.709+0600] {logging_mixin.py:188} INFO - [2023-12-20T18:20:57.709+0600] {dag.py:3820} INFO - Setting next_dagrun for example_weekday_branch_operator to 2023-12-19T00:00:00+00:00, run_after=2023-12-20T00:00:00+00:00
[2023-12-20T18:20:57.741+0600] {processor.py:183} INFO - Processing /home/robin/Documents/Tanjim/Miscellaneous Projects/airflow_docker/airflow_in_python_env/env/lib/python3.10/site-packages/airflow/example_dags/example_branch_day_of_week_operator.py took 0.109 seconds
[2023-12-20T18:29:41.580+0600] {processor.py:161} INFO - Started process (PID=75473) to work on /home/robin/Documents/Tanjim/Miscellaneous Projects/airflow_docker/airflow_in_python_env/env/lib/python3.10/site-packages/airflow/example_dags/example_branch_day_of_week_operator.py
[2023-12-20T18:29:41.589+0600] {processor.py:830} INFO - Processing file /home/robin/Documents/Tanjim/Miscellaneous Projects/airflow_docker/airflow_in_python_env/env/lib/python3.10/site-packages/airflow/example_dags/example_branch_day_of_week_operator.py for tasks to queue
[2023-12-20T18:29:41.591+0600] {logging_mixin.py:188} INFO - [2023-12-20T18:29:41.591+0600] {dagbag.py:538} INFO - Filling up the DagBag from /home/robin/Documents/Tanjim/Miscellaneous Projects/airflow_docker/airflow_in_python_env/env/lib/python3.10/site-packages/airflow/example_dags/example_branch_day_of_week_operator.py
[2023-12-20T18:29:41.607+0600] {processor.py:840} INFO - DAG(s) 'example_weekday_branch_operator' retrieved from /home/robin/Documents/Tanjim/Miscellaneous Projects/airflow_docker/airflow_in_python_env/env/lib/python3.10/site-packages/airflow/example_dags/example_branch_day_of_week_operator.py
[2023-12-20T18:29:41.632+0600] {logging_mixin.py:188} INFO - [2023-12-20T18:29:41.632+0600] {dag.py:3033} INFO - Sync 1 DAGs
[2023-12-20T18:29:41.655+0600] {logging_mixin.py:188} INFO - [2023-12-20T18:29:41.655+0600] {dag.py:3820} INFO - Setting next_dagrun for example_weekday_branch_operator to 2023-12-19T00:00:00+00:00, run_after=2023-12-20T00:00:00+00:00
[2023-12-20T18:29:41.689+0600] {processor.py:183} INFO - Processing /home/robin/Documents/Tanjim/Miscellaneous Projects/airflow_docker/airflow_in_python_env/env/lib/python3.10/site-packages/airflow/example_dags/example_branch_day_of_week_operator.py took 0.116 seconds
