[2023-12-20T17:58:24.699+0600] {processor.py:161} INFO - Started process (PID=67088) to work on /home/robin/Documents/Tanjim/Miscellaneous Projects/airflow_docker/airflow_in_python_env/env/lib/python3.10/site-packages/airflow/example_dags/example_skip_dag.py
[2023-12-20T17:58:24.700+0600] {processor.py:830} INFO - Processing file /home/robin/Documents/Tanjim/Miscellaneous Projects/airflow_docker/airflow_in_python_env/env/lib/python3.10/site-packages/airflow/example_dags/example_skip_dag.py for tasks to queue
[2023-12-20T17:58:24.702+0600] {logging_mixin.py:188} INFO - [2023-12-20T17:58:24.701+0600] {dagbag.py:538} INFO - Filling up the DagBag from /home/robin/Documents/Tanjim/Miscellaneous Projects/airflow_docker/airflow_in_python_env/env/lib/python3.10/site-packages/airflow/example_dags/example_skip_dag.py
[2023-12-20T17:58:24.712+0600] {processor.py:840} INFO - DAG(s) 'example_skip_dag' retrieved from /home/robin/Documents/Tanjim/Miscellaneous Projects/airflow_docker/airflow_in_python_env/env/lib/python3.10/site-packages/airflow/example_dags/example_skip_dag.py
[2023-12-20T17:58:24.815+0600] {logging_mixin.py:188} INFO - [2023-12-20T17:58:24.815+0600] {dag.py:3033} INFO - Sync 1 DAGs
[2023-12-20T17:58:24.835+0600] {logging_mixin.py:188} INFO - [2023-12-20T17:58:24.835+0600] {dag.py:3820} INFO - Setting next_dagrun for example_skip_dag to 2023-12-19T00:00:00+00:00, run_after=2023-12-20T00:00:00+00:00
[2023-12-20T17:58:24.860+0600] {processor.py:183} INFO - Processing /home/robin/Documents/Tanjim/Miscellaneous Projects/airflow_docker/airflow_in_python_env/env/lib/python3.10/site-packages/airflow/example_dags/example_skip_dag.py took 0.165 seconds
[2023-12-20T17:59:21.511+0600] {processor.py:161} INFO - Started process (PID=67301) to work on /home/robin/Documents/Tanjim/Miscellaneous Projects/airflow_docker/airflow_in_python_env/env/lib/python3.10/site-packages/airflow/example_dags/example_skip_dag.py
[2023-12-20T17:59:21.526+0600] {processor.py:830} INFO - Processing file /home/robin/Documents/Tanjim/Miscellaneous Projects/airflow_docker/airflow_in_python_env/env/lib/python3.10/site-packages/airflow/example_dags/example_skip_dag.py for tasks to queue
[2023-12-20T17:59:21.532+0600] {logging_mixin.py:188} INFO - [2023-12-20T17:59:21.527+0600] {dagbag.py:538} INFO - Filling up the DagBag from /home/robin/Documents/Tanjim/Miscellaneous Projects/airflow_docker/airflow_in_python_env/env/lib/python3.10/site-packages/airflow/example_dags/example_skip_dag.py
[2023-12-20T17:59:21.558+0600] {processor.py:840} INFO - DAG(s) 'example_skip_dag' retrieved from /home/robin/Documents/Tanjim/Miscellaneous Projects/airflow_docker/airflow_in_python_env/env/lib/python3.10/site-packages/airflow/example_dags/example_skip_dag.py
[2023-12-20T17:59:21.595+0600] {logging_mixin.py:188} INFO - [2023-12-20T17:59:21.595+0600] {dag.py:3033} INFO - Sync 1 DAGs
[2023-12-20T17:59:21.651+0600] {logging_mixin.py:188} INFO - [2023-12-20T17:59:21.650+0600] {dag.py:3820} INFO - Setting next_dagrun for example_skip_dag to 2023-12-19T00:00:00+00:00, run_after=2023-12-20T00:00:00+00:00
[2023-12-20T17:59:21.705+0600] {processor.py:183} INFO - Processing /home/robin/Documents/Tanjim/Miscellaneous Projects/airflow_docker/airflow_in_python_env/env/lib/python3.10/site-packages/airflow/example_dags/example_skip_dag.py took 0.207 seconds
[2023-12-20T18:00:15.124+0600] {processor.py:161} INFO - Started process (PID=67476) to work on /home/robin/Documents/Tanjim/Miscellaneous Projects/airflow_docker/airflow_in_python_env/env/lib/python3.10/site-packages/airflow/example_dags/example_skip_dag.py
[2023-12-20T18:00:15.134+0600] {processor.py:830} INFO - Processing file /home/robin/Documents/Tanjim/Miscellaneous Projects/airflow_docker/airflow_in_python_env/env/lib/python3.10/site-packages/airflow/example_dags/example_skip_dag.py for tasks to queue
[2023-12-20T18:00:15.135+0600] {logging_mixin.py:188} INFO - [2023-12-20T18:00:15.135+0600] {dagbag.py:538} INFO - Filling up the DagBag from /home/robin/Documents/Tanjim/Miscellaneous Projects/airflow_docker/airflow_in_python_env/env/lib/python3.10/site-packages/airflow/example_dags/example_skip_dag.py
[2023-12-20T18:00:15.147+0600] {processor.py:840} INFO - DAG(s) 'example_skip_dag' retrieved from /home/robin/Documents/Tanjim/Miscellaneous Projects/airflow_docker/airflow_in_python_env/env/lib/python3.10/site-packages/airflow/example_dags/example_skip_dag.py
[2023-12-20T18:00:15.170+0600] {logging_mixin.py:188} INFO - [2023-12-20T18:00:15.170+0600] {dag.py:3033} INFO - Sync 1 DAGs
[2023-12-20T18:00:15.192+0600] {logging_mixin.py:188} INFO - [2023-12-20T18:00:15.192+0600] {dag.py:3820} INFO - Setting next_dagrun for example_skip_dag to 2023-12-19T00:00:00+00:00, run_after=2023-12-20T00:00:00+00:00
[2023-12-20T18:00:15.225+0600] {processor.py:183} INFO - Processing /home/robin/Documents/Tanjim/Miscellaneous Projects/airflow_docker/airflow_in_python_env/env/lib/python3.10/site-packages/airflow/example_dags/example_skip_dag.py took 0.106 seconds
[2023-12-20T18:01:07.979+0600] {processor.py:161} INFO - Started process (PID=67867) to work on /home/robin/Documents/Tanjim/Miscellaneous Projects/airflow_docker/airflow_in_python_env/env/lib/python3.10/site-packages/airflow/example_dags/example_skip_dag.py
[2023-12-20T18:01:07.989+0600] {processor.py:830} INFO - Processing file /home/robin/Documents/Tanjim/Miscellaneous Projects/airflow_docker/airflow_in_python_env/env/lib/python3.10/site-packages/airflow/example_dags/example_skip_dag.py for tasks to queue
[2023-12-20T18:01:07.995+0600] {logging_mixin.py:188} INFO - [2023-12-20T18:01:07.992+0600] {dagbag.py:538} INFO - Filling up the DagBag from /home/robin/Documents/Tanjim/Miscellaneous Projects/airflow_docker/airflow_in_python_env/env/lib/python3.10/site-packages/airflow/example_dags/example_skip_dag.py
[2023-12-20T18:01:08.032+0600] {processor.py:840} INFO - DAG(s) 'example_skip_dag' retrieved from /home/robin/Documents/Tanjim/Miscellaneous Projects/airflow_docker/airflow_in_python_env/env/lib/python3.10/site-packages/airflow/example_dags/example_skip_dag.py
[2023-12-20T18:01:08.064+0600] {logging_mixin.py:188} INFO - [2023-12-20T18:01:08.064+0600] {dag.py:3033} INFO - Sync 1 DAGs
[2023-12-20T18:01:08.085+0600] {logging_mixin.py:188} INFO - [2023-12-20T18:01:08.085+0600] {dag.py:3820} INFO - Setting next_dagrun for example_skip_dag to 2023-12-19T00:00:00+00:00, run_after=2023-12-20T00:00:00+00:00
[2023-12-20T18:01:08.126+0600] {processor.py:183} INFO - Processing /home/robin/Documents/Tanjim/Miscellaneous Projects/airflow_docker/airflow_in_python_env/env/lib/python3.10/site-packages/airflow/example_dags/example_skip_dag.py took 0.159 seconds
[2023-12-20T18:02:32.563+0600] {processor.py:161} INFO - Started process (PID=68818) to work on /home/robin/Documents/Tanjim/Miscellaneous Projects/airflow_docker/airflow_in_python_env/env/lib/python3.10/site-packages/airflow/example_dags/example_skip_dag.py
[2023-12-20T18:02:32.572+0600] {processor.py:830} INFO - Processing file /home/robin/Documents/Tanjim/Miscellaneous Projects/airflow_docker/airflow_in_python_env/env/lib/python3.10/site-packages/airflow/example_dags/example_skip_dag.py for tasks to queue
[2023-12-20T18:02:32.573+0600] {logging_mixin.py:188} INFO - [2023-12-20T18:02:32.573+0600] {dagbag.py:538} INFO - Filling up the DagBag from /home/robin/Documents/Tanjim/Miscellaneous Projects/airflow_docker/airflow_in_python_env/env/lib/python3.10/site-packages/airflow/example_dags/example_skip_dag.py
[2023-12-20T18:02:32.586+0600] {processor.py:840} INFO - DAG(s) 'example_skip_dag' retrieved from /home/robin/Documents/Tanjim/Miscellaneous Projects/airflow_docker/airflow_in_python_env/env/lib/python3.10/site-packages/airflow/example_dags/example_skip_dag.py
[2023-12-20T18:02:32.607+0600] {logging_mixin.py:188} INFO - [2023-12-20T18:02:32.607+0600] {dag.py:3033} INFO - Sync 1 DAGs
[2023-12-20T18:02:32.630+0600] {logging_mixin.py:188} INFO - [2023-12-20T18:02:32.630+0600] {dag.py:3820} INFO - Setting next_dagrun for example_skip_dag to 2023-12-19T00:00:00+00:00, run_after=2023-12-20T00:00:00+00:00
[2023-12-20T18:02:32.663+0600] {processor.py:183} INFO - Processing /home/robin/Documents/Tanjim/Miscellaneous Projects/airflow_docker/airflow_in_python_env/env/lib/python3.10/site-packages/airflow/example_dags/example_skip_dag.py took 0.107 seconds
[2023-12-20T18:03:24.898+0600] {processor.py:161} INFO - Started process (PID=69234) to work on /home/robin/Documents/Tanjim/Miscellaneous Projects/airflow_docker/airflow_in_python_env/env/lib/python3.10/site-packages/airflow/example_dags/example_skip_dag.py
[2023-12-20T18:03:24.904+0600] {processor.py:830} INFO - Processing file /home/robin/Documents/Tanjim/Miscellaneous Projects/airflow_docker/airflow_in_python_env/env/lib/python3.10/site-packages/airflow/example_dags/example_skip_dag.py for tasks to queue
[2023-12-20T18:03:24.907+0600] {logging_mixin.py:188} INFO - [2023-12-20T18:03:24.906+0600] {dagbag.py:538} INFO - Filling up the DagBag from /home/robin/Documents/Tanjim/Miscellaneous Projects/airflow_docker/airflow_in_python_env/env/lib/python3.10/site-packages/airflow/example_dags/example_skip_dag.py
[2023-12-20T18:03:24.929+0600] {processor.py:840} INFO - DAG(s) 'example_skip_dag' retrieved from /home/robin/Documents/Tanjim/Miscellaneous Projects/airflow_docker/airflow_in_python_env/env/lib/python3.10/site-packages/airflow/example_dags/example_skip_dag.py
[2023-12-20T18:03:24.952+0600] {logging_mixin.py:188} INFO - [2023-12-20T18:03:24.952+0600] {dag.py:3033} INFO - Sync 1 DAGs
[2023-12-20T18:03:24.974+0600] {logging_mixin.py:188} INFO - [2023-12-20T18:03:24.974+0600] {dag.py:3820} INFO - Setting next_dagrun for example_skip_dag to 2023-12-19T00:00:00+00:00, run_after=2023-12-20T00:00:00+00:00
[2023-12-20T18:03:25.006+0600] {processor.py:183} INFO - Processing /home/robin/Documents/Tanjim/Miscellaneous Projects/airflow_docker/airflow_in_python_env/env/lib/python3.10/site-packages/airflow/example_dags/example_skip_dag.py took 0.128 seconds
[2023-12-20T18:04:16.241+0600] {processor.py:161} INFO - Started process (PID=69469) to work on /home/robin/Documents/Tanjim/Miscellaneous Projects/airflow_docker/airflow_in_python_env/env/lib/python3.10/site-packages/airflow/example_dags/example_skip_dag.py
[2023-12-20T18:04:16.249+0600] {processor.py:830} INFO - Processing file /home/robin/Documents/Tanjim/Miscellaneous Projects/airflow_docker/airflow_in_python_env/env/lib/python3.10/site-packages/airflow/example_dags/example_skip_dag.py for tasks to queue
[2023-12-20T18:04:16.251+0600] {logging_mixin.py:188} INFO - [2023-12-20T18:04:16.251+0600] {dagbag.py:538} INFO - Filling up the DagBag from /home/robin/Documents/Tanjim/Miscellaneous Projects/airflow_docker/airflow_in_python_env/env/lib/python3.10/site-packages/airflow/example_dags/example_skip_dag.py
[2023-12-20T18:04:16.265+0600] {processor.py:840} INFO - DAG(s) 'example_skip_dag' retrieved from /home/robin/Documents/Tanjim/Miscellaneous Projects/airflow_docker/airflow_in_python_env/env/lib/python3.10/site-packages/airflow/example_dags/example_skip_dag.py
[2023-12-20T18:04:16.293+0600] {logging_mixin.py:188} INFO - [2023-12-20T18:04:16.293+0600] {dag.py:3033} INFO - Sync 1 DAGs
[2023-12-20T18:04:16.323+0600] {logging_mixin.py:188} INFO - [2023-12-20T18:04:16.323+0600] {dag.py:3820} INFO - Setting next_dagrun for example_skip_dag to 2023-12-19T00:00:00+00:00, run_after=2023-12-20T00:00:00+00:00
[2023-12-20T18:04:16.356+0600] {processor.py:183} INFO - Processing /home/robin/Documents/Tanjim/Miscellaneous Projects/airflow_docker/airflow_in_python_env/env/lib/python3.10/site-packages/airflow/example_dags/example_skip_dag.py took 0.120 seconds
[2023-12-20T18:18:23.311+0600] {processor.py:161} INFO - Started process (PID=72088) to work on /home/robin/Documents/Tanjim/Miscellaneous Projects/airflow_docker/airflow_in_python_env/env/lib/python3.10/site-packages/airflow/example_dags/example_skip_dag.py
[2023-12-20T18:18:23.323+0600] {processor.py:830} INFO - Processing file /home/robin/Documents/Tanjim/Miscellaneous Projects/airflow_docker/airflow_in_python_env/env/lib/python3.10/site-packages/airflow/example_dags/example_skip_dag.py for tasks to queue
[2023-12-20T18:18:23.326+0600] {logging_mixin.py:188} INFO - [2023-12-20T18:18:23.325+0600] {dagbag.py:538} INFO - Filling up the DagBag from /home/robin/Documents/Tanjim/Miscellaneous Projects/airflow_docker/airflow_in_python_env/env/lib/python3.10/site-packages/airflow/example_dags/example_skip_dag.py
[2023-12-20T18:18:23.356+0600] {processor.py:840} INFO - DAG(s) 'example_skip_dag' retrieved from /home/robin/Documents/Tanjim/Miscellaneous Projects/airflow_docker/airflow_in_python_env/env/lib/python3.10/site-packages/airflow/example_dags/example_skip_dag.py
[2023-12-20T18:18:23.398+0600] {logging_mixin.py:188} INFO - [2023-12-20T18:18:23.398+0600] {dag.py:3033} INFO - Sync 1 DAGs
[2023-12-20T18:18:23.420+0600] {logging_mixin.py:188} INFO - [2023-12-20T18:18:23.420+0600] {dag.py:3820} INFO - Setting next_dagrun for example_skip_dag to 2023-12-19T00:00:00+00:00, run_after=2023-12-20T00:00:00+00:00
[2023-12-20T18:18:23.449+0600] {processor.py:183} INFO - Processing /home/robin/Documents/Tanjim/Miscellaneous Projects/airflow_docker/airflow_in_python_env/env/lib/python3.10/site-packages/airflow/example_dags/example_skip_dag.py took 0.149 seconds
[2023-12-20T18:19:18.017+0600] {processor.py:161} INFO - Started process (PID=72271) to work on /home/robin/Documents/Tanjim/Miscellaneous Projects/airflow_docker/airflow_in_python_env/env/lib/python3.10/site-packages/airflow/example_dags/example_skip_dag.py
[2023-12-20T18:19:18.018+0600] {processor.py:830} INFO - Processing file /home/robin/Documents/Tanjim/Miscellaneous Projects/airflow_docker/airflow_in_python_env/env/lib/python3.10/site-packages/airflow/example_dags/example_skip_dag.py for tasks to queue
[2023-12-20T18:19:18.020+0600] {logging_mixin.py:188} INFO - [2023-12-20T18:19:18.020+0600] {dagbag.py:538} INFO - Filling up the DagBag from /home/robin/Documents/Tanjim/Miscellaneous Projects/airflow_docker/airflow_in_python_env/env/lib/python3.10/site-packages/airflow/example_dags/example_skip_dag.py
[2023-12-20T18:19:18.034+0600] {processor.py:840} INFO - DAG(s) 'example_skip_dag' retrieved from /home/robin/Documents/Tanjim/Miscellaneous Projects/airflow_docker/airflow_in_python_env/env/lib/python3.10/site-packages/airflow/example_dags/example_skip_dag.py
[2023-12-20T18:19:18.059+0600] {logging_mixin.py:188} INFO - [2023-12-20T18:19:18.059+0600] {dag.py:3033} INFO - Sync 1 DAGs
[2023-12-20T18:19:18.095+0600] {logging_mixin.py:188} INFO - [2023-12-20T18:19:18.094+0600] {dag.py:3820} INFO - Setting next_dagrun for example_skip_dag to 2023-12-19T00:00:00+00:00, run_after=2023-12-20T00:00:00+00:00
[2023-12-20T18:19:18.139+0600] {processor.py:183} INFO - Processing /home/robin/Documents/Tanjim/Miscellaneous Projects/airflow_docker/airflow_in_python_env/env/lib/python3.10/site-packages/airflow/example_dags/example_skip_dag.py took 0.126 seconds
[2023-12-20T18:20:13.152+0600] {processor.py:161} INFO - Started process (PID=72399) to work on /home/robin/Documents/Tanjim/Miscellaneous Projects/airflow_docker/airflow_in_python_env/env/lib/python3.10/site-packages/airflow/example_dags/example_skip_dag.py
[2023-12-20T18:20:13.161+0600] {processor.py:830} INFO - Processing file /home/robin/Documents/Tanjim/Miscellaneous Projects/airflow_docker/airflow_in_python_env/env/lib/python3.10/site-packages/airflow/example_dags/example_skip_dag.py for tasks to queue
[2023-12-20T18:20:13.163+0600] {logging_mixin.py:188} INFO - [2023-12-20T18:20:13.163+0600] {dagbag.py:538} INFO - Filling up the DagBag from /home/robin/Documents/Tanjim/Miscellaneous Projects/airflow_docker/airflow_in_python_env/env/lib/python3.10/site-packages/airflow/example_dags/example_skip_dag.py
[2023-12-20T18:20:13.178+0600] {processor.py:840} INFO - DAG(s) 'example_skip_dag' retrieved from /home/robin/Documents/Tanjim/Miscellaneous Projects/airflow_docker/airflow_in_python_env/env/lib/python3.10/site-packages/airflow/example_dags/example_skip_dag.py
[2023-12-20T18:20:13.200+0600] {logging_mixin.py:188} INFO - [2023-12-20T18:20:13.199+0600] {dag.py:3033} INFO - Sync 1 DAGs
[2023-12-20T18:20:13.223+0600] {logging_mixin.py:188} INFO - [2023-12-20T18:20:13.222+0600] {dag.py:3820} INFO - Setting next_dagrun for example_skip_dag to 2023-12-19T00:00:00+00:00, run_after=2023-12-20T00:00:00+00:00
[2023-12-20T18:20:13.273+0600] {processor.py:183} INFO - Processing /home/robin/Documents/Tanjim/Miscellaneous Projects/airflow_docker/airflow_in_python_env/env/lib/python3.10/site-packages/airflow/example_dags/example_skip_dag.py took 0.129 seconds
[2023-12-20T18:28:53.323+0600] {processor.py:161} INFO - Started process (PID=74950) to work on /home/robin/Documents/Tanjim/Miscellaneous Projects/airflow_docker/airflow_in_python_env/env/lib/python3.10/site-packages/airflow/example_dags/example_skip_dag.py
[2023-12-20T18:28:53.331+0600] {processor.py:830} INFO - Processing file /home/robin/Documents/Tanjim/Miscellaneous Projects/airflow_docker/airflow_in_python_env/env/lib/python3.10/site-packages/airflow/example_dags/example_skip_dag.py for tasks to queue
[2023-12-20T18:28:53.333+0600] {logging_mixin.py:188} INFO - [2023-12-20T18:28:53.332+0600] {dagbag.py:538} INFO - Filling up the DagBag from /home/robin/Documents/Tanjim/Miscellaneous Projects/airflow_docker/airflow_in_python_env/env/lib/python3.10/site-packages/airflow/example_dags/example_skip_dag.py
[2023-12-20T18:28:53.342+0600] {processor.py:840} INFO - DAG(s) 'example_skip_dag' retrieved from /home/robin/Documents/Tanjim/Miscellaneous Projects/airflow_docker/airflow_in_python_env/env/lib/python3.10/site-packages/airflow/example_dags/example_skip_dag.py
[2023-12-20T18:28:53.366+0600] {logging_mixin.py:188} INFO - [2023-12-20T18:28:53.366+0600] {dag.py:3033} INFO - Sync 1 DAGs
[2023-12-20T18:28:53.389+0600] {logging_mixin.py:188} INFO - [2023-12-20T18:28:53.389+0600] {dag.py:3820} INFO - Setting next_dagrun for example_skip_dag to 2023-12-19T00:00:00+00:00, run_after=2023-12-20T00:00:00+00:00
[2023-12-20T18:28:53.426+0600] {processor.py:183} INFO - Processing /home/robin/Documents/Tanjim/Miscellaneous Projects/airflow_docker/airflow_in_python_env/env/lib/python3.10/site-packages/airflow/example_dags/example_skip_dag.py took 0.108 seconds
[2023-12-20T18:30:10.025+0600] {processor.py:161} INFO - Started process (PID=75614) to work on /home/robin/Documents/Tanjim/Miscellaneous Projects/airflow_docker/airflow_in_python_env/env/lib/python3.10/site-packages/airflow/example_dags/example_skip_dag.py
[2023-12-20T18:30:10.035+0600] {processor.py:830} INFO - Processing file /home/robin/Documents/Tanjim/Miscellaneous Projects/airflow_docker/airflow_in_python_env/env/lib/python3.10/site-packages/airflow/example_dags/example_skip_dag.py for tasks to queue
[2023-12-20T18:30:10.036+0600] {logging_mixin.py:188} INFO - [2023-12-20T18:30:10.036+0600] {dagbag.py:538} INFO - Filling up the DagBag from /home/robin/Documents/Tanjim/Miscellaneous Projects/airflow_docker/airflow_in_python_env/env/lib/python3.10/site-packages/airflow/example_dags/example_skip_dag.py
[2023-12-20T18:30:10.057+0600] {processor.py:840} INFO - DAG(s) 'example_skip_dag' retrieved from /home/robin/Documents/Tanjim/Miscellaneous Projects/airflow_docker/airflow_in_python_env/env/lib/python3.10/site-packages/airflow/example_dags/example_skip_dag.py
[2023-12-20T18:30:10.088+0600] {logging_mixin.py:188} INFO - [2023-12-20T18:30:10.088+0600] {dag.py:3033} INFO - Sync 1 DAGs
[2023-12-20T18:30:10.111+0600] {logging_mixin.py:188} INFO - [2023-12-20T18:30:10.111+0600] {dag.py:3820} INFO - Setting next_dagrun for example_skip_dag to 2023-12-19T00:00:00+00:00, run_after=2023-12-20T00:00:00+00:00
[2023-12-20T18:30:10.156+0600] {processor.py:183} INFO - Processing /home/robin/Documents/Tanjim/Miscellaneous Projects/airflow_docker/airflow_in_python_env/env/lib/python3.10/site-packages/airflow/example_dags/example_skip_dag.py took 0.139 seconds
