[2023-12-20T17:58:36.759+0600] {processor.py:161} INFO - Started process (PID=67111) to work on /home/robin/Documents/Tanjim/Miscellaneous Projects/airflow_docker/airflow_in_python_env/env/lib/python3.10/site-packages/airflow/example_dags/example_params_ui_tutorial.py
[2023-12-20T17:58:36.762+0600] {processor.py:830} INFO - Processing file /home/robin/Documents/Tanjim/Miscellaneous Projects/airflow_docker/airflow_in_python_env/env/lib/python3.10/site-packages/airflow/example_dags/example_params_ui_tutorial.py for tasks to queue
[2023-12-20T17:58:36.765+0600] {logging_mixin.py:188} INFO - [2023-12-20T17:58:36.764+0600] {dagbag.py:538} INFO - Filling up the DagBag from /home/robin/Documents/Tanjim/Miscellaneous Projects/airflow_docker/airflow_in_python_env/env/lib/python3.10/site-packages/airflow/example_dags/example_params_ui_tutorial.py
[2023-12-20T17:58:36.788+0600] {processor.py:840} INFO - DAG(s) 'example_params_ui_tutorial' retrieved from /home/robin/Documents/Tanjim/Miscellaneous Projects/airflow_docker/airflow_in_python_env/env/lib/python3.10/site-packages/airflow/example_dags/example_params_ui_tutorial.py
[2023-12-20T17:58:36.941+0600] {logging_mixin.py:188} INFO - [2023-12-20T17:58:36.941+0600] {dag.py:3033} INFO - Sync 1 DAGs
[2023-12-20T17:58:36.950+0600] {logging_mixin.py:188} INFO - [2023-12-20T17:58:36.950+0600] {dag.py:3820} INFO - Setting next_dagrun for example_params_ui_tutorial to None, run_after=None
[2023-12-20T17:58:37.001+0600] {processor.py:183} INFO - Processing /home/robin/Documents/Tanjim/Miscellaneous Projects/airflow_docker/airflow_in_python_env/env/lib/python3.10/site-packages/airflow/example_dags/example_params_ui_tutorial.py took 0.256 seconds
[2023-12-20T17:59:32.639+0600] {processor.py:161} INFO - Started process (PID=67365) to work on /home/robin/Documents/Tanjim/Miscellaneous Projects/airflow_docker/airflow_in_python_env/env/lib/python3.10/site-packages/airflow/example_dags/example_params_ui_tutorial.py
[2023-12-20T17:59:32.650+0600] {processor.py:830} INFO - Processing file /home/robin/Documents/Tanjim/Miscellaneous Projects/airflow_docker/airflow_in_python_env/env/lib/python3.10/site-packages/airflow/example_dags/example_params_ui_tutorial.py for tasks to queue
[2023-12-20T17:59:32.657+0600] {logging_mixin.py:188} INFO - [2023-12-20T17:59:32.656+0600] {dagbag.py:538} INFO - Filling up the DagBag from /home/robin/Documents/Tanjim/Miscellaneous Projects/airflow_docker/airflow_in_python_env/env/lib/python3.10/site-packages/airflow/example_dags/example_params_ui_tutorial.py
[2023-12-20T17:59:32.689+0600] {processor.py:840} INFO - DAG(s) 'example_params_ui_tutorial' retrieved from /home/robin/Documents/Tanjim/Miscellaneous Projects/airflow_docker/airflow_in_python_env/env/lib/python3.10/site-packages/airflow/example_dags/example_params_ui_tutorial.py
[2023-12-20T17:59:32.875+0600] {logging_mixin.py:188} INFO - [2023-12-20T17:59:32.872+0600] {dag.py:3033} INFO - Sync 1 DAGs
[2023-12-20T17:59:32.892+0600] {logging_mixin.py:188} INFO - [2023-12-20T17:59:32.892+0600] {dag.py:3820} INFO - Setting next_dagrun for example_params_ui_tutorial to None, run_after=None
[2023-12-20T17:59:32.947+0600] {processor.py:183} INFO - Processing /home/robin/Documents/Tanjim/Miscellaneous Projects/airflow_docker/airflow_in_python_env/env/lib/python3.10/site-packages/airflow/example_dags/example_params_ui_tutorial.py took 0.315 seconds
[2023-12-20T18:00:26.482+0600] {processor.py:161} INFO - Started process (PID=67497) to work on /home/robin/Documents/Tanjim/Miscellaneous Projects/airflow_docker/airflow_in_python_env/env/lib/python3.10/site-packages/airflow/example_dags/example_params_ui_tutorial.py
[2023-12-20T18:00:26.491+0600] {processor.py:830} INFO - Processing file /home/robin/Documents/Tanjim/Miscellaneous Projects/airflow_docker/airflow_in_python_env/env/lib/python3.10/site-packages/airflow/example_dags/example_params_ui_tutorial.py for tasks to queue
[2023-12-20T18:00:26.492+0600] {logging_mixin.py:188} INFO - [2023-12-20T18:00:26.491+0600] {dagbag.py:538} INFO - Filling up the DagBag from /home/robin/Documents/Tanjim/Miscellaneous Projects/airflow_docker/airflow_in_python_env/env/lib/python3.10/site-packages/airflow/example_dags/example_params_ui_tutorial.py
[2023-12-20T18:00:26.508+0600] {processor.py:840} INFO - DAG(s) 'example_params_ui_tutorial' retrieved from /home/robin/Documents/Tanjim/Miscellaneous Projects/airflow_docker/airflow_in_python_env/env/lib/python3.10/site-packages/airflow/example_dags/example_params_ui_tutorial.py
[2023-12-20T18:00:26.569+0600] {logging_mixin.py:188} INFO - [2023-12-20T18:00:26.569+0600] {dag.py:3033} INFO - Sync 1 DAGs
[2023-12-20T18:00:26.583+0600] {logging_mixin.py:188} INFO - [2023-12-20T18:00:26.583+0600] {dag.py:3820} INFO - Setting next_dagrun for example_params_ui_tutorial to None, run_after=None
[2023-12-20T18:00:26.617+0600] {processor.py:183} INFO - Processing /home/robin/Documents/Tanjim/Miscellaneous Projects/airflow_docker/airflow_in_python_env/env/lib/python3.10/site-packages/airflow/example_dags/example_params_ui_tutorial.py took 0.139 seconds
[2023-12-20T18:01:18.819+0600] {processor.py:161} INFO - Started process (PID=67994) to work on /home/robin/Documents/Tanjim/Miscellaneous Projects/airflow_docker/airflow_in_python_env/env/lib/python3.10/site-packages/airflow/example_dags/example_params_ui_tutorial.py
[2023-12-20T18:01:18.821+0600] {processor.py:830} INFO - Processing file /home/robin/Documents/Tanjim/Miscellaneous Projects/airflow_docker/airflow_in_python_env/env/lib/python3.10/site-packages/airflow/example_dags/example_params_ui_tutorial.py for tasks to queue
[2023-12-20T18:01:18.823+0600] {logging_mixin.py:188} INFO - [2023-12-20T18:01:18.822+0600] {dagbag.py:538} INFO - Filling up the DagBag from /home/robin/Documents/Tanjim/Miscellaneous Projects/airflow_docker/airflow_in_python_env/env/lib/python3.10/site-packages/airflow/example_dags/example_params_ui_tutorial.py
[2023-12-20T18:01:18.895+0600] {processor.py:840} INFO - DAG(s) 'example_params_ui_tutorial' retrieved from /home/robin/Documents/Tanjim/Miscellaneous Projects/airflow_docker/airflow_in_python_env/env/lib/python3.10/site-packages/airflow/example_dags/example_params_ui_tutorial.py
[2023-12-20T18:01:19.206+0600] {logging_mixin.py:188} INFO - [2023-12-20T18:01:19.206+0600] {dag.py:3033} INFO - Sync 1 DAGs
[2023-12-20T18:01:19.299+0600] {logging_mixin.py:188} INFO - [2023-12-20T18:01:19.299+0600] {dag.py:3820} INFO - Setting next_dagrun for example_params_ui_tutorial to None, run_after=None
[2023-12-20T18:01:19.456+0600] {processor.py:183} INFO - Processing /home/robin/Documents/Tanjim/Miscellaneous Projects/airflow_docker/airflow_in_python_env/env/lib/python3.10/site-packages/airflow/example_dags/example_params_ui_tutorial.py took 0.643 seconds
[2023-12-20T18:02:44.267+0600] {processor.py:161} INFO - Started process (PID=68910) to work on /home/robin/Documents/Tanjim/Miscellaneous Projects/airflow_docker/airflow_in_python_env/env/lib/python3.10/site-packages/airflow/example_dags/example_params_ui_tutorial.py
[2023-12-20T18:02:44.277+0600] {processor.py:830} INFO - Processing file /home/robin/Documents/Tanjim/Miscellaneous Projects/airflow_docker/airflow_in_python_env/env/lib/python3.10/site-packages/airflow/example_dags/example_params_ui_tutorial.py for tasks to queue
[2023-12-20T18:02:44.285+0600] {logging_mixin.py:188} INFO - [2023-12-20T18:02:44.282+0600] {dagbag.py:538} INFO - Filling up the DagBag from /home/robin/Documents/Tanjim/Miscellaneous Projects/airflow_docker/airflow_in_python_env/env/lib/python3.10/site-packages/airflow/example_dags/example_params_ui_tutorial.py
[2023-12-20T18:02:44.345+0600] {processor.py:840} INFO - DAG(s) 'example_params_ui_tutorial' retrieved from /home/robin/Documents/Tanjim/Miscellaneous Projects/airflow_docker/airflow_in_python_env/env/lib/python3.10/site-packages/airflow/example_dags/example_params_ui_tutorial.py
[2023-12-20T18:02:44.404+0600] {logging_mixin.py:188} INFO - [2023-12-20T18:02:44.404+0600] {dag.py:3033} INFO - Sync 1 DAGs
[2023-12-20T18:02:44.419+0600] {logging_mixin.py:188} INFO - [2023-12-20T18:02:44.419+0600] {dag.py:3820} INFO - Setting next_dagrun for example_params_ui_tutorial to None, run_after=None
[2023-12-20T18:02:44.457+0600] {processor.py:183} INFO - Processing /home/robin/Documents/Tanjim/Miscellaneous Projects/airflow_docker/airflow_in_python_env/env/lib/python3.10/site-packages/airflow/example_dags/example_params_ui_tutorial.py took 0.203 seconds
[2023-12-20T18:03:36.593+0600] {processor.py:161} INFO - Started process (PID=69256) to work on /home/robin/Documents/Tanjim/Miscellaneous Projects/airflow_docker/airflow_in_python_env/env/lib/python3.10/site-packages/airflow/example_dags/example_params_ui_tutorial.py
[2023-12-20T18:03:36.602+0600] {processor.py:830} INFO - Processing file /home/robin/Documents/Tanjim/Miscellaneous Projects/airflow_docker/airflow_in_python_env/env/lib/python3.10/site-packages/airflow/example_dags/example_params_ui_tutorial.py for tasks to queue
[2023-12-20T18:03:36.603+0600] {logging_mixin.py:188} INFO - [2023-12-20T18:03:36.603+0600] {dagbag.py:538} INFO - Filling up the DagBag from /home/robin/Documents/Tanjim/Miscellaneous Projects/airflow_docker/airflow_in_python_env/env/lib/python3.10/site-packages/airflow/example_dags/example_params_ui_tutorial.py
[2023-12-20T18:03:36.621+0600] {processor.py:840} INFO - DAG(s) 'example_params_ui_tutorial' retrieved from /home/robin/Documents/Tanjim/Miscellaneous Projects/airflow_docker/airflow_in_python_env/env/lib/python3.10/site-packages/airflow/example_dags/example_params_ui_tutorial.py
[2023-12-20T18:03:36.677+0600] {logging_mixin.py:188} INFO - [2023-12-20T18:03:36.677+0600] {dag.py:3033} INFO - Sync 1 DAGs
[2023-12-20T18:03:36.689+0600] {logging_mixin.py:188} INFO - [2023-12-20T18:03:36.689+0600] {dag.py:3820} INFO - Setting next_dagrun for example_params_ui_tutorial to None, run_after=None
[2023-12-20T18:03:36.732+0600] {processor.py:183} INFO - Processing /home/robin/Documents/Tanjim/Miscellaneous Projects/airflow_docker/airflow_in_python_env/env/lib/python3.10/site-packages/airflow/example_dags/example_params_ui_tutorial.py took 0.145 seconds
[2023-12-20T18:04:26.579+0600] {processor.py:161} INFO - Started process (PID=69531) to work on /home/robin/Documents/Tanjim/Miscellaneous Projects/airflow_docker/airflow_in_python_env/env/lib/python3.10/site-packages/airflow/example_dags/example_params_ui_tutorial.py
[2023-12-20T18:04:26.587+0600] {processor.py:830} INFO - Processing file /home/robin/Documents/Tanjim/Miscellaneous Projects/airflow_docker/airflow_in_python_env/env/lib/python3.10/site-packages/airflow/example_dags/example_params_ui_tutorial.py for tasks to queue
[2023-12-20T18:04:26.589+0600] {logging_mixin.py:188} INFO - [2023-12-20T18:04:26.588+0600] {dagbag.py:538} INFO - Filling up the DagBag from /home/robin/Documents/Tanjim/Miscellaneous Projects/airflow_docker/airflow_in_python_env/env/lib/python3.10/site-packages/airflow/example_dags/example_params_ui_tutorial.py
[2023-12-20T18:04:26.607+0600] {processor.py:840} INFO - DAG(s) 'example_params_ui_tutorial' retrieved from /home/robin/Documents/Tanjim/Miscellaneous Projects/airflow_docker/airflow_in_python_env/env/lib/python3.10/site-packages/airflow/example_dags/example_params_ui_tutorial.py
[2023-12-20T18:04:26.659+0600] {logging_mixin.py:188} INFO - [2023-12-20T18:04:26.659+0600] {dag.py:3033} INFO - Sync 1 DAGs
[2023-12-20T18:04:26.670+0600] {logging_mixin.py:188} INFO - [2023-12-20T18:04:26.670+0600] {dag.py:3820} INFO - Setting next_dagrun for example_params_ui_tutorial to None, run_after=None
[2023-12-20T18:04:26.758+0600] {processor.py:183} INFO - Processing /home/robin/Documents/Tanjim/Miscellaneous Projects/airflow_docker/airflow_in_python_env/env/lib/python3.10/site-packages/airflow/example_dags/example_params_ui_tutorial.py took 0.188 seconds
[2023-12-20T18:18:35.064+0600] {processor.py:161} INFO - Started process (PID=72144) to work on /home/robin/Documents/Tanjim/Miscellaneous Projects/airflow_docker/airflow_in_python_env/env/lib/python3.10/site-packages/airflow/example_dags/example_params_ui_tutorial.py
[2023-12-20T18:18:35.074+0600] {processor.py:830} INFO - Processing file /home/robin/Documents/Tanjim/Miscellaneous Projects/airflow_docker/airflow_in_python_env/env/lib/python3.10/site-packages/airflow/example_dags/example_params_ui_tutorial.py for tasks to queue
[2023-12-20T18:18:35.080+0600] {logging_mixin.py:188} INFO - [2023-12-20T18:18:35.078+0600] {dagbag.py:538} INFO - Filling up the DagBag from /home/robin/Documents/Tanjim/Miscellaneous Projects/airflow_docker/airflow_in_python_env/env/lib/python3.10/site-packages/airflow/example_dags/example_params_ui_tutorial.py
[2023-12-20T18:18:35.131+0600] {processor.py:840} INFO - DAG(s) 'example_params_ui_tutorial' retrieved from /home/robin/Documents/Tanjim/Miscellaneous Projects/airflow_docker/airflow_in_python_env/env/lib/python3.10/site-packages/airflow/example_dags/example_params_ui_tutorial.py
[2023-12-20T18:18:35.193+0600] {logging_mixin.py:188} INFO - [2023-12-20T18:18:35.193+0600] {dag.py:3033} INFO - Sync 1 DAGs
[2023-12-20T18:18:35.207+0600] {logging_mixin.py:188} INFO - [2023-12-20T18:18:35.207+0600] {dag.py:3820} INFO - Setting next_dagrun for example_params_ui_tutorial to None, run_after=None
[2023-12-20T18:18:35.241+0600] {processor.py:183} INFO - Processing /home/robin/Documents/Tanjim/Miscellaneous Projects/airflow_docker/airflow_in_python_env/env/lib/python3.10/site-packages/airflow/example_dags/example_params_ui_tutorial.py took 0.184 seconds
[2023-12-20T18:19:30.772+0600] {processor.py:161} INFO - Started process (PID=72296) to work on /home/robin/Documents/Tanjim/Miscellaneous Projects/airflow_docker/airflow_in_python_env/env/lib/python3.10/site-packages/airflow/example_dags/example_params_ui_tutorial.py
[2023-12-20T18:19:30.781+0600] {processor.py:830} INFO - Processing file /home/robin/Documents/Tanjim/Miscellaneous Projects/airflow_docker/airflow_in_python_env/env/lib/python3.10/site-packages/airflow/example_dags/example_params_ui_tutorial.py for tasks to queue
[2023-12-20T18:19:30.783+0600] {logging_mixin.py:188} INFO - [2023-12-20T18:19:30.782+0600] {dagbag.py:538} INFO - Filling up the DagBag from /home/robin/Documents/Tanjim/Miscellaneous Projects/airflow_docker/airflow_in_python_env/env/lib/python3.10/site-packages/airflow/example_dags/example_params_ui_tutorial.py
[2023-12-20T18:19:30.808+0600] {processor.py:840} INFO - DAG(s) 'example_params_ui_tutorial' retrieved from /home/robin/Documents/Tanjim/Miscellaneous Projects/airflow_docker/airflow_in_python_env/env/lib/python3.10/site-packages/airflow/example_dags/example_params_ui_tutorial.py
[2023-12-20T18:19:30.894+0600] {logging_mixin.py:188} INFO - [2023-12-20T18:19:30.894+0600] {dag.py:3033} INFO - Sync 1 DAGs
[2023-12-20T18:19:30.913+0600] {logging_mixin.py:188} INFO - [2023-12-20T18:19:30.912+0600] {dag.py:3820} INFO - Setting next_dagrun for example_params_ui_tutorial to None, run_after=None
[2023-12-20T18:19:30.957+0600] {processor.py:183} INFO - Processing /home/robin/Documents/Tanjim/Miscellaneous Projects/airflow_docker/airflow_in_python_env/env/lib/python3.10/site-packages/airflow/example_dags/example_params_ui_tutorial.py took 0.191 seconds
[2023-12-20T18:20:23.762+0600] {processor.py:161} INFO - Started process (PID=72422) to work on /home/robin/Documents/Tanjim/Miscellaneous Projects/airflow_docker/airflow_in_python_env/env/lib/python3.10/site-packages/airflow/example_dags/example_params_ui_tutorial.py
[2023-12-20T18:20:23.773+0600] {processor.py:830} INFO - Processing file /home/robin/Documents/Tanjim/Miscellaneous Projects/airflow_docker/airflow_in_python_env/env/lib/python3.10/site-packages/airflow/example_dags/example_params_ui_tutorial.py for tasks to queue
[2023-12-20T18:20:23.780+0600] {logging_mixin.py:188} INFO - [2023-12-20T18:20:23.777+0600] {dagbag.py:538} INFO - Filling up the DagBag from /home/robin/Documents/Tanjim/Miscellaneous Projects/airflow_docker/airflow_in_python_env/env/lib/python3.10/site-packages/airflow/example_dags/example_params_ui_tutorial.py
[2023-12-20T18:20:23.865+0600] {processor.py:840} INFO - DAG(s) 'example_params_ui_tutorial' retrieved from /home/robin/Documents/Tanjim/Miscellaneous Projects/airflow_docker/airflow_in_python_env/env/lib/python3.10/site-packages/airflow/example_dags/example_params_ui_tutorial.py
[2023-12-20T18:20:23.930+0600] {logging_mixin.py:188} INFO - [2023-12-20T18:20:23.930+0600] {dag.py:3033} INFO - Sync 1 DAGs
[2023-12-20T18:20:23.943+0600] {logging_mixin.py:188} INFO - [2023-12-20T18:20:23.942+0600] {dag.py:3820} INFO - Setting next_dagrun for example_params_ui_tutorial to None, run_after=None
[2023-12-20T18:20:23.977+0600] {processor.py:183} INFO - Processing /home/robin/Documents/Tanjim/Miscellaneous Projects/airflow_docker/airflow_in_python_env/env/lib/python3.10/site-packages/airflow/example_dags/example_params_ui_tutorial.py took 0.218 seconds
[2023-12-20T18:29:28.225+0600] {processor.py:161} INFO - Started process (PID=75397) to work on /home/robin/Documents/Tanjim/Miscellaneous Projects/airflow_docker/airflow_in_python_env/env/lib/python3.10/site-packages/airflow/example_dags/example_params_ui_tutorial.py
[2023-12-20T18:29:28.234+0600] {processor.py:830} INFO - Processing file /home/robin/Documents/Tanjim/Miscellaneous Projects/airflow_docker/airflow_in_python_env/env/lib/python3.10/site-packages/airflow/example_dags/example_params_ui_tutorial.py for tasks to queue
[2023-12-20T18:29:28.235+0600] {logging_mixin.py:188} INFO - [2023-12-20T18:29:28.235+0600] {dagbag.py:538} INFO - Filling up the DagBag from /home/robin/Documents/Tanjim/Miscellaneous Projects/airflow_docker/airflow_in_python_env/env/lib/python3.10/site-packages/airflow/example_dags/example_params_ui_tutorial.py
[2023-12-20T18:29:28.250+0600] {processor.py:840} INFO - DAG(s) 'example_params_ui_tutorial' retrieved from /home/robin/Documents/Tanjim/Miscellaneous Projects/airflow_docker/airflow_in_python_env/env/lib/python3.10/site-packages/airflow/example_dags/example_params_ui_tutorial.py
[2023-12-20T18:29:28.306+0600] {logging_mixin.py:188} INFO - [2023-12-20T18:29:28.306+0600] {dag.py:3033} INFO - Sync 1 DAGs
[2023-12-20T18:29:28.318+0600] {logging_mixin.py:188} INFO - [2023-12-20T18:29:28.318+0600] {dag.py:3820} INFO - Setting next_dagrun for example_params_ui_tutorial to None, run_after=None
[2023-12-20T18:29:28.371+0600] {processor.py:183} INFO - Processing /home/robin/Documents/Tanjim/Miscellaneous Projects/airflow_docker/airflow_in_python_env/env/lib/python3.10/site-packages/airflow/example_dags/example_params_ui_tutorial.py took 0.152 seconds
[2023-12-20T18:30:21.713+0600] {processor.py:161} INFO - Started process (PID=75645) to work on /home/robin/Documents/Tanjim/Miscellaneous Projects/airflow_docker/airflow_in_python_env/env/lib/python3.10/site-packages/airflow/example_dags/example_params_ui_tutorial.py
[2023-12-20T18:30:21.722+0600] {processor.py:830} INFO - Processing file /home/robin/Documents/Tanjim/Miscellaneous Projects/airflow_docker/airflow_in_python_env/env/lib/python3.10/site-packages/airflow/example_dags/example_params_ui_tutorial.py for tasks to queue
[2023-12-20T18:30:21.723+0600] {logging_mixin.py:188} INFO - [2023-12-20T18:30:21.723+0600] {dagbag.py:538} INFO - Filling up the DagBag from /home/robin/Documents/Tanjim/Miscellaneous Projects/airflow_docker/airflow_in_python_env/env/lib/python3.10/site-packages/airflow/example_dags/example_params_ui_tutorial.py
[2023-12-20T18:30:21.741+0600] {processor.py:840} INFO - DAG(s) 'example_params_ui_tutorial' retrieved from /home/robin/Documents/Tanjim/Miscellaneous Projects/airflow_docker/airflow_in_python_env/env/lib/python3.10/site-packages/airflow/example_dags/example_params_ui_tutorial.py
[2023-12-20T18:30:21.812+0600] {logging_mixin.py:188} INFO - [2023-12-20T18:30:21.812+0600] {dag.py:3033} INFO - Sync 1 DAGs
[2023-12-20T18:30:21.824+0600] {logging_mixin.py:188} INFO - [2023-12-20T18:30:21.824+0600] {dag.py:3820} INFO - Setting next_dagrun for example_params_ui_tutorial to None, run_after=None
[2023-12-20T18:30:21.869+0600] {processor.py:183} INFO - Processing /home/robin/Documents/Tanjim/Miscellaneous Projects/airflow_docker/airflow_in_python_env/env/lib/python3.10/site-packages/airflow/example_dags/example_params_ui_tutorial.py took 0.161 seconds
