[2023-12-20T17:52:55.114+0600] {processor.py:161} INFO - Started process (PID=66333) to work on /home/robin/Documents/Tanjim/Miscellaneous Projects/airflow_docker/airflow_in_python_env/env/lib/python3.10/site-packages/airflow/example_dags/tutorial.py
[2023-12-20T17:52:55.116+0600] {processor.py:830} INFO - Processing file /home/robin/Documents/Tanjim/Miscellaneous Projects/airflow_docker/airflow_in_python_env/env/lib/python3.10/site-packages/airflow/example_dags/tutorial.py for tasks to queue
[2023-12-20T17:52:55.118+0600] {logging_mixin.py:188} INFO - [2023-12-20T17:52:55.117+0600] {dagbag.py:538} INFO - Filling up the DagBag from /home/robin/Documents/Tanjim/Miscellaneous Projects/airflow_docker/airflow_in_python_env/env/lib/python3.10/site-packages/airflow/example_dags/tutorial.py
[2023-12-20T17:52:55.136+0600] {processor.py:840} INFO - DAG(s) 'tutorial' retrieved from /home/robin/Documents/Tanjim/Miscellaneous Projects/airflow_docker/airflow_in_python_env/env/lib/python3.10/site-packages/airflow/example_dags/tutorial.py
[2023-12-20T17:52:55.313+0600] {logging_mixin.py:188} INFO - [2023-12-20T17:52:55.312+0600] {dag.py:3033} INFO - Sync 1 DAGs
[2023-12-20T17:52:55.345+0600] {logging_mixin.py:188} INFO - [2023-12-20T17:52:55.345+0600] {dag.py:3820} INFO - Setting next_dagrun for tutorial to 2023-12-19T00:00:00+00:00, run_after=2023-12-20T00:00:00+00:00
[2023-12-20T17:52:55.383+0600] {processor.py:183} INFO - Processing /home/robin/Documents/Tanjim/Miscellaneous Projects/airflow_docker/airflow_in_python_env/env/lib/python3.10/site-packages/airflow/example_dags/tutorial.py took 0.275 seconds
[2023-12-20T17:58:10.256+0600] {processor.py:161} INFO - Started process (PID=66991) to work on /home/robin/Documents/Tanjim/Miscellaneous Projects/airflow_docker/airflow_in_python_env/env/lib/python3.10/site-packages/airflow/example_dags/tutorial.py
[2023-12-20T17:58:10.265+0600] {processor.py:830} INFO - Processing file /home/robin/Documents/Tanjim/Miscellaneous Projects/airflow_docker/airflow_in_python_env/env/lib/python3.10/site-packages/airflow/example_dags/tutorial.py for tasks to queue
[2023-12-20T17:58:10.269+0600] {logging_mixin.py:188} INFO - [2023-12-20T17:58:10.267+0600] {dagbag.py:538} INFO - Filling up the DagBag from /home/robin/Documents/Tanjim/Miscellaneous Projects/airflow_docker/airflow_in_python_env/env/lib/python3.10/site-packages/airflow/example_dags/tutorial.py
[2023-12-20T17:58:10.305+0600] {processor.py:840} INFO - DAG(s) 'tutorial' retrieved from /home/robin/Documents/Tanjim/Miscellaneous Projects/airflow_docker/airflow_in_python_env/env/lib/python3.10/site-packages/airflow/example_dags/tutorial.py
[2023-12-20T17:58:10.364+0600] {logging_mixin.py:188} INFO - [2023-12-20T17:58:10.364+0600] {dag.py:3033} INFO - Sync 1 DAGs
[2023-12-20T17:58:10.388+0600] {logging_mixin.py:188} INFO - [2023-12-20T17:58:10.388+0600] {dag.py:3820} INFO - Setting next_dagrun for tutorial to 2023-12-19T00:00:00+00:00, run_after=2023-12-20T00:00:00+00:00
[2023-12-20T17:58:10.420+0600] {processor.py:183} INFO - Processing /home/robin/Documents/Tanjim/Miscellaneous Projects/airflow_docker/airflow_in_python_env/env/lib/python3.10/site-packages/airflow/example_dags/tutorial.py took 0.167 seconds
[2023-12-20T17:59:08.094+0600] {processor.py:161} INFO - Started process (PID=67259) to work on /home/robin/Documents/Tanjim/Miscellaneous Projects/airflow_docker/airflow_in_python_env/env/lib/python3.10/site-packages/airflow/example_dags/tutorial.py
[2023-12-20T17:59:08.102+0600] {processor.py:830} INFO - Processing file /home/robin/Documents/Tanjim/Miscellaneous Projects/airflow_docker/airflow_in_python_env/env/lib/python3.10/site-packages/airflow/example_dags/tutorial.py for tasks to queue
[2023-12-20T17:59:08.104+0600] {logging_mixin.py:188} INFO - [2023-12-20T17:59:08.103+0600] {dagbag.py:538} INFO - Filling up the DagBag from /home/robin/Documents/Tanjim/Miscellaneous Projects/airflow_docker/airflow_in_python_env/env/lib/python3.10/site-packages/airflow/example_dags/tutorial.py
[2023-12-20T17:59:08.113+0600] {processor.py:840} INFO - DAG(s) 'tutorial' retrieved from /home/robin/Documents/Tanjim/Miscellaneous Projects/airflow_docker/airflow_in_python_env/env/lib/python3.10/site-packages/airflow/example_dags/tutorial.py
[2023-12-20T17:59:08.133+0600] {logging_mixin.py:188} INFO - [2023-12-20T17:59:08.133+0600] {dag.py:3033} INFO - Sync 1 DAGs
[2023-12-20T17:59:08.159+0600] {logging_mixin.py:188} INFO - [2023-12-20T17:59:08.159+0600] {dag.py:3820} INFO - Setting next_dagrun for tutorial to 2023-12-19T00:00:00+00:00, run_after=2023-12-20T00:00:00+00:00
[2023-12-20T17:59:08.185+0600] {processor.py:183} INFO - Processing /home/robin/Documents/Tanjim/Miscellaneous Projects/airflow_docker/airflow_in_python_env/env/lib/python3.10/site-packages/airflow/example_dags/tutorial.py took 0.095 seconds
[2023-12-20T17:59:57.621+0600] {processor.py:161} INFO - Started process (PID=67442) to work on /home/robin/Documents/Tanjim/Miscellaneous Projects/airflow_docker/airflow_in_python_env/env/lib/python3.10/site-packages/airflow/example_dags/tutorial.py
[2023-12-20T17:59:57.629+0600] {processor.py:830} INFO - Processing file /home/robin/Documents/Tanjim/Miscellaneous Projects/airflow_docker/airflow_in_python_env/env/lib/python3.10/site-packages/airflow/example_dags/tutorial.py for tasks to queue
[2023-12-20T17:59:57.630+0600] {logging_mixin.py:188} INFO - [2023-12-20T17:59:57.630+0600] {dagbag.py:538} INFO - Filling up the DagBag from /home/robin/Documents/Tanjim/Miscellaneous Projects/airflow_docker/airflow_in_python_env/env/lib/python3.10/site-packages/airflow/example_dags/tutorial.py
[2023-12-20T17:59:57.648+0600] {processor.py:840} INFO - DAG(s) 'tutorial' retrieved from /home/robin/Documents/Tanjim/Miscellaneous Projects/airflow_docker/airflow_in_python_env/env/lib/python3.10/site-packages/airflow/example_dags/tutorial.py
[2023-12-20T17:59:57.682+0600] {logging_mixin.py:188} INFO - [2023-12-20T17:59:57.682+0600] {dag.py:3033} INFO - Sync 1 DAGs
[2023-12-20T17:59:57.725+0600] {logging_mixin.py:188} INFO - [2023-12-20T17:59:57.725+0600] {dag.py:3820} INFO - Setting next_dagrun for tutorial to 2023-12-19T00:00:00+00:00, run_after=2023-12-20T00:00:00+00:00
[2023-12-20T17:59:57.779+0600] {processor.py:183} INFO - Processing /home/robin/Documents/Tanjim/Miscellaneous Projects/airflow_docker/airflow_in_python_env/env/lib/python3.10/site-packages/airflow/example_dags/tutorial.py took 0.165 seconds
[2023-12-20T18:00:48.190+0600] {processor.py:161} INFO - Started process (PID=67636) to work on /home/robin/Documents/Tanjim/Miscellaneous Projects/airflow_docker/airflow_in_python_env/env/lib/python3.10/site-packages/airflow/example_dags/tutorial.py
[2023-12-20T18:00:48.201+0600] {processor.py:830} INFO - Processing file /home/robin/Documents/Tanjim/Miscellaneous Projects/airflow_docker/airflow_in_python_env/env/lib/python3.10/site-packages/airflow/example_dags/tutorial.py for tasks to queue
[2023-12-20T18:00:48.204+0600] {logging_mixin.py:188} INFO - [2023-12-20T18:00:48.203+0600] {dagbag.py:538} INFO - Filling up the DagBag from /home/robin/Documents/Tanjim/Miscellaneous Projects/airflow_docker/airflow_in_python_env/env/lib/python3.10/site-packages/airflow/example_dags/tutorial.py
[2023-12-20T18:00:48.229+0600] {processor.py:840} INFO - DAG(s) 'tutorial' retrieved from /home/robin/Documents/Tanjim/Miscellaneous Projects/airflow_docker/airflow_in_python_env/env/lib/python3.10/site-packages/airflow/example_dags/tutorial.py
[2023-12-20T18:00:48.253+0600] {logging_mixin.py:188} INFO - [2023-12-20T18:00:48.253+0600] {dag.py:3033} INFO - Sync 1 DAGs
[2023-12-20T18:00:48.277+0600] {logging_mixin.py:188} INFO - [2023-12-20T18:00:48.277+0600] {dag.py:3820} INFO - Setting next_dagrun for tutorial to 2023-12-19T00:00:00+00:00, run_after=2023-12-20T00:00:00+00:00
[2023-12-20T18:00:48.312+0600] {processor.py:183} INFO - Processing /home/robin/Documents/Tanjim/Miscellaneous Projects/airflow_docker/airflow_in_python_env/env/lib/python3.10/site-packages/airflow/example_dags/tutorial.py took 0.136 seconds
[2023-12-20T18:01:39.791+0600] {processor.py:161} INFO - Started process (PID=68221) to work on /home/robin/Documents/Tanjim/Miscellaneous Projects/airflow_docker/airflow_in_python_env/env/lib/python3.10/site-packages/airflow/example_dags/tutorial.py
[2023-12-20T18:01:39.806+0600] {processor.py:830} INFO - Processing file /home/robin/Documents/Tanjim/Miscellaneous Projects/airflow_docker/airflow_in_python_env/env/lib/python3.10/site-packages/airflow/example_dags/tutorial.py for tasks to queue
[2023-12-20T18:01:39.814+0600] {logging_mixin.py:188} INFO - [2023-12-20T18:01:39.810+0600] {dagbag.py:538} INFO - Filling up the DagBag from /home/robin/Documents/Tanjim/Miscellaneous Projects/airflow_docker/airflow_in_python_env/env/lib/python3.10/site-packages/airflow/example_dags/tutorial.py
[2023-12-20T18:01:39.868+0600] {processor.py:840} INFO - DAG(s) 'tutorial' retrieved from /home/robin/Documents/Tanjim/Miscellaneous Projects/airflow_docker/airflow_in_python_env/env/lib/python3.10/site-packages/airflow/example_dags/tutorial.py
[2023-12-20T18:01:39.892+0600] {logging_mixin.py:188} INFO - [2023-12-20T18:01:39.891+0600] {dag.py:3033} INFO - Sync 1 DAGs
[2023-12-20T18:01:39.912+0600] {logging_mixin.py:188} INFO - [2023-12-20T18:01:39.912+0600] {dag.py:3820} INFO - Setting next_dagrun for tutorial to 2023-12-19T00:00:00+00:00, run_after=2023-12-20T00:00:00+00:00
[2023-12-20T18:01:39.942+0600] {processor.py:183} INFO - Processing /home/robin/Documents/Tanjim/Miscellaneous Projects/airflow_docker/airflow_in_python_env/env/lib/python3.10/site-packages/airflow/example_dags/tutorial.py took 0.158 seconds
[2023-12-20T18:02:29.697+0600] {processor.py:161} INFO - Started process (PID=68812) to work on /home/robin/Documents/Tanjim/Miscellaneous Projects/airflow_docker/airflow_in_python_env/env/lib/python3.10/site-packages/airflow/example_dags/tutorial.py
[2023-12-20T18:02:29.706+0600] {processor.py:830} INFO - Processing file /home/robin/Documents/Tanjim/Miscellaneous Projects/airflow_docker/airflow_in_python_env/env/lib/python3.10/site-packages/airflow/example_dags/tutorial.py for tasks to queue
[2023-12-20T18:02:29.707+0600] {logging_mixin.py:188} INFO - [2023-12-20T18:02:29.707+0600] {dagbag.py:538} INFO - Filling up the DagBag from /home/robin/Documents/Tanjim/Miscellaneous Projects/airflow_docker/airflow_in_python_env/env/lib/python3.10/site-packages/airflow/example_dags/tutorial.py
[2023-12-20T18:02:29.719+0600] {processor.py:840} INFO - DAG(s) 'tutorial' retrieved from /home/robin/Documents/Tanjim/Miscellaneous Projects/airflow_docker/airflow_in_python_env/env/lib/python3.10/site-packages/airflow/example_dags/tutorial.py
[2023-12-20T18:02:29.740+0600] {logging_mixin.py:188} INFO - [2023-12-20T18:02:29.740+0600] {dag.py:3033} INFO - Sync 1 DAGs
[2023-12-20T18:02:29.772+0600] {logging_mixin.py:188} INFO - [2023-12-20T18:02:29.772+0600] {dag.py:3820} INFO - Setting next_dagrun for tutorial to 2023-12-19T00:00:00+00:00, run_after=2023-12-20T00:00:00+00:00
[2023-12-20T18:02:29.813+0600] {processor.py:183} INFO - Processing /home/robin/Documents/Tanjim/Miscellaneous Projects/airflow_docker/airflow_in_python_env/env/lib/python3.10/site-packages/airflow/example_dags/tutorial.py took 0.120 seconds
[2023-12-20T18:03:06.626+0600] {processor.py:161} INFO - Started process (PID=69148) to work on /home/robin/Documents/Tanjim/Miscellaneous Projects/airflow_docker/airflow_in_python_env/env/lib/python3.10/site-packages/airflow/example_dags/tutorial.py
[2023-12-20T18:03:06.629+0600] {processor.py:830} INFO - Processing file /home/robin/Documents/Tanjim/Miscellaneous Projects/airflow_docker/airflow_in_python_env/env/lib/python3.10/site-packages/airflow/example_dags/tutorial.py for tasks to queue
[2023-12-20T18:03:06.631+0600] {logging_mixin.py:188} INFO - [2023-12-20T18:03:06.630+0600] {dagbag.py:538} INFO - Filling up the DagBag from /home/robin/Documents/Tanjim/Miscellaneous Projects/airflow_docker/airflow_in_python_env/env/lib/python3.10/site-packages/airflow/example_dags/tutorial.py
[2023-12-20T18:03:06.686+0600] {processor.py:840} INFO - DAG(s) 'tutorial' retrieved from /home/robin/Documents/Tanjim/Miscellaneous Projects/airflow_docker/airflow_in_python_env/env/lib/python3.10/site-packages/airflow/example_dags/tutorial.py
[2023-12-20T18:03:06.765+0600] {logging_mixin.py:188} INFO - [2023-12-20T18:03:06.763+0600] {dag.py:3033} INFO - Sync 1 DAGs
[2023-12-20T18:03:06.816+0600] {logging_mixin.py:188} INFO - [2023-12-20T18:03:06.815+0600] {dag.py:3820} INFO - Setting next_dagrun for tutorial to 2023-12-19T00:00:00+00:00, run_after=2023-12-20T00:00:00+00:00
[2023-12-20T18:03:06.875+0600] {processor.py:183} INFO - Processing /home/robin/Documents/Tanjim/Miscellaneous Projects/airflow_docker/airflow_in_python_env/env/lib/python3.10/site-packages/airflow/example_dags/tutorial.py took 0.258 seconds
[2023-12-20T18:03:55.674+0600] {processor.py:161} INFO - Started process (PID=69304) to work on /home/robin/Documents/Tanjim/Miscellaneous Projects/airflow_docker/airflow_in_python_env/env/lib/python3.10/site-packages/airflow/example_dags/tutorial.py
[2023-12-20T18:03:55.683+0600] {processor.py:830} INFO - Processing file /home/robin/Documents/Tanjim/Miscellaneous Projects/airflow_docker/airflow_in_python_env/env/lib/python3.10/site-packages/airflow/example_dags/tutorial.py for tasks to queue
[2023-12-20T18:03:55.685+0600] {logging_mixin.py:188} INFO - [2023-12-20T18:03:55.684+0600] {dagbag.py:538} INFO - Filling up the DagBag from /home/robin/Documents/Tanjim/Miscellaneous Projects/airflow_docker/airflow_in_python_env/env/lib/python3.10/site-packages/airflow/example_dags/tutorial.py
[2023-12-20T18:03:55.707+0600] {processor.py:840} INFO - DAG(s) 'tutorial' retrieved from /home/robin/Documents/Tanjim/Miscellaneous Projects/airflow_docker/airflow_in_python_env/env/lib/python3.10/site-packages/airflow/example_dags/tutorial.py
[2023-12-20T18:03:55.743+0600] {logging_mixin.py:188} INFO - [2023-12-20T18:03:55.743+0600] {dag.py:3033} INFO - Sync 1 DAGs
[2023-12-20T18:03:55.787+0600] {logging_mixin.py:188} INFO - [2023-12-20T18:03:55.787+0600] {dag.py:3820} INFO - Setting next_dagrun for tutorial to 2023-12-19T00:00:00+00:00, run_after=2023-12-20T00:00:00+00:00
[2023-12-20T18:03:55.844+0600] {processor.py:183} INFO - Processing /home/robin/Documents/Tanjim/Miscellaneous Projects/airflow_docker/airflow_in_python_env/env/lib/python3.10/site-packages/airflow/example_dags/tutorial.py took 0.176 seconds
[2023-12-20T18:04:42.818+0600] {processor.py:161} INFO - Started process (PID=69567) to work on /home/robin/Documents/Tanjim/Miscellaneous Projects/airflow_docker/airflow_in_python_env/env/lib/python3.10/site-packages/airflow/example_dags/tutorial.py
[2023-12-20T18:04:42.827+0600] {processor.py:830} INFO - Processing file /home/robin/Documents/Tanjim/Miscellaneous Projects/airflow_docker/airflow_in_python_env/env/lib/python3.10/site-packages/airflow/example_dags/tutorial.py for tasks to queue
[2023-12-20T18:04:42.830+0600] {logging_mixin.py:188} INFO - [2023-12-20T18:04:42.829+0600] {dagbag.py:538} INFO - Filling up the DagBag from /home/robin/Documents/Tanjim/Miscellaneous Projects/airflow_docker/airflow_in_python_env/env/lib/python3.10/site-packages/airflow/example_dags/tutorial.py
[2023-12-20T18:04:42.856+0600] {processor.py:840} INFO - DAG(s) 'tutorial' retrieved from /home/robin/Documents/Tanjim/Miscellaneous Projects/airflow_docker/airflow_in_python_env/env/lib/python3.10/site-packages/airflow/example_dags/tutorial.py
[2023-12-20T18:04:42.887+0600] {logging_mixin.py:188} INFO - [2023-12-20T18:04:42.887+0600] {dag.py:3033} INFO - Sync 1 DAGs
[2023-12-20T18:04:42.910+0600] {logging_mixin.py:188} INFO - [2023-12-20T18:04:42.910+0600] {dag.py:3820} INFO - Setting next_dagrun for tutorial to 2023-12-19T00:00:00+00:00, run_after=2023-12-20T00:00:00+00:00
[2023-12-20T18:04:42.945+0600] {processor.py:183} INFO - Processing /home/robin/Documents/Tanjim/Miscellaneous Projects/airflow_docker/airflow_in_python_env/env/lib/python3.10/site-packages/airflow/example_dags/tutorial.py took 0.138 seconds
[2023-12-20T18:05:56.573+0600] {processor.py:161} INFO - Started process (PID=70151) to work on /home/robin/Documents/Tanjim/Miscellaneous Projects/airflow_docker/airflow_in_python_env/env/lib/python3.10/site-packages/airflow/example_dags/tutorial.py
[2023-12-20T18:05:56.581+0600] {processor.py:830} INFO - Processing file /home/robin/Documents/Tanjim/Miscellaneous Projects/airflow_docker/airflow_in_python_env/env/lib/python3.10/site-packages/airflow/example_dags/tutorial.py for tasks to queue
[2023-12-20T18:05:56.582+0600] {logging_mixin.py:188} INFO - [2023-12-20T18:05:56.582+0600] {dagbag.py:538} INFO - Filling up the DagBag from /home/robin/Documents/Tanjim/Miscellaneous Projects/airflow_docker/airflow_in_python_env/env/lib/python3.10/site-packages/airflow/example_dags/tutorial.py
[2023-12-20T18:05:56.594+0600] {processor.py:840} INFO - DAG(s) 'tutorial' retrieved from /home/robin/Documents/Tanjim/Miscellaneous Projects/airflow_docker/airflow_in_python_env/env/lib/python3.10/site-packages/airflow/example_dags/tutorial.py
[2023-12-20T18:05:56.613+0600] {logging_mixin.py:188} INFO - [2023-12-20T18:05:56.613+0600] {dag.py:3033} INFO - Sync 1 DAGs
[2023-12-20T18:05:56.635+0600] {logging_mixin.py:188} INFO - [2023-12-20T18:05:56.635+0600] {dag.py:3820} INFO - Setting next_dagrun for tutorial to 2023-12-19T00:00:00+00:00, run_after=2023-12-20T00:00:00+00:00
[2023-12-20T18:05:56.663+0600] {processor.py:183} INFO - Processing /home/robin/Documents/Tanjim/Miscellaneous Projects/airflow_docker/airflow_in_python_env/env/lib/python3.10/site-packages/airflow/example_dags/tutorial.py took 0.095 seconds
[2023-12-20T18:18:07.852+0600] {processor.py:161} INFO - Started process (PID=72050) to work on /home/robin/Documents/Tanjim/Miscellaneous Projects/airflow_docker/airflow_in_python_env/env/lib/python3.10/site-packages/airflow/example_dags/tutorial.py
[2023-12-20T18:18:07.861+0600] {processor.py:830} INFO - Processing file /home/robin/Documents/Tanjim/Miscellaneous Projects/airflow_docker/airflow_in_python_env/env/lib/python3.10/site-packages/airflow/example_dags/tutorial.py for tasks to queue
[2023-12-20T18:18:07.862+0600] {logging_mixin.py:188} INFO - [2023-12-20T18:18:07.861+0600] {dagbag.py:538} INFO - Filling up the DagBag from /home/robin/Documents/Tanjim/Miscellaneous Projects/airflow_docker/airflow_in_python_env/env/lib/python3.10/site-packages/airflow/example_dags/tutorial.py
[2023-12-20T18:18:07.876+0600] {processor.py:840} INFO - DAG(s) 'tutorial' retrieved from /home/robin/Documents/Tanjim/Miscellaneous Projects/airflow_docker/airflow_in_python_env/env/lib/python3.10/site-packages/airflow/example_dags/tutorial.py
[2023-12-20T18:18:07.896+0600] {logging_mixin.py:188} INFO - [2023-12-20T18:18:07.896+0600] {dag.py:3033} INFO - Sync 1 DAGs
[2023-12-20T18:18:07.925+0600] {logging_mixin.py:188} INFO - [2023-12-20T18:18:07.924+0600] {dag.py:3820} INFO - Setting next_dagrun for tutorial to 2023-12-19T00:00:00+00:00, run_after=2023-12-20T00:00:00+00:00
[2023-12-20T18:18:07.961+0600] {processor.py:183} INFO - Processing /home/robin/Documents/Tanjim/Miscellaneous Projects/airflow_docker/airflow_in_python_env/env/lib/python3.10/site-packages/airflow/example_dags/tutorial.py took 0.119 seconds
[2023-12-20T18:19:02.388+0600] {processor.py:161} INFO - Started process (PID=72219) to work on /home/robin/Documents/Tanjim/Miscellaneous Projects/airflow_docker/airflow_in_python_env/env/lib/python3.10/site-packages/airflow/example_dags/tutorial.py
[2023-12-20T18:19:02.397+0600] {processor.py:830} INFO - Processing file /home/robin/Documents/Tanjim/Miscellaneous Projects/airflow_docker/airflow_in_python_env/env/lib/python3.10/site-packages/airflow/example_dags/tutorial.py for tasks to queue
[2023-12-20T18:19:02.403+0600] {logging_mixin.py:188} INFO - [2023-12-20T18:19:02.400+0600] {dagbag.py:538} INFO - Filling up the DagBag from /home/robin/Documents/Tanjim/Miscellaneous Projects/airflow_docker/airflow_in_python_env/env/lib/python3.10/site-packages/airflow/example_dags/tutorial.py
[2023-12-20T18:19:02.428+0600] {processor.py:840} INFO - DAG(s) 'tutorial' retrieved from /home/robin/Documents/Tanjim/Miscellaneous Projects/airflow_docker/airflow_in_python_env/env/lib/python3.10/site-packages/airflow/example_dags/tutorial.py
[2023-12-20T18:19:02.451+0600] {logging_mixin.py:188} INFO - [2023-12-20T18:19:02.451+0600] {dag.py:3033} INFO - Sync 1 DAGs
[2023-12-20T18:19:02.474+0600] {logging_mixin.py:188} INFO - [2023-12-20T18:19:02.474+0600] {dag.py:3820} INFO - Setting next_dagrun for tutorial to 2023-12-19T00:00:00+00:00, run_after=2023-12-20T00:00:00+00:00
[2023-12-20T18:19:02.506+0600] {processor.py:183} INFO - Processing /home/robin/Documents/Tanjim/Miscellaneous Projects/airflow_docker/airflow_in_python_env/env/lib/python3.10/site-packages/airflow/example_dags/tutorial.py took 0.124 seconds
[2023-12-20T18:19:56.176+0600] {processor.py:161} INFO - Started process (PID=72357) to work on /home/robin/Documents/Tanjim/Miscellaneous Projects/airflow_docker/airflow_in_python_env/env/lib/python3.10/site-packages/airflow/example_dags/tutorial.py
[2023-12-20T18:19:56.185+0600] {processor.py:830} INFO - Processing file /home/robin/Documents/Tanjim/Miscellaneous Projects/airflow_docker/airflow_in_python_env/env/lib/python3.10/site-packages/airflow/example_dags/tutorial.py for tasks to queue
[2023-12-20T18:19:56.186+0600] {logging_mixin.py:188} INFO - [2023-12-20T18:19:56.186+0600] {dagbag.py:538} INFO - Filling up the DagBag from /home/robin/Documents/Tanjim/Miscellaneous Projects/airflow_docker/airflow_in_python_env/env/lib/python3.10/site-packages/airflow/example_dags/tutorial.py
[2023-12-20T18:19:56.199+0600] {processor.py:840} INFO - DAG(s) 'tutorial' retrieved from /home/robin/Documents/Tanjim/Miscellaneous Projects/airflow_docker/airflow_in_python_env/env/lib/python3.10/site-packages/airflow/example_dags/tutorial.py
[2023-12-20T18:19:56.224+0600] {logging_mixin.py:188} INFO - [2023-12-20T18:19:56.224+0600] {dag.py:3033} INFO - Sync 1 DAGs
[2023-12-20T18:19:56.252+0600] {logging_mixin.py:188} INFO - [2023-12-20T18:19:56.252+0600] {dag.py:3820} INFO - Setting next_dagrun for tutorial to 2023-12-19T00:00:00+00:00, run_after=2023-12-20T00:00:00+00:00
[2023-12-20T18:19:56.302+0600] {processor.py:183} INFO - Processing /home/robin/Documents/Tanjim/Miscellaneous Projects/airflow_docker/airflow_in_python_env/env/lib/python3.10/site-packages/airflow/example_dags/tutorial.py took 0.131 seconds
[2023-12-20T18:20:44.635+0600] {processor.py:161} INFO - Started process (PID=72512) to work on /home/robin/Documents/Tanjim/Miscellaneous Projects/airflow_docker/airflow_in_python_env/env/lib/python3.10/site-packages/airflow/example_dags/tutorial.py
[2023-12-20T18:20:44.644+0600] {processor.py:830} INFO - Processing file /home/robin/Documents/Tanjim/Miscellaneous Projects/airflow_docker/airflow_in_python_env/env/lib/python3.10/site-packages/airflow/example_dags/tutorial.py for tasks to queue
[2023-12-20T18:20:44.647+0600] {logging_mixin.py:188} INFO - [2023-12-20T18:20:44.646+0600] {dagbag.py:538} INFO - Filling up the DagBag from /home/robin/Documents/Tanjim/Miscellaneous Projects/airflow_docker/airflow_in_python_env/env/lib/python3.10/site-packages/airflow/example_dags/tutorial.py
[2023-12-20T18:20:44.661+0600] {processor.py:840} INFO - DAG(s) 'tutorial' retrieved from /home/robin/Documents/Tanjim/Miscellaneous Projects/airflow_docker/airflow_in_python_env/env/lib/python3.10/site-packages/airflow/example_dags/tutorial.py
[2023-12-20T18:20:44.685+0600] {logging_mixin.py:188} INFO - [2023-12-20T18:20:44.685+0600] {dag.py:3033} INFO - Sync 1 DAGs
[2023-12-20T18:20:44.711+0600] {logging_mixin.py:188} INFO - [2023-12-20T18:20:44.711+0600] {dag.py:3820} INFO - Setting next_dagrun for tutorial to 2023-12-19T00:00:00+00:00, run_after=2023-12-20T00:00:00+00:00
[2023-12-20T18:20:44.743+0600] {processor.py:183} INFO - Processing /home/robin/Documents/Tanjim/Miscellaneous Projects/airflow_docker/airflow_in_python_env/env/lib/python3.10/site-packages/airflow/example_dags/tutorial.py took 0.113 seconds
[2023-12-20T18:22:04.679+0600] {processor.py:161} INFO - Started process (PID=72879) to work on /home/robin/Documents/Tanjim/Miscellaneous Projects/airflow_docker/airflow_in_python_env/env/lib/python3.10/site-packages/airflow/example_dags/tutorial.py
[2023-12-20T18:22:04.689+0600] {processor.py:830} INFO - Processing file /home/robin/Documents/Tanjim/Miscellaneous Projects/airflow_docker/airflow_in_python_env/env/lib/python3.10/site-packages/airflow/example_dags/tutorial.py for tasks to queue
[2023-12-20T18:22:04.696+0600] {logging_mixin.py:188} INFO - [2023-12-20T18:22:04.694+0600] {dagbag.py:538} INFO - Filling up the DagBag from /home/robin/Documents/Tanjim/Miscellaneous Projects/airflow_docker/airflow_in_python_env/env/lib/python3.10/site-packages/airflow/example_dags/tutorial.py
[2023-12-20T18:22:04.717+0600] {processor.py:840} INFO - DAG(s) 'tutorial' retrieved from /home/robin/Documents/Tanjim/Miscellaneous Projects/airflow_docker/airflow_in_python_env/env/lib/python3.10/site-packages/airflow/example_dags/tutorial.py
[2023-12-20T18:22:04.737+0600] {logging_mixin.py:188} INFO - [2023-12-20T18:22:04.736+0600] {dag.py:3033} INFO - Sync 1 DAGs
[2023-12-20T18:22:04.756+0600] {logging_mixin.py:188} INFO - [2023-12-20T18:22:04.756+0600] {dag.py:3820} INFO - Setting next_dagrun for tutorial to 2023-12-19T00:00:00+00:00, run_after=2023-12-20T00:00:00+00:00
[2023-12-20T18:22:04.795+0600] {processor.py:183} INFO - Processing /home/robin/Documents/Tanjim/Miscellaneous Projects/airflow_docker/airflow_in_python_env/env/lib/python3.10/site-packages/airflow/example_dags/tutorial.py took 0.119 seconds
[2023-12-20T18:26:59.355+0600] {processor.py:161} INFO - Started process (PID=74207) to work on /home/robin/Documents/Tanjim/Miscellaneous Projects/airflow_docker/airflow_in_python_env/env/lib/python3.10/site-packages/airflow/example_dags/tutorial.py
[2023-12-20T18:26:59.365+0600] {processor.py:830} INFO - Processing file /home/robin/Documents/Tanjim/Miscellaneous Projects/airflow_docker/airflow_in_python_env/env/lib/python3.10/site-packages/airflow/example_dags/tutorial.py for tasks to queue
[2023-12-20T18:26:59.367+0600] {logging_mixin.py:188} INFO - [2023-12-20T18:26:59.366+0600] {dagbag.py:538} INFO - Filling up the DagBag from /home/robin/Documents/Tanjim/Miscellaneous Projects/airflow_docker/airflow_in_python_env/env/lib/python3.10/site-packages/airflow/example_dags/tutorial.py
[2023-12-20T18:26:59.381+0600] {processor.py:840} INFO - DAG(s) 'tutorial' retrieved from /home/robin/Documents/Tanjim/Miscellaneous Projects/airflow_docker/airflow_in_python_env/env/lib/python3.10/site-packages/airflow/example_dags/tutorial.py
[2023-12-20T18:26:59.404+0600] {logging_mixin.py:188} INFO - [2023-12-20T18:26:59.404+0600] {dag.py:3033} INFO - Sync 1 DAGs
[2023-12-20T18:26:59.427+0600] {logging_mixin.py:188} INFO - [2023-12-20T18:26:59.426+0600] {dag.py:3820} INFO - Setting next_dagrun for tutorial to 2023-12-19T00:00:00+00:00, run_after=2023-12-20T00:00:00+00:00
[2023-12-20T18:26:59.477+0600] {processor.py:183} INFO - Processing /home/robin/Documents/Tanjim/Miscellaneous Projects/airflow_docker/airflow_in_python_env/env/lib/python3.10/site-packages/airflow/example_dags/tutorial.py took 0.132 seconds
[2023-12-20T18:28:36.318+0600] {processor.py:161} INFO - Started process (PID=74748) to work on /home/robin/Documents/Tanjim/Miscellaneous Projects/airflow_docker/airflow_in_python_env/env/lib/python3.10/site-packages/airflow/example_dags/tutorial.py
[2023-12-20T18:28:36.328+0600] {processor.py:830} INFO - Processing file /home/robin/Documents/Tanjim/Miscellaneous Projects/airflow_docker/airflow_in_python_env/env/lib/python3.10/site-packages/airflow/example_dags/tutorial.py for tasks to queue
[2023-12-20T18:28:36.331+0600] {logging_mixin.py:188} INFO - [2023-12-20T18:28:36.330+0600] {dagbag.py:538} INFO - Filling up the DagBag from /home/robin/Documents/Tanjim/Miscellaneous Projects/airflow_docker/airflow_in_python_env/env/lib/python3.10/site-packages/airflow/example_dags/tutorial.py
[2023-12-20T18:28:36.362+0600] {processor.py:840} INFO - DAG(s) 'tutorial' retrieved from /home/robin/Documents/Tanjim/Miscellaneous Projects/airflow_docker/airflow_in_python_env/env/lib/python3.10/site-packages/airflow/example_dags/tutorial.py
[2023-12-20T18:28:36.400+0600] {logging_mixin.py:188} INFO - [2023-12-20T18:28:36.400+0600] {dag.py:3033} INFO - Sync 1 DAGs
[2023-12-20T18:28:36.429+0600] {logging_mixin.py:188} INFO - [2023-12-20T18:28:36.429+0600] {dag.py:3820} INFO - Setting next_dagrun for tutorial to 2023-12-19T00:00:00+00:00, run_after=2023-12-20T00:00:00+00:00
[2023-12-20T18:28:36.463+0600] {processor.py:183} INFO - Processing /home/robin/Documents/Tanjim/Miscellaneous Projects/airflow_docker/airflow_in_python_env/env/lib/python3.10/site-packages/airflow/example_dags/tutorial.py took 0.156 seconds
[2023-12-20T18:29:54.613+0600] {processor.py:161} INFO - Started process (PID=75584) to work on /home/robin/Documents/Tanjim/Miscellaneous Projects/airflow_docker/airflow_in_python_env/env/lib/python3.10/site-packages/airflow/example_dags/tutorial.py
[2023-12-20T18:29:54.623+0600] {processor.py:830} INFO - Processing file /home/robin/Documents/Tanjim/Miscellaneous Projects/airflow_docker/airflow_in_python_env/env/lib/python3.10/site-packages/airflow/example_dags/tutorial.py for tasks to queue
[2023-12-20T18:29:54.626+0600] {logging_mixin.py:188} INFO - [2023-12-20T18:29:54.625+0600] {dagbag.py:538} INFO - Filling up the DagBag from /home/robin/Documents/Tanjim/Miscellaneous Projects/airflow_docker/airflow_in_python_env/env/lib/python3.10/site-packages/airflow/example_dags/tutorial.py
[2023-12-20T18:29:54.648+0600] {processor.py:840} INFO - DAG(s) 'tutorial' retrieved from /home/robin/Documents/Tanjim/Miscellaneous Projects/airflow_docker/airflow_in_python_env/env/lib/python3.10/site-packages/airflow/example_dags/tutorial.py
[2023-12-20T18:29:54.675+0600] {logging_mixin.py:188} INFO - [2023-12-20T18:29:54.675+0600] {dag.py:3033} INFO - Sync 1 DAGs
[2023-12-20T18:29:54.696+0600] {logging_mixin.py:188} INFO - [2023-12-20T18:29:54.696+0600] {dag.py:3820} INFO - Setting next_dagrun for tutorial to 2023-12-19T00:00:00+00:00, run_after=2023-12-20T00:00:00+00:00
[2023-12-20T18:29:54.731+0600] {processor.py:183} INFO - Processing /home/robin/Documents/Tanjim/Miscellaneous Projects/airflow_docker/airflow_in_python_env/env/lib/python3.10/site-packages/airflow/example_dags/tutorial.py took 0.128 seconds
