[2023-12-20T17:52:51.365+0600] {processor.py:161} INFO - Started process (PID=66325) to work on /home/robin/Documents/Tanjim/Miscellaneous Projects/airflow_docker/airflow_in_python_env/env/lib/python3.10/site-packages/airflow/example_dags/tutorial_objectstorage.py
[2023-12-20T17:52:51.367+0600] {processor.py:830} INFO - Processing file /home/robin/Documents/Tanjim/Miscellaneous Projects/airflow_docker/airflow_in_python_env/env/lib/python3.10/site-packages/airflow/example_dags/tutorial_objectstorage.py for tasks to queue
[2023-12-20T17:52:51.369+0600] {logging_mixin.py:188} INFO - [2023-12-20T17:52:51.369+0600] {dagbag.py:538} INFO - Filling up the DagBag from /home/robin/Documents/Tanjim/Miscellaneous Projects/airflow_docker/airflow_in_python_env/env/lib/python3.10/site-packages/airflow/example_dags/tutorial_objectstorage.py
[2023-12-20T17:52:51.387+0600] {processor.py:840} INFO - DAG(s) 'tutorial_objectstorage' retrieved from /home/robin/Documents/Tanjim/Miscellaneous Projects/airflow_docker/airflow_in_python_env/env/lib/python3.10/site-packages/airflow/example_dags/tutorial_objectstorage.py
[2023-12-20T17:52:51.585+0600] {logging_mixin.py:188} INFO - [2023-12-20T17:52:51.585+0600] {dag.py:3033} INFO - Sync 1 DAGs
[2023-12-20T17:52:51.602+0600] {logging_mixin.py:188} INFO - [2023-12-20T17:52:51.601+0600] {dag.py:3820} INFO - Setting next_dagrun for tutorial_objectstorage to None, run_after=None
[2023-12-20T17:52:51.649+0600] {processor.py:183} INFO - Processing /home/robin/Documents/Tanjim/Miscellaneous Projects/airflow_docker/airflow_in_python_env/env/lib/python3.10/site-packages/airflow/example_dags/tutorial_objectstorage.py took 0.291 seconds
[2023-12-20T17:58:06.510+0600] {processor.py:161} INFO - Started process (PID=66957) to work on /home/robin/Documents/Tanjim/Miscellaneous Projects/airflow_docker/airflow_in_python_env/env/lib/python3.10/site-packages/airflow/example_dags/tutorial_objectstorage.py
[2023-12-20T17:58:06.518+0600] {processor.py:830} INFO - Processing file /home/robin/Documents/Tanjim/Miscellaneous Projects/airflow_docker/airflow_in_python_env/env/lib/python3.10/site-packages/airflow/example_dags/tutorial_objectstorage.py for tasks to queue
[2023-12-20T17:58:06.519+0600] {logging_mixin.py:188} INFO - [2023-12-20T17:58:06.519+0600] {dagbag.py:538} INFO - Filling up the DagBag from /home/robin/Documents/Tanjim/Miscellaneous Projects/airflow_docker/airflow_in_python_env/env/lib/python3.10/site-packages/airflow/example_dags/tutorial_objectstorage.py
[2023-12-20T17:58:06.530+0600] {processor.py:840} INFO - DAG(s) 'tutorial_objectstorage' retrieved from /home/robin/Documents/Tanjim/Miscellaneous Projects/airflow_docker/airflow_in_python_env/env/lib/python3.10/site-packages/airflow/example_dags/tutorial_objectstorage.py
[2023-12-20T17:58:06.554+0600] {logging_mixin.py:188} INFO - [2023-12-20T17:58:06.554+0600] {dag.py:3033} INFO - Sync 1 DAGs
[2023-12-20T17:58:06.565+0600] {logging_mixin.py:188} INFO - [2023-12-20T17:58:06.565+0600] {dag.py:3820} INFO - Setting next_dagrun for tutorial_objectstorage to None, run_after=None
[2023-12-20T17:58:06.589+0600] {processor.py:183} INFO - Processing /home/robin/Documents/Tanjim/Miscellaneous Projects/airflow_docker/airflow_in_python_env/env/lib/python3.10/site-packages/airflow/example_dags/tutorial_objectstorage.py took 0.082 seconds
[2023-12-20T17:59:04.435+0600] {processor.py:161} INFO - Started process (PID=67198) to work on /home/robin/Documents/Tanjim/Miscellaneous Projects/airflow_docker/airflow_in_python_env/env/lib/python3.10/site-packages/airflow/example_dags/tutorial_objectstorage.py
[2023-12-20T17:59:04.444+0600] {processor.py:830} INFO - Processing file /home/robin/Documents/Tanjim/Miscellaneous Projects/airflow_docker/airflow_in_python_env/env/lib/python3.10/site-packages/airflow/example_dags/tutorial_objectstorage.py for tasks to queue
[2023-12-20T17:59:04.445+0600] {logging_mixin.py:188} INFO - [2023-12-20T17:59:04.444+0600] {dagbag.py:538} INFO - Filling up the DagBag from /home/robin/Documents/Tanjim/Miscellaneous Projects/airflow_docker/airflow_in_python_env/env/lib/python3.10/site-packages/airflow/example_dags/tutorial_objectstorage.py
[2023-12-20T17:59:04.458+0600] {processor.py:840} INFO - DAG(s) 'tutorial_objectstorage' retrieved from /home/robin/Documents/Tanjim/Miscellaneous Projects/airflow_docker/airflow_in_python_env/env/lib/python3.10/site-packages/airflow/example_dags/tutorial_objectstorage.py
[2023-12-20T17:59:04.479+0600] {logging_mixin.py:188} INFO - [2023-12-20T17:59:04.479+0600] {dag.py:3033} INFO - Sync 1 DAGs
[2023-12-20T17:59:04.507+0600] {logging_mixin.py:188} INFO - [2023-12-20T17:59:04.507+0600] {dag.py:3820} INFO - Setting next_dagrun for tutorial_objectstorage to None, run_after=None
[2023-12-20T17:59:04.543+0600] {processor.py:183} INFO - Processing /home/robin/Documents/Tanjim/Miscellaneous Projects/airflow_docker/airflow_in_python_env/env/lib/python3.10/site-packages/airflow/example_dags/tutorial_objectstorage.py took 0.114 seconds
[2023-12-20T17:59:54.506+0600] {processor.py:161} INFO - Started process (PID=67431) to work on /home/robin/Documents/Tanjim/Miscellaneous Projects/airflow_docker/airflow_in_python_env/env/lib/python3.10/site-packages/airflow/example_dags/tutorial_objectstorage.py
[2023-12-20T17:59:54.515+0600] {processor.py:830} INFO - Processing file /home/robin/Documents/Tanjim/Miscellaneous Projects/airflow_docker/airflow_in_python_env/env/lib/python3.10/site-packages/airflow/example_dags/tutorial_objectstorage.py for tasks to queue
[2023-12-20T17:59:54.516+0600] {logging_mixin.py:188} INFO - [2023-12-20T17:59:54.515+0600] {dagbag.py:538} INFO - Filling up the DagBag from /home/robin/Documents/Tanjim/Miscellaneous Projects/airflow_docker/airflow_in_python_env/env/lib/python3.10/site-packages/airflow/example_dags/tutorial_objectstorage.py
[2023-12-20T17:59:54.527+0600] {processor.py:840} INFO - DAG(s) 'tutorial_objectstorage' retrieved from /home/robin/Documents/Tanjim/Miscellaneous Projects/airflow_docker/airflow_in_python_env/env/lib/python3.10/site-packages/airflow/example_dags/tutorial_objectstorage.py
[2023-12-20T17:59:54.551+0600] {logging_mixin.py:188} INFO - [2023-12-20T17:59:54.550+0600] {dag.py:3033} INFO - Sync 1 DAGs
[2023-12-20T17:59:54.568+0600] {logging_mixin.py:188} INFO - [2023-12-20T17:59:54.568+0600] {dag.py:3820} INFO - Setting next_dagrun for tutorial_objectstorage to None, run_after=None
[2023-12-20T17:59:54.600+0600] {processor.py:183} INFO - Processing /home/robin/Documents/Tanjim/Miscellaneous Projects/airflow_docker/airflow_in_python_env/env/lib/python3.10/site-packages/airflow/example_dags/tutorial_objectstorage.py took 0.099 seconds
[2023-12-20T18:00:44.465+0600] {processor.py:161} INFO - Started process (PID=67582) to work on /home/robin/Documents/Tanjim/Miscellaneous Projects/airflow_docker/airflow_in_python_env/env/lib/python3.10/site-packages/airflow/example_dags/tutorial_objectstorage.py
[2023-12-20T18:00:44.474+0600] {processor.py:830} INFO - Processing file /home/robin/Documents/Tanjim/Miscellaneous Projects/airflow_docker/airflow_in_python_env/env/lib/python3.10/site-packages/airflow/example_dags/tutorial_objectstorage.py for tasks to queue
[2023-12-20T18:00:44.475+0600] {logging_mixin.py:188} INFO - [2023-12-20T18:00:44.475+0600] {dagbag.py:538} INFO - Filling up the DagBag from /home/robin/Documents/Tanjim/Miscellaneous Projects/airflow_docker/airflow_in_python_env/env/lib/python3.10/site-packages/airflow/example_dags/tutorial_objectstorage.py
[2023-12-20T18:00:44.487+0600] {processor.py:840} INFO - DAG(s) 'tutorial_objectstorage' retrieved from /home/robin/Documents/Tanjim/Miscellaneous Projects/airflow_docker/airflow_in_python_env/env/lib/python3.10/site-packages/airflow/example_dags/tutorial_objectstorage.py
[2023-12-20T18:00:44.513+0600] {logging_mixin.py:188} INFO - [2023-12-20T18:00:44.512+0600] {dag.py:3033} INFO - Sync 1 DAGs
[2023-12-20T18:00:44.528+0600] {logging_mixin.py:188} INFO - [2023-12-20T18:00:44.528+0600] {dag.py:3820} INFO - Setting next_dagrun for tutorial_objectstorage to None, run_after=None
[2023-12-20T18:00:44.556+0600] {processor.py:183} INFO - Processing /home/robin/Documents/Tanjim/Miscellaneous Projects/airflow_docker/airflow_in_python_env/env/lib/python3.10/site-packages/airflow/example_dags/tutorial_objectstorage.py took 0.097 seconds
[2023-12-20T18:01:36.153+0600] {processor.py:161} INFO - Started process (PID=68192) to work on /home/robin/Documents/Tanjim/Miscellaneous Projects/airflow_docker/airflow_in_python_env/env/lib/python3.10/site-packages/airflow/example_dags/tutorial_objectstorage.py
[2023-12-20T18:01:36.154+0600] {processor.py:830} INFO - Processing file /home/robin/Documents/Tanjim/Miscellaneous Projects/airflow_docker/airflow_in_python_env/env/lib/python3.10/site-packages/airflow/example_dags/tutorial_objectstorage.py for tasks to queue
[2023-12-20T18:01:36.155+0600] {logging_mixin.py:188} INFO - [2023-12-20T18:01:36.154+0600] {dagbag.py:538} INFO - Filling up the DagBag from /home/robin/Documents/Tanjim/Miscellaneous Projects/airflow_docker/airflow_in_python_env/env/lib/python3.10/site-packages/airflow/example_dags/tutorial_objectstorage.py
[2023-12-20T18:01:36.166+0600] {processor.py:840} INFO - DAG(s) 'tutorial_objectstorage' retrieved from /home/robin/Documents/Tanjim/Miscellaneous Projects/airflow_docker/airflow_in_python_env/env/lib/python3.10/site-packages/airflow/example_dags/tutorial_objectstorage.py
[2023-12-20T18:01:36.186+0600] {logging_mixin.py:188} INFO - [2023-12-20T18:01:36.185+0600] {dag.py:3033} INFO - Sync 1 DAGs
[2023-12-20T18:01:36.200+0600] {logging_mixin.py:188} INFO - [2023-12-20T18:01:36.200+0600] {dag.py:3820} INFO - Setting next_dagrun for tutorial_objectstorage to None, run_after=None
[2023-12-20T18:01:36.225+0600] {processor.py:183} INFO - Processing /home/robin/Documents/Tanjim/Miscellaneous Projects/airflow_docker/airflow_in_python_env/env/lib/python3.10/site-packages/airflow/example_dags/tutorial_objectstorage.py took 0.078 seconds
[2023-12-20T18:02:25.921+0600] {processor.py:161} INFO - Started process (PID=68760) to work on /home/robin/Documents/Tanjim/Miscellaneous Projects/airflow_docker/airflow_in_python_env/env/lib/python3.10/site-packages/airflow/example_dags/tutorial_objectstorage.py
[2023-12-20T18:02:25.929+0600] {processor.py:830} INFO - Processing file /home/robin/Documents/Tanjim/Miscellaneous Projects/airflow_docker/airflow_in_python_env/env/lib/python3.10/site-packages/airflow/example_dags/tutorial_objectstorage.py for tasks to queue
[2023-12-20T18:02:25.933+0600] {logging_mixin.py:188} INFO - [2023-12-20T18:02:25.930+0600] {dagbag.py:538} INFO - Filling up the DagBag from /home/robin/Documents/Tanjim/Miscellaneous Projects/airflow_docker/airflow_in_python_env/env/lib/python3.10/site-packages/airflow/example_dags/tutorial_objectstorage.py
[2023-12-20T18:02:25.944+0600] {processor.py:840} INFO - DAG(s) 'tutorial_objectstorage' retrieved from /home/robin/Documents/Tanjim/Miscellaneous Projects/airflow_docker/airflow_in_python_env/env/lib/python3.10/site-packages/airflow/example_dags/tutorial_objectstorage.py
[2023-12-20T18:02:25.970+0600] {logging_mixin.py:188} INFO - [2023-12-20T18:02:25.970+0600] {dag.py:3033} INFO - Sync 1 DAGs
[2023-12-20T18:02:25.989+0600] {logging_mixin.py:188} INFO - [2023-12-20T18:02:25.989+0600] {dag.py:3820} INFO - Setting next_dagrun for tutorial_objectstorage to None, run_after=None
[2023-12-20T18:02:26.032+0600] {processor.py:183} INFO - Processing /home/robin/Documents/Tanjim/Miscellaneous Projects/airflow_docker/airflow_in_python_env/env/lib/python3.10/site-packages/airflow/example_dags/tutorial_objectstorage.py took 0.114 seconds
[2023-12-20T18:03:03.159+0600] {processor.py:161} INFO - Started process (PID=69075) to work on /home/robin/Documents/Tanjim/Miscellaneous Projects/airflow_docker/airflow_in_python_env/env/lib/python3.10/site-packages/airflow/example_dags/tutorial_objectstorage.py
[2023-12-20T18:03:03.167+0600] {processor.py:830} INFO - Processing file /home/robin/Documents/Tanjim/Miscellaneous Projects/airflow_docker/airflow_in_python_env/env/lib/python3.10/site-packages/airflow/example_dags/tutorial_objectstorage.py for tasks to queue
[2023-12-20T18:03:03.168+0600] {logging_mixin.py:188} INFO - [2023-12-20T18:03:03.167+0600] {dagbag.py:538} INFO - Filling up the DagBag from /home/robin/Documents/Tanjim/Miscellaneous Projects/airflow_docker/airflow_in_python_env/env/lib/python3.10/site-packages/airflow/example_dags/tutorial_objectstorage.py
[2023-12-20T18:03:03.177+0600] {processor.py:840} INFO - DAG(s) 'tutorial_objectstorage' retrieved from /home/robin/Documents/Tanjim/Miscellaneous Projects/airflow_docker/airflow_in_python_env/env/lib/python3.10/site-packages/airflow/example_dags/tutorial_objectstorage.py
[2023-12-20T18:03:03.193+0600] {logging_mixin.py:188} INFO - [2023-12-20T18:03:03.193+0600] {dag.py:3033} INFO - Sync 1 DAGs
[2023-12-20T18:03:03.208+0600] {logging_mixin.py:188} INFO - [2023-12-20T18:03:03.208+0600] {dag.py:3820} INFO - Setting next_dagrun for tutorial_objectstorage to None, run_after=None
[2023-12-20T18:03:03.238+0600] {processor.py:183} INFO - Processing /home/robin/Documents/Tanjim/Miscellaneous Projects/airflow_docker/airflow_in_python_env/env/lib/python3.10/site-packages/airflow/example_dags/tutorial_objectstorage.py took 0.083 seconds
[2023-12-20T18:03:51.951+0600] {processor.py:161} INFO - Started process (PID=69292) to work on /home/robin/Documents/Tanjim/Miscellaneous Projects/airflow_docker/airflow_in_python_env/env/lib/python3.10/site-packages/airflow/example_dags/tutorial_objectstorage.py
[2023-12-20T18:03:51.960+0600] {processor.py:830} INFO - Processing file /home/robin/Documents/Tanjim/Miscellaneous Projects/airflow_docker/airflow_in_python_env/env/lib/python3.10/site-packages/airflow/example_dags/tutorial_objectstorage.py for tasks to queue
[2023-12-20T18:03:51.961+0600] {logging_mixin.py:188} INFO - [2023-12-20T18:03:51.961+0600] {dagbag.py:538} INFO - Filling up the DagBag from /home/robin/Documents/Tanjim/Miscellaneous Projects/airflow_docker/airflow_in_python_env/env/lib/python3.10/site-packages/airflow/example_dags/tutorial_objectstorage.py
[2023-12-20T18:03:51.972+0600] {processor.py:840} INFO - DAG(s) 'tutorial_objectstorage' retrieved from /home/robin/Documents/Tanjim/Miscellaneous Projects/airflow_docker/airflow_in_python_env/env/lib/python3.10/site-packages/airflow/example_dags/tutorial_objectstorage.py
[2023-12-20T18:03:51.990+0600] {logging_mixin.py:188} INFO - [2023-12-20T18:03:51.990+0600] {dag.py:3033} INFO - Sync 1 DAGs
[2023-12-20T18:03:52.005+0600] {logging_mixin.py:188} INFO - [2023-12-20T18:03:52.004+0600] {dag.py:3820} INFO - Setting next_dagrun for tutorial_objectstorage to None, run_after=None
[2023-12-20T18:03:52.031+0600] {processor.py:183} INFO - Processing /home/robin/Documents/Tanjim/Miscellaneous Projects/airflow_docker/airflow_in_python_env/env/lib/python3.10/site-packages/airflow/example_dags/tutorial_objectstorage.py took 0.084 seconds
[2023-12-20T18:04:39.190+0600] {processor.py:161} INFO - Started process (PID=69559) to work on /home/robin/Documents/Tanjim/Miscellaneous Projects/airflow_docker/airflow_in_python_env/env/lib/python3.10/site-packages/airflow/example_dags/tutorial_objectstorage.py
[2023-12-20T18:04:39.201+0600] {processor.py:830} INFO - Processing file /home/robin/Documents/Tanjim/Miscellaneous Projects/airflow_docker/airflow_in_python_env/env/lib/python3.10/site-packages/airflow/example_dags/tutorial_objectstorage.py for tasks to queue
[2023-12-20T18:04:39.202+0600] {logging_mixin.py:188} INFO - [2023-12-20T18:04:39.202+0600] {dagbag.py:538} INFO - Filling up the DagBag from /home/robin/Documents/Tanjim/Miscellaneous Projects/airflow_docker/airflow_in_python_env/env/lib/python3.10/site-packages/airflow/example_dags/tutorial_objectstorage.py
[2023-12-20T18:04:39.213+0600] {processor.py:840} INFO - DAG(s) 'tutorial_objectstorage' retrieved from /home/robin/Documents/Tanjim/Miscellaneous Projects/airflow_docker/airflow_in_python_env/env/lib/python3.10/site-packages/airflow/example_dags/tutorial_objectstorage.py
[2023-12-20T18:04:39.239+0600] {logging_mixin.py:188} INFO - [2023-12-20T18:04:39.239+0600] {dag.py:3033} INFO - Sync 1 DAGs
[2023-12-20T18:04:39.256+0600] {logging_mixin.py:188} INFO - [2023-12-20T18:04:39.255+0600] {dag.py:3820} INFO - Setting next_dagrun for tutorial_objectstorage to None, run_after=None
[2023-12-20T18:04:39.291+0600] {processor.py:183} INFO - Processing /home/robin/Documents/Tanjim/Miscellaneous Projects/airflow_docker/airflow_in_python_env/env/lib/python3.10/site-packages/airflow/example_dags/tutorial_objectstorage.py took 0.106 seconds
[2023-12-20T18:05:52.902+0600] {processor.py:161} INFO - Started process (PID=70093) to work on /home/robin/Documents/Tanjim/Miscellaneous Projects/airflow_docker/airflow_in_python_env/env/lib/python3.10/site-packages/airflow/example_dags/tutorial_objectstorage.py
[2023-12-20T18:05:52.911+0600] {processor.py:830} INFO - Processing file /home/robin/Documents/Tanjim/Miscellaneous Projects/airflow_docker/airflow_in_python_env/env/lib/python3.10/site-packages/airflow/example_dags/tutorial_objectstorage.py for tasks to queue
[2023-12-20T18:05:52.912+0600] {logging_mixin.py:188} INFO - [2023-12-20T18:05:52.912+0600] {dagbag.py:538} INFO - Filling up the DagBag from /home/robin/Documents/Tanjim/Miscellaneous Projects/airflow_docker/airflow_in_python_env/env/lib/python3.10/site-packages/airflow/example_dags/tutorial_objectstorage.py
[2023-12-20T18:05:52.922+0600] {processor.py:840} INFO - DAG(s) 'tutorial_objectstorage' retrieved from /home/robin/Documents/Tanjim/Miscellaneous Projects/airflow_docker/airflow_in_python_env/env/lib/python3.10/site-packages/airflow/example_dags/tutorial_objectstorage.py
[2023-12-20T18:05:52.946+0600] {logging_mixin.py:188} INFO - [2023-12-20T18:05:52.946+0600] {dag.py:3033} INFO - Sync 1 DAGs
[2023-12-20T18:05:52.957+0600] {logging_mixin.py:188} INFO - [2023-12-20T18:05:52.957+0600] {dag.py:3820} INFO - Setting next_dagrun for tutorial_objectstorage to None, run_after=None
[2023-12-20T18:05:52.983+0600] {processor.py:183} INFO - Processing /home/robin/Documents/Tanjim/Miscellaneous Projects/airflow_docker/airflow_in_python_env/env/lib/python3.10/site-packages/airflow/example_dags/tutorial_objectstorage.py took 0.084 seconds
[2023-12-20T18:10:11.324+0600] {processor.py:161} INFO - Started process (PID=70799) to work on /home/robin/Documents/Tanjim/Miscellaneous Projects/airflow_docker/airflow_in_python_env/env/lib/python3.10/site-packages/airflow/example_dags/tutorial_objectstorage.py
[2023-12-20T18:10:11.332+0600] {processor.py:830} INFO - Processing file /home/robin/Documents/Tanjim/Miscellaneous Projects/airflow_docker/airflow_in_python_env/env/lib/python3.10/site-packages/airflow/example_dags/tutorial_objectstorage.py for tasks to queue
[2023-12-20T18:10:11.333+0600] {logging_mixin.py:188} INFO - [2023-12-20T18:10:11.333+0600] {dagbag.py:538} INFO - Filling up the DagBag from /home/robin/Documents/Tanjim/Miscellaneous Projects/airflow_docker/airflow_in_python_env/env/lib/python3.10/site-packages/airflow/example_dags/tutorial_objectstorage.py
[2023-12-20T18:10:11.348+0600] {processor.py:840} INFO - DAG(s) 'tutorial_objectstorage' retrieved from /home/robin/Documents/Tanjim/Miscellaneous Projects/airflow_docker/airflow_in_python_env/env/lib/python3.10/site-packages/airflow/example_dags/tutorial_objectstorage.py
[2023-12-20T18:10:11.372+0600] {logging_mixin.py:188} INFO - [2023-12-20T18:10:11.372+0600] {dag.py:3033} INFO - Sync 1 DAGs
[2023-12-20T18:10:11.382+0600] {logging_mixin.py:188} INFO - [2023-12-20T18:10:11.382+0600] {dag.py:3820} INFO - Setting next_dagrun for tutorial_objectstorage to None, run_after=None
[2023-12-20T18:10:11.407+0600] {processor.py:183} INFO - Processing /home/robin/Documents/Tanjim/Miscellaneous Projects/airflow_docker/airflow_in_python_env/env/lib/python3.10/site-packages/airflow/example_dags/tutorial_objectstorage.py took 0.086 seconds
[2023-12-20T18:18:04.040+0600] {processor.py:161} INFO - Started process (PID=72026) to work on /home/robin/Documents/Tanjim/Miscellaneous Projects/airflow_docker/airflow_in_python_env/env/lib/python3.10/site-packages/airflow/example_dags/tutorial_objectstorage.py
[2023-12-20T18:18:04.048+0600] {processor.py:830} INFO - Processing file /home/robin/Documents/Tanjim/Miscellaneous Projects/airflow_docker/airflow_in_python_env/env/lib/python3.10/site-packages/airflow/example_dags/tutorial_objectstorage.py for tasks to queue
[2023-12-20T18:18:04.049+0600] {logging_mixin.py:188} INFO - [2023-12-20T18:18:04.049+0600] {dagbag.py:538} INFO - Filling up the DagBag from /home/robin/Documents/Tanjim/Miscellaneous Projects/airflow_docker/airflow_in_python_env/env/lib/python3.10/site-packages/airflow/example_dags/tutorial_objectstorage.py
[2023-12-20T18:18:04.059+0600] {processor.py:840} INFO - DAG(s) 'tutorial_objectstorage' retrieved from /home/robin/Documents/Tanjim/Miscellaneous Projects/airflow_docker/airflow_in_python_env/env/lib/python3.10/site-packages/airflow/example_dags/tutorial_objectstorage.py
[2023-12-20T18:18:04.084+0600] {logging_mixin.py:188} INFO - [2023-12-20T18:18:04.084+0600] {dag.py:3033} INFO - Sync 1 DAGs
[2023-12-20T18:18:04.098+0600] {logging_mixin.py:188} INFO - [2023-12-20T18:18:04.098+0600] {dag.py:3820} INFO - Setting next_dagrun for tutorial_objectstorage to None, run_after=None
[2023-12-20T18:18:04.123+0600] {processor.py:183} INFO - Processing /home/robin/Documents/Tanjim/Miscellaneous Projects/airflow_docker/airflow_in_python_env/env/lib/python3.10/site-packages/airflow/example_dags/tutorial_objectstorage.py took 0.086 seconds
[2023-12-20T18:18:58.921+0600] {processor.py:161} INFO - Started process (PID=72214) to work on /home/robin/Documents/Tanjim/Miscellaneous Projects/airflow_docker/airflow_in_python_env/env/lib/python3.10/site-packages/airflow/example_dags/tutorial_objectstorage.py
[2023-12-20T18:18:58.933+0600] {processor.py:830} INFO - Processing file /home/robin/Documents/Tanjim/Miscellaneous Projects/airflow_docker/airflow_in_python_env/env/lib/python3.10/site-packages/airflow/example_dags/tutorial_objectstorage.py for tasks to queue
[2023-12-20T18:18:58.936+0600] {logging_mixin.py:188} INFO - [2023-12-20T18:18:58.935+0600] {dagbag.py:538} INFO - Filling up the DagBag from /home/robin/Documents/Tanjim/Miscellaneous Projects/airflow_docker/airflow_in_python_env/env/lib/python3.10/site-packages/airflow/example_dags/tutorial_objectstorage.py
[2023-12-20T18:18:58.960+0600] {processor.py:840} INFO - DAG(s) 'tutorial_objectstorage' retrieved from /home/robin/Documents/Tanjim/Miscellaneous Projects/airflow_docker/airflow_in_python_env/env/lib/python3.10/site-packages/airflow/example_dags/tutorial_objectstorage.py
[2023-12-20T18:18:59.002+0600] {logging_mixin.py:188} INFO - [2023-12-20T18:18:59.001+0600] {dag.py:3033} INFO - Sync 1 DAGs
[2023-12-20T18:18:59.016+0600] {logging_mixin.py:188} INFO - [2023-12-20T18:18:59.015+0600] {dag.py:3820} INFO - Setting next_dagrun for tutorial_objectstorage to None, run_after=None
[2023-12-20T18:18:59.056+0600] {processor.py:183} INFO - Processing /home/robin/Documents/Tanjim/Miscellaneous Projects/airflow_docker/airflow_in_python_env/env/lib/python3.10/site-packages/airflow/example_dags/tutorial_objectstorage.py took 0.145 seconds
[2023-12-20T18:19:52.318+0600] {processor.py:161} INFO - Started process (PID=72352) to work on /home/robin/Documents/Tanjim/Miscellaneous Projects/airflow_docker/airflow_in_python_env/env/lib/python3.10/site-packages/airflow/example_dags/tutorial_objectstorage.py
[2023-12-20T18:19:52.320+0600] {processor.py:830} INFO - Processing file /home/robin/Documents/Tanjim/Miscellaneous Projects/airflow_docker/airflow_in_python_env/env/lib/python3.10/site-packages/airflow/example_dags/tutorial_objectstorage.py for tasks to queue
[2023-12-20T18:19:52.322+0600] {logging_mixin.py:188} INFO - [2023-12-20T18:19:52.321+0600] {dagbag.py:538} INFO - Filling up the DagBag from /home/robin/Documents/Tanjim/Miscellaneous Projects/airflow_docker/airflow_in_python_env/env/lib/python3.10/site-packages/airflow/example_dags/tutorial_objectstorage.py
[2023-12-20T18:19:52.333+0600] {processor.py:840} INFO - DAG(s) 'tutorial_objectstorage' retrieved from /home/robin/Documents/Tanjim/Miscellaneous Projects/airflow_docker/airflow_in_python_env/env/lib/python3.10/site-packages/airflow/example_dags/tutorial_objectstorage.py
[2023-12-20T18:19:52.362+0600] {logging_mixin.py:188} INFO - [2023-12-20T18:19:52.361+0600] {dag.py:3033} INFO - Sync 1 DAGs
[2023-12-20T18:19:52.379+0600] {logging_mixin.py:188} INFO - [2023-12-20T18:19:52.379+0600] {dag.py:3820} INFO - Setting next_dagrun for tutorial_objectstorage to None, run_after=None
[2023-12-20T18:19:52.427+0600] {processor.py:183} INFO - Processing /home/robin/Documents/Tanjim/Miscellaneous Projects/airflow_docker/airflow_in_python_env/env/lib/python3.10/site-packages/airflow/example_dags/tutorial_objectstorage.py took 0.115 seconds
[2023-12-20T18:20:41.367+0600] {processor.py:161} INFO - Started process (PID=72508) to work on /home/robin/Documents/Tanjim/Miscellaneous Projects/airflow_docker/airflow_in_python_env/env/lib/python3.10/site-packages/airflow/example_dags/tutorial_objectstorage.py
[2023-12-20T18:20:41.377+0600] {processor.py:830} INFO - Processing file /home/robin/Documents/Tanjim/Miscellaneous Projects/airflow_docker/airflow_in_python_env/env/lib/python3.10/site-packages/airflow/example_dags/tutorial_objectstorage.py for tasks to queue
[2023-12-20T18:20:41.382+0600] {logging_mixin.py:188} INFO - [2023-12-20T18:20:41.380+0600] {dagbag.py:538} INFO - Filling up the DagBag from /home/robin/Documents/Tanjim/Miscellaneous Projects/airflow_docker/airflow_in_python_env/env/lib/python3.10/site-packages/airflow/example_dags/tutorial_objectstorage.py
[2023-12-20T18:20:41.404+0600] {processor.py:840} INFO - DAG(s) 'tutorial_objectstorage' retrieved from /home/robin/Documents/Tanjim/Miscellaneous Projects/airflow_docker/airflow_in_python_env/env/lib/python3.10/site-packages/airflow/example_dags/tutorial_objectstorage.py
[2023-12-20T18:20:41.423+0600] {logging_mixin.py:188} INFO - [2023-12-20T18:20:41.423+0600] {dag.py:3033} INFO - Sync 1 DAGs
[2023-12-20T18:20:41.435+0600] {logging_mixin.py:188} INFO - [2023-12-20T18:20:41.435+0600] {dag.py:3820} INFO - Setting next_dagrun for tutorial_objectstorage to None, run_after=None
[2023-12-20T18:20:41.468+0600] {processor.py:183} INFO - Processing /home/robin/Documents/Tanjim/Miscellaneous Projects/airflow_docker/airflow_in_python_env/env/lib/python3.10/site-packages/airflow/example_dags/tutorial_objectstorage.py took 0.105 seconds
[2023-12-20T18:22:01.190+0600] {processor.py:161} INFO - Started process (PID=72831) to work on /home/robin/Documents/Tanjim/Miscellaneous Projects/airflow_docker/airflow_in_python_env/env/lib/python3.10/site-packages/airflow/example_dags/tutorial_objectstorage.py
[2023-12-20T18:22:01.198+0600] {processor.py:830} INFO - Processing file /home/robin/Documents/Tanjim/Miscellaneous Projects/airflow_docker/airflow_in_python_env/env/lib/python3.10/site-packages/airflow/example_dags/tutorial_objectstorage.py for tasks to queue
[2023-12-20T18:22:01.199+0600] {logging_mixin.py:188} INFO - [2023-12-20T18:22:01.199+0600] {dagbag.py:538} INFO - Filling up the DagBag from /home/robin/Documents/Tanjim/Miscellaneous Projects/airflow_docker/airflow_in_python_env/env/lib/python3.10/site-packages/airflow/example_dags/tutorial_objectstorage.py
[2023-12-20T18:22:01.209+0600] {processor.py:840} INFO - DAG(s) 'tutorial_objectstorage' retrieved from /home/robin/Documents/Tanjim/Miscellaneous Projects/airflow_docker/airflow_in_python_env/env/lib/python3.10/site-packages/airflow/example_dags/tutorial_objectstorage.py
[2023-12-20T18:22:01.234+0600] {logging_mixin.py:188} INFO - [2023-12-20T18:22:01.234+0600] {dag.py:3033} INFO - Sync 1 DAGs
[2023-12-20T18:22:01.245+0600] {logging_mixin.py:188} INFO - [2023-12-20T18:22:01.245+0600] {dag.py:3820} INFO - Setting next_dagrun for tutorial_objectstorage to None, run_after=None
[2023-12-20T18:22:01.270+0600] {processor.py:183} INFO - Processing /home/robin/Documents/Tanjim/Miscellaneous Projects/airflow_docker/airflow_in_python_env/env/lib/python3.10/site-packages/airflow/example_dags/tutorial_objectstorage.py took 0.083 seconds
[2023-12-20T18:23:53.363+0600] {processor.py:161} INFO - Started process (PID=73376) to work on /home/robin/Documents/Tanjim/Miscellaneous Projects/airflow_docker/airflow_in_python_env/env/lib/python3.10/site-packages/airflow/example_dags/tutorial_objectstorage.py
[2023-12-20T18:23:53.373+0600] {processor.py:830} INFO - Processing file /home/robin/Documents/Tanjim/Miscellaneous Projects/airflow_docker/airflow_in_python_env/env/lib/python3.10/site-packages/airflow/example_dags/tutorial_objectstorage.py for tasks to queue
[2023-12-20T18:23:53.374+0600] {logging_mixin.py:188} INFO - [2023-12-20T18:23:53.374+0600] {dagbag.py:538} INFO - Filling up the DagBag from /home/robin/Documents/Tanjim/Miscellaneous Projects/airflow_docker/airflow_in_python_env/env/lib/python3.10/site-packages/airflow/example_dags/tutorial_objectstorage.py
[2023-12-20T18:23:53.385+0600] {processor.py:840} INFO - DAG(s) 'tutorial_objectstorage' retrieved from /home/robin/Documents/Tanjim/Miscellaneous Projects/airflow_docker/airflow_in_python_env/env/lib/python3.10/site-packages/airflow/example_dags/tutorial_objectstorage.py
[2023-12-20T18:23:53.410+0600] {logging_mixin.py:188} INFO - [2023-12-20T18:23:53.409+0600] {dag.py:3033} INFO - Sync 1 DAGs
[2023-12-20T18:23:53.421+0600] {logging_mixin.py:188} INFO - [2023-12-20T18:23:53.421+0600] {dag.py:3820} INFO - Setting next_dagrun for tutorial_objectstorage to None, run_after=None
[2023-12-20T18:23:53.503+0600] {processor.py:183} INFO - Processing /home/robin/Documents/Tanjim/Miscellaneous Projects/airflow_docker/airflow_in_python_env/env/lib/python3.10/site-packages/airflow/example_dags/tutorial_objectstorage.py took 0.144 seconds
[2023-12-20T18:26:55.725+0600] {processor.py:161} INFO - Started process (PID=74163) to work on /home/robin/Documents/Tanjim/Miscellaneous Projects/airflow_docker/airflow_in_python_env/env/lib/python3.10/site-packages/airflow/example_dags/tutorial_objectstorage.py
[2023-12-20T18:26:55.727+0600] {processor.py:830} INFO - Processing file /home/robin/Documents/Tanjim/Miscellaneous Projects/airflow_docker/airflow_in_python_env/env/lib/python3.10/site-packages/airflow/example_dags/tutorial_objectstorage.py for tasks to queue
[2023-12-20T18:26:55.728+0600] {logging_mixin.py:188} INFO - [2023-12-20T18:26:55.728+0600] {dagbag.py:538} INFO - Filling up the DagBag from /home/robin/Documents/Tanjim/Miscellaneous Projects/airflow_docker/airflow_in_python_env/env/lib/python3.10/site-packages/airflow/example_dags/tutorial_objectstorage.py
[2023-12-20T18:26:55.739+0600] {processor.py:840} INFO - DAG(s) 'tutorial_objectstorage' retrieved from /home/robin/Documents/Tanjim/Miscellaneous Projects/airflow_docker/airflow_in_python_env/env/lib/python3.10/site-packages/airflow/example_dags/tutorial_objectstorage.py
[2023-12-20T18:26:55.763+0600] {logging_mixin.py:188} INFO - [2023-12-20T18:26:55.763+0600] {dag.py:3033} INFO - Sync 1 DAGs
[2023-12-20T18:26:55.774+0600] {logging_mixin.py:188} INFO - [2023-12-20T18:26:55.774+0600] {dag.py:3820} INFO - Setting next_dagrun for tutorial_objectstorage to None, run_after=None
[2023-12-20T18:26:55.796+0600] {processor.py:183} INFO - Processing /home/robin/Documents/Tanjim/Miscellaneous Projects/airflow_docker/airflow_in_python_env/env/lib/python3.10/site-packages/airflow/example_dags/tutorial_objectstorage.py took 0.076 seconds
[2023-12-20T18:28:32.719+0600] {processor.py:161} INFO - Started process (PID=74711) to work on /home/robin/Documents/Tanjim/Miscellaneous Projects/airflow_docker/airflow_in_python_env/env/lib/python3.10/site-packages/airflow/example_dags/tutorial_objectstorage.py
[2023-12-20T18:28:32.729+0600] {processor.py:830} INFO - Processing file /home/robin/Documents/Tanjim/Miscellaneous Projects/airflow_docker/airflow_in_python_env/env/lib/python3.10/site-packages/airflow/example_dags/tutorial_objectstorage.py for tasks to queue
[2023-12-20T18:28:32.730+0600] {logging_mixin.py:188} INFO - [2023-12-20T18:28:32.729+0600] {dagbag.py:538} INFO - Filling up the DagBag from /home/robin/Documents/Tanjim/Miscellaneous Projects/airflow_docker/airflow_in_python_env/env/lib/python3.10/site-packages/airflow/example_dags/tutorial_objectstorage.py
[2023-12-20T18:28:32.740+0600] {processor.py:840} INFO - DAG(s) 'tutorial_objectstorage' retrieved from /home/robin/Documents/Tanjim/Miscellaneous Projects/airflow_docker/airflow_in_python_env/env/lib/python3.10/site-packages/airflow/example_dags/tutorial_objectstorage.py
[2023-12-20T18:28:32.763+0600] {logging_mixin.py:188} INFO - [2023-12-20T18:28:32.763+0600] {dag.py:3033} INFO - Sync 1 DAGs
[2023-12-20T18:28:32.775+0600] {logging_mixin.py:188} INFO - [2023-12-20T18:28:32.775+0600] {dag.py:3820} INFO - Setting next_dagrun for tutorial_objectstorage to None, run_after=None
[2023-12-20T18:28:32.801+0600] {processor.py:183} INFO - Processing /home/robin/Documents/Tanjim/Miscellaneous Projects/airflow_docker/airflow_in_python_env/env/lib/python3.10/site-packages/airflow/example_dags/tutorial_objectstorage.py took 0.085 seconds
[2023-12-20T18:29:52.215+0600] {processor.py:161} INFO - Started process (PID=75550) to work on /home/robin/Documents/Tanjim/Miscellaneous Projects/airflow_docker/airflow_in_python_env/env/lib/python3.10/site-packages/airflow/example_dags/tutorial_objectstorage.py
[2023-12-20T18:29:52.223+0600] {processor.py:830} INFO - Processing file /home/robin/Documents/Tanjim/Miscellaneous Projects/airflow_docker/airflow_in_python_env/env/lib/python3.10/site-packages/airflow/example_dags/tutorial_objectstorage.py for tasks to queue
[2023-12-20T18:29:52.225+0600] {logging_mixin.py:188} INFO - [2023-12-20T18:29:52.224+0600] {dagbag.py:538} INFO - Filling up the DagBag from /home/robin/Documents/Tanjim/Miscellaneous Projects/airflow_docker/airflow_in_python_env/env/lib/python3.10/site-packages/airflow/example_dags/tutorial_objectstorage.py
[2023-12-20T18:29:52.235+0600] {processor.py:840} INFO - DAG(s) 'tutorial_objectstorage' retrieved from /home/robin/Documents/Tanjim/Miscellaneous Projects/airflow_docker/airflow_in_python_env/env/lib/python3.10/site-packages/airflow/example_dags/tutorial_objectstorage.py
[2023-12-20T18:29:52.253+0600] {logging_mixin.py:188} INFO - [2023-12-20T18:29:52.252+0600] {dag.py:3033} INFO - Sync 1 DAGs
[2023-12-20T18:29:52.265+0600] {logging_mixin.py:188} INFO - [2023-12-20T18:29:52.264+0600] {dag.py:3820} INFO - Setting next_dagrun for tutorial_objectstorage to None, run_after=None
[2023-12-20T18:29:52.289+0600] {processor.py:183} INFO - Processing /home/robin/Documents/Tanjim/Miscellaneous Projects/airflow_docker/airflow_in_python_env/env/lib/python3.10/site-packages/airflow/example_dags/tutorial_objectstorage.py took 0.082 seconds
