[2023-12-20T17:52:59.116+0600] {processor.py:161} INFO - Started process (PID=66345) to work on /home/robin/Documents/Tanjim/Miscellaneous Projects/airflow_docker/airflow_in_python_env/env/lib/python3.10/site-packages/airflow/example_dags/tutorial_taskflow_api.py
[2023-12-20T17:52:59.117+0600] {processor.py:830} INFO - Processing file /home/robin/Documents/Tanjim/Miscellaneous Projects/airflow_docker/airflow_in_python_env/env/lib/python3.10/site-packages/airflow/example_dags/tutorial_taskflow_api.py for tasks to queue
[2023-12-20T17:52:59.118+0600] {logging_mixin.py:188} INFO - [2023-12-20T17:52:59.118+0600] {dagbag.py:538} INFO - Filling up the DagBag from /home/robin/Documents/Tanjim/Miscellaneous Projects/airflow_docker/airflow_in_python_env/env/lib/python3.10/site-packages/airflow/example_dags/tutorial_taskflow_api.py
[2023-12-20T17:52:59.131+0600] {processor.py:840} INFO - DAG(s) 'tutorial_taskflow_api' retrieved from /home/robin/Documents/Tanjim/Miscellaneous Projects/airflow_docker/airflow_in_python_env/env/lib/python3.10/site-packages/airflow/example_dags/tutorial_taskflow_api.py
[2023-12-20T17:52:59.267+0600] {logging_mixin.py:188} INFO - [2023-12-20T17:52:59.267+0600] {dag.py:3033} INFO - Sync 1 DAGs
[2023-12-20T17:52:59.280+0600] {logging_mixin.py:188} INFO - [2023-12-20T17:52:59.280+0600] {dag.py:3820} INFO - Setting next_dagrun for tutorial_taskflow_api to None, run_after=None
[2023-12-20T17:52:59.316+0600] {processor.py:183} INFO - Processing /home/robin/Documents/Tanjim/Miscellaneous Projects/airflow_docker/airflow_in_python_env/env/lib/python3.10/site-packages/airflow/example_dags/tutorial_taskflow_api.py took 0.204 seconds
[2023-12-20T17:58:14.006+0600] {processor.py:161} INFO - Started process (PID=67020) to work on /home/robin/Documents/Tanjim/Miscellaneous Projects/airflow_docker/airflow_in_python_env/env/lib/python3.10/site-packages/airflow/example_dags/tutorial_taskflow_api.py
[2023-12-20T17:58:14.016+0600] {processor.py:830} INFO - Processing file /home/robin/Documents/Tanjim/Miscellaneous Projects/airflow_docker/airflow_in_python_env/env/lib/python3.10/site-packages/airflow/example_dags/tutorial_taskflow_api.py for tasks to queue
[2023-12-20T17:58:14.022+0600] {logging_mixin.py:188} INFO - [2023-12-20T17:58:14.020+0600] {dagbag.py:538} INFO - Filling up the DagBag from /home/robin/Documents/Tanjim/Miscellaneous Projects/airflow_docker/airflow_in_python_env/env/lib/python3.10/site-packages/airflow/example_dags/tutorial_taskflow_api.py
[2023-12-20T17:58:14.050+0600] {processor.py:840} INFO - DAG(s) 'tutorial_taskflow_api' retrieved from /home/robin/Documents/Tanjim/Miscellaneous Projects/airflow_docker/airflow_in_python_env/env/lib/python3.10/site-packages/airflow/example_dags/tutorial_taskflow_api.py
[2023-12-20T17:58:14.075+0600] {logging_mixin.py:188} INFO - [2023-12-20T17:58:14.074+0600] {dag.py:3033} INFO - Sync 1 DAGs
[2023-12-20T17:58:14.092+0600] {logging_mixin.py:188} INFO - [2023-12-20T17:58:14.091+0600] {dag.py:3820} INFO - Setting next_dagrun for tutorial_taskflow_api to None, run_after=None
[2023-12-20T17:58:14.116+0600] {processor.py:183} INFO - Processing /home/robin/Documents/Tanjim/Miscellaneous Projects/airflow_docker/airflow_in_python_env/env/lib/python3.10/site-packages/airflow/example_dags/tutorial_taskflow_api.py took 0.115 seconds
[2023-12-20T17:59:10.916+0600] {processor.py:161} INFO - Started process (PID=67271) to work on /home/robin/Documents/Tanjim/Miscellaneous Projects/airflow_docker/airflow_in_python_env/env/lib/python3.10/site-packages/airflow/example_dags/tutorial_taskflow_api.py
[2023-12-20T17:59:10.925+0600] {processor.py:830} INFO - Processing file /home/robin/Documents/Tanjim/Miscellaneous Projects/airflow_docker/airflow_in_python_env/env/lib/python3.10/site-packages/airflow/example_dags/tutorial_taskflow_api.py for tasks to queue
[2023-12-20T17:59:10.926+0600] {logging_mixin.py:188} INFO - [2023-12-20T17:59:10.925+0600] {dagbag.py:538} INFO - Filling up the DagBag from /home/robin/Documents/Tanjim/Miscellaneous Projects/airflow_docker/airflow_in_python_env/env/lib/python3.10/site-packages/airflow/example_dags/tutorial_taskflow_api.py
[2023-12-20T17:59:10.934+0600] {processor.py:840} INFO - DAG(s) 'tutorial_taskflow_api' retrieved from /home/robin/Documents/Tanjim/Miscellaneous Projects/airflow_docker/airflow_in_python_env/env/lib/python3.10/site-packages/airflow/example_dags/tutorial_taskflow_api.py
[2023-12-20T17:59:10.953+0600] {logging_mixin.py:188} INFO - [2023-12-20T17:59:10.953+0600] {dag.py:3033} INFO - Sync 1 DAGs
[2023-12-20T17:59:10.968+0600] {logging_mixin.py:188} INFO - [2023-12-20T17:59:10.968+0600] {dag.py:3820} INFO - Setting next_dagrun for tutorial_taskflow_api to None, run_after=None
[2023-12-20T17:59:10.995+0600] {processor.py:183} INFO - Processing /home/robin/Documents/Tanjim/Miscellaneous Projects/airflow_docker/airflow_in_python_env/env/lib/python3.10/site-packages/airflow/example_dags/tutorial_taskflow_api.py took 0.083 seconds
[2023-12-20T18:00:00.484+0600] {processor.py:161} INFO - Started process (PID=67448) to work on /home/robin/Documents/Tanjim/Miscellaneous Projects/airflow_docker/airflow_in_python_env/env/lib/python3.10/site-packages/airflow/example_dags/tutorial_taskflow_api.py
[2023-12-20T18:00:00.494+0600] {processor.py:830} INFO - Processing file /home/robin/Documents/Tanjim/Miscellaneous Projects/airflow_docker/airflow_in_python_env/env/lib/python3.10/site-packages/airflow/example_dags/tutorial_taskflow_api.py for tasks to queue
[2023-12-20T18:00:00.496+0600] {logging_mixin.py:188} INFO - [2023-12-20T18:00:00.495+0600] {dagbag.py:538} INFO - Filling up the DagBag from /home/robin/Documents/Tanjim/Miscellaneous Projects/airflow_docker/airflow_in_python_env/env/lib/python3.10/site-packages/airflow/example_dags/tutorial_taskflow_api.py
[2023-12-20T18:00:00.509+0600] {processor.py:840} INFO - DAG(s) 'tutorial_taskflow_api' retrieved from /home/robin/Documents/Tanjim/Miscellaneous Projects/airflow_docker/airflow_in_python_env/env/lib/python3.10/site-packages/airflow/example_dags/tutorial_taskflow_api.py
[2023-12-20T18:00:00.536+0600] {logging_mixin.py:188} INFO - [2023-12-20T18:00:00.535+0600] {dag.py:3033} INFO - Sync 1 DAGs
[2023-12-20T18:00:00.551+0600] {logging_mixin.py:188} INFO - [2023-12-20T18:00:00.551+0600] {dag.py:3820} INFO - Setting next_dagrun for tutorial_taskflow_api to None, run_after=None
[2023-12-20T18:00:00.606+0600] {processor.py:183} INFO - Processing /home/robin/Documents/Tanjim/Miscellaneous Projects/airflow_docker/airflow_in_python_env/env/lib/python3.10/site-packages/airflow/example_dags/tutorial_taskflow_api.py took 0.129 seconds
[2023-12-20T18:00:51.553+0600] {processor.py:161} INFO - Started process (PID=67668) to work on /home/robin/Documents/Tanjim/Miscellaneous Projects/airflow_docker/airflow_in_python_env/env/lib/python3.10/site-packages/airflow/example_dags/tutorial_taskflow_api.py
[2023-12-20T18:00:51.562+0600] {processor.py:830} INFO - Processing file /home/robin/Documents/Tanjim/Miscellaneous Projects/airflow_docker/airflow_in_python_env/env/lib/python3.10/site-packages/airflow/example_dags/tutorial_taskflow_api.py for tasks to queue
[2023-12-20T18:00:51.563+0600] {logging_mixin.py:188} INFO - [2023-12-20T18:00:51.563+0600] {dagbag.py:538} INFO - Filling up the DagBag from /home/robin/Documents/Tanjim/Miscellaneous Projects/airflow_docker/airflow_in_python_env/env/lib/python3.10/site-packages/airflow/example_dags/tutorial_taskflow_api.py
[2023-12-20T18:00:51.573+0600] {processor.py:840} INFO - DAG(s) 'tutorial_taskflow_api' retrieved from /home/robin/Documents/Tanjim/Miscellaneous Projects/airflow_docker/airflow_in_python_env/env/lib/python3.10/site-packages/airflow/example_dags/tutorial_taskflow_api.py
[2023-12-20T18:00:51.590+0600] {logging_mixin.py:188} INFO - [2023-12-20T18:00:51.590+0600] {dag.py:3033} INFO - Sync 1 DAGs
[2023-12-20T18:00:51.602+0600] {logging_mixin.py:188} INFO - [2023-12-20T18:00:51.602+0600] {dag.py:3820} INFO - Setting next_dagrun for tutorial_taskflow_api to None, run_after=None
[2023-12-20T18:00:51.626+0600] {processor.py:183} INFO - Processing /home/robin/Documents/Tanjim/Miscellaneous Projects/airflow_docker/airflow_in_python_env/env/lib/python3.10/site-packages/airflow/example_dags/tutorial_taskflow_api.py took 0.082 seconds
[2023-12-20T18:02:06.757+0600] {processor.py:161} INFO - Started process (PID=68536) to work on /home/robin/Documents/Tanjim/Miscellaneous Projects/airflow_docker/airflow_in_python_env/env/lib/python3.10/site-packages/airflow/example_dags/tutorial_taskflow_api.py
[2023-12-20T18:02:06.767+0600] {processor.py:830} INFO - Processing file /home/robin/Documents/Tanjim/Miscellaneous Projects/airflow_docker/airflow_in_python_env/env/lib/python3.10/site-packages/airflow/example_dags/tutorial_taskflow_api.py for tasks to queue
[2023-12-20T18:02:06.769+0600] {logging_mixin.py:188} INFO - [2023-12-20T18:02:06.768+0600] {dagbag.py:538} INFO - Filling up the DagBag from /home/robin/Documents/Tanjim/Miscellaneous Projects/airflow_docker/airflow_in_python_env/env/lib/python3.10/site-packages/airflow/example_dags/tutorial_taskflow_api.py
[2023-12-20T18:02:06.787+0600] {processor.py:840} INFO - DAG(s) 'tutorial_taskflow_api' retrieved from /home/robin/Documents/Tanjim/Miscellaneous Projects/airflow_docker/airflow_in_python_env/env/lib/python3.10/site-packages/airflow/example_dags/tutorial_taskflow_api.py
[2023-12-20T18:02:06.828+0600] {logging_mixin.py:188} INFO - [2023-12-20T18:02:06.828+0600] {dag.py:3033} INFO - Sync 1 DAGs
[2023-12-20T18:02:06.846+0600] {logging_mixin.py:188} INFO - [2023-12-20T18:02:06.846+0600] {dag.py:3820} INFO - Setting next_dagrun for tutorial_taskflow_api to None, run_after=None
[2023-12-20T18:02:06.883+0600] {processor.py:183} INFO - Processing /home/robin/Documents/Tanjim/Miscellaneous Projects/airflow_docker/airflow_in_python_env/env/lib/python3.10/site-packages/airflow/example_dags/tutorial_taskflow_api.py took 0.134 seconds
[2023-12-20T18:03:09.436+0600] {processor.py:161} INFO - Started process (PID=69178) to work on /home/robin/Documents/Tanjim/Miscellaneous Projects/airflow_docker/airflow_in_python_env/env/lib/python3.10/site-packages/airflow/example_dags/tutorial_taskflow_api.py
[2023-12-20T18:03:09.444+0600] {processor.py:830} INFO - Processing file /home/robin/Documents/Tanjim/Miscellaneous Projects/airflow_docker/airflow_in_python_env/env/lib/python3.10/site-packages/airflow/example_dags/tutorial_taskflow_api.py for tasks to queue
[2023-12-20T18:03:09.446+0600] {logging_mixin.py:188} INFO - [2023-12-20T18:03:09.445+0600] {dagbag.py:538} INFO - Filling up the DagBag from /home/robin/Documents/Tanjim/Miscellaneous Projects/airflow_docker/airflow_in_python_env/env/lib/python3.10/site-packages/airflow/example_dags/tutorial_taskflow_api.py
[2023-12-20T18:03:09.461+0600] {processor.py:840} INFO - DAG(s) 'tutorial_taskflow_api' retrieved from /home/robin/Documents/Tanjim/Miscellaneous Projects/airflow_docker/airflow_in_python_env/env/lib/python3.10/site-packages/airflow/example_dags/tutorial_taskflow_api.py
[2023-12-20T18:03:09.484+0600] {logging_mixin.py:188} INFO - [2023-12-20T18:03:09.484+0600] {dag.py:3033} INFO - Sync 1 DAGs
[2023-12-20T18:03:09.499+0600] {logging_mixin.py:188} INFO - [2023-12-20T18:03:09.499+0600] {dag.py:3820} INFO - Setting next_dagrun for tutorial_taskflow_api to None, run_after=None
[2023-12-20T18:03:09.530+0600] {processor.py:183} INFO - Processing /home/robin/Documents/Tanjim/Miscellaneous Projects/airflow_docker/airflow_in_python_env/env/lib/python3.10/site-packages/airflow/example_dags/tutorial_taskflow_api.py took 0.099 seconds
[2023-12-20T18:03:58.539+0600] {processor.py:161} INFO - Started process (PID=69332) to work on /home/robin/Documents/Tanjim/Miscellaneous Projects/airflow_docker/airflow_in_python_env/env/lib/python3.10/site-packages/airflow/example_dags/tutorial_taskflow_api.py
[2023-12-20T18:03:58.549+0600] {processor.py:830} INFO - Processing file /home/robin/Documents/Tanjim/Miscellaneous Projects/airflow_docker/airflow_in_python_env/env/lib/python3.10/site-packages/airflow/example_dags/tutorial_taskflow_api.py for tasks to queue
[2023-12-20T18:03:58.550+0600] {logging_mixin.py:188} INFO - [2023-12-20T18:03:58.550+0600] {dagbag.py:538} INFO - Filling up the DagBag from /home/robin/Documents/Tanjim/Miscellaneous Projects/airflow_docker/airflow_in_python_env/env/lib/python3.10/site-packages/airflow/example_dags/tutorial_taskflow_api.py
[2023-12-20T18:03:58.574+0600] {processor.py:840} INFO - DAG(s) 'tutorial_taskflow_api' retrieved from /home/robin/Documents/Tanjim/Miscellaneous Projects/airflow_docker/airflow_in_python_env/env/lib/python3.10/site-packages/airflow/example_dags/tutorial_taskflow_api.py
[2023-12-20T18:03:58.610+0600] {logging_mixin.py:188} INFO - [2023-12-20T18:03:58.609+0600] {dag.py:3033} INFO - Sync 1 DAGs
[2023-12-20T18:03:58.627+0600] {logging_mixin.py:188} INFO - [2023-12-20T18:03:58.627+0600] {dag.py:3820} INFO - Setting next_dagrun for tutorial_taskflow_api to None, run_after=None
[2023-12-20T18:03:58.670+0600] {processor.py:183} INFO - Processing /home/robin/Documents/Tanjim/Miscellaneous Projects/airflow_docker/airflow_in_python_env/env/lib/python3.10/site-packages/airflow/example_dags/tutorial_taskflow_api.py took 0.139 seconds
[2023-12-20T18:04:45.736+0600] {processor.py:161} INFO - Started process (PID=69582) to work on /home/robin/Documents/Tanjim/Miscellaneous Projects/airflow_docker/airflow_in_python_env/env/lib/python3.10/site-packages/airflow/example_dags/tutorial_taskflow_api.py
[2023-12-20T18:04:45.744+0600] {processor.py:830} INFO - Processing file /home/robin/Documents/Tanjim/Miscellaneous Projects/airflow_docker/airflow_in_python_env/env/lib/python3.10/site-packages/airflow/example_dags/tutorial_taskflow_api.py for tasks to queue
[2023-12-20T18:04:45.745+0600] {logging_mixin.py:188} INFO - [2023-12-20T18:04:45.745+0600] {dagbag.py:538} INFO - Filling up the DagBag from /home/robin/Documents/Tanjim/Miscellaneous Projects/airflow_docker/airflow_in_python_env/env/lib/python3.10/site-packages/airflow/example_dags/tutorial_taskflow_api.py
[2023-12-20T18:04:45.757+0600] {processor.py:840} INFO - DAG(s) 'tutorial_taskflow_api' retrieved from /home/robin/Documents/Tanjim/Miscellaneous Projects/airflow_docker/airflow_in_python_env/env/lib/python3.10/site-packages/airflow/example_dags/tutorial_taskflow_api.py
[2023-12-20T18:04:45.779+0600] {logging_mixin.py:188} INFO - [2023-12-20T18:04:45.779+0600] {dag.py:3033} INFO - Sync 1 DAGs
[2023-12-20T18:04:45.810+0600] {logging_mixin.py:188} INFO - [2023-12-20T18:04:45.809+0600] {dag.py:3820} INFO - Setting next_dagrun for tutorial_taskflow_api to None, run_after=None
[2023-12-20T18:04:45.850+0600] {processor.py:183} INFO - Processing /home/robin/Documents/Tanjim/Miscellaneous Projects/airflow_docker/airflow_in_python_env/env/lib/python3.10/site-packages/airflow/example_dags/tutorial_taskflow_api.py took 0.120 seconds
[2023-12-20T18:05:59.454+0600] {processor.py:161} INFO - Started process (PID=70160) to work on /home/robin/Documents/Tanjim/Miscellaneous Projects/airflow_docker/airflow_in_python_env/env/lib/python3.10/site-packages/airflow/example_dags/tutorial_taskflow_api.py
[2023-12-20T18:05:59.463+0600] {processor.py:830} INFO - Processing file /home/robin/Documents/Tanjim/Miscellaneous Projects/airflow_docker/airflow_in_python_env/env/lib/python3.10/site-packages/airflow/example_dags/tutorial_taskflow_api.py for tasks to queue
[2023-12-20T18:05:59.465+0600] {logging_mixin.py:188} INFO - [2023-12-20T18:05:59.464+0600] {dagbag.py:538} INFO - Filling up the DagBag from /home/robin/Documents/Tanjim/Miscellaneous Projects/airflow_docker/airflow_in_python_env/env/lib/python3.10/site-packages/airflow/example_dags/tutorial_taskflow_api.py
[2023-12-20T18:05:59.480+0600] {processor.py:840} INFO - DAG(s) 'tutorial_taskflow_api' retrieved from /home/robin/Documents/Tanjim/Miscellaneous Projects/airflow_docker/airflow_in_python_env/env/lib/python3.10/site-packages/airflow/example_dags/tutorial_taskflow_api.py
[2023-12-20T18:05:59.509+0600] {logging_mixin.py:188} INFO - [2023-12-20T18:05:59.509+0600] {dag.py:3033} INFO - Sync 1 DAGs
[2023-12-20T18:05:59.523+0600] {logging_mixin.py:188} INFO - [2023-12-20T18:05:59.523+0600] {dag.py:3820} INFO - Setting next_dagrun for tutorial_taskflow_api to None, run_after=None
[2023-12-20T18:05:59.555+0600] {processor.py:183} INFO - Processing /home/robin/Documents/Tanjim/Miscellaneous Projects/airflow_docker/airflow_in_python_env/env/lib/python3.10/site-packages/airflow/example_dags/tutorial_taskflow_api.py took 0.107 seconds
[2023-12-20T18:18:11.774+0600] {processor.py:161} INFO - Started process (PID=72064) to work on /home/robin/Documents/Tanjim/Miscellaneous Projects/airflow_docker/airflow_in_python_env/env/lib/python3.10/site-packages/airflow/example_dags/tutorial_taskflow_api.py
[2023-12-20T18:18:11.783+0600] {processor.py:830} INFO - Processing file /home/robin/Documents/Tanjim/Miscellaneous Projects/airflow_docker/airflow_in_python_env/env/lib/python3.10/site-packages/airflow/example_dags/tutorial_taskflow_api.py for tasks to queue
[2023-12-20T18:18:11.785+0600] {logging_mixin.py:188} INFO - [2023-12-20T18:18:11.784+0600] {dagbag.py:538} INFO - Filling up the DagBag from /home/robin/Documents/Tanjim/Miscellaneous Projects/airflow_docker/airflow_in_python_env/env/lib/python3.10/site-packages/airflow/example_dags/tutorial_taskflow_api.py
[2023-12-20T18:18:11.800+0600] {processor.py:840} INFO - DAG(s) 'tutorial_taskflow_api' retrieved from /home/robin/Documents/Tanjim/Miscellaneous Projects/airflow_docker/airflow_in_python_env/env/lib/python3.10/site-packages/airflow/example_dags/tutorial_taskflow_api.py
[2023-12-20T18:18:11.827+0600] {logging_mixin.py:188} INFO - [2023-12-20T18:18:11.827+0600] {dag.py:3033} INFO - Sync 1 DAGs
[2023-12-20T18:18:11.843+0600] {logging_mixin.py:188} INFO - [2023-12-20T18:18:11.843+0600] {dag.py:3820} INFO - Setting next_dagrun for tutorial_taskflow_api to None, run_after=None
[2023-12-20T18:18:11.876+0600] {processor.py:183} INFO - Processing /home/robin/Documents/Tanjim/Miscellaneous Projects/airflow_docker/airflow_in_python_env/env/lib/python3.10/site-packages/airflow/example_dags/tutorial_taskflow_api.py took 0.109 seconds
[2023-12-20T18:19:06.334+0600] {processor.py:161} INFO - Started process (PID=72228) to work on /home/robin/Documents/Tanjim/Miscellaneous Projects/airflow_docker/airflow_in_python_env/env/lib/python3.10/site-packages/airflow/example_dags/tutorial_taskflow_api.py
[2023-12-20T18:19:06.343+0600] {processor.py:830} INFO - Processing file /home/robin/Documents/Tanjim/Miscellaneous Projects/airflow_docker/airflow_in_python_env/env/lib/python3.10/site-packages/airflow/example_dags/tutorial_taskflow_api.py for tasks to queue
[2023-12-20T18:19:06.345+0600] {logging_mixin.py:188} INFO - [2023-12-20T18:19:06.344+0600] {dagbag.py:538} INFO - Filling up the DagBag from /home/robin/Documents/Tanjim/Miscellaneous Projects/airflow_docker/airflow_in_python_env/env/lib/python3.10/site-packages/airflow/example_dags/tutorial_taskflow_api.py
[2023-12-20T18:19:06.360+0600] {processor.py:840} INFO - DAG(s) 'tutorial_taskflow_api' retrieved from /home/robin/Documents/Tanjim/Miscellaneous Projects/airflow_docker/airflow_in_python_env/env/lib/python3.10/site-packages/airflow/example_dags/tutorial_taskflow_api.py
[2023-12-20T18:19:06.380+0600] {logging_mixin.py:188} INFO - [2023-12-20T18:19:06.380+0600] {dag.py:3033} INFO - Sync 1 DAGs
[2023-12-20T18:19:06.394+0600] {logging_mixin.py:188} INFO - [2023-12-20T18:19:06.394+0600] {dag.py:3820} INFO - Setting next_dagrun for tutorial_taskflow_api to None, run_after=None
[2023-12-20T18:19:06.420+0600] {processor.py:183} INFO - Processing /home/robin/Documents/Tanjim/Miscellaneous Projects/airflow_docker/airflow_in_python_env/env/lib/python3.10/site-packages/airflow/example_dags/tutorial_taskflow_api.py took 0.095 seconds
[2023-12-20T18:19:58.060+0600] {processor.py:161} INFO - Started process (PID=72362) to work on /home/robin/Documents/Tanjim/Miscellaneous Projects/airflow_docker/airflow_in_python_env/env/lib/python3.10/site-packages/airflow/example_dags/tutorial_taskflow_api.py
[2023-12-20T18:19:58.061+0600] {processor.py:830} INFO - Processing file /home/robin/Documents/Tanjim/Miscellaneous Projects/airflow_docker/airflow_in_python_env/env/lib/python3.10/site-packages/airflow/example_dags/tutorial_taskflow_api.py for tasks to queue
[2023-12-20T18:19:58.062+0600] {logging_mixin.py:188} INFO - [2023-12-20T18:19:58.062+0600] {dagbag.py:538} INFO - Filling up the DagBag from /home/robin/Documents/Tanjim/Miscellaneous Projects/airflow_docker/airflow_in_python_env/env/lib/python3.10/site-packages/airflow/example_dags/tutorial_taskflow_api.py
[2023-12-20T18:19:58.078+0600] {processor.py:840} INFO - DAG(s) 'tutorial_taskflow_api' retrieved from /home/robin/Documents/Tanjim/Miscellaneous Projects/airflow_docker/airflow_in_python_env/env/lib/python3.10/site-packages/airflow/example_dags/tutorial_taskflow_api.py
[2023-12-20T18:19:58.104+0600] {logging_mixin.py:188} INFO - [2023-12-20T18:19:58.104+0600] {dag.py:3033} INFO - Sync 1 DAGs
[2023-12-20T18:19:58.120+0600] {logging_mixin.py:188} INFO - [2023-12-20T18:19:58.120+0600] {dag.py:3820} INFO - Setting next_dagrun for tutorial_taskflow_api to None, run_after=None
[2023-12-20T18:19:58.151+0600] {processor.py:183} INFO - Processing /home/robin/Documents/Tanjim/Miscellaneous Projects/airflow_docker/airflow_in_python_env/env/lib/python3.10/site-packages/airflow/example_dags/tutorial_taskflow_api.py took 0.095 seconds
[2023-12-20T18:20:48.241+0600] {processor.py:161} INFO - Started process (PID=72524) to work on /home/robin/Documents/Tanjim/Miscellaneous Projects/airflow_docker/airflow_in_python_env/env/lib/python3.10/site-packages/airflow/example_dags/tutorial_taskflow_api.py
[2023-12-20T18:20:48.251+0600] {processor.py:830} INFO - Processing file /home/robin/Documents/Tanjim/Miscellaneous Projects/airflow_docker/airflow_in_python_env/env/lib/python3.10/site-packages/airflow/example_dags/tutorial_taskflow_api.py for tasks to queue
[2023-12-20T18:20:48.252+0600] {logging_mixin.py:188} INFO - [2023-12-20T18:20:48.251+0600] {dagbag.py:538} INFO - Filling up the DagBag from /home/robin/Documents/Tanjim/Miscellaneous Projects/airflow_docker/airflow_in_python_env/env/lib/python3.10/site-packages/airflow/example_dags/tutorial_taskflow_api.py
[2023-12-20T18:20:48.263+0600] {processor.py:840} INFO - DAG(s) 'tutorial_taskflow_api' retrieved from /home/robin/Documents/Tanjim/Miscellaneous Projects/airflow_docker/airflow_in_python_env/env/lib/python3.10/site-packages/airflow/example_dags/tutorial_taskflow_api.py
[2023-12-20T18:20:48.284+0600] {logging_mixin.py:188} INFO - [2023-12-20T18:20:48.284+0600] {dag.py:3033} INFO - Sync 1 DAGs
[2023-12-20T18:20:48.298+0600] {logging_mixin.py:188} INFO - [2023-12-20T18:20:48.297+0600] {dag.py:3820} INFO - Setting next_dagrun for tutorial_taskflow_api to None, run_after=None
[2023-12-20T18:20:48.345+0600] {processor.py:183} INFO - Processing /home/robin/Documents/Tanjim/Miscellaneous Projects/airflow_docker/airflow_in_python_env/env/lib/python3.10/site-packages/airflow/example_dags/tutorial_taskflow_api.py took 0.108 seconds
[2023-12-20T18:22:07.589+0600] {processor.py:161} INFO - Started process (PID=72889) to work on /home/robin/Documents/Tanjim/Miscellaneous Projects/airflow_docker/airflow_in_python_env/env/lib/python3.10/site-packages/airflow/example_dags/tutorial_taskflow_api.py
[2023-12-20T18:22:07.598+0600] {processor.py:830} INFO - Processing file /home/robin/Documents/Tanjim/Miscellaneous Projects/airflow_docker/airflow_in_python_env/env/lib/python3.10/site-packages/airflow/example_dags/tutorial_taskflow_api.py for tasks to queue
[2023-12-20T18:22:07.599+0600] {logging_mixin.py:188} INFO - [2023-12-20T18:22:07.598+0600] {dagbag.py:538} INFO - Filling up the DagBag from /home/robin/Documents/Tanjim/Miscellaneous Projects/airflow_docker/airflow_in_python_env/env/lib/python3.10/site-packages/airflow/example_dags/tutorial_taskflow_api.py
[2023-12-20T18:22:07.608+0600] {processor.py:840} INFO - DAG(s) 'tutorial_taskflow_api' retrieved from /home/robin/Documents/Tanjim/Miscellaneous Projects/airflow_docker/airflow_in_python_env/env/lib/python3.10/site-packages/airflow/example_dags/tutorial_taskflow_api.py
[2023-12-20T18:22:07.628+0600] {logging_mixin.py:188} INFO - [2023-12-20T18:22:07.628+0600] {dag.py:3033} INFO - Sync 1 DAGs
[2023-12-20T18:22:07.639+0600] {logging_mixin.py:188} INFO - [2023-12-20T18:22:07.639+0600] {dag.py:3820} INFO - Setting next_dagrun for tutorial_taskflow_api to None, run_after=None
[2023-12-20T18:22:07.663+0600] {processor.py:183} INFO - Processing /home/robin/Documents/Tanjim/Miscellaneous Projects/airflow_docker/airflow_in_python_env/env/lib/python3.10/site-packages/airflow/example_dags/tutorial_taskflow_api.py took 0.078 seconds
[2023-12-20T18:27:03.269+0600] {processor.py:161} INFO - Started process (PID=74222) to work on /home/robin/Documents/Tanjim/Miscellaneous Projects/airflow_docker/airflow_in_python_env/env/lib/python3.10/site-packages/airflow/example_dags/tutorial_taskflow_api.py
[2023-12-20T18:27:03.278+0600] {processor.py:830} INFO - Processing file /home/robin/Documents/Tanjim/Miscellaneous Projects/airflow_docker/airflow_in_python_env/env/lib/python3.10/site-packages/airflow/example_dags/tutorial_taskflow_api.py for tasks to queue
[2023-12-20T18:27:03.280+0600] {logging_mixin.py:188} INFO - [2023-12-20T18:27:03.279+0600] {dagbag.py:538} INFO - Filling up the DagBag from /home/robin/Documents/Tanjim/Miscellaneous Projects/airflow_docker/airflow_in_python_env/env/lib/python3.10/site-packages/airflow/example_dags/tutorial_taskflow_api.py
[2023-12-20T18:27:03.290+0600] {processor.py:840} INFO - DAG(s) 'tutorial_taskflow_api' retrieved from /home/robin/Documents/Tanjim/Miscellaneous Projects/airflow_docker/airflow_in_python_env/env/lib/python3.10/site-packages/airflow/example_dags/tutorial_taskflow_api.py
[2023-12-20T18:27:03.309+0600] {logging_mixin.py:188} INFO - [2023-12-20T18:27:03.309+0600] {dag.py:3033} INFO - Sync 1 DAGs
[2023-12-20T18:27:03.320+0600] {logging_mixin.py:188} INFO - [2023-12-20T18:27:03.320+0600] {dag.py:3820} INFO - Setting next_dagrun for tutorial_taskflow_api to None, run_after=None
[2023-12-20T18:27:03.343+0600] {processor.py:183} INFO - Processing /home/robin/Documents/Tanjim/Miscellaneous Projects/airflow_docker/airflow_in_python_env/env/lib/python3.10/site-packages/airflow/example_dags/tutorial_taskflow_api.py took 0.080 seconds
[2023-12-20T18:28:40.232+0600] {processor.py:161} INFO - Started process (PID=74759) to work on /home/robin/Documents/Tanjim/Miscellaneous Projects/airflow_docker/airflow_in_python_env/env/lib/python3.10/site-packages/airflow/example_dags/tutorial_taskflow_api.py
[2023-12-20T18:28:40.241+0600] {processor.py:830} INFO - Processing file /home/robin/Documents/Tanjim/Miscellaneous Projects/airflow_docker/airflow_in_python_env/env/lib/python3.10/site-packages/airflow/example_dags/tutorial_taskflow_api.py for tasks to queue
[2023-12-20T18:28:40.242+0600] {logging_mixin.py:188} INFO - [2023-12-20T18:28:40.242+0600] {dagbag.py:538} INFO - Filling up the DagBag from /home/robin/Documents/Tanjim/Miscellaneous Projects/airflow_docker/airflow_in_python_env/env/lib/python3.10/site-packages/airflow/example_dags/tutorial_taskflow_api.py
[2023-12-20T18:28:40.255+0600] {processor.py:840} INFO - DAG(s) 'tutorial_taskflow_api' retrieved from /home/robin/Documents/Tanjim/Miscellaneous Projects/airflow_docker/airflow_in_python_env/env/lib/python3.10/site-packages/airflow/example_dags/tutorial_taskflow_api.py
[2023-12-20T18:28:40.301+0600] {logging_mixin.py:188} INFO - [2023-12-20T18:28:40.300+0600] {dag.py:3033} INFO - Sync 1 DAGs
[2023-12-20T18:28:40.325+0600] {logging_mixin.py:188} INFO - [2023-12-20T18:28:40.325+0600] {dag.py:3820} INFO - Setting next_dagrun for tutorial_taskflow_api to None, run_after=None
[2023-12-20T18:28:40.423+0600] {processor.py:183} INFO - Processing /home/robin/Documents/Tanjim/Miscellaneous Projects/airflow_docker/airflow_in_python_env/env/lib/python3.10/site-packages/airflow/example_dags/tutorial_taskflow_api.py took 0.195 seconds
[2023-12-20T18:29:58.420+0600] {processor.py:161} INFO - Started process (PID=75591) to work on /home/robin/Documents/Tanjim/Miscellaneous Projects/airflow_docker/airflow_in_python_env/env/lib/python3.10/site-packages/airflow/example_dags/tutorial_taskflow_api.py
[2023-12-20T18:29:58.430+0600] {processor.py:830} INFO - Processing file /home/robin/Documents/Tanjim/Miscellaneous Projects/airflow_docker/airflow_in_python_env/env/lib/python3.10/site-packages/airflow/example_dags/tutorial_taskflow_api.py for tasks to queue
[2023-12-20T18:29:58.433+0600] {logging_mixin.py:188} INFO - [2023-12-20T18:29:58.432+0600] {dagbag.py:538} INFO - Filling up the DagBag from /home/robin/Documents/Tanjim/Miscellaneous Projects/airflow_docker/airflow_in_python_env/env/lib/python3.10/site-packages/airflow/example_dags/tutorial_taskflow_api.py
[2023-12-20T18:29:58.449+0600] {processor.py:840} INFO - DAG(s) 'tutorial_taskflow_api' retrieved from /home/robin/Documents/Tanjim/Miscellaneous Projects/airflow_docker/airflow_in_python_env/env/lib/python3.10/site-packages/airflow/example_dags/tutorial_taskflow_api.py
[2023-12-20T18:29:58.473+0600] {logging_mixin.py:188} INFO - [2023-12-20T18:29:58.472+0600] {dag.py:3033} INFO - Sync 1 DAGs
[2023-12-20T18:29:58.486+0600] {logging_mixin.py:188} INFO - [2023-12-20T18:29:58.486+0600] {dag.py:3820} INFO - Setting next_dagrun for tutorial_taskflow_api to None, run_after=None
[2023-12-20T18:29:58.515+0600] {processor.py:183} INFO - Processing /home/robin/Documents/Tanjim/Miscellaneous Projects/airflow_docker/airflow_in_python_env/env/lib/python3.10/site-packages/airflow/example_dags/tutorial_taskflow_api.py took 0.104 seconds
