[2023-12-20T17:52:52.752+0600] {processor.py:161} INFO - Started process (PID=66327) to work on /home/robin/Documents/Tanjim/Miscellaneous Projects/airflow_docker/airflow_in_python_env/env/lib/python3.10/site-packages/airflow/example_dags/tutorial_dag.py
[2023-12-20T17:52:52.754+0600] {processor.py:830} INFO - Processing file /home/robin/Documents/Tanjim/Miscellaneous Projects/airflow_docker/airflow_in_python_env/env/lib/python3.10/site-packages/airflow/example_dags/tutorial_dag.py for tasks to queue
[2023-12-20T17:52:52.756+0600] {logging_mixin.py:188} INFO - [2023-12-20T17:52:52.755+0600] {dagbag.py:538} INFO - Filling up the DagBag from /home/robin/Documents/Tanjim/Miscellaneous Projects/airflow_docker/airflow_in_python_env/env/lib/python3.10/site-packages/airflow/example_dags/tutorial_dag.py
[2023-12-20T17:52:52.777+0600] {processor.py:840} INFO - DAG(s) 'tutorial_dag' retrieved from /home/robin/Documents/Tanjim/Miscellaneous Projects/airflow_docker/airflow_in_python_env/env/lib/python3.10/site-packages/airflow/example_dags/tutorial_dag.py
[2023-12-20T17:52:52.947+0600] {logging_mixin.py:188} INFO - [2023-12-20T17:52:52.947+0600] {dag.py:3033} INFO - Sync 1 DAGs
[2023-12-20T17:52:52.962+0600] {logging_mixin.py:188} INFO - [2023-12-20T17:52:52.962+0600] {dag.py:3820} INFO - Setting next_dagrun for tutorial_dag to None, run_after=None
[2023-12-20T17:52:53.021+0600] {processor.py:183} INFO - Processing /home/robin/Documents/Tanjim/Miscellaneous Projects/airflow_docker/airflow_in_python_env/env/lib/python3.10/site-packages/airflow/example_dags/tutorial_dag.py took 0.273 seconds
[2023-12-20T17:58:07.698+0600] {processor.py:161} INFO - Started process (PID=66963) to work on /home/robin/Documents/Tanjim/Miscellaneous Projects/airflow_docker/airflow_in_python_env/env/lib/python3.10/site-packages/airflow/example_dags/tutorial_dag.py
[2023-12-20T17:58:07.700+0600] {processor.py:830} INFO - Processing file /home/robin/Documents/Tanjim/Miscellaneous Projects/airflow_docker/airflow_in_python_env/env/lib/python3.10/site-packages/airflow/example_dags/tutorial_dag.py for tasks to queue
[2023-12-20T17:58:07.702+0600] {logging_mixin.py:188} INFO - [2023-12-20T17:58:07.701+0600] {dagbag.py:538} INFO - Filling up the DagBag from /home/robin/Documents/Tanjim/Miscellaneous Projects/airflow_docker/airflow_in_python_env/env/lib/python3.10/site-packages/airflow/example_dags/tutorial_dag.py
[2023-12-20T17:58:07.765+0600] {processor.py:840} INFO - DAG(s) 'tutorial_dag' retrieved from /home/robin/Documents/Tanjim/Miscellaneous Projects/airflow_docker/airflow_in_python_env/env/lib/python3.10/site-packages/airflow/example_dags/tutorial_dag.py
[2023-12-20T17:58:07.827+0600] {logging_mixin.py:188} INFO - [2023-12-20T17:58:07.826+0600] {dag.py:3033} INFO - Sync 1 DAGs
[2023-12-20T17:58:07.849+0600] {logging_mixin.py:188} INFO - [2023-12-20T17:58:07.849+0600] {dag.py:3820} INFO - Setting next_dagrun for tutorial_dag to None, run_after=None
[2023-12-20T17:58:07.886+0600] {processor.py:183} INFO - Processing /home/robin/Documents/Tanjim/Miscellaneous Projects/airflow_docker/airflow_in_python_env/env/lib/python3.10/site-packages/airflow/example_dags/tutorial_dag.py took 0.193 seconds
[2023-12-20T17:59:05.702+0600] {processor.py:161} INFO - Started process (PID=67199) to work on /home/robin/Documents/Tanjim/Miscellaneous Projects/airflow_docker/airflow_in_python_env/env/lib/python3.10/site-packages/airflow/example_dags/tutorial_dag.py
[2023-12-20T17:59:05.711+0600] {processor.py:830} INFO - Processing file /home/robin/Documents/Tanjim/Miscellaneous Projects/airflow_docker/airflow_in_python_env/env/lib/python3.10/site-packages/airflow/example_dags/tutorial_dag.py for tasks to queue
[2023-12-20T17:59:05.712+0600] {logging_mixin.py:188} INFO - [2023-12-20T17:59:05.711+0600] {dagbag.py:538} INFO - Filling up the DagBag from /home/robin/Documents/Tanjim/Miscellaneous Projects/airflow_docker/airflow_in_python_env/env/lib/python3.10/site-packages/airflow/example_dags/tutorial_dag.py
[2023-12-20T17:59:05.722+0600] {processor.py:840} INFO - DAG(s) 'tutorial_dag' retrieved from /home/robin/Documents/Tanjim/Miscellaneous Projects/airflow_docker/airflow_in_python_env/env/lib/python3.10/site-packages/airflow/example_dags/tutorial_dag.py
[2023-12-20T17:59:05.754+0600] {logging_mixin.py:188} INFO - [2023-12-20T17:59:05.753+0600] {dag.py:3033} INFO - Sync 1 DAGs
[2023-12-20T17:59:05.776+0600] {logging_mixin.py:188} INFO - [2023-12-20T17:59:05.776+0600] {dag.py:3820} INFO - Setting next_dagrun for tutorial_dag to None, run_after=None
[2023-12-20T17:59:05.823+0600] {processor.py:183} INFO - Processing /home/robin/Documents/Tanjim/Miscellaneous Projects/airflow_docker/airflow_in_python_env/env/lib/python3.10/site-packages/airflow/example_dags/tutorial_dag.py took 0.126 seconds
[2023-12-20T17:59:55.800+0600] {processor.py:161} INFO - Started process (PID=67437) to work on /home/robin/Documents/Tanjim/Miscellaneous Projects/airflow_docker/airflow_in_python_env/env/lib/python3.10/site-packages/airflow/example_dags/tutorial_dag.py
[2023-12-20T17:59:55.811+0600] {processor.py:830} INFO - Processing file /home/robin/Documents/Tanjim/Miscellaneous Projects/airflow_docker/airflow_in_python_env/env/lib/python3.10/site-packages/airflow/example_dags/tutorial_dag.py for tasks to queue
[2023-12-20T17:59:55.814+0600] {logging_mixin.py:188} INFO - [2023-12-20T17:59:55.813+0600] {dagbag.py:538} INFO - Filling up the DagBag from /home/robin/Documents/Tanjim/Miscellaneous Projects/airflow_docker/airflow_in_python_env/env/lib/python3.10/site-packages/airflow/example_dags/tutorial_dag.py
[2023-12-20T17:59:55.832+0600] {processor.py:840} INFO - DAG(s) 'tutorial_dag' retrieved from /home/robin/Documents/Tanjim/Miscellaneous Projects/airflow_docker/airflow_in_python_env/env/lib/python3.10/site-packages/airflow/example_dags/tutorial_dag.py
[2023-12-20T17:59:55.867+0600] {logging_mixin.py:188} INFO - [2023-12-20T17:59:55.867+0600] {dag.py:3033} INFO - Sync 1 DAGs
[2023-12-20T17:59:55.882+0600] {logging_mixin.py:188} INFO - [2023-12-20T17:59:55.882+0600] {dag.py:3820} INFO - Setting next_dagrun for tutorial_dag to None, run_after=None
[2023-12-20T17:59:55.918+0600] {processor.py:183} INFO - Processing /home/robin/Documents/Tanjim/Miscellaneous Projects/airflow_docker/airflow_in_python_env/env/lib/python3.10/site-packages/airflow/example_dags/tutorial_dag.py took 0.126 seconds
[2023-12-20T18:00:45.850+0600] {processor.py:161} INFO - Started process (PID=67585) to work on /home/robin/Documents/Tanjim/Miscellaneous Projects/airflow_docker/airflow_in_python_env/env/lib/python3.10/site-packages/airflow/example_dags/tutorial_dag.py
[2023-12-20T18:00:45.851+0600] {processor.py:830} INFO - Processing file /home/robin/Documents/Tanjim/Miscellaneous Projects/airflow_docker/airflow_in_python_env/env/lib/python3.10/site-packages/airflow/example_dags/tutorial_dag.py for tasks to queue
[2023-12-20T18:00:45.853+0600] {logging_mixin.py:188} INFO - [2023-12-20T18:00:45.852+0600] {dagbag.py:538} INFO - Filling up the DagBag from /home/robin/Documents/Tanjim/Miscellaneous Projects/airflow_docker/airflow_in_python_env/env/lib/python3.10/site-packages/airflow/example_dags/tutorial_dag.py
[2023-12-20T18:00:45.862+0600] {processor.py:840} INFO - DAG(s) 'tutorial_dag' retrieved from /home/robin/Documents/Tanjim/Miscellaneous Projects/airflow_docker/airflow_in_python_env/env/lib/python3.10/site-packages/airflow/example_dags/tutorial_dag.py
[2023-12-20T18:00:45.940+0600] {logging_mixin.py:188} INFO - [2023-12-20T18:00:45.940+0600] {dag.py:3033} INFO - Sync 1 DAGs
[2023-12-20T18:00:46.003+0600] {logging_mixin.py:188} INFO - [2023-12-20T18:00:46.003+0600] {dag.py:3820} INFO - Setting next_dagrun for tutorial_dag to None, run_after=None
[2023-12-20T18:00:46.171+0600] {processor.py:183} INFO - Processing /home/robin/Documents/Tanjim/Miscellaneous Projects/airflow_docker/airflow_in_python_env/env/lib/python3.10/site-packages/airflow/example_dags/tutorial_dag.py took 0.338 seconds
[2023-12-20T18:01:37.353+0600] {processor.py:161} INFO - Started process (PID=68218) to work on /home/robin/Documents/Tanjim/Miscellaneous Projects/airflow_docker/airflow_in_python_env/env/lib/python3.10/site-packages/airflow/example_dags/tutorial_dag.py
[2023-12-20T18:01:37.361+0600] {processor.py:830} INFO - Processing file /home/robin/Documents/Tanjim/Miscellaneous Projects/airflow_docker/airflow_in_python_env/env/lib/python3.10/site-packages/airflow/example_dags/tutorial_dag.py for tasks to queue
[2023-12-20T18:01:37.363+0600] {logging_mixin.py:188} INFO - [2023-12-20T18:01:37.362+0600] {dagbag.py:538} INFO - Filling up the DagBag from /home/robin/Documents/Tanjim/Miscellaneous Projects/airflow_docker/airflow_in_python_env/env/lib/python3.10/site-packages/airflow/example_dags/tutorial_dag.py
[2023-12-20T18:01:37.370+0600] {processor.py:840} INFO - DAG(s) 'tutorial_dag' retrieved from /home/robin/Documents/Tanjim/Miscellaneous Projects/airflow_docker/airflow_in_python_env/env/lib/python3.10/site-packages/airflow/example_dags/tutorial_dag.py
[2023-12-20T18:01:37.393+0600] {logging_mixin.py:188} INFO - [2023-12-20T18:01:37.392+0600] {dag.py:3033} INFO - Sync 1 DAGs
[2023-12-20T18:01:37.407+0600] {logging_mixin.py:188} INFO - [2023-12-20T18:01:37.407+0600] {dag.py:3820} INFO - Setting next_dagrun for tutorial_dag to None, run_after=None
[2023-12-20T18:01:37.435+0600] {processor.py:183} INFO - Processing /home/robin/Documents/Tanjim/Miscellaneous Projects/airflow_docker/airflow_in_python_env/env/lib/python3.10/site-packages/airflow/example_dags/tutorial_dag.py took 0.087 seconds
[2023-12-20T18:02:27.207+0600] {processor.py:161} INFO - Started process (PID=68762) to work on /home/robin/Documents/Tanjim/Miscellaneous Projects/airflow_docker/airflow_in_python_env/env/lib/python3.10/site-packages/airflow/example_dags/tutorial_dag.py
[2023-12-20T18:02:27.215+0600] {processor.py:830} INFO - Processing file /home/robin/Documents/Tanjim/Miscellaneous Projects/airflow_docker/airflow_in_python_env/env/lib/python3.10/site-packages/airflow/example_dags/tutorial_dag.py for tasks to queue
[2023-12-20T18:02:27.217+0600] {logging_mixin.py:188} INFO - [2023-12-20T18:02:27.216+0600] {dagbag.py:538} INFO - Filling up the DagBag from /home/robin/Documents/Tanjim/Miscellaneous Projects/airflow_docker/airflow_in_python_env/env/lib/python3.10/site-packages/airflow/example_dags/tutorial_dag.py
[2023-12-20T18:02:27.227+0600] {processor.py:840} INFO - DAG(s) 'tutorial_dag' retrieved from /home/robin/Documents/Tanjim/Miscellaneous Projects/airflow_docker/airflow_in_python_env/env/lib/python3.10/site-packages/airflow/example_dags/tutorial_dag.py
[2023-12-20T18:02:27.252+0600] {logging_mixin.py:188} INFO - [2023-12-20T18:02:27.251+0600] {dag.py:3033} INFO - Sync 1 DAGs
[2023-12-20T18:02:27.266+0600] {logging_mixin.py:188} INFO - [2023-12-20T18:02:27.265+0600] {dag.py:3820} INFO - Setting next_dagrun for tutorial_dag to None, run_after=None
[2023-12-20T18:02:27.307+0600] {processor.py:183} INFO - Processing /home/robin/Documents/Tanjim/Miscellaneous Projects/airflow_docker/airflow_in_python_env/env/lib/python3.10/site-packages/airflow/example_dags/tutorial_dag.py took 0.107 seconds
[2023-12-20T18:03:04.177+0600] {processor.py:161} INFO - Started process (PID=69076) to work on /home/robin/Documents/Tanjim/Miscellaneous Projects/airflow_docker/airflow_in_python_env/env/lib/python3.10/site-packages/airflow/example_dags/tutorial_dag.py
[2023-12-20T18:03:04.187+0600] {processor.py:830} INFO - Processing file /home/robin/Documents/Tanjim/Miscellaneous Projects/airflow_docker/airflow_in_python_env/env/lib/python3.10/site-packages/airflow/example_dags/tutorial_dag.py for tasks to queue
[2023-12-20T18:03:04.190+0600] {logging_mixin.py:188} INFO - [2023-12-20T18:03:04.189+0600] {dagbag.py:538} INFO - Filling up the DagBag from /home/robin/Documents/Tanjim/Miscellaneous Projects/airflow_docker/airflow_in_python_env/env/lib/python3.10/site-packages/airflow/example_dags/tutorial_dag.py
[2023-12-20T18:03:04.208+0600] {processor.py:840} INFO - DAG(s) 'tutorial_dag' retrieved from /home/robin/Documents/Tanjim/Miscellaneous Projects/airflow_docker/airflow_in_python_env/env/lib/python3.10/site-packages/airflow/example_dags/tutorial_dag.py
[2023-12-20T18:03:04.239+0600] {logging_mixin.py:188} INFO - [2023-12-20T18:03:04.239+0600] {dag.py:3033} INFO - Sync 1 DAGs
[2023-12-20T18:03:04.253+0600] {logging_mixin.py:188} INFO - [2023-12-20T18:03:04.253+0600] {dag.py:3820} INFO - Setting next_dagrun for tutorial_dag to None, run_after=None
[2023-12-20T18:03:04.300+0600] {processor.py:183} INFO - Processing /home/robin/Documents/Tanjim/Miscellaneous Projects/airflow_docker/airflow_in_python_env/env/lib/python3.10/site-packages/airflow/example_dags/tutorial_dag.py took 0.133 seconds
[2023-12-20T18:03:53.131+0600] {processor.py:161} INFO - Started process (PID=69295) to work on /home/robin/Documents/Tanjim/Miscellaneous Projects/airflow_docker/airflow_in_python_env/env/lib/python3.10/site-packages/airflow/example_dags/tutorial_dag.py
[2023-12-20T18:03:53.141+0600] {processor.py:830} INFO - Processing file /home/robin/Documents/Tanjim/Miscellaneous Projects/airflow_docker/airflow_in_python_env/env/lib/python3.10/site-packages/airflow/example_dags/tutorial_dag.py for tasks to queue
[2023-12-20T18:03:53.148+0600] {logging_mixin.py:188} INFO - [2023-12-20T18:03:53.145+0600] {dagbag.py:538} INFO - Filling up the DagBag from /home/robin/Documents/Tanjim/Miscellaneous Projects/airflow_docker/airflow_in_python_env/env/lib/python3.10/site-packages/airflow/example_dags/tutorial_dag.py
[2023-12-20T18:03:53.184+0600] {processor.py:840} INFO - DAG(s) 'tutorial_dag' retrieved from /home/robin/Documents/Tanjim/Miscellaneous Projects/airflow_docker/airflow_in_python_env/env/lib/python3.10/site-packages/airflow/example_dags/tutorial_dag.py
[2023-12-20T18:03:53.212+0600] {logging_mixin.py:188} INFO - [2023-12-20T18:03:53.212+0600] {dag.py:3033} INFO - Sync 1 DAGs
[2023-12-20T18:03:53.226+0600] {logging_mixin.py:188} INFO - [2023-12-20T18:03:53.226+0600] {dag.py:3820} INFO - Setting next_dagrun for tutorial_dag to None, run_after=None
[2023-12-20T18:03:53.301+0600] {processor.py:183} INFO - Processing /home/robin/Documents/Tanjim/Miscellaneous Projects/airflow_docker/airflow_in_python_env/env/lib/python3.10/site-packages/airflow/example_dags/tutorial_dag.py took 0.175 seconds
[2023-12-20T18:04:40.483+0600] {processor.py:161} INFO - Started process (PID=69560) to work on /home/robin/Documents/Tanjim/Miscellaneous Projects/airflow_docker/airflow_in_python_env/env/lib/python3.10/site-packages/airflow/example_dags/tutorial_dag.py
[2023-12-20T18:04:40.491+0600] {processor.py:830} INFO - Processing file /home/robin/Documents/Tanjim/Miscellaneous Projects/airflow_docker/airflow_in_python_env/env/lib/python3.10/site-packages/airflow/example_dags/tutorial_dag.py for tasks to queue
[2023-12-20T18:04:40.493+0600] {logging_mixin.py:188} INFO - [2023-12-20T18:04:40.492+0600] {dagbag.py:538} INFO - Filling up the DagBag from /home/robin/Documents/Tanjim/Miscellaneous Projects/airflow_docker/airflow_in_python_env/env/lib/python3.10/site-packages/airflow/example_dags/tutorial_dag.py
[2023-12-20T18:04:40.503+0600] {processor.py:840} INFO - DAG(s) 'tutorial_dag' retrieved from /home/robin/Documents/Tanjim/Miscellaneous Projects/airflow_docker/airflow_in_python_env/env/lib/python3.10/site-packages/airflow/example_dags/tutorial_dag.py
[2023-12-20T18:04:40.526+0600] {logging_mixin.py:188} INFO - [2023-12-20T18:04:40.525+0600] {dag.py:3033} INFO - Sync 1 DAGs
[2023-12-20T18:04:40.539+0600] {logging_mixin.py:188} INFO - [2023-12-20T18:04:40.539+0600] {dag.py:3820} INFO - Setting next_dagrun for tutorial_dag to None, run_after=None
[2023-12-20T18:04:40.573+0600] {processor.py:183} INFO - Processing /home/robin/Documents/Tanjim/Miscellaneous Projects/airflow_docker/airflow_in_python_env/env/lib/python3.10/site-packages/airflow/example_dags/tutorial_dag.py took 0.094 seconds
[2023-12-20T18:05:54.083+0600] {processor.py:161} INFO - Started process (PID=70116) to work on /home/robin/Documents/Tanjim/Miscellaneous Projects/airflow_docker/airflow_in_python_env/env/lib/python3.10/site-packages/airflow/example_dags/tutorial_dag.py
[2023-12-20T18:05:54.092+0600] {processor.py:830} INFO - Processing file /home/robin/Documents/Tanjim/Miscellaneous Projects/airflow_docker/airflow_in_python_env/env/lib/python3.10/site-packages/airflow/example_dags/tutorial_dag.py for tasks to queue
[2023-12-20T18:05:54.094+0600] {logging_mixin.py:188} INFO - [2023-12-20T18:05:54.093+0600] {dagbag.py:538} INFO - Filling up the DagBag from /home/robin/Documents/Tanjim/Miscellaneous Projects/airflow_docker/airflow_in_python_env/env/lib/python3.10/site-packages/airflow/example_dags/tutorial_dag.py
[2023-12-20T18:05:54.104+0600] {processor.py:840} INFO - DAG(s) 'tutorial_dag' retrieved from /home/robin/Documents/Tanjim/Miscellaneous Projects/airflow_docker/airflow_in_python_env/env/lib/python3.10/site-packages/airflow/example_dags/tutorial_dag.py
[2023-12-20T18:05:54.131+0600] {logging_mixin.py:188} INFO - [2023-12-20T18:05:54.130+0600] {dag.py:3033} INFO - Sync 1 DAGs
[2023-12-20T18:05:54.141+0600] {logging_mixin.py:188} INFO - [2023-12-20T18:05:54.141+0600] {dag.py:3820} INFO - Setting next_dagrun for tutorial_dag to None, run_after=None
[2023-12-20T18:05:54.168+0600] {processor.py:183} INFO - Processing /home/robin/Documents/Tanjim/Miscellaneous Projects/airflow_docker/airflow_in_python_env/env/lib/python3.10/site-packages/airflow/example_dags/tutorial_dag.py took 0.091 seconds
[2023-12-20T18:10:12.481+0600] {processor.py:161} INFO - Started process (PID=70801) to work on /home/robin/Documents/Tanjim/Miscellaneous Projects/airflow_docker/airflow_in_python_env/env/lib/python3.10/site-packages/airflow/example_dags/tutorial_dag.py
[2023-12-20T18:10:12.490+0600] {processor.py:830} INFO - Processing file /home/robin/Documents/Tanjim/Miscellaneous Projects/airflow_docker/airflow_in_python_env/env/lib/python3.10/site-packages/airflow/example_dags/tutorial_dag.py for tasks to queue
[2023-12-20T18:10:12.492+0600] {logging_mixin.py:188} INFO - [2023-12-20T18:10:12.491+0600] {dagbag.py:538} INFO - Filling up the DagBag from /home/robin/Documents/Tanjim/Miscellaneous Projects/airflow_docker/airflow_in_python_env/env/lib/python3.10/site-packages/airflow/example_dags/tutorial_dag.py
[2023-12-20T18:10:12.512+0600] {processor.py:840} INFO - DAG(s) 'tutorial_dag' retrieved from /home/robin/Documents/Tanjim/Miscellaneous Projects/airflow_docker/airflow_in_python_env/env/lib/python3.10/site-packages/airflow/example_dags/tutorial_dag.py
[2023-12-20T18:10:12.562+0600] {logging_mixin.py:188} INFO - [2023-12-20T18:10:12.561+0600] {dag.py:3033} INFO - Sync 1 DAGs
[2023-12-20T18:10:12.575+0600] {logging_mixin.py:188} INFO - [2023-12-20T18:10:12.575+0600] {dag.py:3820} INFO - Setting next_dagrun for tutorial_dag to None, run_after=None
[2023-12-20T18:10:12.608+0600] {processor.py:183} INFO - Processing /home/robin/Documents/Tanjim/Miscellaneous Projects/airflow_docker/airflow_in_python_env/env/lib/python3.10/site-packages/airflow/example_dags/tutorial_dag.py took 0.133 seconds
[2023-12-20T18:18:05.200+0600] {processor.py:161} INFO - Started process (PID=72046) to work on /home/robin/Documents/Tanjim/Miscellaneous Projects/airflow_docker/airflow_in_python_env/env/lib/python3.10/site-packages/airflow/example_dags/tutorial_dag.py
[2023-12-20T18:18:05.209+0600] {processor.py:830} INFO - Processing file /home/robin/Documents/Tanjim/Miscellaneous Projects/airflow_docker/airflow_in_python_env/env/lib/python3.10/site-packages/airflow/example_dags/tutorial_dag.py for tasks to queue
[2023-12-20T18:18:05.211+0600] {logging_mixin.py:188} INFO - [2023-12-20T18:18:05.210+0600] {dagbag.py:538} INFO - Filling up the DagBag from /home/robin/Documents/Tanjim/Miscellaneous Projects/airflow_docker/airflow_in_python_env/env/lib/python3.10/site-packages/airflow/example_dags/tutorial_dag.py
[2023-12-20T18:18:05.229+0600] {processor.py:840} INFO - DAG(s) 'tutorial_dag' retrieved from /home/robin/Documents/Tanjim/Miscellaneous Projects/airflow_docker/airflow_in_python_env/env/lib/python3.10/site-packages/airflow/example_dags/tutorial_dag.py
[2023-12-20T18:18:05.273+0600] {logging_mixin.py:188} INFO - [2023-12-20T18:18:05.273+0600] {dag.py:3033} INFO - Sync 1 DAGs
[2023-12-20T18:18:05.289+0600] {logging_mixin.py:188} INFO - [2023-12-20T18:18:05.288+0600] {dag.py:3820} INFO - Setting next_dagrun for tutorial_dag to None, run_after=None
[2023-12-20T18:18:05.353+0600] {processor.py:183} INFO - Processing /home/robin/Documents/Tanjim/Miscellaneous Projects/airflow_docker/airflow_in_python_env/env/lib/python3.10/site-packages/airflow/example_dags/tutorial_dag.py took 0.160 seconds
[2023-12-20T18:19:00.045+0600] {processor.py:161} INFO - Started process (PID=72215) to work on /home/robin/Documents/Tanjim/Miscellaneous Projects/airflow_docker/airflow_in_python_env/env/lib/python3.10/site-packages/airflow/example_dags/tutorial_dag.py
[2023-12-20T18:19:00.054+0600] {processor.py:830} INFO - Processing file /home/robin/Documents/Tanjim/Miscellaneous Projects/airflow_docker/airflow_in_python_env/env/lib/python3.10/site-packages/airflow/example_dags/tutorial_dag.py for tasks to queue
[2023-12-20T18:19:00.056+0600] {logging_mixin.py:188} INFO - [2023-12-20T18:19:00.055+0600] {dagbag.py:538} INFO - Filling up the DagBag from /home/robin/Documents/Tanjim/Miscellaneous Projects/airflow_docker/airflow_in_python_env/env/lib/python3.10/site-packages/airflow/example_dags/tutorial_dag.py
[2023-12-20T18:19:00.065+0600] {processor.py:840} INFO - DAG(s) 'tutorial_dag' retrieved from /home/robin/Documents/Tanjim/Miscellaneous Projects/airflow_docker/airflow_in_python_env/env/lib/python3.10/site-packages/airflow/example_dags/tutorial_dag.py
[2023-12-20T18:19:00.088+0600] {logging_mixin.py:188} INFO - [2023-12-20T18:19:00.088+0600] {dag.py:3033} INFO - Sync 1 DAGs
[2023-12-20T18:19:00.102+0600] {logging_mixin.py:188} INFO - [2023-12-20T18:19:00.102+0600] {dag.py:3820} INFO - Setting next_dagrun for tutorial_dag to None, run_after=None
[2023-12-20T18:19:00.130+0600] {processor.py:183} INFO - Processing /home/robin/Documents/Tanjim/Miscellaneous Projects/airflow_docker/airflow_in_python_env/env/lib/python3.10/site-packages/airflow/example_dags/tutorial_dag.py took 0.089 seconds
[2023-12-20T18:19:53.606+0600] {processor.py:161} INFO - Started process (PID=72354) to work on /home/robin/Documents/Tanjim/Miscellaneous Projects/airflow_docker/airflow_in_python_env/env/lib/python3.10/site-packages/airflow/example_dags/tutorial_dag.py
[2023-12-20T18:19:53.620+0600] {processor.py:830} INFO - Processing file /home/robin/Documents/Tanjim/Miscellaneous Projects/airflow_docker/airflow_in_python_env/env/lib/python3.10/site-packages/airflow/example_dags/tutorial_dag.py for tasks to queue
[2023-12-20T18:19:53.626+0600] {logging_mixin.py:188} INFO - [2023-12-20T18:19:53.623+0600] {dagbag.py:538} INFO - Filling up the DagBag from /home/robin/Documents/Tanjim/Miscellaneous Projects/airflow_docker/airflow_in_python_env/env/lib/python3.10/site-packages/airflow/example_dags/tutorial_dag.py
[2023-12-20T18:19:53.644+0600] {processor.py:840} INFO - DAG(s) 'tutorial_dag' retrieved from /home/robin/Documents/Tanjim/Miscellaneous Projects/airflow_docker/airflow_in_python_env/env/lib/python3.10/site-packages/airflow/example_dags/tutorial_dag.py
[2023-12-20T18:19:53.685+0600] {logging_mixin.py:188} INFO - [2023-12-20T18:19:53.685+0600] {dag.py:3033} INFO - Sync 1 DAGs
[2023-12-20T18:19:53.710+0600] {logging_mixin.py:188} INFO - [2023-12-20T18:19:53.709+0600] {dag.py:3820} INFO - Setting next_dagrun for tutorial_dag to None, run_after=None
[2023-12-20T18:19:53.758+0600] {processor.py:183} INFO - Processing /home/robin/Documents/Tanjim/Miscellaneous Projects/airflow_docker/airflow_in_python_env/env/lib/python3.10/site-packages/airflow/example_dags/tutorial_dag.py took 0.157 seconds
[2023-12-20T18:20:42.618+0600] {processor.py:161} INFO - Started process (PID=72509) to work on /home/robin/Documents/Tanjim/Miscellaneous Projects/airflow_docker/airflow_in_python_env/env/lib/python3.10/site-packages/airflow/example_dags/tutorial_dag.py
[2023-12-20T18:20:42.626+0600] {processor.py:830} INFO - Processing file /home/robin/Documents/Tanjim/Miscellaneous Projects/airflow_docker/airflow_in_python_env/env/lib/python3.10/site-packages/airflow/example_dags/tutorial_dag.py for tasks to queue
[2023-12-20T18:20:42.627+0600] {logging_mixin.py:188} INFO - [2023-12-20T18:20:42.626+0600] {dagbag.py:538} INFO - Filling up the DagBag from /home/robin/Documents/Tanjim/Miscellaneous Projects/airflow_docker/airflow_in_python_env/env/lib/python3.10/site-packages/airflow/example_dags/tutorial_dag.py
[2023-12-20T18:20:42.633+0600] {processor.py:840} INFO - DAG(s) 'tutorial_dag' retrieved from /home/robin/Documents/Tanjim/Miscellaneous Projects/airflow_docker/airflow_in_python_env/env/lib/python3.10/site-packages/airflow/example_dags/tutorial_dag.py
[2023-12-20T18:20:42.652+0600] {logging_mixin.py:188} INFO - [2023-12-20T18:20:42.651+0600] {dag.py:3033} INFO - Sync 1 DAGs
[2023-12-20T18:20:42.663+0600] {logging_mixin.py:188} INFO - [2023-12-20T18:20:42.663+0600] {dag.py:3820} INFO - Setting next_dagrun for tutorial_dag to None, run_after=None
[2023-12-20T18:20:42.687+0600] {processor.py:183} INFO - Processing /home/robin/Documents/Tanjim/Miscellaneous Projects/airflow_docker/airflow_in_python_env/env/lib/python3.10/site-packages/airflow/example_dags/tutorial_dag.py took 0.073 seconds
[2023-12-20T18:22:02.333+0600] {processor.py:161} INFO - Started process (PID=72832) to work on /home/robin/Documents/Tanjim/Miscellaneous Projects/airflow_docker/airflow_in_python_env/env/lib/python3.10/site-packages/airflow/example_dags/tutorial_dag.py
[2023-12-20T18:22:02.335+0600] {processor.py:830} INFO - Processing file /home/robin/Documents/Tanjim/Miscellaneous Projects/airflow_docker/airflow_in_python_env/env/lib/python3.10/site-packages/airflow/example_dags/tutorial_dag.py for tasks to queue
[2023-12-20T18:22:02.336+0600] {logging_mixin.py:188} INFO - [2023-12-20T18:22:02.336+0600] {dagbag.py:538} INFO - Filling up the DagBag from /home/robin/Documents/Tanjim/Miscellaneous Projects/airflow_docker/airflow_in_python_env/env/lib/python3.10/site-packages/airflow/example_dags/tutorial_dag.py
[2023-12-20T18:22:02.345+0600] {processor.py:840} INFO - DAG(s) 'tutorial_dag' retrieved from /home/robin/Documents/Tanjim/Miscellaneous Projects/airflow_docker/airflow_in_python_env/env/lib/python3.10/site-packages/airflow/example_dags/tutorial_dag.py
[2023-12-20T18:22:02.371+0600] {logging_mixin.py:188} INFO - [2023-12-20T18:22:02.371+0600] {dag.py:3033} INFO - Sync 1 DAGs
[2023-12-20T18:22:02.384+0600] {logging_mixin.py:188} INFO - [2023-12-20T18:22:02.384+0600] {dag.py:3820} INFO - Setting next_dagrun for tutorial_dag to None, run_after=None
[2023-12-20T18:22:02.409+0600] {processor.py:183} INFO - Processing /home/robin/Documents/Tanjim/Miscellaneous Projects/airflow_docker/airflow_in_python_env/env/lib/python3.10/site-packages/airflow/example_dags/tutorial_dag.py took 0.080 seconds
[2023-12-20T18:26:56.924+0600] {processor.py:161} INFO - Started process (PID=74165) to work on /home/robin/Documents/Tanjim/Miscellaneous Projects/airflow_docker/airflow_in_python_env/env/lib/python3.10/site-packages/airflow/example_dags/tutorial_dag.py
[2023-12-20T18:26:56.934+0600] {processor.py:830} INFO - Processing file /home/robin/Documents/Tanjim/Miscellaneous Projects/airflow_docker/airflow_in_python_env/env/lib/python3.10/site-packages/airflow/example_dags/tutorial_dag.py for tasks to queue
[2023-12-20T18:26:56.935+0600] {logging_mixin.py:188} INFO - [2023-12-20T18:26:56.935+0600] {dagbag.py:538} INFO - Filling up the DagBag from /home/robin/Documents/Tanjim/Miscellaneous Projects/airflow_docker/airflow_in_python_env/env/lib/python3.10/site-packages/airflow/example_dags/tutorial_dag.py
[2023-12-20T18:26:56.950+0600] {processor.py:840} INFO - DAG(s) 'tutorial_dag' retrieved from /home/robin/Documents/Tanjim/Miscellaneous Projects/airflow_docker/airflow_in_python_env/env/lib/python3.10/site-packages/airflow/example_dags/tutorial_dag.py
[2023-12-20T18:26:56.988+0600] {logging_mixin.py:188} INFO - [2023-12-20T18:26:56.988+0600] {dag.py:3033} INFO - Sync 1 DAGs
[2023-12-20T18:26:57.002+0600] {logging_mixin.py:188} INFO - [2023-12-20T18:26:57.002+0600] {dag.py:3820} INFO - Setting next_dagrun for tutorial_dag to None, run_after=None
[2023-12-20T18:26:57.033+0600] {processor.py:183} INFO - Processing /home/robin/Documents/Tanjim/Miscellaneous Projects/airflow_docker/airflow_in_python_env/env/lib/python3.10/site-packages/airflow/example_dags/tutorial_dag.py took 0.114 seconds
[2023-12-20T18:28:33.885+0600] {processor.py:161} INFO - Started process (PID=74742) to work on /home/robin/Documents/Tanjim/Miscellaneous Projects/airflow_docker/airflow_in_python_env/env/lib/python3.10/site-packages/airflow/example_dags/tutorial_dag.py
[2023-12-20T18:28:33.895+0600] {processor.py:830} INFO - Processing file /home/robin/Documents/Tanjim/Miscellaneous Projects/airflow_docker/airflow_in_python_env/env/lib/python3.10/site-packages/airflow/example_dags/tutorial_dag.py for tasks to queue
[2023-12-20T18:28:33.899+0600] {logging_mixin.py:188} INFO - [2023-12-20T18:28:33.897+0600] {dagbag.py:538} INFO - Filling up the DagBag from /home/robin/Documents/Tanjim/Miscellaneous Projects/airflow_docker/airflow_in_python_env/env/lib/python3.10/site-packages/airflow/example_dags/tutorial_dag.py
[2023-12-20T18:28:33.933+0600] {processor.py:840} INFO - DAG(s) 'tutorial_dag' retrieved from /home/robin/Documents/Tanjim/Miscellaneous Projects/airflow_docker/airflow_in_python_env/env/lib/python3.10/site-packages/airflow/example_dags/tutorial_dag.py
[2023-12-20T18:28:33.965+0600] {logging_mixin.py:188} INFO - [2023-12-20T18:28:33.965+0600] {dag.py:3033} INFO - Sync 1 DAGs
[2023-12-20T18:28:33.977+0600] {logging_mixin.py:188} INFO - [2023-12-20T18:28:33.977+0600] {dag.py:3820} INFO - Setting next_dagrun for tutorial_dag to None, run_after=None
[2023-12-20T18:28:34.009+0600] {processor.py:183} INFO - Processing /home/robin/Documents/Tanjim/Miscellaneous Projects/airflow_docker/airflow_in_python_env/env/lib/python3.10/site-packages/airflow/example_dags/tutorial_dag.py took 0.129 seconds
[2023-12-20T18:29:52.608+0600] {processor.py:161} INFO - Started process (PID=75551) to work on /home/robin/Documents/Tanjim/Miscellaneous Projects/airflow_docker/airflow_in_python_env/env/lib/python3.10/site-packages/airflow/example_dags/tutorial_dag.py
[2023-12-20T18:29:52.617+0600] {processor.py:830} INFO - Processing file /home/robin/Documents/Tanjim/Miscellaneous Projects/airflow_docker/airflow_in_python_env/env/lib/python3.10/site-packages/airflow/example_dags/tutorial_dag.py for tasks to queue
[2023-12-20T18:29:52.620+0600] {logging_mixin.py:188} INFO - [2023-12-20T18:29:52.618+0600] {dagbag.py:538} INFO - Filling up the DagBag from /home/robin/Documents/Tanjim/Miscellaneous Projects/airflow_docker/airflow_in_python_env/env/lib/python3.10/site-packages/airflow/example_dags/tutorial_dag.py
[2023-12-20T18:29:52.630+0600] {processor.py:840} INFO - DAG(s) 'tutorial_dag' retrieved from /home/robin/Documents/Tanjim/Miscellaneous Projects/airflow_docker/airflow_in_python_env/env/lib/python3.10/site-packages/airflow/example_dags/tutorial_dag.py
[2023-12-20T18:29:52.658+0600] {logging_mixin.py:188} INFO - [2023-12-20T18:29:52.658+0600] {dag.py:3033} INFO - Sync 1 DAGs
[2023-12-20T18:29:52.672+0600] {logging_mixin.py:188} INFO - [2023-12-20T18:29:52.672+0600] {dag.py:3820} INFO - Setting next_dagrun for tutorial_dag to None, run_after=None
[2023-12-20T18:29:52.695+0600] {processor.py:183} INFO - Processing /home/robin/Documents/Tanjim/Miscellaneous Projects/airflow_docker/airflow_in_python_env/env/lib/python3.10/site-packages/airflow/example_dags/tutorial_dag.py took 0.099 seconds
